[0.209s] DEBUG:colcon:Command line arguments: ['/usr/bin/colcon', 'build']
[0.209s] DEBUG:colcon:Parsed command line arguments: Namespace(log_base=None, log_level=None, verb_name='build', build_base='build', install_base='install', merge_install=False, symlink_install=False, test_result_base=None, continue_on_error=False, executor='parallel', parallel_workers=9, event_handlers=None, ignore_user_meta=False, metas=['./colcon.meta'], base_paths=['.'], packages_ignore=None, packages_ignore_regex=None, paths=None, packages_up_to=None, packages_up_to_regex=None, packages_above=None, packages_above_and_dependencies=None, packages_above_depth=None, packages_select_by_dep=None, packages_skip_by_dep=None, packages_skip_up_to=None, packages_select_build_failed=False, packages_skip_build_finished=False, packages_select_test_failures=False, packages_skip_test_passed=False, packages_select=None, packages_skip=None, packages_select_regex=None, packages_skip_regex=None, packages_start=None, packages_end=None, allow_overriding=[], cmake_args=None, cmake_target=None, cmake_target_skip_unavailable=False, cmake_clean_cache=False, cmake_clean_first=False, cmake_force_configure=False, ament_cmake_args=None, catkin_cmake_args=None, catkin_skip_building_tests=False, mixin_files=None, mixin=None, verb_parser=<colcon_mixin.mixin.mixin_argument.MixinArgumentDecorator object at 0x779bb0314160>, verb_extension=<colcon_core.verb.build.BuildVerb object at 0x779bb04189a0>, main=<bound method BuildVerb.main of <colcon_core.verb.build.BuildVerb object at 0x779bb04189a0>>, mixin_verb=('build',))
[0.526s] Level 1:colcon.colcon_core.package_discovery:discover_packages(colcon_meta) check parameters
[0.526s] Level 1:colcon.colcon_core.package_discovery:discover_packages(recursive) check parameters
[0.526s] Level 1:colcon.colcon_core.package_discovery:discover_packages(ignore) check parameters
[0.526s] Level 1:colcon.colcon_core.package_discovery:discover_packages(path) check parameters
[0.526s] Level 1:colcon.colcon_core.package_discovery:discover_packages(colcon_meta) discover
[0.526s] Level 1:colcon.colcon_core.package_discovery:discover_packages(recursive) discover
[0.526s] INFO:colcon.colcon_core.package_discovery:Crawling recursively for packages in '/home/ros2/ros2_rc/src'
[0.526s] Level 1:colcon.colcon_core.package_identification:_identify(.) by extensions ['ignore', 'ignore_ament_install']
[0.526s] Level 1:colcon.colcon_core.package_identification:_identify(.) by extension 'ignore'
[0.526s] Level 1:colcon.colcon_core.package_identification:_identify(.) by extension 'ignore_ament_install'
[0.526s] Level 1:colcon.colcon_core.package_identification:_identify(.) by extensions ['colcon_pkg']
[0.526s] Level 1:colcon.colcon_core.package_identification:_identify(.) by extension 'colcon_pkg'
[0.526s] Level 1:colcon.colcon_core.package_identification:_identify(.) by extensions ['colcon_meta']
[0.528s] Level 1:colcon.colcon_core.package_identification:_identify(.) by extension 'colcon_meta'
[0.529s] Level 1:colcon.colcon_core.package_identification:_identify(.) by extensions ['ros']
[0.529s] Level 1:colcon.colcon_core.package_identification:_identify(.) by extension 'ros'
[0.548s] Level 1:colcon.colcon_core.package_identification:_identify(.) by extensions ['cmake', 'python']
[0.548s] Level 1:colcon.colcon_core.package_identification:_identify(.) by extension 'cmake'
[0.548s] Level 1:colcon.colcon_core.package_identification:_identify(.) by extension 'python'
[0.548s] Level 1:colcon.colcon_core.package_identification:_identify(.) by extensions ['python_setup_py']
[0.548s] Level 1:colcon.colcon_core.package_identification:_identify(.) by extension 'python_setup_py'
[0.548s] Level 1:colcon.colcon_core.package_identification:_identify(build) by extensions ['ignore', 'ignore_ament_install']
[0.549s] Level 1:colcon.colcon_core.package_identification:_identify(build) by extension 'ignore'
[0.549s] Level 1:colcon.colcon_core.package_identification:_identify(build) ignored
[0.549s] Level 1:colcon.colcon_core.package_identification:_identify(car_gazebo_plugin) by extensions ['ignore', 'ignore_ament_install']
[0.549s] Level 1:colcon.colcon_core.package_identification:_identify(car_gazebo_plugin) by extension 'ignore'
[0.550s] Level 1:colcon.colcon_core.package_identification:_identify(car_gazebo_plugin) by extension 'ignore_ament_install'
[0.550s] Level 1:colcon.colcon_core.package_identification:_identify(car_gazebo_plugin) by extensions ['colcon_pkg']
[0.550s] Level 1:colcon.colcon_core.package_identification:_identify(car_gazebo_plugin) by extension 'colcon_pkg'
[0.550s] Level 1:colcon.colcon_core.package_identification:_identify(car_gazebo_plugin) by extensions ['colcon_meta']
[0.550s] Level 1:colcon.colcon_core.package_identification:_identify(car_gazebo_plugin) by extension 'colcon_meta'
[0.550s] Level 1:colcon.colcon_core.package_identification:_identify(car_gazebo_plugin) by extensions ['ros']
[0.551s] Level 1:colcon.colcon_core.package_identification:_identify(car_gazebo_plugin) by extension 'ros'
[0.557s] DEBUG:colcon.colcon_core.package_identification:Package 'car_gazebo_plugin' with type 'ros.ament_cmake' and name 'car_gazebo_plugin'
[0.557s] Level 1:colcon.colcon_core.package_identification:_identify(install) by extensions ['ignore', 'ignore_ament_install']
[0.558s] Level 1:colcon.colcon_core.package_identification:_identify(install) by extension 'ignore'
[0.558s] Level 1:colcon.colcon_core.package_identification:_identify(install) ignored
[0.558s] Level 1:colcon.colcon_core.package_identification:_identify(log) by extensions ['ignore', 'ignore_ament_install']
[0.558s] Level 1:colcon.colcon_core.package_identification:_identify(log) by extension 'ignore'
[0.558s] Level 1:colcon.colcon_core.package_identification:_identify(log) ignored
[0.558s] Level 1:colcon.colcon_core.package_identification:_identify(ros2_rc) by extensions ['ignore', 'ignore_ament_install']
[0.559s] Level 1:colcon.colcon_core.package_identification:_identify(ros2_rc) by extension 'ignore'
[0.559s] Level 1:colcon.colcon_core.package_identification:_identify(ros2_rc) by extension 'ignore_ament_install'
[0.559s] Level 1:colcon.colcon_core.package_identification:_identify(ros2_rc) by extensions ['colcon_pkg']
[0.559s] Level 1:colcon.colcon_core.package_identification:_identify(ros2_rc) by extension 'colcon_pkg'
[0.559s] Level 1:colcon.colcon_core.package_identification:_identify(ros2_rc) by extensions ['colcon_meta']
[0.559s] Level 1:colcon.colcon_core.package_identification:_identify(ros2_rc) by extension 'colcon_meta'
[0.559s] Level 1:colcon.colcon_core.package_identification:_identify(ros2_rc) by extensions ['ros']
[0.559s] Level 1:colcon.colcon_core.package_identification:_identify(ros2_rc) by extension 'ros'
[0.560s] DEBUG:colcon.colcon_core.package_identification:Package 'ros2_rc' with type 'ros.ament_cmake' and name 'ros2_rc'
[0.560s] Level 1:colcon.colcon_core.package_identification:_identify(smart_car) by extensions ['ignore', 'ignore_ament_install']
[0.560s] Level 1:colcon.colcon_core.package_identification:_identify(smart_car) by extension 'ignore'
[0.560s] Level 1:colcon.colcon_core.package_identification:_identify(smart_car) by extension 'ignore_ament_install'
[0.560s] Level 1:colcon.colcon_core.package_identification:_identify(smart_car) by extensions ['colcon_pkg']
[0.560s] Level 1:colcon.colcon_core.package_identification:_identify(smart_car) by extension 'colcon_pkg'
[0.560s] Level 1:colcon.colcon_core.package_identification:_identify(smart_car) by extensions ['colcon_meta']
[0.560s] Level 1:colcon.colcon_core.package_identification:_identify(smart_car) by extension 'colcon_meta'
[0.560s] Level 1:colcon.colcon_core.package_identification:_identify(smart_car) by extensions ['ros']
[0.561s] Level 1:colcon.colcon_core.package_identification:_identify(smart_car) by extension 'ros'
[0.561s] DEBUG:colcon.colcon_core.package_identification:Package 'smart_car' with type 'ros.ament_cmake' and name 'smart_car'
[0.562s] Level 1:colcon.colcon_core.package_identification:_identify(smartcar_msgs) by extensions ['ignore', 'ignore_ament_install']
[0.562s] Level 1:colcon.colcon_core.package_identification:_identify(smartcar_msgs) by extension 'ignore'
[0.562s] Level 1:colcon.colcon_core.package_identification:_identify(smartcar_msgs) by extension 'ignore_ament_install'
[0.562s] Level 1:colcon.colcon_core.package_identification:_identify(smartcar_msgs) by extensions ['colcon_pkg']
[0.562s] Level 1:colcon.colcon_core.package_identification:_identify(smartcar_msgs) by extension 'colcon_pkg'
[0.562s] Level 1:colcon.colcon_core.package_identification:_identify(smartcar_msgs) by extensions ['colcon_meta']
[0.562s] Level 1:colcon.colcon_core.package_identification:_identify(smartcar_msgs) by extension 'colcon_meta'
[0.562s] Level 1:colcon.colcon_core.package_identification:_identify(smartcar_msgs) by extensions ['ros']
[0.562s] Level 1:colcon.colcon_core.package_identification:_identify(smartcar_msgs) by extension 'ros'
[0.563s] DEBUG:colcon.colcon_core.package_identification:Package 'smartcar_msgs' with type 'ros.ament_cmake' and name 'smartcar_msgs'
[0.563s] Level 1:colcon.colcon_core.package_identification:_identify(sudo apt install ros-humble-gazebo-ros-pkgs) by extensions ['ignore', 'ignore_ament_install']
[0.564s] Level 1:colcon.colcon_core.package_identification:_identify(sudo apt install ros-humble-gazebo-ros-pkgs) by extension 'ignore'
[0.564s] Level 1:colcon.colcon_core.package_identification:_identify(sudo apt install ros-humble-gazebo-ros-pkgs) by extension 'ignore_ament_install'
[0.564s] Level 1:colcon.colcon_core.package_identification:_identify(sudo apt install ros-humble-gazebo-ros-pkgs) by extensions ['colcon_pkg']
[0.564s] Level 1:colcon.colcon_core.package_identification:_identify(sudo apt install ros-humble-gazebo-ros-pkgs) by extension 'colcon_pkg'
[0.564s] Level 1:colcon.colcon_core.package_identification:_identify(sudo apt install ros-humble-gazebo-ros-pkgs) by extensions ['colcon_meta']
[0.564s] Level 1:colcon.colcon_core.package_identification:_identify(sudo apt install ros-humble-gazebo-ros-pkgs) by extension 'colcon_meta'
[0.564s] Level 1:colcon.colcon_core.package_identification:_identify(sudo apt install ros-humble-gazebo-ros-pkgs) by extensions ['ros']
[0.564s] Level 1:colcon.colcon_core.package_identification:_identify(sudo apt install ros-humble-gazebo-ros-pkgs) by extension 'ros'
[0.565s] Level 1:colcon.colcon_core.package_identification:_identify(sudo apt install ros-humble-gazebo-ros-pkgs) by extensions ['cmake', 'python']
[0.565s] Level 1:colcon.colcon_core.package_identification:_identify(sudo apt install ros-humble-gazebo-ros-pkgs) by extension 'cmake'
[0.565s] Level 1:colcon.colcon_core.package_identification:_identify(sudo apt install ros-humble-gazebo-ros-pkgs) by extension 'python'
[0.565s] Level 1:colcon.colcon_core.package_identification:_identify(sudo apt install ros-humble-gazebo-ros-pkgs) by extensions ['python_setup_py']
[0.565s] Level 1:colcon.colcon_core.package_identification:_identify(sudo apt install ros-humble-gazebo-ros-pkgs) by extension 'python_setup_py'
[0.565s] Level 1:colcon.colcon_core.package_discovery:discover_packages(recursive) using defaults
[0.565s] Level 1:colcon.colcon_core.package_discovery:discover_packages(ignore) discover
[0.565s] Level 1:colcon.colcon_core.package_discovery:discover_packages(ignore) using defaults
[0.565s] Level 1:colcon.colcon_core.package_discovery:discover_packages(path) discover
[0.565s] Level 1:colcon.colcon_core.package_discovery:discover_packages(path) using defaults
[0.625s] Level 1:colcon.colcon_core.package_discovery:discover_packages(prefix_path) check parameters
[0.626s] Level 1:colcon.colcon_core.package_discovery:discover_packages(prefix_path) discover
[0.632s] DEBUG:colcon.colcon_installed_package_information.package_discovery:Found 4 installed packages in /home/ros2/ros2_rc/src/install
[0.637s] DEBUG:colcon.colcon_installed_package_information.package_discovery:Found 334 installed packages in /opt/ros/humble
[0.641s] Level 1:colcon.colcon_core.package_discovery:discover_packages(prefix_path) using defaults
[0.726s] Level 5:colcon.colcon_core.verb:set package 'car_gazebo_plugin' build argument 'cmake_args' from command line to 'None'
[0.727s] Level 5:colcon.colcon_core.verb:set package 'car_gazebo_plugin' build argument 'cmake_target' from command line to 'None'
[0.728s] Level 5:colcon.colcon_core.verb:set package 'car_gazebo_plugin' build argument 'cmake_target_skip_unavailable' from command line to 'False'
[0.728s] Level 5:colcon.colcon_core.verb:set package 'car_gazebo_plugin' build argument 'cmake_clean_cache' from command line to 'False'
[0.728s] Level 5:colcon.colcon_core.verb:set package 'car_gazebo_plugin' build argument 'cmake_clean_first' from command line to 'False'
[0.728s] Level 5:colcon.colcon_core.verb:set package 'car_gazebo_plugin' build argument 'cmake_force_configure' from command line to 'False'
[0.728s] Level 5:colcon.colcon_core.verb:set package 'car_gazebo_plugin' build argument 'ament_cmake_args' from command line to 'None'
[0.728s] Level 5:colcon.colcon_core.verb:set package 'car_gazebo_plugin' build argument 'catkin_cmake_args' from command line to 'None'
[0.730s] Level 5:colcon.colcon_core.verb:set package 'car_gazebo_plugin' build argument 'catkin_skip_building_tests' from command line to 'False'
[0.730s] DEBUG:colcon.colcon_core.verb:Building package 'car_gazebo_plugin' with the following arguments: {'ament_cmake_args': None, 'build_base': '/home/ros2/ros2_rc/src/build/car_gazebo_plugin', 'catkin_cmake_args': None, 'catkin_skip_building_tests': False, 'cmake_args': None, 'cmake_clean_cache': False, 'cmake_clean_first': False, 'cmake_force_configure': False, 'cmake_target': None, 'cmake_target_skip_unavailable': False, 'install_base': '/home/ros2/ros2_rc/src/install/car_gazebo_plugin', 'merge_install': False, 'path': '/home/ros2/ros2_rc/src/car_gazebo_plugin', 'symlink_install': False, 'test_result_base': None}
[0.731s] Level 5:colcon.colcon_core.verb:set package 'ros2_rc' build argument 'cmake_args' from command line to 'None'
[0.732s] Level 5:colcon.colcon_core.verb:set package 'ros2_rc' build argument 'cmake_target' from command line to 'None'
[0.732s] Level 5:colcon.colcon_core.verb:set package 'ros2_rc' build argument 'cmake_target_skip_unavailable' from command line to 'False'
[0.732s] Level 5:colcon.colcon_core.verb:set package 'ros2_rc' build argument 'cmake_clean_cache' from command line to 'False'
[0.732s] Level 5:colcon.colcon_core.verb:set package 'ros2_rc' build argument 'cmake_clean_first' from command line to 'False'
[0.732s] Level 5:colcon.colcon_core.verb:set package 'ros2_rc' build argument 'cmake_force_configure' from command line to 'False'
[0.732s] Level 5:colcon.colcon_core.verb:set package 'ros2_rc' build argument 'ament_cmake_args' from command line to 'None'
[0.732s] Level 5:colcon.colcon_core.verb:set package 'ros2_rc' build argument 'catkin_cmake_args' from command line to 'None'
[0.732s] Level 5:colcon.colcon_core.verb:set package 'ros2_rc' build argument 'catkin_skip_building_tests' from command line to 'False'
[0.732s] DEBUG:colcon.colcon_core.verb:Building package 'ros2_rc' with the following arguments: {'ament_cmake_args': None, 'build_base': '/home/ros2/ros2_rc/src/build/ros2_rc', 'catkin_cmake_args': None, 'catkin_skip_building_tests': False, 'cmake_args': None, 'cmake_clean_cache': False, 'cmake_clean_first': False, 'cmake_force_configure': False, 'cmake_target': None, 'cmake_target_skip_unavailable': False, 'install_base': '/home/ros2/ros2_rc/src/install/ros2_rc', 'merge_install': False, 'path': '/home/ros2/ros2_rc/src/ros2_rc', 'symlink_install': False, 'test_result_base': None}
[0.733s] Level 5:colcon.colcon_core.verb:set package 'smart_car' build argument 'cmake_args' from command line to 'None'
[0.734s] Level 5:colcon.colcon_core.verb:set package 'smart_car' build argument 'cmake_target' from command line to 'None'
[0.734s] Level 5:colcon.colcon_core.verb:set package 'smart_car' build argument 'cmake_target_skip_unavailable' from command line to 'False'
[0.734s] Level 5:colcon.colcon_core.verb:set package 'smart_car' build argument 'cmake_clean_cache' from command line to 'False'
[0.734s] Level 5:colcon.colcon_core.verb:set package 'smart_car' build argument 'cmake_clean_first' from command line to 'False'
[0.734s] Level 5:colcon.colcon_core.verb:set package 'smart_car' build argument 'cmake_force_configure' from command line to 'False'
[0.734s] Level 5:colcon.colcon_core.verb:set package 'smart_car' build argument 'ament_cmake_args' from command line to 'None'
[0.734s] Level 5:colcon.colcon_core.verb:set package 'smart_car' build argument 'catkin_cmake_args' from command line to 'None'
[0.734s] Level 5:colcon.colcon_core.verb:set package 'smart_car' build argument 'catkin_skip_building_tests' from command line to 'False'
[0.734s] DEBUG:colcon.colcon_core.verb:Building package 'smart_car' with the following arguments: {'ament_cmake_args': None, 'build_base': '/home/ros2/ros2_rc/src/build/smart_car', 'catkin_cmake_args': None, 'catkin_skip_building_tests': False, 'cmake_args': None, 'cmake_clean_cache': False, 'cmake_clean_first': False, 'cmake_force_configure': False, 'cmake_target': None, 'cmake_target_skip_unavailable': False, 'install_base': '/home/ros2/ros2_rc/src/install/smart_car', 'merge_install': False, 'path': '/home/ros2/ros2_rc/src/smart_car', 'symlink_install': False, 'test_result_base': None}
[0.735s] Level 5:colcon.colcon_core.verb:set package 'smartcar_msgs' build argument 'cmake_args' from command line to 'None'
[0.735s] Level 5:colcon.colcon_core.verb:set package 'smartcar_msgs' build argument 'cmake_target' from command line to 'None'
[0.735s] Level 5:colcon.colcon_core.verb:set package 'smartcar_msgs' build argument 'cmake_target_skip_unavailable' from command line to 'False'
[0.735s] Level 5:colcon.colcon_core.verb:set package 'smartcar_msgs' build argument 'cmake_clean_cache' from command line to 'False'
[0.736s] Level 5:colcon.colcon_core.verb:set package 'smartcar_msgs' build argument 'cmake_clean_first' from command line to 'False'
[0.736s] Level 5:colcon.colcon_core.verb:set package 'smartcar_msgs' build argument 'cmake_force_configure' from command line to 'False'
[0.736s] Level 5:colcon.colcon_core.verb:set package 'smartcar_msgs' build argument 'ament_cmake_args' from command line to 'None'
[0.736s] Level 5:colcon.colcon_core.verb:set package 'smartcar_msgs' build argument 'catkin_cmake_args' from command line to 'None'
[0.736s] Level 5:colcon.colcon_core.verb:set package 'smartcar_msgs' build argument 'catkin_skip_building_tests' from command line to 'False'
[0.736s] DEBUG:colcon.colcon_core.verb:Building package 'smartcar_msgs' with the following arguments: {'ament_cmake_args': None, 'build_base': '/home/ros2/ros2_rc/src/build/smartcar_msgs', 'catkin_cmake_args': None, 'catkin_skip_building_tests': False, 'cmake_args': None, 'cmake_clean_cache': False, 'cmake_clean_first': False, 'cmake_force_configure': False, 'cmake_target': None, 'cmake_target_skip_unavailable': False, 'install_base': '/home/ros2/ros2_rc/src/install/smartcar_msgs', 'merge_install': False, 'path': '/home/ros2/ros2_rc/src/smartcar_msgs', 'symlink_install': False, 'test_result_base': None}
[0.737s] INFO:colcon.colcon_core.executor:Executing jobs using 'parallel' executor
[0.740s] DEBUG:colcon.colcon_parallel_executor.executor.parallel:run_until_complete
[0.742s] INFO:colcon.colcon_ros.task.ament_cmake.build:Building ROS package in '/home/ros2/ros2_rc/src/car_gazebo_plugin' with build type 'ament_cmake'
[0.742s] INFO:colcon.colcon_cmake.task.cmake.build:Building CMake package in '/home/ros2/ros2_rc/src/car_gazebo_plugin'
[0.747s] INFO:colcon.colcon_core.plugin_system:Skipping extension 'colcon_core.shell.bat': Not used on non-Windows systems
[0.747s] INFO:colcon.colcon_core.shell:Skip shell extension 'powershell' for command environment: Not usable outside of PowerShell
[0.747s] DEBUG:colcon.colcon_core.shell:Skip shell extension 'dsv' for command environment
[0.756s] INFO:colcon.colcon_ros.task.ament_cmake.build:Building ROS package in '/home/ros2/ros2_rc/src/ros2_rc' with build type 'ament_cmake'
[0.756s] INFO:colcon.colcon_cmake.task.cmake.build:Building CMake package in '/home/ros2/ros2_rc/src/ros2_rc'
[0.757s] INFO:colcon.colcon_core.shell:Skip shell extension 'powershell' for command environment: Not usable outside of PowerShell
[0.758s] DEBUG:colcon.colcon_core.shell:Skip shell extension 'dsv' for command environment
[0.766s] INFO:colcon.colcon_ros.task.ament_cmake.build:Building ROS package in '/home/ros2/ros2_rc/src/smart_car' with build type 'ament_cmake'
[0.766s] INFO:colcon.colcon_cmake.task.cmake.build:Building CMake package in '/home/ros2/ros2_rc/src/smart_car'
[0.767s] INFO:colcon.colcon_core.shell:Skip shell extension 'powershell' for command environment: Not usable outside of PowerShell
[0.767s] DEBUG:colcon.colcon_core.shell:Skip shell extension 'dsv' for command environment
[0.776s] INFO:colcon.colcon_ros.task.ament_cmake.build:Building ROS package in '/home/ros2/ros2_rc/src/smartcar_msgs' with build type 'ament_cmake'
[0.776s] INFO:colcon.colcon_cmake.task.cmake.build:Building CMake package in '/home/ros2/ros2_rc/src/smartcar_msgs'
[0.777s] INFO:colcon.colcon_core.shell:Skip shell extension 'powershell' for command environment: Not usable outside of PowerShell
[0.778s] DEBUG:colcon.colcon_core.shell:Skip shell extension 'dsv' for command environment
[0.799s] DEBUG:colcon.colcon_core.event_handler.log_command:Invoking command in '/home/ros2/ros2_rc/src/build/car_gazebo_plugin': CMAKE_PREFIX_PATH=${CMAKE_PREFIX_PATH}:/opt/ros/humble /usr/bin/cmake --build /home/ros2/ros2_rc/src/build/car_gazebo_plugin -- -j9 -l9
[0.810s] DEBUG:colcon.colcon_core.event_handler.log_command:Invoking command in '/home/ros2/ros2_rc/src/build/ros2_rc': CMAKE_PREFIX_PATH=${CMAKE_PREFIX_PATH}:/opt/ros/humble /usr/bin/cmake --build /home/ros2/ros2_rc/src/build/ros2_rc -- -j9 -l9
[0.820s] DEBUG:colcon.colcon_core.event_handler.log_command:Invoking command in '/home/ros2/ros2_rc/src/build/smart_car': CMAKE_PREFIX_PATH=${CMAKE_PREFIX_PATH}:/opt/ros/humble /usr/bin/cmake --build /home/ros2/ros2_rc/src/build/smart_car -- -j9 -l9
[0.827s] DEBUG:colcon.colcon_core.event_handler.log_command:Invoking command in '/home/ros2/ros2_rc/src/build/smartcar_msgs': CMAKE_PREFIX_PATH=${CMAKE_PREFIX_PATH}:/opt/ros/humble /usr/bin/cmake --build /home/ros2/ros2_rc/src/build/smartcar_msgs -- -j9 -l9
[0.892s] DEBUG:colcon.colcon_core.event_handler.log_command:Invoked command in '/home/ros2/ros2_rc/src/build/ros2_rc' returned '0': CMAKE_PREFIX_PATH=${CMAKE_PREFIX_PATH}:/opt/ros/humble /usr/bin/cmake --build /home/ros2/ros2_rc/src/build/ros2_rc -- -j9 -l9
[0.907s] DEBUG:colcon.colcon_core.event_handler.log_command:Invoked command in '/home/ros2/ros2_rc/src/build/smart_car' returned '0': CMAKE_PREFIX_PATH=${CMAKE_PREFIX_PATH}:/opt/ros/humble /usr/bin/cmake --build /home/ros2/ros2_rc/src/build/smart_car -- -j9 -l9
[0.964s] DEBUG:colcon.colcon_core.event_handler.log_command:Invoking command in '/home/ros2/ros2_rc/src/build/ros2_rc': CMAKE_PREFIX_PATH=${CMAKE_PREFIX_PATH}:/opt/ros/humble /usr/bin/cmake --install /home/ros2/ros2_rc/src/build/ros2_rc
[0.982s] DEBUG:colcon.colcon_core.event_handler.log_command:Invoking command in '/home/ros2/ros2_rc/src/build/smart_car': CMAKE_PREFIX_PATH=${CMAKE_PREFIX_PATH}:/opt/ros/humble /usr/bin/cmake --install /home/ros2/ros2_rc/src/build/smart_car
[1.003s] Level 1:colcon.colcon_core.environment:create_environment_scripts_only(ros2_rc)
[1.006s] DEBUG:colcon.colcon_core.event_handler.log_command:Invoked command in '/home/ros2/ros2_rc/src/build/ros2_rc' returned '0': CMAKE_PREFIX_PATH=${CMAKE_PREFIX_PATH}:/opt/ros/humble /usr/bin/cmake --install /home/ros2/ros2_rc/src/build/ros2_rc
[1.016s] Level 1:colcon.colcon_core.environment:checking '/home/ros2/ros2_rc/src/install/ros2_rc' for CMake module files
[1.024s] Level 1:colcon.colcon_core.environment:checking '/home/ros2/ros2_rc/src/install/ros2_rc' for CMake config files
[1.024s] Level 1:colcon.colcon_core.shell:create_environment_hook('ros2_rc', 'cmake_prefix_path')
[1.024s] INFO:colcon.colcon_core.shell:Creating environment hook '/home/ros2/ros2_rc/src/install/ros2_rc/share/ros2_rc/hook/cmake_prefix_path.ps1'
[1.026s] INFO:colcon.colcon_core.shell:Creating environment descriptor '/home/ros2/ros2_rc/src/install/ros2_rc/share/ros2_rc/hook/cmake_prefix_path.dsv'
[1.027s] INFO:colcon.colcon_core.shell:Creating environment hook '/home/ros2/ros2_rc/src/install/ros2_rc/share/ros2_rc/hook/cmake_prefix_path.sh'
[1.030s] Level 1:colcon.colcon_core.environment:checking '/home/ros2/ros2_rc/src/install/ros2_rc/bin'
[1.030s] Level 1:colcon.colcon_core.environment:checking '/home/ros2/ros2_rc/src/install/ros2_rc/lib/pkgconfig/ros2_rc.pc'
[1.031s] Level 1:colcon.colcon_core.environment:checking '/home/ros2/ros2_rc/src/install/ros2_rc/lib/python3.10/site-packages'
[1.031s] Level 1:colcon.colcon_core.environment:checking '/home/ros2/ros2_rc/src/install/ros2_rc/bin'
[1.033s] INFO:colcon.colcon_core.shell:Creating package script '/home/ros2/ros2_rc/src/install/ros2_rc/share/ros2_rc/package.ps1'
[1.035s] INFO:colcon.colcon_core.shell:Creating package descriptor '/home/ros2/ros2_rc/src/install/ros2_rc/share/ros2_rc/package.dsv'
[1.036s] INFO:colcon.colcon_core.shell:Creating package script '/home/ros2/ros2_rc/src/install/ros2_rc/share/ros2_rc/package.sh'
[1.038s] INFO:colcon.colcon_core.shell:Creating package script '/home/ros2/ros2_rc/src/install/ros2_rc/share/ros2_rc/package.bash'
[1.040s] INFO:colcon.colcon_core.shell:Creating package script '/home/ros2/ros2_rc/src/install/ros2_rc/share/ros2_rc/package.zsh'
[1.042s] Level 1:colcon.colcon_core.environment:create_file_with_runtime_dependencies(/home/ros2/ros2_rc/src/install/ros2_rc/share/colcon-core/packages/ros2_rc)
[1.045s] DEBUG:colcon.colcon_core.event_handler.log_command:Invoked command in '/home/ros2/ros2_rc/src/build/car_gazebo_plugin' returned '0': CMAKE_PREFIX_PATH=${CMAKE_PREFIX_PATH}:/opt/ros/humble /usr/bin/cmake --build /home/ros2/ros2_rc/src/build/car_gazebo_plugin -- -j9 -l9
[1.053s] Level 1:colcon.colcon_core.environment:create_environment_scripts_only(smart_car)
[1.054s] Level 1:colcon.colcon_core.environment:checking '/home/ros2/ros2_rc/src/install/smart_car' for CMake module files
[1.055s] Level 1:colcon.colcon_core.environment:checking '/home/ros2/ros2_rc/src/install/smart_car' for CMake config files
[1.056s] Level 1:colcon.colcon_core.shell:create_environment_hook('smart_car', 'cmake_prefix_path')
[1.055s] DEBUG:colcon.colcon_core.event_handler.log_command:Invoked command in '/home/ros2/ros2_rc/src/build/smart_car' returned '0': CMAKE_PREFIX_PATH=${CMAKE_PREFIX_PATH}:/opt/ros/humble /usr/bin/cmake --install /home/ros2/ros2_rc/src/build/smart_car
[1.056s] INFO:colcon.colcon_core.shell:Creating environment hook '/home/ros2/ros2_rc/src/install/smart_car/share/smart_car/hook/cmake_prefix_path.ps1'
[1.058s] INFO:colcon.colcon_core.shell:Creating environment descriptor '/home/ros2/ros2_rc/src/install/smart_car/share/smart_car/hook/cmake_prefix_path.dsv'
[1.059s] INFO:colcon.colcon_core.shell:Creating environment hook '/home/ros2/ros2_rc/src/install/smart_car/share/smart_car/hook/cmake_prefix_path.sh'
[1.061s] Level 1:colcon.colcon_core.environment:checking '/home/ros2/ros2_rc/src/install/smart_car/lib'
[1.061s] Level 1:colcon.colcon_core.environment:checking '/home/ros2/ros2_rc/src/install/smart_car/bin'
[1.062s] Level 1:colcon.colcon_core.environment:checking '/home/ros2/ros2_rc/src/install/smart_car/lib/pkgconfig/smart_car.pc'
[1.062s] Level 1:colcon.colcon_core.environment:checking '/home/ros2/ros2_rc/src/install/smart_car/lib/python3.10/site-packages'
[1.063s] Level 1:colcon.colcon_core.environment:checking '/home/ros2/ros2_rc/src/install/smart_car/bin'
[1.064s] INFO:colcon.colcon_core.shell:Creating package script '/home/ros2/ros2_rc/src/install/smart_car/share/smart_car/package.ps1'
[1.065s] INFO:colcon.colcon_core.shell:Creating package descriptor '/home/ros2/ros2_rc/src/install/smart_car/share/smart_car/package.dsv'
[1.066s] INFO:colcon.colcon_core.shell:Creating package script '/home/ros2/ros2_rc/src/install/smart_car/share/smart_car/package.sh'
[1.067s] INFO:colcon.colcon_core.shell:Creating package script '/home/ros2/ros2_rc/src/install/smart_car/share/smart_car/package.bash'
[1.069s] INFO:colcon.colcon_core.shell:Creating package script '/home/ros2/ros2_rc/src/install/smart_car/share/smart_car/package.zsh'
[1.070s] Level 1:colcon.colcon_core.environment:create_file_with_runtime_dependencies(/home/ros2/ros2_rc/src/install/smart_car/share/colcon-core/packages/smart_car)
[1.089s] Level 1:colcon.colcon_core.environment:create_environment_scripts_only(ros2_rc)
[1.090s] Level 1:colcon.colcon_core.environment:checking '/home/ros2/ros2_rc/src/install/ros2_rc' for CMake module files
[1.091s] Level 1:colcon.colcon_core.environment:checking '/home/ros2/ros2_rc/src/install/ros2_rc' for CMake config files
[1.092s] Level 1:colcon.colcon_core.shell:create_environment_hook('ros2_rc', 'cmake_prefix_path')
[1.093s] INFO:colcon.colcon_core.shell:Creating environment hook '/home/ros2/ros2_rc/src/install/ros2_rc/share/ros2_rc/hook/cmake_prefix_path.ps1'
[1.095s] INFO:colcon.colcon_core.shell:Creating environment descriptor '/home/ros2/ros2_rc/src/install/ros2_rc/share/ros2_rc/hook/cmake_prefix_path.dsv'
[1.096s] INFO:colcon.colcon_core.shell:Creating environment hook '/home/ros2/ros2_rc/src/install/ros2_rc/share/ros2_rc/hook/cmake_prefix_path.sh'
[1.098s] Level 1:colcon.colcon_core.environment:checking '/home/ros2/ros2_rc/src/install/ros2_rc/bin'
[1.099s] Level 1:colcon.colcon_core.environment:checking '/home/ros2/ros2_rc/src/install/ros2_rc/lib/pkgconfig/ros2_rc.pc'
[1.100s] Level 1:colcon.colcon_core.environment:checking '/home/ros2/ros2_rc/src/install/ros2_rc/lib/python3.10/site-packages'
[1.101s] Level 1:colcon.colcon_core.environment:checking '/home/ros2/ros2_rc/src/install/ros2_rc/bin'
[1.102s] INFO:colcon.colcon_core.shell:Creating package script '/home/ros2/ros2_rc/src/install/ros2_rc/share/ros2_rc/package.ps1'
[1.103s] INFO:colcon.colcon_core.shell:Creating package descriptor '/home/ros2/ros2_rc/src/install/ros2_rc/share/ros2_rc/package.dsv'
[1.104s] INFO:colcon.colcon_core.shell:Creating package script '/home/ros2/ros2_rc/src/install/ros2_rc/share/ros2_rc/package.sh'
[1.105s] INFO:colcon.colcon_core.shell:Creating package script '/home/ros2/ros2_rc/src/install/ros2_rc/share/ros2_rc/package.bash'
[1.106s] INFO:colcon.colcon_core.shell:Creating package script '/home/ros2/ros2_rc/src/install/ros2_rc/share/ros2_rc/package.zsh'
[1.108s] Level 1:colcon.colcon_core.environment:create_file_with_runtime_dependencies(/home/ros2/ros2_rc/src/install/ros2_rc/share/colcon-core/packages/ros2_rc)
[1.121s] DEBUG:colcon.colcon_core.event_handler.log_command:Invoking command in '/home/ros2/ros2_rc/src/build/car_gazebo_plugin': CMAKE_PREFIX_PATH=${CMAKE_PREFIX_PATH}:/opt/ros/humble /usr/bin/cmake --install /home/ros2/ros2_rc/src/build/car_gazebo_plugin
[1.129s] Level 1:colcon.colcon_core.environment:create_environment_scripts_only(smart_car)
[1.130s] Level 1:colcon.colcon_core.environment:checking '/home/ros2/ros2_rc/src/install/smart_car' for CMake module files
[1.131s] Level 1:colcon.colcon_core.environment:checking '/home/ros2/ros2_rc/src/install/smart_car' for CMake config files
[1.131s] Level 1:colcon.colcon_core.shell:create_environment_hook('smart_car', 'cmake_prefix_path')
[1.132s] INFO:colcon.colcon_core.shell:Creating environment hook '/home/ros2/ros2_rc/src/install/smart_car/share/smart_car/hook/cmake_prefix_path.ps1'
[1.134s] INFO:colcon.colcon_core.shell:Creating environment descriptor '/home/ros2/ros2_rc/src/install/smart_car/share/smart_car/hook/cmake_prefix_path.dsv'
[1.135s] INFO:colcon.colcon_core.shell:Creating environment hook '/home/ros2/ros2_rc/src/install/smart_car/share/smart_car/hook/cmake_prefix_path.sh'
[1.141s] Level 1:colcon.colcon_core.environment:checking '/home/ros2/ros2_rc/src/install/smart_car/lib'
[1.141s] Level 1:colcon.colcon_core.environment:checking '/home/ros2/ros2_rc/src/install/smart_car/bin'
[1.142s] Level 1:colcon.colcon_core.environment:checking '/home/ros2/ros2_rc/src/install/smart_car/lib/pkgconfig/smart_car.pc'
[1.142s] Level 1:colcon.colcon_core.environment:checking '/home/ros2/ros2_rc/src/install/smart_car/lib/python3.10/site-packages'
[1.147s] Level 1:colcon.colcon_core.environment:checking '/home/ros2/ros2_rc/src/install/smart_car/bin'
[1.151s] INFO:colcon.colcon_core.shell:Creating package script '/home/ros2/ros2_rc/src/install/smart_car/share/smart_car/package.ps1'
[1.204s] INFO:colcon.colcon_core.shell:Creating package descriptor '/home/ros2/ros2_rc/src/install/smart_car/share/smart_car/package.dsv'
[1.209s] INFO:colcon.colcon_core.shell:Creating package script '/home/ros2/ros2_rc/src/install/smart_car/share/smart_car/package.sh'
[1.211s] INFO:colcon.colcon_core.shell:Creating package script '/home/ros2/ros2_rc/src/install/smart_car/share/smart_car/package.bash'
[1.214s] INFO:colcon.colcon_core.shell:Creating package script '/home/ros2/ros2_rc/src/install/smart_car/share/smart_car/package.zsh'
[1.217s] Level 1:colcon.colcon_core.environment:create_file_with_runtime_dependencies(/home/ros2/ros2_rc/src/install/smart_car/share/colcon-core/packages/smart_car)
[1.220s] Level 1:colcon.colcon_core.environment:create_environment_scripts_only(car_gazebo_plugin)
[1.222s] Level 1:colcon.colcon_core.environment:checking '/home/ros2/ros2_rc/src/install/car_gazebo_plugin' for CMake module files
[1.224s] DEBUG:colcon.colcon_core.event_handler.log_command:Invoked command in '/home/ros2/ros2_rc/src/build/car_gazebo_plugin' returned '0': CMAKE_PREFIX_PATH=${CMAKE_PREFIX_PATH}:/opt/ros/humble /usr/bin/cmake --install /home/ros2/ros2_rc/src/build/car_gazebo_plugin
[1.226s] Level 1:colcon.colcon_core.environment:checking '/home/ros2/ros2_rc/src/install/car_gazebo_plugin' for CMake config files
[1.227s] Level 1:colcon.colcon_core.shell:create_environment_hook('car_gazebo_plugin', 'cmake_prefix_path')
[1.227s] INFO:colcon.colcon_core.shell:Creating environment hook '/home/ros2/ros2_rc/src/install/car_gazebo_plugin/share/car_gazebo_plugin/hook/cmake_prefix_path.ps1'
[1.230s] INFO:colcon.colcon_core.shell:Creating environment descriptor '/home/ros2/ros2_rc/src/install/car_gazebo_plugin/share/car_gazebo_plugin/hook/cmake_prefix_path.dsv'
[1.237s] INFO:colcon.colcon_core.shell:Creating environment hook '/home/ros2/ros2_rc/src/install/car_gazebo_plugin/share/car_gazebo_plugin/hook/cmake_prefix_path.sh'
[1.240s] Level 1:colcon.colcon_core.environment:checking '/home/ros2/ros2_rc/src/install/car_gazebo_plugin/lib'
[1.240s] Level 1:colcon.colcon_core.shell:create_environment_hook('car_gazebo_plugin', 'ld_library_path_lib')
[1.241s] INFO:colcon.colcon_core.shell:Creating environment hook '/home/ros2/ros2_rc/src/install/car_gazebo_plugin/share/car_gazebo_plugin/hook/ld_library_path_lib.ps1'
[1.243s] INFO:colcon.colcon_core.shell:Creating environment descriptor '/home/ros2/ros2_rc/src/install/car_gazebo_plugin/share/car_gazebo_plugin/hook/ld_library_path_lib.dsv'
[1.245s] INFO:colcon.colcon_core.shell:Creating environment hook '/home/ros2/ros2_rc/src/install/car_gazebo_plugin/share/car_gazebo_plugin/hook/ld_library_path_lib.sh'
[1.248s] Level 1:colcon.colcon_core.environment:checking '/home/ros2/ros2_rc/src/install/car_gazebo_plugin/bin'
[1.248s] Level 1:colcon.colcon_core.environment:checking '/home/ros2/ros2_rc/src/install/car_gazebo_plugin/lib/pkgconfig/car_gazebo_plugin.pc'
[1.250s] Level 1:colcon.colcon_core.environment:checking '/home/ros2/ros2_rc/src/install/car_gazebo_plugin/lib/python3.10/site-packages'
[1.251s] Level 1:colcon.colcon_core.environment:checking '/home/ros2/ros2_rc/src/install/car_gazebo_plugin/bin'
[1.252s] INFO:colcon.colcon_core.shell:Creating package script '/home/ros2/ros2_rc/src/install/car_gazebo_plugin/share/car_gazebo_plugin/package.ps1'
[1.256s] INFO:colcon.colcon_core.shell:Creating package descriptor '/home/ros2/ros2_rc/src/install/car_gazebo_plugin/share/car_gazebo_plugin/package.dsv'
[1.258s] INFO:colcon.colcon_core.shell:Creating package script '/home/ros2/ros2_rc/src/install/car_gazebo_plugin/share/car_gazebo_plugin/package.sh'
[1.263s] INFO:colcon.colcon_core.shell:Creating package script '/home/ros2/ros2_rc/src/install/car_gazebo_plugin/share/car_gazebo_plugin/package.bash'
[1.268s] INFO:colcon.colcon_core.shell:Creating package script '/home/ros2/ros2_rc/src/install/car_gazebo_plugin/share/car_gazebo_plugin/package.zsh'
[1.270s] Level 1:colcon.colcon_core.environment:create_file_with_runtime_dependencies(/home/ros2/ros2_rc/src/install/car_gazebo_plugin/share/colcon-core/packages/car_gazebo_plugin)
[1.360s] Level 1:colcon.colcon_core.environment:create_environment_scripts_only(car_gazebo_plugin)
[1.362s] Level 1:colcon.colcon_core.environment:checking '/home/ros2/ros2_rc/src/install/car_gazebo_plugin' for CMake module files
[1.363s] Level 1:colcon.colcon_core.environment:checking '/home/ros2/ros2_rc/src/install/car_gazebo_plugin' for CMake config files
[1.363s] Level 1:colcon.colcon_core.shell:create_environment_hook('car_gazebo_plugin', 'cmake_prefix_path')
[1.365s] INFO:colcon.colcon_core.shell:Creating environment hook '/home/ros2/ros2_rc/src/install/car_gazebo_plugin/share/car_gazebo_plugin/hook/cmake_prefix_path.ps1'
[1.367s] INFO:colcon.colcon_core.shell:Creating environment descriptor '/home/ros2/ros2_rc/src/install/car_gazebo_plugin/share/car_gazebo_plugin/hook/cmake_prefix_path.dsv'
[1.369s] INFO:colcon.colcon_core.shell:Creating environment hook '/home/ros2/ros2_rc/src/install/car_gazebo_plugin/share/car_gazebo_plugin/hook/cmake_prefix_path.sh'
[1.371s] Level 1:colcon.colcon_core.environment:checking '/home/ros2/ros2_rc/src/install/car_gazebo_plugin/lib'
[1.372s] Level 1:colcon.colcon_core.shell:create_environment_hook('car_gazebo_plugin', 'ld_library_path_lib')
[1.372s] INFO:colcon.colcon_core.shell:Creating environment hook '/home/ros2/ros2_rc/src/install/car_gazebo_plugin/share/car_gazebo_plugin/hook/ld_library_path_lib.ps1'
[1.373s] INFO:colcon.colcon_core.shell:Creating environment descriptor '/home/ros2/ros2_rc/src/install/car_gazebo_plugin/share/car_gazebo_plugin/hook/ld_library_path_lib.dsv'
[1.374s] INFO:colcon.colcon_core.shell:Creating environment hook '/home/ros2/ros2_rc/src/install/car_gazebo_plugin/share/car_gazebo_plugin/hook/ld_library_path_lib.sh'
[1.375s] Level 1:colcon.colcon_core.environment:checking '/home/ros2/ros2_rc/src/install/car_gazebo_plugin/bin'
[1.375s] Level 1:colcon.colcon_core.environment:checking '/home/ros2/ros2_rc/src/install/car_gazebo_plugin/lib/pkgconfig/car_gazebo_plugin.pc'
[1.376s] Level 1:colcon.colcon_core.environment:checking '/home/ros2/ros2_rc/src/install/car_gazebo_plugin/lib/python3.10/site-packages'
[1.376s] Level 1:colcon.colcon_core.environment:checking '/home/ros2/ros2_rc/src/install/car_gazebo_plugin/bin'
[1.377s] INFO:colcon.colcon_core.shell:Creating package script '/home/ros2/ros2_rc/src/install/car_gazebo_plugin/share/car_gazebo_plugin/package.ps1'
[1.380s] INFO:colcon.colcon_core.shell:Creating package descriptor '/home/ros2/ros2_rc/src/install/car_gazebo_plugin/share/car_gazebo_plugin/package.dsv'
[1.381s] INFO:colcon.colcon_core.shell:Creating package script '/home/ros2/ros2_rc/src/install/car_gazebo_plugin/share/car_gazebo_plugin/package.sh'
[1.382s] INFO:colcon.colcon_core.shell:Creating package script '/home/ros2/ros2_rc/src/install/car_gazebo_plugin/share/car_gazebo_plugin/package.bash'
[1.383s] INFO:colcon.colcon_core.shell:Creating package script '/home/ros2/ros2_rc/src/install/car_gazebo_plugin/share/car_gazebo_plugin/package.zsh'
[1.385s] Level 1:colcon.colcon_core.environment:create_file_with_runtime_dependencies(/home/ros2/ros2_rc/src/install/car_gazebo_plugin/share/colcon-core/packages/car_gazebo_plugin)
[1.686s] DEBUG:colcon.colcon_core.event_handler.log_command:Invoked command in '/home/ros2/ros2_rc/src/build/smartcar_msgs' returned '0': CMAKE_PREFIX_PATH=${CMAKE_PREFIX_PATH}:/opt/ros/humble /usr/bin/cmake --build /home/ros2/ros2_rc/src/build/smartcar_msgs -- -j9 -l9
[1.825s] DEBUG:colcon.colcon_core.event_handler.log_command:Invoking command in '/home/ros2/ros2_rc/src/build/smartcar_msgs': CMAKE_PREFIX_PATH=${CMAKE_PREFIX_PATH}:/opt/ros/humble /usr/bin/cmake --install /home/ros2/ros2_rc/src/build/smartcar_msgs
[1.943s] Level 1:colcon.colcon_core.environment:create_environment_scripts_only(smartcar_msgs)
[1.943s] Level 1:colcon.colcon_core.environment:checking '/home/ros2/ros2_rc/src/install/smartcar_msgs' for CMake module files
[1.946s] DEBUG:colcon.colcon_core.event_handler.log_command:Invoked command in '/home/ros2/ros2_rc/src/build/smartcar_msgs' returned '0': CMAKE_PREFIX_PATH=${CMAKE_PREFIX_PATH}:/opt/ros/humble /usr/bin/cmake --install /home/ros2/ros2_rc/src/build/smartcar_msgs
[1.947s] Level 1:colcon.colcon_core.environment:checking '/home/ros2/ros2_rc/src/install/smartcar_msgs' for CMake config files
[1.951s] Level 1:colcon.colcon_core.shell:create_environment_hook('smartcar_msgs', 'cmake_prefix_path')
[1.952s] INFO:colcon.colcon_core.shell:Creating environment hook '/home/ros2/ros2_rc/src/install/smartcar_msgs/share/smartcar_msgs/hook/cmake_prefix_path.ps1'
[1.953s] INFO:colcon.colcon_core.shell:Creating environment descriptor '/home/ros2/ros2_rc/src/install/smartcar_msgs/share/smartcar_msgs/hook/cmake_prefix_path.dsv'
[1.954s] INFO:colcon.colcon_core.shell:Creating environment hook '/home/ros2/ros2_rc/src/install/smartcar_msgs/share/smartcar_msgs/hook/cmake_prefix_path.sh'
[1.955s] Level 1:colcon.colcon_core.environment:checking '/home/ros2/ros2_rc/src/install/smartcar_msgs/lib'
[1.956s] Level 1:colcon.colcon_core.shell:create_environment_hook('smartcar_msgs', 'ld_library_path_lib')
[1.956s] INFO:colcon.colcon_core.shell:Creating environment hook '/home/ros2/ros2_rc/src/install/smartcar_msgs/share/smartcar_msgs/hook/ld_library_path_lib.ps1'
[1.957s] INFO:colcon.colcon_core.shell:Creating environment descriptor '/home/ros2/ros2_rc/src/install/smartcar_msgs/share/smartcar_msgs/hook/ld_library_path_lib.dsv'
[1.958s] INFO:colcon.colcon_core.shell:Creating environment hook '/home/ros2/ros2_rc/src/install/smartcar_msgs/share/smartcar_msgs/hook/ld_library_path_lib.sh'
[1.960s] Level 1:colcon.colcon_core.environment:checking '/home/ros2/ros2_rc/src/install/smartcar_msgs/bin'
[1.960s] Level 1:colcon.colcon_core.environment:checking '/home/ros2/ros2_rc/src/install/smartcar_msgs/lib/pkgconfig/smartcar_msgs.pc'
[1.960s] Level 1:colcon.colcon_core.environment:checking '/home/ros2/ros2_rc/src/install/smartcar_msgs/lib/python3.10/site-packages'
[1.961s] Level 1:colcon.colcon_core.environment:checking '/home/ros2/ros2_rc/src/install/smartcar_msgs/bin'
[1.962s] INFO:colcon.colcon_core.shell:Creating package script '/home/ros2/ros2_rc/src/install/smartcar_msgs/share/smartcar_msgs/package.ps1'
[1.963s] INFO:colcon.colcon_core.shell:Creating package descriptor '/home/ros2/ros2_rc/src/install/smartcar_msgs/share/smartcar_msgs/package.dsv'
[1.964s] INFO:colcon.colcon_core.shell:Creating package script '/home/ros2/ros2_rc/src/install/smartcar_msgs/share/smartcar_msgs/package.sh'
[1.964s] INFO:colcon.colcon_core.shell:Creating package script '/home/ros2/ros2_rc/src/install/smartcar_msgs/share/smartcar_msgs/package.bash'
[1.965s] INFO:colcon.colcon_core.shell:Creating package script '/home/ros2/ros2_rc/src/install/smartcar_msgs/share/smartcar_msgs/package.zsh'
[1.966s] Level 1:colcon.colcon_core.environment:create_file_with_runtime_dependencies(/home/ros2/ros2_rc/src/install/smartcar_msgs/share/colcon-core/packages/smartcar_msgs)
[2.102s] Level 1:colcon.colcon_core.environment:create_environment_scripts_only(smartcar_msgs)
[2.103s] Level 1:colcon.colcon_core.environment:checking '/home/ros2/ros2_rc/src/install/smartcar_msgs' for CMake module files
[2.104s] Level 1:colcon.colcon_core.environment:checking '/home/ros2/ros2_rc/src/install/smartcar_msgs' for CMake config files
[2.105s] Level 1:colcon.colcon_core.shell:create_environment_hook('smartcar_msgs', 'cmake_prefix_path')
[2.106s] INFO:colcon.colcon_core.shell:Creating environment hook '/home/ros2/ros2_rc/src/install/smartcar_msgs/share/smartcar_msgs/hook/cmake_prefix_path.ps1'
[2.108s] INFO:colcon.colcon_core.shell:Creating environment descriptor '/home/ros2/ros2_rc/src/install/smartcar_msgs/share/smartcar_msgs/hook/cmake_prefix_path.dsv'
[2.110s] INFO:colcon.colcon_core.shell:Creating environment hook '/home/ros2/ros2_rc/src/install/smartcar_msgs/share/smartcar_msgs/hook/cmake_prefix_path.sh'
[2.113s] Level 1:colcon.colcon_core.environment:checking '/home/ros2/ros2_rc/src/install/smartcar_msgs/lib'
[2.113s] Level 1:colcon.colcon_core.shell:create_environment_hook('smartcar_msgs', 'ld_library_path_lib')
[2.113s] INFO:colcon.colcon_core.shell:Creating environment hook '/home/ros2/ros2_rc/src/install/smartcar_msgs/share/smartcar_msgs/hook/ld_library_path_lib.ps1'
[2.114s] INFO:colcon.colcon_core.shell:Creating environment descriptor '/home/ros2/ros2_rc/src/install/smartcar_msgs/share/smartcar_msgs/hook/ld_library_path_lib.dsv'
[2.115s] INFO:colcon.colcon_core.shell:Creating environment hook '/home/ros2/ros2_rc/src/install/smartcar_msgs/share/smartcar_msgs/hook/ld_library_path_lib.sh'
[2.116s] Level 1:colcon.colcon_core.environment:checking '/home/ros2/ros2_rc/src/install/smartcar_msgs/bin'
[2.116s] Level 1:colcon.colcon_core.environment:checking '/home/ros2/ros2_rc/src/install/smartcar_msgs/lib/pkgconfig/smartcar_msgs.pc'
[2.117s] Level 1:colcon.colcon_core.environment:checking '/home/ros2/ros2_rc/src/install/smartcar_msgs/lib/python3.10/site-packages'
[2.118s] Level 1:colcon.colcon_core.environment:checking '/home/ros2/ros2_rc/src/install/smartcar_msgs/bin'
[2.119s] INFO:colcon.colcon_core.shell:Creating package script '/home/ros2/ros2_rc/src/install/smartcar_msgs/share/smartcar_msgs/package.ps1'
[2.120s] INFO:colcon.colcon_core.shell:Creating package descriptor '/home/ros2/ros2_rc/src/install/smartcar_msgs/share/smartcar_msgs/package.dsv'
[2.121s] INFO:colcon.colcon_core.shell:Creating package script '/home/ros2/ros2_rc/src/install/smartcar_msgs/share/smartcar_msgs/package.sh'
[2.123s] INFO:colcon.colcon_core.shell:Creating package script '/home/ros2/ros2_rc/src/install/smartcar_msgs/share/smartcar_msgs/package.bash'
[2.124s] INFO:colcon.colcon_core.shell:Creating package script '/home/ros2/ros2_rc/src/install/smartcar_msgs/share/smartcar_msgs/package.zsh'
[2.125s] Level 1:colcon.colcon_core.environment:create_file_with_runtime_dependencies(/home/ros2/ros2_rc/src/install/smartcar_msgs/share/colcon-core/packages/smartcar_msgs)
[2.126s] DEBUG:colcon.colcon_parallel_executor.executor.parallel:closing loop
[2.127s] DEBUG:colcon.colcon_parallel_executor.executor.parallel:loop closed
[2.128s] DEBUG:colcon.colcon_parallel_executor.executor.parallel:run_until_complete finished with '0'
[2.128s] DEBUG:colcon.colcon_core.event_reactor:joining thread
[2.138s] INFO:colcon.colcon_core.plugin_system:Skipping extension 'colcon_notification.desktop_notification.terminal_notifier': Not used on non-Darwin systems
[2.139s] INFO:colcon.colcon_core.plugin_system:Skipping extension 'colcon_notification.desktop_notification.win32': Not used on non-Windows systems
[2.139s] INFO:colcon.colcon_notification.desktop_notification:Sending desktop notification using 'notify2'
[2.168s] DEBUG:colcon.colcon_core.event_reactor:joined thread
[2.168s] INFO:colcon.colcon_core.shell:Creating prefix script '/home/ros2/ros2_rc/src/install/local_setup.ps1'
[2.171s] INFO:colcon.colcon_core.shell:Creating prefix util module '/home/ros2/ros2_rc/src/install/_local_setup_util_ps1.py'
[2.174s] INFO:colcon.colcon_core.shell:Creating prefix chain script '/home/ros2/ros2_rc/src/install/setup.ps1'
[2.176s] INFO:colcon.colcon_core.shell:Creating prefix script '/home/ros2/ros2_rc/src/install/local_setup.sh'
[2.177s] INFO:colcon.colcon_core.shell:Creating prefix util module '/home/ros2/ros2_rc/src/install/_local_setup_util_sh.py'
[2.179s] INFO:colcon.colcon_core.shell:Creating prefix chain script '/home/ros2/ros2_rc/src/install/setup.sh'
[2.181s] INFO:colcon.colcon_core.shell:Creating prefix script '/home/ros2/ros2_rc/src/install/local_setup.bash'
[2.182s] INFO:colcon.colcon_core.shell:Creating prefix chain script '/home/ros2/ros2_rc/src/install/setup.bash'
[2.187s] INFO:colcon.colcon_core.shell:Creating prefix script '/home/ros2/ros2_rc/src/install/local_setup.zsh'
[2.190s] INFO:colcon.colcon_core.shell:Creating prefix chain script '/home/ros2/ros2_rc/src/install/setup.zsh'
