[0.111s] Invoking command in '/home/ros2/ros2_rc/build/nav_2d_msgs': CMAKE_PREFIX_PATH=${CMAKE_PREFIX_PATH}:/home/ros2/ros2_rc/install/nav2_simple_commander:/home/ros2/ros2_rc/src/install/nav2_simple_commander:/opt/ros/humble /usr/bin/cmake --build /home/ros2/ros2_rc/build/nav_2d_msgs -- -j10 -l10
[0.307s] [ 11%] Built target nav_2d_msgs__rosidl_generator_c
[0.327s] [ 12%] Built target nav_2d_msgs__cpp
[0.347s] [ 12%] Built target ament_cmake_python_copy_nav_2d_msgs
[0.453s] [ 35%] Built target nav_2d_msgs__rosidl_typesupport_cpp
[0.462s] [ 35%] Built target nav_2d_msgs__rosidl_typesupport_c
[0.468s] [ 46%] Built target nav_2d_msgs__rosidl_typesupport_introspection_c
[0.494s] [ 69%] Built target nav_2d_msgs__rosidl_typesupport_fastrtps_c
[0.495s] [ 57%] Built target nav_2d_msgs__rosidl_typesupport_fastrtps_cpp
[0.532s] [ 80%] Built target nav_2d_msgs__rosidl_typesupport_introspection_cpp
[0.642s] [ 80%] Built target nav_2d_msgs
[0.703s] [ 81%] Built target nav_2d_msgs__py
[0.811s] [ 91%] Built target nav_2d_msgs__rosidl_generator_py
[0.929s] [ 94%] Built target nav_2d_msgs__rosidl_typesupport_introspection_c__pyext
[0.929s] [ 97%] Built target nav_2d_msgs__rosidl_typesupport_fastrtps_c__pyext
[0.972s] [100%] Built target nav_2d_msgs__rosidl_typesupport_c__pyext
[1.036s] running egg_info
[1.043s] writing nav_2d_msgs.egg-info/PKG-INFO
[1.043s] writing dependency_links to nav_2d_msgs.egg-info/dependency_links.txt
[1.044s] writing top-level names to nav_2d_msgs.egg-info/top_level.txt
[1.051s] reading manifest file 'nav_2d_msgs.egg-info/SOURCES.txt'
[1.053s] writing manifest file 'nav_2d_msgs.egg-info/SOURCES.txt'
[1.174s] [100%] Built target ament_cmake_python_build_nav_2d_msgs_egg
[1.211s] Invoked command in '/home/ros2/ros2_rc/build/nav_2d_msgs' returned '0': CMAKE_PREFIX_PATH=${CMAKE_PREFIX_PATH}:/home/ros2/ros2_rc/install/nav2_simple_commander:/home/ros2/ros2_rc/src/install/nav2_simple_commander:/opt/ros/humble /usr/bin/cmake --build /home/ros2/ros2_rc/build/nav_2d_msgs -- -j10 -l10
[2.203s] Invoking command in '/home/ros2/ros2_rc/build/nav_2d_msgs': CMAKE_PREFIX_PATH=${CMAKE_PREFIX_PATH}:/home/ros2/ros2_rc/install/nav2_simple_commander:/home/ros2/ros2_rc/src/install/nav2_simple_commander:/opt/ros/humble /usr/bin/cmake --install /home/ros2/ros2_rc/build/nav_2d_msgs
[2.234s] -- Install configuration: ""
[2.234s] -- Up-to-date: /home/ros2/ros2_rc/install/nav_2d_msgs/share/ament_index/resource_index/rosidl_interfaces/nav_2d_msgs
[2.234s] -- Up-to-date: /home/ros2/ros2_rc/install/nav_2d_msgs/include/nav_2d_msgs/nav_2d_msgs
[2.234s] -- Up-to-date: /home/ros2/ros2_rc/install/nav_2d_msgs/include/nav_2d_msgs/nav_2d_msgs/msg
[2.234s] -- Up-to-date: /home/ros2/ros2_rc/install/nav_2d_msgs/include/nav_2d_msgs/nav_2d_msgs/msg/rosidl_generator_c__visibility_control.h
[2.234s] -- Up-to-date: /home/ros2/ros2_rc/install/nav_2d_msgs/include/nav_2d_msgs/nav_2d_msgs/msg/pose2_d_stamped.h
[2.234s] -- Up-to-date: /home/ros2/ros2_rc/install/nav_2d_msgs/include/nav_2d_msgs/nav_2d_msgs/msg/detail
[2.234s] -- Up-to-date: /home/ros2/ros2_rc/install/nav_2d_msgs/include/nav_2d_msgs/nav_2d_msgs/msg/detail/twist2_d32__struct.h
[2.235s] -- Up-to-date: /home/ros2/ros2_rc/install/nav_2d_msgs/include/nav_2d_msgs/nav_2d_msgs/msg/detail/path2_d__struct.h
[2.235s] -- Up-to-date: /home/ros2/ros2_rc/install/nav_2d_msgs/include/nav_2d_msgs/nav_2d_msgs/msg/detail/twist2_d_stamped__functions.h
[2.235s] -- Up-to-date: /home/ros2/ros2_rc/install/nav_2d_msgs/include/nav_2d_msgs/nav_2d_msgs/msg/detail/path2_d__functions.c
[2.235s] -- Up-to-date: /home/ros2/ros2_rc/install/nav_2d_msgs/include/nav_2d_msgs/nav_2d_msgs/msg/detail/pose2_d_stamped__functions.c
[2.235s] -- Up-to-date: /home/ros2/ros2_rc/install/nav_2d_msgs/include/nav_2d_msgs/nav_2d_msgs/msg/detail/pose2_d_stamped__struct.h
[2.235s] -- Up-to-date: /home/ros2/ros2_rc/install/nav_2d_msgs/include/nav_2d_msgs/nav_2d_msgs/msg/detail/twist2_d__functions.c
[2.235s] -- Up-to-date: /home/ros2/ros2_rc/install/nav_2d_msgs/include/nav_2d_msgs/nav_2d_msgs/msg/detail/pose2_d_stamped__type_support.h
[2.235s] -- Up-to-date: /home/ros2/ros2_rc/install/nav_2d_msgs/include/nav_2d_msgs/nav_2d_msgs/msg/detail/twist2_d32__functions.c
[2.235s] -- Up-to-date: /home/ros2/ros2_rc/install/nav_2d_msgs/include/nav_2d_msgs/nav_2d_msgs/msg/detail/twist2_d32__type_support.h
[2.241s] -- Up-to-date: /home/ros2/ros2_rc/install/nav_2d_msgs/include/nav_2d_msgs/nav_2d_msgs/msg/detail/twist2_d_stamped__struct.h
[2.242s] -- Up-to-date: /home/ros2/ros2_rc/install/nav_2d_msgs/include/nav_2d_msgs/nav_2d_msgs/msg/detail/twist2_d_stamped__type_support.h
[2.242s] -- Up-to-date: /home/ros2/ros2_rc/install/nav_2d_msgs/include/nav_2d_msgs/nav_2d_msgs/msg/detail/pose2_d32__functions.c
[2.242s] -- Up-to-date: /home/ros2/ros2_rc/install/nav_2d_msgs/include/nav_2d_msgs/nav_2d_msgs/msg/detail/path2_d__functions.h
[2.242s] -- Up-to-date: /home/ros2/ros2_rc/install/nav_2d_msgs/include/nav_2d_msgs/nav_2d_msgs/msg/detail/twist2_d_stamped__functions.c
[2.243s] -- Up-to-date: /home/ros2/ros2_rc/install/nav_2d_msgs/include/nav_2d_msgs/nav_2d_msgs/msg/detail/path2_d__type_support.h
[2.243s] -- Up-to-date: /home/ros2/ros2_rc/install/nav_2d_msgs/include/nav_2d_msgs/nav_2d_msgs/msg/detail/twist2_d__type_support.h
[2.243s] -- Up-to-date: /home/ros2/ros2_rc/install/nav_2d_msgs/include/nav_2d_msgs/nav_2d_msgs/msg/detail/pose2_d32__struct.h
[2.244s] -- Up-to-date: /home/ros2/ros2_rc/install/nav_2d_msgs/include/nav_2d_msgs/nav_2d_msgs/msg/detail/twist2_d32__functions.h
[2.244s] -- Up-to-date: /home/ros2/ros2_rc/install/nav_2d_msgs/include/nav_2d_msgs/nav_2d_msgs/msg/detail/twist2_d__functions.h
[2.244s] -- Up-to-date: /home/ros2/ros2_rc/install/nav_2d_msgs/include/nav_2d_msgs/nav_2d_msgs/msg/detail/pose2_d32__functions.h
[2.244s] -- Up-to-date: /home/ros2/ros2_rc/install/nav_2d_msgs/include/nav_2d_msgs/nav_2d_msgs/msg/detail/twist2_d__struct.h
[2.244s] -- Up-to-date: /home/ros2/ros2_rc/install/nav_2d_msgs/include/nav_2d_msgs/nav_2d_msgs/msg/detail/pose2_d_stamped__functions.h
[2.244s] -- Up-to-date: /home/ros2/ros2_rc/install/nav_2d_msgs/include/nav_2d_msgs/nav_2d_msgs/msg/detail/pose2_d32__type_support.h
[2.244s] -- Up-to-date: /home/ros2/ros2_rc/install/nav_2d_msgs/include/nav_2d_msgs/nav_2d_msgs/msg/path2_d.h
[2.245s] -- Up-to-date: /home/ros2/ros2_rc/install/nav_2d_msgs/include/nav_2d_msgs/nav_2d_msgs/msg/twist2_d_stamped.h
[2.245s] -- Up-to-date: /home/ros2/ros2_rc/install/nav_2d_msgs/include/nav_2d_msgs/nav_2d_msgs/msg/twist2_d32.h
[2.245s] -- Up-to-date: /home/ros2/ros2_rc/install/nav_2d_msgs/include/nav_2d_msgs/nav_2d_msgs/msg/twist2_d.h
[2.245s] -- Up-to-date: /home/ros2/ros2_rc/install/nav_2d_msgs/include/nav_2d_msgs/nav_2d_msgs/msg/pose2_d32.h
[2.245s] -- Up-to-date: /home/ros2/ros2_rc/install/nav_2d_msgs/share/nav_2d_msgs/environment/library_path.sh
[2.245s] -- Up-to-date: /home/ros2/ros2_rc/install/nav_2d_msgs/share/nav_2d_msgs/environment/library_path.dsv
[2.245s] -- Up-to-date: /home/ros2/ros2_rc/install/nav_2d_msgs/lib/libnav_2d_msgs__rosidl_generator_c.so
[2.245s] -- Up-to-date: /home/ros2/ros2_rc/install/nav_2d_msgs/include/nav_2d_msgs/nav_2d_msgs
[2.245s] -- Up-to-date: /home/ros2/ros2_rc/install/nav_2d_msgs/include/nav_2d_msgs/nav_2d_msgs/msg
[2.245s] -- Up-to-date: /home/ros2/ros2_rc/install/nav_2d_msgs/include/nav_2d_msgs/nav_2d_msgs/msg/rosidl_typesupport_fastrtps_c__visibility_control.h
[2.245s] -- Up-to-date: /home/ros2/ros2_rc/install/nav_2d_msgs/include/nav_2d_msgs/nav_2d_msgs/msg/detail
[2.246s] -- Up-to-date: /home/ros2/ros2_rc/install/nav_2d_msgs/include/nav_2d_msgs/nav_2d_msgs/msg/detail/pose2_d32__rosidl_typesupport_fastrtps_c.h
[2.246s] -- Up-to-date: /home/ros2/ros2_rc/install/nav_2d_msgs/include/nav_2d_msgs/nav_2d_msgs/msg/detail/twist2_d32__rosidl_typesupport_fastrtps_c.h
[2.246s] -- Up-to-date: /home/ros2/ros2_rc/install/nav_2d_msgs/include/nav_2d_msgs/nav_2d_msgs/msg/detail/twist2_d__rosidl_typesupport_fastrtps_c.h
[2.246s] -- Up-to-date: /home/ros2/ros2_rc/install/nav_2d_msgs/include/nav_2d_msgs/nav_2d_msgs/msg/detail/path2_d__rosidl_typesupport_fastrtps_c.h
[2.246s] -- Up-to-date: /home/ros2/ros2_rc/install/nav_2d_msgs/include/nav_2d_msgs/nav_2d_msgs/msg/detail/pose2_d_stamped__rosidl_typesupport_fastrtps_c.h
[2.246s] -- Up-to-date: /home/ros2/ros2_rc/install/nav_2d_msgs/include/nav_2d_msgs/nav_2d_msgs/msg/detail/twist2_d_stamped__rosidl_typesupport_fastrtps_c.h
[2.246s] -- Up-to-date: /home/ros2/ros2_rc/install/nav_2d_msgs/lib/libnav_2d_msgs__rosidl_typesupport_fastrtps_c.so
[2.246s] -- Up-to-date: /home/ros2/ros2_rc/install/nav_2d_msgs/include/nav_2d_msgs/nav_2d_msgs
[2.246s] -- Up-to-date: /home/ros2/ros2_rc/install/nav_2d_msgs/include/nav_2d_msgs/nav_2d_msgs/msg
[2.248s] -- Up-to-date: /home/ros2/ros2_rc/install/nav_2d_msgs/include/nav_2d_msgs/nav_2d_msgs/msg/path2_d.hpp
[2.248s] -- Up-to-date: /home/ros2/ros2_rc/install/nav_2d_msgs/include/nav_2d_msgs/nav_2d_msgs/msg/twist2_d_stamped.hpp
[2.248s] -- Up-to-date: /home/ros2/ros2_rc/install/nav_2d_msgs/include/nav_2d_msgs/nav_2d_msgs/msg/pose2_d32.hpp
[2.248s] -- Up-to-date: /home/ros2/ros2_rc/install/nav_2d_msgs/include/nav_2d_msgs/nav_2d_msgs/msg/twist2_d.hpp
[2.249s] -- Up-to-date: /home/ros2/ros2_rc/install/nav_2d_msgs/include/nav_2d_msgs/nav_2d_msgs/msg/twist2_d32.hpp
[2.249s] -- Up-to-date: /home/ros2/ros2_rc/install/nav_2d_msgs/include/nav_2d_msgs/nav_2d_msgs/msg/detail
[2.249s] -- Up-to-date: /home/ros2/ros2_rc/install/nav_2d_msgs/include/nav_2d_msgs/nav_2d_msgs/msg/detail/pose2_d32__traits.hpp
[2.249s] -- Up-to-date: /home/ros2/ros2_rc/install/nav_2d_msgs/include/nav_2d_msgs/nav_2d_msgs/msg/detail/twist2_d32__struct.hpp
[2.249s] -- Up-to-date: /home/ros2/ros2_rc/install/nav_2d_msgs/include/nav_2d_msgs/nav_2d_msgs/msg/detail/path2_d__struct.hpp
[2.249s] -- Up-to-date: /home/ros2/ros2_rc/install/nav_2d_msgs/include/nav_2d_msgs/nav_2d_msgs/msg/detail/twist2_d_stamped__builder.hpp
[2.249s] -- Up-to-date: /home/ros2/ros2_rc/install/nav_2d_msgs/include/nav_2d_msgs/nav_2d_msgs/msg/detail/twist2_d__struct.hpp
[2.250s] -- Up-to-date: /home/ros2/ros2_rc/install/nav_2d_msgs/include/nav_2d_msgs/nav_2d_msgs/msg/detail/pose2_d32__builder.hpp
[2.250s] -- Up-to-date: /home/ros2/ros2_rc/install/nav_2d_msgs/include/nav_2d_msgs/nav_2d_msgs/msg/detail/twist2_d32__builder.hpp
[2.250s] -- Up-to-date: /home/ros2/ros2_rc/install/nav_2d_msgs/include/nav_2d_msgs/nav_2d_msgs/msg/detail/twist2_d32__traits.hpp
[2.250s] -- Up-to-date: /home/ros2/ros2_rc/install/nav_2d_msgs/include/nav_2d_msgs/nav_2d_msgs/msg/detail/twist2_d_stamped__traits.hpp
[2.250s] -- Up-to-date: /home/ros2/ros2_rc/install/nav_2d_msgs/include/nav_2d_msgs/nav_2d_msgs/msg/detail/path2_d__builder.hpp
[2.250s] -- Up-to-date: /home/ros2/ros2_rc/install/nav_2d_msgs/include/nav_2d_msgs/nav_2d_msgs/msg/detail/pose2_d_stamped__traits.hpp
[2.250s] -- Up-to-date: /home/ros2/ros2_rc/install/nav_2d_msgs/include/nav_2d_msgs/nav_2d_msgs/msg/detail/pose2_d_stamped__builder.hpp
[2.250s] -- Up-to-date: /home/ros2/ros2_rc/install/nav_2d_msgs/include/nav_2d_msgs/nav_2d_msgs/msg/detail/pose2_d32__struct.hpp
[2.250s] -- Up-to-date: /home/ros2/ros2_rc/install/nav_2d_msgs/include/nav_2d_msgs/nav_2d_msgs/msg/detail/twist2_d_stamped__struct.hpp
[2.250s] -- Up-to-date: /home/ros2/ros2_rc/install/nav_2d_msgs/include/nav_2d_msgs/nav_2d_msgs/msg/detail/twist2_d__traits.hpp
[2.250s] -- Up-to-date: /home/ros2/ros2_rc/install/nav_2d_msgs/include/nav_2d_msgs/nav_2d_msgs/msg/detail/path2_d__traits.hpp
[2.251s] -- Up-to-date: /home/ros2/ros2_rc/install/nav_2d_msgs/include/nav_2d_msgs/nav_2d_msgs/msg/detail/pose2_d_stamped__struct.hpp
[2.251s] -- Up-to-date: /home/ros2/ros2_rc/install/nav_2d_msgs/include/nav_2d_msgs/nav_2d_msgs/msg/detail/twist2_d__builder.hpp
[2.251s] -- Up-to-date: /home/ros2/ros2_rc/install/nav_2d_msgs/include/nav_2d_msgs/nav_2d_msgs/msg/pose2_d_stamped.hpp
[2.251s] -- Up-to-date: /home/ros2/ros2_rc/install/nav_2d_msgs/include/nav_2d_msgs/nav_2d_msgs
[2.251s] -- Up-to-date: /home/ros2/ros2_rc/install/nav_2d_msgs/include/nav_2d_msgs/nav_2d_msgs/msg
[2.251s] -- Up-to-date: /home/ros2/ros2_rc/install/nav_2d_msgs/include/nav_2d_msgs/nav_2d_msgs/msg/rosidl_typesupport_fastrtps_cpp__visibility_control.h
[2.252s] -- Up-to-date: /home/ros2/ros2_rc/install/nav_2d_msgs/include/nav_2d_msgs/nav_2d_msgs/msg/detail
[2.252s] -- Up-to-date: /home/ros2/ros2_rc/install/nav_2d_msgs/include/nav_2d_msgs/nav_2d_msgs/msg/detail/twist2_d32__rosidl_typesupport_fastrtps_cpp.hpp
[2.253s] -- Up-to-date: /home/ros2/ros2_rc/install/nav_2d_msgs/include/nav_2d_msgs/nav_2d_msgs/msg/detail/pose2_d32__rosidl_typesupport_fastrtps_cpp.hpp
[2.254s] -- Up-to-date: /home/ros2/ros2_rc/install/nav_2d_msgs/include/nav_2d_msgs/nav_2d_msgs/msg/detail/pose2_d_stamped__rosidl_typesupport_fastrtps_cpp.hpp
[2.255s] -- Up-to-date: /home/ros2/ros2_rc/install/nav_2d_msgs/include/nav_2d_msgs/nav_2d_msgs/msg/detail/twist2_d_stamped__rosidl_typesupport_fastrtps_cpp.hpp
[2.255s] -- Up-to-date: /home/ros2/ros2_rc/install/nav_2d_msgs/include/nav_2d_msgs/nav_2d_msgs/msg/detail/path2_d__rosidl_typesupport_fastrtps_cpp.hpp
[2.255s] -- Up-to-date: /home/ros2/ros2_rc/install/nav_2d_msgs/include/nav_2d_msgs/nav_2d_msgs/msg/detail/dds_fastrtps
[2.255s] -- Up-to-date: /home/ros2/ros2_rc/install/nav_2d_msgs/include/nav_2d_msgs/nav_2d_msgs/msg/detail/twist2_d__rosidl_typesupport_fastrtps_cpp.hpp
[2.255s] -- Up-to-date: /home/ros2/ros2_rc/install/nav_2d_msgs/lib/libnav_2d_msgs__rosidl_typesupport_fastrtps_cpp.so
[2.256s] -- Up-to-date: /home/ros2/ros2_rc/install/nav_2d_msgs/include/nav_2d_msgs/nav_2d_msgs
[2.256s] -- Up-to-date: /home/ros2/ros2_rc/install/nav_2d_msgs/include/nav_2d_msgs/nav_2d_msgs/msg
[2.256s] -- Up-to-date: /home/ros2/ros2_rc/install/nav_2d_msgs/include/nav_2d_msgs/nav_2d_msgs/msg/detail
[2.256s] -- Up-to-date: /home/ros2/ros2_rc/install/nav_2d_msgs/include/nav_2d_msgs/nav_2d_msgs/msg/detail/pose2_d32__type_support.c
[2.256s] -- Up-to-date: /home/ros2/ros2_rc/install/nav_2d_msgs/include/nav_2d_msgs/nav_2d_msgs/msg/detail/twist2_d_stamped__type_support.c
[2.256s] -- Up-to-date: /home/ros2/ros2_rc/install/nav_2d_msgs/include/nav_2d_msgs/nav_2d_msgs/msg/detail/twist2_d__rosidl_typesupport_introspection_c.h
[2.257s] -- Up-to-date: /home/ros2/ros2_rc/install/nav_2d_msgs/include/nav_2d_msgs/nav_2d_msgs/msg/detail/pose2_d_stamped__rosidl_typesupport_introspection_c.h
[2.257s] -- Up-to-date: /home/ros2/ros2_rc/install/nav_2d_msgs/include/nav_2d_msgs/nav_2d_msgs/msg/detail/twist2_d32__rosidl_typesupport_introspection_c.h
[2.257s] -- Up-to-date: /home/ros2/ros2_rc/install/nav_2d_msgs/include/nav_2d_msgs/nav_2d_msgs/msg/detail/twist2_d__type_support.c
[2.257s] -- Up-to-date: /home/ros2/ros2_rc/install/nav_2d_msgs/include/nav_2d_msgs/nav_2d_msgs/msg/detail/path2_d__type_support.c
[2.257s] -- Up-to-date: /home/ros2/ros2_rc/install/nav_2d_msgs/include/nav_2d_msgs/nav_2d_msgs/msg/detail/path2_d__rosidl_typesupport_introspection_c.h
[2.257s] -- Up-to-date: /home/ros2/ros2_rc/install/nav_2d_msgs/include/nav_2d_msgs/nav_2d_msgs/msg/detail/pose2_d_stamped__type_support.c
[2.257s] -- Up-to-date: /home/ros2/ros2_rc/install/nav_2d_msgs/include/nav_2d_msgs/nav_2d_msgs/msg/detail/pose2_d32__rosidl_typesupport_introspection_c.h
[2.258s] -- Up-to-date: /home/ros2/ros2_rc/install/nav_2d_msgs/include/nav_2d_msgs/nav_2d_msgs/msg/detail/twist2_d32__type_support.c
[2.259s] -- Up-to-date: /home/ros2/ros2_rc/install/nav_2d_msgs/include/nav_2d_msgs/nav_2d_msgs/msg/detail/twist2_d_stamped__rosidl_typesupport_introspection_c.h
[2.262s] -- Up-to-date: /home/ros2/ros2_rc/install/nav_2d_msgs/include/nav_2d_msgs/nav_2d_msgs/msg/rosidl_typesupport_introspection_c__visibility_control.h
[2.263s] -- Up-to-date: /home/ros2/ros2_rc/install/nav_2d_msgs/lib/libnav_2d_msgs__rosidl_typesupport_introspection_c.so
[2.263s] -- Up-to-date: /home/ros2/ros2_rc/install/nav_2d_msgs/lib/libnav_2d_msgs__rosidl_typesupport_c.so
[2.264s] -- Up-to-date: /home/ros2/ros2_rc/install/nav_2d_msgs/include/nav_2d_msgs/nav_2d_msgs
[2.264s] -- Up-to-date: /home/ros2/ros2_rc/install/nav_2d_msgs/include/nav_2d_msgs/nav_2d_msgs/msg
[2.264s] -- Up-to-date: /home/ros2/ros2_rc/install/nav_2d_msgs/include/nav_2d_msgs/nav_2d_msgs/msg/detail
[2.264s] -- Up-to-date: /home/ros2/ros2_rc/install/nav_2d_msgs/include/nav_2d_msgs/nav_2d_msgs/msg/detail/path2_d__rosidl_typesupport_introspection_cpp.hpp
[2.264s] -- Up-to-date: /home/ros2/ros2_rc/install/nav_2d_msgs/include/nav_2d_msgs/nav_2d_msgs/msg/detail/pose2_d_stamped__type_support.cpp
[2.265s] -- Up-to-date: /home/ros2/ros2_rc/install/nav_2d_msgs/include/nav_2d_msgs/nav_2d_msgs/msg/detail/pose2_d32__rosidl_typesupport_introspection_cpp.hpp
[2.265s] -- Up-to-date: /home/ros2/ros2_rc/install/nav_2d_msgs/include/nav_2d_msgs/nav_2d_msgs/msg/detail/twist2_d32__rosidl_typesupport_introspection_cpp.hpp
[2.265s] -- Up-to-date: /home/ros2/ros2_rc/install/nav_2d_msgs/include/nav_2d_msgs/nav_2d_msgs/msg/detail/path2_d__type_support.cpp
[2.266s] -- Up-to-date: /home/ros2/ros2_rc/install/nav_2d_msgs/include/nav_2d_msgs/nav_2d_msgs/msg/detail/twist2_d__rosidl_typesupport_introspection_cpp.hpp
[2.266s] -- Up-to-date: /home/ros2/ros2_rc/install/nav_2d_msgs/include/nav_2d_msgs/nav_2d_msgs/msg/detail/pose2_d32__type_support.cpp
[2.266s] -- Up-to-date: /home/ros2/ros2_rc/install/nav_2d_msgs/include/nav_2d_msgs/nav_2d_msgs/msg/detail/twist2_d32__type_support.cpp
[2.266s] -- Up-to-date: /home/ros2/ros2_rc/install/nav_2d_msgs/include/nav_2d_msgs/nav_2d_msgs/msg/detail/twist2_d_stamped__type_support.cpp
[2.267s] -- Up-to-date: /home/ros2/ros2_rc/install/nav_2d_msgs/include/nav_2d_msgs/nav_2d_msgs/msg/detail/twist2_d__type_support.cpp
[2.267s] -- Up-to-date: /home/ros2/ros2_rc/install/nav_2d_msgs/include/nav_2d_msgs/nav_2d_msgs/msg/detail/twist2_d_stamped__rosidl_typesupport_introspection_cpp.hpp
[2.267s] -- Up-to-date: /home/ros2/ros2_rc/install/nav_2d_msgs/include/nav_2d_msgs/nav_2d_msgs/msg/detail/pose2_d_stamped__rosidl_typesupport_introspection_cpp.hpp
[2.268s] -- Up-to-date: /home/ros2/ros2_rc/install/nav_2d_msgs/lib/libnav_2d_msgs__rosidl_typesupport_introspection_cpp.so
[2.268s] -- Up-to-date: /home/ros2/ros2_rc/install/nav_2d_msgs/lib/libnav_2d_msgs__rosidl_typesupport_cpp.so
[2.268s] -- Up-to-date: /home/ros2/ros2_rc/install/nav_2d_msgs/share/nav_2d_msgs/environment/pythonpath.sh
[2.268s] -- Up-to-date: /home/ros2/ros2_rc/install/nav_2d_msgs/share/nav_2d_msgs/environment/pythonpath.dsv
[2.269s] -- Up-to-date: /home/ros2/ros2_rc/install/nav_2d_msgs/local/lib/python3.10/dist-packages/nav_2d_msgs-1.1.16-py3.10.egg-info
[2.270s] -- Installing: /home/ros2/ros2_rc/install/nav_2d_msgs/local/lib/python3.10/dist-packages/nav_2d_msgs-1.1.16-py3.10.egg-info/SOURCES.txt
[2.270s] -- Installing: /home/ros2/ros2_rc/install/nav_2d_msgs/local/lib/python3.10/dist-packages/nav_2d_msgs-1.1.16-py3.10.egg-info/PKG-INFO
[2.271s] -- Installing: /home/ros2/ros2_rc/install/nav_2d_msgs/local/lib/python3.10/dist-packages/nav_2d_msgs-1.1.16-py3.10.egg-info/top_level.txt
[2.271s] -- Installing: /home/ros2/ros2_rc/install/nav_2d_msgs/local/lib/python3.10/dist-packages/nav_2d_msgs-1.1.16-py3.10.egg-info/dependency_links.txt
[2.271s] -- Up-to-date: /home/ros2/ros2_rc/install/nav_2d_msgs/local/lib/python3.10/dist-packages/nav_2d_msgs
[2.271s] -- Up-to-date: /home/ros2/ros2_rc/install/nav_2d_msgs/local/lib/python3.10/dist-packages/nav_2d_msgs/__init__.py
[2.272s] -- Up-to-date: /home/ros2/ros2_rc/install/nav_2d_msgs/local/lib/python3.10/dist-packages/nav_2d_msgs/nav_2d_msgs_s__rosidl_typesupport_introspection_c.cpython-310-x86_64-linux-gnu.so
[2.272s] -- Up-to-date: /home/ros2/ros2_rc/install/nav_2d_msgs/local/lib/python3.10/dist-packages/nav_2d_msgs/_nav_2d_msgs_s.ep.rosidl_typesupport_fastrtps_c.c
[2.272s] -- Up-to-date: /home/ros2/ros2_rc/install/nav_2d_msgs/local/lib/python3.10/dist-packages/nav_2d_msgs/_nav_2d_msgs_s.ep.rosidl_typesupport_introspection_c.c
[2.273s] -- Up-to-date: /home/ros2/ros2_rc/install/nav_2d_msgs/local/lib/python3.10/dist-packages/nav_2d_msgs/nav_2d_msgs_s__rosidl_typesupport_fastrtps_c.cpython-310-x86_64-linux-gnu.so
[2.273s] -- Up-to-date: /home/ros2/ros2_rc/install/nav_2d_msgs/local/lib/python3.10/dist-packages/nav_2d_msgs/libnav_2d_msgs__rosidl_generator_py.so
[2.274s] -- Up-to-date: /home/ros2/ros2_rc/install/nav_2d_msgs/local/lib/python3.10/dist-packages/nav_2d_msgs/msg
[2.274s] -- Up-to-date: /home/ros2/ros2_rc/install/nav_2d_msgs/local/lib/python3.10/dist-packages/nav_2d_msgs/msg/__init__.py
[2.274s] -- Up-to-date: /home/ros2/ros2_rc/install/nav_2d_msgs/local/lib/python3.10/dist-packages/nav_2d_msgs/msg/_twist2_d.py
[2.275s] -- Up-to-date: /home/ros2/ros2_rc/install/nav_2d_msgs/local/lib/python3.10/dist-packages/nav_2d_msgs/msg/_pose2_d32_s.c
[2.275s] -- Up-to-date: /home/ros2/ros2_rc/install/nav_2d_msgs/local/lib/python3.10/dist-packages/nav_2d_msgs/msg/_pose2_d_stamped_s.c
[2.275s] -- Up-to-date: /home/ros2/ros2_rc/install/nav_2d_msgs/local/lib/python3.10/dist-packages/nav_2d_msgs/msg/_pose2_d32.py
[2.276s] -- Up-to-date: /home/ros2/ros2_rc/install/nav_2d_msgs/local/lib/python3.10/dist-packages/nav_2d_msgs/msg/_twist2_d32.py
[2.276s] -- Up-to-date: /home/ros2/ros2_rc/install/nav_2d_msgs/local/lib/python3.10/dist-packages/nav_2d_msgs/msg/_twist2_d_stamped.py
[2.276s] -- Up-to-date: /home/ros2/ros2_rc/install/nav_2d_msgs/local/lib/python3.10/dist-packages/nav_2d_msgs/msg/_twist2_d32_s.c
[2.276s] -- Up-to-date: /home/ros2/ros2_rc/install/nav_2d_msgs/local/lib/python3.10/dist-packages/nav_2d_msgs/msg/_path2_d.py
[2.276s] -- Up-to-date: /home/ros2/ros2_rc/install/nav_2d_msgs/local/lib/python3.10/dist-packages/nav_2d_msgs/msg/_twist2_d_stamped_s.c
[2.279s] -- Up-to-date: /home/ros2/ros2_rc/install/nav_2d_msgs/local/lib/python3.10/dist-packages/nav_2d_msgs/msg/_pose2_d_stamped.py
[2.279s] -- Up-to-date: /home/ros2/ros2_rc/install/nav_2d_msgs/local/lib/python3.10/dist-packages/nav_2d_msgs/msg/_path2_d_s.c
[2.280s] -- Up-to-date: /home/ros2/ros2_rc/install/nav_2d_msgs/local/lib/python3.10/dist-packages/nav_2d_msgs/msg/_twist2_d_s.c
[2.280s] -- Up-to-date: /home/ros2/ros2_rc/install/nav_2d_msgs/local/lib/python3.10/dist-packages/nav_2d_msgs/nav_2d_msgs_s__rosidl_typesupport_c.cpython-310-x86_64-linux-gnu.so
[2.281s] -- Up-to-date: /home/ros2/ros2_rc/install/nav_2d_msgs/local/lib/python3.10/dist-packages/nav_2d_msgs/_nav_2d_msgs_s.ep.rosidl_typesupport_c.c
[2.321s] Listing '/home/ros2/ros2_rc/install/nav_2d_msgs/local/lib/python3.10/dist-packages/nav_2d_msgs'...
[2.321s] Listing '/home/ros2/ros2_rc/install/nav_2d_msgs/local/lib/python3.10/dist-packages/nav_2d_msgs/msg'...
[2.340s] -- Up-to-date: /home/ros2/ros2_rc/install/nav_2d_msgs/local/lib/python3.10/dist-packages/nav_2d_msgs/nav_2d_msgs_s__rosidl_typesupport_fastrtps_c.cpython-310-x86_64-linux-gnu.so
[2.340s] -- Up-to-date: /home/ros2/ros2_rc/install/nav_2d_msgs/local/lib/python3.10/dist-packages/nav_2d_msgs/nav_2d_msgs_s__rosidl_typesupport_introspection_c.cpython-310-x86_64-linux-gnu.so
[2.340s] -- Up-to-date: /home/ros2/ros2_rc/install/nav_2d_msgs/local/lib/python3.10/dist-packages/nav_2d_msgs/nav_2d_msgs_s__rosidl_typesupport_c.cpython-310-x86_64-linux-gnu.so
[2.340s] -- Up-to-date: /home/ros2/ros2_rc/install/nav_2d_msgs/lib/libnav_2d_msgs__rosidl_generator_py.so
[2.340s] -- Up-to-date: /home/ros2/ros2_rc/install/nav_2d_msgs/share/nav_2d_msgs/msg/Path2D.idl
[2.340s] -- Up-to-date: /home/ros2/ros2_rc/install/nav_2d_msgs/share/nav_2d_msgs/msg/Pose2D32.idl
[2.340s] -- Up-to-date: /home/ros2/ros2_rc/install/nav_2d_msgs/share/nav_2d_msgs/msg/Pose2DStamped.idl
[2.340s] -- Up-to-date: /home/ros2/ros2_rc/install/nav_2d_msgs/share/nav_2d_msgs/msg/Twist2D.idl
[2.341s] -- Up-to-date: /home/ros2/ros2_rc/install/nav_2d_msgs/share/nav_2d_msgs/msg/Twist2D32.idl
[2.341s] -- Up-to-date: /home/ros2/ros2_rc/install/nav_2d_msgs/share/nav_2d_msgs/msg/Twist2DStamped.idl
[2.341s] -- Up-to-date: /home/ros2/ros2_rc/install/nav_2d_msgs/share/nav_2d_msgs/msg/Path2D.msg
[2.341s] -- Up-to-date: /home/ros2/ros2_rc/install/nav_2d_msgs/share/nav_2d_msgs/msg/Pose2D32.msg
[2.341s] -- Up-to-date: /home/ros2/ros2_rc/install/nav_2d_msgs/share/nav_2d_msgs/msg/Pose2DStamped.msg
[2.341s] -- Up-to-date: /home/ros2/ros2_rc/install/nav_2d_msgs/share/nav_2d_msgs/msg/Twist2D.msg
[2.341s] -- Up-to-date: /home/ros2/ros2_rc/install/nav_2d_msgs/share/nav_2d_msgs/msg/Twist2D32.msg
[2.341s] -- Up-to-date: /home/ros2/ros2_rc/install/nav_2d_msgs/share/nav_2d_msgs/msg/Twist2DStamped.msg
[2.341s] -- Up-to-date: /home/ros2/ros2_rc/install/nav_2d_msgs/share/ament_index/resource_index/package_run_dependencies/nav_2d_msgs
[2.341s] -- Up-to-date: /home/ros2/ros2_rc/install/nav_2d_msgs/share/ament_index/resource_index/parent_prefix_path/nav_2d_msgs
[2.341s] -- Up-to-date: /home/ros2/ros2_rc/install/nav_2d_msgs/share/nav_2d_msgs/environment/ament_prefix_path.sh
[2.342s] -- Up-to-date: /home/ros2/ros2_rc/install/nav_2d_msgs/share/nav_2d_msgs/environment/ament_prefix_path.dsv
[2.342s] -- Up-to-date: /home/ros2/ros2_rc/install/nav_2d_msgs/share/nav_2d_msgs/environment/path.sh
[2.342s] -- Up-to-date: /home/ros2/ros2_rc/install/nav_2d_msgs/share/nav_2d_msgs/environment/path.dsv
[2.342s] -- Up-to-date: /home/ros2/ros2_rc/install/nav_2d_msgs/share/nav_2d_msgs/local_setup.bash
[2.342s] -- Up-to-date: /home/ros2/ros2_rc/install/nav_2d_msgs/share/nav_2d_msgs/local_setup.sh
[2.342s] -- Up-to-date: /home/ros2/ros2_rc/install/nav_2d_msgs/share/nav_2d_msgs/local_setup.zsh
[2.342s] -- Up-to-date: /home/ros2/ros2_rc/install/nav_2d_msgs/share/nav_2d_msgs/local_setup.dsv
[2.342s] -- Installing: /home/ros2/ros2_rc/install/nav_2d_msgs/share/nav_2d_msgs/package.dsv
[2.342s] -- Up-to-date: /home/ros2/ros2_rc/install/nav_2d_msgs/share/ament_index/resource_index/packages/nav_2d_msgs
[2.342s] -- Up-to-date: /home/ros2/ros2_rc/install/nav_2d_msgs/share/nav_2d_msgs/cmake/export_nav_2d_msgs__rosidl_generator_cExport.cmake
[2.342s] -- Up-to-date: /home/ros2/ros2_rc/install/nav_2d_msgs/share/nav_2d_msgs/cmake/export_nav_2d_msgs__rosidl_generator_cExport-noconfig.cmake
[2.343s] -- Up-to-date: /home/ros2/ros2_rc/install/nav_2d_msgs/share/nav_2d_msgs/cmake/export_nav_2d_msgs__rosidl_typesupport_fastrtps_cExport.cmake
[2.343s] -- Up-to-date: /home/ros2/ros2_rc/install/nav_2d_msgs/share/nav_2d_msgs/cmake/export_nav_2d_msgs__rosidl_typesupport_fastrtps_cExport-noconfig.cmake
[2.343s] -- Up-to-date: /home/ros2/ros2_rc/install/nav_2d_msgs/share/nav_2d_msgs/cmake/export_nav_2d_msgs__rosidl_generator_cppExport.cmake
[2.343s] -- Up-to-date: /home/ros2/ros2_rc/install/nav_2d_msgs/share/nav_2d_msgs/cmake/export_nav_2d_msgs__rosidl_typesupport_fastrtps_cppExport.cmake
[2.343s] -- Up-to-date: /home/ros2/ros2_rc/install/nav_2d_msgs/share/nav_2d_msgs/cmake/export_nav_2d_msgs__rosidl_typesupport_fastrtps_cppExport-noconfig.cmake
[2.343s] -- Up-to-date: /home/ros2/ros2_rc/install/nav_2d_msgs/share/nav_2d_msgs/cmake/nav_2d_msgs__rosidl_typesupport_introspection_cExport.cmake
[2.343s] -- Up-to-date: /home/ros2/ros2_rc/install/nav_2d_msgs/share/nav_2d_msgs/cmake/nav_2d_msgs__rosidl_typesupport_introspection_cExport-noconfig.cmake
[2.343s] -- Up-to-date: /home/ros2/ros2_rc/install/nav_2d_msgs/share/nav_2d_msgs/cmake/nav_2d_msgs__rosidl_typesupport_cExport.cmake
[2.344s] -- Up-to-date: /home/ros2/ros2_rc/install/nav_2d_msgs/share/nav_2d_msgs/cmake/nav_2d_msgs__rosidl_typesupport_cExport-noconfig.cmake
[2.344s] -- Up-to-date: /home/ros2/ros2_rc/install/nav_2d_msgs/share/nav_2d_msgs/cmake/nav_2d_msgs__rosidl_typesupport_introspection_cppExport.cmake
[2.344s] -- Up-to-date: /home/ros2/ros2_rc/install/nav_2d_msgs/share/nav_2d_msgs/cmake/nav_2d_msgs__rosidl_typesupport_introspection_cppExport-noconfig.cmake
[2.344s] -- Up-to-date: /home/ros2/ros2_rc/install/nav_2d_msgs/share/nav_2d_msgs/cmake/nav_2d_msgs__rosidl_typesupport_cppExport.cmake
[2.344s] -- Up-to-date: /home/ros2/ros2_rc/install/nav_2d_msgs/share/nav_2d_msgs/cmake/nav_2d_msgs__rosidl_typesupport_cppExport-noconfig.cmake
[2.344s] -- Up-to-date: /home/ros2/ros2_rc/install/nav_2d_msgs/share/nav_2d_msgs/cmake/export_nav_2d_msgs__rosidl_generator_pyExport.cmake
[2.344s] -- Up-to-date: /home/ros2/ros2_rc/install/nav_2d_msgs/share/nav_2d_msgs/cmake/export_nav_2d_msgs__rosidl_generator_pyExport-noconfig.cmake
[2.344s] -- Up-to-date: /home/ros2/ros2_rc/install/nav_2d_msgs/share/nav_2d_msgs/cmake/rosidl_cmake-extras.cmake
[2.344s] -- Up-to-date: /home/ros2/ros2_rc/install/nav_2d_msgs/share/nav_2d_msgs/cmake/ament_cmake_export_dependencies-extras.cmake
[2.344s] -- Up-to-date: /home/ros2/ros2_rc/install/nav_2d_msgs/share/nav_2d_msgs/cmake/ament_cmake_export_include_directories-extras.cmake
[2.344s] -- Up-to-date: /home/ros2/ros2_rc/install/nav_2d_msgs/share/nav_2d_msgs/cmake/ament_cmake_export_libraries-extras.cmake
[2.344s] -- Up-to-date: /home/ros2/ros2_rc/install/nav_2d_msgs/share/nav_2d_msgs/cmake/ament_cmake_export_targets-extras.cmake
[2.344s] -- Up-to-date: /home/ros2/ros2_rc/install/nav_2d_msgs/share/nav_2d_msgs/cmake/rosidl_cmake_export_typesupport_targets-extras.cmake
[2.344s] -- Up-to-date: /home/ros2/ros2_rc/install/nav_2d_msgs/share/nav_2d_msgs/cmake/rosidl_cmake_export_typesupport_libraries-extras.cmake
[2.345s] -- Up-to-date: /home/ros2/ros2_rc/install/nav_2d_msgs/share/nav_2d_msgs/cmake/nav_2d_msgsConfig.cmake
[2.345s] -- Up-to-date: /home/ros2/ros2_rc/install/nav_2d_msgs/share/nav_2d_msgs/cmake/nav_2d_msgsConfig-version.cmake
[2.345s] -- Up-to-date: /home/ros2/ros2_rc/install/nav_2d_msgs/share/nav_2d_msgs/package.xml
[2.351s] Invoked command in '/home/ros2/ros2_rc/build/nav_2d_msgs' returned '0': CMAKE_PREFIX_PATH=${CMAKE_PREFIX_PATH}:/home/ros2/ros2_rc/install/nav2_simple_commander:/home/ros2/ros2_rc/src/install/nav2_simple_commander:/opt/ros/humble /usr/bin/cmake --install /home/ros2/ros2_rc/build/nav_2d_msgs
