[0.070s] Invoking command in '/home/ros2/ros2_rc/src/build/nav_2d_utils': CMAKE_PREFIX_PATH=/home/ros2/ros2_rc/src/install/nav2_util:/home/ros2/ros2_rc/src/install/nav2_msgs:/home/ros2/ros2_rc/src/install/nav_2d_msgs:/home/ros2/ros2_rc/src/install/nav2_common:/home/ros2/ros2_rc/src/install/smartcar_msgs:/home/ros2/ros2_rc/src/install/smart_car:/home/ros2/ros2_rc/src/install/ros2_rc:/home/ros2/ros2_rc/src/install/nav_2d_utils:/home/ros2/ros2_rc/src/install/dwb_msgs:/home/ros2/ros2_rc/src/install/nav2_voxel_grid:/home/ros2/ros2_rc/src/install/nav2_velocity_smoother:/home/ros2/ros2_rc/src/install/nav2_rviz_plugins:/home/ros2/ros2_rc/src/install/nav2_map_server:/home/ros2/ros2_rc/src/install/nav2_lifecycle_manager:/home/ros2/ros2_rc/src/install/nav2_amcl:/home/ros2/ros2_rc/src/install/car_gazebo_plugin:/home/ros2/ros2_rc/src/install/nav2_simple_commander:/opt/ros/humble LD_LIBRARY_PATH=/home/ros2/ros2_rc/src/install/nav2_util/lib:/home/ros2/ros2_rc/src/install/nav2_msgs/lib:/home/ros2/ros2_rc/src/install/nav_2d_msgs/lib:/home/ros2/ros2_rc/src/install/smartcar_msgs/lib:/home/ros2/ros2_rc/src/install/nav_2d_utils/lib:/home/ros2/ros2_rc/src/install/dwb_msgs/lib:/home/ros2/ros2_rc/src/install/nav2_voxel_grid/lib:/home/ros2/ros2_rc/src/install/nav2_velocity_smoother/lib:/home/ros2/ros2_rc/src/install/nav2_rviz_plugins/lib:/home/ros2/ros2_rc/src/install/nav2_map_server/lib:/home/ros2/ros2_rc/src/install/nav2_lifecycle_manager/lib:/home/ros2/ros2_rc/src/install/nav2_amcl/lib:/home/ros2/ros2_rc/src/install/car_gazebo_plugin/lib:/usr/lib/x86_64-linux-gnu/gazebo-11/plugins:/opt/ros/humble/opt/rviz_ogre_vendor/lib:/opt/ros/humble/lib/x86_64-linux-gnu:/opt/ros/humble/lib:/usr/lib/x86_64-linux-gnu/gazebo-11/plugins /usr/bin/cmake --build /home/ros2/ros2_rc/src/build/nav_2d_utils -- -j9 -l9
[0.221s] [35m[1mConsolidate compiler generated dependencies of target conversions[0m
[0.222s] [35m[1mConsolidate compiler generated dependencies of target path_ops[0m
[0.240s] [35m[1mConsolidate compiler generated dependencies of target gtest_main[0m
[0.242s] [35m[1mConsolidate compiler generated dependencies of target gtest[0m
[0.269s] [ 12%] Built target conversions
[0.291s] [ 25%] Built target path_ops
[0.299s] [ 37%] Built target gtest_main
[0.312s] [ 50%] Built target gtest
[0.375s] [35m[1mConsolidate compiler generated dependencies of target tf_help[0m
[0.391s] [35m[1mConsolidate compiler generated dependencies of target path_ops_tests[0m
[0.395s] [35m[1mConsolidate compiler generated dependencies of target 2d_utils_tests[0m
[0.466s] [ 62%] Built target path_ops_tests
[0.480s] [ 75%] Built target tf_help
[0.488s] [ 87%] Built target 2d_utils_tests
[0.540s] [35m[1mConsolidate compiler generated dependencies of target tf_help_tests[0m
[0.597s] [100%] Built target tf_help_tests
[0.667s] Invoked command in '/home/ros2/ros2_rc/src/build/nav_2d_utils' returned '0': CMAKE_PREFIX_PATH=/home/ros2/ros2_rc/src/install/nav2_util:/home/ros2/ros2_rc/src/install/nav2_msgs:/home/ros2/ros2_rc/src/install/nav_2d_msgs:/home/ros2/ros2_rc/src/install/nav2_common:/home/ros2/ros2_rc/src/install/smartcar_msgs:/home/ros2/ros2_rc/src/install/smart_car:/home/ros2/ros2_rc/src/install/ros2_rc:/home/ros2/ros2_rc/src/install/nav_2d_utils:/home/ros2/ros2_rc/src/install/dwb_msgs:/home/ros2/ros2_rc/src/install/nav2_voxel_grid:/home/ros2/ros2_rc/src/install/nav2_velocity_smoother:/home/ros2/ros2_rc/src/install/nav2_rviz_plugins:/home/ros2/ros2_rc/src/install/nav2_map_server:/home/ros2/ros2_rc/src/install/nav2_lifecycle_manager:/home/ros2/ros2_rc/src/install/nav2_amcl:/home/ros2/ros2_rc/src/install/car_gazebo_plugin:/home/ros2/ros2_rc/src/install/nav2_simple_commander:/opt/ros/humble LD_LIBRARY_PATH=/home/ros2/ros2_rc/src/install/nav2_util/lib:/home/ros2/ros2_rc/src/install/nav2_msgs/lib:/home/ros2/ros2_rc/src/install/nav_2d_msgs/lib:/home/ros2/ros2_rc/src/install/smartcar_msgs/lib:/home/ros2/ros2_rc/src/install/nav_2d_utils/lib:/home/ros2/ros2_rc/src/install/dwb_msgs/lib:/home/ros2/ros2_rc/src/install/nav2_voxel_grid/lib:/home/ros2/ros2_rc/src/install/nav2_velocity_smoother/lib:/home/ros2/ros2_rc/src/install/nav2_rviz_plugins/lib:/home/ros2/ros2_rc/src/install/nav2_map_server/lib:/home/ros2/ros2_rc/src/install/nav2_lifecycle_manager/lib:/home/ros2/ros2_rc/src/install/nav2_amcl/lib:/home/ros2/ros2_rc/src/install/car_gazebo_plugin/lib:/usr/lib/x86_64-linux-gnu/gazebo-11/plugins:/opt/ros/humble/opt/rviz_ogre_vendor/lib:/opt/ros/humble/lib/x86_64-linux-gnu:/opt/ros/humble/lib:/usr/lib/x86_64-linux-gnu/gazebo-11/plugins /usr/bin/cmake --build /home/ros2/ros2_rc/src/build/nav_2d_utils -- -j9 -l9
[0.865s] Invoking command in '/home/ros2/ros2_rc/src/build/nav_2d_utils': CMAKE_PREFIX_PATH=/home/ros2/ros2_rc/src/install/nav2_util:/home/ros2/ros2_rc/src/install/nav2_msgs:/home/ros2/ros2_rc/src/install/nav_2d_msgs:/home/ros2/ros2_rc/src/install/nav2_common:/home/ros2/ros2_rc/src/install/smartcar_msgs:/home/ros2/ros2_rc/src/install/smart_car:/home/ros2/ros2_rc/src/install/ros2_rc:/home/ros2/ros2_rc/src/install/nav_2d_utils:/home/ros2/ros2_rc/src/install/dwb_msgs:/home/ros2/ros2_rc/src/install/nav2_voxel_grid:/home/ros2/ros2_rc/src/install/nav2_velocity_smoother:/home/ros2/ros2_rc/src/install/nav2_rviz_plugins:/home/ros2/ros2_rc/src/install/nav2_map_server:/home/ros2/ros2_rc/src/install/nav2_lifecycle_manager:/home/ros2/ros2_rc/src/install/nav2_amcl:/home/ros2/ros2_rc/src/install/car_gazebo_plugin:/home/ros2/ros2_rc/src/install/nav2_simple_commander:/opt/ros/humble LD_LIBRARY_PATH=/home/ros2/ros2_rc/src/install/nav2_util/lib:/home/ros2/ros2_rc/src/install/nav2_msgs/lib:/home/ros2/ros2_rc/src/install/nav_2d_msgs/lib:/home/ros2/ros2_rc/src/install/smartcar_msgs/lib:/home/ros2/ros2_rc/src/install/nav_2d_utils/lib:/home/ros2/ros2_rc/src/install/dwb_msgs/lib:/home/ros2/ros2_rc/src/install/nav2_voxel_grid/lib:/home/ros2/ros2_rc/src/install/nav2_velocity_smoother/lib:/home/ros2/ros2_rc/src/install/nav2_rviz_plugins/lib:/home/ros2/ros2_rc/src/install/nav2_map_server/lib:/home/ros2/ros2_rc/src/install/nav2_lifecycle_manager/lib:/home/ros2/ros2_rc/src/install/nav2_amcl/lib:/home/ros2/ros2_rc/src/install/car_gazebo_plugin/lib:/usr/lib/x86_64-linux-gnu/gazebo-11/plugins:/opt/ros/humble/opt/rviz_ogre_vendor/lib:/opt/ros/humble/lib/x86_64-linux-gnu:/opt/ros/humble/lib:/usr/lib/x86_64-linux-gnu/gazebo-11/plugins /usr/bin/cmake --install /home/ros2/ros2_rc/src/build/nav_2d_utils
[0.898s] -- Install configuration: "Release"
[0.898s] -- Up-to-date: /home/ros2/ros2_rc/src/install/nav_2d_utils/lib/libconversions.so
[0.898s] -- Up-to-date: /home/ros2/ros2_rc/src/install/nav_2d_utils/lib/libpath_ops.so
[0.900s] -- Up-to-date: /home/ros2/ros2_rc/src/install/nav_2d_utils/lib/libtf_help.so
[0.900s] -- Up-to-date: /home/ros2/ros2_rc/src/install/nav_2d_utils/include/
[0.900s] -- Up-to-date: /home/ros2/ros2_rc/src/install/nav_2d_utils/include//nav_2d_utils
[0.901s] -- Up-to-date: /home/ros2/ros2_rc/src/install/nav_2d_utils/include//nav_2d_utils/conversions.hpp
[0.901s] -- Up-to-date: /home/ros2/ros2_rc/src/install/nav_2d_utils/include//nav_2d_utils/odom_subscriber.hpp
[0.901s] -- Up-to-date: /home/ros2/ros2_rc/src/install/nav_2d_utils/include//nav_2d_utils/parameters.hpp
[0.901s] -- Up-to-date: /home/ros2/ros2_rc/src/install/nav_2d_utils/include//nav_2d_utils/path_ops.hpp
[0.901s] -- Up-to-date: /home/ros2/ros2_rc/src/install/nav_2d_utils/include//nav_2d_utils/tf_help.hpp
[0.902s] -- Up-to-date: /home/ros2/ros2_rc/src/install/nav_2d_utils/share/nav_2d_utils/environment/library_path.sh
[0.902s] -- Up-to-date: /home/ros2/ros2_rc/src/install/nav_2d_utils/share/nav_2d_utils/environment/library_path.dsv
[0.902s] -- Up-to-date: /home/ros2/ros2_rc/src/install/nav_2d_utils/share/ament_index/resource_index/package_run_dependencies/nav_2d_utils
[0.907s] -- Up-to-date: /home/ros2/ros2_rc/src/install/nav_2d_utils/share/ament_index/resource_index/parent_prefix_path/nav_2d_utils
[0.908s] -- Up-to-date: /home/ros2/ros2_rc/src/install/nav_2d_utils/share/nav_2d_utils/environment/ament_prefix_path.sh
[0.908s] -- Up-to-date: /home/ros2/ros2_rc/src/install/nav_2d_utils/share/nav_2d_utils/environment/ament_prefix_path.dsv
[0.908s] -- Up-to-date: /home/ros2/ros2_rc/src/install/nav_2d_utils/share/nav_2d_utils/environment/path.sh
[0.908s] -- Up-to-date: /home/ros2/ros2_rc/src/install/nav_2d_utils/share/nav_2d_utils/environment/path.dsv
[0.908s] -- Up-to-date: /home/ros2/ros2_rc/src/install/nav_2d_utils/share/nav_2d_utils/local_setup.bash
[0.908s] -- Up-to-date: /home/ros2/ros2_rc/src/install/nav_2d_utils/share/nav_2d_utils/local_setup.sh
[0.908s] -- Up-to-date: /home/ros2/ros2_rc/src/install/nav_2d_utils/share/nav_2d_utils/local_setup.zsh
[0.908s] -- Up-to-date: /home/ros2/ros2_rc/src/install/nav_2d_utils/share/nav_2d_utils/local_setup.dsv
[0.908s] -- Installing: /home/ros2/ros2_rc/src/install/nav_2d_utils/share/nav_2d_utils/package.dsv
[0.914s] -- Up-to-date: /home/ros2/ros2_rc/src/install/nav_2d_utils/share/ament_index/resource_index/packages/nav_2d_utils
[0.914s] -- Up-to-date: /home/ros2/ros2_rc/src/install/nav_2d_utils/share/nav_2d_utils/cmake/ament_cmake_export_include_directories-extras.cmake
[0.914s] -- Up-to-date: /home/ros2/ros2_rc/src/install/nav_2d_utils/share/nav_2d_utils/cmake/ament_cmake_export_libraries-extras.cmake
[0.917s] -- Up-to-date: /home/ros2/ros2_rc/src/install/nav_2d_utils/share/nav_2d_utils/cmake/ament_cmake_export_dependencies-extras.cmake
[0.918s] -- Up-to-date: /home/ros2/ros2_rc/src/install/nav_2d_utils/share/nav_2d_utils/cmake/nav_2d_utilsConfig.cmake
[0.918s] -- Up-to-date: /home/ros2/ros2_rc/src/install/nav_2d_utils/share/nav_2d_utils/cmake/nav_2d_utilsConfig-version.cmake
[0.918s] -- Up-to-date: /home/ros2/ros2_rc/src/install/nav_2d_utils/share/nav_2d_utils/package.xml
[0.936s] Invoked command in '/home/ros2/ros2_rc/src/build/nav_2d_utils' returned '0': CMAKE_PREFIX_PATH=/home/ros2/ros2_rc/src/install/nav2_util:/home/ros2/ros2_rc/src/install/nav2_msgs:/home/ros2/ros2_rc/src/install/nav_2d_msgs:/home/ros2/ros2_rc/src/install/nav2_common:/home/ros2/ros2_rc/src/install/smartcar_msgs:/home/ros2/ros2_rc/src/install/smart_car:/home/ros2/ros2_rc/src/install/ros2_rc:/home/ros2/ros2_rc/src/install/nav_2d_utils:/home/ros2/ros2_rc/src/install/dwb_msgs:/home/ros2/ros2_rc/src/install/nav2_voxel_grid:/home/ros2/ros2_rc/src/install/nav2_velocity_smoother:/home/ros2/ros2_rc/src/install/nav2_rviz_plugins:/home/ros2/ros2_rc/src/install/nav2_map_server:/home/ros2/ros2_rc/src/install/nav2_lifecycle_manager:/home/ros2/ros2_rc/src/install/nav2_amcl:/home/ros2/ros2_rc/src/install/car_gazebo_plugin:/home/ros2/ros2_rc/src/install/nav2_simple_commander:/opt/ros/humble LD_LIBRARY_PATH=/home/ros2/ros2_rc/src/install/nav2_util/lib:/home/ros2/ros2_rc/src/install/nav2_msgs/lib:/home/ros2/ros2_rc/src/install/nav_2d_msgs/lib:/home/ros2/ros2_rc/src/install/smartcar_msgs/lib:/home/ros2/ros2_rc/src/install/nav_2d_utils/lib:/home/ros2/ros2_rc/src/install/dwb_msgs/lib:/home/ros2/ros2_rc/src/install/nav2_voxel_grid/lib:/home/ros2/ros2_rc/src/install/nav2_velocity_smoother/lib:/home/ros2/ros2_rc/src/install/nav2_rviz_plugins/lib:/home/ros2/ros2_rc/src/install/nav2_map_server/lib:/home/ros2/ros2_rc/src/install/nav2_lifecycle_manager/lib:/home/ros2/ros2_rc/src/install/nav2_amcl/lib:/home/ros2/ros2_rc/src/install/car_gazebo_plugin/lib:/usr/lib/x86_64-linux-gnu/gazebo-11/plugins:/opt/ros/humble/opt/rviz_ogre_vendor/lib:/opt/ros/humble/lib/x86_64-linux-gnu:/opt/ros/humble/lib:/usr/lib/x86_64-linux-gnu/gazebo-11/plugins /usr/bin/cmake --install /home/ros2/ros2_rc/src/build/nav_2d_utils
