[0.040s] Invoking command in '/home/ros2/ros2_rc/src/build/dwb_msgs': CMAKE_PREFIX_PATH=/home/ros2/ros2_rc/src/install/nav_2d_msgs:/home/ros2/ros2_rc/src/install/smartcar_msgs:/home/ros2/ros2_rc/src/install/smart_car:/home/ros2/ros2_rc/src/install/ros2_rc:/home/ros2/ros2_rc/src/install/nav2_controller:/home/ros2/ros2_rc/src/install/dwb_core:/home/ros2/ros2_rc/src/install/nav_2d_utils:/home/ros2/ros2_rc/src/install/dwb_msgs:/home/ros2/ros2_rc/src/install/nav2_regulated_pure_pursuit_controller:/home/ros2/ros2_rc/src/install/nav2_planner:/home/ros2/ros2_rc/src/install/nav2_navfn_planner:/home/ros2/ros2_rc/src/install/nav2_constrained_smoother:/home/ros2/ros2_rc/src/install/nav2_bt_navigator:/home/ros2/ros2_rc/src/install/nav2_behaviors:/home/ros2/ros2_rc/src/install/nav2_core:/home/ros2/ros2_rc/src/install/nav2_collision_monitor:/home/ros2/ros2_rc/src/install/costmap_queue:/home/ros2/ros2_rc/src/install/nav2_costmap_2d:/home/ros2/ros2_rc/src/install/nav2_voxel_grid:/home/ros2/ros2_rc/src/install/nav2_velocity_smoother:/home/ros2/ros2_rc/src/install/nav2_rviz_plugins:/home/ros2/ros2_rc/src/install/nav2_map_server:/home/ros2/ros2_rc/src/install/nav2_lifecycle_manager:/home/ros2/ros2_rc/src/install/nav2_behavior_tree:/home/ros2/ros2_rc/src/install/nav2_amcl:/home/ros2/ros2_rc/src/install/nav2_util:/home/ros2/ros2_rc/src/install/nav2_msgs:/home/ros2/ros2_rc/src/install/nav2_common:/home/ros2/ros2_rc/src/install/car_gazebo_plugin:/home/ros2/ros2_rc/src/install/dwb_plugins:/home/ros2/ros2_rc/src/install/nav2_theta_star_planner:/home/ros2/ros2_rc/src/install/nav2_simple_commander:/opt/ros/humble LD_LIBRARY_PATH=/home/ros2/ros2_rc/src/install/nav_2d_msgs/lib:/home/ros2/ros2_rc/src/install/smartcar_msgs/lib:/home/ros2/ros2_rc/src/install/nav2_controller/lib:/home/ros2/ros2_rc/src/install/dwb_plugins/lib:/home/ros2/ros2_rc/src/install/dwb_core/lib:/home/ros2/ros2_rc/src/install/nav_2d_utils/lib:/home/ros2/ros2_rc/src/install/dwb_msgs/lib:/home/ros2/ros2_rc/src/install/nav2_theta_star_planner/lib:/home/ros2/ros2_rc/src/install/nav2_regulated_pure_pursuit_controller/lib:/home/ros2/ros2_rc/src/install/nav2_planner/lib:/home/ros2/ros2_rc/src/install/nav2_navfn_planner/lib:/home/ros2/ros2_rc/src/install/nav2_constrained_smoother/lib:/home/ros2/ros2_rc/src/install/nav2_bt_navigator/lib:/home/ros2/ros2_rc/src/install/nav2_behaviors/lib:/home/ros2/ros2_rc/src/install/nav2_collision_monitor/lib:/home/ros2/ros2_rc/src/install/costmap_queue/lib:/home/ros2/ros2_rc/src/install/nav2_costmap_2d/lib:/home/ros2/ros2_rc/src/install/nav2_voxel_grid/lib:/home/ros2/ros2_rc/src/install/nav2_velocity_smoother/lib:/home/ros2/ros2_rc/src/install/nav2_rviz_plugins/lib:/home/ros2/ros2_rc/src/install/nav2_map_server/lib:/home/ros2/ros2_rc/src/install/nav2_lifecycle_manager/lib:/home/ros2/ros2_rc/src/install/nav2_behavior_tree/lib:/home/ros2/ros2_rc/src/install/nav2_amcl/lib:/home/ros2/ros2_rc/src/install/nav2_util/lib:/home/ros2/ros2_rc/src/install/nav2_msgs/lib:/home/ros2/ros2_rc/src/install/car_gazebo_plugin/lib:/usr/lib/x86_64-linux-gnu/gazebo-11/plugins:/opt/ros/humble/opt/rviz_ogre_vendor/lib:/opt/ros/humble/lib/x86_64-linux-gnu:/opt/ros/humble/lib:/usr/lib/x86_64-linux-gnu/gazebo-11/plugins /usr/bin/cmake --build /home/ros2/ros2_rc/src/build/dwb_msgs -- -j10 -l10
[0.185s] [  1%] Built target dwb_msgs__cpp
[0.195s] [ 12%] Built target dwb_msgs__rosidl_generator_c
[0.232s] [ 12%] Built target ament_cmake_python_copy_dwb_msgs
[0.262s] [ 24%] Built target dwb_msgs__rosidl_typesupport_cpp
[0.269s] [ 35%] Built target dwb_msgs__rosidl_typesupport_fastrtps_cpp
[0.271s] [ 56%] Built target dwb_msgs__rosidl_typesupport_c
[0.272s] [ 58%] Built target dwb_msgs__rosidl_typesupport_introspection_cpp
[0.278s] [ 70%] Built target dwb_msgs__rosidl_typesupport_introspection_c
[0.280s] [ 82%] Built target dwb_msgs__rosidl_typesupport_fastrtps_c
[0.342s] [ 82%] Built target dwb_msgs
[0.400s] [ 83%] Built target dwb_msgs__py
[0.465s] [ 93%] Built target dwb_msgs__rosidl_generator_py
[0.524s] [ 95%] Built target dwb_msgs__rosidl_typesupport_introspection_c__pyext
[0.526s] [ 97%] Built target dwb_msgs__rosidl_typesupport_fastrtps_c__pyext
[0.527s] [100%] Built target dwb_msgs__rosidl_typesupport_c__pyext
[0.752s] running egg_info
[0.753s] writing dwb_msgs.egg-info/PKG-INFO
[0.754s] writing dependency_links to dwb_msgs.egg-info/dependency_links.txt
[0.754s] writing top-level names to dwb_msgs.egg-info/top_level.txt
[0.759s] reading manifest file 'dwb_msgs.egg-info/SOURCES.txt'
[0.761s] writing manifest file 'dwb_msgs.egg-info/SOURCES.txt'
[0.817s] [100%] Built target ament_cmake_python_build_dwb_msgs_egg
[0.842s] Invoked command in '/home/ros2/ros2_rc/src/build/dwb_msgs' returned '0': CMAKE_PREFIX_PATH=/home/ros2/ros2_rc/src/install/nav_2d_msgs:/home/ros2/ros2_rc/src/install/smartcar_msgs:/home/ros2/ros2_rc/src/install/smart_car:/home/ros2/ros2_rc/src/install/ros2_rc:/home/ros2/ros2_rc/src/install/nav2_controller:/home/ros2/ros2_rc/src/install/dwb_core:/home/ros2/ros2_rc/src/install/nav_2d_utils:/home/ros2/ros2_rc/src/install/dwb_msgs:/home/ros2/ros2_rc/src/install/nav2_regulated_pure_pursuit_controller:/home/ros2/ros2_rc/src/install/nav2_planner:/home/ros2/ros2_rc/src/install/nav2_navfn_planner:/home/ros2/ros2_rc/src/install/nav2_constrained_smoother:/home/ros2/ros2_rc/src/install/nav2_bt_navigator:/home/ros2/ros2_rc/src/install/nav2_behaviors:/home/ros2/ros2_rc/src/install/nav2_core:/home/ros2/ros2_rc/src/install/nav2_collision_monitor:/home/ros2/ros2_rc/src/install/costmap_queue:/home/ros2/ros2_rc/src/install/nav2_costmap_2d:/home/ros2/ros2_rc/src/install/nav2_voxel_grid:/home/ros2/ros2_rc/src/install/nav2_velocity_smoother:/home/ros2/ros2_rc/src/install/nav2_rviz_plugins:/home/ros2/ros2_rc/src/install/nav2_map_server:/home/ros2/ros2_rc/src/install/nav2_lifecycle_manager:/home/ros2/ros2_rc/src/install/nav2_behavior_tree:/home/ros2/ros2_rc/src/install/nav2_amcl:/home/ros2/ros2_rc/src/install/nav2_util:/home/ros2/ros2_rc/src/install/nav2_msgs:/home/ros2/ros2_rc/src/install/nav2_common:/home/ros2/ros2_rc/src/install/car_gazebo_plugin:/home/ros2/ros2_rc/src/install/dwb_plugins:/home/ros2/ros2_rc/src/install/nav2_theta_star_planner:/home/ros2/ros2_rc/src/install/nav2_simple_commander:/opt/ros/humble LD_LIBRARY_PATH=/home/ros2/ros2_rc/src/install/nav_2d_msgs/lib:/home/ros2/ros2_rc/src/install/smartcar_msgs/lib:/home/ros2/ros2_rc/src/install/nav2_controller/lib:/home/ros2/ros2_rc/src/install/dwb_plugins/lib:/home/ros2/ros2_rc/src/install/dwb_core/lib:/home/ros2/ros2_rc/src/install/nav_2d_utils/lib:/home/ros2/ros2_rc/src/install/dwb_msgs/lib:/home/ros2/ros2_rc/src/install/nav2_theta_star_planner/lib:/home/ros2/ros2_rc/src/install/nav2_regulated_pure_pursuit_controller/lib:/home/ros2/ros2_rc/src/install/nav2_planner/lib:/home/ros2/ros2_rc/src/install/nav2_navfn_planner/lib:/home/ros2/ros2_rc/src/install/nav2_constrained_smoother/lib:/home/ros2/ros2_rc/src/install/nav2_bt_navigator/lib:/home/ros2/ros2_rc/src/install/nav2_behaviors/lib:/home/ros2/ros2_rc/src/install/nav2_collision_monitor/lib:/home/ros2/ros2_rc/src/install/costmap_queue/lib:/home/ros2/ros2_rc/src/install/nav2_costmap_2d/lib:/home/ros2/ros2_rc/src/install/nav2_voxel_grid/lib:/home/ros2/ros2_rc/src/install/nav2_velocity_smoother/lib:/home/ros2/ros2_rc/src/install/nav2_rviz_plugins/lib:/home/ros2/ros2_rc/src/install/nav2_map_server/lib:/home/ros2/ros2_rc/src/install/nav2_lifecycle_manager/lib:/home/ros2/ros2_rc/src/install/nav2_behavior_tree/lib:/home/ros2/ros2_rc/src/install/nav2_amcl/lib:/home/ros2/ros2_rc/src/install/nav2_util/lib:/home/ros2/ros2_rc/src/install/nav2_msgs/lib:/home/ros2/ros2_rc/src/install/car_gazebo_plugin/lib:/usr/lib/x86_64-linux-gnu/gazebo-11/plugins:/opt/ros/humble/opt/rviz_ogre_vendor/lib:/opt/ros/humble/lib/x86_64-linux-gnu:/opt/ros/humble/lib:/usr/lib/x86_64-linux-gnu/gazebo-11/plugins /usr/bin/cmake --build /home/ros2/ros2_rc/src/build/dwb_msgs -- -j10 -l10
[1.454s] Invoking command in '/home/ros2/ros2_rc/src/build/dwb_msgs': CMAKE_PREFIX_PATH=/home/ros2/ros2_rc/src/install/nav_2d_msgs:/home/ros2/ros2_rc/src/install/smartcar_msgs:/home/ros2/ros2_rc/src/install/smart_car:/home/ros2/ros2_rc/src/install/ros2_rc:/home/ros2/ros2_rc/src/install/nav2_controller:/home/ros2/ros2_rc/src/install/dwb_core:/home/ros2/ros2_rc/src/install/nav_2d_utils:/home/ros2/ros2_rc/src/install/dwb_msgs:/home/ros2/ros2_rc/src/install/nav2_regulated_pure_pursuit_controller:/home/ros2/ros2_rc/src/install/nav2_planner:/home/ros2/ros2_rc/src/install/nav2_navfn_planner:/home/ros2/ros2_rc/src/install/nav2_constrained_smoother:/home/ros2/ros2_rc/src/install/nav2_bt_navigator:/home/ros2/ros2_rc/src/install/nav2_behaviors:/home/ros2/ros2_rc/src/install/nav2_core:/home/ros2/ros2_rc/src/install/nav2_collision_monitor:/home/ros2/ros2_rc/src/install/costmap_queue:/home/ros2/ros2_rc/src/install/nav2_costmap_2d:/home/ros2/ros2_rc/src/install/nav2_voxel_grid:/home/ros2/ros2_rc/src/install/nav2_velocity_smoother:/home/ros2/ros2_rc/src/install/nav2_rviz_plugins:/home/ros2/ros2_rc/src/install/nav2_map_server:/home/ros2/ros2_rc/src/install/nav2_lifecycle_manager:/home/ros2/ros2_rc/src/install/nav2_behavior_tree:/home/ros2/ros2_rc/src/install/nav2_amcl:/home/ros2/ros2_rc/src/install/nav2_util:/home/ros2/ros2_rc/src/install/nav2_msgs:/home/ros2/ros2_rc/src/install/nav2_common:/home/ros2/ros2_rc/src/install/car_gazebo_plugin:/home/ros2/ros2_rc/src/install/dwb_plugins:/home/ros2/ros2_rc/src/install/nav2_theta_star_planner:/home/ros2/ros2_rc/src/install/nav2_simple_commander:/opt/ros/humble LD_LIBRARY_PATH=/home/ros2/ros2_rc/src/install/nav_2d_msgs/lib:/home/ros2/ros2_rc/src/install/smartcar_msgs/lib:/home/ros2/ros2_rc/src/install/nav2_controller/lib:/home/ros2/ros2_rc/src/install/dwb_plugins/lib:/home/ros2/ros2_rc/src/install/dwb_core/lib:/home/ros2/ros2_rc/src/install/nav_2d_utils/lib:/home/ros2/ros2_rc/src/install/dwb_msgs/lib:/home/ros2/ros2_rc/src/install/nav2_theta_star_planner/lib:/home/ros2/ros2_rc/src/install/nav2_regulated_pure_pursuit_controller/lib:/home/ros2/ros2_rc/src/install/nav2_planner/lib:/home/ros2/ros2_rc/src/install/nav2_navfn_planner/lib:/home/ros2/ros2_rc/src/install/nav2_constrained_smoother/lib:/home/ros2/ros2_rc/src/install/nav2_bt_navigator/lib:/home/ros2/ros2_rc/src/install/nav2_behaviors/lib:/home/ros2/ros2_rc/src/install/nav2_collision_monitor/lib:/home/ros2/ros2_rc/src/install/costmap_queue/lib:/home/ros2/ros2_rc/src/install/nav2_costmap_2d/lib:/home/ros2/ros2_rc/src/install/nav2_voxel_grid/lib:/home/ros2/ros2_rc/src/install/nav2_velocity_smoother/lib:/home/ros2/ros2_rc/src/install/nav2_rviz_plugins/lib:/home/ros2/ros2_rc/src/install/nav2_map_server/lib:/home/ros2/ros2_rc/src/install/nav2_lifecycle_manager/lib:/home/ros2/ros2_rc/src/install/nav2_behavior_tree/lib:/home/ros2/ros2_rc/src/install/nav2_amcl/lib:/home/ros2/ros2_rc/src/install/nav2_util/lib:/home/ros2/ros2_rc/src/install/nav2_msgs/lib:/home/ros2/ros2_rc/src/install/car_gazebo_plugin/lib:/usr/lib/x86_64-linux-gnu/gazebo-11/plugins:/opt/ros/humble/opt/rviz_ogre_vendor/lib:/opt/ros/humble/lib/x86_64-linux-gnu:/opt/ros/humble/lib:/usr/lib/x86_64-linux-gnu/gazebo-11/plugins /usr/bin/cmake --install /home/ros2/ros2_rc/src/build/dwb_msgs
[1.469s] -- Install configuration: ""
[1.470s] -- Up-to-date: /home/ros2/ros2_rc/src/install/dwb_msgs/share/ament_index/resource_index/rosidl_interfaces/dwb_msgs
[1.471s] -- Up-to-date: /home/ros2/ros2_rc/src/install/dwb_msgs/include/dwb_msgs/dwb_msgs
[1.471s] -- Up-to-date: /home/ros2/ros2_rc/src/install/dwb_msgs/include/dwb_msgs/dwb_msgs/srv
[1.471s] -- Up-to-date: /home/ros2/ros2_rc/src/install/dwb_msgs/include/dwb_msgs/dwb_msgs/srv/score_trajectory.h
[1.472s] -- Up-to-date: /home/ros2/ros2_rc/src/install/dwb_msgs/include/dwb_msgs/dwb_msgs/srv/generate_twists.h
[1.472s] -- Up-to-date: /home/ros2/ros2_rc/src/install/dwb_msgs/include/dwb_msgs/dwb_msgs/srv/get_critic_score.h
[1.472s] -- Up-to-date: /home/ros2/ros2_rc/src/install/dwb_msgs/include/dwb_msgs/dwb_msgs/srv/detail
[1.472s] -- Up-to-date: /home/ros2/ros2_rc/src/install/dwb_msgs/include/dwb_msgs/dwb_msgs/srv/detail/get_critic_score__struct.h
[1.472s] -- Up-to-date: /home/ros2/ros2_rc/src/install/dwb_msgs/include/dwb_msgs/dwb_msgs/srv/detail/score_trajectory__functions.c
[1.472s] -- Up-to-date: /home/ros2/ros2_rc/src/install/dwb_msgs/include/dwb_msgs/dwb_msgs/srv/detail/debug_local_plan__functions.c
[1.473s] -- Up-to-date: /home/ros2/ros2_rc/src/install/dwb_msgs/include/dwb_msgs/dwb_msgs/srv/detail/get_critic_score__type_support.h
[1.473s] -- Up-to-date: /home/ros2/ros2_rc/src/install/dwb_msgs/include/dwb_msgs/dwb_msgs/srv/detail/generate_trajectory__type_support.h
[1.473s] -- Up-to-date: /home/ros2/ros2_rc/src/install/dwb_msgs/include/dwb_msgs/dwb_msgs/srv/detail/generate_twists__functions.c
[1.473s] -- Up-to-date: /home/ros2/ros2_rc/src/install/dwb_msgs/include/dwb_msgs/dwb_msgs/srv/detail/score_trajectory__functions.h
[1.473s] -- Up-to-date: /home/ros2/ros2_rc/src/install/dwb_msgs/include/dwb_msgs/dwb_msgs/srv/detail/generate_trajectory__struct.h
[1.473s] -- Up-to-date: /home/ros2/ros2_rc/src/install/dwb_msgs/include/dwb_msgs/dwb_msgs/srv/detail/generate_twists__struct.h
[1.473s] -- Up-to-date: /home/ros2/ros2_rc/src/install/dwb_msgs/include/dwb_msgs/dwb_msgs/srv/detail/score_trajectory__struct.h
[1.474s] -- Up-to-date: /home/ros2/ros2_rc/src/install/dwb_msgs/include/dwb_msgs/dwb_msgs/srv/detail/debug_local_plan__type_support.h
[1.474s] -- Up-to-date: /home/ros2/ros2_rc/src/install/dwb_msgs/include/dwb_msgs/dwb_msgs/srv/detail/get_critic_score__functions.c
[1.474s] -- Up-to-date: /home/ros2/ros2_rc/src/install/dwb_msgs/include/dwb_msgs/dwb_msgs/srv/detail/debug_local_plan__functions.h
[1.474s] -- Up-to-date: /home/ros2/ros2_rc/src/install/dwb_msgs/include/dwb_msgs/dwb_msgs/srv/detail/generate_trajectory__functions.c
[1.474s] -- Up-to-date: /home/ros2/ros2_rc/src/install/dwb_msgs/include/dwb_msgs/dwb_msgs/srv/detail/generate_twists__type_support.h
[1.474s] -- Up-to-date: /home/ros2/ros2_rc/src/install/dwb_msgs/include/dwb_msgs/dwb_msgs/srv/detail/generate_twists__functions.h
[1.475s] -- Up-to-date: /home/ros2/ros2_rc/src/install/dwb_msgs/include/dwb_msgs/dwb_msgs/srv/detail/score_trajectory__type_support.h
[1.475s] -- Up-to-date: /home/ros2/ros2_rc/src/install/dwb_msgs/include/dwb_msgs/dwb_msgs/srv/detail/generate_trajectory__functions.h
[1.475s] -- Up-to-date: /home/ros2/ros2_rc/src/install/dwb_msgs/include/dwb_msgs/dwb_msgs/srv/detail/debug_local_plan__struct.h
[1.475s] -- Up-to-date: /home/ros2/ros2_rc/src/install/dwb_msgs/include/dwb_msgs/dwb_msgs/srv/detail/get_critic_score__functions.h
[1.475s] -- Up-to-date: /home/ros2/ros2_rc/src/install/dwb_msgs/include/dwb_msgs/dwb_msgs/srv/generate_trajectory.h
[1.475s] -- Up-to-date: /home/ros2/ros2_rc/src/install/dwb_msgs/include/dwb_msgs/dwb_msgs/srv/debug_local_plan.h
[1.475s] -- Up-to-date: /home/ros2/ros2_rc/src/install/dwb_msgs/include/dwb_msgs/dwb_msgs/msg
[1.475s] -- Up-to-date: /home/ros2/ros2_rc/src/install/dwb_msgs/include/dwb_msgs/dwb_msgs/msg/critic_score.h
[1.475s] -- Up-to-date: /home/ros2/ros2_rc/src/install/dwb_msgs/include/dwb_msgs/dwb_msgs/msg/trajectory2_d.h
[1.475s] -- Up-to-date: /home/ros2/ros2_rc/src/install/dwb_msgs/include/dwb_msgs/dwb_msgs/msg/rosidl_generator_c__visibility_control.h
[1.475s] -- Up-to-date: /home/ros2/ros2_rc/src/install/dwb_msgs/include/dwb_msgs/dwb_msgs/msg/trajectory_score.h
[1.476s] -- Up-to-date: /home/ros2/ros2_rc/src/install/dwb_msgs/include/dwb_msgs/dwb_msgs/msg/detail
[1.476s] -- Up-to-date: /home/ros2/ros2_rc/src/install/dwb_msgs/include/dwb_msgs/dwb_msgs/msg/detail/critic_score__functions.h
[1.476s] -- Up-to-date: /home/ros2/ros2_rc/src/install/dwb_msgs/include/dwb_msgs/dwb_msgs/msg/detail/trajectory2_d__struct.h
[1.476s] -- Up-to-date: /home/ros2/ros2_rc/src/install/dwb_msgs/include/dwb_msgs/dwb_msgs/msg/detail/critic_score__functions.c
[1.476s] -- Up-to-date: /home/ros2/ros2_rc/src/install/dwb_msgs/include/dwb_msgs/dwb_msgs/msg/detail/critic_score__struct.h
[1.476s] -- Up-to-date: /home/ros2/ros2_rc/src/install/dwb_msgs/include/dwb_msgs/dwb_msgs/msg/detail/local_plan_evaluation__functions.h
[1.476s] -- Up-to-date: /home/ros2/ros2_rc/src/install/dwb_msgs/include/dwb_msgs/dwb_msgs/msg/detail/trajectory2_d__type_support.h
[1.476s] -- Up-to-date: /home/ros2/ros2_rc/src/install/dwb_msgs/include/dwb_msgs/dwb_msgs/msg/detail/trajectory_score__type_support.h
[1.477s] -- Up-to-date: /home/ros2/ros2_rc/src/install/dwb_msgs/include/dwb_msgs/dwb_msgs/msg/detail/trajectory_score__struct.h
[1.477s] -- Up-to-date: /home/ros2/ros2_rc/src/install/dwb_msgs/include/dwb_msgs/dwb_msgs/msg/detail/trajectory_score__functions.h
[1.477s] -- Up-to-date: /home/ros2/ros2_rc/src/install/dwb_msgs/include/dwb_msgs/dwb_msgs/msg/detail/trajectory2_d__functions.c
[1.477s] -- Up-to-date: /home/ros2/ros2_rc/src/install/dwb_msgs/include/dwb_msgs/dwb_msgs/msg/detail/trajectory2_d__functions.h
[1.477s] -- Up-to-date: /home/ros2/ros2_rc/src/install/dwb_msgs/include/dwb_msgs/dwb_msgs/msg/detail/critic_score__type_support.h
[1.477s] -- Up-to-date: /home/ros2/ros2_rc/src/install/dwb_msgs/include/dwb_msgs/dwb_msgs/msg/detail/trajectory_score__functions.c
[1.477s] -- Up-to-date: /home/ros2/ros2_rc/src/install/dwb_msgs/include/dwb_msgs/dwb_msgs/msg/detail/local_plan_evaluation__type_support.h
[1.477s] -- Up-to-date: /home/ros2/ros2_rc/src/install/dwb_msgs/include/dwb_msgs/dwb_msgs/msg/detail/local_plan_evaluation__functions.c
[1.477s] -- Up-to-date: /home/ros2/ros2_rc/src/install/dwb_msgs/include/dwb_msgs/dwb_msgs/msg/detail/local_plan_evaluation__struct.h
[1.478s] -- Up-to-date: /home/ros2/ros2_rc/src/install/dwb_msgs/include/dwb_msgs/dwb_msgs/msg/local_plan_evaluation.h
[1.478s] -- Up-to-date: /home/ros2/ros2_rc/src/install/dwb_msgs/share/dwb_msgs/environment/library_path.sh
[1.478s] -- Up-to-date: /home/ros2/ros2_rc/src/install/dwb_msgs/share/dwb_msgs/environment/library_path.dsv
[1.478s] -- Up-to-date: /home/ros2/ros2_rc/src/install/dwb_msgs/lib/libdwb_msgs__rosidl_generator_c.so
[1.478s] -- Up-to-date: /home/ros2/ros2_rc/src/install/dwb_msgs/include/dwb_msgs/dwb_msgs
[1.478s] -- Up-to-date: /home/ros2/ros2_rc/src/install/dwb_msgs/include/dwb_msgs/dwb_msgs/srv
[1.478s] -- Up-to-date: /home/ros2/ros2_rc/src/install/dwb_msgs/include/dwb_msgs/dwb_msgs/srv/detail
[1.478s] -- Up-to-date: /home/ros2/ros2_rc/src/install/dwb_msgs/include/dwb_msgs/dwb_msgs/srv/detail/score_trajectory__rosidl_typesupport_fastrtps_c.h
[1.478s] -- Up-to-date: /home/ros2/ros2_rc/src/install/dwb_msgs/include/dwb_msgs/dwb_msgs/srv/detail/generate_trajectory__rosidl_typesupport_fastrtps_c.h
[1.478s] -- Up-to-date: /home/ros2/ros2_rc/src/install/dwb_msgs/include/dwb_msgs/dwb_msgs/srv/detail/debug_local_plan__rosidl_typesupport_fastrtps_c.h
[1.478s] -- Up-to-date: /home/ros2/ros2_rc/src/install/dwb_msgs/include/dwb_msgs/dwb_msgs/srv/detail/generate_twists__rosidl_typesupport_fastrtps_c.h
[1.479s] -- Up-to-date: /home/ros2/ros2_rc/src/install/dwb_msgs/include/dwb_msgs/dwb_msgs/srv/detail/get_critic_score__rosidl_typesupport_fastrtps_c.h
[1.479s] -- Up-to-date: /home/ros2/ros2_rc/src/install/dwb_msgs/include/dwb_msgs/dwb_msgs/msg
[1.479s] -- Up-to-date: /home/ros2/ros2_rc/src/install/dwb_msgs/include/dwb_msgs/dwb_msgs/msg/rosidl_typesupport_fastrtps_c__visibility_control.h
[1.479s] -- Up-to-date: /home/ros2/ros2_rc/src/install/dwb_msgs/include/dwb_msgs/dwb_msgs/msg/detail
[1.479s] -- Up-to-date: /home/ros2/ros2_rc/src/install/dwb_msgs/include/dwb_msgs/dwb_msgs/msg/detail/trajectory_score__rosidl_typesupport_fastrtps_c.h
[1.479s] -- Up-to-date: /home/ros2/ros2_rc/src/install/dwb_msgs/include/dwb_msgs/dwb_msgs/msg/detail/critic_score__rosidl_typesupport_fastrtps_c.h
[1.479s] -- Up-to-date: /home/ros2/ros2_rc/src/install/dwb_msgs/include/dwb_msgs/dwb_msgs/msg/detail/trajectory2_d__rosidl_typesupport_fastrtps_c.h
[1.479s] -- Up-to-date: /home/ros2/ros2_rc/src/install/dwb_msgs/include/dwb_msgs/dwb_msgs/msg/detail/local_plan_evaluation__rosidl_typesupport_fastrtps_c.h
[1.479s] -- Up-to-date: /home/ros2/ros2_rc/src/install/dwb_msgs/lib/libdwb_msgs__rosidl_typesupport_fastrtps_c.so
[1.480s] -- Up-to-date: /home/ros2/ros2_rc/src/install/dwb_msgs/include/dwb_msgs/dwb_msgs
[1.480s] -- Up-to-date: /home/ros2/ros2_rc/src/install/dwb_msgs/include/dwb_msgs/dwb_msgs/srv
[1.480s] -- Up-to-date: /home/ros2/ros2_rc/src/install/dwb_msgs/include/dwb_msgs/dwb_msgs/srv/generate_trajectory.hpp
[1.480s] -- Up-to-date: /home/ros2/ros2_rc/src/install/dwb_msgs/include/dwb_msgs/dwb_msgs/srv/score_trajectory.hpp
[1.481s] -- Up-to-date: /home/ros2/ros2_rc/src/install/dwb_msgs/include/dwb_msgs/dwb_msgs/srv/get_critic_score.hpp
[1.481s] -- Up-to-date: /home/ros2/ros2_rc/src/install/dwb_msgs/include/dwb_msgs/dwb_msgs/srv/debug_local_plan.hpp
[1.482s] -- Up-to-date: /home/ros2/ros2_rc/src/install/dwb_msgs/include/dwb_msgs/dwb_msgs/srv/generate_twists.hpp
[1.482s] -- Up-to-date: /home/ros2/ros2_rc/src/install/dwb_msgs/include/dwb_msgs/dwb_msgs/srv/detail
[1.482s] -- Up-to-date: /home/ros2/ros2_rc/src/install/dwb_msgs/include/dwb_msgs/dwb_msgs/srv/detail/generate_twists__builder.hpp
[1.483s] -- Up-to-date: /home/ros2/ros2_rc/src/install/dwb_msgs/include/dwb_msgs/dwb_msgs/srv/detail/score_trajectory__traits.hpp
[1.483s] -- Up-to-date: /home/ros2/ros2_rc/src/install/dwb_msgs/include/dwb_msgs/dwb_msgs/srv/detail/debug_local_plan__traits.hpp
[1.483s] -- Up-to-date: /home/ros2/ros2_rc/src/install/dwb_msgs/include/dwb_msgs/dwb_msgs/srv/detail/get_critic_score__traits.hpp
[1.483s] -- Up-to-date: /home/ros2/ros2_rc/src/install/dwb_msgs/include/dwb_msgs/dwb_msgs/srv/detail/generate_twists__struct.hpp
[1.483s] -- Up-to-date: /home/ros2/ros2_rc/src/install/dwb_msgs/include/dwb_msgs/dwb_msgs/srv/detail/score_trajectory__builder.hpp
[1.483s] -- Up-to-date: /home/ros2/ros2_rc/src/install/dwb_msgs/include/dwb_msgs/dwb_msgs/srv/detail/generate_trajectory__builder.hpp
[1.483s] -- Up-to-date: /home/ros2/ros2_rc/src/install/dwb_msgs/include/dwb_msgs/dwb_msgs/srv/detail/generate_trajectory__struct.hpp
[1.483s] -- Up-to-date: /home/ros2/ros2_rc/src/install/dwb_msgs/include/dwb_msgs/dwb_msgs/srv/detail/debug_local_plan__builder.hpp
[1.483s] -- Up-to-date: /home/ros2/ros2_rc/src/install/dwb_msgs/include/dwb_msgs/dwb_msgs/srv/detail/score_trajectory__struct.hpp
[1.483s] -- Up-to-date: /home/ros2/ros2_rc/src/install/dwb_msgs/include/dwb_msgs/dwb_msgs/srv/detail/get_critic_score__struct.hpp
[1.484s] -- Up-to-date: /home/ros2/ros2_rc/src/install/dwb_msgs/include/dwb_msgs/dwb_msgs/srv/detail/get_critic_score__builder.hpp
[1.484s] -- Up-to-date: /home/ros2/ros2_rc/src/install/dwb_msgs/include/dwb_msgs/dwb_msgs/srv/detail/debug_local_plan__struct.hpp
[1.484s] -- Up-to-date: /home/ros2/ros2_rc/src/install/dwb_msgs/include/dwb_msgs/dwb_msgs/srv/detail/generate_trajectory__traits.hpp
[1.484s] -- Up-to-date: /home/ros2/ros2_rc/src/install/dwb_msgs/include/dwb_msgs/dwb_msgs/srv/detail/generate_twists__traits.hpp
[1.484s] -- Up-to-date: /home/ros2/ros2_rc/src/install/dwb_msgs/include/dwb_msgs/dwb_msgs/msg
[1.484s] -- Up-to-date: /home/ros2/ros2_rc/src/install/dwb_msgs/include/dwb_msgs/dwb_msgs/msg/trajectory2_d.hpp
[1.484s] -- Up-to-date: /home/ros2/ros2_rc/src/install/dwb_msgs/include/dwb_msgs/dwb_msgs/msg/critic_score.hpp
[1.484s] -- Up-to-date: /home/ros2/ros2_rc/src/install/dwb_msgs/include/dwb_msgs/dwb_msgs/msg/trajectory_score.hpp
[1.485s] -- Up-to-date: /home/ros2/ros2_rc/src/install/dwb_msgs/include/dwb_msgs/dwb_msgs/msg/local_plan_evaluation.hpp
[1.485s] -- Up-to-date: /home/ros2/ros2_rc/src/install/dwb_msgs/include/dwb_msgs/dwb_msgs/msg/detail
[1.485s] -- Up-to-date: /home/ros2/ros2_rc/src/install/dwb_msgs/include/dwb_msgs/dwb_msgs/msg/detail/trajectory_score__traits.hpp
[1.485s] -- Up-to-date: /home/ros2/ros2_rc/src/install/dwb_msgs/include/dwb_msgs/dwb_msgs/msg/detail/trajectory_score__struct.hpp
[1.485s] -- Up-to-date: /home/ros2/ros2_rc/src/install/dwb_msgs/include/dwb_msgs/dwb_msgs/msg/detail/critic_score__builder.hpp
[1.485s] -- Up-to-date: /home/ros2/ros2_rc/src/install/dwb_msgs/include/dwb_msgs/dwb_msgs/msg/detail/trajectory_score__builder.hpp
[1.485s] -- Up-to-date: /home/ros2/ros2_rc/src/install/dwb_msgs/include/dwb_msgs/dwb_msgs/msg/detail/local_plan_evaluation__builder.hpp
[1.486s] -- Up-to-date: /home/ros2/ros2_rc/src/install/dwb_msgs/include/dwb_msgs/dwb_msgs/msg/detail/local_plan_evaluation__struct.hpp
[1.486s] -- Up-to-date: /home/ros2/ros2_rc/src/install/dwb_msgs/include/dwb_msgs/dwb_msgs/msg/detail/trajectory2_d__struct.hpp
[1.486s] -- Up-to-date: /home/ros2/ros2_rc/src/install/dwb_msgs/include/dwb_msgs/dwb_msgs/msg/detail/local_plan_evaluation__traits.hpp
[1.486s] -- Up-to-date: /home/ros2/ros2_rc/src/install/dwb_msgs/include/dwb_msgs/dwb_msgs/msg/detail/trajectory2_d__builder.hpp
[1.486s] -- Up-to-date: /home/ros2/ros2_rc/src/install/dwb_msgs/include/dwb_msgs/dwb_msgs/msg/detail/critic_score__traits.hpp
[1.486s] -- Up-to-date: /home/ros2/ros2_rc/src/install/dwb_msgs/include/dwb_msgs/dwb_msgs/msg/detail/critic_score__struct.hpp
[1.486s] -- Up-to-date: /home/ros2/ros2_rc/src/install/dwb_msgs/include/dwb_msgs/dwb_msgs/msg/detail/trajectory2_d__traits.hpp
[1.486s] -- Up-to-date: /home/ros2/ros2_rc/src/install/dwb_msgs/include/dwb_msgs/dwb_msgs
[1.486s] -- Up-to-date: /home/ros2/ros2_rc/src/install/dwb_msgs/include/dwb_msgs/dwb_msgs/srv
[1.486s] -- Up-to-date: /home/ros2/ros2_rc/src/install/dwb_msgs/include/dwb_msgs/dwb_msgs/srv/detail
[1.487s] -- Up-to-date: /home/ros2/ros2_rc/src/install/dwb_msgs/include/dwb_msgs/dwb_msgs/srv/detail/generate_trajectory__rosidl_typesupport_fastrtps_cpp.hpp
[1.487s] -- Up-to-date: /home/ros2/ros2_rc/src/install/dwb_msgs/include/dwb_msgs/dwb_msgs/srv/detail/debug_local_plan__rosidl_typesupport_fastrtps_cpp.hpp
[1.487s] -- Up-to-date: /home/ros2/ros2_rc/src/install/dwb_msgs/include/dwb_msgs/dwb_msgs/srv/detail/get_critic_score__rosidl_typesupport_fastrtps_cpp.hpp
[1.487s] -- Up-to-date: /home/ros2/ros2_rc/src/install/dwb_msgs/include/dwb_msgs/dwb_msgs/srv/detail/generate_twists__rosidl_typesupport_fastrtps_cpp.hpp
[1.487s] -- Up-to-date: /home/ros2/ros2_rc/src/install/dwb_msgs/include/dwb_msgs/dwb_msgs/srv/detail/dds_fastrtps
[1.487s] -- Up-to-date: /home/ros2/ros2_rc/src/install/dwb_msgs/include/dwb_msgs/dwb_msgs/srv/detail/score_trajectory__rosidl_typesupport_fastrtps_cpp.hpp
[1.487s] -- Up-to-date: /home/ros2/ros2_rc/src/install/dwb_msgs/include/dwb_msgs/dwb_msgs/msg
[1.487s] -- Up-to-date: /home/ros2/ros2_rc/src/install/dwb_msgs/include/dwb_msgs/dwb_msgs/msg/rosidl_typesupport_fastrtps_cpp__visibility_control.h
[1.487s] -- Up-to-date: /home/ros2/ros2_rc/src/install/dwb_msgs/include/dwb_msgs/dwb_msgs/msg/detail
[1.488s] -- Up-to-date: /home/ros2/ros2_rc/src/install/dwb_msgs/include/dwb_msgs/dwb_msgs/msg/detail/critic_score__rosidl_typesupport_fastrtps_cpp.hpp
[1.488s] -- Up-to-date: /home/ros2/ros2_rc/src/install/dwb_msgs/include/dwb_msgs/dwb_msgs/msg/detail/local_plan_evaluation__rosidl_typesupport_fastrtps_cpp.hpp
[1.488s] -- Up-to-date: /home/ros2/ros2_rc/src/install/dwb_msgs/include/dwb_msgs/dwb_msgs/msg/detail/trajectory2_d__rosidl_typesupport_fastrtps_cpp.hpp
[1.488s] -- Up-to-date: /home/ros2/ros2_rc/src/install/dwb_msgs/include/dwb_msgs/dwb_msgs/msg/detail/trajectory_score__rosidl_typesupport_fastrtps_cpp.hpp
[1.488s] -- Up-to-date: /home/ros2/ros2_rc/src/install/dwb_msgs/include/dwb_msgs/dwb_msgs/msg/detail/dds_fastrtps
[1.488s] -- Up-to-date: /home/ros2/ros2_rc/src/install/dwb_msgs/lib/libdwb_msgs__rosidl_typesupport_fastrtps_cpp.so
[1.488s] -- Up-to-date: /home/ros2/ros2_rc/src/install/dwb_msgs/include/dwb_msgs/dwb_msgs
[1.488s] -- Up-to-date: /home/ros2/ros2_rc/src/install/dwb_msgs/include/dwb_msgs/dwb_msgs/srv
[1.488s] -- Up-to-date: /home/ros2/ros2_rc/src/install/dwb_msgs/include/dwb_msgs/dwb_msgs/srv/detail
[1.488s] -- Up-to-date: /home/ros2/ros2_rc/src/install/dwb_msgs/include/dwb_msgs/dwb_msgs/srv/detail/score_trajectory__type_support.c
[1.488s] -- Up-to-date: /home/ros2/ros2_rc/src/install/dwb_msgs/include/dwb_msgs/dwb_msgs/srv/detail/get_critic_score__rosidl_typesupport_introspection_c.h
[1.488s] -- Up-to-date: /home/ros2/ros2_rc/src/install/dwb_msgs/include/dwb_msgs/dwb_msgs/srv/detail/debug_local_plan__rosidl_typesupport_introspection_c.h
[1.488s] -- Up-to-date: /home/ros2/ros2_rc/src/install/dwb_msgs/include/dwb_msgs/dwb_msgs/srv/detail/generate_twists__type_support.c
[1.489s] -- Up-to-date: /home/ros2/ros2_rc/src/install/dwb_msgs/include/dwb_msgs/dwb_msgs/srv/detail/generate_trajectory__type_support.c
[1.489s] -- Up-to-date: /home/ros2/ros2_rc/src/install/dwb_msgs/include/dwb_msgs/dwb_msgs/srv/detail/generate_trajectory__rosidl_typesupport_introspection_c.h
[1.489s] -- Up-to-date: /home/ros2/ros2_rc/src/install/dwb_msgs/include/dwb_msgs/dwb_msgs/srv/detail/debug_local_plan__type_support.c
[1.489s] -- Up-to-date: /home/ros2/ros2_rc/src/install/dwb_msgs/include/dwb_msgs/dwb_msgs/srv/detail/generate_twists__rosidl_typesupport_introspection_c.h
[1.490s] -- Up-to-date: /home/ros2/ros2_rc/src/install/dwb_msgs/include/dwb_msgs/dwb_msgs/srv/detail/score_trajectory__rosidl_typesupport_introspection_c.h
[1.490s] -- Up-to-date: /home/ros2/ros2_rc/src/install/dwb_msgs/include/dwb_msgs/dwb_msgs/srv/detail/get_critic_score__type_support.c
[1.490s] -- Up-to-date: /home/ros2/ros2_rc/src/install/dwb_msgs/include/dwb_msgs/dwb_msgs/msg
[1.490s] -- Up-to-date: /home/ros2/ros2_rc/src/install/dwb_msgs/include/dwb_msgs/dwb_msgs/msg/detail
[1.490s] -- Up-to-date: /home/ros2/ros2_rc/src/install/dwb_msgs/include/dwb_msgs/dwb_msgs/msg/detail/trajectory_score__type_support.c
[1.491s] -- Up-to-date: /home/ros2/ros2_rc/src/install/dwb_msgs/include/dwb_msgs/dwb_msgs/msg/detail/trajectory2_d__rosidl_typesupport_introspection_c.h
[1.491s] -- Up-to-date: /home/ros2/ros2_rc/src/install/dwb_msgs/include/dwb_msgs/dwb_msgs/msg/detail/trajectory_score__rosidl_typesupport_introspection_c.h
[1.491s] -- Up-to-date: /home/ros2/ros2_rc/src/install/dwb_msgs/include/dwb_msgs/dwb_msgs/msg/detail/critic_score__rosidl_typesupport_introspection_c.h
[1.491s] -- Up-to-date: /home/ros2/ros2_rc/src/install/dwb_msgs/include/dwb_msgs/dwb_msgs/msg/detail/critic_score__type_support.c
[1.491s] -- Up-to-date: /home/ros2/ros2_rc/src/install/dwb_msgs/include/dwb_msgs/dwb_msgs/msg/detail/trajectory2_d__type_support.c
[1.491s] -- Up-to-date: /home/ros2/ros2_rc/src/install/dwb_msgs/include/dwb_msgs/dwb_msgs/msg/detail/local_plan_evaluation__rosidl_typesupport_introspection_c.h
[1.491s] -- Up-to-date: /home/ros2/ros2_rc/src/install/dwb_msgs/include/dwb_msgs/dwb_msgs/msg/detail/local_plan_evaluation__type_support.c
[1.491s] -- Up-to-date: /home/ros2/ros2_rc/src/install/dwb_msgs/include/dwb_msgs/dwb_msgs/msg/rosidl_typesupport_introspection_c__visibility_control.h
[1.492s] -- Up-to-date: /home/ros2/ros2_rc/src/install/dwb_msgs/lib/libdwb_msgs__rosidl_typesupport_introspection_c.so
[1.492s] -- Up-to-date: /home/ros2/ros2_rc/src/install/dwb_msgs/lib/libdwb_msgs__rosidl_typesupport_c.so
[1.492s] -- Up-to-date: /home/ros2/ros2_rc/src/install/dwb_msgs/include/dwb_msgs/dwb_msgs
[1.492s] -- Up-to-date: /home/ros2/ros2_rc/src/install/dwb_msgs/include/dwb_msgs/dwb_msgs/srv
[1.492s] -- Up-to-date: /home/ros2/ros2_rc/src/install/dwb_msgs/include/dwb_msgs/dwb_msgs/srv/detail
[1.492s] -- Up-to-date: /home/ros2/ros2_rc/src/install/dwb_msgs/include/dwb_msgs/dwb_msgs/srv/detail/generate_trajectory__type_support.cpp
[1.492s] -- Up-to-date: /home/ros2/ros2_rc/src/install/dwb_msgs/include/dwb_msgs/dwb_msgs/srv/detail/generate_trajectory__rosidl_typesupport_introspection_cpp.hpp
[1.492s] -- Up-to-date: /home/ros2/ros2_rc/src/install/dwb_msgs/include/dwb_msgs/dwb_msgs/srv/detail/get_critic_score__type_support.cpp
[1.492s] -- Up-to-date: /home/ros2/ros2_rc/src/install/dwb_msgs/include/dwb_msgs/dwb_msgs/srv/detail/generate_twists__rosidl_typesupport_introspection_cpp.hpp
[1.493s] -- Up-to-date: /home/ros2/ros2_rc/src/install/dwb_msgs/include/dwb_msgs/dwb_msgs/srv/detail/debug_local_plan__rosidl_typesupport_introspection_cpp.hpp
[1.493s] -- Up-to-date: /home/ros2/ros2_rc/src/install/dwb_msgs/include/dwb_msgs/dwb_msgs/srv/detail/score_trajectory__rosidl_typesupport_introspection_cpp.hpp
[1.493s] -- Up-to-date: /home/ros2/ros2_rc/src/install/dwb_msgs/include/dwb_msgs/dwb_msgs/srv/detail/debug_local_plan__type_support.cpp
[1.493s] -- Up-to-date: /home/ros2/ros2_rc/src/install/dwb_msgs/include/dwb_msgs/dwb_msgs/srv/detail/generate_twists__type_support.cpp
[1.493s] -- Up-to-date: /home/ros2/ros2_rc/src/install/dwb_msgs/include/dwb_msgs/dwb_msgs/srv/detail/score_trajectory__type_support.cpp
[1.493s] -- Up-to-date: /home/ros2/ros2_rc/src/install/dwb_msgs/include/dwb_msgs/dwb_msgs/srv/detail/get_critic_score__rosidl_typesupport_introspection_cpp.hpp
[1.493s] -- Up-to-date: /home/ros2/ros2_rc/src/install/dwb_msgs/include/dwb_msgs/dwb_msgs/msg
[1.493s] -- Up-to-date: /home/ros2/ros2_rc/src/install/dwb_msgs/include/dwb_msgs/dwb_msgs/msg/detail
[1.493s] -- Up-to-date: /home/ros2/ros2_rc/src/install/dwb_msgs/include/dwb_msgs/dwb_msgs/msg/detail/trajectory_score__rosidl_typesupport_introspection_cpp.hpp
[1.493s] -- Up-to-date: /home/ros2/ros2_rc/src/install/dwb_msgs/include/dwb_msgs/dwb_msgs/msg/detail/trajectory_score__type_support.cpp
[1.493s] -- Up-to-date: /home/ros2/ros2_rc/src/install/dwb_msgs/include/dwb_msgs/dwb_msgs/msg/detail/local_plan_evaluation__rosidl_typesupport_introspection_cpp.hpp
[1.494s] -- Up-to-date: /home/ros2/ros2_rc/src/install/dwb_msgs/include/dwb_msgs/dwb_msgs/msg/detail/critic_score__rosidl_typesupport_introspection_cpp.hpp
[1.494s] -- Up-to-date: /home/ros2/ros2_rc/src/install/dwb_msgs/include/dwb_msgs/dwb_msgs/msg/detail/local_plan_evaluation__type_support.cpp
[1.494s] -- Up-to-date: /home/ros2/ros2_rc/src/install/dwb_msgs/include/dwb_msgs/dwb_msgs/msg/detail/trajectory2_d__rosidl_typesupport_introspection_cpp.hpp
[1.494s] -- Up-to-date: /home/ros2/ros2_rc/src/install/dwb_msgs/include/dwb_msgs/dwb_msgs/msg/detail/critic_score__type_support.cpp
[1.494s] -- Up-to-date: /home/ros2/ros2_rc/src/install/dwb_msgs/include/dwb_msgs/dwb_msgs/msg/detail/trajectory2_d__type_support.cpp
[1.494s] -- Up-to-date: /home/ros2/ros2_rc/src/install/dwb_msgs/lib/libdwb_msgs__rosidl_typesupport_introspection_cpp.so
[1.495s] -- Up-to-date: /home/ros2/ros2_rc/src/install/dwb_msgs/lib/libdwb_msgs__rosidl_typesupport_cpp.so
[1.495s] -- Up-to-date: /home/ros2/ros2_rc/src/install/dwb_msgs/share/dwb_msgs/environment/pythonpath.sh
[1.495s] -- Up-to-date: /home/ros2/ros2_rc/src/install/dwb_msgs/share/dwb_msgs/environment/pythonpath.dsv
[1.495s] -- Up-to-date: /home/ros2/ros2_rc/src/install/dwb_msgs/local/lib/python3.10/dist-packages/dwb_msgs-1.1.16-py3.10.egg-info
[1.495s] -- Installing: /home/ros2/ros2_rc/src/install/dwb_msgs/local/lib/python3.10/dist-packages/dwb_msgs-1.1.16-py3.10.egg-info/SOURCES.txt
[1.495s] -- Installing: /home/ros2/ros2_rc/src/install/dwb_msgs/local/lib/python3.10/dist-packages/dwb_msgs-1.1.16-py3.10.egg-info/PKG-INFO
[1.496s] -- Installing: /home/ros2/ros2_rc/src/install/dwb_msgs/local/lib/python3.10/dist-packages/dwb_msgs-1.1.16-py3.10.egg-info/top_level.txt
[1.496s] -- Installing: /home/ros2/ros2_rc/src/install/dwb_msgs/local/lib/python3.10/dist-packages/dwb_msgs-1.1.16-py3.10.egg-info/dependency_links.txt
[1.497s] -- Up-to-date: /home/ros2/ros2_rc/src/install/dwb_msgs/local/lib/python3.10/dist-packages/dwb_msgs
[1.497s] -- Up-to-date: /home/ros2/ros2_rc/src/install/dwb_msgs/local/lib/python3.10/dist-packages/dwb_msgs/__init__.py
[1.497s] -- Up-to-date: /home/ros2/ros2_rc/src/install/dwb_msgs/local/lib/python3.10/dist-packages/dwb_msgs/srv
[1.497s] -- Up-to-date: /home/ros2/ros2_rc/src/install/dwb_msgs/local/lib/python3.10/dist-packages/dwb_msgs/srv/__init__.py
[1.498s] -- Up-to-date: /home/ros2/ros2_rc/src/install/dwb_msgs/local/lib/python3.10/dist-packages/dwb_msgs/srv/_generate_twists.py
[1.498s] -- Up-to-date: /home/ros2/ros2_rc/src/install/dwb_msgs/local/lib/python3.10/dist-packages/dwb_msgs/srv/_score_trajectory_s.c
[1.498s] -- Up-to-date: /home/ros2/ros2_rc/src/install/dwb_msgs/local/lib/python3.10/dist-packages/dwb_msgs/srv/_get_critic_score.py
[1.498s] -- Up-to-date: /home/ros2/ros2_rc/src/install/dwb_msgs/local/lib/python3.10/dist-packages/dwb_msgs/srv/_generate_twists_s.c
[1.499s] -- Up-to-date: /home/ros2/ros2_rc/src/install/dwb_msgs/local/lib/python3.10/dist-packages/dwb_msgs/srv/_get_critic_score_s.c
[1.499s] -- Up-to-date: /home/ros2/ros2_rc/src/install/dwb_msgs/local/lib/python3.10/dist-packages/dwb_msgs/srv/_generate_trajectory.py
[1.499s] -- Up-to-date: /home/ros2/ros2_rc/src/install/dwb_msgs/local/lib/python3.10/dist-packages/dwb_msgs/srv/_debug_local_plan.py
[1.499s] -- Up-to-date: /home/ros2/ros2_rc/src/install/dwb_msgs/local/lib/python3.10/dist-packages/dwb_msgs/srv/_debug_local_plan_s.c
[1.499s] -- Up-to-date: /home/ros2/ros2_rc/src/install/dwb_msgs/local/lib/python3.10/dist-packages/dwb_msgs/srv/_score_trajectory.py
[1.499s] -- Up-to-date: /home/ros2/ros2_rc/src/install/dwb_msgs/local/lib/python3.10/dist-packages/dwb_msgs/srv/_generate_trajectory_s.c
[1.499s] -- Up-to-date: /home/ros2/ros2_rc/src/install/dwb_msgs/local/lib/python3.10/dist-packages/dwb_msgs/_dwb_msgs_s.ep.rosidl_typesupport_c.c
[1.499s] -- Up-to-date: /home/ros2/ros2_rc/src/install/dwb_msgs/local/lib/python3.10/dist-packages/dwb_msgs/dwb_msgs_s__rosidl_typesupport_c.cpython-310-x86_64-linux-gnu.so
[1.499s] -- Up-to-date: /home/ros2/ros2_rc/src/install/dwb_msgs/local/lib/python3.10/dist-packages/dwb_msgs/libdwb_msgs__rosidl_generator_py.so
[1.500s] -- Up-to-date: /home/ros2/ros2_rc/src/install/dwb_msgs/local/lib/python3.10/dist-packages/dwb_msgs/_dwb_msgs_s.ep.rosidl_typesupport_introspection_c.c
[1.500s] -- Up-to-date: /home/ros2/ros2_rc/src/install/dwb_msgs/local/lib/python3.10/dist-packages/dwb_msgs/_dwb_msgs_s.ep.rosidl_typesupport_fastrtps_c.c
[1.500s] -- Up-to-date: /home/ros2/ros2_rc/src/install/dwb_msgs/local/lib/python3.10/dist-packages/dwb_msgs/dwb_msgs_s__rosidl_typesupport_introspection_c.cpython-310-x86_64-linux-gnu.so
[1.500s] -- Up-to-date: /home/ros2/ros2_rc/src/install/dwb_msgs/local/lib/python3.10/dist-packages/dwb_msgs/dwb_msgs_s__rosidl_typesupport_fastrtps_c.cpython-310-x86_64-linux-gnu.so
[1.500s] -- Up-to-date: /home/ros2/ros2_rc/src/install/dwb_msgs/local/lib/python3.10/dist-packages/dwb_msgs/msg
[1.501s] -- Up-to-date: /home/ros2/ros2_rc/src/install/dwb_msgs/local/lib/python3.10/dist-packages/dwb_msgs/msg/_trajectory2_d.py
[1.501s] -- Up-to-date: /home/ros2/ros2_rc/src/install/dwb_msgs/local/lib/python3.10/dist-packages/dwb_msgs/msg/__init__.py
[1.501s] -- Up-to-date: /home/ros2/ros2_rc/src/install/dwb_msgs/local/lib/python3.10/dist-packages/dwb_msgs/msg/_trajectory_score.py
[1.501s] -- Up-to-date: /home/ros2/ros2_rc/src/install/dwb_msgs/local/lib/python3.10/dist-packages/dwb_msgs/msg/_local_plan_evaluation.py
[1.501s] -- Up-to-date: /home/ros2/ros2_rc/src/install/dwb_msgs/local/lib/python3.10/dist-packages/dwb_msgs/msg/_trajectory_score_s.c
[1.501s] -- Up-to-date: /home/ros2/ros2_rc/src/install/dwb_msgs/local/lib/python3.10/dist-packages/dwb_msgs/msg/_trajectory2_d_s.c
[1.501s] -- Up-to-date: /home/ros2/ros2_rc/src/install/dwb_msgs/local/lib/python3.10/dist-packages/dwb_msgs/msg/_local_plan_evaluation_s.c
[1.501s] -- Up-to-date: /home/ros2/ros2_rc/src/install/dwb_msgs/local/lib/python3.10/dist-packages/dwb_msgs/msg/_critic_score_s.c
[1.501s] -- Up-to-date: /home/ros2/ros2_rc/src/install/dwb_msgs/local/lib/python3.10/dist-packages/dwb_msgs/msg/_critic_score.py
[1.553s] Listing '/home/ros2/ros2_rc/src/install/dwb_msgs/local/lib/python3.10/dist-packages/dwb_msgs'...
[1.553s] Listing '/home/ros2/ros2_rc/src/install/dwb_msgs/local/lib/python3.10/dist-packages/dwb_msgs/msg'...
[1.553s] Listing '/home/ros2/ros2_rc/src/install/dwb_msgs/local/lib/python3.10/dist-packages/dwb_msgs/srv'...
[1.561s] -- Up-to-date: /home/ros2/ros2_rc/src/install/dwb_msgs/local/lib/python3.10/dist-packages/dwb_msgs/dwb_msgs_s__rosidl_typesupport_fastrtps_c.cpython-310-x86_64-linux-gnu.so
[1.563s] -- Up-to-date: /home/ros2/ros2_rc/src/install/dwb_msgs/local/lib/python3.10/dist-packages/dwb_msgs/dwb_msgs_s__rosidl_typesupport_introspection_c.cpython-310-x86_64-linux-gnu.so
[1.564s] -- Up-to-date: /home/ros2/ros2_rc/src/install/dwb_msgs/local/lib/python3.10/dist-packages/dwb_msgs/dwb_msgs_s__rosidl_typesupport_c.cpython-310-x86_64-linux-gnu.so
[1.565s] -- Up-to-date: /home/ros2/ros2_rc/src/install/dwb_msgs/lib/libdwb_msgs__rosidl_generator_py.so
[1.567s] -- Up-to-date: /home/ros2/ros2_rc/src/install/dwb_msgs/share/dwb_msgs/msg/CriticScore.idl
[1.567s] -- Up-to-date: /home/ros2/ros2_rc/src/install/dwb_msgs/share/dwb_msgs/msg/LocalPlanEvaluation.idl
[1.567s] -- Up-to-date: /home/ros2/ros2_rc/src/install/dwb_msgs/share/dwb_msgs/msg/Trajectory2D.idl
[1.567s] -- Up-to-date: /home/ros2/ros2_rc/src/install/dwb_msgs/share/dwb_msgs/msg/TrajectoryScore.idl
[1.567s] -- Up-to-date: /home/ros2/ros2_rc/src/install/dwb_msgs/share/dwb_msgs/srv/DebugLocalPlan.idl
[1.568s] -- Up-to-date: /home/ros2/ros2_rc/src/install/dwb_msgs/share/dwb_msgs/srv/GenerateTrajectory.idl
[1.568s] -- Up-to-date: /home/ros2/ros2_rc/src/install/dwb_msgs/share/dwb_msgs/srv/GenerateTwists.idl
[1.569s] -- Up-to-date: /home/ros2/ros2_rc/src/install/dwb_msgs/share/dwb_msgs/srv/GetCriticScore.idl
[1.569s] -- Up-to-date: /home/ros2/ros2_rc/src/install/dwb_msgs/share/dwb_msgs/srv/ScoreTrajectory.idl
[1.569s] -- Up-to-date: /home/ros2/ros2_rc/src/install/dwb_msgs/share/dwb_msgs/msg/CriticScore.msg
[1.569s] -- Up-to-date: /home/ros2/ros2_rc/src/install/dwb_msgs/share/dwb_msgs/msg/LocalPlanEvaluation.msg
[1.569s] -- Up-to-date: /home/ros2/ros2_rc/src/install/dwb_msgs/share/dwb_msgs/msg/Trajectory2D.msg
[1.569s] -- Up-to-date: /home/ros2/ros2_rc/src/install/dwb_msgs/share/dwb_msgs/msg/TrajectoryScore.msg
[1.569s] -- Up-to-date: /home/ros2/ros2_rc/src/install/dwb_msgs/share/dwb_msgs/srv/DebugLocalPlan.srv
[1.570s] -- Up-to-date: /home/ros2/ros2_rc/src/install/dwb_msgs/share/dwb_msgs/srv/DebugLocalPlan_Request.msg
[1.570s] -- Up-to-date: /home/ros2/ros2_rc/src/install/dwb_msgs/share/dwb_msgs/srv/DebugLocalPlan_Response.msg
[1.570s] -- Up-to-date: /home/ros2/ros2_rc/src/install/dwb_msgs/share/dwb_msgs/srv/GenerateTrajectory.srv
[1.570s] -- Up-to-date: /home/ros2/ros2_rc/src/install/dwb_msgs/share/dwb_msgs/srv/GenerateTrajectory_Request.msg
[1.570s] -- Up-to-date: /home/ros2/ros2_rc/src/install/dwb_msgs/share/dwb_msgs/srv/GenerateTrajectory_Response.msg
[1.570s] -- Up-to-date: /home/ros2/ros2_rc/src/install/dwb_msgs/share/dwb_msgs/srv/GenerateTwists.srv
[1.571s] -- Up-to-date: /home/ros2/ros2_rc/src/install/dwb_msgs/share/dwb_msgs/srv/GenerateTwists_Request.msg
[1.571s] -- Up-to-date: /home/ros2/ros2_rc/src/install/dwb_msgs/share/dwb_msgs/srv/GenerateTwists_Response.msg
[1.571s] -- Up-to-date: /home/ros2/ros2_rc/src/install/dwb_msgs/share/dwb_msgs/srv/GetCriticScore.srv
[1.571s] -- Up-to-date: /home/ros2/ros2_rc/src/install/dwb_msgs/share/dwb_msgs/srv/GetCriticScore_Request.msg
[1.571s] -- Up-to-date: /home/ros2/ros2_rc/src/install/dwb_msgs/share/dwb_msgs/srv/GetCriticScore_Response.msg
[1.571s] -- Up-to-date: /home/ros2/ros2_rc/src/install/dwb_msgs/share/dwb_msgs/srv/ScoreTrajectory.srv
[1.571s] -- Up-to-date: /home/ros2/ros2_rc/src/install/dwb_msgs/share/dwb_msgs/srv/ScoreTrajectory_Request.msg
[1.571s] -- Up-to-date: /home/ros2/ros2_rc/src/install/dwb_msgs/share/dwb_msgs/srv/ScoreTrajectory_Response.msg
[1.572s] -- Up-to-date: /home/ros2/ros2_rc/src/install/dwb_msgs/share/ament_index/resource_index/package_run_dependencies/dwb_msgs
[1.572s] -- Up-to-date: /home/ros2/ros2_rc/src/install/dwb_msgs/share/ament_index/resource_index/parent_prefix_path/dwb_msgs
[1.572s] -- Up-to-date: /home/ros2/ros2_rc/src/install/dwb_msgs/share/dwb_msgs/environment/ament_prefix_path.sh
[1.572s] -- Up-to-date: /home/ros2/ros2_rc/src/install/dwb_msgs/share/dwb_msgs/environment/ament_prefix_path.dsv
[1.572s] -- Up-to-date: /home/ros2/ros2_rc/src/install/dwb_msgs/share/dwb_msgs/environment/path.sh
[1.572s] -- Up-to-date: /home/ros2/ros2_rc/src/install/dwb_msgs/share/dwb_msgs/environment/path.dsv
[1.572s] -- Up-to-date: /home/ros2/ros2_rc/src/install/dwb_msgs/share/dwb_msgs/local_setup.bash
[1.572s] -- Up-to-date: /home/ros2/ros2_rc/src/install/dwb_msgs/share/dwb_msgs/local_setup.sh
[1.572s] -- Up-to-date: /home/ros2/ros2_rc/src/install/dwb_msgs/share/dwb_msgs/local_setup.zsh
[1.572s] -- Up-to-date: /home/ros2/ros2_rc/src/install/dwb_msgs/share/dwb_msgs/local_setup.dsv
[1.573s] -- Installing: /home/ros2/ros2_rc/src/install/dwb_msgs/share/dwb_msgs/package.dsv
[1.573s] -- Up-to-date: /home/ros2/ros2_rc/src/install/dwb_msgs/share/ament_index/resource_index/packages/dwb_msgs
[1.574s] -- Up-to-date: /home/ros2/ros2_rc/src/install/dwb_msgs/share/dwb_msgs/cmake/export_dwb_msgs__rosidl_generator_cExport.cmake
[1.574s] -- Up-to-date: /home/ros2/ros2_rc/src/install/dwb_msgs/share/dwb_msgs/cmake/export_dwb_msgs__rosidl_generator_cExport-noconfig.cmake
[1.575s] -- Up-to-date: /home/ros2/ros2_rc/src/install/dwb_msgs/share/dwb_msgs/cmake/export_dwb_msgs__rosidl_typesupport_fastrtps_cExport.cmake
[1.575s] -- Up-to-date: /home/ros2/ros2_rc/src/install/dwb_msgs/share/dwb_msgs/cmake/export_dwb_msgs__rosidl_typesupport_fastrtps_cExport-noconfig.cmake
[1.576s] -- Up-to-date: /home/ros2/ros2_rc/src/install/dwb_msgs/share/dwb_msgs/cmake/export_dwb_msgs__rosidl_generator_cppExport.cmake
[1.577s] -- Up-to-date: /home/ros2/ros2_rc/src/install/dwb_msgs/share/dwb_msgs/cmake/export_dwb_msgs__rosidl_typesupport_fastrtps_cppExport.cmake
[1.577s] -- Up-to-date: /home/ros2/ros2_rc/src/install/dwb_msgs/share/dwb_msgs/cmake/export_dwb_msgs__rosidl_typesupport_fastrtps_cppExport-noconfig.cmake
[1.578s] -- Up-to-date: /home/ros2/ros2_rc/src/install/dwb_msgs/share/dwb_msgs/cmake/dwb_msgs__rosidl_typesupport_introspection_cExport.cmake
[1.578s] -- Up-to-date: /home/ros2/ros2_rc/src/install/dwb_msgs/share/dwb_msgs/cmake/dwb_msgs__rosidl_typesupport_introspection_cExport-noconfig.cmake
[1.579s] -- Up-to-date: /home/ros2/ros2_rc/src/install/dwb_msgs/share/dwb_msgs/cmake/dwb_msgs__rosidl_typesupport_cExport.cmake
[1.579s] -- Up-to-date: /home/ros2/ros2_rc/src/install/dwb_msgs/share/dwb_msgs/cmake/dwb_msgs__rosidl_typesupport_cExport-noconfig.cmake
[1.580s] -- Up-to-date: /home/ros2/ros2_rc/src/install/dwb_msgs/share/dwb_msgs/cmake/dwb_msgs__rosidl_typesupport_introspection_cppExport.cmake
[1.580s] -- Up-to-date: /home/ros2/ros2_rc/src/install/dwb_msgs/share/dwb_msgs/cmake/dwb_msgs__rosidl_typesupport_introspection_cppExport-noconfig.cmake
[1.581s] -- Up-to-date: /home/ros2/ros2_rc/src/install/dwb_msgs/share/dwb_msgs/cmake/dwb_msgs__rosidl_typesupport_cppExport.cmake
[1.581s] -- Up-to-date: /home/ros2/ros2_rc/src/install/dwb_msgs/share/dwb_msgs/cmake/dwb_msgs__rosidl_typesupport_cppExport-noconfig.cmake
[1.582s] -- Up-to-date: /home/ros2/ros2_rc/src/install/dwb_msgs/share/dwb_msgs/cmake/export_dwb_msgs__rosidl_generator_pyExport.cmake
[1.582s] -- Up-to-date: /home/ros2/ros2_rc/src/install/dwb_msgs/share/dwb_msgs/cmake/export_dwb_msgs__rosidl_generator_pyExport-noconfig.cmake
[1.582s] -- Up-to-date: /home/ros2/ros2_rc/src/install/dwb_msgs/share/dwb_msgs/cmake/rosidl_cmake-extras.cmake
[1.583s] -- Up-to-date: /home/ros2/ros2_rc/src/install/dwb_msgs/share/dwb_msgs/cmake/ament_cmake_export_dependencies-extras.cmake
[1.583s] -- Up-to-date: /home/ros2/ros2_rc/src/install/dwb_msgs/share/dwb_msgs/cmake/ament_cmake_export_include_directories-extras.cmake
[1.583s] -- Up-to-date: /home/ros2/ros2_rc/src/install/dwb_msgs/share/dwb_msgs/cmake/ament_cmake_export_libraries-extras.cmake
[1.583s] -- Up-to-date: /home/ros2/ros2_rc/src/install/dwb_msgs/share/dwb_msgs/cmake/ament_cmake_export_targets-extras.cmake
[1.583s] -- Up-to-date: /home/ros2/ros2_rc/src/install/dwb_msgs/share/dwb_msgs/cmake/rosidl_cmake_export_typesupport_targets-extras.cmake
[1.583s] -- Up-to-date: /home/ros2/ros2_rc/src/install/dwb_msgs/share/dwb_msgs/cmake/rosidl_cmake_export_typesupport_libraries-extras.cmake
[1.583s] -- Up-to-date: /home/ros2/ros2_rc/src/install/dwb_msgs/share/dwb_msgs/cmake/dwb_msgsConfig.cmake
[1.583s] -- Up-to-date: /home/ros2/ros2_rc/src/install/dwb_msgs/share/dwb_msgs/cmake/dwb_msgsConfig-version.cmake
[1.583s] -- Up-to-date: /home/ros2/ros2_rc/src/install/dwb_msgs/share/dwb_msgs/package.xml
[1.586s] Invoked command in '/home/ros2/ros2_rc/src/build/dwb_msgs' returned '0': CMAKE_PREFIX_PATH=/home/ros2/ros2_rc/src/install/nav_2d_msgs:/home/ros2/ros2_rc/src/install/smartcar_msgs:/home/ros2/ros2_rc/src/install/smart_car:/home/ros2/ros2_rc/src/install/ros2_rc:/home/ros2/ros2_rc/src/install/nav2_controller:/home/ros2/ros2_rc/src/install/dwb_core:/home/ros2/ros2_rc/src/install/nav_2d_utils:/home/ros2/ros2_rc/src/install/dwb_msgs:/home/ros2/ros2_rc/src/install/nav2_regulated_pure_pursuit_controller:/home/ros2/ros2_rc/src/install/nav2_planner:/home/ros2/ros2_rc/src/install/nav2_navfn_planner:/home/ros2/ros2_rc/src/install/nav2_constrained_smoother:/home/ros2/ros2_rc/src/install/nav2_bt_navigator:/home/ros2/ros2_rc/src/install/nav2_behaviors:/home/ros2/ros2_rc/src/install/nav2_core:/home/ros2/ros2_rc/src/install/nav2_collision_monitor:/home/ros2/ros2_rc/src/install/costmap_queue:/home/ros2/ros2_rc/src/install/nav2_costmap_2d:/home/ros2/ros2_rc/src/install/nav2_voxel_grid:/home/ros2/ros2_rc/src/install/nav2_velocity_smoother:/home/ros2/ros2_rc/src/install/nav2_rviz_plugins:/home/ros2/ros2_rc/src/install/nav2_map_server:/home/ros2/ros2_rc/src/install/nav2_lifecycle_manager:/home/ros2/ros2_rc/src/install/nav2_behavior_tree:/home/ros2/ros2_rc/src/install/nav2_amcl:/home/ros2/ros2_rc/src/install/nav2_util:/home/ros2/ros2_rc/src/install/nav2_msgs:/home/ros2/ros2_rc/src/install/nav2_common:/home/ros2/ros2_rc/src/install/car_gazebo_plugin:/home/ros2/ros2_rc/src/install/dwb_plugins:/home/ros2/ros2_rc/src/install/nav2_theta_star_planner:/home/ros2/ros2_rc/src/install/nav2_simple_commander:/opt/ros/humble LD_LIBRARY_PATH=/home/ros2/ros2_rc/src/install/nav_2d_msgs/lib:/home/ros2/ros2_rc/src/install/smartcar_msgs/lib:/home/ros2/ros2_rc/src/install/nav2_controller/lib:/home/ros2/ros2_rc/src/install/dwb_plugins/lib:/home/ros2/ros2_rc/src/install/dwb_core/lib:/home/ros2/ros2_rc/src/install/nav_2d_utils/lib:/home/ros2/ros2_rc/src/install/dwb_msgs/lib:/home/ros2/ros2_rc/src/install/nav2_theta_star_planner/lib:/home/ros2/ros2_rc/src/install/nav2_regulated_pure_pursuit_controller/lib:/home/ros2/ros2_rc/src/install/nav2_planner/lib:/home/ros2/ros2_rc/src/install/nav2_navfn_planner/lib:/home/ros2/ros2_rc/src/install/nav2_constrained_smoother/lib:/home/ros2/ros2_rc/src/install/nav2_bt_navigator/lib:/home/ros2/ros2_rc/src/install/nav2_behaviors/lib:/home/ros2/ros2_rc/src/install/nav2_collision_monitor/lib:/home/ros2/ros2_rc/src/install/costmap_queue/lib:/home/ros2/ros2_rc/src/install/nav2_costmap_2d/lib:/home/ros2/ros2_rc/src/install/nav2_voxel_grid/lib:/home/ros2/ros2_rc/src/install/nav2_velocity_smoother/lib:/home/ros2/ros2_rc/src/install/nav2_rviz_plugins/lib:/home/ros2/ros2_rc/src/install/nav2_map_server/lib:/home/ros2/ros2_rc/src/install/nav2_lifecycle_manager/lib:/home/ros2/ros2_rc/src/install/nav2_behavior_tree/lib:/home/ros2/ros2_rc/src/install/nav2_amcl/lib:/home/ros2/ros2_rc/src/install/nav2_util/lib:/home/ros2/ros2_rc/src/install/nav2_msgs/lib:/home/ros2/ros2_rc/src/install/car_gazebo_plugin/lib:/usr/lib/x86_64-linux-gnu/gazebo-11/plugins:/opt/ros/humble/opt/rviz_ogre_vendor/lib:/opt/ros/humble/lib/x86_64-linux-gnu:/opt/ros/humble/lib:/usr/lib/x86_64-linux-gnu/gazebo-11/plugins /usr/bin/cmake --install /home/ros2/ros2_rc/src/build/dwb_msgs
