[0.076s] Invoking command in '/home/ros2/ros2_rc/src/build/nav_2d_msgs': CMAKE_PREFIX_PATH=${CMAKE_PREFIX_PATH}:/home/ros2/ros2_rc/src/install/dwb_plugins:/home/ros2/ros2_rc/src/install/nav2_theta_star_planner:/home/ros2/ros2_rc/src/install/nav2_simple_commander:/opt/ros/humble /usr/bin/cmake --build /home/ros2/ros2_rc/src/build/nav_2d_msgs -- -j10 -l10
[0.298s] [  1%] Built target nav_2d_msgs__cpp
[0.347s] [ 12%] Built target nav_2d_msgs__rosidl_generator_c
[0.405s] [ 12%] Built target ament_cmake_python_copy_nav_2d_msgs
[0.462s] [ 23%] Built target nav_2d_msgs__rosidl_typesupport_introspection_cpp
[0.464s] [ 35%] Built target nav_2d_msgs__rosidl_typesupport_c
[0.481s] [ 46%] Built target nav_2d_msgs__rosidl_typesupport_fastrtps_c
[0.484s] [ 57%] Built target nav_2d_msgs__rosidl_typesupport_introspection_c
[0.486s] [ 69%] Built target nav_2d_msgs__rosidl_typesupport_fastrtps_cpp
[0.486s] [ 80%] Built target nav_2d_msgs__rosidl_typesupport_cpp
[0.547s] [ 80%] Built target nav_2d_msgs
[0.627s] [ 81%] Built target nav_2d_msgs__py
[0.695s] [ 91%] Built target nav_2d_msgs__rosidl_generator_py
[0.771s] [ 94%] Built target nav_2d_msgs__rosidl_typesupport_fastrtps_c__pyext
[0.772s] [ 97%] Built target nav_2d_msgs__rosidl_typesupport_c__pyext
[0.776s] [100%] Built target nav_2d_msgs__rosidl_typesupport_introspection_c__pyext
[1.002s] running egg_info
[1.004s] writing nav_2d_msgs.egg-info/PKG-INFO
[1.004s] writing dependency_links to nav_2d_msgs.egg-info/dependency_links.txt
[1.004s] writing top-level names to nav_2d_msgs.egg-info/top_level.txt
[1.010s] reading manifest file 'nav_2d_msgs.egg-info/SOURCES.txt'
[1.011s] writing manifest file 'nav_2d_msgs.egg-info/SOURCES.txt'
[1.084s] [100%] Built target ament_cmake_python_build_nav_2d_msgs_egg
[1.111s] Invoked command in '/home/ros2/ros2_rc/src/build/nav_2d_msgs' returned '0': CMAKE_PREFIX_PATH=${CMAKE_PREFIX_PATH}:/home/ros2/ros2_rc/src/install/dwb_plugins:/home/ros2/ros2_rc/src/install/nav2_theta_star_planner:/home/ros2/ros2_rc/src/install/nav2_simple_commander:/opt/ros/humble /usr/bin/cmake --build /home/ros2/ros2_rc/src/build/nav_2d_msgs -- -j10 -l10
[1.649s] Invoking command in '/home/ros2/ros2_rc/src/build/nav_2d_msgs': CMAKE_PREFIX_PATH=${CMAKE_PREFIX_PATH}:/home/ros2/ros2_rc/src/install/dwb_plugins:/home/ros2/ros2_rc/src/install/nav2_theta_star_planner:/home/ros2/ros2_rc/src/install/nav2_simple_commander:/opt/ros/humble /usr/bin/cmake --install /home/ros2/ros2_rc/src/build/nav_2d_msgs
[1.664s] -- Install configuration: ""
[1.668s] -- Up-to-date: /home/ros2/ros2_rc/src/install/nav_2d_msgs/share/ament_index/resource_index/rosidl_interfaces/nav_2d_msgs
[1.668s] -- Up-to-date: /home/ros2/ros2_rc/src/install/nav_2d_msgs/include/nav_2d_msgs/nav_2d_msgs
[1.669s] -- Up-to-date: /home/ros2/ros2_rc/src/install/nav_2d_msgs/include/nav_2d_msgs/nav_2d_msgs/msg
[1.669s] -- Up-to-date: /home/ros2/ros2_rc/src/install/nav_2d_msgs/include/nav_2d_msgs/nav_2d_msgs/msg/rosidl_generator_c__visibility_control.h
[1.670s] -- Up-to-date: /home/ros2/ros2_rc/src/install/nav_2d_msgs/include/nav_2d_msgs/nav_2d_msgs/msg/pose2_d_stamped.h
[1.670s] -- Up-to-date: /home/ros2/ros2_rc/src/install/nav_2d_msgs/include/nav_2d_msgs/nav_2d_msgs/msg/detail
[1.671s] -- Up-to-date: /home/ros2/ros2_rc/src/install/nav_2d_msgs/include/nav_2d_msgs/nav_2d_msgs/msg/detail/twist2_d32__struct.h
[1.671s] -- Up-to-date: /home/ros2/ros2_rc/src/install/nav_2d_msgs/include/nav_2d_msgs/nav_2d_msgs/msg/detail/path2_d__struct.h
[1.672s] -- Up-to-date: /home/ros2/ros2_rc/src/install/nav_2d_msgs/include/nav_2d_msgs/nav_2d_msgs/msg/detail/twist2_d_stamped__functions.h
[1.672s] -- Up-to-date: /home/ros2/ros2_rc/src/install/nav_2d_msgs/include/nav_2d_msgs/nav_2d_msgs/msg/detail/path2_d__functions.c
[1.672s] -- Up-to-date: /home/ros2/ros2_rc/src/install/nav_2d_msgs/include/nav_2d_msgs/nav_2d_msgs/msg/detail/pose2_d_stamped__functions.c
[1.672s] -- Up-to-date: /home/ros2/ros2_rc/src/install/nav_2d_msgs/include/nav_2d_msgs/nav_2d_msgs/msg/detail/pose2_d_stamped__struct.h
[1.673s] -- Up-to-date: /home/ros2/ros2_rc/src/install/nav_2d_msgs/include/nav_2d_msgs/nav_2d_msgs/msg/detail/twist2_d__functions.c
[1.673s] -- Up-to-date: /home/ros2/ros2_rc/src/install/nav_2d_msgs/include/nav_2d_msgs/nav_2d_msgs/msg/detail/pose2_d_stamped__type_support.h
[1.673s] -- Up-to-date: /home/ros2/ros2_rc/src/install/nav_2d_msgs/include/nav_2d_msgs/nav_2d_msgs/msg/detail/twist2_d32__functions.c
[1.674s] -- Up-to-date: /home/ros2/ros2_rc/src/install/nav_2d_msgs/include/nav_2d_msgs/nav_2d_msgs/msg/detail/twist2_d32__type_support.h
[1.674s] -- Up-to-date: /home/ros2/ros2_rc/src/install/nav_2d_msgs/include/nav_2d_msgs/nav_2d_msgs/msg/detail/twist2_d_stamped__struct.h
[1.674s] -- Up-to-date: /home/ros2/ros2_rc/src/install/nav_2d_msgs/include/nav_2d_msgs/nav_2d_msgs/msg/detail/twist2_d_stamped__type_support.h
[1.675s] -- Up-to-date: /home/ros2/ros2_rc/src/install/nav_2d_msgs/include/nav_2d_msgs/nav_2d_msgs/msg/detail/pose2_d32__functions.c
[1.677s] -- Up-to-date: /home/ros2/ros2_rc/src/install/nav_2d_msgs/include/nav_2d_msgs/nav_2d_msgs/msg/detail/path2_d__functions.h
[1.677s] -- Up-to-date: /home/ros2/ros2_rc/src/install/nav_2d_msgs/include/nav_2d_msgs/nav_2d_msgs/msg/detail/twist2_d_stamped__functions.c
[1.678s] -- Up-to-date: /home/ros2/ros2_rc/src/install/nav_2d_msgs/include/nav_2d_msgs/nav_2d_msgs/msg/detail/path2_d__type_support.h
[1.678s] -- Up-to-date: /home/ros2/ros2_rc/src/install/nav_2d_msgs/include/nav_2d_msgs/nav_2d_msgs/msg/detail/twist2_d__type_support.h
[1.679s] -- Up-to-date: /home/ros2/ros2_rc/src/install/nav_2d_msgs/include/nav_2d_msgs/nav_2d_msgs/msg/detail/pose2_d32__struct.h
[1.679s] -- Up-to-date: /home/ros2/ros2_rc/src/install/nav_2d_msgs/include/nav_2d_msgs/nav_2d_msgs/msg/detail/twist2_d32__functions.h
[1.679s] -- Up-to-date: /home/ros2/ros2_rc/src/install/nav_2d_msgs/include/nav_2d_msgs/nav_2d_msgs/msg/detail/twist2_d__functions.h
[1.679s] -- Up-to-date: /home/ros2/ros2_rc/src/install/nav_2d_msgs/include/nav_2d_msgs/nav_2d_msgs/msg/detail/pose2_d32__functions.h
[1.680s] -- Up-to-date: /home/ros2/ros2_rc/src/install/nav_2d_msgs/include/nav_2d_msgs/nav_2d_msgs/msg/detail/twist2_d__struct.h
[1.680s] -- Up-to-date: /home/ros2/ros2_rc/src/install/nav_2d_msgs/include/nav_2d_msgs/nav_2d_msgs/msg/detail/pose2_d_stamped__functions.h
[1.680s] -- Up-to-date: /home/ros2/ros2_rc/src/install/nav_2d_msgs/include/nav_2d_msgs/nav_2d_msgs/msg/detail/pose2_d32__type_support.h
[1.680s] -- Up-to-date: /home/ros2/ros2_rc/src/install/nav_2d_msgs/include/nav_2d_msgs/nav_2d_msgs/msg/path2_d.h
[1.680s] -- Up-to-date: /home/ros2/ros2_rc/src/install/nav_2d_msgs/include/nav_2d_msgs/nav_2d_msgs/msg/twist2_d_stamped.h
[1.681s] -- Up-to-date: /home/ros2/ros2_rc/src/install/nav_2d_msgs/include/nav_2d_msgs/nav_2d_msgs/msg/twist2_d32.h
[1.681s] -- Up-to-date: /home/ros2/ros2_rc/src/install/nav_2d_msgs/include/nav_2d_msgs/nav_2d_msgs/msg/twist2_d.h
[1.681s] -- Up-to-date: /home/ros2/ros2_rc/src/install/nav_2d_msgs/include/nav_2d_msgs/nav_2d_msgs/msg/pose2_d32.h
[1.682s] -- Up-to-date: /home/ros2/ros2_rc/src/install/nav_2d_msgs/share/nav_2d_msgs/environment/library_path.sh
[1.682s] -- Up-to-date: /home/ros2/ros2_rc/src/install/nav_2d_msgs/share/nav_2d_msgs/environment/library_path.dsv
[1.682s] -- Up-to-date: /home/ros2/ros2_rc/src/install/nav_2d_msgs/lib/libnav_2d_msgs__rosidl_generator_c.so
[1.682s] -- Up-to-date: /home/ros2/ros2_rc/src/install/nav_2d_msgs/include/nav_2d_msgs/nav_2d_msgs
[1.682s] -- Up-to-date: /home/ros2/ros2_rc/src/install/nav_2d_msgs/include/nav_2d_msgs/nav_2d_msgs/msg
[1.683s] -- Up-to-date: /home/ros2/ros2_rc/src/install/nav_2d_msgs/include/nav_2d_msgs/nav_2d_msgs/msg/rosidl_typesupport_fastrtps_c__visibility_control.h
[1.683s] -- Up-to-date: /home/ros2/ros2_rc/src/install/nav_2d_msgs/include/nav_2d_msgs/nav_2d_msgs/msg/detail
[1.683s] -- Up-to-date: /home/ros2/ros2_rc/src/install/nav_2d_msgs/include/nav_2d_msgs/nav_2d_msgs/msg/detail/pose2_d32__rosidl_typesupport_fastrtps_c.h
[1.683s] -- Up-to-date: /home/ros2/ros2_rc/src/install/nav_2d_msgs/include/nav_2d_msgs/nav_2d_msgs/msg/detail/twist2_d32__rosidl_typesupport_fastrtps_c.h
[1.683s] -- Up-to-date: /home/ros2/ros2_rc/src/install/nav_2d_msgs/include/nav_2d_msgs/nav_2d_msgs/msg/detail/twist2_d__rosidl_typesupport_fastrtps_c.h
[1.684s] -- Up-to-date: /home/ros2/ros2_rc/src/install/nav_2d_msgs/include/nav_2d_msgs/nav_2d_msgs/msg/detail/path2_d__rosidl_typesupport_fastrtps_c.h
[1.684s] -- Up-to-date: /home/ros2/ros2_rc/src/install/nav_2d_msgs/include/nav_2d_msgs/nav_2d_msgs/msg/detail/pose2_d_stamped__rosidl_typesupport_fastrtps_c.h
[1.684s] -- Up-to-date: /home/ros2/ros2_rc/src/install/nav_2d_msgs/include/nav_2d_msgs/nav_2d_msgs/msg/detail/twist2_d_stamped__rosidl_typesupport_fastrtps_c.h
[1.686s] -- Up-to-date: /home/ros2/ros2_rc/src/install/nav_2d_msgs/lib/libnav_2d_msgs__rosidl_typesupport_fastrtps_c.so
[1.688s] -- Up-to-date: /home/ros2/ros2_rc/src/install/nav_2d_msgs/include/nav_2d_msgs/nav_2d_msgs
[1.689s] -- Up-to-date: /home/ros2/ros2_rc/src/install/nav_2d_msgs/include/nav_2d_msgs/nav_2d_msgs/msg
[1.689s] -- Up-to-date: /home/ros2/ros2_rc/src/install/nav_2d_msgs/include/nav_2d_msgs/nav_2d_msgs/msg/path2_d.hpp
[1.689s] -- Up-to-date: /home/ros2/ros2_rc/src/install/nav_2d_msgs/include/nav_2d_msgs/nav_2d_msgs/msg/twist2_d_stamped.hpp
[1.689s] -- Up-to-date: /home/ros2/ros2_rc/src/install/nav_2d_msgs/include/nav_2d_msgs/nav_2d_msgs/msg/pose2_d32.hpp
[1.689s] -- Up-to-date: /home/ros2/ros2_rc/src/install/nav_2d_msgs/include/nav_2d_msgs/nav_2d_msgs/msg/twist2_d.hpp
[1.690s] -- Up-to-date: /home/ros2/ros2_rc/src/install/nav_2d_msgs/include/nav_2d_msgs/nav_2d_msgs/msg/twist2_d32.hpp
[1.690s] -- Up-to-date: /home/ros2/ros2_rc/src/install/nav_2d_msgs/include/nav_2d_msgs/nav_2d_msgs/msg/detail
[1.690s] -- Up-to-date: /home/ros2/ros2_rc/src/install/nav_2d_msgs/include/nav_2d_msgs/nav_2d_msgs/msg/detail/pose2_d32__traits.hpp
[1.691s] -- Up-to-date: /home/ros2/ros2_rc/src/install/nav_2d_msgs/include/nav_2d_msgs/nav_2d_msgs/msg/detail/twist2_d32__struct.hpp
[1.691s] -- Up-to-date: /home/ros2/ros2_rc/src/install/nav_2d_msgs/include/nav_2d_msgs/nav_2d_msgs/msg/detail/path2_d__struct.hpp
[1.691s] -- Up-to-date: /home/ros2/ros2_rc/src/install/nav_2d_msgs/include/nav_2d_msgs/nav_2d_msgs/msg/detail/twist2_d_stamped__builder.hpp
[1.693s] -- Up-to-date: /home/ros2/ros2_rc/src/install/nav_2d_msgs/include/nav_2d_msgs/nav_2d_msgs/msg/detail/twist2_d__struct.hpp
[1.693s] -- Up-to-date: /home/ros2/ros2_rc/src/install/nav_2d_msgs/include/nav_2d_msgs/nav_2d_msgs/msg/detail/pose2_d32__builder.hpp
[1.694s] -- Up-to-date: /home/ros2/ros2_rc/src/install/nav_2d_msgs/include/nav_2d_msgs/nav_2d_msgs/msg/detail/twist2_d32__builder.hpp
[1.695s] -- Up-to-date: /home/ros2/ros2_rc/src/install/nav_2d_msgs/include/nav_2d_msgs/nav_2d_msgs/msg/detail/twist2_d32__traits.hpp
[1.696s] -- Up-to-date: /home/ros2/ros2_rc/src/install/nav_2d_msgs/include/nav_2d_msgs/nav_2d_msgs/msg/detail/twist2_d_stamped__traits.hpp
[1.696s] -- Up-to-date: /home/ros2/ros2_rc/src/install/nav_2d_msgs/include/nav_2d_msgs/nav_2d_msgs/msg/detail/path2_d__builder.hpp
[1.696s] -- Up-to-date: /home/ros2/ros2_rc/src/install/nav_2d_msgs/include/nav_2d_msgs/nav_2d_msgs/msg/detail/pose2_d_stamped__traits.hpp
[1.697s] -- Up-to-date: /home/ros2/ros2_rc/src/install/nav_2d_msgs/include/nav_2d_msgs/nav_2d_msgs/msg/detail/pose2_d_stamped__builder.hpp
[1.697s] -- Up-to-date: /home/ros2/ros2_rc/src/install/nav_2d_msgs/include/nav_2d_msgs/nav_2d_msgs/msg/detail/pose2_d32__struct.hpp
[1.697s] -- Up-to-date: /home/ros2/ros2_rc/src/install/nav_2d_msgs/include/nav_2d_msgs/nav_2d_msgs/msg/detail/twist2_d_stamped__struct.hpp
[1.697s] -- Up-to-date: /home/ros2/ros2_rc/src/install/nav_2d_msgs/include/nav_2d_msgs/nav_2d_msgs/msg/detail/twist2_d__traits.hpp
[1.697s] -- Up-to-date: /home/ros2/ros2_rc/src/install/nav_2d_msgs/include/nav_2d_msgs/nav_2d_msgs/msg/detail/path2_d__traits.hpp
[1.697s] -- Up-to-date: /home/ros2/ros2_rc/src/install/nav_2d_msgs/include/nav_2d_msgs/nav_2d_msgs/msg/detail/pose2_d_stamped__struct.hpp
[1.697s] -- Up-to-date: /home/ros2/ros2_rc/src/install/nav_2d_msgs/include/nav_2d_msgs/nav_2d_msgs/msg/detail/twist2_d__builder.hpp
[1.697s] -- Up-to-date: /home/ros2/ros2_rc/src/install/nav_2d_msgs/include/nav_2d_msgs/nav_2d_msgs/msg/pose2_d_stamped.hpp
[1.698s] -- Up-to-date: /home/ros2/ros2_rc/src/install/nav_2d_msgs/include/nav_2d_msgs/nav_2d_msgs
[1.698s] -- Up-to-date: /home/ros2/ros2_rc/src/install/nav_2d_msgs/include/nav_2d_msgs/nav_2d_msgs/msg
[1.698s] -- Up-to-date: /home/ros2/ros2_rc/src/install/nav_2d_msgs/include/nav_2d_msgs/nav_2d_msgs/msg/rosidl_typesupport_fastrtps_cpp__visibility_control.h
[1.698s] -- Up-to-date: /home/ros2/ros2_rc/src/install/nav_2d_msgs/include/nav_2d_msgs/nav_2d_msgs/msg/detail
[1.698s] -- Up-to-date: /home/ros2/ros2_rc/src/install/nav_2d_msgs/include/nav_2d_msgs/nav_2d_msgs/msg/detail/twist2_d32__rosidl_typesupport_fastrtps_cpp.hpp
[1.698s] -- Up-to-date: /home/ros2/ros2_rc/src/install/nav_2d_msgs/include/nav_2d_msgs/nav_2d_msgs/msg/detail/pose2_d32__rosidl_typesupport_fastrtps_cpp.hpp
[1.698s] -- Up-to-date: /home/ros2/ros2_rc/src/install/nav_2d_msgs/include/nav_2d_msgs/nav_2d_msgs/msg/detail/pose2_d_stamped__rosidl_typesupport_fastrtps_cpp.hpp
[1.698s] -- Up-to-date: /home/ros2/ros2_rc/src/install/nav_2d_msgs/include/nav_2d_msgs/nav_2d_msgs/msg/detail/twist2_d_stamped__rosidl_typesupport_fastrtps_cpp.hpp
[1.699s] -- Up-to-date: /home/ros2/ros2_rc/src/install/nav_2d_msgs/include/nav_2d_msgs/nav_2d_msgs/msg/detail/path2_d__rosidl_typesupport_fastrtps_cpp.hpp
[1.699s] -- Up-to-date: /home/ros2/ros2_rc/src/install/nav_2d_msgs/include/nav_2d_msgs/nav_2d_msgs/msg/detail/dds_fastrtps
[1.700s] -- Up-to-date: /home/ros2/ros2_rc/src/install/nav_2d_msgs/include/nav_2d_msgs/nav_2d_msgs/msg/detail/twist2_d__rosidl_typesupport_fastrtps_cpp.hpp
[1.701s] -- Up-to-date: /home/ros2/ros2_rc/src/install/nav_2d_msgs/lib/libnav_2d_msgs__rosidl_typesupport_fastrtps_cpp.so
[1.702s] -- Up-to-date: /home/ros2/ros2_rc/src/install/nav_2d_msgs/include/nav_2d_msgs/nav_2d_msgs
[1.702s] -- Up-to-date: /home/ros2/ros2_rc/src/install/nav_2d_msgs/include/nav_2d_msgs/nav_2d_msgs/msg
[1.702s] -- Up-to-date: /home/ros2/ros2_rc/src/install/nav_2d_msgs/include/nav_2d_msgs/nav_2d_msgs/msg/detail
[1.703s] -- Up-to-date: /home/ros2/ros2_rc/src/install/nav_2d_msgs/include/nav_2d_msgs/nav_2d_msgs/msg/detail/pose2_d32__type_support.c
[1.703s] -- Up-to-date: /home/ros2/ros2_rc/src/install/nav_2d_msgs/include/nav_2d_msgs/nav_2d_msgs/msg/detail/twist2_d_stamped__type_support.c
[1.703s] -- Up-to-date: /home/ros2/ros2_rc/src/install/nav_2d_msgs/include/nav_2d_msgs/nav_2d_msgs/msg/detail/twist2_d__rosidl_typesupport_introspection_c.h
[1.704s] -- Up-to-date: /home/ros2/ros2_rc/src/install/nav_2d_msgs/include/nav_2d_msgs/nav_2d_msgs/msg/detail/pose2_d_stamped__rosidl_typesupport_introspection_c.h
[1.704s] -- Up-to-date: /home/ros2/ros2_rc/src/install/nav_2d_msgs/include/nav_2d_msgs/nav_2d_msgs/msg/detail/twist2_d32__rosidl_typesupport_introspection_c.h
[1.704s] -- Up-to-date: /home/ros2/ros2_rc/src/install/nav_2d_msgs/include/nav_2d_msgs/nav_2d_msgs/msg/detail/twist2_d__type_support.c
[1.705s] -- Up-to-date: /home/ros2/ros2_rc/src/install/nav_2d_msgs/include/nav_2d_msgs/nav_2d_msgs/msg/detail/path2_d__type_support.c
[1.705s] -- Up-to-date: /home/ros2/ros2_rc/src/install/nav_2d_msgs/include/nav_2d_msgs/nav_2d_msgs/msg/detail/path2_d__rosidl_typesupport_introspection_c.h
[1.706s] -- Up-to-date: /home/ros2/ros2_rc/src/install/nav_2d_msgs/include/nav_2d_msgs/nav_2d_msgs/msg/detail/pose2_d_stamped__type_support.c
[1.706s] -- Up-to-date: /home/ros2/ros2_rc/src/install/nav_2d_msgs/include/nav_2d_msgs/nav_2d_msgs/msg/detail/pose2_d32__rosidl_typesupport_introspection_c.h
[1.706s] -- Up-to-date: /home/ros2/ros2_rc/src/install/nav_2d_msgs/include/nav_2d_msgs/nav_2d_msgs/msg/detail/twist2_d32__type_support.c
[1.707s] -- Up-to-date: /home/ros2/ros2_rc/src/install/nav_2d_msgs/include/nav_2d_msgs/nav_2d_msgs/msg/detail/twist2_d_stamped__rosidl_typesupport_introspection_c.h
[1.708s] -- Up-to-date: /home/ros2/ros2_rc/src/install/nav_2d_msgs/include/nav_2d_msgs/nav_2d_msgs/msg/rosidl_typesupport_introspection_c__visibility_control.h
[1.709s] -- Up-to-date: /home/ros2/ros2_rc/src/install/nav_2d_msgs/lib/libnav_2d_msgs__rosidl_typesupport_introspection_c.so
[1.709s] -- Up-to-date: /home/ros2/ros2_rc/src/install/nav_2d_msgs/lib/libnav_2d_msgs__rosidl_typesupport_c.so
[1.709s] -- Up-to-date: /home/ros2/ros2_rc/src/install/nav_2d_msgs/include/nav_2d_msgs/nav_2d_msgs
[1.709s] -- Up-to-date: /home/ros2/ros2_rc/src/install/nav_2d_msgs/include/nav_2d_msgs/nav_2d_msgs/msg
[1.710s] -- Up-to-date: /home/ros2/ros2_rc/src/install/nav_2d_msgs/include/nav_2d_msgs/nav_2d_msgs/msg/detail
[1.710s] -- Up-to-date: /home/ros2/ros2_rc/src/install/nav_2d_msgs/include/nav_2d_msgs/nav_2d_msgs/msg/detail/path2_d__rosidl_typesupport_introspection_cpp.hpp
[1.711s] -- Up-to-date: /home/ros2/ros2_rc/src/install/nav_2d_msgs/include/nav_2d_msgs/nav_2d_msgs/msg/detail/pose2_d_stamped__type_support.cpp
[1.712s] -- Up-to-date: /home/ros2/ros2_rc/src/install/nav_2d_msgs/include/nav_2d_msgs/nav_2d_msgs/msg/detail/pose2_d32__rosidl_typesupport_introspection_cpp.hpp
[1.712s] -- Up-to-date: /home/ros2/ros2_rc/src/install/nav_2d_msgs/include/nav_2d_msgs/nav_2d_msgs/msg/detail/twist2_d32__rosidl_typesupport_introspection_cpp.hpp
[1.712s] -- Up-to-date: /home/ros2/ros2_rc/src/install/nav_2d_msgs/include/nav_2d_msgs/nav_2d_msgs/msg/detail/path2_d__type_support.cpp
[1.712s] -- Up-to-date: /home/ros2/ros2_rc/src/install/nav_2d_msgs/include/nav_2d_msgs/nav_2d_msgs/msg/detail/twist2_d__rosidl_typesupport_introspection_cpp.hpp
[1.713s] -- Up-to-date: /home/ros2/ros2_rc/src/install/nav_2d_msgs/include/nav_2d_msgs/nav_2d_msgs/msg/detail/pose2_d32__type_support.cpp
[1.713s] -- Up-to-date: /home/ros2/ros2_rc/src/install/nav_2d_msgs/include/nav_2d_msgs/nav_2d_msgs/msg/detail/twist2_d32__type_support.cpp
[1.713s] -- Up-to-date: /home/ros2/ros2_rc/src/install/nav_2d_msgs/include/nav_2d_msgs/nav_2d_msgs/msg/detail/twist2_d_stamped__type_support.cpp
[1.713s] -- Up-to-date: /home/ros2/ros2_rc/src/install/nav_2d_msgs/include/nav_2d_msgs/nav_2d_msgs/msg/detail/twist2_d__type_support.cpp
[1.713s] -- Up-to-date: /home/ros2/ros2_rc/src/install/nav_2d_msgs/include/nav_2d_msgs/nav_2d_msgs/msg/detail/twist2_d_stamped__rosidl_typesupport_introspection_cpp.hpp
[1.714s] -- Up-to-date: /home/ros2/ros2_rc/src/install/nav_2d_msgs/include/nav_2d_msgs/nav_2d_msgs/msg/detail/pose2_d_stamped__rosidl_typesupport_introspection_cpp.hpp
[1.714s] -- Up-to-date: /home/ros2/ros2_rc/src/install/nav_2d_msgs/lib/libnav_2d_msgs__rosidl_typesupport_introspection_cpp.so
[1.715s] -- Up-to-date: /home/ros2/ros2_rc/src/install/nav_2d_msgs/lib/libnav_2d_msgs__rosidl_typesupport_cpp.so
[1.715s] -- Up-to-date: /home/ros2/ros2_rc/src/install/nav_2d_msgs/share/nav_2d_msgs/environment/pythonpath.sh
[1.715s] -- Up-to-date: /home/ros2/ros2_rc/src/install/nav_2d_msgs/share/nav_2d_msgs/environment/pythonpath.dsv
[1.716s] -- Up-to-date: /home/ros2/ros2_rc/src/install/nav_2d_msgs/local/lib/python3.10/dist-packages/nav_2d_msgs-1.1.16-py3.10.egg-info
[1.717s] -- Installing: /home/ros2/ros2_rc/src/install/nav_2d_msgs/local/lib/python3.10/dist-packages/nav_2d_msgs-1.1.16-py3.10.egg-info/SOURCES.txt
[1.717s] -- Installing: /home/ros2/ros2_rc/src/install/nav_2d_msgs/local/lib/python3.10/dist-packages/nav_2d_msgs-1.1.16-py3.10.egg-info/PKG-INFO
[1.717s] -- Installing: /home/ros2/ros2_rc/src/install/nav_2d_msgs/local/lib/python3.10/dist-packages/nav_2d_msgs-1.1.16-py3.10.egg-info/top_level.txt
[1.718s] -- Installing: /home/ros2/ros2_rc/src/install/nav_2d_msgs/local/lib/python3.10/dist-packages/nav_2d_msgs-1.1.16-py3.10.egg-info/dependency_links.txt
[1.720s] -- Up-to-date: /home/ros2/ros2_rc/src/install/nav_2d_msgs/local/lib/python3.10/dist-packages/nav_2d_msgs
[1.721s] -- Up-to-date: /home/ros2/ros2_rc/src/install/nav_2d_msgs/local/lib/python3.10/dist-packages/nav_2d_msgs/__init__.py
[1.721s] -- Up-to-date: /home/ros2/ros2_rc/src/install/nav_2d_msgs/local/lib/python3.10/dist-packages/nav_2d_msgs/nav_2d_msgs_s__rosidl_typesupport_introspection_c.cpython-310-x86_64-linux-gnu.so
[1.721s] -- Up-to-date: /home/ros2/ros2_rc/src/install/nav_2d_msgs/local/lib/python3.10/dist-packages/nav_2d_msgs/_nav_2d_msgs_s.ep.rosidl_typesupport_fastrtps_c.c
[1.722s] -- Up-to-date: /home/ros2/ros2_rc/src/install/nav_2d_msgs/local/lib/python3.10/dist-packages/nav_2d_msgs/_nav_2d_msgs_s.ep.rosidl_typesupport_introspection_c.c
[1.723s] -- Up-to-date: /home/ros2/ros2_rc/src/install/nav_2d_msgs/local/lib/python3.10/dist-packages/nav_2d_msgs/nav_2d_msgs_s__rosidl_typesupport_fastrtps_c.cpython-310-x86_64-linux-gnu.so
[1.724s] -- Up-to-date: /home/ros2/ros2_rc/src/install/nav_2d_msgs/local/lib/python3.10/dist-packages/nav_2d_msgs/libnav_2d_msgs__rosidl_generator_py.so
[1.724s] -- Up-to-date: /home/ros2/ros2_rc/src/install/nav_2d_msgs/local/lib/python3.10/dist-packages/nav_2d_msgs/msg
[1.724s] -- Up-to-date: /home/ros2/ros2_rc/src/install/nav_2d_msgs/local/lib/python3.10/dist-packages/nav_2d_msgs/msg/__init__.py
[1.725s] -- Up-to-date: /home/ros2/ros2_rc/src/install/nav_2d_msgs/local/lib/python3.10/dist-packages/nav_2d_msgs/msg/_twist2_d.py
[1.725s] -- Up-to-date: /home/ros2/ros2_rc/src/install/nav_2d_msgs/local/lib/python3.10/dist-packages/nav_2d_msgs/msg/_pose2_d32_s.c
[1.725s] -- Up-to-date: /home/ros2/ros2_rc/src/install/nav_2d_msgs/local/lib/python3.10/dist-packages/nav_2d_msgs/msg/_pose2_d_stamped_s.c
[1.725s] -- Up-to-date: /home/ros2/ros2_rc/src/install/nav_2d_msgs/local/lib/python3.10/dist-packages/nav_2d_msgs/msg/_pose2_d32.py
[1.725s] -- Up-to-date: /home/ros2/ros2_rc/src/install/nav_2d_msgs/local/lib/python3.10/dist-packages/nav_2d_msgs/msg/_twist2_d32.py
[1.726s] -- Up-to-date: /home/ros2/ros2_rc/src/install/nav_2d_msgs/local/lib/python3.10/dist-packages/nav_2d_msgs/msg/_twist2_d_stamped.py
[1.727s] -- Up-to-date: /home/ros2/ros2_rc/src/install/nav_2d_msgs/local/lib/python3.10/dist-packages/nav_2d_msgs/msg/_twist2_d32_s.c
[1.727s] -- Up-to-date: /home/ros2/ros2_rc/src/install/nav_2d_msgs/local/lib/python3.10/dist-packages/nav_2d_msgs/msg/_path2_d.py
[1.727s] -- Up-to-date: /home/ros2/ros2_rc/src/install/nav_2d_msgs/local/lib/python3.10/dist-packages/nav_2d_msgs/msg/_twist2_d_stamped_s.c
[1.727s] -- Up-to-date: /home/ros2/ros2_rc/src/install/nav_2d_msgs/local/lib/python3.10/dist-packages/nav_2d_msgs/msg/_pose2_d_stamped.py
[1.728s] -- Up-to-date: /home/ros2/ros2_rc/src/install/nav_2d_msgs/local/lib/python3.10/dist-packages/nav_2d_msgs/msg/_path2_d_s.c
[1.728s] -- Up-to-date: /home/ros2/ros2_rc/src/install/nav_2d_msgs/local/lib/python3.10/dist-packages/nav_2d_msgs/msg/_twist2_d_s.c
[1.728s] -- Up-to-date: /home/ros2/ros2_rc/src/install/nav_2d_msgs/local/lib/python3.10/dist-packages/nav_2d_msgs/nav_2d_msgs_s__rosidl_typesupport_c.cpython-310-x86_64-linux-gnu.so
[1.728s] -- Up-to-date: /home/ros2/ros2_rc/src/install/nav_2d_msgs/local/lib/python3.10/dist-packages/nav_2d_msgs/_nav_2d_msgs_s.ep.rosidl_typesupport_c.c
[1.775s] Listing '/home/ros2/ros2_rc/src/install/nav_2d_msgs/local/lib/python3.10/dist-packages/nav_2d_msgs'...
[1.775s] Listing '/home/ros2/ros2_rc/src/install/nav_2d_msgs/local/lib/python3.10/dist-packages/nav_2d_msgs/msg'...
[1.789s] -- Up-to-date: /home/ros2/ros2_rc/src/install/nav_2d_msgs/local/lib/python3.10/dist-packages/nav_2d_msgs/nav_2d_msgs_s__rosidl_typesupport_fastrtps_c.cpython-310-x86_64-linux-gnu.so
[1.792s] -- Up-to-date: /home/ros2/ros2_rc/src/install/nav_2d_msgs/local/lib/python3.10/dist-packages/nav_2d_msgs/nav_2d_msgs_s__rosidl_typesupport_introspection_c.cpython-310-x86_64-linux-gnu.so
[1.794s] -- Up-to-date: /home/ros2/ros2_rc/src/install/nav_2d_msgs/local/lib/python3.10/dist-packages/nav_2d_msgs/nav_2d_msgs_s__rosidl_typesupport_c.cpython-310-x86_64-linux-gnu.so
[1.796s] -- Up-to-date: /home/ros2/ros2_rc/src/install/nav_2d_msgs/lib/libnav_2d_msgs__rosidl_generator_py.so
[1.797s] -- Up-to-date: /home/ros2/ros2_rc/src/install/nav_2d_msgs/share/nav_2d_msgs/msg/Path2D.idl
[1.797s] -- Up-to-date: /home/ros2/ros2_rc/src/install/nav_2d_msgs/share/nav_2d_msgs/msg/Pose2D32.idl
[1.797s] -- Up-to-date: /home/ros2/ros2_rc/src/install/nav_2d_msgs/share/nav_2d_msgs/msg/Pose2DStamped.idl
[1.797s] -- Up-to-date: /home/ros2/ros2_rc/src/install/nav_2d_msgs/share/nav_2d_msgs/msg/Twist2D.idl
[1.798s] -- Up-to-date: /home/ros2/ros2_rc/src/install/nav_2d_msgs/share/nav_2d_msgs/msg/Twist2D32.idl
[1.798s] -- Up-to-date: /home/ros2/ros2_rc/src/install/nav_2d_msgs/share/nav_2d_msgs/msg/Twist2DStamped.idl
[1.799s] -- Up-to-date: /home/ros2/ros2_rc/src/install/nav_2d_msgs/share/nav_2d_msgs/msg/Path2D.msg
[1.799s] -- Up-to-date: /home/ros2/ros2_rc/src/install/nav_2d_msgs/share/nav_2d_msgs/msg/Pose2D32.msg
[1.799s] -- Up-to-date: /home/ros2/ros2_rc/src/install/nav_2d_msgs/share/nav_2d_msgs/msg/Pose2DStamped.msg
[1.799s] -- Up-to-date: /home/ros2/ros2_rc/src/install/nav_2d_msgs/share/nav_2d_msgs/msg/Twist2D.msg
[1.799s] -- Up-to-date: /home/ros2/ros2_rc/src/install/nav_2d_msgs/share/nav_2d_msgs/msg/Twist2D32.msg
[1.799s] -- Up-to-date: /home/ros2/ros2_rc/src/install/nav_2d_msgs/share/nav_2d_msgs/msg/Twist2DStamped.msg
[1.800s] -- Up-to-date: /home/ros2/ros2_rc/src/install/nav_2d_msgs/share/ament_index/resource_index/package_run_dependencies/nav_2d_msgs
[1.800s] -- Up-to-date: /home/ros2/ros2_rc/src/install/nav_2d_msgs/share/ament_index/resource_index/parent_prefix_path/nav_2d_msgs
[1.800s] -- Up-to-date: /home/ros2/ros2_rc/src/install/nav_2d_msgs/share/nav_2d_msgs/environment/ament_prefix_path.sh
[1.800s] -- Up-to-date: /home/ros2/ros2_rc/src/install/nav_2d_msgs/share/nav_2d_msgs/environment/ament_prefix_path.dsv
[1.800s] -- Up-to-date: /home/ros2/ros2_rc/src/install/nav_2d_msgs/share/nav_2d_msgs/environment/path.sh
[1.800s] -- Up-to-date: /home/ros2/ros2_rc/src/install/nav_2d_msgs/share/nav_2d_msgs/environment/path.dsv
[1.800s] -- Up-to-date: /home/ros2/ros2_rc/src/install/nav_2d_msgs/share/nav_2d_msgs/local_setup.bash
[1.800s] -- Up-to-date: /home/ros2/ros2_rc/src/install/nav_2d_msgs/share/nav_2d_msgs/local_setup.sh
[1.800s] -- Up-to-date: /home/ros2/ros2_rc/src/install/nav_2d_msgs/share/nav_2d_msgs/local_setup.zsh
[1.801s] -- Up-to-date: /home/ros2/ros2_rc/src/install/nav_2d_msgs/share/nav_2d_msgs/local_setup.dsv
[1.801s] -- Installing: /home/ros2/ros2_rc/src/install/nav_2d_msgs/share/nav_2d_msgs/package.dsv
[1.801s] -- Up-to-date: /home/ros2/ros2_rc/src/install/nav_2d_msgs/share/ament_index/resource_index/packages/nav_2d_msgs
[1.804s] -- Up-to-date: /home/ros2/ros2_rc/src/install/nav_2d_msgs/share/nav_2d_msgs/cmake/export_nav_2d_msgs__rosidl_generator_cExport.cmake
[1.804s] -- Up-to-date: /home/ros2/ros2_rc/src/install/nav_2d_msgs/share/nav_2d_msgs/cmake/export_nav_2d_msgs__rosidl_generator_cExport-noconfig.cmake
[1.805s] -- Up-to-date: /home/ros2/ros2_rc/src/install/nav_2d_msgs/share/nav_2d_msgs/cmake/export_nav_2d_msgs__rosidl_typesupport_fastrtps_cExport.cmake
[1.805s] -- Up-to-date: /home/ros2/ros2_rc/src/install/nav_2d_msgs/share/nav_2d_msgs/cmake/export_nav_2d_msgs__rosidl_typesupport_fastrtps_cExport-noconfig.cmake
[1.806s] -- Up-to-date: /home/ros2/ros2_rc/src/install/nav_2d_msgs/share/nav_2d_msgs/cmake/export_nav_2d_msgs__rosidl_generator_cppExport.cmake
[1.808s] -- Up-to-date: /home/ros2/ros2_rc/src/install/nav_2d_msgs/share/nav_2d_msgs/cmake/export_nav_2d_msgs__rosidl_typesupport_fastrtps_cppExport.cmake
[1.808s] -- Up-to-date: /home/ros2/ros2_rc/src/install/nav_2d_msgs/share/nav_2d_msgs/cmake/export_nav_2d_msgs__rosidl_typesupport_fastrtps_cppExport-noconfig.cmake
[1.809s] -- Up-to-date: /home/ros2/ros2_rc/src/install/nav_2d_msgs/share/nav_2d_msgs/cmake/nav_2d_msgs__rosidl_typesupport_introspection_cExport.cmake
[1.809s] -- Up-to-date: /home/ros2/ros2_rc/src/install/nav_2d_msgs/share/nav_2d_msgs/cmake/nav_2d_msgs__rosidl_typesupport_introspection_cExport-noconfig.cmake
[1.810s] -- Up-to-date: /home/ros2/ros2_rc/src/install/nav_2d_msgs/share/nav_2d_msgs/cmake/nav_2d_msgs__rosidl_typesupport_cExport.cmake
[1.811s] -- Up-to-date: /home/ros2/ros2_rc/src/install/nav_2d_msgs/share/nav_2d_msgs/cmake/nav_2d_msgs__rosidl_typesupport_cExport-noconfig.cmake
[1.811s] -- Up-to-date: /home/ros2/ros2_rc/src/install/nav_2d_msgs/share/nav_2d_msgs/cmake/nav_2d_msgs__rosidl_typesupport_introspection_cppExport.cmake
[1.812s] -- Up-to-date: /home/ros2/ros2_rc/src/install/nav_2d_msgs/share/nav_2d_msgs/cmake/nav_2d_msgs__rosidl_typesupport_introspection_cppExport-noconfig.cmake
[1.812s] -- Up-to-date: /home/ros2/ros2_rc/src/install/nav_2d_msgs/share/nav_2d_msgs/cmake/nav_2d_msgs__rosidl_typesupport_cppExport.cmake
[1.813s] -- Up-to-date: /home/ros2/ros2_rc/src/install/nav_2d_msgs/share/nav_2d_msgs/cmake/nav_2d_msgs__rosidl_typesupport_cppExport-noconfig.cmake
[1.814s] -- Up-to-date: /home/ros2/ros2_rc/src/install/nav_2d_msgs/share/nav_2d_msgs/cmake/export_nav_2d_msgs__rosidl_generator_pyExport.cmake
[1.814s] -- Up-to-date: /home/ros2/ros2_rc/src/install/nav_2d_msgs/share/nav_2d_msgs/cmake/export_nav_2d_msgs__rosidl_generator_pyExport-noconfig.cmake
[1.815s] -- Up-to-date: /home/ros2/ros2_rc/src/install/nav_2d_msgs/share/nav_2d_msgs/cmake/rosidl_cmake-extras.cmake
[1.815s] -- Up-to-date: /home/ros2/ros2_rc/src/install/nav_2d_msgs/share/nav_2d_msgs/cmake/ament_cmake_export_dependencies-extras.cmake
[1.816s] -- Up-to-date: /home/ros2/ros2_rc/src/install/nav_2d_msgs/share/nav_2d_msgs/cmake/ament_cmake_export_include_directories-extras.cmake
[1.816s] -- Up-to-date: /home/ros2/ros2_rc/src/install/nav_2d_msgs/share/nav_2d_msgs/cmake/ament_cmake_export_libraries-extras.cmake
[1.816s] -- Up-to-date: /home/ros2/ros2_rc/src/install/nav_2d_msgs/share/nav_2d_msgs/cmake/ament_cmake_export_targets-extras.cmake
[1.816s] -- Up-to-date: /home/ros2/ros2_rc/src/install/nav_2d_msgs/share/nav_2d_msgs/cmake/rosidl_cmake_export_typesupport_targets-extras.cmake
[1.816s] -- Up-to-date: /home/ros2/ros2_rc/src/install/nav_2d_msgs/share/nav_2d_msgs/cmake/rosidl_cmake_export_typesupport_libraries-extras.cmake
[1.817s] -- Up-to-date: /home/ros2/ros2_rc/src/install/nav_2d_msgs/share/nav_2d_msgs/cmake/nav_2d_msgsConfig.cmake
[1.817s] -- Up-to-date: /home/ros2/ros2_rc/src/install/nav_2d_msgs/share/nav_2d_msgs/cmake/nav_2d_msgsConfig-version.cmake
[1.817s] -- Up-to-date: /home/ros2/ros2_rc/src/install/nav_2d_msgs/share/nav_2d_msgs/package.xml
[1.823s] Invoked command in '/home/ros2/ros2_rc/src/build/nav_2d_msgs' returned '0': CMAKE_PREFIX_PATH=${CMAKE_PREFIX_PATH}:/home/ros2/ros2_rc/src/install/dwb_plugins:/home/ros2/ros2_rc/src/install/nav2_theta_star_planner:/home/ros2/ros2_rc/src/install/nav2_simple_commander:/opt/ros/humble /usr/bin/cmake --install /home/ros2/ros2_rc/src/build/nav_2d_msgs
