[0.150s] DEBUG:colcon:Command line arguments: ['/usr/bin/colcon', 'build']
[0.150s] DEBUG:colcon:Parsed command line arguments: Namespace(log_base=None, log_level=None, verb_name='build', build_base='build', install_base='install', merge_install=False, symlink_install=False, test_result_base=None, continue_on_error=False, executor='parallel', parallel_workers=9, event_handlers=None, ignore_user_meta=False, metas=['./colcon.meta'], base_paths=['.'], packages_ignore=None, packages_ignore_regex=None, paths=None, packages_up_to=None, packages_up_to_regex=None, packages_above=None, packages_above_and_dependencies=None, packages_above_depth=None, packages_select_by_dep=None, packages_skip_by_dep=None, packages_skip_up_to=None, packages_select_build_failed=False, packages_skip_build_finished=False, packages_select_test_failures=False, packages_skip_test_passed=False, packages_select=None, packages_skip=None, packages_select_regex=None, packages_skip_regex=None, packages_start=None, packages_end=None, allow_overriding=[], cmake_args=None, cmake_target=None, cmake_target_skip_unavailable=False, cmake_clean_cache=False, cmake_clean_first=False, cmake_force_configure=False, ament_cmake_args=None, catkin_cmake_args=None, catkin_skip_building_tests=False, mixin_files=None, mixin=None, verb_parser=<colcon_mixin.mixin.mixin_argument.MixinArgumentDecorator object at 0x7b754a678100>, verb_extension=<colcon_core.verb.build.BuildVerb object at 0x7b754a780940>, main=<bound method BuildVerb.main of <colcon_core.verb.build.BuildVerb object at 0x7b754a780940>>, mixin_verb=('build',))
[0.401s] Level 1:colcon.colcon_core.package_discovery:discover_packages(colcon_meta) check parameters
[0.401s] Level 1:colcon.colcon_core.package_discovery:discover_packages(recursive) check parameters
[0.401s] Level 1:colcon.colcon_core.package_discovery:discover_packages(ignore) check parameters
[0.401s] Level 1:colcon.colcon_core.package_discovery:discover_packages(path) check parameters
[0.401s] Level 1:colcon.colcon_core.package_discovery:discover_packages(colcon_meta) discover
[0.402s] Level 1:colcon.colcon_core.package_discovery:discover_packages(recursive) discover
[0.402s] INFO:colcon.colcon_core.package_discovery:Crawling recursively for packages in '/home/ros2/ros2_rc/src'
[0.402s] Level 1:colcon.colcon_core.package_identification:_identify(.) by extensions ['ignore', 'ignore_ament_install']
[0.402s] Level 1:colcon.colcon_core.package_identification:_identify(.) by extension 'ignore'
[0.402s] Level 1:colcon.colcon_core.package_identification:_identify(.) by extension 'ignore_ament_install'
[0.402s] Level 1:colcon.colcon_core.package_identification:_identify(.) by extensions ['colcon_pkg']
[0.402s] Level 1:colcon.colcon_core.package_identification:_identify(.) by extension 'colcon_pkg'
[0.402s] Level 1:colcon.colcon_core.package_identification:_identify(.) by extensions ['colcon_meta']
[0.402s] Level 1:colcon.colcon_core.package_identification:_identify(.) by extension 'colcon_meta'
[0.402s] Level 1:colcon.colcon_core.package_identification:_identify(.) by extensions ['ros']
[0.402s] Level 1:colcon.colcon_core.package_identification:_identify(.) by extension 'ros'
[0.416s] Level 1:colcon.colcon_core.package_identification:_identify(.) by extensions ['cmake', 'python']
[0.416s] Level 1:colcon.colcon_core.package_identification:_identify(.) by extension 'cmake'
[0.416s] Level 1:colcon.colcon_core.package_identification:_identify(.) by extension 'python'
[0.416s] Level 1:colcon.colcon_core.package_identification:_identify(.) by extensions ['python_setup_py']
[0.416s] Level 1:colcon.colcon_core.package_identification:_identify(.) by extension 'python_setup_py'
[0.417s] Level 1:colcon.colcon_core.package_identification:_identify(build) by extensions ['ignore', 'ignore_ament_install']
[0.417s] Level 1:colcon.colcon_core.package_identification:_identify(build) by extension 'ignore'
[0.417s] Level 1:colcon.colcon_core.package_identification:_identify(build) ignored
[0.417s] Level 1:colcon.colcon_core.package_identification:_identify(car_gazebo_plugin) by extensions ['ignore', 'ignore_ament_install']
[0.417s] Level 1:colcon.colcon_core.package_identification:_identify(car_gazebo_plugin) by extension 'ignore'
[0.417s] Level 1:colcon.colcon_core.package_identification:_identify(car_gazebo_plugin) by extension 'ignore_ament_install'
[0.417s] Level 1:colcon.colcon_core.package_identification:_identify(car_gazebo_plugin) by extensions ['colcon_pkg']
[0.417s] Level 1:colcon.colcon_core.package_identification:_identify(car_gazebo_plugin) by extension 'colcon_pkg'
[0.417s] Level 1:colcon.colcon_core.package_identification:_identify(car_gazebo_plugin) by extensions ['colcon_meta']
[0.417s] Level 1:colcon.colcon_core.package_identification:_identify(car_gazebo_plugin) by extension 'colcon_meta'
[0.417s] Level 1:colcon.colcon_core.package_identification:_identify(car_gazebo_plugin) by extensions ['ros']
[0.417s] Level 1:colcon.colcon_core.package_identification:_identify(car_gazebo_plugin) by extension 'ros'
[0.422s] DEBUG:colcon.colcon_core.package_identification:Package 'car_gazebo_plugin' with type 'ros.ament_cmake' and name 'car_gazebo_plugin'
[0.424s] Level 1:colcon.colcon_core.package_identification:_identify(install) by extensions ['ignore', 'ignore_ament_install']
[0.424s] Level 1:colcon.colcon_core.package_identification:_identify(install) by extension 'ignore'
[0.424s] Level 1:colcon.colcon_core.package_identification:_identify(install) ignored
[0.425s] Level 1:colcon.colcon_core.package_identification:_identify(log) by extensions ['ignore', 'ignore_ament_install']
[0.425s] Level 1:colcon.colcon_core.package_identification:_identify(log) by extension 'ignore'
[0.425s] Level 1:colcon.colcon_core.package_identification:_identify(log) ignored
[0.425s] Level 1:colcon.colcon_core.package_identification:_identify(ros2_rc) by extensions ['ignore', 'ignore_ament_install']
[0.425s] Level 1:colcon.colcon_core.package_identification:_identify(ros2_rc) by extension 'ignore'
[0.425s] Level 1:colcon.colcon_core.package_identification:_identify(ros2_rc) by extension 'ignore_ament_install'
[0.426s] Level 1:colcon.colcon_core.package_identification:_identify(ros2_rc) by extensions ['colcon_pkg']
[0.426s] Level 1:colcon.colcon_core.package_identification:_identify(ros2_rc) by extension 'colcon_pkg'
[0.426s] Level 1:colcon.colcon_core.package_identification:_identify(ros2_rc) by extensions ['colcon_meta']
[0.426s] Level 1:colcon.colcon_core.package_identification:_identify(ros2_rc) by extension 'colcon_meta'
[0.426s] Level 1:colcon.colcon_core.package_identification:_identify(ros2_rc) by extensions ['ros']
[0.426s] Level 1:colcon.colcon_core.package_identification:_identify(ros2_rc) by extension 'ros'
[0.427s] DEBUG:colcon.colcon_core.package_identification:Package 'ros2_rc' with type 'ros.ament_cmake' and name 'ros2_rc'
[0.427s] Level 1:colcon.colcon_core.package_identification:_identify(smart_car) by extensions ['ignore', 'ignore_ament_install']
[0.427s] Level 1:colcon.colcon_core.package_identification:_identify(smart_car) by extension 'ignore'
[0.427s] Level 1:colcon.colcon_core.package_identification:_identify(smart_car) by extension 'ignore_ament_install'
[0.427s] Level 1:colcon.colcon_core.package_identification:_identify(smart_car) by extensions ['colcon_pkg']
[0.427s] Level 1:colcon.colcon_core.package_identification:_identify(smart_car) by extension 'colcon_pkg'
[0.427s] Level 1:colcon.colcon_core.package_identification:_identify(smart_car) by extensions ['colcon_meta']
[0.427s] Level 1:colcon.colcon_core.package_identification:_identify(smart_car) by extension 'colcon_meta'
[0.428s] Level 1:colcon.colcon_core.package_identification:_identify(smart_car) by extensions ['ros']
[0.428s] Level 1:colcon.colcon_core.package_identification:_identify(smart_car) by extension 'ros'
[0.428s] DEBUG:colcon.colcon_core.package_identification:Package 'smart_car' with type 'ros.ament_cmake' and name 'smart_car'
[0.429s] Level 1:colcon.colcon_core.package_identification:_identify(smartcar_msgs) by extensions ['ignore', 'ignore_ament_install']
[0.429s] Level 1:colcon.colcon_core.package_identification:_identify(smartcar_msgs) by extension 'ignore'
[0.429s] Level 1:colcon.colcon_core.package_identification:_identify(smartcar_msgs) by extension 'ignore_ament_install'
[0.429s] Level 1:colcon.colcon_core.package_identification:_identify(smartcar_msgs) by extensions ['colcon_pkg']
[0.429s] Level 1:colcon.colcon_core.package_identification:_identify(smartcar_msgs) by extension 'colcon_pkg'
[0.429s] Level 1:colcon.colcon_core.package_identification:_identify(smartcar_msgs) by extensions ['colcon_meta']
[0.429s] Level 1:colcon.colcon_core.package_identification:_identify(smartcar_msgs) by extension 'colcon_meta'
[0.429s] Level 1:colcon.colcon_core.package_identification:_identify(smartcar_msgs) by extensions ['ros']
[0.429s] Level 1:colcon.colcon_core.package_identification:_identify(smartcar_msgs) by extension 'ros'
[0.430s] DEBUG:colcon.colcon_core.package_identification:Package 'smartcar_msgs' with type 'ros.ament_cmake' and name 'smartcar_msgs'
[0.430s] Level 1:colcon.colcon_core.package_identification:_identify(sudo apt install ros-humble-gazebo-ros-pkgs) by extensions ['ignore', 'ignore_ament_install']
[0.430s] Level 1:colcon.colcon_core.package_identification:_identify(sudo apt install ros-humble-gazebo-ros-pkgs) by extension 'ignore'
[0.431s] Level 1:colcon.colcon_core.package_identification:_identify(sudo apt install ros-humble-gazebo-ros-pkgs) by extension 'ignore_ament_install'
[0.431s] Level 1:colcon.colcon_core.package_identification:_identify(sudo apt install ros-humble-gazebo-ros-pkgs) by extensions ['colcon_pkg']
[0.431s] Level 1:colcon.colcon_core.package_identification:_identify(sudo apt install ros-humble-gazebo-ros-pkgs) by extension 'colcon_pkg'
[0.431s] Level 1:colcon.colcon_core.package_identification:_identify(sudo apt install ros-humble-gazebo-ros-pkgs) by extensions ['colcon_meta']
[0.431s] Level 1:colcon.colcon_core.package_identification:_identify(sudo apt install ros-humble-gazebo-ros-pkgs) by extension 'colcon_meta'
[0.431s] Level 1:colcon.colcon_core.package_identification:_identify(sudo apt install ros-humble-gazebo-ros-pkgs) by extensions ['ros']
[0.431s] Level 1:colcon.colcon_core.package_identification:_identify(sudo apt install ros-humble-gazebo-ros-pkgs) by extension 'ros'
[0.431s] Level 1:colcon.colcon_core.package_identification:_identify(sudo apt install ros-humble-gazebo-ros-pkgs) by extensions ['cmake', 'python']
[0.431s] Level 1:colcon.colcon_core.package_identification:_identify(sudo apt install ros-humble-gazebo-ros-pkgs) by extension 'cmake'
[0.431s] Level 1:colcon.colcon_core.package_identification:_identify(sudo apt install ros-humble-gazebo-ros-pkgs) by extension 'python'
[0.431s] Level 1:colcon.colcon_core.package_identification:_identify(sudo apt install ros-humble-gazebo-ros-pkgs) by extensions ['python_setup_py']
[0.431s] Level 1:colcon.colcon_core.package_identification:_identify(sudo apt install ros-humble-gazebo-ros-pkgs) by extension 'python_setup_py'
[0.431s] Level 1:colcon.colcon_core.package_discovery:discover_packages(recursive) using defaults
[0.431s] Level 1:colcon.colcon_core.package_discovery:discover_packages(ignore) discover
[0.431s] Level 1:colcon.colcon_core.package_discovery:discover_packages(ignore) using defaults
[0.431s] Level 1:colcon.colcon_core.package_discovery:discover_packages(path) discover
[0.431s] Level 1:colcon.colcon_core.package_discovery:discover_packages(path) using defaults
[0.481s] Level 1:colcon.colcon_core.package_discovery:discover_packages(prefix_path) check parameters
[0.481s] Level 1:colcon.colcon_core.package_discovery:discover_packages(prefix_path) discover
[0.484s] DEBUG:colcon.colcon_installed_package_information.package_discovery:Found 4 installed packages in /home/ros2/ros2_rc/src/install
[0.487s] DEBUG:colcon.colcon_installed_package_information.package_discovery:Found 335 installed packages in /opt/ros/humble
[0.489s] Level 1:colcon.colcon_core.package_discovery:discover_packages(prefix_path) using defaults
[0.557s] Level 5:colcon.colcon_core.verb:set package 'car_gazebo_plugin' build argument 'cmake_args' from command line to 'None'
[0.557s] Level 5:colcon.colcon_core.verb:set package 'car_gazebo_plugin' build argument 'cmake_target' from command line to 'None'
[0.557s] Level 5:colcon.colcon_core.verb:set package 'car_gazebo_plugin' build argument 'cmake_target_skip_unavailable' from command line to 'False'
[0.557s] Level 5:colcon.colcon_core.verb:set package 'car_gazebo_plugin' build argument 'cmake_clean_cache' from command line to 'False'
[0.557s] Level 5:colcon.colcon_core.verb:set package 'car_gazebo_plugin' build argument 'cmake_clean_first' from command line to 'False'
[0.557s] Level 5:colcon.colcon_core.verb:set package 'car_gazebo_plugin' build argument 'cmake_force_configure' from command line to 'False'
[0.557s] Level 5:colcon.colcon_core.verb:set package 'car_gazebo_plugin' build argument 'ament_cmake_args' from command line to 'None'
[0.557s] Level 5:colcon.colcon_core.verb:set package 'car_gazebo_plugin' build argument 'catkin_cmake_args' from command line to 'None'
[0.557s] Level 5:colcon.colcon_core.verb:set package 'car_gazebo_plugin' build argument 'catkin_skip_building_tests' from command line to 'False'
[0.557s] DEBUG:colcon.colcon_core.verb:Building package 'car_gazebo_plugin' with the following arguments: {'ament_cmake_args': None, 'build_base': '/home/ros2/ros2_rc/src/build/car_gazebo_plugin', 'catkin_cmake_args': None, 'catkin_skip_building_tests': False, 'cmake_args': None, 'cmake_clean_cache': False, 'cmake_clean_first': False, 'cmake_force_configure': False, 'cmake_target': None, 'cmake_target_skip_unavailable': False, 'install_base': '/home/ros2/ros2_rc/src/install/car_gazebo_plugin', 'merge_install': False, 'path': '/home/ros2/ros2_rc/src/car_gazebo_plugin', 'symlink_install': False, 'test_result_base': None}
[0.559s] Level 5:colcon.colcon_core.verb:set package 'ros2_rc' build argument 'cmake_args' from command line to 'None'
[0.559s] Level 5:colcon.colcon_core.verb:set package 'ros2_rc' build argument 'cmake_target' from command line to 'None'
[0.559s] Level 5:colcon.colcon_core.verb:set package 'ros2_rc' build argument 'cmake_target_skip_unavailable' from command line to 'False'
[0.559s] Level 5:colcon.colcon_core.verb:set package 'ros2_rc' build argument 'cmake_clean_cache' from command line to 'False'
[0.559s] Level 5:colcon.colcon_core.verb:set package 'ros2_rc' build argument 'cmake_clean_first' from command line to 'False'
[0.559s] Level 5:colcon.colcon_core.verb:set package 'ros2_rc' build argument 'cmake_force_configure' from command line to 'False'
[0.559s] Level 5:colcon.colcon_core.verb:set package 'ros2_rc' build argument 'ament_cmake_args' from command line to 'None'
[0.559s] Level 5:colcon.colcon_core.verb:set package 'ros2_rc' build argument 'catkin_cmake_args' from command line to 'None'
[0.559s] Level 5:colcon.colcon_core.verb:set package 'ros2_rc' build argument 'catkin_skip_building_tests' from command line to 'False'
[0.559s] DEBUG:colcon.colcon_core.verb:Building package 'ros2_rc' with the following arguments: {'ament_cmake_args': None, 'build_base': '/home/ros2/ros2_rc/src/build/ros2_rc', 'catkin_cmake_args': None, 'catkin_skip_building_tests': False, 'cmake_args': None, 'cmake_clean_cache': False, 'cmake_clean_first': False, 'cmake_force_configure': False, 'cmake_target': None, 'cmake_target_skip_unavailable': False, 'install_base': '/home/ros2/ros2_rc/src/install/ros2_rc', 'merge_install': False, 'path': '/home/ros2/ros2_rc/src/ros2_rc', 'symlink_install': False, 'test_result_base': None}
[0.560s] Level 5:colcon.colcon_core.verb:set package 'smart_car' build argument 'cmake_args' from command line to 'None'
[0.560s] Level 5:colcon.colcon_core.verb:set package 'smart_car' build argument 'cmake_target' from command line to 'None'
[0.560s] Level 5:colcon.colcon_core.verb:set package 'smart_car' build argument 'cmake_target_skip_unavailable' from command line to 'False'
[0.560s] Level 5:colcon.colcon_core.verb:set package 'smart_car' build argument 'cmake_clean_cache' from command line to 'False'
[0.560s] Level 5:colcon.colcon_core.verb:set package 'smart_car' build argument 'cmake_clean_first' from command line to 'False'
[0.560s] Level 5:colcon.colcon_core.verb:set package 'smart_car' build argument 'cmake_force_configure' from command line to 'False'
[0.560s] Level 5:colcon.colcon_core.verb:set package 'smart_car' build argument 'ament_cmake_args' from command line to 'None'
[0.560s] Level 5:colcon.colcon_core.verb:set package 'smart_car' build argument 'catkin_cmake_args' from command line to 'None'
[0.560s] Level 5:colcon.colcon_core.verb:set package 'smart_car' build argument 'catkin_skip_building_tests' from command line to 'False'
[0.560s] DEBUG:colcon.colcon_core.verb:Building package 'smart_car' with the following arguments: {'ament_cmake_args': None, 'build_base': '/home/ros2/ros2_rc/src/build/smart_car', 'catkin_cmake_args': None, 'catkin_skip_building_tests': False, 'cmake_args': None, 'cmake_clean_cache': False, 'cmake_clean_first': False, 'cmake_force_configure': False, 'cmake_target': None, 'cmake_target_skip_unavailable': False, 'install_base': '/home/ros2/ros2_rc/src/install/smart_car', 'merge_install': False, 'path': '/home/ros2/ros2_rc/src/smart_car', 'symlink_install': False, 'test_result_base': None}
[0.561s] Level 5:colcon.colcon_core.verb:set package 'smartcar_msgs' build argument 'cmake_args' from command line to 'None'
[0.561s] Level 5:colcon.colcon_core.verb:set package 'smartcar_msgs' build argument 'cmake_target' from command line to 'None'
[0.561s] Level 5:colcon.colcon_core.verb:set package 'smartcar_msgs' build argument 'cmake_target_skip_unavailable' from command line to 'False'
[0.561s] Level 5:colcon.colcon_core.verb:set package 'smartcar_msgs' build argument 'cmake_clean_cache' from command line to 'False'
[0.561s] Level 5:colcon.colcon_core.verb:set package 'smartcar_msgs' build argument 'cmake_clean_first' from command line to 'False'
[0.561s] Level 5:colcon.colcon_core.verb:set package 'smartcar_msgs' build argument 'cmake_force_configure' from command line to 'False'
[0.561s] Level 5:colcon.colcon_core.verb:set package 'smartcar_msgs' build argument 'ament_cmake_args' from command line to 'None'
[0.561s] Level 5:colcon.colcon_core.verb:set package 'smartcar_msgs' build argument 'catkin_cmake_args' from command line to 'None'
[0.561s] Level 5:colcon.colcon_core.verb:set package 'smartcar_msgs' build argument 'catkin_skip_building_tests' from command line to 'False'
[0.561s] DEBUG:colcon.colcon_core.verb:Building package 'smartcar_msgs' with the following arguments: {'ament_cmake_args': None, 'build_base': '/home/ros2/ros2_rc/src/build/smartcar_msgs', 'catkin_cmake_args': None, 'catkin_skip_building_tests': False, 'cmake_args': None, 'cmake_clean_cache': False, 'cmake_clean_first': False, 'cmake_force_configure': False, 'cmake_target': None, 'cmake_target_skip_unavailable': False, 'install_base': '/home/ros2/ros2_rc/src/install/smartcar_msgs', 'merge_install': False, 'path': '/home/ros2/ros2_rc/src/smartcar_msgs', 'symlink_install': False, 'test_result_base': None}
[0.561s] INFO:colcon.colcon_core.executor:Executing jobs using 'parallel' executor
[0.563s] DEBUG:colcon.colcon_parallel_executor.executor.parallel:run_until_complete
[0.563s] INFO:colcon.colcon_ros.task.ament_cmake.build:Building ROS package in '/home/ros2/ros2_rc/src/car_gazebo_plugin' with build type 'ament_cmake'
[0.564s] INFO:colcon.colcon_cmake.task.cmake.build:Building CMake package in '/home/ros2/ros2_rc/src/car_gazebo_plugin'
[0.567s] INFO:colcon.colcon_core.plugin_system:Skipping extension 'colcon_core.shell.bat': Not used on non-Windows systems
[0.567s] INFO:colcon.colcon_core.shell:Skip shell extension 'powershell' for command environment: Not usable outside of PowerShell
[0.567s] DEBUG:colcon.colcon_core.shell:Skip shell extension 'dsv' for command environment
[0.573s] INFO:colcon.colcon_ros.task.ament_cmake.build:Building ROS package in '/home/ros2/ros2_rc/src/ros2_rc' with build type 'ament_cmake'
[0.574s] INFO:colcon.colcon_cmake.task.cmake.build:Building CMake package in '/home/ros2/ros2_rc/src/ros2_rc'
[0.574s] INFO:colcon.colcon_core.shell:Skip shell extension 'powershell' for command environment: Not usable outside of PowerShell
[0.575s] DEBUG:colcon.colcon_core.shell:Skip shell extension 'dsv' for command environment
[0.582s] INFO:colcon.colcon_ros.task.ament_cmake.build:Building ROS package in '/home/ros2/ros2_rc/src/smart_car' with build type 'ament_cmake'
[0.583s] INFO:colcon.colcon_cmake.task.cmake.build:Building CMake package in '/home/ros2/ros2_rc/src/smart_car'
[0.584s] INFO:colcon.colcon_core.shell:Skip shell extension 'powershell' for command environment: Not usable outside of PowerShell
[0.584s] DEBUG:colcon.colcon_core.shell:Skip shell extension 'dsv' for command environment
[0.591s] INFO:colcon.colcon_ros.task.ament_cmake.build:Building ROS package in '/home/ros2/ros2_rc/src/smartcar_msgs' with build type 'ament_cmake'
[0.591s] INFO:colcon.colcon_cmake.task.cmake.build:Building CMake package in '/home/ros2/ros2_rc/src/smartcar_msgs'
[0.592s] INFO:colcon.colcon_core.shell:Skip shell extension 'powershell' for command environment: Not usable outside of PowerShell
[0.592s] DEBUG:colcon.colcon_core.shell:Skip shell extension 'dsv' for command environment
[0.609s] DEBUG:colcon.colcon_core.event_handler.log_command:Invoking command in '/home/ros2/ros2_rc/src/build/car_gazebo_plugin': CMAKE_PREFIX_PATH=${CMAKE_PREFIX_PATH}:/opt/ros/humble /usr/bin/cmake --build /home/ros2/ros2_rc/src/build/car_gazebo_plugin -- -j9 -l9
[0.619s] DEBUG:colcon.colcon_core.event_handler.log_command:Invoking command in '/home/ros2/ros2_rc/src/build/ros2_rc': CMAKE_PREFIX_PATH=${CMAKE_PREFIX_PATH}:/opt/ros/humble /usr/bin/cmake --build /home/ros2/ros2_rc/src/build/ros2_rc -- -j9 -l9
[0.628s] DEBUG:colcon.colcon_core.event_handler.log_command:Invoking command in '/home/ros2/ros2_rc/src/build/smart_car': CMAKE_PREFIX_PATH=${CMAKE_PREFIX_PATH}:/opt/ros/humble /usr/bin/cmake --build /home/ros2/ros2_rc/src/build/smart_car -- -j9 -l9
[0.637s] DEBUG:colcon.colcon_core.event_handler.log_command:Invoking command in '/home/ros2/ros2_rc/src/build/smartcar_msgs': CMAKE_PREFIX_PATH=${CMAKE_PREFIX_PATH}:/opt/ros/humble /usr/bin/cmake --build /home/ros2/ros2_rc/src/build/smartcar_msgs -- -j9 -l9
[0.689s] DEBUG:colcon.colcon_core.event_handler.log_command:Invoked command in '/home/ros2/ros2_rc/src/build/ros2_rc' returned '0': CMAKE_PREFIX_PATH=${CMAKE_PREFIX_PATH}:/opt/ros/humble /usr/bin/cmake --build /home/ros2/ros2_rc/src/build/ros2_rc -- -j9 -l9
[0.703s] DEBUG:colcon.colcon_core.event_handler.log_command:Invoked command in '/home/ros2/ros2_rc/src/build/smart_car' returned '0': CMAKE_PREFIX_PATH=${CMAKE_PREFIX_PATH}:/opt/ros/humble /usr/bin/cmake --build /home/ros2/ros2_rc/src/build/smart_car -- -j9 -l9
[0.783s] DEBUG:colcon.colcon_core.event_handler.log_command:Invoking command in '/home/ros2/ros2_rc/src/build/ros2_rc': CMAKE_PREFIX_PATH=${CMAKE_PREFIX_PATH}:/opt/ros/humble /usr/bin/cmake --install /home/ros2/ros2_rc/src/build/ros2_rc
[0.792s] DEBUG:colcon.colcon_core.event_handler.log_command:Invoking command in '/home/ros2/ros2_rc/src/build/smart_car': CMAKE_PREFIX_PATH=${CMAKE_PREFIX_PATH}:/opt/ros/humble /usr/bin/cmake --install /home/ros2/ros2_rc/src/build/smart_car
[0.800s] DEBUG:colcon.colcon_core.event_handler.log_command:Invoked command in '/home/ros2/ros2_rc/src/build/car_gazebo_plugin' returned '0': CMAKE_PREFIX_PATH=${CMAKE_PREFIX_PATH}:/opt/ros/humble /usr/bin/cmake --build /home/ros2/ros2_rc/src/build/car_gazebo_plugin -- -j9 -l9
[0.813s] Level 1:colcon.colcon_core.environment:create_environment_scripts_only(ros2_rc)
[0.814s] DEBUG:colcon.colcon_core.event_handler.log_command:Invoked command in '/home/ros2/ros2_rc/src/build/ros2_rc' returned '0': CMAKE_PREFIX_PATH=${CMAKE_PREFIX_PATH}:/opt/ros/humble /usr/bin/cmake --install /home/ros2/ros2_rc/src/build/ros2_rc
[0.818s] Level 1:colcon.colcon_core.environment:checking '/home/ros2/ros2_rc/src/install/ros2_rc' for CMake module files
[0.819s] Level 1:colcon.colcon_core.environment:checking '/home/ros2/ros2_rc/src/install/ros2_rc' for CMake config files
[0.819s] Level 1:colcon.colcon_core.shell:create_environment_hook('ros2_rc', 'cmake_prefix_path')
[0.820s] INFO:colcon.colcon_core.shell:Creating environment hook '/home/ros2/ros2_rc/src/install/ros2_rc/share/ros2_rc/hook/cmake_prefix_path.ps1'
[0.821s] INFO:colcon.colcon_core.shell:Creating environment descriptor '/home/ros2/ros2_rc/src/install/ros2_rc/share/ros2_rc/hook/cmake_prefix_path.dsv'
[0.824s] INFO:colcon.colcon_core.shell:Creating environment hook '/home/ros2/ros2_rc/src/install/ros2_rc/share/ros2_rc/hook/cmake_prefix_path.sh'
[0.827s] Level 1:colcon.colcon_core.environment:checking '/home/ros2/ros2_rc/src/install/ros2_rc/bin'
[0.827s] Level 1:colcon.colcon_core.environment:checking '/home/ros2/ros2_rc/src/install/ros2_rc/lib/pkgconfig/ros2_rc.pc'
[0.827s] Level 1:colcon.colcon_core.environment:checking '/home/ros2/ros2_rc/src/install/ros2_rc/lib/python3.10/site-packages'
[0.827s] Level 1:colcon.colcon_core.environment:checking '/home/ros2/ros2_rc/src/install/ros2_rc/bin'
[0.828s] INFO:colcon.colcon_core.shell:Creating package script '/home/ros2/ros2_rc/src/install/ros2_rc/share/ros2_rc/package.ps1'
[0.829s] INFO:colcon.colcon_core.shell:Creating package descriptor '/home/ros2/ros2_rc/src/install/ros2_rc/share/ros2_rc/package.dsv'
[0.830s] INFO:colcon.colcon_core.shell:Creating package script '/home/ros2/ros2_rc/src/install/ros2_rc/share/ros2_rc/package.sh'
[0.833s] INFO:colcon.colcon_core.shell:Creating package script '/home/ros2/ros2_rc/src/install/ros2_rc/share/ros2_rc/package.bash'
[0.838s] INFO:colcon.colcon_core.shell:Creating package script '/home/ros2/ros2_rc/src/install/ros2_rc/share/ros2_rc/package.zsh'
[0.840s] Level 1:colcon.colcon_core.environment:create_file_with_runtime_dependencies(/home/ros2/ros2_rc/src/install/ros2_rc/share/colcon-core/packages/ros2_rc)
[0.845s] Level 1:colcon.colcon_core.environment:create_environment_scripts_only(smart_car)
[0.846s] Level 1:colcon.colcon_core.environment:checking '/home/ros2/ros2_rc/src/install/smart_car' for CMake module files
[0.847s] DEBUG:colcon.colcon_core.event_handler.log_command:Invoked command in '/home/ros2/ros2_rc/src/build/smart_car' returned '0': CMAKE_PREFIX_PATH=${CMAKE_PREFIX_PATH}:/opt/ros/humble /usr/bin/cmake --install /home/ros2/ros2_rc/src/build/smart_car
[0.848s] Level 1:colcon.colcon_core.environment:checking '/home/ros2/ros2_rc/src/install/smart_car' for CMake config files
[0.849s] Level 1:colcon.colcon_core.shell:create_environment_hook('smart_car', 'cmake_prefix_path')
[0.849s] INFO:colcon.colcon_core.shell:Creating environment hook '/home/ros2/ros2_rc/src/install/smart_car/share/smart_car/hook/cmake_prefix_path.ps1'
[0.850s] INFO:colcon.colcon_core.shell:Creating environment descriptor '/home/ros2/ros2_rc/src/install/smart_car/share/smart_car/hook/cmake_prefix_path.dsv'
[0.851s] INFO:colcon.colcon_core.shell:Creating environment hook '/home/ros2/ros2_rc/src/install/smart_car/share/smart_car/hook/cmake_prefix_path.sh'
[0.853s] Level 1:colcon.colcon_core.environment:checking '/home/ros2/ros2_rc/src/install/smart_car/lib'
[0.853s] Level 1:colcon.colcon_core.environment:checking '/home/ros2/ros2_rc/src/install/smart_car/bin'
[0.853s] Level 1:colcon.colcon_core.environment:checking '/home/ros2/ros2_rc/src/install/smart_car/lib/pkgconfig/smart_car.pc'
[0.854s] Level 1:colcon.colcon_core.environment:checking '/home/ros2/ros2_rc/src/install/smart_car/lib/python3.10/site-packages'
[0.854s] Level 1:colcon.colcon_core.environment:checking '/home/ros2/ros2_rc/src/install/smart_car/bin'
[0.855s] INFO:colcon.colcon_core.shell:Creating package script '/home/ros2/ros2_rc/src/install/smart_car/share/smart_car/package.ps1'
[0.856s] INFO:colcon.colcon_core.shell:Creating package descriptor '/home/ros2/ros2_rc/src/install/smart_car/share/smart_car/package.dsv'
[0.857s] INFO:colcon.colcon_core.shell:Creating package script '/home/ros2/ros2_rc/src/install/smart_car/share/smart_car/package.sh'
[0.858s] INFO:colcon.colcon_core.shell:Creating package script '/home/ros2/ros2_rc/src/install/smart_car/share/smart_car/package.bash'
[0.859s] INFO:colcon.colcon_core.shell:Creating package script '/home/ros2/ros2_rc/src/install/smart_car/share/smart_car/package.zsh'
[0.860s] Level 1:colcon.colcon_core.environment:create_file_with_runtime_dependencies(/home/ros2/ros2_rc/src/install/smart_car/share/colcon-core/packages/smart_car)
[0.880s] DEBUG:colcon.colcon_core.event_handler.log_command:Invoking command in '/home/ros2/ros2_rc/src/build/car_gazebo_plugin': CMAKE_PREFIX_PATH=${CMAKE_PREFIX_PATH}:/opt/ros/humble /usr/bin/cmake --install /home/ros2/ros2_rc/src/build/car_gazebo_plugin
[0.885s] Level 1:colcon.colcon_core.environment:create_environment_scripts_only(ros2_rc)
[0.886s] Level 1:colcon.colcon_core.environment:checking '/home/ros2/ros2_rc/src/install/ros2_rc' for CMake module files
[0.887s] Level 1:colcon.colcon_core.environment:checking '/home/ros2/ros2_rc/src/install/ros2_rc' for CMake config files
[0.887s] Level 1:colcon.colcon_core.shell:create_environment_hook('ros2_rc', 'cmake_prefix_path')
[0.888s] INFO:colcon.colcon_core.shell:Creating environment hook '/home/ros2/ros2_rc/src/install/ros2_rc/share/ros2_rc/hook/cmake_prefix_path.ps1'
[0.889s] INFO:colcon.colcon_core.shell:Creating environment descriptor '/home/ros2/ros2_rc/src/install/ros2_rc/share/ros2_rc/hook/cmake_prefix_path.dsv'
[0.889s] INFO:colcon.colcon_core.shell:Creating environment hook '/home/ros2/ros2_rc/src/install/ros2_rc/share/ros2_rc/hook/cmake_prefix_path.sh'
[0.893s] Level 1:colcon.colcon_core.environment:checking '/home/ros2/ros2_rc/src/install/ros2_rc/bin'
[0.894s] Level 1:colcon.colcon_core.environment:checking '/home/ros2/ros2_rc/src/install/ros2_rc/lib/pkgconfig/ros2_rc.pc'
[0.895s] Level 1:colcon.colcon_core.environment:checking '/home/ros2/ros2_rc/src/install/ros2_rc/lib/python3.10/site-packages'
[0.895s] Level 1:colcon.colcon_core.environment:checking '/home/ros2/ros2_rc/src/install/ros2_rc/bin'
[0.896s] INFO:colcon.colcon_core.shell:Creating package script '/home/ros2/ros2_rc/src/install/ros2_rc/share/ros2_rc/package.ps1'
[0.898s] INFO:colcon.colcon_core.shell:Creating package descriptor '/home/ros2/ros2_rc/src/install/ros2_rc/share/ros2_rc/package.dsv'
[0.899s] INFO:colcon.colcon_core.shell:Creating package script '/home/ros2/ros2_rc/src/install/ros2_rc/share/ros2_rc/package.sh'
[0.899s] INFO:colcon.colcon_core.shell:Creating package script '/home/ros2/ros2_rc/src/install/ros2_rc/share/ros2_rc/package.bash'
[0.901s] INFO:colcon.colcon_core.shell:Creating package script '/home/ros2/ros2_rc/src/install/ros2_rc/share/ros2_rc/package.zsh'
[0.901s] Level 1:colcon.colcon_core.environment:create_file_with_runtime_dependencies(/home/ros2/ros2_rc/src/install/ros2_rc/share/colcon-core/packages/ros2_rc)
[0.904s] Level 1:colcon.colcon_core.environment:create_environment_scripts_only(smart_car)
[0.904s] Level 1:colcon.colcon_core.environment:checking '/home/ros2/ros2_rc/src/install/smart_car' for CMake module files
[0.906s] Level 1:colcon.colcon_core.environment:checking '/home/ros2/ros2_rc/src/install/smart_car' for CMake config files
[0.907s] Level 1:colcon.colcon_core.shell:create_environment_hook('smart_car', 'cmake_prefix_path')
[0.907s] INFO:colcon.colcon_core.shell:Creating environment hook '/home/ros2/ros2_rc/src/install/smart_car/share/smart_car/hook/cmake_prefix_path.ps1'
[0.909s] INFO:colcon.colcon_core.shell:Creating environment descriptor '/home/ros2/ros2_rc/src/install/smart_car/share/smart_car/hook/cmake_prefix_path.dsv'
[0.909s] INFO:colcon.colcon_core.shell:Creating environment hook '/home/ros2/ros2_rc/src/install/smart_car/share/smart_car/hook/cmake_prefix_path.sh'
[0.911s] Level 1:colcon.colcon_core.environment:checking '/home/ros2/ros2_rc/src/install/smart_car/lib'
[0.911s] Level 1:colcon.colcon_core.environment:checking '/home/ros2/ros2_rc/src/install/smart_car/bin'
[0.911s] Level 1:colcon.colcon_core.environment:checking '/home/ros2/ros2_rc/src/install/smart_car/lib/pkgconfig/smart_car.pc'
[0.911s] Level 1:colcon.colcon_core.environment:checking '/home/ros2/ros2_rc/src/install/smart_car/lib/python3.10/site-packages'
[0.912s] Level 1:colcon.colcon_core.environment:checking '/home/ros2/ros2_rc/src/install/smart_car/bin'
[0.913s] INFO:colcon.colcon_core.shell:Creating package script '/home/ros2/ros2_rc/src/install/smart_car/share/smart_car/package.ps1'
[0.914s] INFO:colcon.colcon_core.shell:Creating package descriptor '/home/ros2/ros2_rc/src/install/smart_car/share/smart_car/package.dsv'
[0.915s] INFO:colcon.colcon_core.shell:Creating package script '/home/ros2/ros2_rc/src/install/smart_car/share/smart_car/package.sh'
[0.916s] INFO:colcon.colcon_core.shell:Creating package script '/home/ros2/ros2_rc/src/install/smart_car/share/smart_car/package.bash'
[0.916s] INFO:colcon.colcon_core.shell:Creating package script '/home/ros2/ros2_rc/src/install/smart_car/share/smart_car/package.zsh'
[0.917s] Level 1:colcon.colcon_core.environment:create_file_with_runtime_dependencies(/home/ros2/ros2_rc/src/install/smart_car/share/colcon-core/packages/smart_car)
[0.919s] Level 1:colcon.colcon_core.environment:create_environment_scripts_only(car_gazebo_plugin)
[0.919s] Level 1:colcon.colcon_core.environment:checking '/home/ros2/ros2_rc/src/install/car_gazebo_plugin' for CMake module files
[0.921s] DEBUG:colcon.colcon_core.event_handler.log_command:Invoked command in '/home/ros2/ros2_rc/src/build/car_gazebo_plugin' returned '0': CMAKE_PREFIX_PATH=${CMAKE_PREFIX_PATH}:/opt/ros/humble /usr/bin/cmake --install /home/ros2/ros2_rc/src/build/car_gazebo_plugin
[0.921s] Level 1:colcon.colcon_core.environment:checking '/home/ros2/ros2_rc/src/install/car_gazebo_plugin' for CMake config files
[0.922s] Level 1:colcon.colcon_core.shell:create_environment_hook('car_gazebo_plugin', 'cmake_prefix_path')
[0.922s] INFO:colcon.colcon_core.shell:Creating environment hook '/home/ros2/ros2_rc/src/install/car_gazebo_plugin/share/car_gazebo_plugin/hook/cmake_prefix_path.ps1'
[0.923s] INFO:colcon.colcon_core.shell:Creating environment descriptor '/home/ros2/ros2_rc/src/install/car_gazebo_plugin/share/car_gazebo_plugin/hook/cmake_prefix_path.dsv'
[0.924s] INFO:colcon.colcon_core.shell:Creating environment hook '/home/ros2/ros2_rc/src/install/car_gazebo_plugin/share/car_gazebo_plugin/hook/cmake_prefix_path.sh'
[0.926s] Level 1:colcon.colcon_core.environment:checking '/home/ros2/ros2_rc/src/install/car_gazebo_plugin/lib'
[0.926s] Level 1:colcon.colcon_core.shell:create_environment_hook('car_gazebo_plugin', 'ld_library_path_lib')
[0.926s] INFO:colcon.colcon_core.shell:Creating environment hook '/home/ros2/ros2_rc/src/install/car_gazebo_plugin/share/car_gazebo_plugin/hook/ld_library_path_lib.ps1'
[0.927s] INFO:colcon.colcon_core.shell:Creating environment descriptor '/home/ros2/ros2_rc/src/install/car_gazebo_plugin/share/car_gazebo_plugin/hook/ld_library_path_lib.dsv'
[0.929s] INFO:colcon.colcon_core.shell:Creating environment hook '/home/ros2/ros2_rc/src/install/car_gazebo_plugin/share/car_gazebo_plugin/hook/ld_library_path_lib.sh'
[0.933s] Level 1:colcon.colcon_core.environment:checking '/home/ros2/ros2_rc/src/install/car_gazebo_plugin/bin'
[0.934s] Level 1:colcon.colcon_core.environment:checking '/home/ros2/ros2_rc/src/install/car_gazebo_plugin/lib/pkgconfig/car_gazebo_plugin.pc'
[0.934s] Level 1:colcon.colcon_core.environment:checking '/home/ros2/ros2_rc/src/install/car_gazebo_plugin/lib/python3.10/site-packages'
[0.934s] Level 1:colcon.colcon_core.environment:checking '/home/ros2/ros2_rc/src/install/car_gazebo_plugin/bin'
[0.935s] INFO:colcon.colcon_core.shell:Creating package script '/home/ros2/ros2_rc/src/install/car_gazebo_plugin/share/car_gazebo_plugin/package.ps1'
[0.937s] INFO:colcon.colcon_core.shell:Creating package descriptor '/home/ros2/ros2_rc/src/install/car_gazebo_plugin/share/car_gazebo_plugin/package.dsv'
[0.938s] INFO:colcon.colcon_core.shell:Creating package script '/home/ros2/ros2_rc/src/install/car_gazebo_plugin/share/car_gazebo_plugin/package.sh'
[0.939s] INFO:colcon.colcon_core.shell:Creating package script '/home/ros2/ros2_rc/src/install/car_gazebo_plugin/share/car_gazebo_plugin/package.bash'
[0.941s] INFO:colcon.colcon_core.shell:Creating package script '/home/ros2/ros2_rc/src/install/car_gazebo_plugin/share/car_gazebo_plugin/package.zsh'
[0.942s] Level 1:colcon.colcon_core.environment:create_file_with_runtime_dependencies(/home/ros2/ros2_rc/src/install/car_gazebo_plugin/share/colcon-core/packages/car_gazebo_plugin)
[0.989s] Level 1:colcon.colcon_core.environment:create_environment_scripts_only(car_gazebo_plugin)
[0.989s] Level 1:colcon.colcon_core.environment:checking '/home/ros2/ros2_rc/src/install/car_gazebo_plugin' for CMake module files
[0.990s] Level 1:colcon.colcon_core.environment:checking '/home/ros2/ros2_rc/src/install/car_gazebo_plugin' for CMake config files
[0.990s] Level 1:colcon.colcon_core.shell:create_environment_hook('car_gazebo_plugin', 'cmake_prefix_path')
[0.991s] INFO:colcon.colcon_core.shell:Creating environment hook '/home/ros2/ros2_rc/src/install/car_gazebo_plugin/share/car_gazebo_plugin/hook/cmake_prefix_path.ps1'
[0.992s] INFO:colcon.colcon_core.shell:Creating environment descriptor '/home/ros2/ros2_rc/src/install/car_gazebo_plugin/share/car_gazebo_plugin/hook/cmake_prefix_path.dsv'
[0.992s] INFO:colcon.colcon_core.shell:Creating environment hook '/home/ros2/ros2_rc/src/install/car_gazebo_plugin/share/car_gazebo_plugin/hook/cmake_prefix_path.sh'
[0.993s] Level 1:colcon.colcon_core.environment:checking '/home/ros2/ros2_rc/src/install/car_gazebo_plugin/lib'
[0.993s] Level 1:colcon.colcon_core.shell:create_environment_hook('car_gazebo_plugin', 'ld_library_path_lib')
[0.993s] INFO:colcon.colcon_core.shell:Creating environment hook '/home/ros2/ros2_rc/src/install/car_gazebo_plugin/share/car_gazebo_plugin/hook/ld_library_path_lib.ps1'
[0.994s] INFO:colcon.colcon_core.shell:Creating environment descriptor '/home/ros2/ros2_rc/src/install/car_gazebo_plugin/share/car_gazebo_plugin/hook/ld_library_path_lib.dsv'
[0.995s] INFO:colcon.colcon_core.shell:Creating environment hook '/home/ros2/ros2_rc/src/install/car_gazebo_plugin/share/car_gazebo_plugin/hook/ld_library_path_lib.sh'
[0.995s] Level 1:colcon.colcon_core.environment:checking '/home/ros2/ros2_rc/src/install/car_gazebo_plugin/bin'
[0.995s] Level 1:colcon.colcon_core.environment:checking '/home/ros2/ros2_rc/src/install/car_gazebo_plugin/lib/pkgconfig/car_gazebo_plugin.pc'
[0.996s] Level 1:colcon.colcon_core.environment:checking '/home/ros2/ros2_rc/src/install/car_gazebo_plugin/lib/python3.10/site-packages'
[0.996s] Level 1:colcon.colcon_core.environment:checking '/home/ros2/ros2_rc/src/install/car_gazebo_plugin/bin'
[0.996s] INFO:colcon.colcon_core.shell:Creating package script '/home/ros2/ros2_rc/src/install/car_gazebo_plugin/share/car_gazebo_plugin/package.ps1'
[0.998s] INFO:colcon.colcon_core.shell:Creating package descriptor '/home/ros2/ros2_rc/src/install/car_gazebo_plugin/share/car_gazebo_plugin/package.dsv'
[0.999s] INFO:colcon.colcon_core.shell:Creating package script '/home/ros2/ros2_rc/src/install/car_gazebo_plugin/share/car_gazebo_plugin/package.sh'
[0.999s] INFO:colcon.colcon_core.shell:Creating package script '/home/ros2/ros2_rc/src/install/car_gazebo_plugin/share/car_gazebo_plugin/package.bash'
[1.000s] INFO:colcon.colcon_core.shell:Creating package script '/home/ros2/ros2_rc/src/install/car_gazebo_plugin/share/car_gazebo_plugin/package.zsh'
[1.001s] Level 1:colcon.colcon_core.environment:create_file_with_runtime_dependencies(/home/ros2/ros2_rc/src/install/car_gazebo_plugin/share/colcon-core/packages/car_gazebo_plugin)
[1.300s] DEBUG:colcon.colcon_core.event_handler.log_command:Invoked command in '/home/ros2/ros2_rc/src/build/smartcar_msgs' returned '0': CMAKE_PREFIX_PATH=${CMAKE_PREFIX_PATH}:/opt/ros/humble /usr/bin/cmake --build /home/ros2/ros2_rc/src/build/smartcar_msgs -- -j9 -l9
[1.413s] DEBUG:colcon.colcon_core.event_handler.log_command:Invoking command in '/home/ros2/ros2_rc/src/build/smartcar_msgs': CMAKE_PREFIX_PATH=${CMAKE_PREFIX_PATH}:/opt/ros/humble /usr/bin/cmake --install /home/ros2/ros2_rc/src/build/smartcar_msgs
[1.499s] Level 1:colcon.colcon_core.environment:create_environment_scripts_only(smartcar_msgs)
[1.500s] Level 1:colcon.colcon_core.environment:checking '/home/ros2/ros2_rc/src/install/smartcar_msgs' for CMake module files
[1.501s] DEBUG:colcon.colcon_core.event_handler.log_command:Invoked command in '/home/ros2/ros2_rc/src/build/smartcar_msgs' returned '0': CMAKE_PREFIX_PATH=${CMAKE_PREFIX_PATH}:/opt/ros/humble /usr/bin/cmake --install /home/ros2/ros2_rc/src/build/smartcar_msgs
[1.501s] Level 1:colcon.colcon_core.environment:checking '/home/ros2/ros2_rc/src/install/smartcar_msgs' for CMake config files
[1.502s] Level 1:colcon.colcon_core.shell:create_environment_hook('smartcar_msgs', 'cmake_prefix_path')
[1.502s] INFO:colcon.colcon_core.shell:Creating environment hook '/home/ros2/ros2_rc/src/install/smartcar_msgs/share/smartcar_msgs/hook/cmake_prefix_path.ps1'
[1.503s] INFO:colcon.colcon_core.shell:Creating environment descriptor '/home/ros2/ros2_rc/src/install/smartcar_msgs/share/smartcar_msgs/hook/cmake_prefix_path.dsv'
[1.504s] INFO:colcon.colcon_core.shell:Creating environment hook '/home/ros2/ros2_rc/src/install/smartcar_msgs/share/smartcar_msgs/hook/cmake_prefix_path.sh'
[1.505s] Level 1:colcon.colcon_core.environment:checking '/home/ros2/ros2_rc/src/install/smartcar_msgs/lib'
[1.505s] Level 1:colcon.colcon_core.shell:create_environment_hook('smartcar_msgs', 'ld_library_path_lib')
[1.505s] INFO:colcon.colcon_core.shell:Creating environment hook '/home/ros2/ros2_rc/src/install/smartcar_msgs/share/smartcar_msgs/hook/ld_library_path_lib.ps1'
[1.506s] INFO:colcon.colcon_core.shell:Creating environment descriptor '/home/ros2/ros2_rc/src/install/smartcar_msgs/share/smartcar_msgs/hook/ld_library_path_lib.dsv'
[1.506s] INFO:colcon.colcon_core.shell:Creating environment hook '/home/ros2/ros2_rc/src/install/smartcar_msgs/share/smartcar_msgs/hook/ld_library_path_lib.sh'
[1.507s] Level 1:colcon.colcon_core.environment:checking '/home/ros2/ros2_rc/src/install/smartcar_msgs/bin'
[1.507s] Level 1:colcon.colcon_core.environment:checking '/home/ros2/ros2_rc/src/install/smartcar_msgs/lib/pkgconfig/smartcar_msgs.pc'
[1.507s] Level 1:colcon.colcon_core.environment:checking '/home/ros2/ros2_rc/src/install/smartcar_msgs/lib/python3.10/site-packages'
[1.508s] Level 1:colcon.colcon_core.environment:checking '/home/ros2/ros2_rc/src/install/smartcar_msgs/bin'
[1.508s] INFO:colcon.colcon_core.shell:Creating package script '/home/ros2/ros2_rc/src/install/smartcar_msgs/share/smartcar_msgs/package.ps1'
[1.509s] INFO:colcon.colcon_core.shell:Creating package descriptor '/home/ros2/ros2_rc/src/install/smartcar_msgs/share/smartcar_msgs/package.dsv'
[1.510s] INFO:colcon.colcon_core.shell:Creating package script '/home/ros2/ros2_rc/src/install/smartcar_msgs/share/smartcar_msgs/package.sh'
[1.512s] INFO:colcon.colcon_core.shell:Creating package script '/home/ros2/ros2_rc/src/install/smartcar_msgs/share/smartcar_msgs/package.bash'
[1.512s] INFO:colcon.colcon_core.shell:Creating package script '/home/ros2/ros2_rc/src/install/smartcar_msgs/share/smartcar_msgs/package.zsh'
[1.513s] Level 1:colcon.colcon_core.environment:create_file_with_runtime_dependencies(/home/ros2/ros2_rc/src/install/smartcar_msgs/share/colcon-core/packages/smartcar_msgs)
[1.616s] Level 1:colcon.colcon_core.environment:create_environment_scripts_only(smartcar_msgs)
[1.617s] Level 1:colcon.colcon_core.environment:checking '/home/ros2/ros2_rc/src/install/smartcar_msgs' for CMake module files
[1.617s] Level 1:colcon.colcon_core.environment:checking '/home/ros2/ros2_rc/src/install/smartcar_msgs' for CMake config files
[1.618s] Level 1:colcon.colcon_core.shell:create_environment_hook('smartcar_msgs', 'cmake_prefix_path')
[1.618s] INFO:colcon.colcon_core.shell:Creating environment hook '/home/ros2/ros2_rc/src/install/smartcar_msgs/share/smartcar_msgs/hook/cmake_prefix_path.ps1'
[1.619s] INFO:colcon.colcon_core.shell:Creating environment descriptor '/home/ros2/ros2_rc/src/install/smartcar_msgs/share/smartcar_msgs/hook/cmake_prefix_path.dsv'
[1.619s] INFO:colcon.colcon_core.shell:Creating environment hook '/home/ros2/ros2_rc/src/install/smartcar_msgs/share/smartcar_msgs/hook/cmake_prefix_path.sh'
[1.620s] Level 1:colcon.colcon_core.environment:checking '/home/ros2/ros2_rc/src/install/smartcar_msgs/lib'
[1.620s] Level 1:colcon.colcon_core.shell:create_environment_hook('smartcar_msgs', 'ld_library_path_lib')
[1.621s] INFO:colcon.colcon_core.shell:Creating environment hook '/home/ros2/ros2_rc/src/install/smartcar_msgs/share/smartcar_msgs/hook/ld_library_path_lib.ps1'
[1.622s] INFO:colcon.colcon_core.shell:Creating environment descriptor '/home/ros2/ros2_rc/src/install/smartcar_msgs/share/smartcar_msgs/hook/ld_library_path_lib.dsv'
[1.622s] INFO:colcon.colcon_core.shell:Creating environment hook '/home/ros2/ros2_rc/src/install/smartcar_msgs/share/smartcar_msgs/hook/ld_library_path_lib.sh'
[1.623s] Level 1:colcon.colcon_core.environment:checking '/home/ros2/ros2_rc/src/install/smartcar_msgs/bin'
[1.623s] Level 1:colcon.colcon_core.environment:checking '/home/ros2/ros2_rc/src/install/smartcar_msgs/lib/pkgconfig/smartcar_msgs.pc'
[1.623s] Level 1:colcon.colcon_core.environment:checking '/home/ros2/ros2_rc/src/install/smartcar_msgs/lib/python3.10/site-packages'
[1.624s] Level 1:colcon.colcon_core.environment:checking '/home/ros2/ros2_rc/src/install/smartcar_msgs/bin'
[1.624s] INFO:colcon.colcon_core.shell:Creating package script '/home/ros2/ros2_rc/src/install/smartcar_msgs/share/smartcar_msgs/package.ps1'
[1.625s] INFO:colcon.colcon_core.shell:Creating package descriptor '/home/ros2/ros2_rc/src/install/smartcar_msgs/share/smartcar_msgs/package.dsv'
[1.626s] INFO:colcon.colcon_core.shell:Creating package script '/home/ros2/ros2_rc/src/install/smartcar_msgs/share/smartcar_msgs/package.sh'
[1.627s] INFO:colcon.colcon_core.shell:Creating package script '/home/ros2/ros2_rc/src/install/smartcar_msgs/share/smartcar_msgs/package.bash'
[1.627s] INFO:colcon.colcon_core.shell:Creating package script '/home/ros2/ros2_rc/src/install/smartcar_msgs/share/smartcar_msgs/package.zsh'
[1.628s] Level 1:colcon.colcon_core.environment:create_file_with_runtime_dependencies(/home/ros2/ros2_rc/src/install/smartcar_msgs/share/colcon-core/packages/smartcar_msgs)
[1.629s] DEBUG:colcon.colcon_parallel_executor.executor.parallel:closing loop
[1.629s] DEBUG:colcon.colcon_parallel_executor.executor.parallel:loop closed
[1.629s] DEBUG:colcon.colcon_parallel_executor.executor.parallel:run_until_complete finished with '0'
[1.629s] DEBUG:colcon.colcon_core.event_reactor:joining thread
[1.642s] INFO:colcon.colcon_core.plugin_system:Skipping extension 'colcon_notification.desktop_notification.terminal_notifier': Not used on non-Darwin systems
[1.643s] INFO:colcon.colcon_core.plugin_system:Skipping extension 'colcon_notification.desktop_notification.win32': Not used on non-Windows systems
[1.643s] INFO:colcon.colcon_notification.desktop_notification:Sending desktop notification using 'notify2'
[1.675s] DEBUG:colcon.colcon_core.event_reactor:joined thread
[1.676s] INFO:colcon.colcon_core.shell:Creating prefix script '/home/ros2/ros2_rc/src/install/local_setup.ps1'
[1.677s] INFO:colcon.colcon_core.shell:Creating prefix util module '/home/ros2/ros2_rc/src/install/_local_setup_util_ps1.py'
[1.680s] INFO:colcon.colcon_core.shell:Creating prefix chain script '/home/ros2/ros2_rc/src/install/setup.ps1'
[1.683s] INFO:colcon.colcon_core.shell:Creating prefix script '/home/ros2/ros2_rc/src/install/local_setup.sh'
[1.684s] INFO:colcon.colcon_core.shell:Creating prefix util module '/home/ros2/ros2_rc/src/install/_local_setup_util_sh.py'
[1.686s] INFO:colcon.colcon_core.shell:Creating prefix chain script '/home/ros2/ros2_rc/src/install/setup.sh'
[1.689s] INFO:colcon.colcon_core.shell:Creating prefix script '/home/ros2/ros2_rc/src/install/local_setup.bash'
[1.690s] INFO:colcon.colcon_core.shell:Creating prefix chain script '/home/ros2/ros2_rc/src/install/setup.bash'
[1.692s] INFO:colcon.colcon_core.shell:Creating prefix script '/home/ros2/ros2_rc/src/install/local_setup.zsh'
[1.693s] INFO:colcon.colcon_core.shell:Creating prefix chain script '/home/ros2/ros2_rc/src/install/setup.zsh'
