[0.083s] Invoking command in '/home/ros2/ros2_rc/src/build/smartcar_msgs': CMAKE_PREFIX_PATH=/opt/ros/humble /usr/bin/cmake --build /home/ros2/ros2_rc/src/build/smartcar_msgs -- -j9 -l9
[0.261s] [  9%] Built target smartcar_msgs__cpp
[0.262s] [ 12%] Built target smartcar_msgs__rosidl_generator_c
[0.292s] [ 12%] Built target ament_cmake_python_copy_smartcar_msgs
[0.373s] [ 22%] Built target smartcar_msgs__rosidl_typesupport_c
[0.386s] [ 32%] Built target smartcar_msgs__rosidl_typesupport_fastrtps_c
[0.393s] [ 41%] Built target smartcar_msgs__rosidl_typesupport_fastrtps_cpp
[0.394s] [ 51%] Built target smartcar_msgs__rosidl_typesupport_introspection_c
[0.414s] [ 61%] Built target smartcar_msgs__rosidl_typesupport_introspection_cpp
[0.434s] [ 70%] Built target smartcar_msgs__rosidl_typesupport_cpp
[0.497s] [ 70%] Built target smartcar_msgs
[0.567s] [ 74%] Built target smartcar_msgs__py
[0.646s] [ 80%] Built target smartcar_msgs__rosidl_generator_py
[0.785s] [ 87%] Built target smartcar_msgs__rosidl_typesupport_c__pyext
[0.793s] [ 93%] Built target smartcar_msgs__rosidl_typesupport_introspection_c__pyext
[0.797s] [100%] Built target smartcar_msgs__rosidl_typesupport_fastrtps_c__pyext
[1.242s] running egg_info
[1.243s] writing smartcar_msgs.egg-info/PKG-INFO
[1.244s] writing dependency_links to smartcar_msgs.egg-info/dependency_links.txt
[1.244s] writing top-level names to smartcar_msgs.egg-info/top_level.txt
[1.253s] reading manifest file 'smartcar_msgs.egg-info/SOURCES.txt'
[1.255s] writing manifest file 'smartcar_msgs.egg-info/SOURCES.txt'
[1.383s] [100%] Built target ament_cmake_python_build_smartcar_msgs_egg
[1.413s] Invoked command in '/home/ros2/ros2_rc/src/build/smartcar_msgs' returned '0': CMAKE_PREFIX_PATH=/opt/ros/humble /usr/bin/cmake --build /home/ros2/ros2_rc/src/build/smartcar_msgs -- -j9 -l9
[1.581s] Invoking command in '/home/ros2/ros2_rc/src/build/smartcar_msgs': CMAKE_PREFIX_PATH=/opt/ros/humble /usr/bin/cmake --install /home/ros2/ros2_rc/src/build/smartcar_msgs
[1.599s] -- Install configuration: ""
[1.600s] -- Up-to-date: /home/ros2/ros2_rc/src/install/smartcar_msgs/share/ament_index/resource_index/rosidl_interfaces/smartcar_msgs
[1.600s] -- Up-to-date: /home/ros2/ros2_rc/src/install/smartcar_msgs/include/smartcar_msgs/smartcar_msgs
[1.601s] -- Up-to-date: /home/ros2/ros2_rc/src/install/smartcar_msgs/include/smartcar_msgs/smartcar_msgs/msg
[1.601s] -- Up-to-date: /home/ros2/ros2_rc/src/install/smartcar_msgs/include/smartcar_msgs/smartcar_msgs/msg/status.h
[1.601s] -- Up-to-date: /home/ros2/ros2_rc/src/install/smartcar_msgs/include/smartcar_msgs/smartcar_msgs/msg/rosidl_generator_c__visibility_control.h
[1.602s] -- Up-to-date: /home/ros2/ros2_rc/src/install/smartcar_msgs/include/smartcar_msgs/smartcar_msgs/msg/detail
[1.602s] -- Up-to-date: /home/ros2/ros2_rc/src/install/smartcar_msgs/include/smartcar_msgs/smartcar_msgs/msg/detail/status__type_support.h
[1.602s] -- Up-to-date: /home/ros2/ros2_rc/src/install/smartcar_msgs/include/smartcar_msgs/smartcar_msgs/msg/detail/status__functions.h
[1.603s] -- Up-to-date: /home/ros2/ros2_rc/src/install/smartcar_msgs/include/smartcar_msgs/smartcar_msgs/msg/detail/status__struct.h
[1.603s] -- Up-to-date: /home/ros2/ros2_rc/src/install/smartcar_msgs/include/smartcar_msgs/smartcar_msgs/msg/detail/status__functions.c
[1.603s] -- Up-to-date: /home/ros2/ros2_rc/src/install/smartcar_msgs/share/smartcar_msgs/environment/library_path.sh
[1.604s] -- Up-to-date: /home/ros2/ros2_rc/src/install/smartcar_msgs/share/smartcar_msgs/environment/library_path.dsv
[1.604s] -- Up-to-date: /home/ros2/ros2_rc/src/install/smartcar_msgs/lib/libsmartcar_msgs__rosidl_generator_c.so
[1.604s] -- Up-to-date: /home/ros2/ros2_rc/src/install/smartcar_msgs/include/smartcar_msgs/smartcar_msgs
[1.604s] -- Up-to-date: /home/ros2/ros2_rc/src/install/smartcar_msgs/include/smartcar_msgs/smartcar_msgs/msg
[1.604s] -- Up-to-date: /home/ros2/ros2_rc/src/install/smartcar_msgs/include/smartcar_msgs/smartcar_msgs/msg/rosidl_typesupport_fastrtps_c__visibility_control.h
[1.605s] -- Up-to-date: /home/ros2/ros2_rc/src/install/smartcar_msgs/include/smartcar_msgs/smartcar_msgs/msg/detail
[1.605s] -- Up-to-date: /home/ros2/ros2_rc/src/install/smartcar_msgs/include/smartcar_msgs/smartcar_msgs/msg/detail/status__rosidl_typesupport_fastrtps_c.h
[1.605s] -- Up-to-date: /home/ros2/ros2_rc/src/install/smartcar_msgs/lib/libsmartcar_msgs__rosidl_typesupport_fastrtps_c.so
[1.606s] -- Up-to-date: /home/ros2/ros2_rc/src/install/smartcar_msgs/include/smartcar_msgs/smartcar_msgs
[1.607s] -- Up-to-date: /home/ros2/ros2_rc/src/install/smartcar_msgs/include/smartcar_msgs/smartcar_msgs/msg
[1.607s] -- Up-to-date: /home/ros2/ros2_rc/src/install/smartcar_msgs/include/smartcar_msgs/smartcar_msgs/msg/detail
[1.608s] -- Up-to-date: /home/ros2/ros2_rc/src/install/smartcar_msgs/include/smartcar_msgs/smartcar_msgs/msg/detail/status__type_support.c
[1.608s] -- Up-to-date: /home/ros2/ros2_rc/src/install/smartcar_msgs/include/smartcar_msgs/smartcar_msgs/msg/detail/status__rosidl_typesupport_introspection_c.h
[1.609s] -- Up-to-date: /home/ros2/ros2_rc/src/install/smartcar_msgs/include/smartcar_msgs/smartcar_msgs/msg/rosidl_typesupport_introspection_c__visibility_control.h
[1.609s] -- Up-to-date: /home/ros2/ros2_rc/src/install/smartcar_msgs/lib/libsmartcar_msgs__rosidl_typesupport_introspection_c.so
[1.609s] -- Up-to-date: /home/ros2/ros2_rc/src/install/smartcar_msgs/lib/libsmartcar_msgs__rosidl_typesupport_c.so
[1.610s] -- Up-to-date: /home/ros2/ros2_rc/src/install/smartcar_msgs/include/smartcar_msgs/smartcar_msgs
[1.610s] -- Up-to-date: /home/ros2/ros2_rc/src/install/smartcar_msgs/include/smartcar_msgs/smartcar_msgs/msg
[1.610s] -- Up-to-date: /home/ros2/ros2_rc/src/install/smartcar_msgs/include/smartcar_msgs/smartcar_msgs/msg/detail
[1.610s] -- Up-to-date: /home/ros2/ros2_rc/src/install/smartcar_msgs/include/smartcar_msgs/smartcar_msgs/msg/detail/status__traits.hpp
[1.611s] -- Up-to-date: /home/ros2/ros2_rc/src/install/smartcar_msgs/include/smartcar_msgs/smartcar_msgs/msg/detail/status__struct.hpp
[1.611s] -- Up-to-date: /home/ros2/ros2_rc/src/install/smartcar_msgs/include/smartcar_msgs/smartcar_msgs/msg/detail/status__builder.hpp
[1.611s] -- Up-to-date: /home/ros2/ros2_rc/src/install/smartcar_msgs/include/smartcar_msgs/smartcar_msgs/msg/status.hpp
[1.611s] -- Up-to-date: /home/ros2/ros2_rc/src/install/smartcar_msgs/include/smartcar_msgs/smartcar_msgs
[1.611s] -- Up-to-date: /home/ros2/ros2_rc/src/install/smartcar_msgs/include/smartcar_msgs/smartcar_msgs/msg
[1.612s] -- Up-to-date: /home/ros2/ros2_rc/src/install/smartcar_msgs/include/smartcar_msgs/smartcar_msgs/msg/rosidl_typesupport_fastrtps_cpp__visibility_control.h
[1.612s] -- Up-to-date: /home/ros2/ros2_rc/src/install/smartcar_msgs/include/smartcar_msgs/smartcar_msgs/msg/detail
[1.612s] -- Up-to-date: /home/ros2/ros2_rc/src/install/smartcar_msgs/include/smartcar_msgs/smartcar_msgs/msg/detail/status__rosidl_typesupport_fastrtps_cpp.hpp
[1.613s] -- Up-to-date: /home/ros2/ros2_rc/src/install/smartcar_msgs/include/smartcar_msgs/smartcar_msgs/msg/detail/dds_fastrtps
[1.613s] -- Up-to-date: /home/ros2/ros2_rc/src/install/smartcar_msgs/lib/libsmartcar_msgs__rosidl_typesupport_fastrtps_cpp.so
[1.613s] -- Up-to-date: /home/ros2/ros2_rc/src/install/smartcar_msgs/include/smartcar_msgs/smartcar_msgs
[1.613s] -- Up-to-date: /home/ros2/ros2_rc/src/install/smartcar_msgs/include/smartcar_msgs/smartcar_msgs/msg
[1.613s] -- Up-to-date: /home/ros2/ros2_rc/src/install/smartcar_msgs/include/smartcar_msgs/smartcar_msgs/msg/detail
[1.613s] -- Up-to-date: /home/ros2/ros2_rc/src/install/smartcar_msgs/include/smartcar_msgs/smartcar_msgs/msg/detail/status__type_support.cpp
[1.614s] -- Up-to-date: /home/ros2/ros2_rc/src/install/smartcar_msgs/include/smartcar_msgs/smartcar_msgs/msg/detail/status__rosidl_typesupport_introspection_cpp.hpp
[1.614s] -- Up-to-date: /home/ros2/ros2_rc/src/install/smartcar_msgs/lib/libsmartcar_msgs__rosidl_typesupport_introspection_cpp.so
[1.614s] -- Up-to-date: /home/ros2/ros2_rc/src/install/smartcar_msgs/lib/libsmartcar_msgs__rosidl_typesupport_cpp.so
[1.614s] -- Up-to-date: /home/ros2/ros2_rc/src/install/smartcar_msgs/share/smartcar_msgs/environment/pythonpath.sh
[1.615s] -- Up-to-date: /home/ros2/ros2_rc/src/install/smartcar_msgs/share/smartcar_msgs/environment/pythonpath.dsv
[1.615s] -- Up-to-date: /home/ros2/ros2_rc/src/install/smartcar_msgs/local/lib/python3.10/dist-packages/smartcar_msgs-0.0.0-py3.10.egg-info
[1.615s] -- Installing: /home/ros2/ros2_rc/src/install/smartcar_msgs/local/lib/python3.10/dist-packages/smartcar_msgs-0.0.0-py3.10.egg-info/SOURCES.txt
[1.615s] -- Installing: /home/ros2/ros2_rc/src/install/smartcar_msgs/local/lib/python3.10/dist-packages/smartcar_msgs-0.0.0-py3.10.egg-info/PKG-INFO
[1.615s] -- Installing: /home/ros2/ros2_rc/src/install/smartcar_msgs/local/lib/python3.10/dist-packages/smartcar_msgs-0.0.0-py3.10.egg-info/top_level.txt
[1.616s] -- Installing: /home/ros2/ros2_rc/src/install/smartcar_msgs/local/lib/python3.10/dist-packages/smartcar_msgs-0.0.0-py3.10.egg-info/dependency_links.txt
[1.616s] -- Up-to-date: /home/ros2/ros2_rc/src/install/smartcar_msgs/local/lib/python3.10/dist-packages/smartcar_msgs
[1.616s] -- Up-to-date: /home/ros2/ros2_rc/src/install/smartcar_msgs/local/lib/python3.10/dist-packages/smartcar_msgs/__init__.py
[1.616s] -- Up-to-date: /home/ros2/ros2_rc/src/install/smartcar_msgs/local/lib/python3.10/dist-packages/smartcar_msgs/libsmartcar_msgs__rosidl_generator_py.so
[1.616s] -- Up-to-date: /home/ros2/ros2_rc/src/install/smartcar_msgs/local/lib/python3.10/dist-packages/smartcar_msgs/smartcar_msgs_s__rosidl_typesupport_introspection_c.cpython-310-x86_64-linux-gnu.so
[1.616s] -- Up-to-date: /home/ros2/ros2_rc/src/install/smartcar_msgs/local/lib/python3.10/dist-packages/smartcar_msgs/_smartcar_msgs_s.ep.rosidl_typesupport_c.c
[1.617s] -- Up-to-date: /home/ros2/ros2_rc/src/install/smartcar_msgs/local/lib/python3.10/dist-packages/smartcar_msgs/_smartcar_msgs_s.ep.rosidl_typesupport_fastrtps_c.c
[1.617s] -- Up-to-date: /home/ros2/ros2_rc/src/install/smartcar_msgs/local/lib/python3.10/dist-packages/smartcar_msgs/smartcar_msgs_s__rosidl_typesupport_fastrtps_c.cpython-310-x86_64-linux-gnu.so
[1.617s] -- Up-to-date: /home/ros2/ros2_rc/src/install/smartcar_msgs/local/lib/python3.10/dist-packages/smartcar_msgs/smartcar_msgs_s__rosidl_typesupport_c.cpython-310-x86_64-linux-gnu.so
[1.617s] -- Up-to-date: /home/ros2/ros2_rc/src/install/smartcar_msgs/local/lib/python3.10/dist-packages/smartcar_msgs/_smartcar_msgs_s.ep.rosidl_typesupport_introspection_c.c
[1.617s] -- Up-to-date: /home/ros2/ros2_rc/src/install/smartcar_msgs/local/lib/python3.10/dist-packages/smartcar_msgs/msg
[1.617s] -- Up-to-date: /home/ros2/ros2_rc/src/install/smartcar_msgs/local/lib/python3.10/dist-packages/smartcar_msgs/msg/__init__.py
[1.618s] -- Up-to-date: /home/ros2/ros2_rc/src/install/smartcar_msgs/local/lib/python3.10/dist-packages/smartcar_msgs/msg/_status_s.c
[1.618s] -- Up-to-date: /home/ros2/ros2_rc/src/install/smartcar_msgs/local/lib/python3.10/dist-packages/smartcar_msgs/msg/_status.py
[1.691s] Listing '/home/ros2/ros2_rc/src/install/smartcar_msgs/local/lib/python3.10/dist-packages/smartcar_msgs'...
[1.691s] Listing '/home/ros2/ros2_rc/src/install/smartcar_msgs/local/lib/python3.10/dist-packages/smartcar_msgs/msg'...
[1.703s] -- Up-to-date: /home/ros2/ros2_rc/src/install/smartcar_msgs/local/lib/python3.10/dist-packages/smartcar_msgs/smartcar_msgs_s__rosidl_typesupport_fastrtps_c.cpython-310-x86_64-linux-gnu.so
[1.704s] -- Up-to-date: /home/ros2/ros2_rc/src/install/smartcar_msgs/local/lib/python3.10/dist-packages/smartcar_msgs/smartcar_msgs_s__rosidl_typesupport_introspection_c.cpython-310-x86_64-linux-gnu.so
[1.705s] -- Up-to-date: /home/ros2/ros2_rc/src/install/smartcar_msgs/local/lib/python3.10/dist-packages/smartcar_msgs/smartcar_msgs_s__rosidl_typesupport_c.cpython-310-x86_64-linux-gnu.so
[1.706s] -- Up-to-date: /home/ros2/ros2_rc/src/install/smartcar_msgs/lib/libsmartcar_msgs__rosidl_generator_py.so
[1.706s] -- Up-to-date: /home/ros2/ros2_rc/src/install/smartcar_msgs/share/smartcar_msgs/msg/Status.idl
[1.707s] -- Up-to-date: /home/ros2/ros2_rc/src/install/smartcar_msgs/share/smartcar_msgs/msg/Status.msg
[1.707s] -- Up-to-date: /home/ros2/ros2_rc/src/install/smartcar_msgs/share/ament_index/resource_index/package_run_dependencies/smartcar_msgs
[1.708s] -- Up-to-date: /home/ros2/ros2_rc/src/install/smartcar_msgs/share/ament_index/resource_index/parent_prefix_path/smartcar_msgs
[1.708s] -- Up-to-date: /home/ros2/ros2_rc/src/install/smartcar_msgs/share/smartcar_msgs/environment/ament_prefix_path.sh
[1.708s] -- Up-to-date: /home/ros2/ros2_rc/src/install/smartcar_msgs/share/smartcar_msgs/environment/ament_prefix_path.dsv
[1.708s] -- Up-to-date: /home/ros2/ros2_rc/src/install/smartcar_msgs/share/smartcar_msgs/environment/path.sh
[1.709s] -- Up-to-date: /home/ros2/ros2_rc/src/install/smartcar_msgs/share/smartcar_msgs/environment/path.dsv
[1.709s] -- Up-to-date: /home/ros2/ros2_rc/src/install/smartcar_msgs/share/smartcar_msgs/local_setup.bash
[1.709s] -- Up-to-date: /home/ros2/ros2_rc/src/install/smartcar_msgs/share/smartcar_msgs/local_setup.sh
[1.710s] -- Up-to-date: /home/ros2/ros2_rc/src/install/smartcar_msgs/share/smartcar_msgs/local_setup.zsh
[1.710s] -- Up-to-date: /home/ros2/ros2_rc/src/install/smartcar_msgs/share/smartcar_msgs/local_setup.dsv
[1.710s] -- Installing: /home/ros2/ros2_rc/src/install/smartcar_msgs/share/smartcar_msgs/package.dsv
[1.710s] -- Up-to-date: /home/ros2/ros2_rc/src/install/smartcar_msgs/share/ament_index/resource_index/packages/smartcar_msgs
[1.710s] -- Up-to-date: /home/ros2/ros2_rc/src/install/smartcar_msgs/share/smartcar_msgs/cmake/export_smartcar_msgs__rosidl_generator_cExport.cmake
[1.711s] -- Up-to-date: /home/ros2/ros2_rc/src/install/smartcar_msgs/share/smartcar_msgs/cmake/export_smartcar_msgs__rosidl_generator_cExport-noconfig.cmake
[1.712s] -- Up-to-date: /home/ros2/ros2_rc/src/install/smartcar_msgs/share/smartcar_msgs/cmake/export_smartcar_msgs__rosidl_typesupport_fastrtps_cExport.cmake
[1.713s] -- Up-to-date: /home/ros2/ros2_rc/src/install/smartcar_msgs/share/smartcar_msgs/cmake/export_smartcar_msgs__rosidl_typesupport_fastrtps_cExport-noconfig.cmake
[1.714s] -- Up-to-date: /home/ros2/ros2_rc/src/install/smartcar_msgs/share/smartcar_msgs/cmake/smartcar_msgs__rosidl_typesupport_introspection_cExport.cmake
[1.714s] -- Up-to-date: /home/ros2/ros2_rc/src/install/smartcar_msgs/share/smartcar_msgs/cmake/smartcar_msgs__rosidl_typesupport_introspection_cExport-noconfig.cmake
[1.714s] -- Up-to-date: /home/ros2/ros2_rc/src/install/smartcar_msgs/share/smartcar_msgs/cmake/smartcar_msgs__rosidl_typesupport_cExport.cmake
[1.714s] -- Up-to-date: /home/ros2/ros2_rc/src/install/smartcar_msgs/share/smartcar_msgs/cmake/smartcar_msgs__rosidl_typesupport_cExport-noconfig.cmake
[1.714s] -- Up-to-date: /home/ros2/ros2_rc/src/install/smartcar_msgs/share/smartcar_msgs/cmake/export_smartcar_msgs__rosidl_generator_cppExport.cmake
[1.714s] -- Up-to-date: /home/ros2/ros2_rc/src/install/smartcar_msgs/share/smartcar_msgs/cmake/export_smartcar_msgs__rosidl_typesupport_fastrtps_cppExport.cmake
[1.714s] -- Up-to-date: /home/ros2/ros2_rc/src/install/smartcar_msgs/share/smartcar_msgs/cmake/export_smartcar_msgs__rosidl_typesupport_fastrtps_cppExport-noconfig.cmake
[1.714s] -- Up-to-date: /home/ros2/ros2_rc/src/install/smartcar_msgs/share/smartcar_msgs/cmake/smartcar_msgs__rosidl_typesupport_introspection_cppExport.cmake
[1.715s] -- Up-to-date: /home/ros2/ros2_rc/src/install/smartcar_msgs/share/smartcar_msgs/cmake/smartcar_msgs__rosidl_typesupport_introspection_cppExport-noconfig.cmake
[1.715s] -- Up-to-date: /home/ros2/ros2_rc/src/install/smartcar_msgs/share/smartcar_msgs/cmake/smartcar_msgs__rosidl_typesupport_cppExport.cmake
[1.715s] -- Up-to-date: /home/ros2/ros2_rc/src/install/smartcar_msgs/share/smartcar_msgs/cmake/smartcar_msgs__rosidl_typesupport_cppExport-noconfig.cmake
[1.715s] -- Up-to-date: /home/ros2/ros2_rc/src/install/smartcar_msgs/share/smartcar_msgs/cmake/export_smartcar_msgs__rosidl_generator_pyExport.cmake
[1.715s] -- Up-to-date: /home/ros2/ros2_rc/src/install/smartcar_msgs/share/smartcar_msgs/cmake/export_smartcar_msgs__rosidl_generator_pyExport-noconfig.cmake
[1.715s] -- Up-to-date: /home/ros2/ros2_rc/src/install/smartcar_msgs/share/smartcar_msgs/cmake/rosidl_cmake-extras.cmake
[1.715s] -- Up-to-date: /home/ros2/ros2_rc/src/install/smartcar_msgs/share/smartcar_msgs/cmake/ament_cmake_export_include_directories-extras.cmake
[1.715s] -- Up-to-date: /home/ros2/ros2_rc/src/install/smartcar_msgs/share/smartcar_msgs/cmake/ament_cmake_export_libraries-extras.cmake
[1.716s] -- Up-to-date: /home/ros2/ros2_rc/src/install/smartcar_msgs/share/smartcar_msgs/cmake/ament_cmake_export_targets-extras.cmake
[1.716s] -- Up-to-date: /home/ros2/ros2_rc/src/install/smartcar_msgs/share/smartcar_msgs/cmake/rosidl_cmake_export_typesupport_targets-extras.cmake
[1.716s] -- Up-to-date: /home/ros2/ros2_rc/src/install/smartcar_msgs/share/smartcar_msgs/cmake/ament_cmake_export_dependencies-extras.cmake
[1.716s] -- Up-to-date: /home/ros2/ros2_rc/src/install/smartcar_msgs/share/smartcar_msgs/cmake/rosidl_cmake_export_typesupport_libraries-extras.cmake
[1.716s] -- Up-to-date: /home/ros2/ros2_rc/src/install/smartcar_msgs/share/smartcar_msgs/cmake/smartcar_msgsConfig.cmake
[1.716s] -- Up-to-date: /home/ros2/ros2_rc/src/install/smartcar_msgs/share/smartcar_msgs/cmake/smartcar_msgsConfig-version.cmake
[1.716s] -- Up-to-date: /home/ros2/ros2_rc/src/install/smartcar_msgs/share/smartcar_msgs/package.xml
[1.721s] Invoked command in '/home/ros2/ros2_rc/src/build/smartcar_msgs' returned '0': CMAKE_PREFIX_PATH=/opt/ros/humble /usr/bin/cmake --install /home/ros2/ros2_rc/src/build/smartcar_msgs
