[0.172s] Invoking command in '/home/ros2/ros2_rc/src/build/nav2_behavior_tree': CMAKE_PREFIX_PATH=/home/ros2/ros2_rc/src/install/nav2_util:/home/ros2/ros2_rc/src/install/nav2_msgs:/home/ros2/ros2_rc/src/install/nav2_common:/home/ros2/ros2_rc/src/install/nav2_system_tests:/home/ros2/ros2_rc/src/install/nav2_bringup:/home/ros2/ros2_rc/src/install/navigation2:/home/ros2/ros2_rc/src/install/nav2_smoother:/home/ros2/ros2_rc/src/install/nav2_graceful_controller:/home/ros2/ros2_rc/src/install/nav2_dwb_controller:/home/ros2/ros2_rc/src/install/dwb_plugins:/home/ros2/ros2_rc/src/install/dwb_critics:/home/ros2/ros2_rc/src/install/nav2_waypoint_follower:/home/ros2/ros2_rc/src/install/nav2_theta_star_planner:/home/ros2/ros2_rc/src/install/nav2_smac_planner:/home/ros2/ros2_rc/src/install/nav2_rotation_shim_controller:/home/ros2/ros2_rc/src/install/nav2_mppi_controller:/home/ros2/ros2_rc/src/install/smartcar_msgs:/home/ros2/ros2_rc/src/install/smart_car:/home/ros2/ros2_rc/src/install/ros2_rc:/home/ros2/ros2_rc/src/install/nav2_controller:/home/ros2/ros2_rc/src/install/dwb_core:/home/ros2/ros2_rc/src/install/nav_2d_utils:/home/ros2/ros2_rc/src/install/dwb_msgs:/home/ros2/ros2_rc/src/install/nav_2d_msgs:/home/ros2/ros2_rc/src/install/nav2_regulated_pure_pursuit_controller:/home/ros2/ros2_rc/src/install/nav2_planner:/home/ros2/ros2_rc/src/install/nav2_navfn_planner:/home/ros2/ros2_rc/src/install/nav2_constrained_smoother:/home/ros2/ros2_rc/src/install/nav2_bt_navigator:/home/ros2/ros2_rc/src/install/nav2_behaviors:/home/ros2/ros2_rc/src/install/nav2_core:/home/ros2/ros2_rc/src/install/nav2_collision_monitor:/home/ros2/ros2_rc/src/install/costmap_queue:/home/ros2/ros2_rc/src/install/nav2_costmap_2d:/home/ros2/ros2_rc/src/install/nav2_voxel_grid:/home/ros2/ros2_rc/src/install/nav2_velocity_smoother:/home/ros2/ros2_rc/src/install/nav2_rviz_plugins:/home/ros2/ros2_rc/src/install/nav2_map_server:/home/ros2/ros2_rc/src/install/nav2_lifecycle_manager:/home/ros2/ros2_rc/src/install/nav2_behavior_tree:/home/ros2/ros2_rc/src/install/nav2_amcl:/home/ros2/ros2_rc/src/install/car_gazebo_plugin:/home/ros2/ros2_rc/install/smartcar_msgs:/home/ros2/ros2_rc/install/smart_car:/home/ros2/ros2_rc/install/ros2_rc:/home/ros2/ros2_rc/install/nav2_system_tests:/home/ros2/ros2_rc/install/nav2_bringup:/home/ros2/ros2_rc/install/navigation2:/home/ros2/ros2_rc/install/nav2_smoother:/home/ros2/ros2_rc/install/nav2_graceful_controller:/home/ros2/ros2_rc/install/nav2_dwb_controller:/home/ros2/ros2_rc/install/nav2_controller:/home/ros2/ros2_rc/install/dwb_plugins:/home/ros2/ros2_rc/install/dwb_critics:/home/ros2/ros2_rc/install/dwb_core:/home/ros2/ros2_rc/install/nav_2d_utils:/home/ros2/ros2_rc/install/dwb_msgs:/home/ros2/ros2_rc/install/nav_2d_msgs:/home/ros2/ros2_rc/install/nav2_waypoint_follower:/home/ros2/ros2_rc/install/nav2_theta_star_planner:/home/ros2/ros2_rc/install/nav2_smac_planner:/home/ros2/ros2_rc/install/nav2_rotation_shim_controller:/home/ros2/ros2_rc/install/nav2_regulated_pure_pursuit_controller:/home/ros2/ros2_rc/install/nav2_planner:/home/ros2/ros2_rc/install/nav2_navfn_planner:/home/ros2/ros2_rc/install/nav2_mppi_controller:/home/ros2/ros2_rc/install/nav2_constrained_smoother:/home/ros2/ros2_rc/install/nav2_bt_navigator:/home/ros2/ros2_rc/install/nav2_behaviors:/home/ros2/ros2_rc/install/nav2_core:/home/ros2/ros2_rc/install/nav2_collision_monitor:/home/ros2/ros2_rc/install/costmap_queue:/home/ros2/ros2_rc/install/nav2_costmap_2d:/home/ros2/ros2_rc/install/nav2_voxel_grid:/home/ros2/ros2_rc/install/nav2_velocity_smoother:/home/ros2/ros2_rc/install/nav2_rviz_plugins:/home/ros2/ros2_rc/install/nav2_map_server:/home/ros2/ros2_rc/install/nav2_lifecycle_manager:/home/ros2/ros2_rc/install/nav2_behavior_tree:/home/ros2/ros2_rc/install/nav2_amcl:/home/ros2/ros2_rc/install/nav2_util:/home/ros2/ros2_rc/install/nav2_msgs:/home/ros2/ros2_rc/install/nav2_common:/home/ros2/ros2_rc/install/car_gazebo_plugin:/home/ros2/ros2_rc/src/install/nav2_simple_commander:/home/ros2/ros2_rc/install/nav2_simple_commander:/opt/ros/humble LD_LIBRARY_PATH=/home/ros2/ros2_rc/src/install/nav2_util/lib:/home/ros2/ros2_rc/src/install/nav2_msgs/lib:/home/ros2/ros2_rc/src/install/nav2_smoother/lib:/home/ros2/ros2_rc/src/install/nav2_graceful_controller/lib:/home/ros2/ros2_rc/src/install/dwb_critics/lib:/home/ros2/ros2_rc/src/install/nav2_waypoint_follower/lib:/home/ros2/ros2_rc/src/install/nav2_smac_planner/lib:/home/ros2/ros2_rc/src/install/nav2_rotation_shim_controller/lib:/home/ros2/ros2_rc/src/install/nav2_mppi_controller/lib:/home/ros2/ros2_rc/src/install/smartcar_msgs/lib:/home/ros2/ros2_rc/src/install/nav2_controller/lib:/home/ros2/ros2_rc/src/install/dwb_plugins/lib:/home/ros2/ros2_rc/src/install/dwb_core/lib:/home/ros2/ros2_rc/src/install/nav_2d_utils/lib:/home/ros2/ros2_rc/src/install/dwb_msgs/lib:/home/ros2/ros2_rc/src/install/nav_2d_msgs/lib:/home/ros2/ros2_rc/src/install/nav2_theta_star_planner/lib:/home/ros2/ros2_rc/src/install/nav2_regulated_pure_pursuit_controller/lib:/home/ros2/ros2_rc/src/install/nav2_planner/lib:/home/ros2/ros2_rc/src/install/nav2_navfn_planner/lib:/home/ros2/ros2_rc/src/install/nav2_constrained_smoother/lib:/home/ros2/ros2_rc/src/install/nav2_bt_navigator/lib:/home/ros2/ros2_rc/src/install/nav2_behaviors/lib:/home/ros2/ros2_rc/src/install/nav2_collision_monitor/lib:/home/ros2/ros2_rc/src/install/costmap_queue/lib:/home/ros2/ros2_rc/src/install/nav2_costmap_2d/lib:/home/ros2/ros2_rc/src/install/nav2_voxel_grid/lib:/home/ros2/ros2_rc/src/install/nav2_velocity_smoother/lib:/home/ros2/ros2_rc/src/install/nav2_rviz_plugins/lib:/home/ros2/ros2_rc/src/install/nav2_map_server/lib:/home/ros2/ros2_rc/src/install/nav2_lifecycle_manager/lib:/home/ros2/ros2_rc/src/install/nav2_behavior_tree/lib:/home/ros2/ros2_rc/src/install/nav2_amcl/lib:/home/ros2/ros2_rc/src/install/car_gazebo_plugin/lib:/home/ros2/ros2_rc/install/smartcar_msgs/lib:/home/ros2/ros2_rc/install/nav2_smoother/lib:/home/ros2/ros2_rc/install/nav2_graceful_controller/lib:/home/ros2/ros2_rc/install/nav2_controller/lib:/home/ros2/ros2_rc/install/dwb_plugins/lib:/home/ros2/ros2_rc/install/dwb_critics/lib:/home/ros2/ros2_rc/install/dwb_core/lib:/home/ros2/ros2_rc/install/nav_2d_utils/lib:/home/ros2/ros2_rc/install/dwb_msgs/lib:/home/ros2/ros2_rc/install/nav_2d_msgs/lib:/home/ros2/ros2_rc/install/nav2_waypoint_follower/lib:/home/ros2/ros2_rc/install/nav2_theta_star_planner/lib:/home/ros2/ros2_rc/install/nav2_smac_planner/lib:/home/ros2/ros2_rc/install/nav2_rotation_shim_controller/lib:/home/ros2/ros2_rc/install/nav2_regulated_pure_pursuit_controller/lib:/home/ros2/ros2_rc/install/nav2_planner/lib:/home/ros2/ros2_rc/install/nav2_navfn_planner/lib:/home/ros2/ros2_rc/install/nav2_mppi_controller/lib:/home/ros2/ros2_rc/install/nav2_constrained_smoother/lib:/home/ros2/ros2_rc/install/nav2_bt_navigator/lib:/home/ros2/ros2_rc/install/nav2_behaviors/lib:/home/ros2/ros2_rc/install/nav2_collision_monitor/lib:/home/ros2/ros2_rc/install/costmap_queue/lib:/home/ros2/ros2_rc/install/nav2_costmap_2d/lib:/home/ros2/ros2_rc/install/nav2_voxel_grid/lib:/home/ros2/ros2_rc/install/nav2_velocity_smoother/lib:/home/ros2/ros2_rc/install/nav2_rviz_plugins/lib:/home/ros2/ros2_rc/install/nav2_map_server/lib:/home/ros2/ros2_rc/install/nav2_lifecycle_manager/lib:/home/ros2/ros2_rc/install/nav2_behavior_tree/lib:/home/ros2/ros2_rc/install/nav2_amcl/lib:/home/ros2/ros2_rc/install/nav2_util/lib:/home/ros2/ros2_rc/install/nav2_msgs/lib:/home/ros2/ros2_rc/install/car_gazebo_plugin/lib:/usr/lib/x86_64-linux-gnu/gazebo-11/plugins:/opt/ros/humble/opt/rviz_ogre_vendor/lib:/opt/ros/humble/lib/x86_64-linux-gnu:/opt/ros/humble/lib:/usr/lib/x86_64-linux-gnu/gazebo-11/plugins /usr/bin/cmake --build /home/ros2/ros2_rc/src/build/nav2_behavior_tree -- -j10 -l10
[0.497s] [  1%] Built target nav2_behavior_tree
[0.674s] [  1%] Built target nav2_smooth_path_action_bt_node
[0.866s] [  2%] Built target nav2_follow_path_action_bt_node
[1.000s] [  3%] Built target nav2_back_up_action_bt_node
[1.125s] [  4%] Built target nav2_drive_on_heading_bt_node
[1.320s] [  5%] Built target nav2_spin_action_bt_node
[1.490s] [  6%] Built target nav2_wait_action_bt_node
[1.650s] [  7%] Built target nav2_assisted_teleop_action_bt_node
[2.043s] [  8%] Built target nav2_clear_costmap_service_bt_node
[2.280s] [  9%] Built target nav2_is_stuck_condition_bt_node
[2.398s] [ 10%] Built target nav2_transform_available_condition_bt_node
[2.488s] [ 11%] Built target nav2_goal_reached_condition_bt_node
[2.589s] [ 12%] Built target nav2_globally_updated_goal_condition_bt_node
[2.682s] [ 12%] Built target nav2_goal_updated_condition_bt_node
[2.808s] [ 13%] Built target nav2_is_path_valid_condition_bt_node
[2.901s] [ 14%] Built target nav2_time_expired_condition_bt_node
[2.998s] [ 15%] Built target nav2_path_expiring_timer_condition
[3.110s] [ 16%] Built target nav2_distance_traveled_condition_bt_node
[3.306s] [ 17%] Built target nav2_initial_pose_received_condition_bt_node
[3.434s] [ 18%] Built target nav2_is_battery_charging_condition_bt_node
[3.571s] [ 19%] Built target nav2_is_battery_low_condition_bt_node
[3.691s] [ 20%] Built target nav2_reinitialize_global_localization_service_bt_node
[3.968s] [ 21%] Built target nav2_rate_controller_bt_node
[4.075s] [ 22%] Built target nav2_distance_controller_bt_node
[4.206s] [ 23%] Built target nav2_speed_controller_bt_node
[4.327s] [ 24%] Built target nav2_truncate_path_action_bt_node
[4.458s] [ 25%] Built target nav2_truncate_path_local_action_bt_node
[4.566s] [ 26%] Built target nav2_goal_updater_node_bt_node
[4.653s] [ 27%] Built target nav2_path_longer_on_approach_bt_node
[4.729s] [ 28%] Built target nav2_recovery_node_bt_node
[4.867s] [ 29%] Built target nav2_navigate_to_pose_action_bt_node
[4.982s] [ 30%] Built target nav2_navigate_through_poses_action_bt_node
[5.105s] [ 31%] Built target nav2_remove_passed_goals_action_bt_node
[5.222s] [ 32%] Built target nav2_get_pose_from_path_action_bt_node
[5.346s] [ 33%] Built target nav2_pipeline_sequence_bt_node
[5.430s] [ 34%] Built target nav2_round_robin_node_bt_node
[5.580s] [ 35%] Built target nav2_single_trigger_bt_node
[5.696s] [ 36%] Built target nav2_planner_selector_bt_node
[5.800s] [ 37%] Built target nav2_controller_selector_bt_node
[5.901s] [ 38%] Built target nav2_smoother_selector_bt_node
[5.991s] [ 39%] Built target nav2_goal_checker_selector_bt_node
[6.100s] [ 40%] Built target nav2_progress_checker_selector_bt_node
[6.216s] [ 41%] Built target nav2_goal_updated_controller_bt_node
[6.316s] [ 42%] Built target gtest_main
[6.403s] [ 42%] Built target gtest
[6.526s] [ 43%] Built target nav2_drive_on_heading_cancel_bt_node
[6.626s] [ 44%] Built target test_condition_distance_traveled
[6.728s] [ 44%] Built target test_condition_time_expired
[6.818s] [ 45%] Built target test_condition_path_expiring_timer
[6.899s] [ 46%] Built target test_condition_goal_reached
[6.980s] [ 47%] Built target test_condition_goal_updated
[7.063s] [ 48%] Built target test_condition_globally_updated_goal
[7.144s] [ 49%] Built target test_condition_initial_pose_received
[7.224s] [ 50%] Built target test_condition_transform_available
[7.308s] [ 51%] Built target test_condition_is_stuck
[7.411s] [ 52%] Built target test_condition_is_battery_charging
[7.542s] [ 53%] Built target test_condition_is_battery_low
[7.712s] [ 54%] Built target test_condition_is_path_valid
[7.808s] [ 55%] Built target test_decorator_distance_controller
[7.914s] [ 56%] Built target test_decorator_speed_controller
[8.034s] [ 57%] Built target test_decorator_rate_controller
[8.236s] [ 58%] Built target test_goal_updater_node
[8.371s] [ 59%] Built target test_single_trigger_node
[8.536s] [ 60%] Built target test_goal_updated_controller
[8.685s] [ 61%] Built target test_decorator_path_longer_on_approach
[8.853s] [ 62%] Built target test_control_recovery_node
[8.972s] [ 63%] Built target test_control_pipeline_sequence
[9.076s] [ 64%] Built target test_control_round_robin_node
[9.185s] [ 65%] Built target test_bt_action_node
[9.299s] [ 66%] Built target test_action_spin_action
[9.412s] [ 67%] Built target test_action_back_up_action
[9.534s] [ 68%] Built target test_action_drive_on_heading
[9.647s] [ 69%] Built target test_action_wait_action
[9.754s] [ 70%] Built target test_action_assisted_teleop_action
[9.910s] [ 71%] Built target test_action_drive_on_heading_cancel_action
[10.097s] [ 72%] Built target test_action_clear_costmap_service
[10.478s] [ 73%] Built target test_action_reinitialize_global_localization_service
[10.672s] [ 74%] Built target test_action_smooth_path_action
[10.840s] [ 74%] Built target test_action_follow_path_action
[11.037s] [ 75%] Built target test_action_navigate_to_pose_action
[11.244s] [ 76%] Built target test_action_navigate_through_poses_action
[11.428s] [ 77%] Built target test_truncate_path_action
[11.657s] [ 78%] Built target test_truncate_path_local_action
[11.819s] [ 79%] Built target test_remove_passed_goals_action
[12.057s] [ 80%] Built target test_get_pose_from_path_action
[12.414s] [ 81%] Built target test_planner_selector_node
[12.651s] [ 82%] Built target test_controller_selector_node
[12.854s] [ 83%] Built target test_smoother_selector_node
[12.965s] [ 84%] Built target test_goal_checker_selector_node
[13.145s] [ 85%] Built target test_progress_checker_selector_node
[13.472s] [ 86%] Built target test_bt_conversions
[13.590s] [ 87%] Built target nav2_assisted_teleop_cancel_bt_node
[13.719s] [ 88%] Built target nav2_back_up_cancel_bt_node
[13.931s] [ 89%] Built target test_action_assisted_teleop_cancel_action
[14.092s] [ 90%] Built target test_action_back_up_cancel_action
[14.264s] [ 91%] Built target nav2_spin_cancel_bt_node
[14.721s] [ 92%] Built target nav2_wait_cancel_bt_node
[14.912s] [ 93%] Built target test_action_spin_cancel_action
[15.028s] [ 94%] Built target test_action_wait_cancel_action
[15.257s] [ 95%] Built target nav2_controller_cancel_bt_node
[15.373s] [ 96%] Built target nav2_compute_path_through_poses_action_bt_node
[15.701s] [ 97%] Built target test_action_controller_cancel_action
[15.921s] [ 98%] Built target test_action_compute_path_through_poses_action
[16.138s] [ 99%] Built target nav2_compute_path_to_pose_action_bt_node
[16.301s] [100%] Built target test_action_compute_path_to_pose_action
[16.365s] Invoked command in '/home/ros2/ros2_rc/src/build/nav2_behavior_tree' returned '0': CMAKE_PREFIX_PATH=/home/ros2/ros2_rc/src/install/nav2_util:/home/ros2/ros2_rc/src/install/nav2_msgs:/home/ros2/ros2_rc/src/install/nav2_common:/home/ros2/ros2_rc/src/install/nav2_system_tests:/home/ros2/ros2_rc/src/install/nav2_bringup:/home/ros2/ros2_rc/src/install/navigation2:/home/ros2/ros2_rc/src/install/nav2_smoother:/home/ros2/ros2_rc/src/install/nav2_graceful_controller:/home/ros2/ros2_rc/src/install/nav2_dwb_controller:/home/ros2/ros2_rc/src/install/dwb_plugins:/home/ros2/ros2_rc/src/install/dwb_critics:/home/ros2/ros2_rc/src/install/nav2_waypoint_follower:/home/ros2/ros2_rc/src/install/nav2_theta_star_planner:/home/ros2/ros2_rc/src/install/nav2_smac_planner:/home/ros2/ros2_rc/src/install/nav2_rotation_shim_controller:/home/ros2/ros2_rc/src/install/nav2_mppi_controller:/home/ros2/ros2_rc/src/install/smartcar_msgs:/home/ros2/ros2_rc/src/install/smart_car:/home/ros2/ros2_rc/src/install/ros2_rc:/home/ros2/ros2_rc/src/install/nav2_controller:/home/ros2/ros2_rc/src/install/dwb_core:/home/ros2/ros2_rc/src/install/nav_2d_utils:/home/ros2/ros2_rc/src/install/dwb_msgs:/home/ros2/ros2_rc/src/install/nav_2d_msgs:/home/ros2/ros2_rc/src/install/nav2_regulated_pure_pursuit_controller:/home/ros2/ros2_rc/src/install/nav2_planner:/home/ros2/ros2_rc/src/install/nav2_navfn_planner:/home/ros2/ros2_rc/src/install/nav2_constrained_smoother:/home/ros2/ros2_rc/src/install/nav2_bt_navigator:/home/ros2/ros2_rc/src/install/nav2_behaviors:/home/ros2/ros2_rc/src/install/nav2_core:/home/ros2/ros2_rc/src/install/nav2_collision_monitor:/home/ros2/ros2_rc/src/install/costmap_queue:/home/ros2/ros2_rc/src/install/nav2_costmap_2d:/home/ros2/ros2_rc/src/install/nav2_voxel_grid:/home/ros2/ros2_rc/src/install/nav2_velocity_smoother:/home/ros2/ros2_rc/src/install/nav2_rviz_plugins:/home/ros2/ros2_rc/src/install/nav2_map_server:/home/ros2/ros2_rc/src/install/nav2_lifecycle_manager:/home/ros2/ros2_rc/src/install/nav2_behavior_tree:/home/ros2/ros2_rc/src/install/nav2_amcl:/home/ros2/ros2_rc/src/install/car_gazebo_plugin:/home/ros2/ros2_rc/install/smartcar_msgs:/home/ros2/ros2_rc/install/smart_car:/home/ros2/ros2_rc/install/ros2_rc:/home/ros2/ros2_rc/install/nav2_system_tests:/home/ros2/ros2_rc/install/nav2_bringup:/home/ros2/ros2_rc/install/navigation2:/home/ros2/ros2_rc/install/nav2_smoother:/home/ros2/ros2_rc/install/nav2_graceful_controller:/home/ros2/ros2_rc/install/nav2_dwb_controller:/home/ros2/ros2_rc/install/nav2_controller:/home/ros2/ros2_rc/install/dwb_plugins:/home/ros2/ros2_rc/install/dwb_critics:/home/ros2/ros2_rc/install/dwb_core:/home/ros2/ros2_rc/install/nav_2d_utils:/home/ros2/ros2_rc/install/dwb_msgs:/home/ros2/ros2_rc/install/nav_2d_msgs:/home/ros2/ros2_rc/install/nav2_waypoint_follower:/home/ros2/ros2_rc/install/nav2_theta_star_planner:/home/ros2/ros2_rc/install/nav2_smac_planner:/home/ros2/ros2_rc/install/nav2_rotation_shim_controller:/home/ros2/ros2_rc/install/nav2_regulated_pure_pursuit_controller:/home/ros2/ros2_rc/install/nav2_planner:/home/ros2/ros2_rc/install/nav2_navfn_planner:/home/ros2/ros2_rc/install/nav2_mppi_controller:/home/ros2/ros2_rc/install/nav2_constrained_smoother:/home/ros2/ros2_rc/install/nav2_bt_navigator:/home/ros2/ros2_rc/install/nav2_behaviors:/home/ros2/ros2_rc/install/nav2_core:/home/ros2/ros2_rc/install/nav2_collision_monitor:/home/ros2/ros2_rc/install/costmap_queue:/home/ros2/ros2_rc/install/nav2_costmap_2d:/home/ros2/ros2_rc/install/nav2_voxel_grid:/home/ros2/ros2_rc/install/nav2_velocity_smoother:/home/ros2/ros2_rc/install/nav2_rviz_plugins:/home/ros2/ros2_rc/install/nav2_map_server:/home/ros2/ros2_rc/install/nav2_lifecycle_manager:/home/ros2/ros2_rc/install/nav2_behavior_tree:/home/ros2/ros2_rc/install/nav2_amcl:/home/ros2/ros2_rc/install/nav2_util:/home/ros2/ros2_rc/install/nav2_msgs:/home/ros2/ros2_rc/install/nav2_common:/home/ros2/ros2_rc/install/car_gazebo_plugin:/home/ros2/ros2_rc/src/install/nav2_simple_commander:/home/ros2/ros2_rc/install/nav2_simple_commander:/opt/ros/humble LD_LIBRARY_PATH=/home/ros2/ros2_rc/src/install/nav2_util/lib:/home/ros2/ros2_rc/src/install/nav2_msgs/lib:/home/ros2/ros2_rc/src/install/nav2_smoother/lib:/home/ros2/ros2_rc/src/install/nav2_graceful_controller/lib:/home/ros2/ros2_rc/src/install/dwb_critics/lib:/home/ros2/ros2_rc/src/install/nav2_waypoint_follower/lib:/home/ros2/ros2_rc/src/install/nav2_smac_planner/lib:/home/ros2/ros2_rc/src/install/nav2_rotation_shim_controller/lib:/home/ros2/ros2_rc/src/install/nav2_mppi_controller/lib:/home/ros2/ros2_rc/src/install/smartcar_msgs/lib:/home/ros2/ros2_rc/src/install/nav2_controller/lib:/home/ros2/ros2_rc/src/install/dwb_plugins/lib:/home/ros2/ros2_rc/src/install/dwb_core/lib:/home/ros2/ros2_rc/src/install/nav_2d_utils/lib:/home/ros2/ros2_rc/src/install/dwb_msgs/lib:/home/ros2/ros2_rc/src/install/nav_2d_msgs/lib:/home/ros2/ros2_rc/src/install/nav2_theta_star_planner/lib:/home/ros2/ros2_rc/src/install/nav2_regulated_pure_pursuit_controller/lib:/home/ros2/ros2_rc/src/install/nav2_planner/lib:/home/ros2/ros2_rc/src/install/nav2_navfn_planner/lib:/home/ros2/ros2_rc/src/install/nav2_constrained_smoother/lib:/home/ros2/ros2_rc/src/install/nav2_bt_navigator/lib:/home/ros2/ros2_rc/src/install/nav2_behaviors/lib:/home/ros2/ros2_rc/src/install/nav2_collision_monitor/lib:/home/ros2/ros2_rc/src/install/costmap_queue/lib:/home/ros2/ros2_rc/src/install/nav2_costmap_2d/lib:/home/ros2/ros2_rc/src/install/nav2_voxel_grid/lib:/home/ros2/ros2_rc/src/install/nav2_velocity_smoother/lib:/home/ros2/ros2_rc/src/install/nav2_rviz_plugins/lib:/home/ros2/ros2_rc/src/install/nav2_map_server/lib:/home/ros2/ros2_rc/src/install/nav2_lifecycle_manager/lib:/home/ros2/ros2_rc/src/install/nav2_behavior_tree/lib:/home/ros2/ros2_rc/src/install/nav2_amcl/lib:/home/ros2/ros2_rc/src/install/car_gazebo_plugin/lib:/home/ros2/ros2_rc/install/smartcar_msgs/lib:/home/ros2/ros2_rc/install/nav2_smoother/lib:/home/ros2/ros2_rc/install/nav2_graceful_controller/lib:/home/ros2/ros2_rc/install/nav2_controller/lib:/home/ros2/ros2_rc/install/dwb_plugins/lib:/home/ros2/ros2_rc/install/dwb_critics/lib:/home/ros2/ros2_rc/install/dwb_core/lib:/home/ros2/ros2_rc/install/nav_2d_utils/lib:/home/ros2/ros2_rc/install/dwb_msgs/lib:/home/ros2/ros2_rc/install/nav_2d_msgs/lib:/home/ros2/ros2_rc/install/nav2_waypoint_follower/lib:/home/ros2/ros2_rc/install/nav2_theta_star_planner/lib:/home/ros2/ros2_rc/install/nav2_smac_planner/lib:/home/ros2/ros2_rc/install/nav2_rotation_shim_controller/lib:/home/ros2/ros2_rc/install/nav2_regulated_pure_pursuit_controller/lib:/home/ros2/ros2_rc/install/nav2_planner/lib:/home/ros2/ros2_rc/install/nav2_navfn_planner/lib:/home/ros2/ros2_rc/install/nav2_mppi_controller/lib:/home/ros2/ros2_rc/install/nav2_constrained_smoother/lib:/home/ros2/ros2_rc/install/nav2_bt_navigator/lib:/home/ros2/ros2_rc/install/nav2_behaviors/lib:/home/ros2/ros2_rc/install/nav2_collision_monitor/lib:/home/ros2/ros2_rc/install/costmap_queue/lib:/home/ros2/ros2_rc/install/nav2_costmap_2d/lib:/home/ros2/ros2_rc/install/nav2_voxel_grid/lib:/home/ros2/ros2_rc/install/nav2_velocity_smoother/lib:/home/ros2/ros2_rc/install/nav2_rviz_plugins/lib:/home/ros2/ros2_rc/install/nav2_map_server/lib:/home/ros2/ros2_rc/install/nav2_lifecycle_manager/lib:/home/ros2/ros2_rc/install/nav2_behavior_tree/lib:/home/ros2/ros2_rc/install/nav2_amcl/lib:/home/ros2/ros2_rc/install/nav2_util/lib:/home/ros2/ros2_rc/install/nav2_msgs/lib:/home/ros2/ros2_rc/install/car_gazebo_plugin/lib:/usr/lib/x86_64-linux-gnu/gazebo-11/plugins:/opt/ros/humble/opt/rviz_ogre_vendor/lib:/opt/ros/humble/lib/x86_64-linux-gnu:/opt/ros/humble/lib:/usr/lib/x86_64-linux-gnu/gazebo-11/plugins /usr/bin/cmake --build /home/ros2/ros2_rc/src/build/nav2_behavior_tree -- -j10 -l10
[19.088s] Invoking command in '/home/ros2/ros2_rc/src/build/nav2_behavior_tree': CMAKE_PREFIX_PATH=/home/ros2/ros2_rc/src/install/nav2_util:/home/ros2/ros2_rc/src/install/nav2_msgs:/home/ros2/ros2_rc/src/install/nav2_common:/home/ros2/ros2_rc/src/install/nav2_system_tests:/home/ros2/ros2_rc/src/install/nav2_bringup:/home/ros2/ros2_rc/src/install/navigation2:/home/ros2/ros2_rc/src/install/nav2_smoother:/home/ros2/ros2_rc/src/install/nav2_graceful_controller:/home/ros2/ros2_rc/src/install/nav2_dwb_controller:/home/ros2/ros2_rc/src/install/dwb_plugins:/home/ros2/ros2_rc/src/install/dwb_critics:/home/ros2/ros2_rc/src/install/nav2_waypoint_follower:/home/ros2/ros2_rc/src/install/nav2_theta_star_planner:/home/ros2/ros2_rc/src/install/nav2_smac_planner:/home/ros2/ros2_rc/src/install/nav2_rotation_shim_controller:/home/ros2/ros2_rc/src/install/nav2_mppi_controller:/home/ros2/ros2_rc/src/install/smartcar_msgs:/home/ros2/ros2_rc/src/install/smart_car:/home/ros2/ros2_rc/src/install/ros2_rc:/home/ros2/ros2_rc/src/install/nav2_controller:/home/ros2/ros2_rc/src/install/dwb_core:/home/ros2/ros2_rc/src/install/nav_2d_utils:/home/ros2/ros2_rc/src/install/dwb_msgs:/home/ros2/ros2_rc/src/install/nav_2d_msgs:/home/ros2/ros2_rc/src/install/nav2_regulated_pure_pursuit_controller:/home/ros2/ros2_rc/src/install/nav2_planner:/home/ros2/ros2_rc/src/install/nav2_navfn_planner:/home/ros2/ros2_rc/src/install/nav2_constrained_smoother:/home/ros2/ros2_rc/src/install/nav2_bt_navigator:/home/ros2/ros2_rc/src/install/nav2_behaviors:/home/ros2/ros2_rc/src/install/nav2_core:/home/ros2/ros2_rc/src/install/nav2_collision_monitor:/home/ros2/ros2_rc/src/install/costmap_queue:/home/ros2/ros2_rc/src/install/nav2_costmap_2d:/home/ros2/ros2_rc/src/install/nav2_voxel_grid:/home/ros2/ros2_rc/src/install/nav2_velocity_smoother:/home/ros2/ros2_rc/src/install/nav2_rviz_plugins:/home/ros2/ros2_rc/src/install/nav2_map_server:/home/ros2/ros2_rc/src/install/nav2_lifecycle_manager:/home/ros2/ros2_rc/src/install/nav2_behavior_tree:/home/ros2/ros2_rc/src/install/nav2_amcl:/home/ros2/ros2_rc/src/install/car_gazebo_plugin:/home/ros2/ros2_rc/install/smartcar_msgs:/home/ros2/ros2_rc/install/smart_car:/home/ros2/ros2_rc/install/ros2_rc:/home/ros2/ros2_rc/install/nav2_system_tests:/home/ros2/ros2_rc/install/nav2_bringup:/home/ros2/ros2_rc/install/navigation2:/home/ros2/ros2_rc/install/nav2_smoother:/home/ros2/ros2_rc/install/nav2_graceful_controller:/home/ros2/ros2_rc/install/nav2_dwb_controller:/home/ros2/ros2_rc/install/nav2_controller:/home/ros2/ros2_rc/install/dwb_plugins:/home/ros2/ros2_rc/install/dwb_critics:/home/ros2/ros2_rc/install/dwb_core:/home/ros2/ros2_rc/install/nav_2d_utils:/home/ros2/ros2_rc/install/dwb_msgs:/home/ros2/ros2_rc/install/nav_2d_msgs:/home/ros2/ros2_rc/install/nav2_waypoint_follower:/home/ros2/ros2_rc/install/nav2_theta_star_planner:/home/ros2/ros2_rc/install/nav2_smac_planner:/home/ros2/ros2_rc/install/nav2_rotation_shim_controller:/home/ros2/ros2_rc/install/nav2_regulated_pure_pursuit_controller:/home/ros2/ros2_rc/install/nav2_planner:/home/ros2/ros2_rc/install/nav2_navfn_planner:/home/ros2/ros2_rc/install/nav2_mppi_controller:/home/ros2/ros2_rc/install/nav2_constrained_smoother:/home/ros2/ros2_rc/install/nav2_bt_navigator:/home/ros2/ros2_rc/install/nav2_behaviors:/home/ros2/ros2_rc/install/nav2_core:/home/ros2/ros2_rc/install/nav2_collision_monitor:/home/ros2/ros2_rc/install/costmap_queue:/home/ros2/ros2_rc/install/nav2_costmap_2d:/home/ros2/ros2_rc/install/nav2_voxel_grid:/home/ros2/ros2_rc/install/nav2_velocity_smoother:/home/ros2/ros2_rc/install/nav2_rviz_plugins:/home/ros2/ros2_rc/install/nav2_map_server:/home/ros2/ros2_rc/install/nav2_lifecycle_manager:/home/ros2/ros2_rc/install/nav2_behavior_tree:/home/ros2/ros2_rc/install/nav2_amcl:/home/ros2/ros2_rc/install/nav2_util:/home/ros2/ros2_rc/install/nav2_msgs:/home/ros2/ros2_rc/install/nav2_common:/home/ros2/ros2_rc/install/car_gazebo_plugin:/home/ros2/ros2_rc/src/install/nav2_simple_commander:/home/ros2/ros2_rc/install/nav2_simple_commander:/opt/ros/humble LD_LIBRARY_PATH=/home/ros2/ros2_rc/src/install/nav2_util/lib:/home/ros2/ros2_rc/src/install/nav2_msgs/lib:/home/ros2/ros2_rc/src/install/nav2_smoother/lib:/home/ros2/ros2_rc/src/install/nav2_graceful_controller/lib:/home/ros2/ros2_rc/src/install/dwb_critics/lib:/home/ros2/ros2_rc/src/install/nav2_waypoint_follower/lib:/home/ros2/ros2_rc/src/install/nav2_smac_planner/lib:/home/ros2/ros2_rc/src/install/nav2_rotation_shim_controller/lib:/home/ros2/ros2_rc/src/install/nav2_mppi_controller/lib:/home/ros2/ros2_rc/src/install/smartcar_msgs/lib:/home/ros2/ros2_rc/src/install/nav2_controller/lib:/home/ros2/ros2_rc/src/install/dwb_plugins/lib:/home/ros2/ros2_rc/src/install/dwb_core/lib:/home/ros2/ros2_rc/src/install/nav_2d_utils/lib:/home/ros2/ros2_rc/src/install/dwb_msgs/lib:/home/ros2/ros2_rc/src/install/nav_2d_msgs/lib:/home/ros2/ros2_rc/src/install/nav2_theta_star_planner/lib:/home/ros2/ros2_rc/src/install/nav2_regulated_pure_pursuit_controller/lib:/home/ros2/ros2_rc/src/install/nav2_planner/lib:/home/ros2/ros2_rc/src/install/nav2_navfn_planner/lib:/home/ros2/ros2_rc/src/install/nav2_constrained_smoother/lib:/home/ros2/ros2_rc/src/install/nav2_bt_navigator/lib:/home/ros2/ros2_rc/src/install/nav2_behaviors/lib:/home/ros2/ros2_rc/src/install/nav2_collision_monitor/lib:/home/ros2/ros2_rc/src/install/costmap_queue/lib:/home/ros2/ros2_rc/src/install/nav2_costmap_2d/lib:/home/ros2/ros2_rc/src/install/nav2_voxel_grid/lib:/home/ros2/ros2_rc/src/install/nav2_velocity_smoother/lib:/home/ros2/ros2_rc/src/install/nav2_rviz_plugins/lib:/home/ros2/ros2_rc/src/install/nav2_map_server/lib:/home/ros2/ros2_rc/src/install/nav2_lifecycle_manager/lib:/home/ros2/ros2_rc/src/install/nav2_behavior_tree/lib:/home/ros2/ros2_rc/src/install/nav2_amcl/lib:/home/ros2/ros2_rc/src/install/car_gazebo_plugin/lib:/home/ros2/ros2_rc/install/smartcar_msgs/lib:/home/ros2/ros2_rc/install/nav2_smoother/lib:/home/ros2/ros2_rc/install/nav2_graceful_controller/lib:/home/ros2/ros2_rc/install/nav2_controller/lib:/home/ros2/ros2_rc/install/dwb_plugins/lib:/home/ros2/ros2_rc/install/dwb_critics/lib:/home/ros2/ros2_rc/install/dwb_core/lib:/home/ros2/ros2_rc/install/nav_2d_utils/lib:/home/ros2/ros2_rc/install/dwb_msgs/lib:/home/ros2/ros2_rc/install/nav_2d_msgs/lib:/home/ros2/ros2_rc/install/nav2_waypoint_follower/lib:/home/ros2/ros2_rc/install/nav2_theta_star_planner/lib:/home/ros2/ros2_rc/install/nav2_smac_planner/lib:/home/ros2/ros2_rc/install/nav2_rotation_shim_controller/lib:/home/ros2/ros2_rc/install/nav2_regulated_pure_pursuit_controller/lib:/home/ros2/ros2_rc/install/nav2_planner/lib:/home/ros2/ros2_rc/install/nav2_navfn_planner/lib:/home/ros2/ros2_rc/install/nav2_mppi_controller/lib:/home/ros2/ros2_rc/install/nav2_constrained_smoother/lib:/home/ros2/ros2_rc/install/nav2_bt_navigator/lib:/home/ros2/ros2_rc/install/nav2_behaviors/lib:/home/ros2/ros2_rc/install/nav2_collision_monitor/lib:/home/ros2/ros2_rc/install/costmap_queue/lib:/home/ros2/ros2_rc/install/nav2_costmap_2d/lib:/home/ros2/ros2_rc/install/nav2_voxel_grid/lib:/home/ros2/ros2_rc/install/nav2_velocity_smoother/lib:/home/ros2/ros2_rc/install/nav2_rviz_plugins/lib:/home/ros2/ros2_rc/install/nav2_map_server/lib:/home/ros2/ros2_rc/install/nav2_lifecycle_manager/lib:/home/ros2/ros2_rc/install/nav2_behavior_tree/lib:/home/ros2/ros2_rc/install/nav2_amcl/lib:/home/ros2/ros2_rc/install/nav2_util/lib:/home/ros2/ros2_rc/install/nav2_msgs/lib:/home/ros2/ros2_rc/install/car_gazebo_plugin/lib:/usr/lib/x86_64-linux-gnu/gazebo-11/plugins:/opt/ros/humble/opt/rviz_ogre_vendor/lib:/opt/ros/humble/lib/x86_64-linux-gnu:/opt/ros/humble/lib:/usr/lib/x86_64-linux-gnu/gazebo-11/plugins /usr/bin/cmake --install /home/ros2/ros2_rc/src/build/nav2_behavior_tree
[19.114s] -- Install configuration: "Release"
[19.117s] -- Up-to-date: /home/ros2/ros2_rc/src/install/nav2_behavior_tree/lib/libnav2_behavior_tree.so
[19.117s] -- Up-to-date: /home/ros2/ros2_rc/src/install/nav2_behavior_tree/lib/libnav2_compute_path_to_pose_action_bt_node.so
[19.117s] -- Up-to-date: /home/ros2/ros2_rc/src/install/nav2_behavior_tree/lib/libnav2_compute_path_through_poses_action_bt_node.so
[19.117s] -- Up-to-date: /home/ros2/ros2_rc/src/install/nav2_behavior_tree/lib/libnav2_controller_cancel_bt_node.so
[19.117s] -- Up-to-date: /home/ros2/ros2_rc/src/install/nav2_behavior_tree/lib/libnav2_wait_cancel_bt_node.so
[19.119s] -- Up-to-date: /home/ros2/ros2_rc/src/install/nav2_behavior_tree/lib/libnav2_spin_cancel_bt_node.so
[19.119s] -- Up-to-date: /home/ros2/ros2_rc/src/install/nav2_behavior_tree/lib/libnav2_back_up_cancel_bt_node.so
[19.133s] -- Up-to-date: /home/ros2/ros2_rc/src/install/nav2_behavior_tree/lib/libnav2_assisted_teleop_cancel_bt_node.so
[19.133s] -- Up-to-date: /home/ros2/ros2_rc/src/install/nav2_behavior_tree/lib/libnav2_drive_on_heading_cancel_bt_node.so
[19.133s] -- Up-to-date: /home/ros2/ros2_rc/src/install/nav2_behavior_tree/lib/libnav2_smooth_path_action_bt_node.so
[19.133s] -- Up-to-date: /home/ros2/ros2_rc/src/install/nav2_behavior_tree/lib/libnav2_follow_path_action_bt_node.so
[19.133s] -- Up-to-date: /home/ros2/ros2_rc/src/install/nav2_behavior_tree/lib/libnav2_back_up_action_bt_node.so
[19.135s] -- Up-to-date: /home/ros2/ros2_rc/src/install/nav2_behavior_tree/lib/libnav2_drive_on_heading_bt_node.so
[19.135s] -- Up-to-date: /home/ros2/ros2_rc/src/install/nav2_behavior_tree/lib/libnav2_spin_action_bt_node.so
[19.135s] -- Up-to-date: /home/ros2/ros2_rc/src/install/nav2_behavior_tree/lib/libnav2_wait_action_bt_node.so
[19.135s] -- Up-to-date: /home/ros2/ros2_rc/src/install/nav2_behavior_tree/lib/libnav2_assisted_teleop_action_bt_node.so
[19.135s] -- Up-to-date: /home/ros2/ros2_rc/src/install/nav2_behavior_tree/lib/libnav2_clear_costmap_service_bt_node.so
[19.135s] -- Up-to-date: /home/ros2/ros2_rc/src/install/nav2_behavior_tree/lib/libnav2_is_stuck_condition_bt_node.so
[19.135s] -- Up-to-date: /home/ros2/ros2_rc/src/install/nav2_behavior_tree/lib/libnav2_transform_available_condition_bt_node.so
[19.136s] -- Up-to-date: /home/ros2/ros2_rc/src/install/nav2_behavior_tree/lib/libnav2_goal_reached_condition_bt_node.so
[19.136s] -- Up-to-date: /home/ros2/ros2_rc/src/install/nav2_behavior_tree/lib/libnav2_globally_updated_goal_condition_bt_node.so
[19.136s] -- Up-to-date: /home/ros2/ros2_rc/src/install/nav2_behavior_tree/lib/libnav2_goal_updated_condition_bt_node.so
[19.136s] -- Up-to-date: /home/ros2/ros2_rc/src/install/nav2_behavior_tree/lib/libnav2_is_path_valid_condition_bt_node.so
[19.136s] -- Up-to-date: /home/ros2/ros2_rc/src/install/nav2_behavior_tree/lib/libnav2_time_expired_condition_bt_node.so
[19.136s] -- Up-to-date: /home/ros2/ros2_rc/src/install/nav2_behavior_tree/lib/libnav2_path_expiring_timer_condition.so
[19.136s] -- Up-to-date: /home/ros2/ros2_rc/src/install/nav2_behavior_tree/lib/libnav2_distance_traveled_condition_bt_node.so
[19.136s] -- Up-to-date: /home/ros2/ros2_rc/src/install/nav2_behavior_tree/lib/libnav2_initial_pose_received_condition_bt_node.so
[19.137s] -- Up-to-date: /home/ros2/ros2_rc/src/install/nav2_behavior_tree/lib/libnav2_is_battery_charging_condition_bt_node.so
[19.137s] -- Up-to-date: /home/ros2/ros2_rc/src/install/nav2_behavior_tree/lib/libnav2_is_battery_low_condition_bt_node.so
[19.137s] -- Up-to-date: /home/ros2/ros2_rc/src/install/nav2_behavior_tree/lib/libnav2_reinitialize_global_localization_service_bt_node.so
[19.137s] -- Up-to-date: /home/ros2/ros2_rc/src/install/nav2_behavior_tree/lib/libnav2_rate_controller_bt_node.so
[19.137s] -- Up-to-date: /home/ros2/ros2_rc/src/install/nav2_behavior_tree/lib/libnav2_distance_controller_bt_node.so
[19.143s] -- Up-to-date: /home/ros2/ros2_rc/src/install/nav2_behavior_tree/lib/libnav2_speed_controller_bt_node.so
[19.144s] -- Up-to-date: /home/ros2/ros2_rc/src/install/nav2_behavior_tree/lib/libnav2_truncate_path_action_bt_node.so
[19.149s] -- Up-to-date: /home/ros2/ros2_rc/src/install/nav2_behavior_tree/lib/libnav2_truncate_path_local_action_bt_node.so
[19.150s] -- Up-to-date: /home/ros2/ros2_rc/src/install/nav2_behavior_tree/lib/libnav2_goal_updater_node_bt_node.so
[19.150s] -- Up-to-date: /home/ros2/ros2_rc/src/install/nav2_behavior_tree/lib/libnav2_path_longer_on_approach_bt_node.so
[19.150s] -- Up-to-date: /home/ros2/ros2_rc/src/install/nav2_behavior_tree/lib/libnav2_recovery_node_bt_node.so
[19.150s] -- Up-to-date: /home/ros2/ros2_rc/src/install/nav2_behavior_tree/lib/libnav2_navigate_to_pose_action_bt_node.so
[19.150s] -- Up-to-date: /home/ros2/ros2_rc/src/install/nav2_behavior_tree/lib/libnav2_navigate_through_poses_action_bt_node.so
[19.150s] -- Up-to-date: /home/ros2/ros2_rc/src/install/nav2_behavior_tree/lib/libnav2_remove_passed_goals_action_bt_node.so
[19.150s] -- Up-to-date: /home/ros2/ros2_rc/src/install/nav2_behavior_tree/lib/libnav2_get_pose_from_path_action_bt_node.so
[19.150s] -- Up-to-date: /home/ros2/ros2_rc/src/install/nav2_behavior_tree/lib/libnav2_pipeline_sequence_bt_node.so
[19.150s] -- Up-to-date: /home/ros2/ros2_rc/src/install/nav2_behavior_tree/lib/libnav2_round_robin_node_bt_node.so
[19.150s] -- Up-to-date: /home/ros2/ros2_rc/src/install/nav2_behavior_tree/lib/libnav2_single_trigger_bt_node.so
[19.150s] -- Up-to-date: /home/ros2/ros2_rc/src/install/nav2_behavior_tree/lib/libnav2_planner_selector_bt_node.so
[19.151s] -- Up-to-date: /home/ros2/ros2_rc/src/install/nav2_behavior_tree/lib/libnav2_controller_selector_bt_node.so
[19.151s] -- Up-to-date: /home/ros2/ros2_rc/src/install/nav2_behavior_tree/lib/libnav2_smoother_selector_bt_node.so
[19.151s] -- Up-to-date: /home/ros2/ros2_rc/src/install/nav2_behavior_tree/lib/libnav2_goal_checker_selector_bt_node.so
[19.152s] -- Up-to-date: /home/ros2/ros2_rc/src/install/nav2_behavior_tree/lib/libnav2_progress_checker_selector_bt_node.so
[19.152s] -- Up-to-date: /home/ros2/ros2_rc/src/install/nav2_behavior_tree/lib/libnav2_goal_updated_controller_bt_node.so
[19.152s] -- Up-to-date: /home/ros2/ros2_rc/src/install/nav2_behavior_tree/include/
[19.152s] -- Up-to-date: /home/ros2/ros2_rc/src/install/nav2_behavior_tree/include//nav2_behavior_tree
[19.154s] -- Up-to-date: /home/ros2/ros2_rc/src/install/nav2_behavior_tree/include//nav2_behavior_tree/ros_topic_logger.hpp
[19.154s] -- Up-to-date: /home/ros2/ros2_rc/src/install/nav2_behavior_tree/include//nav2_behavior_tree/bt_action_node.hpp
[19.154s] -- Up-to-date: /home/ros2/ros2_rc/src/install/nav2_behavior_tree/include//nav2_behavior_tree/bt_service_node.hpp
[19.154s] -- Up-to-date: /home/ros2/ros2_rc/src/install/nav2_behavior_tree/include//nav2_behavior_tree/bt_action_server_impl.hpp
[19.155s] -- Up-to-date: /home/ros2/ros2_rc/src/install/nav2_behavior_tree/include//nav2_behavior_tree/bt_conversions.hpp
[19.155s] -- Up-to-date: /home/ros2/ros2_rc/src/install/nav2_behavior_tree/include//nav2_behavior_tree/bt_action_server.hpp
[19.155s] -- Up-to-date: /home/ros2/ros2_rc/src/install/nav2_behavior_tree/include//nav2_behavior_tree/plugins
[19.155s] -- Up-to-date: /home/ros2/ros2_rc/src/install/nav2_behavior_tree/include//nav2_behavior_tree/plugins/control
[19.155s] -- Up-to-date: /home/ros2/ros2_rc/src/install/nav2_behavior_tree/include//nav2_behavior_tree/plugins/control/recovery_node.hpp
[19.155s] -- Up-to-date: /home/ros2/ros2_rc/src/install/nav2_behavior_tree/include//nav2_behavior_tree/plugins/control/round_robin_node.hpp
[19.155s] -- Up-to-date: /home/ros2/ros2_rc/src/install/nav2_behavior_tree/include//nav2_behavior_tree/plugins/control/pipeline_sequence.hpp
[19.155s] -- Up-to-date: /home/ros2/ros2_rc/src/install/nav2_behavior_tree/include//nav2_behavior_tree/plugins/decorator
[19.155s] -- Up-to-date: /home/ros2/ros2_rc/src/install/nav2_behavior_tree/include//nav2_behavior_tree/plugins/decorator/goal_updated_controller.hpp
[19.155s] -- Up-to-date: /home/ros2/ros2_rc/src/install/nav2_behavior_tree/include//nav2_behavior_tree/plugins/decorator/rate_controller.hpp
[19.155s] -- Up-to-date: /home/ros2/ros2_rc/src/install/nav2_behavior_tree/include//nav2_behavior_tree/plugins/decorator/distance_controller.hpp
[19.155s] -- Up-to-date: /home/ros2/ros2_rc/src/install/nav2_behavior_tree/include//nav2_behavior_tree/plugins/decorator/single_trigger_node.hpp
[19.156s] -- Up-to-date: /home/ros2/ros2_rc/src/install/nav2_behavior_tree/include//nav2_behavior_tree/plugins/decorator/path_longer_on_approach.hpp
[19.156s] -- Up-to-date: /home/ros2/ros2_rc/src/install/nav2_behavior_tree/include//nav2_behavior_tree/plugins/decorator/speed_controller.hpp
[19.156s] -- Up-to-date: /home/ros2/ros2_rc/src/install/nav2_behavior_tree/include//nav2_behavior_tree/plugins/decorator/goal_updater_node.hpp
[19.158s] -- Up-to-date: /home/ros2/ros2_rc/src/install/nav2_behavior_tree/include//nav2_behavior_tree/plugins/condition
[19.159s] -- Up-to-date: /home/ros2/ros2_rc/src/install/nav2_behavior_tree/include//nav2_behavior_tree/plugins/condition/initial_pose_received_condition.hpp
[19.163s] -- Up-to-date: /home/ros2/ros2_rc/src/install/nav2_behavior_tree/include//nav2_behavior_tree/plugins/condition/globally_updated_goal_condition.hpp
[19.164s] -- Up-to-date: /home/ros2/ros2_rc/src/install/nav2_behavior_tree/include//nav2_behavior_tree/plugins/condition/is_battery_charging_condition.hpp
[19.164s] -- Up-to-date: /home/ros2/ros2_rc/src/install/nav2_behavior_tree/include//nav2_behavior_tree/plugins/condition/is_path_valid_condition.hpp
[19.164s] -- Up-to-date: /home/ros2/ros2_rc/src/install/nav2_behavior_tree/include//nav2_behavior_tree/plugins/condition/path_expiring_timer_condition.hpp
[19.164s] -- Up-to-date: /home/ros2/ros2_rc/src/install/nav2_behavior_tree/include//nav2_behavior_tree/plugins/condition/goal_reached_condition.hpp
[19.164s] -- Up-to-date: /home/ros2/ros2_rc/src/install/nav2_behavior_tree/include//nav2_behavior_tree/plugins/condition/distance_traveled_condition.hpp
[19.164s] -- Up-to-date: /home/ros2/ros2_rc/src/install/nav2_behavior_tree/include//nav2_behavior_tree/plugins/condition/time_expired_condition.hpp
[19.164s] -- Up-to-date: /home/ros2/ros2_rc/src/install/nav2_behavior_tree/include//nav2_behavior_tree/plugins/condition/is_battery_low_condition.hpp
[19.164s] -- Up-to-date: /home/ros2/ros2_rc/src/install/nav2_behavior_tree/include//nav2_behavior_tree/plugins/condition/goal_updated_condition.hpp
[19.164s] -- Up-to-date: /home/ros2/ros2_rc/src/install/nav2_behavior_tree/include//nav2_behavior_tree/plugins/condition/is_stuck_condition.hpp
[19.165s] -- Up-to-date: /home/ros2/ros2_rc/src/install/nav2_behavior_tree/include//nav2_behavior_tree/plugins/condition/transform_available_condition.hpp
[19.165s] -- Up-to-date: /home/ros2/ros2_rc/src/install/nav2_behavior_tree/include//nav2_behavior_tree/plugins/action
[19.165s] -- Up-to-date: /home/ros2/ros2_rc/src/install/nav2_behavior_tree/include//nav2_behavior_tree/plugins/action/remove_passed_goals_action.hpp
[19.165s] -- Up-to-date: /home/ros2/ros2_rc/src/install/nav2_behavior_tree/include//nav2_behavior_tree/plugins/action/drive_on_heading_action.hpp
[19.165s] -- Up-to-date: /home/ros2/ros2_rc/src/install/nav2_behavior_tree/include//nav2_behavior_tree/plugins/action/reinitialize_global_localization_service.hpp
[19.165s] -- Up-to-date: /home/ros2/ros2_rc/src/install/nav2_behavior_tree/include//nav2_behavior_tree/plugins/action/smoother_selector_node.hpp
[19.165s] -- Up-to-date: /home/ros2/ros2_rc/src/install/nav2_behavior_tree/include//nav2_behavior_tree/plugins/action/truncate_path_local_action.hpp
[19.165s] -- Up-to-date: /home/ros2/ros2_rc/src/install/nav2_behavior_tree/include//nav2_behavior_tree/plugins/action/drive_on_heading_cancel_node.hpp
[19.165s] -- Up-to-date: /home/ros2/ros2_rc/src/install/nav2_behavior_tree/include//nav2_behavior_tree/plugins/action/planner_selector_node.hpp
[19.166s] -- Up-to-date: /home/ros2/ros2_rc/src/install/nav2_behavior_tree/include//nav2_behavior_tree/plugins/action/controller_cancel_node.hpp
[19.166s] -- Up-to-date: /home/ros2/ros2_rc/src/install/nav2_behavior_tree/include//nav2_behavior_tree/plugins/action/wait_cancel_node.hpp
[19.166s] -- Up-to-date: /home/ros2/ros2_rc/src/install/nav2_behavior_tree/include//nav2_behavior_tree/plugins/action/assisted_teleop_cancel_node.hpp
[19.167s] -- Up-to-date: /home/ros2/ros2_rc/src/install/nav2_behavior_tree/include//nav2_behavior_tree/plugins/action/follow_path_action.hpp
[19.167s] -- Up-to-date: /home/ros2/ros2_rc/src/install/nav2_behavior_tree/include//nav2_behavior_tree/plugins/action/goal_checker_selector_node.hpp
[19.167s] -- Up-to-date: /home/ros2/ros2_rc/src/install/nav2_behavior_tree/include//nav2_behavior_tree/plugins/action/spin_action.hpp
[19.169s] -- Up-to-date: /home/ros2/ros2_rc/src/install/nav2_behavior_tree/include//nav2_behavior_tree/plugins/action/compute_path_to_pose_action.hpp
[19.169s] -- Up-to-date: /home/ros2/ros2_rc/src/install/nav2_behavior_tree/include//nav2_behavior_tree/plugins/action/smooth_path_action.hpp
[19.171s] -- Up-to-date: /home/ros2/ros2_rc/src/install/nav2_behavior_tree/include//nav2_behavior_tree/plugins/action/navigate_to_pose_action.hpp
[19.171s] -- Up-to-date: /home/ros2/ros2_rc/src/install/nav2_behavior_tree/include//nav2_behavior_tree/plugins/action/get_pose_from_path_action.hpp
[19.172s] -- Up-to-date: /home/ros2/ros2_rc/src/install/nav2_behavior_tree/include//nav2_behavior_tree/plugins/action/truncate_path_action.hpp
[19.172s] -- Up-to-date: /home/ros2/ros2_rc/src/install/nav2_behavior_tree/include//nav2_behavior_tree/plugins/action/controller_selector_node.hpp
[19.172s] -- Up-to-date: /home/ros2/ros2_rc/src/install/nav2_behavior_tree/include//nav2_behavior_tree/plugins/action/back_up_cancel_node.hpp
[19.172s] -- Up-to-date: /home/ros2/ros2_rc/src/install/nav2_behavior_tree/include//nav2_behavior_tree/plugins/action/compute_path_through_poses_action.hpp
[19.173s] -- Up-to-date: /home/ros2/ros2_rc/src/install/nav2_behavior_tree/include//nav2_behavior_tree/plugins/action/navigate_through_poses_action.hpp
[19.173s] -- Up-to-date: /home/ros2/ros2_rc/src/install/nav2_behavior_tree/include//nav2_behavior_tree/plugins/action/spin_cancel_node.hpp
[19.173s] -- Up-to-date: /home/ros2/ros2_rc/src/install/nav2_behavior_tree/include//nav2_behavior_tree/plugins/action/wait_action.hpp
[19.173s] -- Up-to-date: /home/ros2/ros2_rc/src/install/nav2_behavior_tree/include//nav2_behavior_tree/plugins/action/back_up_action.hpp
[19.173s] -- Up-to-date: /home/ros2/ros2_rc/src/install/nav2_behavior_tree/include//nav2_behavior_tree/plugins/action/progress_checker_selector_node.hpp
[19.174s] -- Up-to-date: /home/ros2/ros2_rc/src/install/nav2_behavior_tree/include//nav2_behavior_tree/plugins/action/clear_costmap_service.hpp
[19.174s] -- Up-to-date: /home/ros2/ros2_rc/src/install/nav2_behavior_tree/include//nav2_behavior_tree/plugins/action/assisted_teleop_action.hpp
[19.176s] -- Up-to-date: /home/ros2/ros2_rc/src/install/nav2_behavior_tree/include//nav2_behavior_tree/bt_cancel_action_node.hpp
[19.177s] -- Up-to-date: /home/ros2/ros2_rc/src/install/nav2_behavior_tree/include//nav2_behavior_tree/behavior_tree_engine.hpp
[19.179s] -- Up-to-date: /home/ros2/ros2_rc/src/install/nav2_behavior_tree/share/nav2_behavior_tree/nav2_tree_nodes.xml
[19.179s] -- Up-to-date: /home/ros2/ros2_rc/src/install/nav2_behavior_tree/share/nav2_behavior_tree/environment/library_path.sh
[19.180s] -- Up-to-date: /home/ros2/ros2_rc/src/install/nav2_behavior_tree/share/nav2_behavior_tree/environment/library_path.dsv
[19.180s] -- Up-to-date: /home/ros2/ros2_rc/src/install/nav2_behavior_tree/share/ament_index/resource_index/package_run_dependencies/nav2_behavior_tree
[19.180s] -- Up-to-date: /home/ros2/ros2_rc/src/install/nav2_behavior_tree/share/ament_index/resource_index/parent_prefix_path/nav2_behavior_tree
[19.180s] -- Up-to-date: /home/ros2/ros2_rc/src/install/nav2_behavior_tree/share/nav2_behavior_tree/environment/ament_prefix_path.sh
[19.180s] -- Up-to-date: /home/ros2/ros2_rc/src/install/nav2_behavior_tree/share/nav2_behavior_tree/environment/ament_prefix_path.dsv
[19.180s] -- Up-to-date: /home/ros2/ros2_rc/src/install/nav2_behavior_tree/share/nav2_behavior_tree/environment/path.sh
[19.180s] -- Up-to-date: /home/ros2/ros2_rc/src/install/nav2_behavior_tree/share/nav2_behavior_tree/environment/path.dsv
[19.180s] -- Up-to-date: /home/ros2/ros2_rc/src/install/nav2_behavior_tree/share/nav2_behavior_tree/local_setup.bash
[19.180s] -- Up-to-date: /home/ros2/ros2_rc/src/install/nav2_behavior_tree/share/nav2_behavior_tree/local_setup.sh
[19.181s] -- Up-to-date: /home/ros2/ros2_rc/src/install/nav2_behavior_tree/share/nav2_behavior_tree/local_setup.zsh
[19.181s] -- Up-to-date: /home/ros2/ros2_rc/src/install/nav2_behavior_tree/share/nav2_behavior_tree/local_setup.dsv
[19.181s] -- Installing: /home/ros2/ros2_rc/src/install/nav2_behavior_tree/share/nav2_behavior_tree/package.dsv
[19.181s] -- Up-to-date: /home/ros2/ros2_rc/src/install/nav2_behavior_tree/share/ament_index/resource_index/packages/nav2_behavior_tree
[19.181s] -- Up-to-date: /home/ros2/ros2_rc/src/install/nav2_behavior_tree/share/nav2_behavior_tree/cmake/ament_cmake_export_include_directories-extras.cmake
[19.181s] -- Up-to-date: /home/ros2/ros2_rc/src/install/nav2_behavior_tree/share/nav2_behavior_tree/cmake/ament_cmake_export_libraries-extras.cmake
[19.182s] -- Up-to-date: /home/ros2/ros2_rc/src/install/nav2_behavior_tree/share/nav2_behavior_tree/cmake/ament_cmake_export_dependencies-extras.cmake
[19.182s] -- Up-to-date: /home/ros2/ros2_rc/src/install/nav2_behavior_tree/share/nav2_behavior_tree/cmake/nav2_behavior_treeConfig.cmake
[19.182s] -- Up-to-date: /home/ros2/ros2_rc/src/install/nav2_behavior_tree/share/nav2_behavior_tree/cmake/nav2_behavior_treeConfig-version.cmake
[19.182s] -- Up-to-date: /home/ros2/ros2_rc/src/install/nav2_behavior_tree/share/nav2_behavior_tree/package.xml
[19.183s] Invoked command in '/home/ros2/ros2_rc/src/build/nav2_behavior_tree' returned '0': CMAKE_PREFIX_PATH=/home/ros2/ros2_rc/src/install/nav2_util:/home/ros2/ros2_rc/src/install/nav2_msgs:/home/ros2/ros2_rc/src/install/nav2_common:/home/ros2/ros2_rc/src/install/nav2_system_tests:/home/ros2/ros2_rc/src/install/nav2_bringup:/home/ros2/ros2_rc/src/install/navigation2:/home/ros2/ros2_rc/src/install/nav2_smoother:/home/ros2/ros2_rc/src/install/nav2_graceful_controller:/home/ros2/ros2_rc/src/install/nav2_dwb_controller:/home/ros2/ros2_rc/src/install/dwb_plugins:/home/ros2/ros2_rc/src/install/dwb_critics:/home/ros2/ros2_rc/src/install/nav2_waypoint_follower:/home/ros2/ros2_rc/src/install/nav2_theta_star_planner:/home/ros2/ros2_rc/src/install/nav2_smac_planner:/home/ros2/ros2_rc/src/install/nav2_rotation_shim_controller:/home/ros2/ros2_rc/src/install/nav2_mppi_controller:/home/ros2/ros2_rc/src/install/smartcar_msgs:/home/ros2/ros2_rc/src/install/smart_car:/home/ros2/ros2_rc/src/install/ros2_rc:/home/ros2/ros2_rc/src/install/nav2_controller:/home/ros2/ros2_rc/src/install/dwb_core:/home/ros2/ros2_rc/src/install/nav_2d_utils:/home/ros2/ros2_rc/src/install/dwb_msgs:/home/ros2/ros2_rc/src/install/nav_2d_msgs:/home/ros2/ros2_rc/src/install/nav2_regulated_pure_pursuit_controller:/home/ros2/ros2_rc/src/install/nav2_planner:/home/ros2/ros2_rc/src/install/nav2_navfn_planner:/home/ros2/ros2_rc/src/install/nav2_constrained_smoother:/home/ros2/ros2_rc/src/install/nav2_bt_navigator:/home/ros2/ros2_rc/src/install/nav2_behaviors:/home/ros2/ros2_rc/src/install/nav2_core:/home/ros2/ros2_rc/src/install/nav2_collision_monitor:/home/ros2/ros2_rc/src/install/costmap_queue:/home/ros2/ros2_rc/src/install/nav2_costmap_2d:/home/ros2/ros2_rc/src/install/nav2_voxel_grid:/home/ros2/ros2_rc/src/install/nav2_velocity_smoother:/home/ros2/ros2_rc/src/install/nav2_rviz_plugins:/home/ros2/ros2_rc/src/install/nav2_map_server:/home/ros2/ros2_rc/src/install/nav2_lifecycle_manager:/home/ros2/ros2_rc/src/install/nav2_behavior_tree:/home/ros2/ros2_rc/src/install/nav2_amcl:/home/ros2/ros2_rc/src/install/car_gazebo_plugin:/home/ros2/ros2_rc/install/smartcar_msgs:/home/ros2/ros2_rc/install/smart_car:/home/ros2/ros2_rc/install/ros2_rc:/home/ros2/ros2_rc/install/nav2_system_tests:/home/ros2/ros2_rc/install/nav2_bringup:/home/ros2/ros2_rc/install/navigation2:/home/ros2/ros2_rc/install/nav2_smoother:/home/ros2/ros2_rc/install/nav2_graceful_controller:/home/ros2/ros2_rc/install/nav2_dwb_controller:/home/ros2/ros2_rc/install/nav2_controller:/home/ros2/ros2_rc/install/dwb_plugins:/home/ros2/ros2_rc/install/dwb_critics:/home/ros2/ros2_rc/install/dwb_core:/home/ros2/ros2_rc/install/nav_2d_utils:/home/ros2/ros2_rc/install/dwb_msgs:/home/ros2/ros2_rc/install/nav_2d_msgs:/home/ros2/ros2_rc/install/nav2_waypoint_follower:/home/ros2/ros2_rc/install/nav2_theta_star_planner:/home/ros2/ros2_rc/install/nav2_smac_planner:/home/ros2/ros2_rc/install/nav2_rotation_shim_controller:/home/ros2/ros2_rc/install/nav2_regulated_pure_pursuit_controller:/home/ros2/ros2_rc/install/nav2_planner:/home/ros2/ros2_rc/install/nav2_navfn_planner:/home/ros2/ros2_rc/install/nav2_mppi_controller:/home/ros2/ros2_rc/install/nav2_constrained_smoother:/home/ros2/ros2_rc/install/nav2_bt_navigator:/home/ros2/ros2_rc/install/nav2_behaviors:/home/ros2/ros2_rc/install/nav2_core:/home/ros2/ros2_rc/install/nav2_collision_monitor:/home/ros2/ros2_rc/install/costmap_queue:/home/ros2/ros2_rc/install/nav2_costmap_2d:/home/ros2/ros2_rc/install/nav2_voxel_grid:/home/ros2/ros2_rc/install/nav2_velocity_smoother:/home/ros2/ros2_rc/install/nav2_rviz_plugins:/home/ros2/ros2_rc/install/nav2_map_server:/home/ros2/ros2_rc/install/nav2_lifecycle_manager:/home/ros2/ros2_rc/install/nav2_behavior_tree:/home/ros2/ros2_rc/install/nav2_amcl:/home/ros2/ros2_rc/install/nav2_util:/home/ros2/ros2_rc/install/nav2_msgs:/home/ros2/ros2_rc/install/nav2_common:/home/ros2/ros2_rc/install/car_gazebo_plugin:/home/ros2/ros2_rc/src/install/nav2_simple_commander:/home/ros2/ros2_rc/install/nav2_simple_commander:/opt/ros/humble LD_LIBRARY_PATH=/home/ros2/ros2_rc/src/install/nav2_util/lib:/home/ros2/ros2_rc/src/install/nav2_msgs/lib:/home/ros2/ros2_rc/src/install/nav2_smoother/lib:/home/ros2/ros2_rc/src/install/nav2_graceful_controller/lib:/home/ros2/ros2_rc/src/install/dwb_critics/lib:/home/ros2/ros2_rc/src/install/nav2_waypoint_follower/lib:/home/ros2/ros2_rc/src/install/nav2_smac_planner/lib:/home/ros2/ros2_rc/src/install/nav2_rotation_shim_controller/lib:/home/ros2/ros2_rc/src/install/nav2_mppi_controller/lib:/home/ros2/ros2_rc/src/install/smartcar_msgs/lib:/home/ros2/ros2_rc/src/install/nav2_controller/lib:/home/ros2/ros2_rc/src/install/dwb_plugins/lib:/home/ros2/ros2_rc/src/install/dwb_core/lib:/home/ros2/ros2_rc/src/install/nav_2d_utils/lib:/home/ros2/ros2_rc/src/install/dwb_msgs/lib:/home/ros2/ros2_rc/src/install/nav_2d_msgs/lib:/home/ros2/ros2_rc/src/install/nav2_theta_star_planner/lib:/home/ros2/ros2_rc/src/install/nav2_regulated_pure_pursuit_controller/lib:/home/ros2/ros2_rc/src/install/nav2_planner/lib:/home/ros2/ros2_rc/src/install/nav2_navfn_planner/lib:/home/ros2/ros2_rc/src/install/nav2_constrained_smoother/lib:/home/ros2/ros2_rc/src/install/nav2_bt_navigator/lib:/home/ros2/ros2_rc/src/install/nav2_behaviors/lib:/home/ros2/ros2_rc/src/install/nav2_collision_monitor/lib:/home/ros2/ros2_rc/src/install/costmap_queue/lib:/home/ros2/ros2_rc/src/install/nav2_costmap_2d/lib:/home/ros2/ros2_rc/src/install/nav2_voxel_grid/lib:/home/ros2/ros2_rc/src/install/nav2_velocity_smoother/lib:/home/ros2/ros2_rc/src/install/nav2_rviz_plugins/lib:/home/ros2/ros2_rc/src/install/nav2_map_server/lib:/home/ros2/ros2_rc/src/install/nav2_lifecycle_manager/lib:/home/ros2/ros2_rc/src/install/nav2_behavior_tree/lib:/home/ros2/ros2_rc/src/install/nav2_amcl/lib:/home/ros2/ros2_rc/src/install/car_gazebo_plugin/lib:/home/ros2/ros2_rc/install/smartcar_msgs/lib:/home/ros2/ros2_rc/install/nav2_smoother/lib:/home/ros2/ros2_rc/install/nav2_graceful_controller/lib:/home/ros2/ros2_rc/install/nav2_controller/lib:/home/ros2/ros2_rc/install/dwb_plugins/lib:/home/ros2/ros2_rc/install/dwb_critics/lib:/home/ros2/ros2_rc/install/dwb_core/lib:/home/ros2/ros2_rc/install/nav_2d_utils/lib:/home/ros2/ros2_rc/install/dwb_msgs/lib:/home/ros2/ros2_rc/install/nav_2d_msgs/lib:/home/ros2/ros2_rc/install/nav2_waypoint_follower/lib:/home/ros2/ros2_rc/install/nav2_theta_star_planner/lib:/home/ros2/ros2_rc/install/nav2_smac_planner/lib:/home/ros2/ros2_rc/install/nav2_rotation_shim_controller/lib:/home/ros2/ros2_rc/install/nav2_regulated_pure_pursuit_controller/lib:/home/ros2/ros2_rc/install/nav2_planner/lib:/home/ros2/ros2_rc/install/nav2_navfn_planner/lib:/home/ros2/ros2_rc/install/nav2_mppi_controller/lib:/home/ros2/ros2_rc/install/nav2_constrained_smoother/lib:/home/ros2/ros2_rc/install/nav2_bt_navigator/lib:/home/ros2/ros2_rc/install/nav2_behaviors/lib:/home/ros2/ros2_rc/install/nav2_collision_monitor/lib:/home/ros2/ros2_rc/install/costmap_queue/lib:/home/ros2/ros2_rc/install/nav2_costmap_2d/lib:/home/ros2/ros2_rc/install/nav2_voxel_grid/lib:/home/ros2/ros2_rc/install/nav2_velocity_smoother/lib:/home/ros2/ros2_rc/install/nav2_rviz_plugins/lib:/home/ros2/ros2_rc/install/nav2_map_server/lib:/home/ros2/ros2_rc/install/nav2_lifecycle_manager/lib:/home/ros2/ros2_rc/install/nav2_behavior_tree/lib:/home/ros2/ros2_rc/install/nav2_amcl/lib:/home/ros2/ros2_rc/install/nav2_util/lib:/home/ros2/ros2_rc/install/nav2_msgs/lib:/home/ros2/ros2_rc/install/car_gazebo_plugin/lib:/usr/lib/x86_64-linux-gnu/gazebo-11/plugins:/opt/ros/humble/opt/rviz_ogre_vendor/lib:/opt/ros/humble/lib/x86_64-linux-gnu:/opt/ros/humble/lib:/usr/lib/x86_64-linux-gnu/gazebo-11/plugins /usr/bin/cmake --install /home/ros2/ros2_rc/src/build/nav2_behavior_tree
