[0.055s] Invoking command in '/home/ros2/ros2_rc/src/build/smartcar_msgs': CMAKE_PREFIX_PATH=${CMAKE_PREFIX_PATH}:/opt/ros/humble /usr/bin/cmake --build /home/ros2/ros2_rc/src/build/smartcar_msgs -- -j9 -l9
[0.159s] [  3%] Built target smartcar_msgs__cpp
[0.168s] [ 12%] Built target smartcar_msgs__rosidl_generator_c
[0.182s] [ 12%] Built target ament_cmake_python_copy_smartcar_msgs
[0.221s] [ 22%] Built target smartcar_msgs__rosidl_typesupport_introspection_c
[0.223s] [ 45%] Built target smartcar_msgs__rosidl_typesupport_c
[0.223s] [ 45%] Built target smartcar_msgs__rosidl_typesupport_introspection_cpp
[0.224s] [ 51%] Built target smartcar_msgs__rosidl_typesupport_cpp
[0.243s] [ 61%] Built target smartcar_msgs__rosidl_typesupport_fastrtps_cpp
[0.243s] [ 70%] Built target smartcar_msgs__rosidl_typesupport_fastrtps_c
[0.295s] [ 70%] Built target smartcar_msgs
[0.348s] [ 74%] Built target smartcar_msgs__py
[0.399s] [ 80%] Built target smartcar_msgs__rosidl_generator_py
[0.454s] [ 87%] Built target smartcar_msgs__rosidl_typesupport_introspection_c__pyext
[0.454s] [ 93%] Built target smartcar_msgs__rosidl_typesupport_fastrtps_c__pyext
[0.457s] [100%] Built target smartcar_msgs__rosidl_typesupport_c__pyext
[0.761s] running egg_info
[0.764s] writing smartcar_msgs.egg-info/PKG-INFO
[0.765s] writing dependency_links to smartcar_msgs.egg-info/dependency_links.txt
[0.768s] writing top-level names to smartcar_msgs.egg-info/top_level.txt
[0.772s] reading manifest file 'smartcar_msgs.egg-info/SOURCES.txt'
[0.773s] writing manifest file 'smartcar_msgs.egg-info/SOURCES.txt'
[0.854s] [100%] Built target ament_cmake_python_build_smartcar_msgs_egg
[0.876s] Invoked command in '/home/ros2/ros2_rc/src/build/smartcar_msgs' returned '0': CMAKE_PREFIX_PATH=${CMAKE_PREFIX_PATH}:/opt/ros/humble /usr/bin/cmake --build /home/ros2/ros2_rc/src/build/smartcar_msgs -- -j9 -l9
[1.012s] Invoking command in '/home/ros2/ros2_rc/src/build/smartcar_msgs': CMAKE_PREFIX_PATH=${CMAKE_PREFIX_PATH}:/opt/ros/humble /usr/bin/cmake --install /home/ros2/ros2_rc/src/build/smartcar_msgs
[1.028s] -- Install configuration: ""
[1.029s] -- Up-to-date: /home/ros2/ros2_rc/src/install/smartcar_msgs/share/ament_index/resource_index/rosidl_interfaces/smartcar_msgs
[1.029s] -- Up-to-date: /home/ros2/ros2_rc/src/install/smartcar_msgs/include/smartcar_msgs/smartcar_msgs
[1.029s] -- Up-to-date: /home/ros2/ros2_rc/src/install/smartcar_msgs/include/smartcar_msgs/smartcar_msgs/msg
[1.029s] -- Up-to-date: /home/ros2/ros2_rc/src/install/smartcar_msgs/include/smartcar_msgs/smartcar_msgs/msg/status.h
[1.029s] -- Up-to-date: /home/ros2/ros2_rc/src/install/smartcar_msgs/include/smartcar_msgs/smartcar_msgs/msg/rosidl_generator_c__visibility_control.h
[1.030s] -- Up-to-date: /home/ros2/ros2_rc/src/install/smartcar_msgs/include/smartcar_msgs/smartcar_msgs/msg/detail
[1.030s] -- Up-to-date: /home/ros2/ros2_rc/src/install/smartcar_msgs/include/smartcar_msgs/smartcar_msgs/msg/detail/status__type_support.h
[1.030s] -- Up-to-date: /home/ros2/ros2_rc/src/install/smartcar_msgs/include/smartcar_msgs/smartcar_msgs/msg/detail/status__functions.h
[1.030s] -- Up-to-date: /home/ros2/ros2_rc/src/install/smartcar_msgs/include/smartcar_msgs/smartcar_msgs/msg/detail/status__struct.h
[1.031s] -- Up-to-date: /home/ros2/ros2_rc/src/install/smartcar_msgs/include/smartcar_msgs/smartcar_msgs/msg/detail/status__functions.c
[1.031s] -- Up-to-date: /home/ros2/ros2_rc/src/install/smartcar_msgs/share/smartcar_msgs/environment/library_path.sh
[1.031s] -- Up-to-date: /home/ros2/ros2_rc/src/install/smartcar_msgs/share/smartcar_msgs/environment/library_path.dsv
[1.031s] -- Up-to-date: /home/ros2/ros2_rc/src/install/smartcar_msgs/lib/libsmartcar_msgs__rosidl_generator_c.so
[1.031s] -- Up-to-date: /home/ros2/ros2_rc/src/install/smartcar_msgs/include/smartcar_msgs/smartcar_msgs
[1.031s] -- Up-to-date: /home/ros2/ros2_rc/src/install/smartcar_msgs/include/smartcar_msgs/smartcar_msgs/msg
[1.032s] -- Up-to-date: /home/ros2/ros2_rc/src/install/smartcar_msgs/include/smartcar_msgs/smartcar_msgs/msg/rosidl_typesupport_fastrtps_c__visibility_control.h
[1.032s] -- Up-to-date: /home/ros2/ros2_rc/src/install/smartcar_msgs/include/smartcar_msgs/smartcar_msgs/msg/detail
[1.032s] -- Up-to-date: /home/ros2/ros2_rc/src/install/smartcar_msgs/include/smartcar_msgs/smartcar_msgs/msg/detail/status__rosidl_typesupport_fastrtps_c.h
[1.032s] -- Up-to-date: /home/ros2/ros2_rc/src/install/smartcar_msgs/lib/libsmartcar_msgs__rosidl_typesupport_fastrtps_c.so
[1.032s] -- Up-to-date: /home/ros2/ros2_rc/src/install/smartcar_msgs/include/smartcar_msgs/smartcar_msgs
[1.032s] -- Up-to-date: /home/ros2/ros2_rc/src/install/smartcar_msgs/include/smartcar_msgs/smartcar_msgs/msg
[1.032s] -- Up-to-date: /home/ros2/ros2_rc/src/install/smartcar_msgs/include/smartcar_msgs/smartcar_msgs/msg/detail
[1.033s] -- Up-to-date: /home/ros2/ros2_rc/src/install/smartcar_msgs/include/smartcar_msgs/smartcar_msgs/msg/detail/status__type_support.c
[1.033s] -- Up-to-date: /home/ros2/ros2_rc/src/install/smartcar_msgs/include/smartcar_msgs/smartcar_msgs/msg/detail/status__rosidl_typesupport_introspection_c.h
[1.034s] -- Up-to-date: /home/ros2/ros2_rc/src/install/smartcar_msgs/include/smartcar_msgs/smartcar_msgs/msg/rosidl_typesupport_introspection_c__visibility_control.h
[1.034s] -- Up-to-date: /home/ros2/ros2_rc/src/install/smartcar_msgs/lib/libsmartcar_msgs__rosidl_typesupport_introspection_c.so
[1.034s] -- Up-to-date: /home/ros2/ros2_rc/src/install/smartcar_msgs/lib/libsmartcar_msgs__rosidl_typesupport_c.so
[1.034s] -- Up-to-date: /home/ros2/ros2_rc/src/install/smartcar_msgs/include/smartcar_msgs/smartcar_msgs
[1.035s] -- Up-to-date: /home/ros2/ros2_rc/src/install/smartcar_msgs/include/smartcar_msgs/smartcar_msgs/msg
[1.035s] -- Up-to-date: /home/ros2/ros2_rc/src/install/smartcar_msgs/include/smartcar_msgs/smartcar_msgs/msg/detail
[1.035s] -- Up-to-date: /home/ros2/ros2_rc/src/install/smartcar_msgs/include/smartcar_msgs/smartcar_msgs/msg/detail/status__traits.hpp
[1.036s] -- Up-to-date: /home/ros2/ros2_rc/src/install/smartcar_msgs/include/smartcar_msgs/smartcar_msgs/msg/detail/status__struct.hpp
[1.036s] -- Up-to-date: /home/ros2/ros2_rc/src/install/smartcar_msgs/include/smartcar_msgs/smartcar_msgs/msg/detail/status__builder.hpp
[1.036s] -- Up-to-date: /home/ros2/ros2_rc/src/install/smartcar_msgs/include/smartcar_msgs/smartcar_msgs/msg/status.hpp
[1.036s] -- Up-to-date: /home/ros2/ros2_rc/src/install/smartcar_msgs/include/smartcar_msgs/smartcar_msgs
[1.037s] -- Up-to-date: /home/ros2/ros2_rc/src/install/smartcar_msgs/include/smartcar_msgs/smartcar_msgs/msg
[1.037s] -- Up-to-date: /home/ros2/ros2_rc/src/install/smartcar_msgs/include/smartcar_msgs/smartcar_msgs/msg/rosidl_typesupport_fastrtps_cpp__visibility_control.h
[1.037s] -- Up-to-date: /home/ros2/ros2_rc/src/install/smartcar_msgs/include/smartcar_msgs/smartcar_msgs/msg/detail
[1.037s] -- Up-to-date: /home/ros2/ros2_rc/src/install/smartcar_msgs/include/smartcar_msgs/smartcar_msgs/msg/detail/status__rosidl_typesupport_fastrtps_cpp.hpp
[1.037s] -- Up-to-date: /home/ros2/ros2_rc/src/install/smartcar_msgs/include/smartcar_msgs/smartcar_msgs/msg/detail/dds_fastrtps
[1.037s] -- Up-to-date: /home/ros2/ros2_rc/src/install/smartcar_msgs/lib/libsmartcar_msgs__rosidl_typesupport_fastrtps_cpp.so
[1.037s] -- Up-to-date: /home/ros2/ros2_rc/src/install/smartcar_msgs/include/smartcar_msgs/smartcar_msgs
[1.038s] -- Up-to-date: /home/ros2/ros2_rc/src/install/smartcar_msgs/include/smartcar_msgs/smartcar_msgs/msg
[1.038s] -- Up-to-date: /home/ros2/ros2_rc/src/install/smartcar_msgs/include/smartcar_msgs/smartcar_msgs/msg/detail
[1.038s] -- Up-to-date: /home/ros2/ros2_rc/src/install/smartcar_msgs/include/smartcar_msgs/smartcar_msgs/msg/detail/status__type_support.cpp
[1.038s] -- Up-to-date: /home/ros2/ros2_rc/src/install/smartcar_msgs/include/smartcar_msgs/smartcar_msgs/msg/detail/status__rosidl_typesupport_introspection_cpp.hpp
[1.038s] -- Up-to-date: /home/ros2/ros2_rc/src/install/smartcar_msgs/lib/libsmartcar_msgs__rosidl_typesupport_introspection_cpp.so
[1.038s] -- Up-to-date: /home/ros2/ros2_rc/src/install/smartcar_msgs/lib/libsmartcar_msgs__rosidl_typesupport_cpp.so
[1.039s] -- Up-to-date: /home/ros2/ros2_rc/src/install/smartcar_msgs/share/smartcar_msgs/environment/pythonpath.sh
[1.039s] -- Up-to-date: /home/ros2/ros2_rc/src/install/smartcar_msgs/share/smartcar_msgs/environment/pythonpath.dsv
[1.039s] -- Up-to-date: /home/ros2/ros2_rc/src/install/smartcar_msgs/local/lib/python3.10/dist-packages/smartcar_msgs-0.0.0-py3.10.egg-info
[1.039s] -- Installing: /home/ros2/ros2_rc/src/install/smartcar_msgs/local/lib/python3.10/dist-packages/smartcar_msgs-0.0.0-py3.10.egg-info/SOURCES.txt
[1.039s] -- Installing: /home/ros2/ros2_rc/src/install/smartcar_msgs/local/lib/python3.10/dist-packages/smartcar_msgs-0.0.0-py3.10.egg-info/PKG-INFO
[1.039s] -- Installing: /home/ros2/ros2_rc/src/install/smartcar_msgs/local/lib/python3.10/dist-packages/smartcar_msgs-0.0.0-py3.10.egg-info/top_level.txt
[1.039s] -- Installing: /home/ros2/ros2_rc/src/install/smartcar_msgs/local/lib/python3.10/dist-packages/smartcar_msgs-0.0.0-py3.10.egg-info/dependency_links.txt
[1.039s] -- Up-to-date: /home/ros2/ros2_rc/src/install/smartcar_msgs/local/lib/python3.10/dist-packages/smartcar_msgs
[1.040s] -- Up-to-date: /home/ros2/ros2_rc/src/install/smartcar_msgs/local/lib/python3.10/dist-packages/smartcar_msgs/__init__.py
[1.040s] -- Up-to-date: /home/ros2/ros2_rc/src/install/smartcar_msgs/local/lib/python3.10/dist-packages/smartcar_msgs/libsmartcar_msgs__rosidl_generator_py.so
[1.040s] -- Up-to-date: /home/ros2/ros2_rc/src/install/smartcar_msgs/local/lib/python3.10/dist-packages/smartcar_msgs/smartcar_msgs_s__rosidl_typesupport_introspection_c.cpython-310-x86_64-linux-gnu.so
[1.040s] -- Up-to-date: /home/ros2/ros2_rc/src/install/smartcar_msgs/local/lib/python3.10/dist-packages/smartcar_msgs/_smartcar_msgs_s.ep.rosidl_typesupport_c.c
[1.040s] -- Up-to-date: /home/ros2/ros2_rc/src/install/smartcar_msgs/local/lib/python3.10/dist-packages/smartcar_msgs/_smartcar_msgs_s.ep.rosidl_typesupport_fastrtps_c.c
[1.040s] -- Up-to-date: /home/ros2/ros2_rc/src/install/smartcar_msgs/local/lib/python3.10/dist-packages/smartcar_msgs/smartcar_msgs_s__rosidl_typesupport_fastrtps_c.cpython-310-x86_64-linux-gnu.so
[1.041s] -- Up-to-date: /home/ros2/ros2_rc/src/install/smartcar_msgs/local/lib/python3.10/dist-packages/smartcar_msgs/smartcar_msgs_s__rosidl_typesupport_c.cpython-310-x86_64-linux-gnu.so
[1.041s] -- Up-to-date: /home/ros2/ros2_rc/src/install/smartcar_msgs/local/lib/python3.10/dist-packages/smartcar_msgs/_smartcar_msgs_s.ep.rosidl_typesupport_introspection_c.c
[1.041s] -- Up-to-date: /home/ros2/ros2_rc/src/install/smartcar_msgs/local/lib/python3.10/dist-packages/smartcar_msgs/msg
[1.041s] -- Up-to-date: /home/ros2/ros2_rc/src/install/smartcar_msgs/local/lib/python3.10/dist-packages/smartcar_msgs/msg/__init__.py
[1.041s] -- Up-to-date: /home/ros2/ros2_rc/src/install/smartcar_msgs/local/lib/python3.10/dist-packages/smartcar_msgs/msg/_status_s.c
[1.041s] -- Up-to-date: /home/ros2/ros2_rc/src/install/smartcar_msgs/local/lib/python3.10/dist-packages/smartcar_msgs/msg/_status.py
[1.103s] Listing '/home/ros2/ros2_rc/src/install/smartcar_msgs/local/lib/python3.10/dist-packages/smartcar_msgs'...
[1.103s] Listing '/home/ros2/ros2_rc/src/install/smartcar_msgs/local/lib/python3.10/dist-packages/smartcar_msgs/msg'...
[1.124s] -- Up-to-date: /home/ros2/ros2_rc/src/install/smartcar_msgs/local/lib/python3.10/dist-packages/smartcar_msgs/smartcar_msgs_s__rosidl_typesupport_fastrtps_c.cpython-310-x86_64-linux-gnu.so
[1.124s] -- Up-to-date: /home/ros2/ros2_rc/src/install/smartcar_msgs/local/lib/python3.10/dist-packages/smartcar_msgs/smartcar_msgs_s__rosidl_typesupport_introspection_c.cpython-310-x86_64-linux-gnu.so
[1.125s] -- Up-to-date: /home/ros2/ros2_rc/src/install/smartcar_msgs/local/lib/python3.10/dist-packages/smartcar_msgs/smartcar_msgs_s__rosidl_typesupport_c.cpython-310-x86_64-linux-gnu.so
[1.126s] -- Up-to-date: /home/ros2/ros2_rc/src/install/smartcar_msgs/lib/libsmartcar_msgs__rosidl_generator_py.so
[1.126s] -- Up-to-date: /home/ros2/ros2_rc/src/install/smartcar_msgs/share/smartcar_msgs/msg/Status.idl
[1.127s] -- Up-to-date: /home/ros2/ros2_rc/src/install/smartcar_msgs/share/smartcar_msgs/msg/Status.msg
[1.127s] -- Up-to-date: /home/ros2/ros2_rc/src/install/smartcar_msgs/share/ament_index/resource_index/package_run_dependencies/smartcar_msgs
[1.127s] -- Up-to-date: /home/ros2/ros2_rc/src/install/smartcar_msgs/share/ament_index/resource_index/parent_prefix_path/smartcar_msgs
[1.127s] -- Up-to-date: /home/ros2/ros2_rc/src/install/smartcar_msgs/share/smartcar_msgs/environment/ament_prefix_path.sh
[1.127s] -- Up-to-date: /home/ros2/ros2_rc/src/install/smartcar_msgs/share/smartcar_msgs/environment/ament_prefix_path.dsv
[1.127s] -- Up-to-date: /home/ros2/ros2_rc/src/install/smartcar_msgs/share/smartcar_msgs/environment/path.sh
[1.128s] -- Up-to-date: /home/ros2/ros2_rc/src/install/smartcar_msgs/share/smartcar_msgs/environment/path.dsv
[1.128s] -- Up-to-date: /home/ros2/ros2_rc/src/install/smartcar_msgs/share/smartcar_msgs/local_setup.bash
[1.128s] -- Up-to-date: /home/ros2/ros2_rc/src/install/smartcar_msgs/share/smartcar_msgs/local_setup.sh
[1.128s] -- Up-to-date: /home/ros2/ros2_rc/src/install/smartcar_msgs/share/smartcar_msgs/local_setup.zsh
[1.128s] -- Up-to-date: /home/ros2/ros2_rc/src/install/smartcar_msgs/share/smartcar_msgs/local_setup.dsv
[1.128s] -- Installing: /home/ros2/ros2_rc/src/install/smartcar_msgs/share/smartcar_msgs/package.dsv
[1.129s] -- Up-to-date: /home/ros2/ros2_rc/src/install/smartcar_msgs/share/ament_index/resource_index/packages/smartcar_msgs
[1.129s] -- Up-to-date: /home/ros2/ros2_rc/src/install/smartcar_msgs/share/smartcar_msgs/cmake/export_smartcar_msgs__rosidl_generator_cExport.cmake
[1.129s] -- Up-to-date: /home/ros2/ros2_rc/src/install/smartcar_msgs/share/smartcar_msgs/cmake/export_smartcar_msgs__rosidl_generator_cExport-noconfig.cmake
[1.129s] -- Up-to-date: /home/ros2/ros2_rc/src/install/smartcar_msgs/share/smartcar_msgs/cmake/export_smartcar_msgs__rosidl_typesupport_fastrtps_cExport.cmake
[1.129s] -- Up-to-date: /home/ros2/ros2_rc/src/install/smartcar_msgs/share/smartcar_msgs/cmake/export_smartcar_msgs__rosidl_typesupport_fastrtps_cExport-noconfig.cmake
[1.129s] -- Up-to-date: /home/ros2/ros2_rc/src/install/smartcar_msgs/share/smartcar_msgs/cmake/smartcar_msgs__rosidl_typesupport_introspection_cExport.cmake
[1.129s] -- Up-to-date: /home/ros2/ros2_rc/src/install/smartcar_msgs/share/smartcar_msgs/cmake/smartcar_msgs__rosidl_typesupport_introspection_cExport-noconfig.cmake
[1.130s] -- Up-to-date: /home/ros2/ros2_rc/src/install/smartcar_msgs/share/smartcar_msgs/cmake/smartcar_msgs__rosidl_typesupport_cExport.cmake
[1.130s] -- Up-to-date: /home/ros2/ros2_rc/src/install/smartcar_msgs/share/smartcar_msgs/cmake/smartcar_msgs__rosidl_typesupport_cExport-noconfig.cmake
[1.130s] -- Up-to-date: /home/ros2/ros2_rc/src/install/smartcar_msgs/share/smartcar_msgs/cmake/export_smartcar_msgs__rosidl_generator_cppExport.cmake
[1.130s] -- Up-to-date: /home/ros2/ros2_rc/src/install/smartcar_msgs/share/smartcar_msgs/cmake/export_smartcar_msgs__rosidl_typesupport_fastrtps_cppExport.cmake
[1.130s] -- Up-to-date: /home/ros2/ros2_rc/src/install/smartcar_msgs/share/smartcar_msgs/cmake/export_smartcar_msgs__rosidl_typesupport_fastrtps_cppExport-noconfig.cmake
[1.130s] -- Up-to-date: /home/ros2/ros2_rc/src/install/smartcar_msgs/share/smartcar_msgs/cmake/smartcar_msgs__rosidl_typesupport_introspection_cppExport.cmake
[1.130s] -- Up-to-date: /home/ros2/ros2_rc/src/install/smartcar_msgs/share/smartcar_msgs/cmake/smartcar_msgs__rosidl_typesupport_introspection_cppExport-noconfig.cmake
[1.130s] -- Up-to-date: /home/ros2/ros2_rc/src/install/smartcar_msgs/share/smartcar_msgs/cmake/smartcar_msgs__rosidl_typesupport_cppExport.cmake
[1.130s] -- Up-to-date: /home/ros2/ros2_rc/src/install/smartcar_msgs/share/smartcar_msgs/cmake/smartcar_msgs__rosidl_typesupport_cppExport-noconfig.cmake
[1.130s] -- Up-to-date: /home/ros2/ros2_rc/src/install/smartcar_msgs/share/smartcar_msgs/cmake/export_smartcar_msgs__rosidl_generator_pyExport.cmake
[1.130s] -- Up-to-date: /home/ros2/ros2_rc/src/install/smartcar_msgs/share/smartcar_msgs/cmake/export_smartcar_msgs__rosidl_generator_pyExport-noconfig.cmake
[1.130s] -- Up-to-date: /home/ros2/ros2_rc/src/install/smartcar_msgs/share/smartcar_msgs/cmake/rosidl_cmake-extras.cmake
[1.131s] -- Up-to-date: /home/ros2/ros2_rc/src/install/smartcar_msgs/share/smartcar_msgs/cmake/ament_cmake_export_include_directories-extras.cmake
[1.131s] -- Up-to-date: /home/ros2/ros2_rc/src/install/smartcar_msgs/share/smartcar_msgs/cmake/ament_cmake_export_libraries-extras.cmake
[1.131s] -- Up-to-date: /home/ros2/ros2_rc/src/install/smartcar_msgs/share/smartcar_msgs/cmake/ament_cmake_export_targets-extras.cmake
[1.131s] -- Up-to-date: /home/ros2/ros2_rc/src/install/smartcar_msgs/share/smartcar_msgs/cmake/rosidl_cmake_export_typesupport_targets-extras.cmake
[1.131s] -- Up-to-date: /home/ros2/ros2_rc/src/install/smartcar_msgs/share/smartcar_msgs/cmake/ament_cmake_export_dependencies-extras.cmake
[1.131s] -- Up-to-date: /home/ros2/ros2_rc/src/install/smartcar_msgs/share/smartcar_msgs/cmake/rosidl_cmake_export_typesupport_libraries-extras.cmake
[1.131s] -- Up-to-date: /home/ros2/ros2_rc/src/install/smartcar_msgs/share/smartcar_msgs/cmake/smartcar_msgsConfig.cmake
[1.131s] -- Up-to-date: /home/ros2/ros2_rc/src/install/smartcar_msgs/share/smartcar_msgs/cmake/smartcar_msgsConfig-version.cmake
[1.131s] -- Up-to-date: /home/ros2/ros2_rc/src/install/smartcar_msgs/share/smartcar_msgs/package.xml
[1.137s] Invoked command in '/home/ros2/ros2_rc/src/build/smartcar_msgs' returned '0': CMAKE_PREFIX_PATH=${CMAKE_PREFIX_PATH}:/opt/ros/humble /usr/bin/cmake --install /home/ros2/ros2_rc/src/build/smartcar_msgs
