[35m[1mConsolidate compiler generated dependencies of target gtest[0m
[35m[1mConsolidate compiler generated dependencies of target gtest_main[0m
[  2%] Built target gtest_main
[  4%] Built target gtest
[35m[1mConsolidate compiler generated dependencies of target nav2_costmap_2d_core[0m
[ 21%] Built target nav2_costmap_2d_core
[35m[1mConsolidate compiler generated dependencies of target nav2_costmap_2d_markers[0m
[35m[1mConsolidate compiler generated dependencies of target nav2_costmap_2d_cloud[0m
[35m[1mConsolidate compiler generated dependencies of target nav2_costmap_2d_client[0m
[ 23%] [32mBuilding CXX object test/unit/CMakeFiles/declare_parameter_test.dir/declare_parameter_test.cpp.o[0m
[ 24%] [32mBuilding CXX object CMakeFiles/filters.dir/plugins/costmap_filters/keepout_filter.cpp.o[0m
[ 26%] Built target nav2_costmap_2d_markers
[ 28%] [32mBuilding CXX object CMakeFiles/layers.dir/plugins/inflation_layer.cpp.o[0m
[ 30%] [32mBuilding CXX object test/unit/CMakeFiles/array_parser_test.dir/array_parser_test.cpp.o[0m
[ 31%] [32mBuilding CXX object test/unit/CMakeFiles/costmap_convesion_test.dir/costmap_conversion_test.cpp.o[0m
[ 29%] [32mBuilding CXX object test/unit/CMakeFiles/collision_footprint_test.dir/footprint_collision_checker_test.cpp.o[0m
[ 34%] Built target nav2_costmap_2d_cloud
[ 39%] Built target nav2_costmap_2d_client
[ 40%] [32mBuilding CXX object test/unit/CMakeFiles/costmap_filter_test.dir/costmap_filter_test.cpp.o[0m
[ 41%] [32mBuilding CXX object test/unit/CMakeFiles/copy_window_test.dir/copy_window_test.cpp.o[0m
[ 42%] [32mBuilding CXX object test/unit/CMakeFiles/costmap_filter_service_test.dir/costmap_filter_service_test.cpp.o[0m
[ 43%] [32m[1mLinking CXX executable array_parser_test[0m
[ 43%] Built target array_parser_test
[ 45%] [32mBuilding CXX object test/integration/CMakeFiles/dyn_params_tests.dir/dyn_params_tests.cpp.o[0m
[ 46%] [32m[1mLinking CXX executable costmap_convesion_test[0m
[ 47%] [32m[1mLinking CXX executable copy_window_test[0m
[ 48%] [32m[1mLinking CXX executable costmap_filter_test[0m
[ 48%] Built target costmap_convesion_test
[ 50%] [32mBuilding CXX object test/regression/CMakeFiles/costmap_bresenham_2d.dir/costmap_bresenham_2d.cpp.o[0m
[ 51%] [32m[1mLinking CXX executable collision_footprint_test[0m
[ 51%] Built target costmap_filter_test
[ 51%] Built target copy_window_test
[ 52%] [32mBuilding CXX object CMakeFiles/filters.dir/plugins/costmap_filters/speed_filter.cpp.o[0m
[ 53%] [32m[1mLinking CXX executable declare_parameter_test[0m
[35m[1mConsolidate compiler generated dependencies of target order_layer[0m
[ 56%] Built target order_layer
[ 57%] [32mBuilding CXX object test/regression/CMakeFiles/plugin_api_order.dir/plugin_api_order.cpp.o[0m
[ 58%] [32mBuilding CXX object CMakeFiles/layers.dir/plugins/static_layer.cpp.o[0m
[ 58%] Built target collision_footprint_test
[ 59%] [32mBuilding CXX object CMakeFiles/filters.dir/plugins/costmap_filters/binary_filter.cpp.o[0m
[ 59%] Built target declare_parameter_test
[ 60%] [32m[1mLinking CXX executable costmap_bresenham_2d[0m
[ 62%] [32m[1mLinking CXX executable costmap_filter_service_test[0m
[ 62%] Built target costmap_bresenham_2d
[ 62%] Built target costmap_filter_service_test
[ 63%] [32m[1mLinking CXX executable dyn_params_tests[0m
[ 63%] Built target dyn_params_tests
[ 64%] [32m[1mLinking CXX executable plugin_api_order[0m
[ 64%] Built target plugin_api_order
[ 65%] [32mBuilding CXX object CMakeFiles/layers.dir/plugins/denoise_layer.cpp.o[0m
[ 67%] [32mBuilding CXX object CMakeFiles/layers.dir/plugins/range_sensor_layer.cpp.o[0m
[ 68%] [32mBuilding CXX object CMakeFiles/layers.dir/plugins/voxel_layer.cpp.o[0m
[ 69%] [32m[1mLinking CXX shared library libfilters.so[0m
[ 69%] Built target filters
[ 71%] [32mBuilding CXX object CMakeFiles/layers.dir/src/observation_buffer.cpp.o[0m
[ 71%] [32mBuilding CXX object CMakeFiles/layers.dir/plugins/obstacle_layer.cpp.o[0m
[ 73%] [32m[1mLinking CXX shared library liblayers.so[0m
[ 73%] Built target layers
[ 75%] [32mBuilding CXX object test/unit/CMakeFiles/keepout_filter_test.dir/keepout_filter_test.cpp.o[0m
[ 75%] [32mBuilding CXX object test/unit/CMakeFiles/speed_filter_test.dir/speed_filter_test.cpp.o[0m
[ 78%] [32mBuilding CXX object test/unit/CMakeFiles/denoise_layer_test.dir/denoise_layer_test.cpp.o[0m
[ 78%] [32mBuilding CXX object CMakeFiles/nav2_costmap_2d.dir/src/costmap_2d_node.cpp.o[0m
[ 80%] [32mBuilding CXX object test/unit/CMakeFiles/binary_filter_test.dir/binary_filter_test.cpp.o[0m
[ 80%] [32mBuilding CXX object test/integration/CMakeFiles/test_collision_checker_exec.dir/test_costmap_topic_collision_checker.cpp.o[0m
[ 81%] [32mBuilding CXX object test/integration/CMakeFiles/inflation_tests_exec.dir/inflation_tests.cpp.o[0m
[ 82%] [32mBuilding CXX object test/integration/CMakeFiles/footprint_tests_exec.dir/footprint_tests.cpp.o[0m
[ 84%] [32mBuilding CXX object test/integration/CMakeFiles/obstacle_tests_exec.dir/obstacle_tests.cpp.o[0m
[ 85%] [32m[1mLinking CXX executable nav2_costmap_2d[0m
[ 86%] [32m[1mLinking CXX executable footprint_tests_exec[0m
[ 86%] Built target nav2_costmap_2d
[ 87%] [32mBuilding CXX object test/integration/CMakeFiles/range_tests_exec.dir/range_tests.cpp.o[0m
[ 87%] Built target footprint_tests_exec
[ 89%] [32mBuilding CXX object test/unit/CMakeFiles/denoise_layer_test.dir/image_test.cpp.o[0m
[ 90%] [32mBuilding CXX object test/unit/CMakeFiles/denoise_layer_test.dir/image_processing_test.cpp.o[0m
[ 91%] [32m[1mLinking CXX executable keepout_filter_test[0m
[ 91%] Built target keepout_filter_test
[ 92%] [32m[1mLinking CXX executable denoise_layer_test[0m
[ 93%] [32m[1mLinking CXX executable test_collision_checker_exec[0m
[ 93%] Built target denoise_layer_test
[ 95%] [32m[1mLinking CXX executable obstacle_tests_exec[0m
[ 95%] Built target test_collision_checker_exec
[ 96%] [32m[1mLinking CXX executable inflation_tests_exec[0m
[ 96%] Built target obstacle_tests_exec
[ 96%] Built target inflation_tests_exec
[ 97%] [32m[1mLinking CXX executable binary_filter_test[0m
[ 98%] [32m[1mLinking CXX executable range_tests_exec[0m
[100%] [32m[1mLinking CXX executable speed_filter_test[0m
[100%] Built target binary_filter_test
[100%] Built target range_tests_exec
[100%] Built target speed_filter_test
-- Install configuration: "Release"
-- Installing: /home/ros2/ros2_rc/src/install/nav2_costmap_2d/lib/liblayers.so
-- Set runtime path of "/home/ros2/ros2_rc/src/install/nav2_costmap_2d/lib/liblayers.so" to ""
-- Installing: /home/ros2/ros2_rc/src/install/nav2_costmap_2d/lib/libfilters.so
-- Set runtime path of "/home/ros2/ros2_rc/src/install/nav2_costmap_2d/lib/libfilters.so" to ""
-- Installing: /home/ros2/ros2_rc/src/install/nav2_costmap_2d/lib/libnav2_costmap_2d_core.so
-- Set runtime path of "/home/ros2/ros2_rc/src/install/nav2_costmap_2d/lib/libnav2_costmap_2d_core.so" to ""
-- Installing: /home/ros2/ros2_rc/src/install/nav2_costmap_2d/lib/libnav2_costmap_2d_client.so
-- Set runtime path of "/home/ros2/ros2_rc/src/install/nav2_costmap_2d/lib/libnav2_costmap_2d_client.so" to ""
-- Installing: /home/ros2/ros2_rc/src/install/nav2_costmap_2d/lib/nav2_costmap_2d/nav2_costmap_2d_markers
-- Set runtime path of "/home/ros2/ros2_rc/src/install/nav2_costmap_2d/lib/nav2_costmap_2d/nav2_costmap_2d_markers" to ""
-- Installing: /home/ros2/ros2_rc/src/install/nav2_costmap_2d/lib/nav2_costmap_2d/nav2_costmap_2d_cloud
-- Set runtime path of "/home/ros2/ros2_rc/src/install/nav2_costmap_2d/lib/nav2_costmap_2d/nav2_costmap_2d_cloud" to ""
-- Installing: /home/ros2/ros2_rc/src/install/nav2_costmap_2d/lib/nav2_costmap_2d/nav2_costmap_2d
-- Set runtime path of "/home/ros2/ros2_rc/src/install/nav2_costmap_2d/lib/nav2_costmap_2d/nav2_costmap_2d" to ""
-- Installing: /home/ros2/ros2_rc/src/install/nav2_costmap_2d/share/nav2_costmap_2d/costmap_plugins.xml
-- Installing: /home/ros2/ros2_rc/src/install/nav2_costmap_2d/include/nav2_costmap_2d
-- Installing: /home/ros2/ros2_rc/src/install/nav2_costmap_2d/include/nav2_costmap_2d/nav2_costmap_2d
-- Installing: /home/ros2/ros2_rc/src/install/nav2_costmap_2d/include/nav2_costmap_2d/nav2_costmap_2d/footprint.hpp
-- Installing: /home/ros2/ros2_rc/src/install/nav2_costmap_2d/include/nav2_costmap_2d/nav2_costmap_2d/costmap_2d.hpp
-- Installing: /home/ros2/ros2_rc/src/install/nav2_costmap_2d/include/nav2_costmap_2d/nav2_costmap_2d/array_parser.hpp
-- Installing: /home/ros2/ros2_rc/src/install/nav2_costmap_2d/include/nav2_costmap_2d/nav2_costmap_2d/layered_costmap.hpp
-- Installing: /home/ros2/ros2_rc/src/install/nav2_costmap_2d/include/nav2_costmap_2d/nav2_costmap_2d/inflation_layer.hpp
-- Installing: /home/ros2/ros2_rc/src/install/nav2_costmap_2d/include/nav2_costmap_2d/nav2_costmap_2d/voxel_layer.hpp
-- Installing: /home/ros2/ros2_rc/src/install/nav2_costmap_2d/include/nav2_costmap_2d/nav2_costmap_2d/layer.hpp
-- Installing: /home/ros2/ros2_rc/src/install/nav2_costmap_2d/include/nav2_costmap_2d/nav2_costmap_2d/footprint_collision_checker.hpp
-- Installing: /home/ros2/ros2_rc/src/install/nav2_costmap_2d/include/nav2_costmap_2d/nav2_costmap_2d/costmap_subscriber.hpp
-- Installing: /home/ros2/ros2_rc/src/install/nav2_costmap_2d/include/nav2_costmap_2d/nav2_costmap_2d/observation.hpp
-- Installing: /home/ros2/ros2_rc/src/install/nav2_costmap_2d/include/nav2_costmap_2d/nav2_costmap_2d/costmap_2d_ros.hpp
-- Installing: /home/ros2/ros2_rc/src/install/nav2_costmap_2d/include/nav2_costmap_2d/nav2_costmap_2d/static_layer.hpp
-- Installing: /home/ros2/ros2_rc/src/install/nav2_costmap_2d/include/nav2_costmap_2d/nav2_costmap_2d/observation_buffer.hpp
-- Installing: /home/ros2/ros2_rc/src/install/nav2_costmap_2d/include/nav2_costmap_2d/nav2_costmap_2d/costmap_filters
-- Installing: /home/ros2/ros2_rc/src/install/nav2_costmap_2d/include/nav2_costmap_2d/nav2_costmap_2d/costmap_filters/costmap_filter.hpp
-- Installing: /home/ros2/ros2_rc/src/install/nav2_costmap_2d/include/nav2_costmap_2d/nav2_costmap_2d/costmap_filters/filter_values.hpp
-- Installing: /home/ros2/ros2_rc/src/install/nav2_costmap_2d/include/nav2_costmap_2d/nav2_costmap_2d/costmap_filters/binary_filter.hpp
-- Installing: /home/ros2/ros2_rc/src/install/nav2_costmap_2d/include/nav2_costmap_2d/nav2_costmap_2d/costmap_filters/speed_filter.hpp
-- Installing: /home/ros2/ros2_rc/src/install/nav2_costmap_2d/include/nav2_costmap_2d/nav2_costmap_2d/costmap_filters/keepout_filter.hpp
-- Installing: /home/ros2/ros2_rc/src/install/nav2_costmap_2d/include/nav2_costmap_2d/nav2_costmap_2d/cost_values.hpp
-- Installing: /home/ros2/ros2_rc/src/install/nav2_costmap_2d/include/nav2_costmap_2d/nav2_costmap_2d/costmap_layer.hpp
-- Installing: /home/ros2/ros2_rc/src/install/nav2_costmap_2d/include/nav2_costmap_2d/nav2_costmap_2d/costmap_topic_collision_checker.hpp
-- Installing: /home/ros2/ros2_rc/src/install/nav2_costmap_2d/include/nav2_costmap_2d/nav2_costmap_2d/obstacle_layer.hpp
-- Installing: /home/ros2/ros2_rc/src/install/nav2_costmap_2d/include/nav2_costmap_2d/nav2_costmap_2d/footprint_subscriber.hpp
-- Installing: /home/ros2/ros2_rc/src/install/nav2_costmap_2d/include/nav2_costmap_2d/nav2_costmap_2d/costmap_math.hpp
-- Installing: /home/ros2/ros2_rc/src/install/nav2_costmap_2d/include/nav2_costmap_2d/nav2_costmap_2d/costmap_2d_publisher.hpp
-- Installing: /home/ros2/ros2_rc/src/install/nav2_costmap_2d/include/nav2_costmap_2d/nav2_costmap_2d/range_sensor_layer.hpp
-- Installing: /home/ros2/ros2_rc/src/install/nav2_costmap_2d/include/nav2_costmap_2d/nav2_costmap_2d/clear_costmap_service.hpp
-- Installing: /home/ros2/ros2_rc/src/install/nav2_costmap_2d/include/nav2_costmap_2d/nav2_costmap_2d/denoise_layer.hpp
-- Installing: /home/ros2/ros2_rc/src/install/nav2_costmap_2d/include/nav2_costmap_2d/nav2_costmap_2d/exceptions.hpp
-- Installing: /home/ros2/ros2_rc/src/install/nav2_costmap_2d/include/nav2_costmap_2d/nav2_costmap_2d/denoise
-- Installing: /home/ros2/ros2_rc/src/install/nav2_costmap_2d/include/nav2_costmap_2d/nav2_costmap_2d/denoise/image_processing.hpp
-- Installing: /home/ros2/ros2_rc/src/install/nav2_costmap_2d/include/nav2_costmap_2d/nav2_costmap_2d/denoise/image.hpp
-- Installing: /home/ros2/ros2_rc/src/install/nav2_costmap_2d/share/nav2_costmap_2d/test/regression/order_layer.xml
-- Installing: /home/ros2/ros2_rc/src/install/nav2_costmap_2d/share/nav2_costmap_2d/environment/library_path.sh
-- Installing: /home/ros2/ros2_rc/src/install/nav2_costmap_2d/share/nav2_costmap_2d/environment/library_path.dsv
-- Up-to-date: /home/ros2/ros2_rc/src/install/nav2_costmap_2d/share/nav2_costmap_2d/costmap_plugins.xml
-- Installing: /home/ros2/ros2_rc/src/install/nav2_costmap_2d/share/ament_index/resource_index/package_run_dependencies/nav2_costmap_2d
-- Installing: /home/ros2/ros2_rc/src/install/nav2_costmap_2d/share/ament_index/resource_index/parent_prefix_path/nav2_costmap_2d
-- Installing: /home/ros2/ros2_rc/src/install/nav2_costmap_2d/share/nav2_costmap_2d/environment/ament_prefix_path.sh
-- Installing: /home/ros2/ros2_rc/src/install/nav2_costmap_2d/share/nav2_costmap_2d/environment/ament_prefix_path.dsv
-- Installing: /home/ros2/ros2_rc/src/install/nav2_costmap_2d/share/nav2_costmap_2d/environment/path.sh
-- Installing: /home/ros2/ros2_rc/src/install/nav2_costmap_2d/share/nav2_costmap_2d/environment/path.dsv
-- Installing: /home/ros2/ros2_rc/src/install/nav2_costmap_2d/share/nav2_costmap_2d/local_setup.bash
-- Installing: /home/ros2/ros2_rc/src/install/nav2_costmap_2d/share/nav2_costmap_2d/local_setup.sh
-- Installing: /home/ros2/ros2_rc/src/install/nav2_costmap_2d/share/nav2_costmap_2d/local_setup.zsh
-- Installing: /home/ros2/ros2_rc/src/install/nav2_costmap_2d/share/nav2_costmap_2d/local_setup.dsv
-- Installing: /home/ros2/ros2_rc/src/install/nav2_costmap_2d/share/nav2_costmap_2d/package.dsv
-- Installing: /home/ros2/ros2_rc/src/install/nav2_costmap_2d/share/ament_index/resource_index/packages/nav2_costmap_2d
-- Installing: /home/ros2/ros2_rc/src/install/nav2_costmap_2d/share/ament_index/resource_index/nav2_costmap_2d__pluginlib__plugin/nav2_costmap_2d
-- Installing: /home/ros2/ros2_rc/src/install/nav2_costmap_2d/share/nav2_costmap_2d/cmake/export_nav2_costmap_2dExport.cmake
-- Installing: /home/ros2/ros2_rc/src/install/nav2_costmap_2d/share/nav2_costmap_2d/cmake/export_nav2_costmap_2dExport-release.cmake
-- Installing: /home/ros2/ros2_rc/src/install/nav2_costmap_2d/share/nav2_costmap_2d/cmake/ament_cmake_export_targets-extras.cmake
-- Installing: /home/ros2/ros2_rc/src/install/nav2_costmap_2d/share/nav2_costmap_2d/cmake/ament_cmake_export_dependencies-extras.cmake
-- Installing: /home/ros2/ros2_rc/src/install/nav2_costmap_2d/share/nav2_costmap_2d/cmake/nav2_costmap_2dConfig.cmake
-- Installing: /home/ros2/ros2_rc/src/install/nav2_costmap_2d/share/nav2_costmap_2d/cmake/nav2_costmap_2dConfig-version.cmake
-- Installing: /home/ros2/ros2_rc/src/install/nav2_costmap_2d/share/nav2_costmap_2d/package.xml
-- Installing: /home/ros2/ros2_rc/src/install/nav2_costmap_2d/lib/liborder_layer.so
-- Set runtime path of "/home/ros2/ros2_rc/src/install/nav2_costmap_2d/lib/liborder_layer.so" to ""
