[0.130s] Invoking command in '/home/ros2/ros2_rc/build/nav_2d_msgs': CMAKE_PREFIX_PATH=${CMAKE_PREFIX_PATH}:/home/ros2/ros2_rc/install/nav2_simple_commander:/home/ros2/ros2_rc/src/install/nav2_simple_commander:/opt/ros/humble /usr/bin/cmake --build /home/ros2/ros2_rc/build/nav_2d_msgs -- -j10 -l10
[0.360s] [  1%] Built target nav_2d_msgs__cpp
[0.363s] [ 12%] Built target nav_2d_msgs__rosidl_generator_c
[0.423s] [ 12%] Built target ament_cmake_python_copy_nav_2d_msgs
[0.524s] [ 23%] Built target nav_2d_msgs__rosidl_typesupport_introspection_c
[0.584s] [ 35%] Built target nav_2d_msgs__rosidl_typesupport_c
[0.590s] [ 57%] Built target nav_2d_msgs__rosidl_typesupport_fastrtps_c
[0.590s] [ 57%] Built target nav_2d_msgs__rosidl_typesupport_cpp
[0.624s] [ 69%] Built target nav_2d_msgs__rosidl_typesupport_fastrtps_cpp
[0.710s] [ 80%] Built target nav_2d_msgs__rosidl_typesupport_introspection_cpp
[0.862s] [ 80%] Built target nav_2d_msgs
[1.035s] [ 81%] Built target nav_2d_msgs__py
[1.161s] [ 91%] Built target nav_2d_msgs__rosidl_generator_py
[1.298s] [ 94%] Built target nav_2d_msgs__rosidl_typesupport_c__pyext
[1.300s] [ 97%] Built target nav_2d_msgs__rosidl_typesupport_introspection_c__pyext
[1.342s] [100%] Built target nav_2d_msgs__rosidl_typesupport_fastrtps_c__pyext
[1.401s] running egg_info
[1.403s] writing nav_2d_msgs.egg-info/PKG-INFO
[1.403s] writing dependency_links to nav_2d_msgs.egg-info/dependency_links.txt
[1.404s] writing top-level names to nav_2d_msgs.egg-info/top_level.txt
[1.408s] reading manifest file 'nav_2d_msgs.egg-info/SOURCES.txt'
[1.409s] writing manifest file 'nav_2d_msgs.egg-info/SOURCES.txt'
[1.536s] [100%] Built target ament_cmake_python_build_nav_2d_msgs_egg
[1.583s] Invoked command in '/home/ros2/ros2_rc/build/nav_2d_msgs' returned '0': CMAKE_PREFIX_PATH=${CMAKE_PREFIX_PATH}:/home/ros2/ros2_rc/install/nav2_simple_commander:/home/ros2/ros2_rc/src/install/nav2_simple_commander:/opt/ros/humble /usr/bin/cmake --build /home/ros2/ros2_rc/build/nav_2d_msgs -- -j10 -l10
[2.914s] Invoking command in '/home/ros2/ros2_rc/build/nav_2d_msgs': CMAKE_PREFIX_PATH=${CMAKE_PREFIX_PATH}:/home/ros2/ros2_rc/install/nav2_simple_commander:/home/ros2/ros2_rc/src/install/nav2_simple_commander:/opt/ros/humble /usr/bin/cmake --install /home/ros2/ros2_rc/build/nav_2d_msgs
[2.951s] -- Install configuration: ""
[2.951s] -- Up-to-date: /home/ros2/ros2_rc/install/nav_2d_msgs/share/ament_index/resource_index/rosidl_interfaces/nav_2d_msgs
[2.952s] -- Up-to-date: /home/ros2/ros2_rc/install/nav_2d_msgs/include/nav_2d_msgs/nav_2d_msgs
[2.952s] -- Up-to-date: /home/ros2/ros2_rc/install/nav_2d_msgs/include/nav_2d_msgs/nav_2d_msgs/msg
[2.952s] -- Up-to-date: /home/ros2/ros2_rc/install/nav_2d_msgs/include/nav_2d_msgs/nav_2d_msgs/msg/rosidl_generator_c__visibility_control.h
[2.952s] -- Up-to-date: /home/ros2/ros2_rc/install/nav_2d_msgs/include/nav_2d_msgs/nav_2d_msgs/msg/pose2_d_stamped.h
[2.952s] -- Up-to-date: /home/ros2/ros2_rc/install/nav_2d_msgs/include/nav_2d_msgs/nav_2d_msgs/msg/detail
[2.952s] -- Up-to-date: /home/ros2/ros2_rc/install/nav_2d_msgs/include/nav_2d_msgs/nav_2d_msgs/msg/detail/twist2_d32__struct.h
[2.952s] -- Up-to-date: /home/ros2/ros2_rc/install/nav_2d_msgs/include/nav_2d_msgs/nav_2d_msgs/msg/detail/path2_d__struct.h
[2.952s] -- Up-to-date: /home/ros2/ros2_rc/install/nav_2d_msgs/include/nav_2d_msgs/nav_2d_msgs/msg/detail/twist2_d_stamped__functions.h
[2.952s] -- Up-to-date: /home/ros2/ros2_rc/install/nav_2d_msgs/include/nav_2d_msgs/nav_2d_msgs/msg/detail/path2_d__functions.c
[2.952s] -- Up-to-date: /home/ros2/ros2_rc/install/nav_2d_msgs/include/nav_2d_msgs/nav_2d_msgs/msg/detail/pose2_d_stamped__functions.c
[2.953s] -- Up-to-date: /home/ros2/ros2_rc/install/nav_2d_msgs/include/nav_2d_msgs/nav_2d_msgs/msg/detail/pose2_d_stamped__struct.h
[2.953s] -- Up-to-date: /home/ros2/ros2_rc/install/nav_2d_msgs/include/nav_2d_msgs/nav_2d_msgs/msg/detail/twist2_d__functions.c
[2.953s] -- Up-to-date: /home/ros2/ros2_rc/install/nav_2d_msgs/include/nav_2d_msgs/nav_2d_msgs/msg/detail/pose2_d_stamped__type_support.h
[2.956s] -- Up-to-date: /home/ros2/ros2_rc/install/nav_2d_msgs/include/nav_2d_msgs/nav_2d_msgs/msg/detail/twist2_d32__functions.c
[2.957s] -- Up-to-date: /home/ros2/ros2_rc/install/nav_2d_msgs/include/nav_2d_msgs/nav_2d_msgs/msg/detail/twist2_d32__type_support.h
[2.957s] -- Up-to-date: /home/ros2/ros2_rc/install/nav_2d_msgs/include/nav_2d_msgs/nav_2d_msgs/msg/detail/twist2_d_stamped__struct.h
[2.957s] -- Up-to-date: /home/ros2/ros2_rc/install/nav_2d_msgs/include/nav_2d_msgs/nav_2d_msgs/msg/detail/twist2_d_stamped__type_support.h
[2.957s] -- Up-to-date: /home/ros2/ros2_rc/install/nav_2d_msgs/include/nav_2d_msgs/nav_2d_msgs/msg/detail/pose2_d32__functions.c
[2.957s] -- Up-to-date: /home/ros2/ros2_rc/install/nav_2d_msgs/include/nav_2d_msgs/nav_2d_msgs/msg/detail/path2_d__functions.h
[2.957s] -- Up-to-date: /home/ros2/ros2_rc/install/nav_2d_msgs/include/nav_2d_msgs/nav_2d_msgs/msg/detail/twist2_d_stamped__functions.c
[2.957s] -- Up-to-date: /home/ros2/ros2_rc/install/nav_2d_msgs/include/nav_2d_msgs/nav_2d_msgs/msg/detail/path2_d__type_support.h
[2.957s] -- Up-to-date: /home/ros2/ros2_rc/install/nav_2d_msgs/include/nav_2d_msgs/nav_2d_msgs/msg/detail/twist2_d__type_support.h
[2.957s] -- Up-to-date: /home/ros2/ros2_rc/install/nav_2d_msgs/include/nav_2d_msgs/nav_2d_msgs/msg/detail/pose2_d32__struct.h
[2.958s] -- Up-to-date: /home/ros2/ros2_rc/install/nav_2d_msgs/include/nav_2d_msgs/nav_2d_msgs/msg/detail/twist2_d32__functions.h
[2.958s] -- Up-to-date: /home/ros2/ros2_rc/install/nav_2d_msgs/include/nav_2d_msgs/nav_2d_msgs/msg/detail/twist2_d__functions.h
[2.958s] -- Up-to-date: /home/ros2/ros2_rc/install/nav_2d_msgs/include/nav_2d_msgs/nav_2d_msgs/msg/detail/pose2_d32__functions.h
[2.958s] -- Up-to-date: /home/ros2/ros2_rc/install/nav_2d_msgs/include/nav_2d_msgs/nav_2d_msgs/msg/detail/twist2_d__struct.h
[2.958s] -- Up-to-date: /home/ros2/ros2_rc/install/nav_2d_msgs/include/nav_2d_msgs/nav_2d_msgs/msg/detail/pose2_d_stamped__functions.h
[2.958s] -- Up-to-date: /home/ros2/ros2_rc/install/nav_2d_msgs/include/nav_2d_msgs/nav_2d_msgs/msg/detail/pose2_d32__type_support.h
[2.958s] -- Up-to-date: /home/ros2/ros2_rc/install/nav_2d_msgs/include/nav_2d_msgs/nav_2d_msgs/msg/path2_d.h
[2.959s] -- Up-to-date: /home/ros2/ros2_rc/install/nav_2d_msgs/include/nav_2d_msgs/nav_2d_msgs/msg/twist2_d_stamped.h
[2.959s] -- Up-to-date: /home/ros2/ros2_rc/install/nav_2d_msgs/include/nav_2d_msgs/nav_2d_msgs/msg/twist2_d32.h
[2.959s] -- Up-to-date: /home/ros2/ros2_rc/install/nav_2d_msgs/include/nav_2d_msgs/nav_2d_msgs/msg/twist2_d.h
[2.959s] -- Up-to-date: /home/ros2/ros2_rc/install/nav_2d_msgs/include/nav_2d_msgs/nav_2d_msgs/msg/pose2_d32.h
[2.959s] -- Up-to-date: /home/ros2/ros2_rc/install/nav_2d_msgs/share/nav_2d_msgs/environment/library_path.sh
[2.959s] -- Up-to-date: /home/ros2/ros2_rc/install/nav_2d_msgs/share/nav_2d_msgs/environment/library_path.dsv
[2.959s] -- Up-to-date: /home/ros2/ros2_rc/install/nav_2d_msgs/lib/libnav_2d_msgs__rosidl_generator_c.so
[2.959s] -- Up-to-date: /home/ros2/ros2_rc/install/nav_2d_msgs/include/nav_2d_msgs/nav_2d_msgs
[2.959s] -- Up-to-date: /home/ros2/ros2_rc/install/nav_2d_msgs/include/nav_2d_msgs/nav_2d_msgs/msg
[2.959s] -- Up-to-date: /home/ros2/ros2_rc/install/nav_2d_msgs/include/nav_2d_msgs/nav_2d_msgs/msg/rosidl_typesupport_fastrtps_c__visibility_control.h
[2.959s] -- Up-to-date: /home/ros2/ros2_rc/install/nav_2d_msgs/include/nav_2d_msgs/nav_2d_msgs/msg/detail
[2.959s] -- Up-to-date: /home/ros2/ros2_rc/install/nav_2d_msgs/include/nav_2d_msgs/nav_2d_msgs/msg/detail/pose2_d32__rosidl_typesupport_fastrtps_c.h
[2.960s] -- Up-to-date: /home/ros2/ros2_rc/install/nav_2d_msgs/include/nav_2d_msgs/nav_2d_msgs/msg/detail/twist2_d32__rosidl_typesupport_fastrtps_c.h
[2.960s] -- Up-to-date: /home/ros2/ros2_rc/install/nav_2d_msgs/include/nav_2d_msgs/nav_2d_msgs/msg/detail/twist2_d__rosidl_typesupport_fastrtps_c.h
[2.960s] -- Up-to-date: /home/ros2/ros2_rc/install/nav_2d_msgs/include/nav_2d_msgs/nav_2d_msgs/msg/detail/path2_d__rosidl_typesupport_fastrtps_c.h
[2.960s] -- Up-to-date: /home/ros2/ros2_rc/install/nav_2d_msgs/include/nav_2d_msgs/nav_2d_msgs/msg/detail/pose2_d_stamped__rosidl_typesupport_fastrtps_c.h
[2.960s] -- Up-to-date: /home/ros2/ros2_rc/install/nav_2d_msgs/include/nav_2d_msgs/nav_2d_msgs/msg/detail/twist2_d_stamped__rosidl_typesupport_fastrtps_c.h
[2.960s] -- Up-to-date: /home/ros2/ros2_rc/install/nav_2d_msgs/lib/libnav_2d_msgs__rosidl_typesupport_fastrtps_c.so
[2.960s] -- Up-to-date: /home/ros2/ros2_rc/install/nav_2d_msgs/include/nav_2d_msgs/nav_2d_msgs
[2.960s] -- Up-to-date: /home/ros2/ros2_rc/install/nav_2d_msgs/include/nav_2d_msgs/nav_2d_msgs/msg
[2.960s] -- Up-to-date: /home/ros2/ros2_rc/install/nav_2d_msgs/include/nav_2d_msgs/nav_2d_msgs/msg/path2_d.hpp
[2.960s] -- Up-to-date: /home/ros2/ros2_rc/install/nav_2d_msgs/include/nav_2d_msgs/nav_2d_msgs/msg/twist2_d_stamped.hpp
[2.960s] -- Up-to-date: /home/ros2/ros2_rc/install/nav_2d_msgs/include/nav_2d_msgs/nav_2d_msgs/msg/pose2_d32.hpp
[2.960s] -- Up-to-date: /home/ros2/ros2_rc/install/nav_2d_msgs/include/nav_2d_msgs/nav_2d_msgs/msg/twist2_d.hpp
[2.960s] -- Up-to-date: /home/ros2/ros2_rc/install/nav_2d_msgs/include/nav_2d_msgs/nav_2d_msgs/msg/twist2_d32.hpp
[2.960s] -- Up-to-date: /home/ros2/ros2_rc/install/nav_2d_msgs/include/nav_2d_msgs/nav_2d_msgs/msg/detail
[2.961s] -- Up-to-date: /home/ros2/ros2_rc/install/nav_2d_msgs/include/nav_2d_msgs/nav_2d_msgs/msg/detail/pose2_d32__traits.hpp
[2.961s] -- Up-to-date: /home/ros2/ros2_rc/install/nav_2d_msgs/include/nav_2d_msgs/nav_2d_msgs/msg/detail/twist2_d32__struct.hpp
[2.961s] -- Up-to-date: /home/ros2/ros2_rc/install/nav_2d_msgs/include/nav_2d_msgs/nav_2d_msgs/msg/detail/path2_d__struct.hpp
[2.961s] -- Up-to-date: /home/ros2/ros2_rc/install/nav_2d_msgs/include/nav_2d_msgs/nav_2d_msgs/msg/detail/twist2_d_stamped__builder.hpp
[2.961s] -- Up-to-date: /home/ros2/ros2_rc/install/nav_2d_msgs/include/nav_2d_msgs/nav_2d_msgs/msg/detail/twist2_d__struct.hpp
[2.961s] -- Up-to-date: /home/ros2/ros2_rc/install/nav_2d_msgs/include/nav_2d_msgs/nav_2d_msgs/msg/detail/pose2_d32__builder.hpp
[2.961s] -- Up-to-date: /home/ros2/ros2_rc/install/nav_2d_msgs/include/nav_2d_msgs/nav_2d_msgs/msg/detail/twist2_d32__builder.hpp
[2.961s] -- Up-to-date: /home/ros2/ros2_rc/install/nav_2d_msgs/include/nav_2d_msgs/nav_2d_msgs/msg/detail/twist2_d32__traits.hpp
[2.961s] -- Up-to-date: /home/ros2/ros2_rc/install/nav_2d_msgs/include/nav_2d_msgs/nav_2d_msgs/msg/detail/twist2_d_stamped__traits.hpp
[2.961s] -- Up-to-date: /home/ros2/ros2_rc/install/nav_2d_msgs/include/nav_2d_msgs/nav_2d_msgs/msg/detail/path2_d__builder.hpp
[2.961s] -- Up-to-date: /home/ros2/ros2_rc/install/nav_2d_msgs/include/nav_2d_msgs/nav_2d_msgs/msg/detail/pose2_d_stamped__traits.hpp
[2.961s] -- Up-to-date: /home/ros2/ros2_rc/install/nav_2d_msgs/include/nav_2d_msgs/nav_2d_msgs/msg/detail/pose2_d_stamped__builder.hpp
[2.961s] -- Up-to-date: /home/ros2/ros2_rc/install/nav_2d_msgs/include/nav_2d_msgs/nav_2d_msgs/msg/detail/pose2_d32__struct.hpp
[2.961s] -- Up-to-date: /home/ros2/ros2_rc/install/nav_2d_msgs/include/nav_2d_msgs/nav_2d_msgs/msg/detail/twist2_d_stamped__struct.hpp
[2.962s] -- Up-to-date: /home/ros2/ros2_rc/install/nav_2d_msgs/include/nav_2d_msgs/nav_2d_msgs/msg/detail/twist2_d__traits.hpp
[2.963s] -- Up-to-date: /home/ros2/ros2_rc/install/nav_2d_msgs/include/nav_2d_msgs/nav_2d_msgs/msg/detail/path2_d__traits.hpp
[2.963s] -- Up-to-date: /home/ros2/ros2_rc/install/nav_2d_msgs/include/nav_2d_msgs/nav_2d_msgs/msg/detail/pose2_d_stamped__struct.hpp
[2.965s] -- Up-to-date: /home/ros2/ros2_rc/install/nav_2d_msgs/include/nav_2d_msgs/nav_2d_msgs/msg/detail/twist2_d__builder.hpp
[2.965s] -- Up-to-date: /home/ros2/ros2_rc/install/nav_2d_msgs/include/nav_2d_msgs/nav_2d_msgs/msg/pose2_d_stamped.hpp
[2.966s] -- Up-to-date: /home/ros2/ros2_rc/install/nav_2d_msgs/include/nav_2d_msgs/nav_2d_msgs
[2.966s] -- Up-to-date: /home/ros2/ros2_rc/install/nav_2d_msgs/include/nav_2d_msgs/nav_2d_msgs/msg
[2.966s] -- Up-to-date: /home/ros2/ros2_rc/install/nav_2d_msgs/include/nav_2d_msgs/nav_2d_msgs/msg/rosidl_typesupport_fastrtps_cpp__visibility_control.h
[2.966s] -- Up-to-date: /home/ros2/ros2_rc/install/nav_2d_msgs/include/nav_2d_msgs/nav_2d_msgs/msg/detail
[2.966s] -- Up-to-date: /home/ros2/ros2_rc/install/nav_2d_msgs/include/nav_2d_msgs/nav_2d_msgs/msg/detail/twist2_d32__rosidl_typesupport_fastrtps_cpp.hpp
[2.966s] -- Up-to-date: /home/ros2/ros2_rc/install/nav_2d_msgs/include/nav_2d_msgs/nav_2d_msgs/msg/detail/pose2_d32__rosidl_typesupport_fastrtps_cpp.hpp
[2.966s] -- Up-to-date: /home/ros2/ros2_rc/install/nav_2d_msgs/include/nav_2d_msgs/nav_2d_msgs/msg/detail/pose2_d_stamped__rosidl_typesupport_fastrtps_cpp.hpp
[2.966s] -- Up-to-date: /home/ros2/ros2_rc/install/nav_2d_msgs/include/nav_2d_msgs/nav_2d_msgs/msg/detail/twist2_d_stamped__rosidl_typesupport_fastrtps_cpp.hpp
[2.967s] -- Up-to-date: /home/ros2/ros2_rc/install/nav_2d_msgs/include/nav_2d_msgs/nav_2d_msgs/msg/detail/path2_d__rosidl_typesupport_fastrtps_cpp.hpp
[2.967s] -- Up-to-date: /home/ros2/ros2_rc/install/nav_2d_msgs/include/nav_2d_msgs/nav_2d_msgs/msg/detail/dds_fastrtps
[2.967s] -- Up-to-date: /home/ros2/ros2_rc/install/nav_2d_msgs/include/nav_2d_msgs/nav_2d_msgs/msg/detail/twist2_d__rosidl_typesupport_fastrtps_cpp.hpp
[2.967s] -- Up-to-date: /home/ros2/ros2_rc/install/nav_2d_msgs/lib/libnav_2d_msgs__rosidl_typesupport_fastrtps_cpp.so
[2.967s] -- Up-to-date: /home/ros2/ros2_rc/install/nav_2d_msgs/include/nav_2d_msgs/nav_2d_msgs
[2.967s] -- Up-to-date: /home/ros2/ros2_rc/install/nav_2d_msgs/include/nav_2d_msgs/nav_2d_msgs/msg
[2.967s] -- Up-to-date: /home/ros2/ros2_rc/install/nav_2d_msgs/include/nav_2d_msgs/nav_2d_msgs/msg/detail
[2.967s] -- Up-to-date: /home/ros2/ros2_rc/install/nav_2d_msgs/include/nav_2d_msgs/nav_2d_msgs/msg/detail/pose2_d32__type_support.c
[2.967s] -- Up-to-date: /home/ros2/ros2_rc/install/nav_2d_msgs/include/nav_2d_msgs/nav_2d_msgs/msg/detail/twist2_d_stamped__type_support.c
[2.968s] -- Up-to-date: /home/ros2/ros2_rc/install/nav_2d_msgs/include/nav_2d_msgs/nav_2d_msgs/msg/detail/twist2_d__rosidl_typesupport_introspection_c.h
[2.968s] -- Up-to-date: /home/ros2/ros2_rc/install/nav_2d_msgs/include/nav_2d_msgs/nav_2d_msgs/msg/detail/pose2_d_stamped__rosidl_typesupport_introspection_c.h
[2.968s] -- Up-to-date: /home/ros2/ros2_rc/install/nav_2d_msgs/include/nav_2d_msgs/nav_2d_msgs/msg/detail/twist2_d32__rosidl_typesupport_introspection_c.h
[2.968s] -- Up-to-date: /home/ros2/ros2_rc/install/nav_2d_msgs/include/nav_2d_msgs/nav_2d_msgs/msg/detail/twist2_d__type_support.c
[2.968s] -- Up-to-date: /home/ros2/ros2_rc/install/nav_2d_msgs/include/nav_2d_msgs/nav_2d_msgs/msg/detail/path2_d__type_support.c
[2.968s] -- Up-to-date: /home/ros2/ros2_rc/install/nav_2d_msgs/include/nav_2d_msgs/nav_2d_msgs/msg/detail/path2_d__rosidl_typesupport_introspection_c.h
[2.968s] -- Up-to-date: /home/ros2/ros2_rc/install/nav_2d_msgs/include/nav_2d_msgs/nav_2d_msgs/msg/detail/pose2_d_stamped__type_support.c
[2.968s] -- Up-to-date: /home/ros2/ros2_rc/install/nav_2d_msgs/include/nav_2d_msgs/nav_2d_msgs/msg/detail/pose2_d32__rosidl_typesupport_introspection_c.h
[2.968s] -- Up-to-date: /home/ros2/ros2_rc/install/nav_2d_msgs/include/nav_2d_msgs/nav_2d_msgs/msg/detail/twist2_d32__type_support.c
[2.973s] -- Up-to-date: /home/ros2/ros2_rc/install/nav_2d_msgs/include/nav_2d_msgs/nav_2d_msgs/msg/detail/twist2_d_stamped__rosidl_typesupport_introspection_c.h
[2.973s] -- Up-to-date: /home/ros2/ros2_rc/install/nav_2d_msgs/include/nav_2d_msgs/nav_2d_msgs/msg/rosidl_typesupport_introspection_c__visibility_control.h
[2.973s] -- Up-to-date: /home/ros2/ros2_rc/install/nav_2d_msgs/lib/libnav_2d_msgs__rosidl_typesupport_introspection_c.so
[2.973s] -- Up-to-date: /home/ros2/ros2_rc/install/nav_2d_msgs/lib/libnav_2d_msgs__rosidl_typesupport_c.so
[2.973s] -- Up-to-date: /home/ros2/ros2_rc/install/nav_2d_msgs/include/nav_2d_msgs/nav_2d_msgs
[2.974s] -- Up-to-date: /home/ros2/ros2_rc/install/nav_2d_msgs/include/nav_2d_msgs/nav_2d_msgs/msg
[2.974s] -- Up-to-date: /home/ros2/ros2_rc/install/nav_2d_msgs/include/nav_2d_msgs/nav_2d_msgs/msg/detail
[2.975s] -- Up-to-date: /home/ros2/ros2_rc/install/nav_2d_msgs/include/nav_2d_msgs/nav_2d_msgs/msg/detail/path2_d__rosidl_typesupport_introspection_cpp.hpp
[2.975s] -- Up-to-date: /home/ros2/ros2_rc/install/nav_2d_msgs/include/nav_2d_msgs/nav_2d_msgs/msg/detail/pose2_d_stamped__type_support.cpp
[2.975s] -- Up-to-date: /home/ros2/ros2_rc/install/nav_2d_msgs/include/nav_2d_msgs/nav_2d_msgs/msg/detail/pose2_d32__rosidl_typesupport_introspection_cpp.hpp
[2.975s] -- Up-to-date: /home/ros2/ros2_rc/install/nav_2d_msgs/include/nav_2d_msgs/nav_2d_msgs/msg/detail/twist2_d32__rosidl_typesupport_introspection_cpp.hpp
[2.976s] -- Up-to-date: /home/ros2/ros2_rc/install/nav_2d_msgs/include/nav_2d_msgs/nav_2d_msgs/msg/detail/path2_d__type_support.cpp
[2.976s] -- Up-to-date: /home/ros2/ros2_rc/install/nav_2d_msgs/include/nav_2d_msgs/nav_2d_msgs/msg/detail/twist2_d__rosidl_typesupport_introspection_cpp.hpp
[2.976s] -- Up-to-date: /home/ros2/ros2_rc/install/nav_2d_msgs/include/nav_2d_msgs/nav_2d_msgs/msg/detail/pose2_d32__type_support.cpp
[2.976s] -- Up-to-date: /home/ros2/ros2_rc/install/nav_2d_msgs/include/nav_2d_msgs/nav_2d_msgs/msg/detail/twist2_d32__type_support.cpp
[2.976s] -- Up-to-date: /home/ros2/ros2_rc/install/nav_2d_msgs/include/nav_2d_msgs/nav_2d_msgs/msg/detail/twist2_d_stamped__type_support.cpp
[2.976s] -- Up-to-date: /home/ros2/ros2_rc/install/nav_2d_msgs/include/nav_2d_msgs/nav_2d_msgs/msg/detail/twist2_d__type_support.cpp
[2.976s] -- Up-to-date: /home/ros2/ros2_rc/install/nav_2d_msgs/include/nav_2d_msgs/nav_2d_msgs/msg/detail/twist2_d_stamped__rosidl_typesupport_introspection_cpp.hpp
[2.976s] -- Up-to-date: /home/ros2/ros2_rc/install/nav_2d_msgs/include/nav_2d_msgs/nav_2d_msgs/msg/detail/pose2_d_stamped__rosidl_typesupport_introspection_cpp.hpp
[2.976s] -- Up-to-date: /home/ros2/ros2_rc/install/nav_2d_msgs/lib/libnav_2d_msgs__rosidl_typesupport_introspection_cpp.so
[2.977s] -- Up-to-date: /home/ros2/ros2_rc/install/nav_2d_msgs/lib/libnav_2d_msgs__rosidl_typesupport_cpp.so
[2.977s] -- Up-to-date: /home/ros2/ros2_rc/install/nav_2d_msgs/share/nav_2d_msgs/environment/pythonpath.sh
[2.977s] -- Up-to-date: /home/ros2/ros2_rc/install/nav_2d_msgs/share/nav_2d_msgs/environment/pythonpath.dsv
[2.977s] -- Up-to-date: /home/ros2/ros2_rc/install/nav_2d_msgs/local/lib/python3.10/dist-packages/nav_2d_msgs-1.1.16-py3.10.egg-info
[2.977s] -- Installing: /home/ros2/ros2_rc/install/nav_2d_msgs/local/lib/python3.10/dist-packages/nav_2d_msgs-1.1.16-py3.10.egg-info/SOURCES.txt
[2.977s] -- Installing: /home/ros2/ros2_rc/install/nav_2d_msgs/local/lib/python3.10/dist-packages/nav_2d_msgs-1.1.16-py3.10.egg-info/PKG-INFO
[2.977s] -- Installing: /home/ros2/ros2_rc/install/nav_2d_msgs/local/lib/python3.10/dist-packages/nav_2d_msgs-1.1.16-py3.10.egg-info/top_level.txt
[2.977s] -- Installing: /home/ros2/ros2_rc/install/nav_2d_msgs/local/lib/python3.10/dist-packages/nav_2d_msgs-1.1.16-py3.10.egg-info/dependency_links.txt
[2.978s] -- Up-to-date: /home/ros2/ros2_rc/install/nav_2d_msgs/local/lib/python3.10/dist-packages/nav_2d_msgs
[2.978s] -- Up-to-date: /home/ros2/ros2_rc/install/nav_2d_msgs/local/lib/python3.10/dist-packages/nav_2d_msgs/__init__.py
[2.978s] -- Up-to-date: /home/ros2/ros2_rc/install/nav_2d_msgs/local/lib/python3.10/dist-packages/nav_2d_msgs/nav_2d_msgs_s__rosidl_typesupport_introspection_c.cpython-310-x86_64-linux-gnu.so
[2.978s] -- Up-to-date: /home/ros2/ros2_rc/install/nav_2d_msgs/local/lib/python3.10/dist-packages/nav_2d_msgs/_nav_2d_msgs_s.ep.rosidl_typesupport_fastrtps_c.c
[2.978s] -- Up-to-date: /home/ros2/ros2_rc/install/nav_2d_msgs/local/lib/python3.10/dist-packages/nav_2d_msgs/_nav_2d_msgs_s.ep.rosidl_typesupport_introspection_c.c
[2.978s] -- Up-to-date: /home/ros2/ros2_rc/install/nav_2d_msgs/local/lib/python3.10/dist-packages/nav_2d_msgs/nav_2d_msgs_s__rosidl_typesupport_fastrtps_c.cpython-310-x86_64-linux-gnu.so
[2.978s] -- Up-to-date: /home/ros2/ros2_rc/install/nav_2d_msgs/local/lib/python3.10/dist-packages/nav_2d_msgs/libnav_2d_msgs__rosidl_generator_py.so
[2.978s] -- Up-to-date: /home/ros2/ros2_rc/install/nav_2d_msgs/local/lib/python3.10/dist-packages/nav_2d_msgs/msg
[2.978s] -- Up-to-date: /home/ros2/ros2_rc/install/nav_2d_msgs/local/lib/python3.10/dist-packages/nav_2d_msgs/msg/__init__.py
[2.979s] -- Up-to-date: /home/ros2/ros2_rc/install/nav_2d_msgs/local/lib/python3.10/dist-packages/nav_2d_msgs/msg/_twist2_d.py
[2.979s] -- Up-to-date: /home/ros2/ros2_rc/install/nav_2d_msgs/local/lib/python3.10/dist-packages/nav_2d_msgs/msg/_pose2_d32_s.c
[2.979s] -- Up-to-date: /home/ros2/ros2_rc/install/nav_2d_msgs/local/lib/python3.10/dist-packages/nav_2d_msgs/msg/_pose2_d_stamped_s.c
[2.979s] -- Up-to-date: /home/ros2/ros2_rc/install/nav_2d_msgs/local/lib/python3.10/dist-packages/nav_2d_msgs/msg/_pose2_d32.py
[2.979s] -- Up-to-date: /home/ros2/ros2_rc/install/nav_2d_msgs/local/lib/python3.10/dist-packages/nav_2d_msgs/msg/_twist2_d32.py
[2.980s] -- Up-to-date: /home/ros2/ros2_rc/install/nav_2d_msgs/local/lib/python3.10/dist-packages/nav_2d_msgs/msg/_twist2_d_stamped.py
[2.980s] -- Up-to-date: /home/ros2/ros2_rc/install/nav_2d_msgs/local/lib/python3.10/dist-packages/nav_2d_msgs/msg/_twist2_d32_s.c
[2.980s] -- Up-to-date: /home/ros2/ros2_rc/install/nav_2d_msgs/local/lib/python3.10/dist-packages/nav_2d_msgs/msg/_path2_d.py
[2.980s] -- Up-to-date: /home/ros2/ros2_rc/install/nav_2d_msgs/local/lib/python3.10/dist-packages/nav_2d_msgs/msg/_twist2_d_stamped_s.c
[2.981s] -- Up-to-date: /home/ros2/ros2_rc/install/nav_2d_msgs/local/lib/python3.10/dist-packages/nav_2d_msgs/msg/_pose2_d_stamped.py
[2.981s] -- Up-to-date: /home/ros2/ros2_rc/install/nav_2d_msgs/local/lib/python3.10/dist-packages/nav_2d_msgs/msg/_path2_d_s.c
[2.981s] -- Up-to-date: /home/ros2/ros2_rc/install/nav_2d_msgs/local/lib/python3.10/dist-packages/nav_2d_msgs/msg/_twist2_d_s.c
[2.981s] -- Up-to-date: /home/ros2/ros2_rc/install/nav_2d_msgs/local/lib/python3.10/dist-packages/nav_2d_msgs/nav_2d_msgs_s__rosidl_typesupport_c.cpython-310-x86_64-linux-gnu.so
[2.981s] -- Up-to-date: /home/ros2/ros2_rc/install/nav_2d_msgs/local/lib/python3.10/dist-packages/nav_2d_msgs/_nav_2d_msgs_s.ep.rosidl_typesupport_c.c
[3.060s] Listing '/home/ros2/ros2_rc/install/nav_2d_msgs/local/lib/python3.10/dist-packages/nav_2d_msgs'...
[3.061s] Listing '/home/ros2/ros2_rc/install/nav_2d_msgs/local/lib/python3.10/dist-packages/nav_2d_msgs/msg'...
[3.077s] -- Up-to-date: /home/ros2/ros2_rc/install/nav_2d_msgs/local/lib/python3.10/dist-packages/nav_2d_msgs/nav_2d_msgs_s__rosidl_typesupport_fastrtps_c.cpython-310-x86_64-linux-gnu.so
[3.078s] -- Up-to-date: /home/ros2/ros2_rc/install/nav_2d_msgs/local/lib/python3.10/dist-packages/nav_2d_msgs/nav_2d_msgs_s__rosidl_typesupport_introspection_c.cpython-310-x86_64-linux-gnu.so
[3.079s] -- Up-to-date: /home/ros2/ros2_rc/install/nav_2d_msgs/local/lib/python3.10/dist-packages/nav_2d_msgs/nav_2d_msgs_s__rosidl_typesupport_c.cpython-310-x86_64-linux-gnu.so
[3.079s] -- Up-to-date: /home/ros2/ros2_rc/install/nav_2d_msgs/lib/libnav_2d_msgs__rosidl_generator_py.so
[3.080s] -- Up-to-date: /home/ros2/ros2_rc/install/nav_2d_msgs/share/nav_2d_msgs/msg/Path2D.idl
[3.080s] -- Up-to-date: /home/ros2/ros2_rc/install/nav_2d_msgs/share/nav_2d_msgs/msg/Pose2D32.idl
[3.080s] -- Up-to-date: /home/ros2/ros2_rc/install/nav_2d_msgs/share/nav_2d_msgs/msg/Pose2DStamped.idl
[3.081s] -- Up-to-date: /home/ros2/ros2_rc/install/nav_2d_msgs/share/nav_2d_msgs/msg/Twist2D.idl
[3.081s] -- Up-to-date: /home/ros2/ros2_rc/install/nav_2d_msgs/share/nav_2d_msgs/msg/Twist2D32.idl
[3.082s] -- Up-to-date: /home/ros2/ros2_rc/install/nav_2d_msgs/share/nav_2d_msgs/msg/Twist2DStamped.idl
[3.082s] -- Up-to-date: /home/ros2/ros2_rc/install/nav_2d_msgs/share/nav_2d_msgs/msg/Path2D.msg
[3.082s] -- Up-to-date: /home/ros2/ros2_rc/install/nav_2d_msgs/share/nav_2d_msgs/msg/Pose2D32.msg
[3.082s] -- Up-to-date: /home/ros2/ros2_rc/install/nav_2d_msgs/share/nav_2d_msgs/msg/Pose2DStamped.msg
[3.082s] -- Up-to-date: /home/ros2/ros2_rc/install/nav_2d_msgs/share/nav_2d_msgs/msg/Twist2D.msg
[3.083s] -- Up-to-date: /home/ros2/ros2_rc/install/nav_2d_msgs/share/nav_2d_msgs/msg/Twist2D32.msg
[3.084s] -- Up-to-date: /home/ros2/ros2_rc/install/nav_2d_msgs/share/nav_2d_msgs/msg/Twist2DStamped.msg
[3.084s] -- Up-to-date: /home/ros2/ros2_rc/install/nav_2d_msgs/share/ament_index/resource_index/package_run_dependencies/nav_2d_msgs
[3.084s] -- Up-to-date: /home/ros2/ros2_rc/install/nav_2d_msgs/share/ament_index/resource_index/parent_prefix_path/nav_2d_msgs
[3.084s] -- Up-to-date: /home/ros2/ros2_rc/install/nav_2d_msgs/share/nav_2d_msgs/environment/ament_prefix_path.sh
[3.085s] -- Up-to-date: /home/ros2/ros2_rc/install/nav_2d_msgs/share/nav_2d_msgs/environment/ament_prefix_path.dsv
[3.085s] -- Up-to-date: /home/ros2/ros2_rc/install/nav_2d_msgs/share/nav_2d_msgs/environment/path.sh
[3.085s] -- Up-to-date: /home/ros2/ros2_rc/install/nav_2d_msgs/share/nav_2d_msgs/environment/path.dsv
[3.085s] -- Up-to-date: /home/ros2/ros2_rc/install/nav_2d_msgs/share/nav_2d_msgs/local_setup.bash
[3.086s] -- Up-to-date: /home/ros2/ros2_rc/install/nav_2d_msgs/share/nav_2d_msgs/local_setup.sh
[3.086s] -- Up-to-date: /home/ros2/ros2_rc/install/nav_2d_msgs/share/nav_2d_msgs/local_setup.zsh
[3.086s] -- Up-to-date: /home/ros2/ros2_rc/install/nav_2d_msgs/share/nav_2d_msgs/local_setup.dsv
[3.087s] -- Installing: /home/ros2/ros2_rc/install/nav_2d_msgs/share/nav_2d_msgs/package.dsv
[3.087s] -- Up-to-date: /home/ros2/ros2_rc/install/nav_2d_msgs/share/ament_index/resource_index/packages/nav_2d_msgs
[3.087s] -- Up-to-date: /home/ros2/ros2_rc/install/nav_2d_msgs/share/nav_2d_msgs/cmake/export_nav_2d_msgs__rosidl_generator_cExport.cmake
[3.087s] -- Up-to-date: /home/ros2/ros2_rc/install/nav_2d_msgs/share/nav_2d_msgs/cmake/export_nav_2d_msgs__rosidl_generator_cExport-noconfig.cmake
[3.087s] -- Up-to-date: /home/ros2/ros2_rc/install/nav_2d_msgs/share/nav_2d_msgs/cmake/export_nav_2d_msgs__rosidl_typesupport_fastrtps_cExport.cmake
[3.087s] -- Up-to-date: /home/ros2/ros2_rc/install/nav_2d_msgs/share/nav_2d_msgs/cmake/export_nav_2d_msgs__rosidl_typesupport_fastrtps_cExport-noconfig.cmake
[3.087s] -- Up-to-date: /home/ros2/ros2_rc/install/nav_2d_msgs/share/nav_2d_msgs/cmake/export_nav_2d_msgs__rosidl_generator_cppExport.cmake
[3.087s] -- Up-to-date: /home/ros2/ros2_rc/install/nav_2d_msgs/share/nav_2d_msgs/cmake/export_nav_2d_msgs__rosidl_typesupport_fastrtps_cppExport.cmake
[3.087s] -- Up-to-date: /home/ros2/ros2_rc/install/nav_2d_msgs/share/nav_2d_msgs/cmake/export_nav_2d_msgs__rosidl_typesupport_fastrtps_cppExport-noconfig.cmake
[3.087s] -- Up-to-date: /home/ros2/ros2_rc/install/nav_2d_msgs/share/nav_2d_msgs/cmake/nav_2d_msgs__rosidl_typesupport_introspection_cExport.cmake
[3.088s] -- Up-to-date: /home/ros2/ros2_rc/install/nav_2d_msgs/share/nav_2d_msgs/cmake/nav_2d_msgs__rosidl_typesupport_introspection_cExport-noconfig.cmake
[3.088s] -- Up-to-date: /home/ros2/ros2_rc/install/nav_2d_msgs/share/nav_2d_msgs/cmake/nav_2d_msgs__rosidl_typesupport_cExport.cmake
[3.088s] -- Up-to-date: /home/ros2/ros2_rc/install/nav_2d_msgs/share/nav_2d_msgs/cmake/nav_2d_msgs__rosidl_typesupport_cExport-noconfig.cmake
[3.088s] -- Up-to-date: /home/ros2/ros2_rc/install/nav_2d_msgs/share/nav_2d_msgs/cmake/nav_2d_msgs__rosidl_typesupport_introspection_cppExport.cmake
[3.088s] -- Up-to-date: /home/ros2/ros2_rc/install/nav_2d_msgs/share/nav_2d_msgs/cmake/nav_2d_msgs__rosidl_typesupport_introspection_cppExport-noconfig.cmake
[3.089s] -- Up-to-date: /home/ros2/ros2_rc/install/nav_2d_msgs/share/nav_2d_msgs/cmake/nav_2d_msgs__rosidl_typesupport_cppExport.cmake
[3.089s] -- Up-to-date: /home/ros2/ros2_rc/install/nav_2d_msgs/share/nav_2d_msgs/cmake/nav_2d_msgs__rosidl_typesupport_cppExport-noconfig.cmake
[3.089s] -- Up-to-date: /home/ros2/ros2_rc/install/nav_2d_msgs/share/nav_2d_msgs/cmake/export_nav_2d_msgs__rosidl_generator_pyExport.cmake
[3.089s] -- Up-to-date: /home/ros2/ros2_rc/install/nav_2d_msgs/share/nav_2d_msgs/cmake/export_nav_2d_msgs__rosidl_generator_pyExport-noconfig.cmake
[3.089s] -- Up-to-date: /home/ros2/ros2_rc/install/nav_2d_msgs/share/nav_2d_msgs/cmake/rosidl_cmake-extras.cmake
[3.089s] -- Up-to-date: /home/ros2/ros2_rc/install/nav_2d_msgs/share/nav_2d_msgs/cmake/ament_cmake_export_dependencies-extras.cmake
[3.090s] -- Up-to-date: /home/ros2/ros2_rc/install/nav_2d_msgs/share/nav_2d_msgs/cmake/ament_cmake_export_include_directories-extras.cmake
[3.090s] -- Up-to-date: /home/ros2/ros2_rc/install/nav_2d_msgs/share/nav_2d_msgs/cmake/ament_cmake_export_libraries-extras.cmake
[3.090s] -- Up-to-date: /home/ros2/ros2_rc/install/nav_2d_msgs/share/nav_2d_msgs/cmake/ament_cmake_export_targets-extras.cmake
[3.091s] -- Up-to-date: /home/ros2/ros2_rc/install/nav_2d_msgs/share/nav_2d_msgs/cmake/rosidl_cmake_export_typesupport_targets-extras.cmake
[3.091s] -- Up-to-date: /home/ros2/ros2_rc/install/nav_2d_msgs/share/nav_2d_msgs/cmake/rosidl_cmake_export_typesupport_libraries-extras.cmake
[3.091s] -- Up-to-date: /home/ros2/ros2_rc/install/nav_2d_msgs/share/nav_2d_msgs/cmake/nav_2d_msgsConfig.cmake
[3.091s] -- Up-to-date: /home/ros2/ros2_rc/install/nav_2d_msgs/share/nav_2d_msgs/cmake/nav_2d_msgsConfig-version.cmake
[3.091s] -- Up-to-date: /home/ros2/ros2_rc/install/nav_2d_msgs/share/nav_2d_msgs/package.xml
[3.095s] Invoked command in '/home/ros2/ros2_rc/build/nav_2d_msgs' returned '0': CMAKE_PREFIX_PATH=${CMAKE_PREFIX_PATH}:/home/ros2/ros2_rc/install/nav2_simple_commander:/home/ros2/ros2_rc/src/install/nav2_simple_commander:/opt/ros/humble /usr/bin/cmake --install /home/ros2/ros2_rc/build/nav_2d_msgs
