[0.076s] Invoking command in '/home/ros2/ros2_rc/src/build/smartcar_msgs': CMAKE_PREFIX_PATH=${CMAKE_PREFIX_PATH}:/home/ros2/ros2_rc/src/install/nav2_simple_commander:/home/ros2/ros2_rc/install/nav2_simple_commander:/opt/ros/humble /usr/bin/cmake --build /home/ros2/ros2_rc/src/build/smartcar_msgs -- -j10 -l10
[0.278s] [  9%] Built target smartcar_msgs__rosidl_generator_c
[0.282s] [ 12%] Built target smartcar_msgs__cpp
[0.365s] [ 12%] Built target ament_cmake_python_copy_smartcar_msgs
[0.402s] [ 22%] Built target smartcar_msgs__rosidl_typesupport_cpp
[0.411s] [ 32%] Built target smartcar_msgs__rosidl_typesupport_c
[0.426s] [ 41%] Built target smartcar_msgs__rosidl_typesupport_fastrtps_c
[0.432s] [ 51%] Built target smartcar_msgs__rosidl_typesupport_introspection_c
[0.437s] [ 61%] Built target smartcar_msgs__rosidl_typesupport_introspection_cpp
[0.442s] [ 70%] Built target smartcar_msgs__rosidl_typesupport_fastrtps_cpp
[0.581s] [ 70%] Built target smartcar_msgs
[0.671s] [ 74%] Built target smartcar_msgs__py
[0.788s] [ 80%] Built target smartcar_msgs__rosidl_generator_py
[0.897s] [ 87%] Built target smartcar_msgs__rosidl_typesupport_introspection_c__pyext
[0.899s] [ 93%] Built target smartcar_msgs__rosidl_typesupport_fastrtps_c__pyext
[0.906s] [100%] Built target smartcar_msgs__rosidl_typesupport_c__pyext
[0.977s] running egg_info
[0.978s] writing smartcar_msgs.egg-info/PKG-INFO
[0.979s] writing dependency_links to smartcar_msgs.egg-info/dependency_links.txt
[0.981s] writing top-level names to smartcar_msgs.egg-info/top_level.txt
[0.986s] reading manifest file 'smartcar_msgs.egg-info/SOURCES.txt'
[0.988s] writing manifest file 'smartcar_msgs.egg-info/SOURCES.txt'
[1.080s] [100%] Built target ament_cmake_python_build_smartcar_msgs_egg
[1.116s] Invoked command in '/home/ros2/ros2_rc/src/build/smartcar_msgs' returned '0': CMAKE_PREFIX_PATH=${CMAKE_PREFIX_PATH}:/home/ros2/ros2_rc/src/install/nav2_simple_commander:/home/ros2/ros2_rc/install/nav2_simple_commander:/opt/ros/humble /usr/bin/cmake --build /home/ros2/ros2_rc/src/build/smartcar_msgs -- -j10 -l10
[1.488s] Invoking command in '/home/ros2/ros2_rc/src/build/smartcar_msgs': CMAKE_PREFIX_PATH=${CMAKE_PREFIX_PATH}:/home/ros2/ros2_rc/src/install/nav2_simple_commander:/home/ros2/ros2_rc/install/nav2_simple_commander:/opt/ros/humble /usr/bin/cmake --install /home/ros2/ros2_rc/src/build/smartcar_msgs
[1.546s] -- Install configuration: ""
[1.546s] -- Up-to-date: /home/ros2/ros2_rc/src/install/smartcar_msgs/share/ament_index/resource_index/rosidl_interfaces/smartcar_msgs
[1.547s] -- Up-to-date: /home/ros2/ros2_rc/src/install/smartcar_msgs/include/smartcar_msgs/smartcar_msgs
[1.547s] -- Up-to-date: /home/ros2/ros2_rc/src/install/smartcar_msgs/include/smartcar_msgs/smartcar_msgs/msg
[1.547s] -- Up-to-date: /home/ros2/ros2_rc/src/install/smartcar_msgs/include/smartcar_msgs/smartcar_msgs/msg/status.h
[1.548s] -- Up-to-date: /home/ros2/ros2_rc/src/install/smartcar_msgs/include/smartcar_msgs/smartcar_msgs/msg/rosidl_generator_c__visibility_control.h
[1.548s] -- Up-to-date: /home/ros2/ros2_rc/src/install/smartcar_msgs/include/smartcar_msgs/smartcar_msgs/msg/detail
[1.548s] -- Up-to-date: /home/ros2/ros2_rc/src/install/smartcar_msgs/include/smartcar_msgs/smartcar_msgs/msg/detail/status__type_support.h
[1.548s] -- Up-to-date: /home/ros2/ros2_rc/src/install/smartcar_msgs/include/smartcar_msgs/smartcar_msgs/msg/detail/status__functions.h
[1.548s] -- Up-to-date: /home/ros2/ros2_rc/src/install/smartcar_msgs/include/smartcar_msgs/smartcar_msgs/msg/detail/status__struct.h
[1.548s] -- Up-to-date: /home/ros2/ros2_rc/src/install/smartcar_msgs/include/smartcar_msgs/smartcar_msgs/msg/detail/status__functions.c
[1.548s] -- Up-to-date: /home/ros2/ros2_rc/src/install/smartcar_msgs/share/smartcar_msgs/environment/library_path.sh
[1.548s] -- Up-to-date: /home/ros2/ros2_rc/src/install/smartcar_msgs/share/smartcar_msgs/environment/library_path.dsv
[1.548s] -- Up-to-date: /home/ros2/ros2_rc/src/install/smartcar_msgs/lib/libsmartcar_msgs__rosidl_generator_c.so
[1.548s] -- Up-to-date: /home/ros2/ros2_rc/src/install/smartcar_msgs/include/smartcar_msgs/smartcar_msgs
[1.548s] -- Up-to-date: /home/ros2/ros2_rc/src/install/smartcar_msgs/include/smartcar_msgs/smartcar_msgs/msg
[1.549s] -- Up-to-date: /home/ros2/ros2_rc/src/install/smartcar_msgs/include/smartcar_msgs/smartcar_msgs/msg/rosidl_typesupport_fastrtps_c__visibility_control.h
[1.549s] -- Up-to-date: /home/ros2/ros2_rc/src/install/smartcar_msgs/include/smartcar_msgs/smartcar_msgs/msg/detail
[1.549s] -- Up-to-date: /home/ros2/ros2_rc/src/install/smartcar_msgs/include/smartcar_msgs/smartcar_msgs/msg/detail/status__rosidl_typesupport_fastrtps_c.h
[1.549s] -- Up-to-date: /home/ros2/ros2_rc/src/install/smartcar_msgs/lib/libsmartcar_msgs__rosidl_typesupport_fastrtps_c.so
[1.549s] -- Up-to-date: /home/ros2/ros2_rc/src/install/smartcar_msgs/include/smartcar_msgs/smartcar_msgs
[1.549s] -- Up-to-date: /home/ros2/ros2_rc/src/install/smartcar_msgs/include/smartcar_msgs/smartcar_msgs/msg
[1.550s] -- Up-to-date: /home/ros2/ros2_rc/src/install/smartcar_msgs/include/smartcar_msgs/smartcar_msgs/msg/detail
[1.550s] -- Up-to-date: /home/ros2/ros2_rc/src/install/smartcar_msgs/include/smartcar_msgs/smartcar_msgs/msg/detail/status__type_support.c
[1.550s] -- Up-to-date: /home/ros2/ros2_rc/src/install/smartcar_msgs/include/smartcar_msgs/smartcar_msgs/msg/detail/status__rosidl_typesupport_introspection_c.h
[1.552s] -- Up-to-date: /home/ros2/ros2_rc/src/install/smartcar_msgs/include/smartcar_msgs/smartcar_msgs/msg/rosidl_typesupport_introspection_c__visibility_control.h
[1.552s] -- Up-to-date: /home/ros2/ros2_rc/src/install/smartcar_msgs/lib/libsmartcar_msgs__rosidl_typesupport_introspection_c.so
[1.553s] -- Up-to-date: /home/ros2/ros2_rc/src/install/smartcar_msgs/lib/libsmartcar_msgs__rosidl_typesupport_c.so
[1.553s] -- Up-to-date: /home/ros2/ros2_rc/src/install/smartcar_msgs/include/smartcar_msgs/smartcar_msgs
[1.553s] -- Up-to-date: /home/ros2/ros2_rc/src/install/smartcar_msgs/include/smartcar_msgs/smartcar_msgs/msg
[1.554s] -- Up-to-date: /home/ros2/ros2_rc/src/install/smartcar_msgs/include/smartcar_msgs/smartcar_msgs/msg/detail
[1.554s] -- Up-to-date: /home/ros2/ros2_rc/src/install/smartcar_msgs/include/smartcar_msgs/smartcar_msgs/msg/detail/status__traits.hpp
[1.554s] -- Up-to-date: /home/ros2/ros2_rc/src/install/smartcar_msgs/include/smartcar_msgs/smartcar_msgs/msg/detail/status__struct.hpp
[1.554s] -- Up-to-date: /home/ros2/ros2_rc/src/install/smartcar_msgs/include/smartcar_msgs/smartcar_msgs/msg/detail/status__builder.hpp
[1.554s] -- Up-to-date: /home/ros2/ros2_rc/src/install/smartcar_msgs/include/smartcar_msgs/smartcar_msgs/msg/status.hpp
[1.554s] -- Up-to-date: /home/ros2/ros2_rc/src/install/smartcar_msgs/include/smartcar_msgs/smartcar_msgs
[1.554s] -- Up-to-date: /home/ros2/ros2_rc/src/install/smartcar_msgs/include/smartcar_msgs/smartcar_msgs/msg
[1.554s] -- Up-to-date: /home/ros2/ros2_rc/src/install/smartcar_msgs/include/smartcar_msgs/smartcar_msgs/msg/rosidl_typesupport_fastrtps_cpp__visibility_control.h
[1.554s] -- Up-to-date: /home/ros2/ros2_rc/src/install/smartcar_msgs/include/smartcar_msgs/smartcar_msgs/msg/detail
[1.554s] -- Up-to-date: /home/ros2/ros2_rc/src/install/smartcar_msgs/include/smartcar_msgs/smartcar_msgs/msg/detail/status__rosidl_typesupport_fastrtps_cpp.hpp
[1.555s] -- Up-to-date: /home/ros2/ros2_rc/src/install/smartcar_msgs/include/smartcar_msgs/smartcar_msgs/msg/detail/dds_fastrtps
[1.555s] -- Up-to-date: /home/ros2/ros2_rc/src/install/smartcar_msgs/lib/libsmartcar_msgs__rosidl_typesupport_fastrtps_cpp.so
[1.555s] -- Up-to-date: /home/ros2/ros2_rc/src/install/smartcar_msgs/include/smartcar_msgs/smartcar_msgs
[1.555s] -- Up-to-date: /home/ros2/ros2_rc/src/install/smartcar_msgs/include/smartcar_msgs/smartcar_msgs/msg
[1.555s] -- Up-to-date: /home/ros2/ros2_rc/src/install/smartcar_msgs/include/smartcar_msgs/smartcar_msgs/msg/detail
[1.555s] -- Up-to-date: /home/ros2/ros2_rc/src/install/smartcar_msgs/include/smartcar_msgs/smartcar_msgs/msg/detail/status__type_support.cpp
[1.555s] -- Up-to-date: /home/ros2/ros2_rc/src/install/smartcar_msgs/include/smartcar_msgs/smartcar_msgs/msg/detail/status__rosidl_typesupport_introspection_cpp.hpp
[1.555s] -- Up-to-date: /home/ros2/ros2_rc/src/install/smartcar_msgs/lib/libsmartcar_msgs__rosidl_typesupport_introspection_cpp.so
[1.555s] -- Up-to-date: /home/ros2/ros2_rc/src/install/smartcar_msgs/lib/libsmartcar_msgs__rosidl_typesupport_cpp.so
[1.557s] -- Up-to-date: /home/ros2/ros2_rc/src/install/smartcar_msgs/share/smartcar_msgs/environment/pythonpath.sh
[1.557s] -- Up-to-date: /home/ros2/ros2_rc/src/install/smartcar_msgs/share/smartcar_msgs/environment/pythonpath.dsv
[1.559s] -- Up-to-date: /home/ros2/ros2_rc/src/install/smartcar_msgs/local/lib/python3.10/dist-packages/smartcar_msgs-0.0.0-py3.10.egg-info
[1.561s] -- Installing: /home/ros2/ros2_rc/src/install/smartcar_msgs/local/lib/python3.10/dist-packages/smartcar_msgs-0.0.0-py3.10.egg-info/SOURCES.txt
[1.561s] -- Installing: /home/ros2/ros2_rc/src/install/smartcar_msgs/local/lib/python3.10/dist-packages/smartcar_msgs-0.0.0-py3.10.egg-info/PKG-INFO
[1.561s] -- Installing: /home/ros2/ros2_rc/src/install/smartcar_msgs/local/lib/python3.10/dist-packages/smartcar_msgs-0.0.0-py3.10.egg-info/top_level.txt
[1.561s] -- Installing: /home/ros2/ros2_rc/src/install/smartcar_msgs/local/lib/python3.10/dist-packages/smartcar_msgs-0.0.0-py3.10.egg-info/dependency_links.txt
[1.561s] -- Up-to-date: /home/ros2/ros2_rc/src/install/smartcar_msgs/local/lib/python3.10/dist-packages/smartcar_msgs
[1.561s] -- Up-to-date: /home/ros2/ros2_rc/src/install/smartcar_msgs/local/lib/python3.10/dist-packages/smartcar_msgs/__init__.py
[1.562s] -- Up-to-date: /home/ros2/ros2_rc/src/install/smartcar_msgs/local/lib/python3.10/dist-packages/smartcar_msgs/libsmartcar_msgs__rosidl_generator_py.so
[1.562s] -- Up-to-date: /home/ros2/ros2_rc/src/install/smartcar_msgs/local/lib/python3.10/dist-packages/smartcar_msgs/smartcar_msgs_s__rosidl_typesupport_introspection_c.cpython-310-x86_64-linux-gnu.so
[1.562s] -- Up-to-date: /home/ros2/ros2_rc/src/install/smartcar_msgs/local/lib/python3.10/dist-packages/smartcar_msgs/_smartcar_msgs_s.ep.rosidl_typesupport_c.c
[1.562s] -- Up-to-date: /home/ros2/ros2_rc/src/install/smartcar_msgs/local/lib/python3.10/dist-packages/smartcar_msgs/_smartcar_msgs_s.ep.rosidl_typesupport_fastrtps_c.c
[1.563s] -- Up-to-date: /home/ros2/ros2_rc/src/install/smartcar_msgs/local/lib/python3.10/dist-packages/smartcar_msgs/smartcar_msgs_s__rosidl_typesupport_fastrtps_c.cpython-310-x86_64-linux-gnu.so
[1.563s] -- Up-to-date: /home/ros2/ros2_rc/src/install/smartcar_msgs/local/lib/python3.10/dist-packages/smartcar_msgs/smartcar_msgs_s__rosidl_typesupport_c.cpython-310-x86_64-linux-gnu.so
[1.563s] -- Up-to-date: /home/ros2/ros2_rc/src/install/smartcar_msgs/local/lib/python3.10/dist-packages/smartcar_msgs/_smartcar_msgs_s.ep.rosidl_typesupport_introspection_c.c
[1.563s] -- Up-to-date: /home/ros2/ros2_rc/src/install/smartcar_msgs/local/lib/python3.10/dist-packages/smartcar_msgs/msg
[1.564s] -- Up-to-date: /home/ros2/ros2_rc/src/install/smartcar_msgs/local/lib/python3.10/dist-packages/smartcar_msgs/msg/__init__.py
[1.564s] -- Up-to-date: /home/ros2/ros2_rc/src/install/smartcar_msgs/local/lib/python3.10/dist-packages/smartcar_msgs/msg/_status_s.c
[1.564s] -- Up-to-date: /home/ros2/ros2_rc/src/install/smartcar_msgs/local/lib/python3.10/dist-packages/smartcar_msgs/msg/_status.py
[1.692s] Listing '/home/ros2/ros2_rc/src/install/smartcar_msgs/local/lib/python3.10/dist-packages/smartcar_msgs'...
[1.692s] Listing '/home/ros2/ros2_rc/src/install/smartcar_msgs/local/lib/python3.10/dist-packages/smartcar_msgs/msg'...
[1.702s] -- Up-to-date: /home/ros2/ros2_rc/src/install/smartcar_msgs/local/lib/python3.10/dist-packages/smartcar_msgs/smartcar_msgs_s__rosidl_typesupport_fastrtps_c.cpython-310-x86_64-linux-gnu.so
[1.702s] -- Up-to-date: /home/ros2/ros2_rc/src/install/smartcar_msgs/local/lib/python3.10/dist-packages/smartcar_msgs/smartcar_msgs_s__rosidl_typesupport_introspection_c.cpython-310-x86_64-linux-gnu.so
[1.703s] -- Up-to-date: /home/ros2/ros2_rc/src/install/smartcar_msgs/local/lib/python3.10/dist-packages/smartcar_msgs/smartcar_msgs_s__rosidl_typesupport_c.cpython-310-x86_64-linux-gnu.so
[1.703s] -- Up-to-date: /home/ros2/ros2_rc/src/install/smartcar_msgs/lib/libsmartcar_msgs__rosidl_generator_py.so
[1.704s] -- Up-to-date: /home/ros2/ros2_rc/src/install/smartcar_msgs/share/smartcar_msgs/msg/Status.idl
[1.704s] -- Up-to-date: /home/ros2/ros2_rc/src/install/smartcar_msgs/share/smartcar_msgs/msg/Status.msg
[1.705s] -- Up-to-date: /home/ros2/ros2_rc/src/install/smartcar_msgs/share/ament_index/resource_index/package_run_dependencies/smartcar_msgs
[1.705s] -- Up-to-date: /home/ros2/ros2_rc/src/install/smartcar_msgs/share/ament_index/resource_index/parent_prefix_path/smartcar_msgs
[1.706s] -- Up-to-date: /home/ros2/ros2_rc/src/install/smartcar_msgs/share/smartcar_msgs/environment/ament_prefix_path.sh
[1.706s] -- Up-to-date: /home/ros2/ros2_rc/src/install/smartcar_msgs/share/smartcar_msgs/environment/ament_prefix_path.dsv
[1.707s] -- Up-to-date: /home/ros2/ros2_rc/src/install/smartcar_msgs/share/smartcar_msgs/environment/path.sh
[1.707s] -- Up-to-date: /home/ros2/ros2_rc/src/install/smartcar_msgs/share/smartcar_msgs/environment/path.dsv
[1.708s] -- Up-to-date: /home/ros2/ros2_rc/src/install/smartcar_msgs/share/smartcar_msgs/local_setup.bash
[1.709s] -- Up-to-date: /home/ros2/ros2_rc/src/install/smartcar_msgs/share/smartcar_msgs/local_setup.sh
[1.709s] -- Up-to-date: /home/ros2/ros2_rc/src/install/smartcar_msgs/share/smartcar_msgs/local_setup.zsh
[1.709s] -- Up-to-date: /home/ros2/ros2_rc/src/install/smartcar_msgs/share/smartcar_msgs/local_setup.dsv
[1.709s] -- Installing: /home/ros2/ros2_rc/src/install/smartcar_msgs/share/smartcar_msgs/package.dsv
[1.709s] -- Up-to-date: /home/ros2/ros2_rc/src/install/smartcar_msgs/share/ament_index/resource_index/packages/smartcar_msgs
[1.709s] -- Up-to-date: /home/ros2/ros2_rc/src/install/smartcar_msgs/share/smartcar_msgs/cmake/export_smartcar_msgs__rosidl_generator_cExport.cmake
[1.709s] -- Up-to-date: /home/ros2/ros2_rc/src/install/smartcar_msgs/share/smartcar_msgs/cmake/export_smartcar_msgs__rosidl_generator_cExport-noconfig.cmake
[1.709s] -- Up-to-date: /home/ros2/ros2_rc/src/install/smartcar_msgs/share/smartcar_msgs/cmake/export_smartcar_msgs__rosidl_typesupport_fastrtps_cExport.cmake
[1.709s] -- Up-to-date: /home/ros2/ros2_rc/src/install/smartcar_msgs/share/smartcar_msgs/cmake/export_smartcar_msgs__rosidl_typesupport_fastrtps_cExport-noconfig.cmake
[1.709s] -- Up-to-date: /home/ros2/ros2_rc/src/install/smartcar_msgs/share/smartcar_msgs/cmake/smartcar_msgs__rosidl_typesupport_introspection_cExport.cmake
[1.709s] -- Up-to-date: /home/ros2/ros2_rc/src/install/smartcar_msgs/share/smartcar_msgs/cmake/smartcar_msgs__rosidl_typesupport_introspection_cExport-noconfig.cmake
[1.709s] -- Up-to-date: /home/ros2/ros2_rc/src/install/smartcar_msgs/share/smartcar_msgs/cmake/smartcar_msgs__rosidl_typesupport_cExport.cmake
[1.710s] -- Up-to-date: /home/ros2/ros2_rc/src/install/smartcar_msgs/share/smartcar_msgs/cmake/smartcar_msgs__rosidl_typesupport_cExport-noconfig.cmake
[1.710s] -- Up-to-date: /home/ros2/ros2_rc/src/install/smartcar_msgs/share/smartcar_msgs/cmake/export_smartcar_msgs__rosidl_generator_cppExport.cmake
[1.710s] -- Up-to-date: /home/ros2/ros2_rc/src/install/smartcar_msgs/share/smartcar_msgs/cmake/export_smartcar_msgs__rosidl_typesupport_fastrtps_cppExport.cmake
[1.710s] -- Up-to-date: /home/ros2/ros2_rc/src/install/smartcar_msgs/share/smartcar_msgs/cmake/export_smartcar_msgs__rosidl_typesupport_fastrtps_cppExport-noconfig.cmake
[1.710s] -- Up-to-date: /home/ros2/ros2_rc/src/install/smartcar_msgs/share/smartcar_msgs/cmake/smartcar_msgs__rosidl_typesupport_introspection_cppExport.cmake
[1.710s] -- Up-to-date: /home/ros2/ros2_rc/src/install/smartcar_msgs/share/smartcar_msgs/cmake/smartcar_msgs__rosidl_typesupport_introspection_cppExport-noconfig.cmake
[1.710s] -- Up-to-date: /home/ros2/ros2_rc/src/install/smartcar_msgs/share/smartcar_msgs/cmake/smartcar_msgs__rosidl_typesupport_cppExport.cmake
[1.710s] -- Up-to-date: /home/ros2/ros2_rc/src/install/smartcar_msgs/share/smartcar_msgs/cmake/smartcar_msgs__rosidl_typesupport_cppExport-noconfig.cmake
[1.710s] -- Up-to-date: /home/ros2/ros2_rc/src/install/smartcar_msgs/share/smartcar_msgs/cmake/export_smartcar_msgs__rosidl_generator_pyExport.cmake
[1.710s] -- Up-to-date: /home/ros2/ros2_rc/src/install/smartcar_msgs/share/smartcar_msgs/cmake/export_smartcar_msgs__rosidl_generator_pyExport-noconfig.cmake
[1.710s] -- Up-to-date: /home/ros2/ros2_rc/src/install/smartcar_msgs/share/smartcar_msgs/cmake/rosidl_cmake-extras.cmake
[1.710s] -- Up-to-date: /home/ros2/ros2_rc/src/install/smartcar_msgs/share/smartcar_msgs/cmake/ament_cmake_export_include_directories-extras.cmake
[1.710s] -- Up-to-date: /home/ros2/ros2_rc/src/install/smartcar_msgs/share/smartcar_msgs/cmake/ament_cmake_export_libraries-extras.cmake
[1.710s] -- Up-to-date: /home/ros2/ros2_rc/src/install/smartcar_msgs/share/smartcar_msgs/cmake/ament_cmake_export_targets-extras.cmake
[1.711s] -- Up-to-date: /home/ros2/ros2_rc/src/install/smartcar_msgs/share/smartcar_msgs/cmake/rosidl_cmake_export_typesupport_targets-extras.cmake
[1.711s] -- Up-to-date: /home/ros2/ros2_rc/src/install/smartcar_msgs/share/smartcar_msgs/cmake/ament_cmake_export_dependencies-extras.cmake
[1.711s] -- Up-to-date: /home/ros2/ros2_rc/src/install/smartcar_msgs/share/smartcar_msgs/cmake/rosidl_cmake_export_typesupport_libraries-extras.cmake
[1.711s] -- Up-to-date: /home/ros2/ros2_rc/src/install/smartcar_msgs/share/smartcar_msgs/cmake/smartcar_msgsConfig.cmake
[1.711s] -- Up-to-date: /home/ros2/ros2_rc/src/install/smartcar_msgs/share/smartcar_msgs/cmake/smartcar_msgsConfig-version.cmake
[1.711s] -- Up-to-date: /home/ros2/ros2_rc/src/install/smartcar_msgs/share/smartcar_msgs/package.xml
[1.724s] Invoked command in '/home/ros2/ros2_rc/src/build/smartcar_msgs' returned '0': CMAKE_PREFIX_PATH=${CMAKE_PREFIX_PATH}:/home/ros2/ros2_rc/src/install/nav2_simple_commander:/home/ros2/ros2_rc/install/nav2_simple_commander:/opt/ros/humble /usr/bin/cmake --install /home/ros2/ros2_rc/src/build/smartcar_msgs
