[0.318s] DEBUG:colcon:Command line arguments: ['/usr/bin/colcon', 'build']
[0.318s] DEBUG:colcon:Parsed command line arguments: Namespace(log_base=None, log_level=None, verb_name='build', build_base='build', install_base='install', merge_install=False, symlink_install=False, test_result_base=None, continue_on_error=False, executor='parallel', parallel_workers=9, event_handlers=None, ignore_user_meta=False, metas=['./colcon.meta'], base_paths=['.'], packages_ignore=None, packages_ignore_regex=None, paths=None, packages_up_to=None, packages_up_to_regex=None, packages_above=None, packages_above_and_dependencies=None, packages_above_depth=None, packages_select_by_dep=None, packages_skip_by_dep=None, packages_skip_up_to=None, packages_select_build_failed=False, packages_skip_build_finished=False, packages_select_test_failures=False, packages_skip_test_passed=False, packages_select=None, packages_skip=None, packages_select_regex=None, packages_skip_regex=None, packages_start=None, packages_end=None, allow_overriding=[], cmake_args=None, cmake_target=None, cmake_target_skip_unavailable=False, cmake_clean_cache=False, cmake_clean_first=False, cmake_force_configure=False, ament_cmake_args=None, catkin_cmake_args=None, catkin_skip_building_tests=False, mixin_files=None, mixin=None, verb_parser=<colcon_mixin.mixin.mixin_argument.MixinArgumentDecorator object at 0x7a2b9aab3eb0>, verb_extension=<colcon_core.verb.build.BuildVerb object at 0x7a2b9abf4730>, main=<bound method BuildVerb.main of <colcon_core.verb.build.BuildVerb object at 0x7a2b9abf4730>>, mixin_verb=('build',))
[0.812s] Level 1:colcon.colcon_core.package_discovery:discover_packages(colcon_meta) check parameters
[0.812s] Level 1:colcon.colcon_core.package_discovery:discover_packages(recursive) check parameters
[0.812s] Level 1:colcon.colcon_core.package_discovery:discover_packages(ignore) check parameters
[0.812s] Level 1:colcon.colcon_core.package_discovery:discover_packages(path) check parameters
[0.813s] Level 1:colcon.colcon_core.package_discovery:discover_packages(colcon_meta) discover
[0.813s] Level 1:colcon.colcon_core.package_discovery:discover_packages(recursive) discover
[0.813s] INFO:colcon.colcon_core.package_discovery:Crawling recursively for packages in '/home/ros2/ros2_rc/src'
[0.813s] Level 1:colcon.colcon_core.package_identification:_identify(.) by extensions ['ignore', 'ignore_ament_install']
[0.813s] Level 1:colcon.colcon_core.package_identification:_identify(.) by extension 'ignore'
[0.813s] Level 1:colcon.colcon_core.package_identification:_identify(.) by extension 'ignore_ament_install'
[0.813s] Level 1:colcon.colcon_core.package_identification:_identify(.) by extensions ['colcon_pkg']
[0.813s] Level 1:colcon.colcon_core.package_identification:_identify(.) by extension 'colcon_pkg'
[0.814s] Level 1:colcon.colcon_core.package_identification:_identify(.) by extensions ['colcon_meta']
[0.814s] Level 1:colcon.colcon_core.package_identification:_identify(.) by extension 'colcon_meta'
[0.814s] Level 1:colcon.colcon_core.package_identification:_identify(.) by extensions ['ros']
[0.814s] Level 1:colcon.colcon_core.package_identification:_identify(.) by extension 'ros'
[0.836s] Level 1:colcon.colcon_core.package_identification:_identify(.) by extensions ['cmake', 'python']
[0.837s] Level 1:colcon.colcon_core.package_identification:_identify(.) by extension 'cmake'
[0.837s] Level 1:colcon.colcon_core.package_identification:_identify(.) by extension 'python'
[0.837s] Level 1:colcon.colcon_core.package_identification:_identify(.) by extensions ['python_setup_py']
[0.837s] Level 1:colcon.colcon_core.package_identification:_identify(.) by extension 'python_setup_py'
[0.837s] Level 1:colcon.colcon_core.package_identification:_identify(build) by extensions ['ignore', 'ignore_ament_install']
[0.837s] Level 1:colcon.colcon_core.package_identification:_identify(build) by extension 'ignore'
[0.837s] Level 1:colcon.colcon_core.package_identification:_identify(build) ignored
[0.838s] Level 1:colcon.colcon_core.package_identification:_identify(car_gazebo_plugin) by extensions ['ignore', 'ignore_ament_install']
[0.838s] Level 1:colcon.colcon_core.package_identification:_identify(car_gazebo_plugin) by extension 'ignore'
[0.838s] Level 1:colcon.colcon_core.package_identification:_identify(car_gazebo_plugin) by extension 'ignore_ament_install'
[0.838s] Level 1:colcon.colcon_core.package_identification:_identify(car_gazebo_plugin) by extensions ['colcon_pkg']
[0.838s] Level 1:colcon.colcon_core.package_identification:_identify(car_gazebo_plugin) by extension 'colcon_pkg'
[0.838s] Level 1:colcon.colcon_core.package_identification:_identify(car_gazebo_plugin) by extensions ['colcon_meta']
[0.838s] Level 1:colcon.colcon_core.package_identification:_identify(car_gazebo_plugin) by extension 'colcon_meta'
[0.838s] Level 1:colcon.colcon_core.package_identification:_identify(car_gazebo_plugin) by extensions ['ros']
[0.838s] Level 1:colcon.colcon_core.package_identification:_identify(car_gazebo_plugin) by extension 'ros'
[0.845s] DEBUG:colcon.colcon_core.package_identification:Package 'car_gazebo_plugin' with type 'ros.ament_cmake' and name 'car_gazebo_plugin'
[0.845s] Level 1:colcon.colcon_core.package_identification:_identify(install) by extensions ['ignore', 'ignore_ament_install']
[0.845s] Level 1:colcon.colcon_core.package_identification:_identify(install) by extension 'ignore'
[0.845s] Level 1:colcon.colcon_core.package_identification:_identify(install) ignored
[0.846s] Level 1:colcon.colcon_core.package_identification:_identify(log) by extensions ['ignore', 'ignore_ament_install']
[0.846s] Level 1:colcon.colcon_core.package_identification:_identify(log) by extension 'ignore'
[0.846s] Level 1:colcon.colcon_core.package_identification:_identify(log) ignored
[0.846s] Level 1:colcon.colcon_core.package_identification:_identify(ros2_rc) by extensions ['ignore', 'ignore_ament_install']
[0.846s] Level 1:colcon.colcon_core.package_identification:_identify(ros2_rc) by extension 'ignore'
[0.846s] Level 1:colcon.colcon_core.package_identification:_identify(ros2_rc) by extension 'ignore_ament_install'
[0.846s] Level 1:colcon.colcon_core.package_identification:_identify(ros2_rc) by extensions ['colcon_pkg']
[0.846s] Level 1:colcon.colcon_core.package_identification:_identify(ros2_rc) by extension 'colcon_pkg'
[0.846s] Level 1:colcon.colcon_core.package_identification:_identify(ros2_rc) by extensions ['colcon_meta']
[0.846s] Level 1:colcon.colcon_core.package_identification:_identify(ros2_rc) by extension 'colcon_meta'
[0.847s] Level 1:colcon.colcon_core.package_identification:_identify(ros2_rc) by extensions ['ros']
[0.847s] Level 1:colcon.colcon_core.package_identification:_identify(ros2_rc) by extension 'ros'
[0.848s] DEBUG:colcon.colcon_core.package_identification:Package 'ros2_rc' with type 'ros.ament_cmake' and name 'ros2_rc'
[0.848s] Level 1:colcon.colcon_core.package_identification:_identify(smart_car) by extensions ['ignore', 'ignore_ament_install']
[0.848s] Level 1:colcon.colcon_core.package_identification:_identify(smart_car) by extension 'ignore'
[0.849s] Level 1:colcon.colcon_core.package_identification:_identify(smart_car) by extension 'ignore_ament_install'
[0.849s] Level 1:colcon.colcon_core.package_identification:_identify(smart_car) by extensions ['colcon_pkg']
[0.849s] Level 1:colcon.colcon_core.package_identification:_identify(smart_car) by extension 'colcon_pkg'
[0.849s] Level 1:colcon.colcon_core.package_identification:_identify(smart_car) by extensions ['colcon_meta']
[0.849s] Level 1:colcon.colcon_core.package_identification:_identify(smart_car) by extension 'colcon_meta'
[0.849s] Level 1:colcon.colcon_core.package_identification:_identify(smart_car) by extensions ['ros']
[0.849s] Level 1:colcon.colcon_core.package_identification:_identify(smart_car) by extension 'ros'
[0.850s] DEBUG:colcon.colcon_core.package_identification:Package 'smart_car' with type 'ros.ament_cmake' and name 'smart_car'
[0.851s] Level 1:colcon.colcon_core.package_identification:_identify(smartcar_msgs) by extensions ['ignore', 'ignore_ament_install']
[0.851s] Level 1:colcon.colcon_core.package_identification:_identify(smartcar_msgs) by extension 'ignore'
[0.851s] Level 1:colcon.colcon_core.package_identification:_identify(smartcar_msgs) by extension 'ignore_ament_install'
[0.851s] Level 1:colcon.colcon_core.package_identification:_identify(smartcar_msgs) by extensions ['colcon_pkg']
[0.851s] Level 1:colcon.colcon_core.package_identification:_identify(smartcar_msgs) by extension 'colcon_pkg'
[0.851s] Level 1:colcon.colcon_core.package_identification:_identify(smartcar_msgs) by extensions ['colcon_meta']
[0.851s] Level 1:colcon.colcon_core.package_identification:_identify(smartcar_msgs) by extension 'colcon_meta'
[0.851s] Level 1:colcon.colcon_core.package_identification:_identify(smartcar_msgs) by extensions ['ros']
[0.852s] Level 1:colcon.colcon_core.package_identification:_identify(smartcar_msgs) by extension 'ros'
[0.853s] DEBUG:colcon.colcon_core.package_identification:Package 'smartcar_msgs' with type 'ros.ament_cmake' and name 'smartcar_msgs'
[0.853s] Level 1:colcon.colcon_core.package_identification:_identify(sudo apt install ros-humble-gazebo-ros-pkgs) by extensions ['ignore', 'ignore_ament_install']
[0.853s] Level 1:colcon.colcon_core.package_identification:_identify(sudo apt install ros-humble-gazebo-ros-pkgs) by extension 'ignore'
[0.853s] Level 1:colcon.colcon_core.package_identification:_identify(sudo apt install ros-humble-gazebo-ros-pkgs) by extension 'ignore_ament_install'
[0.853s] Level 1:colcon.colcon_core.package_identification:_identify(sudo apt install ros-humble-gazebo-ros-pkgs) by extensions ['colcon_pkg']
[0.854s] Level 1:colcon.colcon_core.package_identification:_identify(sudo apt install ros-humble-gazebo-ros-pkgs) by extension 'colcon_pkg'
[0.854s] Level 1:colcon.colcon_core.package_identification:_identify(sudo apt install ros-humble-gazebo-ros-pkgs) by extensions ['colcon_meta']
[0.854s] Level 1:colcon.colcon_core.package_identification:_identify(sudo apt install ros-humble-gazebo-ros-pkgs) by extension 'colcon_meta'
[0.854s] Level 1:colcon.colcon_core.package_identification:_identify(sudo apt install ros-humble-gazebo-ros-pkgs) by extensions ['ros']
[0.854s] Level 1:colcon.colcon_core.package_identification:_identify(sudo apt install ros-humble-gazebo-ros-pkgs) by extension 'ros'
[0.854s] Level 1:colcon.colcon_core.package_identification:_identify(sudo apt install ros-humble-gazebo-ros-pkgs) by extensions ['cmake', 'python']
[0.854s] Level 1:colcon.colcon_core.package_identification:_identify(sudo apt install ros-humble-gazebo-ros-pkgs) by extension 'cmake'
[0.854s] Level 1:colcon.colcon_core.package_identification:_identify(sudo apt install ros-humble-gazebo-ros-pkgs) by extension 'python'
[0.854s] Level 1:colcon.colcon_core.package_identification:_identify(sudo apt install ros-humble-gazebo-ros-pkgs) by extensions ['python_setup_py']
[0.854s] Level 1:colcon.colcon_core.package_identification:_identify(sudo apt install ros-humble-gazebo-ros-pkgs) by extension 'python_setup_py'
[0.854s] Level 1:colcon.colcon_core.package_discovery:discover_packages(recursive) using defaults
[0.854s] Level 1:colcon.colcon_core.package_discovery:discover_packages(ignore) discover
[0.854s] Level 1:colcon.colcon_core.package_discovery:discover_packages(ignore) using defaults
[0.855s] Level 1:colcon.colcon_core.package_discovery:discover_packages(path) discover
[0.855s] Level 1:colcon.colcon_core.package_discovery:discover_packages(path) using defaults
[0.924s] Level 1:colcon.colcon_core.package_discovery:discover_packages(prefix_path) check parameters
[0.924s] Level 1:colcon.colcon_core.package_discovery:discover_packages(prefix_path) discover
[0.942s] DEBUG:colcon.colcon_installed_package_information.package_discovery:Found 334 installed packages in /opt/ros/humble
[0.951s] Level 1:colcon.colcon_core.package_discovery:discover_packages(prefix_path) using defaults
[1.085s] Level 5:colcon.colcon_core.verb:set package 'car_gazebo_plugin' build argument 'cmake_args' from command line to 'None'
[1.086s] Level 5:colcon.colcon_core.verb:set package 'car_gazebo_plugin' build argument 'cmake_target' from command line to 'None'
[1.086s] Level 5:colcon.colcon_core.verb:set package 'car_gazebo_plugin' build argument 'cmake_target_skip_unavailable' from command line to 'False'
[1.086s] Level 5:colcon.colcon_core.verb:set package 'car_gazebo_plugin' build argument 'cmake_clean_cache' from command line to 'False'
[1.086s] Level 5:colcon.colcon_core.verb:set package 'car_gazebo_plugin' build argument 'cmake_clean_first' from command line to 'False'
[1.086s] Level 5:colcon.colcon_core.verb:set package 'car_gazebo_plugin' build argument 'cmake_force_configure' from command line to 'False'
[1.086s] Level 5:colcon.colcon_core.verb:set package 'car_gazebo_plugin' build argument 'ament_cmake_args' from command line to 'None'
[1.086s] Level 5:colcon.colcon_core.verb:set package 'car_gazebo_plugin' build argument 'catkin_cmake_args' from command line to 'None'
[1.087s] Level 5:colcon.colcon_core.verb:set package 'car_gazebo_plugin' build argument 'catkin_skip_building_tests' from command line to 'False'
[1.087s] DEBUG:colcon.colcon_core.verb:Building package 'car_gazebo_plugin' with the following arguments: {'ament_cmake_args': None, 'build_base': '/home/ros2/ros2_rc/src/build/car_gazebo_plugin', 'catkin_cmake_args': None, 'catkin_skip_building_tests': False, 'cmake_args': None, 'cmake_clean_cache': False, 'cmake_clean_first': False, 'cmake_force_configure': False, 'cmake_target': None, 'cmake_target_skip_unavailable': False, 'install_base': '/home/ros2/ros2_rc/src/install/car_gazebo_plugin', 'merge_install': False, 'path': '/home/ros2/ros2_rc/src/car_gazebo_plugin', 'symlink_install': False, 'test_result_base': None}
[1.088s] Level 5:colcon.colcon_core.verb:set package 'ros2_rc' build argument 'cmake_args' from command line to 'None'
[1.088s] Level 5:colcon.colcon_core.verb:set package 'ros2_rc' build argument 'cmake_target' from command line to 'None'
[1.088s] Level 5:colcon.colcon_core.verb:set package 'ros2_rc' build argument 'cmake_target_skip_unavailable' from command line to 'False'
[1.088s] Level 5:colcon.colcon_core.verb:set package 'ros2_rc' build argument 'cmake_clean_cache' from command line to 'False'
[1.088s] Level 5:colcon.colcon_core.verb:set package 'ros2_rc' build argument 'cmake_clean_first' from command line to 'False'
[1.088s] Level 5:colcon.colcon_core.verb:set package 'ros2_rc' build argument 'cmake_force_configure' from command line to 'False'
[1.089s] Level 5:colcon.colcon_core.verb:set package 'ros2_rc' build argument 'ament_cmake_args' from command line to 'None'
[1.089s] Level 5:colcon.colcon_core.verb:set package 'ros2_rc' build argument 'catkin_cmake_args' from command line to 'None'
[1.089s] Level 5:colcon.colcon_core.verb:set package 'ros2_rc' build argument 'catkin_skip_building_tests' from command line to 'False'
[1.089s] DEBUG:colcon.colcon_core.verb:Building package 'ros2_rc' with the following arguments: {'ament_cmake_args': None, 'build_base': '/home/ros2/ros2_rc/src/build/ros2_rc', 'catkin_cmake_args': None, 'catkin_skip_building_tests': False, 'cmake_args': None, 'cmake_clean_cache': False, 'cmake_clean_first': False, 'cmake_force_configure': False, 'cmake_target': None, 'cmake_target_skip_unavailable': False, 'install_base': '/home/ros2/ros2_rc/src/install/ros2_rc', 'merge_install': False, 'path': '/home/ros2/ros2_rc/src/ros2_rc', 'symlink_install': False, 'test_result_base': None}
[1.090s] Level 5:colcon.colcon_core.verb:set package 'smart_car' build argument 'cmake_args' from command line to 'None'
[1.090s] Level 5:colcon.colcon_core.verb:set package 'smart_car' build argument 'cmake_target' from command line to 'None'
[1.090s] Level 5:colcon.colcon_core.verb:set package 'smart_car' build argument 'cmake_target_skip_unavailable' from command line to 'False'
[1.090s] Level 5:colcon.colcon_core.verb:set package 'smart_car' build argument 'cmake_clean_cache' from command line to 'False'
[1.090s] Level 5:colcon.colcon_core.verb:set package 'smart_car' build argument 'cmake_clean_first' from command line to 'False'
[1.090s] Level 5:colcon.colcon_core.verb:set package 'smart_car' build argument 'cmake_force_configure' from command line to 'False'
[1.091s] Level 5:colcon.colcon_core.verb:set package 'smart_car' build argument 'ament_cmake_args' from command line to 'None'
[1.091s] Level 5:colcon.colcon_core.verb:set package 'smart_car' build argument 'catkin_cmake_args' from command line to 'None'
[1.091s] Level 5:colcon.colcon_core.verb:set package 'smart_car' build argument 'catkin_skip_building_tests' from command line to 'False'
[1.091s] DEBUG:colcon.colcon_core.verb:Building package 'smart_car' with the following arguments: {'ament_cmake_args': None, 'build_base': '/home/ros2/ros2_rc/src/build/smart_car', 'catkin_cmake_args': None, 'catkin_skip_building_tests': False, 'cmake_args': None, 'cmake_clean_cache': False, 'cmake_clean_first': False, 'cmake_force_configure': False, 'cmake_target': None, 'cmake_target_skip_unavailable': False, 'install_base': '/home/ros2/ros2_rc/src/install/smart_car', 'merge_install': False, 'path': '/home/ros2/ros2_rc/src/smart_car', 'symlink_install': False, 'test_result_base': None}
[1.092s] Level 5:colcon.colcon_core.verb:set package 'smartcar_msgs' build argument 'cmake_args' from command line to 'None'
[1.093s] Level 5:colcon.colcon_core.verb:set package 'smartcar_msgs' build argument 'cmake_target' from command line to 'None'
[1.093s] Level 5:colcon.colcon_core.verb:set package 'smartcar_msgs' build argument 'cmake_target_skip_unavailable' from command line to 'False'
[1.093s] Level 5:colcon.colcon_core.verb:set package 'smartcar_msgs' build argument 'cmake_clean_cache' from command line to 'False'
[1.093s] Level 5:colcon.colcon_core.verb:set package 'smartcar_msgs' build argument 'cmake_clean_first' from command line to 'False'
[1.093s] Level 5:colcon.colcon_core.verb:set package 'smartcar_msgs' build argument 'cmake_force_configure' from command line to 'False'
[1.093s] Level 5:colcon.colcon_core.verb:set package 'smartcar_msgs' build argument 'ament_cmake_args' from command line to 'None'
[1.093s] Level 5:colcon.colcon_core.verb:set package 'smartcar_msgs' build argument 'catkin_cmake_args' from command line to 'None'
[1.093s] Level 5:colcon.colcon_core.verb:set package 'smartcar_msgs' build argument 'catkin_skip_building_tests' from command line to 'False'
[1.093s] DEBUG:colcon.colcon_core.verb:Building package 'smartcar_msgs' with the following arguments: {'ament_cmake_args': None, 'build_base': '/home/ros2/ros2_rc/src/build/smartcar_msgs', 'catkin_cmake_args': None, 'catkin_skip_building_tests': False, 'cmake_args': None, 'cmake_clean_cache': False, 'cmake_clean_first': False, 'cmake_force_configure': False, 'cmake_target': None, 'cmake_target_skip_unavailable': False, 'install_base': '/home/ros2/ros2_rc/src/install/smartcar_msgs', 'merge_install': False, 'path': '/home/ros2/ros2_rc/src/smartcar_msgs', 'symlink_install': False, 'test_result_base': None}
[1.094s] INFO:colcon.colcon_core.executor:Executing jobs using 'parallel' executor
[1.097s] DEBUG:colcon.colcon_parallel_executor.executor.parallel:run_until_complete
[1.098s] INFO:colcon.colcon_ros.task.ament_cmake.build:Building ROS package in '/home/ros2/ros2_rc/src/car_gazebo_plugin' with build type 'ament_cmake'
[1.099s] INFO:colcon.colcon_cmake.task.cmake.build:Building CMake package in '/home/ros2/ros2_rc/src/car_gazebo_plugin'
[1.109s] INFO:colcon.colcon_core.plugin_system:Skipping extension 'colcon_core.shell.bat': Not used on non-Windows systems
[1.110s] INFO:colcon.colcon_core.shell:Skip shell extension 'powershell' for command environment: Not usable outside of PowerShell
[1.110s] DEBUG:colcon.colcon_core.shell:Skip shell extension 'dsv' for command environment
[1.121s] INFO:colcon.colcon_ros.task.ament_cmake.build:Building ROS package in '/home/ros2/ros2_rc/src/ros2_rc' with build type 'ament_cmake'
[1.121s] INFO:colcon.colcon_cmake.task.cmake.build:Building CMake package in '/home/ros2/ros2_rc/src/ros2_rc'
[1.122s] INFO:colcon.colcon_core.shell:Skip shell extension 'powershell' for command environment: Not usable outside of PowerShell
[1.122s] DEBUG:colcon.colcon_core.shell:Skip shell extension 'dsv' for command environment
[1.133s] INFO:colcon.colcon_ros.task.ament_cmake.build:Building ROS package in '/home/ros2/ros2_rc/src/smart_car' with build type 'ament_cmake'
[1.134s] INFO:colcon.colcon_cmake.task.cmake.build:Building CMake package in '/home/ros2/ros2_rc/src/smart_car'
[1.135s] INFO:colcon.colcon_core.shell:Skip shell extension 'powershell' for command environment: Not usable outside of PowerShell
[1.135s] DEBUG:colcon.colcon_core.shell:Skip shell extension 'dsv' for command environment
[1.145s] INFO:colcon.colcon_ros.task.ament_cmake.build:Building ROS package in '/home/ros2/ros2_rc/src/smartcar_msgs' with build type 'ament_cmake'
[1.146s] INFO:colcon.colcon_cmake.task.cmake.build:Building CMake package in '/home/ros2/ros2_rc/src/smartcar_msgs'
[1.147s] INFO:colcon.colcon_core.shell:Skip shell extension 'powershell' for command environment: Not usable outside of PowerShell
[1.148s] DEBUG:colcon.colcon_core.shell:Skip shell extension 'dsv' for command environment
[1.176s] DEBUG:colcon.colcon_core.event_handler.log_command:Invoking command in '/home/ros2/ros2_rc/src/build/car_gazebo_plugin': CMAKE_PREFIX_PATH=/opt/ros/humble /usr/bin/cmake --build /home/ros2/ros2_rc/src/build/car_gazebo_plugin -- -j9 -l9
[1.199s] DEBUG:colcon.colcon_core.event_handler.log_command:Invoking command in '/home/ros2/ros2_rc/src/build/ros2_rc': CMAKE_PREFIX_PATH=/opt/ros/humble /usr/bin/cmake --build /home/ros2/ros2_rc/src/build/ros2_rc -- -j9 -l9
[1.214s] DEBUG:colcon.colcon_core.event_handler.log_command:Invoking command in '/home/ros2/ros2_rc/src/build/smart_car': CMAKE_PREFIX_PATH=/opt/ros/humble /usr/bin/cmake --build /home/ros2/ros2_rc/src/build/smart_car -- -j9 -l9
[1.230s] DEBUG:colcon.colcon_core.event_handler.log_command:Invoking command in '/home/ros2/ros2_rc/src/build/smartcar_msgs': CMAKE_PREFIX_PATH=/opt/ros/humble /usr/bin/cmake --build /home/ros2/ros2_rc/src/build/smartcar_msgs -- -j9 -l9
[1.384s] DEBUG:colcon.colcon_core.event_handler.log_command:Invoked command in '/home/ros2/ros2_rc/src/build/ros2_rc' returned '0': CMAKE_PREFIX_PATH=/opt/ros/humble /usr/bin/cmake --build /home/ros2/ros2_rc/src/build/ros2_rc -- -j9 -l9
[1.391s] DEBUG:colcon.colcon_core.event_handler.log_command:Invoked command in '/home/ros2/ros2_rc/src/build/smart_car' returned '0': CMAKE_PREFIX_PATH=/opt/ros/humble /usr/bin/cmake --build /home/ros2/ros2_rc/src/build/smart_car -- -j9 -l9
[1.509s] DEBUG:colcon.colcon_core.event_handler.log_command:Invoking command in '/home/ros2/ros2_rc/src/build/ros2_rc': CMAKE_PREFIX_PATH=/opt/ros/humble /usr/bin/cmake --install /home/ros2/ros2_rc/src/build/ros2_rc
[1.517s] DEBUG:colcon.colcon_core.event_handler.log_command:Invoking command in '/home/ros2/ros2_rc/src/build/smart_car': CMAKE_PREFIX_PATH=/opt/ros/humble /usr/bin/cmake --install /home/ros2/ros2_rc/src/build/smart_car
[1.561s] Level 1:colcon.colcon_core.environment:create_environment_scripts_only(ros2_rc)
[1.571s] DEBUG:colcon.colcon_core.event_handler.log_command:Invoked command in '/home/ros2/ros2_rc/src/build/ros2_rc' returned '0': CMAKE_PREFIX_PATH=/opt/ros/humble /usr/bin/cmake --install /home/ros2/ros2_rc/src/build/ros2_rc
[1.728s] Level 1:colcon.colcon_core.environment:checking '/home/ros2/ros2_rc/src/install/ros2_rc' for CMake module files
[1.730s] Level 1:colcon.colcon_core.environment:checking '/home/ros2/ros2_rc/src/install/ros2_rc' for CMake config files
[1.731s] Level 1:colcon.colcon_core.shell:create_environment_hook('ros2_rc', 'cmake_prefix_path')
[1.732s] INFO:colcon.colcon_core.shell:Creating environment hook '/home/ros2/ros2_rc/src/install/ros2_rc/share/ros2_rc/hook/cmake_prefix_path.ps1'
[1.737s] INFO:colcon.colcon_core.shell:Creating environment descriptor '/home/ros2/ros2_rc/src/install/ros2_rc/share/ros2_rc/hook/cmake_prefix_path.dsv'
[1.740s] INFO:colcon.colcon_core.shell:Creating environment hook '/home/ros2/ros2_rc/src/install/ros2_rc/share/ros2_rc/hook/cmake_prefix_path.sh'
[1.743s] Level 1:colcon.colcon_core.environment:checking '/home/ros2/ros2_rc/src/install/ros2_rc/bin'
[1.743s] Level 1:colcon.colcon_core.environment:checking '/home/ros2/ros2_rc/src/install/ros2_rc/lib/pkgconfig/ros2_rc.pc'
[1.744s] Level 1:colcon.colcon_core.environment:checking '/home/ros2/ros2_rc/src/install/ros2_rc/lib/python3.10/site-packages'
[1.745s] Level 1:colcon.colcon_core.environment:checking '/home/ros2/ros2_rc/src/install/ros2_rc/bin'
[1.746s] INFO:colcon.colcon_core.shell:Creating package script '/home/ros2/ros2_rc/src/install/ros2_rc/share/ros2_rc/package.ps1'
[1.749s] INFO:colcon.colcon_core.shell:Creating package descriptor '/home/ros2/ros2_rc/src/install/ros2_rc/share/ros2_rc/package.dsv'
[1.753s] INFO:colcon.colcon_core.shell:Creating package script '/home/ros2/ros2_rc/src/install/ros2_rc/share/ros2_rc/package.sh'
[1.758s] INFO:colcon.colcon_core.shell:Creating package script '/home/ros2/ros2_rc/src/install/ros2_rc/share/ros2_rc/package.bash'
[1.762s] INFO:colcon.colcon_core.shell:Creating package script '/home/ros2/ros2_rc/src/install/ros2_rc/share/ros2_rc/package.zsh'
[1.764s] Level 1:colcon.colcon_core.environment:create_file_with_runtime_dependencies(/home/ros2/ros2_rc/src/install/ros2_rc/share/colcon-core/packages/ros2_rc)
[1.769s] Level 1:colcon.colcon_core.environment:create_environment_scripts_only(smart_car)
[1.771s] Level 1:colcon.colcon_core.environment:checking '/home/ros2/ros2_rc/src/install/smart_car' for CMake module files
[1.773s] DEBUG:colcon.colcon_core.event_handler.log_command:Invoked command in '/home/ros2/ros2_rc/src/build/smart_car' returned '0': CMAKE_PREFIX_PATH=/opt/ros/humble /usr/bin/cmake --install /home/ros2/ros2_rc/src/build/smart_car
[1.774s] Level 1:colcon.colcon_core.environment:checking '/home/ros2/ros2_rc/src/install/smart_car' for CMake config files
[1.776s] Level 1:colcon.colcon_core.shell:create_environment_hook('smart_car', 'cmake_prefix_path')
[1.777s] INFO:colcon.colcon_core.shell:Creating environment hook '/home/ros2/ros2_rc/src/install/smart_car/share/smart_car/hook/cmake_prefix_path.ps1'
[1.778s] INFO:colcon.colcon_core.shell:Creating environment descriptor '/home/ros2/ros2_rc/src/install/smart_car/share/smart_car/hook/cmake_prefix_path.dsv'
[1.780s] INFO:colcon.colcon_core.shell:Creating environment hook '/home/ros2/ros2_rc/src/install/smart_car/share/smart_car/hook/cmake_prefix_path.sh'
[1.781s] Level 1:colcon.colcon_core.environment:checking '/home/ros2/ros2_rc/src/install/smart_car/lib'
[1.782s] Level 1:colcon.colcon_core.environment:checking '/home/ros2/ros2_rc/src/install/smart_car/bin'
[1.782s] Level 1:colcon.colcon_core.environment:checking '/home/ros2/ros2_rc/src/install/smart_car/lib/pkgconfig/smart_car.pc'
[1.783s] Level 1:colcon.colcon_core.environment:checking '/home/ros2/ros2_rc/src/install/smart_car/lib/python3.10/site-packages'
[1.783s] Level 1:colcon.colcon_core.environment:checking '/home/ros2/ros2_rc/src/install/smart_car/bin'
[1.784s] INFO:colcon.colcon_core.shell:Creating package script '/home/ros2/ros2_rc/src/install/smart_car/share/smart_car/package.ps1'
[1.785s] INFO:colcon.colcon_core.shell:Creating package descriptor '/home/ros2/ros2_rc/src/install/smart_car/share/smart_car/package.dsv'
[1.786s] INFO:colcon.colcon_core.shell:Creating package script '/home/ros2/ros2_rc/src/install/smart_car/share/smart_car/package.sh'
[1.787s] INFO:colcon.colcon_core.shell:Creating package script '/home/ros2/ros2_rc/src/install/smart_car/share/smart_car/package.bash'
[1.788s] INFO:colcon.colcon_core.shell:Creating package script '/home/ros2/ros2_rc/src/install/smart_car/share/smart_car/package.zsh'
[1.790s] Level 1:colcon.colcon_core.environment:create_file_with_runtime_dependencies(/home/ros2/ros2_rc/src/install/smart_car/share/colcon-core/packages/smart_car)
[1.795s] DEBUG:colcon.colcon_core.event_handler.log_command:Invoked command in '/home/ros2/ros2_rc/src/build/car_gazebo_plugin' returned '0': CMAKE_PREFIX_PATH=/opt/ros/humble /usr/bin/cmake --build /home/ros2/ros2_rc/src/build/car_gazebo_plugin -- -j9 -l9
[1.823s] Level 1:colcon.colcon_core.environment:create_environment_scripts_only(ros2_rc)
[1.824s] Level 1:colcon.colcon_core.environment:checking '/home/ros2/ros2_rc/src/install/ros2_rc' for CMake module files
[1.825s] Level 1:colcon.colcon_core.environment:checking '/home/ros2/ros2_rc/src/install/ros2_rc' for CMake config files
[1.825s] Level 1:colcon.colcon_core.shell:create_environment_hook('ros2_rc', 'cmake_prefix_path')
[1.826s] INFO:colcon.colcon_core.shell:Creating environment hook '/home/ros2/ros2_rc/src/install/ros2_rc/share/ros2_rc/hook/cmake_prefix_path.ps1'
[1.827s] INFO:colcon.colcon_core.shell:Creating environment descriptor '/home/ros2/ros2_rc/src/install/ros2_rc/share/ros2_rc/hook/cmake_prefix_path.dsv'
[1.828s] INFO:colcon.colcon_core.shell:Creating environment hook '/home/ros2/ros2_rc/src/install/ros2_rc/share/ros2_rc/hook/cmake_prefix_path.sh'
[1.829s] Level 1:colcon.colcon_core.environment:checking '/home/ros2/ros2_rc/src/install/ros2_rc/bin'
[1.830s] Level 1:colcon.colcon_core.environment:checking '/home/ros2/ros2_rc/src/install/ros2_rc/lib/pkgconfig/ros2_rc.pc'
[1.830s] Level 1:colcon.colcon_core.environment:checking '/home/ros2/ros2_rc/src/install/ros2_rc/lib/python3.10/site-packages'
[1.831s] Level 1:colcon.colcon_core.environment:checking '/home/ros2/ros2_rc/src/install/ros2_rc/bin'
[1.831s] INFO:colcon.colcon_core.shell:Creating package script '/home/ros2/ros2_rc/src/install/ros2_rc/share/ros2_rc/package.ps1'
[1.833s] INFO:colcon.colcon_core.shell:Creating package descriptor '/home/ros2/ros2_rc/src/install/ros2_rc/share/ros2_rc/package.dsv'
[1.834s] INFO:colcon.colcon_core.shell:Creating package script '/home/ros2/ros2_rc/src/install/ros2_rc/share/ros2_rc/package.sh'
[1.836s] INFO:colcon.colcon_core.shell:Creating package script '/home/ros2/ros2_rc/src/install/ros2_rc/share/ros2_rc/package.bash'
[1.837s] INFO:colcon.colcon_core.shell:Creating package script '/home/ros2/ros2_rc/src/install/ros2_rc/share/ros2_rc/package.zsh'
[1.838s] Level 1:colcon.colcon_core.environment:create_file_with_runtime_dependencies(/home/ros2/ros2_rc/src/install/ros2_rc/share/colcon-core/packages/ros2_rc)
[1.842s] Level 1:colcon.colcon_core.environment:create_environment_scripts_only(smart_car)
[1.843s] Level 1:colcon.colcon_core.environment:checking '/home/ros2/ros2_rc/src/install/smart_car' for CMake module files
[1.844s] Level 1:colcon.colcon_core.environment:checking '/home/ros2/ros2_rc/src/install/smart_car' for CMake config files
[1.845s] Level 1:colcon.colcon_core.shell:create_environment_hook('smart_car', 'cmake_prefix_path')
[1.845s] INFO:colcon.colcon_core.shell:Creating environment hook '/home/ros2/ros2_rc/src/install/smart_car/share/smart_car/hook/cmake_prefix_path.ps1'
[1.846s] INFO:colcon.colcon_core.shell:Creating environment descriptor '/home/ros2/ros2_rc/src/install/smart_car/share/smart_car/hook/cmake_prefix_path.dsv'
[1.847s] INFO:colcon.colcon_core.shell:Creating environment hook '/home/ros2/ros2_rc/src/install/smart_car/share/smart_car/hook/cmake_prefix_path.sh'
[1.848s] Level 1:colcon.colcon_core.environment:checking '/home/ros2/ros2_rc/src/install/smart_car/lib'
[1.849s] Level 1:colcon.colcon_core.environment:checking '/home/ros2/ros2_rc/src/install/smart_car/bin'
[1.849s] Level 1:colcon.colcon_core.environment:checking '/home/ros2/ros2_rc/src/install/smart_car/lib/pkgconfig/smart_car.pc'
[1.849s] Level 1:colcon.colcon_core.environment:checking '/home/ros2/ros2_rc/src/install/smart_car/lib/python3.10/site-packages'
[1.850s] Level 1:colcon.colcon_core.environment:checking '/home/ros2/ros2_rc/src/install/smart_car/bin'
[1.850s] INFO:colcon.colcon_core.shell:Creating package script '/home/ros2/ros2_rc/src/install/smart_car/share/smart_car/package.ps1'
[1.851s] INFO:colcon.colcon_core.shell:Creating package descriptor '/home/ros2/ros2_rc/src/install/smart_car/share/smart_car/package.dsv'
[1.852s] INFO:colcon.colcon_core.shell:Creating package script '/home/ros2/ros2_rc/src/install/smart_car/share/smart_car/package.sh'
[1.853s] INFO:colcon.colcon_core.shell:Creating package script '/home/ros2/ros2_rc/src/install/smart_car/share/smart_car/package.bash'
[1.854s] INFO:colcon.colcon_core.shell:Creating package script '/home/ros2/ros2_rc/src/install/smart_car/share/smart_car/package.zsh'
[1.856s] Level 1:colcon.colcon_core.environment:create_file_with_runtime_dependencies(/home/ros2/ros2_rc/src/install/smart_car/share/colcon-core/packages/smart_car)
[1.863s] DEBUG:colcon.colcon_core.event_handler.log_command:Invoking command in '/home/ros2/ros2_rc/src/build/car_gazebo_plugin': CMAKE_PREFIX_PATH=/opt/ros/humble /usr/bin/cmake --install /home/ros2/ros2_rc/src/build/car_gazebo_plugin
[1.884s] Level 1:colcon.colcon_core.environment:create_environment_scripts_only(car_gazebo_plugin)
[1.885s] Level 1:colcon.colcon_core.environment:checking '/home/ros2/ros2_rc/src/install/car_gazebo_plugin' for CMake module files
[1.887s] DEBUG:colcon.colcon_core.event_handler.log_command:Invoked command in '/home/ros2/ros2_rc/src/build/car_gazebo_plugin' returned '0': CMAKE_PREFIX_PATH=/opt/ros/humble /usr/bin/cmake --install /home/ros2/ros2_rc/src/build/car_gazebo_plugin
[1.888s] Level 1:colcon.colcon_core.environment:checking '/home/ros2/ros2_rc/src/install/car_gazebo_plugin' for CMake config files
[1.888s] Level 1:colcon.colcon_core.shell:create_environment_hook('car_gazebo_plugin', 'cmake_prefix_path')
[1.889s] INFO:colcon.colcon_core.shell:Creating environment hook '/home/ros2/ros2_rc/src/install/car_gazebo_plugin/share/car_gazebo_plugin/hook/cmake_prefix_path.ps1'
[1.890s] INFO:colcon.colcon_core.shell:Creating environment descriptor '/home/ros2/ros2_rc/src/install/car_gazebo_plugin/share/car_gazebo_plugin/hook/cmake_prefix_path.dsv'
[1.891s] INFO:colcon.colcon_core.shell:Creating environment hook '/home/ros2/ros2_rc/src/install/car_gazebo_plugin/share/car_gazebo_plugin/hook/cmake_prefix_path.sh'
[1.892s] Level 1:colcon.colcon_core.environment:checking '/home/ros2/ros2_rc/src/install/car_gazebo_plugin/lib'
[1.893s] Level 1:colcon.colcon_core.shell:create_environment_hook('car_gazebo_plugin', 'ld_library_path_lib')
[1.893s] INFO:colcon.colcon_core.shell:Creating environment hook '/home/ros2/ros2_rc/src/install/car_gazebo_plugin/share/car_gazebo_plugin/hook/ld_library_path_lib.ps1'
[1.894s] INFO:colcon.colcon_core.shell:Creating environment descriptor '/home/ros2/ros2_rc/src/install/car_gazebo_plugin/share/car_gazebo_plugin/hook/ld_library_path_lib.dsv'
[1.895s] INFO:colcon.colcon_core.shell:Creating environment hook '/home/ros2/ros2_rc/src/install/car_gazebo_plugin/share/car_gazebo_plugin/hook/ld_library_path_lib.sh'
[1.896s] Level 1:colcon.colcon_core.environment:checking '/home/ros2/ros2_rc/src/install/car_gazebo_plugin/bin'
[1.896s] Level 1:colcon.colcon_core.environment:checking '/home/ros2/ros2_rc/src/install/car_gazebo_plugin/lib/pkgconfig/car_gazebo_plugin.pc'
[1.896s] Level 1:colcon.colcon_core.environment:checking '/home/ros2/ros2_rc/src/install/car_gazebo_plugin/lib/python3.10/site-packages'
[1.897s] Level 1:colcon.colcon_core.environment:checking '/home/ros2/ros2_rc/src/install/car_gazebo_plugin/bin'
[1.898s] INFO:colcon.colcon_core.shell:Creating package script '/home/ros2/ros2_rc/src/install/car_gazebo_plugin/share/car_gazebo_plugin/package.ps1'
[1.899s] INFO:colcon.colcon_core.shell:Creating package descriptor '/home/ros2/ros2_rc/src/install/car_gazebo_plugin/share/car_gazebo_plugin/package.dsv'
[1.900s] INFO:colcon.colcon_core.shell:Creating package script '/home/ros2/ros2_rc/src/install/car_gazebo_plugin/share/car_gazebo_plugin/package.sh'
[1.901s] INFO:colcon.colcon_core.shell:Creating package script '/home/ros2/ros2_rc/src/install/car_gazebo_plugin/share/car_gazebo_plugin/package.bash'
[1.906s] INFO:colcon.colcon_core.shell:Creating package script '/home/ros2/ros2_rc/src/install/car_gazebo_plugin/share/car_gazebo_plugin/package.zsh'
[1.907s] Level 1:colcon.colcon_core.environment:create_file_with_runtime_dependencies(/home/ros2/ros2_rc/src/install/car_gazebo_plugin/share/colcon-core/packages/car_gazebo_plugin)
[1.969s] Level 1:colcon.colcon_core.environment:create_environment_scripts_only(car_gazebo_plugin)
[1.970s] Level 1:colcon.colcon_core.environment:checking '/home/ros2/ros2_rc/src/install/car_gazebo_plugin' for CMake module files
[1.971s] Level 1:colcon.colcon_core.environment:checking '/home/ros2/ros2_rc/src/install/car_gazebo_plugin' for CMake config files
[1.971s] Level 1:colcon.colcon_core.shell:create_environment_hook('car_gazebo_plugin', 'cmake_prefix_path')
[1.972s] INFO:colcon.colcon_core.shell:Creating environment hook '/home/ros2/ros2_rc/src/install/car_gazebo_plugin/share/car_gazebo_plugin/hook/cmake_prefix_path.ps1'
[1.973s] INFO:colcon.colcon_core.shell:Creating environment descriptor '/home/ros2/ros2_rc/src/install/car_gazebo_plugin/share/car_gazebo_plugin/hook/cmake_prefix_path.dsv'
[1.974s] INFO:colcon.colcon_core.shell:Creating environment hook '/home/ros2/ros2_rc/src/install/car_gazebo_plugin/share/car_gazebo_plugin/hook/cmake_prefix_path.sh'
[1.975s] Level 1:colcon.colcon_core.environment:checking '/home/ros2/ros2_rc/src/install/car_gazebo_plugin/lib'
[1.976s] Level 1:colcon.colcon_core.shell:create_environment_hook('car_gazebo_plugin', 'ld_library_path_lib')
[1.977s] INFO:colcon.colcon_core.shell:Creating environment hook '/home/ros2/ros2_rc/src/install/car_gazebo_plugin/share/car_gazebo_plugin/hook/ld_library_path_lib.ps1'
[1.979s] INFO:colcon.colcon_core.shell:Creating environment descriptor '/home/ros2/ros2_rc/src/install/car_gazebo_plugin/share/car_gazebo_plugin/hook/ld_library_path_lib.dsv'
[1.981s] INFO:colcon.colcon_core.shell:Creating environment hook '/home/ros2/ros2_rc/src/install/car_gazebo_plugin/share/car_gazebo_plugin/hook/ld_library_path_lib.sh'
[1.982s] Level 1:colcon.colcon_core.environment:checking '/home/ros2/ros2_rc/src/install/car_gazebo_plugin/bin'
[1.982s] Level 1:colcon.colcon_core.environment:checking '/home/ros2/ros2_rc/src/install/car_gazebo_plugin/lib/pkgconfig/car_gazebo_plugin.pc'
[1.982s] Level 1:colcon.colcon_core.environment:checking '/home/ros2/ros2_rc/src/install/car_gazebo_plugin/lib/python3.10/site-packages'
[1.983s] Level 1:colcon.colcon_core.environment:checking '/home/ros2/ros2_rc/src/install/car_gazebo_plugin/bin'
[1.984s] INFO:colcon.colcon_core.shell:Creating package script '/home/ros2/ros2_rc/src/install/car_gazebo_plugin/share/car_gazebo_plugin/package.ps1'
[1.986s] INFO:colcon.colcon_core.shell:Creating package descriptor '/home/ros2/ros2_rc/src/install/car_gazebo_plugin/share/car_gazebo_plugin/package.dsv'
[1.987s] INFO:colcon.colcon_core.shell:Creating package script '/home/ros2/ros2_rc/src/install/car_gazebo_plugin/share/car_gazebo_plugin/package.sh'
[1.988s] INFO:colcon.colcon_core.shell:Creating package script '/home/ros2/ros2_rc/src/install/car_gazebo_plugin/share/car_gazebo_plugin/package.bash'
[1.989s] INFO:colcon.colcon_core.shell:Creating package script '/home/ros2/ros2_rc/src/install/car_gazebo_plugin/share/car_gazebo_plugin/package.zsh'
[1.989s] Level 1:colcon.colcon_core.environment:create_file_with_runtime_dependencies(/home/ros2/ros2_rc/src/install/car_gazebo_plugin/share/colcon-core/packages/car_gazebo_plugin)
[2.441s] DEBUG:colcon.colcon_core.event_handler.log_command:Invoked command in '/home/ros2/ros2_rc/src/build/smartcar_msgs' returned '0': CMAKE_PREFIX_PATH=/opt/ros/humble /usr/bin/cmake --build /home/ros2/ros2_rc/src/build/smartcar_msgs -- -j9 -l9
[2.624s] DEBUG:colcon.colcon_core.event_handler.log_command:Invoking command in '/home/ros2/ros2_rc/src/build/smartcar_msgs': CMAKE_PREFIX_PATH=/opt/ros/humble /usr/bin/cmake --install /home/ros2/ros2_rc/src/build/smartcar_msgs
[2.788s] Level 1:colcon.colcon_core.environment:create_environment_scripts_only(smartcar_msgs)
[2.789s] Level 1:colcon.colcon_core.environment:checking '/home/ros2/ros2_rc/src/install/smartcar_msgs' for CMake module files
[2.791s] DEBUG:colcon.colcon_core.event_handler.log_command:Invoked command in '/home/ros2/ros2_rc/src/build/smartcar_msgs' returned '0': CMAKE_PREFIX_PATH=/opt/ros/humble /usr/bin/cmake --install /home/ros2/ros2_rc/src/build/smartcar_msgs
[2.792s] Level 1:colcon.colcon_core.environment:checking '/home/ros2/ros2_rc/src/install/smartcar_msgs' for CMake config files
[2.793s] Level 1:colcon.colcon_core.shell:create_environment_hook('smartcar_msgs', 'cmake_prefix_path')
[2.794s] INFO:colcon.colcon_core.shell:Creating environment hook '/home/ros2/ros2_rc/src/install/smartcar_msgs/share/smartcar_msgs/hook/cmake_prefix_path.ps1'
[2.795s] INFO:colcon.colcon_core.shell:Creating environment descriptor '/home/ros2/ros2_rc/src/install/smartcar_msgs/share/smartcar_msgs/hook/cmake_prefix_path.dsv'
[2.797s] INFO:colcon.colcon_core.shell:Creating environment hook '/home/ros2/ros2_rc/src/install/smartcar_msgs/share/smartcar_msgs/hook/cmake_prefix_path.sh'
[2.799s] Level 1:colcon.colcon_core.environment:checking '/home/ros2/ros2_rc/src/install/smartcar_msgs/lib'
[2.799s] Level 1:colcon.colcon_core.shell:create_environment_hook('smartcar_msgs', 'ld_library_path_lib')
[2.800s] INFO:colcon.colcon_core.shell:Creating environment hook '/home/ros2/ros2_rc/src/install/smartcar_msgs/share/smartcar_msgs/hook/ld_library_path_lib.ps1'
[2.801s] INFO:colcon.colcon_core.shell:Creating environment descriptor '/home/ros2/ros2_rc/src/install/smartcar_msgs/share/smartcar_msgs/hook/ld_library_path_lib.dsv'
[2.802s] INFO:colcon.colcon_core.shell:Creating environment hook '/home/ros2/ros2_rc/src/install/smartcar_msgs/share/smartcar_msgs/hook/ld_library_path_lib.sh'
[2.804s] Level 1:colcon.colcon_core.environment:checking '/home/ros2/ros2_rc/src/install/smartcar_msgs/bin'
[2.804s] Level 1:colcon.colcon_core.environment:checking '/home/ros2/ros2_rc/src/install/smartcar_msgs/lib/pkgconfig/smartcar_msgs.pc'
[2.805s] Level 1:colcon.colcon_core.environment:checking '/home/ros2/ros2_rc/src/install/smartcar_msgs/lib/python3.10/site-packages'
[2.805s] Level 1:colcon.colcon_core.environment:checking '/home/ros2/ros2_rc/src/install/smartcar_msgs/bin'
[2.806s] INFO:colcon.colcon_core.shell:Creating package script '/home/ros2/ros2_rc/src/install/smartcar_msgs/share/smartcar_msgs/package.ps1'
[2.807s] INFO:colcon.colcon_core.shell:Creating package descriptor '/home/ros2/ros2_rc/src/install/smartcar_msgs/share/smartcar_msgs/package.dsv'
[2.808s] INFO:colcon.colcon_core.shell:Creating package script '/home/ros2/ros2_rc/src/install/smartcar_msgs/share/smartcar_msgs/package.sh'
[2.809s] INFO:colcon.colcon_core.shell:Creating package script '/home/ros2/ros2_rc/src/install/smartcar_msgs/share/smartcar_msgs/package.bash'
[2.810s] INFO:colcon.colcon_core.shell:Creating package script '/home/ros2/ros2_rc/src/install/smartcar_msgs/share/smartcar_msgs/package.zsh'
[2.811s] Level 1:colcon.colcon_core.environment:create_file_with_runtime_dependencies(/home/ros2/ros2_rc/src/install/smartcar_msgs/share/colcon-core/packages/smartcar_msgs)
[2.970s] Level 1:colcon.colcon_core.environment:create_environment_scripts_only(smartcar_msgs)
[2.971s] Level 1:colcon.colcon_core.environment:checking '/home/ros2/ros2_rc/src/install/smartcar_msgs' for CMake module files
[2.972s] Level 1:colcon.colcon_core.environment:checking '/home/ros2/ros2_rc/src/install/smartcar_msgs' for CMake config files
[2.974s] Level 1:colcon.colcon_core.shell:create_environment_hook('smartcar_msgs', 'cmake_prefix_path')
[2.975s] INFO:colcon.colcon_core.shell:Creating environment hook '/home/ros2/ros2_rc/src/install/smartcar_msgs/share/smartcar_msgs/hook/cmake_prefix_path.ps1'
[2.976s] INFO:colcon.colcon_core.shell:Creating environment descriptor '/home/ros2/ros2_rc/src/install/smartcar_msgs/share/smartcar_msgs/hook/cmake_prefix_path.dsv'
[2.978s] INFO:colcon.colcon_core.shell:Creating environment hook '/home/ros2/ros2_rc/src/install/smartcar_msgs/share/smartcar_msgs/hook/cmake_prefix_path.sh'
[2.980s] Level 1:colcon.colcon_core.environment:checking '/home/ros2/ros2_rc/src/install/smartcar_msgs/lib'
[2.980s] Level 1:colcon.colcon_core.shell:create_environment_hook('smartcar_msgs', 'ld_library_path_lib')
[2.981s] INFO:colcon.colcon_core.shell:Creating environment hook '/home/ros2/ros2_rc/src/install/smartcar_msgs/share/smartcar_msgs/hook/ld_library_path_lib.ps1'
[2.982s] INFO:colcon.colcon_core.shell:Creating environment descriptor '/home/ros2/ros2_rc/src/install/smartcar_msgs/share/smartcar_msgs/hook/ld_library_path_lib.dsv'
[2.983s] INFO:colcon.colcon_core.shell:Creating environment hook '/home/ros2/ros2_rc/src/install/smartcar_msgs/share/smartcar_msgs/hook/ld_library_path_lib.sh'
[2.984s] Level 1:colcon.colcon_core.environment:checking '/home/ros2/ros2_rc/src/install/smartcar_msgs/bin'
[2.984s] Level 1:colcon.colcon_core.environment:checking '/home/ros2/ros2_rc/src/install/smartcar_msgs/lib/pkgconfig/smartcar_msgs.pc'
[2.985s] Level 1:colcon.colcon_core.environment:checking '/home/ros2/ros2_rc/src/install/smartcar_msgs/lib/python3.10/site-packages'
[2.986s] Level 1:colcon.colcon_core.environment:checking '/home/ros2/ros2_rc/src/install/smartcar_msgs/bin'
[2.987s] INFO:colcon.colcon_core.shell:Creating package script '/home/ros2/ros2_rc/src/install/smartcar_msgs/share/smartcar_msgs/package.ps1'
[2.988s] INFO:colcon.colcon_core.shell:Creating package descriptor '/home/ros2/ros2_rc/src/install/smartcar_msgs/share/smartcar_msgs/package.dsv'
[2.989s] INFO:colcon.colcon_core.shell:Creating package script '/home/ros2/ros2_rc/src/install/smartcar_msgs/share/smartcar_msgs/package.sh'
[2.991s] INFO:colcon.colcon_core.shell:Creating package script '/home/ros2/ros2_rc/src/install/smartcar_msgs/share/smartcar_msgs/package.bash'
[2.992s] INFO:colcon.colcon_core.shell:Creating package script '/home/ros2/ros2_rc/src/install/smartcar_msgs/share/smartcar_msgs/package.zsh'
[2.993s] Level 1:colcon.colcon_core.environment:create_file_with_runtime_dependencies(/home/ros2/ros2_rc/src/install/smartcar_msgs/share/colcon-core/packages/smartcar_msgs)
[2.994s] DEBUG:colcon.colcon_parallel_executor.executor.parallel:closing loop
[2.995s] DEBUG:colcon.colcon_parallel_executor.executor.parallel:loop closed
[2.995s] DEBUG:colcon.colcon_parallel_executor.executor.parallel:run_until_complete finished with '0'
[2.995s] DEBUG:colcon.colcon_core.event_reactor:joining thread
[3.012s] INFO:colcon.colcon_core.plugin_system:Skipping extension 'colcon_notification.desktop_notification.terminal_notifier': Not used on non-Darwin systems
[3.013s] INFO:colcon.colcon_core.plugin_system:Skipping extension 'colcon_notification.desktop_notification.win32': Not used on non-Windows systems
[3.013s] INFO:colcon.colcon_notification.desktop_notification:Sending desktop notification using 'notify2'
[3.073s] DEBUG:colcon.colcon_core.event_reactor:joined thread
[3.074s] INFO:colcon.colcon_core.shell:Creating prefix script '/home/ros2/ros2_rc/src/install/local_setup.ps1'
[3.078s] INFO:colcon.colcon_core.shell:Creating prefix util module '/home/ros2/ros2_rc/src/install/_local_setup_util_ps1.py'
[3.083s] INFO:colcon.colcon_core.shell:Creating prefix chain script '/home/ros2/ros2_rc/src/install/setup.ps1'
[3.088s] INFO:colcon.colcon_core.shell:Creating prefix script '/home/ros2/ros2_rc/src/install/local_setup.sh'
[3.091s] INFO:colcon.colcon_core.shell:Creating prefix util module '/home/ros2/ros2_rc/src/install/_local_setup_util_sh.py'
[3.093s] INFO:colcon.colcon_core.shell:Creating prefix chain script '/home/ros2/ros2_rc/src/install/setup.sh'
[3.098s] INFO:colcon.colcon_core.shell:Creating prefix script '/home/ros2/ros2_rc/src/install/local_setup.bash'
[3.101s] INFO:colcon.colcon_core.shell:Creating prefix chain script '/home/ros2/ros2_rc/src/install/setup.bash'
[3.105s] INFO:colcon.colcon_core.shell:Creating prefix script '/home/ros2/ros2_rc/src/install/local_setup.zsh'
[3.110s] INFO:colcon.colcon_core.shell:Creating prefix chain script '/home/ros2/ros2_rc/src/install/setup.zsh'
