[0.044s] Invoking command in '/home/ros2/ros2_rc/src/smart_car/build/smart_car': CMAKE_PREFIX_PATH=${CMAKE_PREFIX_PATH}:/opt/ros/humble /usr/bin/cmake --build /home/ros2/ros2_rc/src/smart_car/build/smart_car -- -j9 -l9
[0.146s] Invoked command in '/home/ros2/ros2_rc/src/smart_car/build/smart_car' returned '0': CMAKE_PREFIX_PATH=${CMAKE_PREFIX_PATH}:/opt/ros/humble /usr/bin/cmake --build /home/ros2/ros2_rc/src/smart_car/build/smart_car -- -j9 -l9
[0.227s] Invoking command in '/home/ros2/ros2_rc/src/smart_car/build/smart_car': CMAKE_PREFIX_PATH=${CMAKE_PREFIX_PATH}:/opt/ros/humble /usr/bin/cmake --install /home/ros2/ros2_rc/src/smart_car/build/smart_car
[0.247s] -- Install configuration: ""
[0.248s] -- Up-to-date: /home/ros2/ros2_rc/src/smart_car/install/smart_car/share/smart_car/launch
[0.248s] -- Up-to-date: /home/ros2/ros2_rc/src/smart_car/install/smart_car/share/smart_car/launch/smartcar.launch.py
[0.248s] -- Up-to-date: /home/ros2/ros2_rc/src/smart_car/install/smart_car/share/smart_car/urdf
[0.248s] -- Installing: /home/ros2/ros2_rc/src/smart_car/install/smart_car/share/smart_car/urdf/smartcar.urdf.xacro
[0.248s] -- Up-to-date: /home/ros2/ros2_rc/src/smart_car/install/smart_car/share/smart_car/urdf/smart_car.urdf
[0.249s] -- Up-to-date: /home/ros2/ros2_rc/src/smart_car/install/smart_car/share/smart_car/urdf/.vscode
[0.250s] -- Up-to-date: /home/ros2/ros2_rc/src/smart_car/install/smart_car/share/smart_car/urdf/.vscode/settings.json
[0.250s] -- Up-to-date: /home/ros2/ros2_rc/src/smart_car/install/smart_car/share/smart_car/urdf/.vscode/c_cpp_properties.json
[0.250s] -- Up-to-date: /home/ros2/ros2_rc/src/smart_car/install/smart_car/share/smart_car/urdf/smartcar.urdf
[0.251s] -- Up-to-date: /home/ros2/ros2_rc/src/smart_car/install/smart_car/share/ament_index/resource_index/package_run_dependencies/smart_car
[0.251s] -- Up-to-date: /home/ros2/ros2_rc/src/smart_car/install/smart_car/share/ament_index/resource_index/parent_prefix_path/smart_car
[0.251s] -- Up-to-date: /home/ros2/ros2_rc/src/smart_car/install/smart_car/share/smart_car/environment/ament_prefix_path.sh
[0.251s] -- Up-to-date: /home/ros2/ros2_rc/src/smart_car/install/smart_car/share/smart_car/environment/ament_prefix_path.dsv
[0.251s] -- Up-to-date: /home/ros2/ros2_rc/src/smart_car/install/smart_car/share/smart_car/environment/path.sh
[0.251s] -- Up-to-date: /home/ros2/ros2_rc/src/smart_car/install/smart_car/share/smart_car/environment/path.dsv
[0.251s] -- Up-to-date: /home/ros2/ros2_rc/src/smart_car/install/smart_car/share/smart_car/local_setup.bash
[0.252s] -- Up-to-date: /home/ros2/ros2_rc/src/smart_car/install/smart_car/share/smart_car/local_setup.sh
[0.252s] -- Up-to-date: /home/ros2/ros2_rc/src/smart_car/install/smart_car/share/smart_car/local_setup.zsh
[0.252s] -- Up-to-date: /home/ros2/ros2_rc/src/smart_car/install/smart_car/share/smart_car/local_setup.dsv
[0.252s] -- Installing: /home/ros2/ros2_rc/src/smart_car/install/smart_car/share/smart_car/package.dsv
[0.252s] -- Up-to-date: /home/ros2/ros2_rc/src/smart_car/install/smart_car/share/ament_index/resource_index/packages/smart_car
[0.252s] -- Up-to-date: /home/ros2/ros2_rc/src/smart_car/install/smart_car/share/smart_car/cmake/smart_carConfig.cmake
[0.252s] -- Up-to-date: /home/ros2/ros2_rc/src/smart_car/install/smart_car/share/smart_car/cmake/smart_carConfig-version.cmake
[0.252s] -- Up-to-date: /home/ros2/ros2_rc/src/smart_car/install/smart_car/share/smart_car/package.xml
[0.257s] Invoked command in '/home/ros2/ros2_rc/src/smart_car/build/smart_car' returned '0': CMAKE_PREFIX_PATH=${CMAKE_PREFIX_PATH}:/opt/ros/humble /usr/bin/cmake --install /home/ros2/ros2_rc/src/smart_car/build/smart_car
