[0.392s] DEBUG:colcon:Command line arguments: ['/usr/bin/colcon', 'build']
[0.392s] DEBUG:colcon:Parsed command line arguments: Namespace(log_base=None, log_level=None, verb_name='build', build_base='build', install_base='install', merge_install=False, symlink_install=False, test_result_base=None, continue_on_error=False, executor='parallel', parallel_workers=9, event_handlers=None, ignore_user_meta=False, metas=['./colcon.meta'], base_paths=['.'], packages_ignore=None, packages_ignore_regex=None, paths=None, packages_up_to=None, packages_up_to_regex=None, packages_above=None, packages_above_and_dependencies=None, packages_above_depth=None, packages_select_by_dep=None, packages_skip_by_dep=None, packages_skip_up_to=None, packages_select_build_failed=False, packages_skip_build_finished=False, packages_select_test_failures=False, packages_skip_test_passed=False, packages_select=None, packages_skip=None, packages_select_regex=None, packages_skip_regex=None, packages_start=None, packages_end=None, allow_overriding=[], cmake_args=None, cmake_target=None, cmake_target_skip_unavailable=False, cmake_clean_cache=False, cmake_clean_first=False, cmake_force_configure=False, ament_cmake_args=None, catkin_cmake_args=None, catkin_skip_building_tests=False, mixin_files=None, mixin=None, verb_parser=<colcon_mixin.mixin.mixin_argument.MixinArgumentDecorator object at 0x73b4b64f7ee0>, verb_extension=<colcon_core.verb.build.BuildVerb object at 0x73b4b6638760>, main=<bound method BuildVerb.main of <colcon_core.verb.build.BuildVerb object at 0x73b4b6638760>>, mixin_verb=('build',))
[0.764s] Level 1:colcon.colcon_core.package_discovery:discover_packages(colcon_meta) check parameters
[0.764s] Level 1:colcon.colcon_core.package_discovery:discover_packages(recursive) check parameters
[0.764s] Level 1:colcon.colcon_core.package_discovery:discover_packages(ignore) check parameters
[0.764s] Level 1:colcon.colcon_core.package_discovery:discover_packages(path) check parameters
[0.764s] Level 1:colcon.colcon_core.package_discovery:discover_packages(colcon_meta) discover
[0.764s] Level 1:colcon.colcon_core.package_discovery:discover_packages(recursive) discover
[0.764s] INFO:colcon.colcon_core.package_discovery:Crawling recursively for packages in '/home/ros2/ros2_rc/src'
[0.764s] Level 1:colcon.colcon_core.package_identification:_identify(.) by extensions ['ignore', 'ignore_ament_install']
[0.764s] Level 1:colcon.colcon_core.package_identification:_identify(.) by extension 'ignore'
[0.764s] Level 1:colcon.colcon_core.package_identification:_identify(.) by extension 'ignore_ament_install'
[0.764s] Level 1:colcon.colcon_core.package_identification:_identify(.) by extensions ['colcon_pkg']
[0.765s] Level 1:colcon.colcon_core.package_identification:_identify(.) by extension 'colcon_pkg'
[0.765s] Level 1:colcon.colcon_core.package_identification:_identify(.) by extensions ['colcon_meta']
[0.765s] Level 1:colcon.colcon_core.package_identification:_identify(.) by extension 'colcon_meta'
[0.765s] Level 1:colcon.colcon_core.package_identification:_identify(.) by extensions ['ros']
[0.765s] Level 1:colcon.colcon_core.package_identification:_identify(.) by extension 'ros'
[0.779s] Level 1:colcon.colcon_core.package_identification:_identify(.) by extensions ['cmake', 'python']
[0.780s] Level 1:colcon.colcon_core.package_identification:_identify(.) by extension 'cmake'
[0.780s] Level 1:colcon.colcon_core.package_identification:_identify(.) by extension 'python'
[0.780s] Level 1:colcon.colcon_core.package_identification:_identify(.) by extensions ['python_setup_py']
[0.780s] Level 1:colcon.colcon_core.package_identification:_identify(.) by extension 'python_setup_py'
[0.780s] Level 1:colcon.colcon_core.package_identification:_identify(build) by extensions ['ignore', 'ignore_ament_install']
[0.780s] Level 1:colcon.colcon_core.package_identification:_identify(build) by extension 'ignore'
[0.780s] Level 1:colcon.colcon_core.package_identification:_identify(build) ignored
[0.781s] Level 1:colcon.colcon_core.package_identification:_identify(car_gazebo_plugin) by extensions ['ignore', 'ignore_ament_install']
[0.781s] Level 1:colcon.colcon_core.package_identification:_identify(car_gazebo_plugin) by extension 'ignore'
[0.781s] Level 1:colcon.colcon_core.package_identification:_identify(car_gazebo_plugin) by extension 'ignore_ament_install'
[0.781s] Level 1:colcon.colcon_core.package_identification:_identify(car_gazebo_plugin) by extensions ['colcon_pkg']
[0.781s] Level 1:colcon.colcon_core.package_identification:_identify(car_gazebo_plugin) by extension 'colcon_pkg'
[0.781s] Level 1:colcon.colcon_core.package_identification:_identify(car_gazebo_plugin) by extensions ['colcon_meta']
[0.781s] Level 1:colcon.colcon_core.package_identification:_identify(car_gazebo_plugin) by extension 'colcon_meta'
[0.781s] Level 1:colcon.colcon_core.package_identification:_identify(car_gazebo_plugin) by extensions ['ros']
[0.781s] Level 1:colcon.colcon_core.package_identification:_identify(car_gazebo_plugin) by extension 'ros'
[0.786s] DEBUG:colcon.colcon_core.package_identification:Package 'car_gazebo_plugin' with type 'ros.ament_cmake' and name 'car_gazebo_plugin'
[0.786s] Level 1:colcon.colcon_core.package_identification:_identify(install) by extensions ['ignore', 'ignore_ament_install']
[0.786s] Level 1:colcon.colcon_core.package_identification:_identify(install) by extension 'ignore'
[0.786s] Level 1:colcon.colcon_core.package_identification:_identify(install) ignored
[0.786s] Level 1:colcon.colcon_core.package_identification:_identify(log) by extensions ['ignore', 'ignore_ament_install']
[0.786s] Level 1:colcon.colcon_core.package_identification:_identify(log) by extension 'ignore'
[0.786s] Level 1:colcon.colcon_core.package_identification:_identify(log) ignored
[0.787s] Level 1:colcon.colcon_core.package_identification:_identify(ros2_rc) by extensions ['ignore', 'ignore_ament_install']
[0.787s] Level 1:colcon.colcon_core.package_identification:_identify(ros2_rc) by extension 'ignore'
[0.787s] Level 1:colcon.colcon_core.package_identification:_identify(ros2_rc) by extension 'ignore_ament_install'
[0.787s] Level 1:colcon.colcon_core.package_identification:_identify(ros2_rc) by extensions ['colcon_pkg']
[0.787s] Level 1:colcon.colcon_core.package_identification:_identify(ros2_rc) by extension 'colcon_pkg'
[0.787s] Level 1:colcon.colcon_core.package_identification:_identify(ros2_rc) by extensions ['colcon_meta']
[0.787s] Level 1:colcon.colcon_core.package_identification:_identify(ros2_rc) by extension 'colcon_meta'
[0.787s] Level 1:colcon.colcon_core.package_identification:_identify(ros2_rc) by extensions ['ros']
[0.787s] Level 1:colcon.colcon_core.package_identification:_identify(ros2_rc) by extension 'ros'
[0.788s] DEBUG:colcon.colcon_core.package_identification:Package 'ros2_rc' with type 'ros.ament_cmake' and name 'ros2_rc'
[0.789s] Level 1:colcon.colcon_core.package_identification:_identify(smart_car) by extensions ['ignore', 'ignore_ament_install']
[0.789s] Level 1:colcon.colcon_core.package_identification:_identify(smart_car) by extension 'ignore'
[0.789s] Level 1:colcon.colcon_core.package_identification:_identify(smart_car) by extension 'ignore_ament_install'
[0.789s] Level 1:colcon.colcon_core.package_identification:_identify(smart_car) by extensions ['colcon_pkg']
[0.789s] Level 1:colcon.colcon_core.package_identification:_identify(smart_car) by extension 'colcon_pkg'
[0.789s] Level 1:colcon.colcon_core.package_identification:_identify(smart_car) by extensions ['colcon_meta']
[0.789s] Level 1:colcon.colcon_core.package_identification:_identify(smart_car) by extension 'colcon_meta'
[0.789s] Level 1:colcon.colcon_core.package_identification:_identify(smart_car) by extensions ['ros']
[0.789s] Level 1:colcon.colcon_core.package_identification:_identify(smart_car) by extension 'ros'
[0.790s] DEBUG:colcon.colcon_core.package_identification:Package 'smart_car' with type 'ros.ament_cmake' and name 'smart_car'
[0.791s] Level 1:colcon.colcon_core.package_identification:_identify(smartcar_msgs) by extensions ['ignore', 'ignore_ament_install']
[0.791s] Level 1:colcon.colcon_core.package_identification:_identify(smartcar_msgs) by extension 'ignore'
[0.791s] Level 1:colcon.colcon_core.package_identification:_identify(smartcar_msgs) by extension 'ignore_ament_install'
[0.791s] Level 1:colcon.colcon_core.package_identification:_identify(smartcar_msgs) by extensions ['colcon_pkg']
[0.792s] Level 1:colcon.colcon_core.package_identification:_identify(smartcar_msgs) by extension 'colcon_pkg'
[0.792s] Level 1:colcon.colcon_core.package_identification:_identify(smartcar_msgs) by extensions ['colcon_meta']
[0.792s] Level 1:colcon.colcon_core.package_identification:_identify(smartcar_msgs) by extension 'colcon_meta'
[0.792s] Level 1:colcon.colcon_core.package_identification:_identify(smartcar_msgs) by extensions ['ros']
[0.792s] Level 1:colcon.colcon_core.package_identification:_identify(smartcar_msgs) by extension 'ros'
[0.793s] DEBUG:colcon.colcon_core.package_identification:Package 'smartcar_msgs' with type 'ros.ament_cmake' and name 'smartcar_msgs'
[0.793s] Level 1:colcon.colcon_core.package_identification:_identify(sudo apt install ros-humble-gazebo-ros-pkgs) by extensions ['ignore', 'ignore_ament_install']
[0.793s] Level 1:colcon.colcon_core.package_identification:_identify(sudo apt install ros-humble-gazebo-ros-pkgs) by extension 'ignore'
[0.793s] Level 1:colcon.colcon_core.package_identification:_identify(sudo apt install ros-humble-gazebo-ros-pkgs) by extension 'ignore_ament_install'
[0.793s] Level 1:colcon.colcon_core.package_identification:_identify(sudo apt install ros-humble-gazebo-ros-pkgs) by extensions ['colcon_pkg']
[0.793s] Level 1:colcon.colcon_core.package_identification:_identify(sudo apt install ros-humble-gazebo-ros-pkgs) by extension 'colcon_pkg'
[0.794s] Level 1:colcon.colcon_core.package_identification:_identify(sudo apt install ros-humble-gazebo-ros-pkgs) by extensions ['colcon_meta']
[0.794s] Level 1:colcon.colcon_core.package_identification:_identify(sudo apt install ros-humble-gazebo-ros-pkgs) by extension 'colcon_meta'
[0.794s] Level 1:colcon.colcon_core.package_identification:_identify(sudo apt install ros-humble-gazebo-ros-pkgs) by extensions ['ros']
[0.794s] Level 1:colcon.colcon_core.package_identification:_identify(sudo apt install ros-humble-gazebo-ros-pkgs) by extension 'ros'
[0.794s] Level 1:colcon.colcon_core.package_identification:_identify(sudo apt install ros-humble-gazebo-ros-pkgs) by extensions ['cmake', 'python']
[0.794s] Level 1:colcon.colcon_core.package_identification:_identify(sudo apt install ros-humble-gazebo-ros-pkgs) by extension 'cmake'
[0.794s] Level 1:colcon.colcon_core.package_identification:_identify(sudo apt install ros-humble-gazebo-ros-pkgs) by extension 'python'
[0.794s] Level 1:colcon.colcon_core.package_identification:_identify(sudo apt install ros-humble-gazebo-ros-pkgs) by extensions ['python_setup_py']
[0.794s] Level 1:colcon.colcon_core.package_identification:_identify(sudo apt install ros-humble-gazebo-ros-pkgs) by extension 'python_setup_py'
[0.794s] Level 1:colcon.colcon_core.package_discovery:discover_packages(recursive) using defaults
[0.794s] Level 1:colcon.colcon_core.package_discovery:discover_packages(ignore) discover
[0.794s] Level 1:colcon.colcon_core.package_discovery:discover_packages(ignore) using defaults
[0.794s] Level 1:colcon.colcon_core.package_discovery:discover_packages(path) discover
[0.794s] Level 1:colcon.colcon_core.package_discovery:discover_packages(path) using defaults
[0.850s] Level 1:colcon.colcon_core.package_discovery:discover_packages(prefix_path) check parameters
[0.850s] Level 1:colcon.colcon_core.package_discovery:discover_packages(prefix_path) discover
[0.856s] DEBUG:colcon.colcon_installed_package_information.package_discovery:Found 334 installed packages in /opt/ros/humble
[0.859s] Level 1:colcon.colcon_core.package_discovery:discover_packages(prefix_path) using defaults
[0.923s] Level 5:colcon.colcon_core.verb:set package 'car_gazebo_plugin' build argument 'cmake_args' from command line to 'None'
[0.924s] Level 5:colcon.colcon_core.verb:set package 'car_gazebo_plugin' build argument 'cmake_target' from command line to 'None'
[0.924s] Level 5:colcon.colcon_core.verb:set package 'car_gazebo_plugin' build argument 'cmake_target_skip_unavailable' from command line to 'False'
[0.924s] Level 5:colcon.colcon_core.verb:set package 'car_gazebo_plugin' build argument 'cmake_clean_cache' from command line to 'False'
[0.924s] Level 5:colcon.colcon_core.verb:set package 'car_gazebo_plugin' build argument 'cmake_clean_first' from command line to 'False'
[0.924s] Level 5:colcon.colcon_core.verb:set package 'car_gazebo_plugin' build argument 'cmake_force_configure' from command line to 'False'
[0.924s] Level 5:colcon.colcon_core.verb:set package 'car_gazebo_plugin' build argument 'ament_cmake_args' from command line to 'None'
[0.924s] Level 5:colcon.colcon_core.verb:set package 'car_gazebo_plugin' build argument 'catkin_cmake_args' from command line to 'None'
[0.924s] Level 5:colcon.colcon_core.verb:set package 'car_gazebo_plugin' build argument 'catkin_skip_building_tests' from command line to 'False'
[0.924s] DEBUG:colcon.colcon_core.verb:Building package 'car_gazebo_plugin' with the following arguments: {'ament_cmake_args': None, 'build_base': '/home/ros2/ros2_rc/src/build/car_gazebo_plugin', 'catkin_cmake_args': None, 'catkin_skip_building_tests': False, 'cmake_args': None, 'cmake_clean_cache': False, 'cmake_clean_first': False, 'cmake_force_configure': False, 'cmake_target': None, 'cmake_target_skip_unavailable': False, 'install_base': '/home/ros2/ros2_rc/src/install/car_gazebo_plugin', 'merge_install': False, 'path': '/home/ros2/ros2_rc/src/car_gazebo_plugin', 'symlink_install': False, 'test_result_base': None}
[0.924s] Level 5:colcon.colcon_core.verb:set package 'ros2_rc' build argument 'cmake_args' from command line to 'None'
[0.924s] Level 5:colcon.colcon_core.verb:set package 'ros2_rc' build argument 'cmake_target' from command line to 'None'
[0.924s] Level 5:colcon.colcon_core.verb:set package 'ros2_rc' build argument 'cmake_target_skip_unavailable' from command line to 'False'
[0.924s] Level 5:colcon.colcon_core.verb:set package 'ros2_rc' build argument 'cmake_clean_cache' from command line to 'False'
[0.924s] Level 5:colcon.colcon_core.verb:set package 'ros2_rc' build argument 'cmake_clean_first' from command line to 'False'
[0.924s] Level 5:colcon.colcon_core.verb:set package 'ros2_rc' build argument 'cmake_force_configure' from command line to 'False'
[0.924s] Level 5:colcon.colcon_core.verb:set package 'ros2_rc' build argument 'ament_cmake_args' from command line to 'None'
[0.924s] Level 5:colcon.colcon_core.verb:set package 'ros2_rc' build argument 'catkin_cmake_args' from command line to 'None'
[0.924s] Level 5:colcon.colcon_core.verb:set package 'ros2_rc' build argument 'catkin_skip_building_tests' from command line to 'False'
[0.925s] DEBUG:colcon.colcon_core.verb:Building package 'ros2_rc' with the following arguments: {'ament_cmake_args': None, 'build_base': '/home/ros2/ros2_rc/src/build/ros2_rc', 'catkin_cmake_args': None, 'catkin_skip_building_tests': False, 'cmake_args': None, 'cmake_clean_cache': False, 'cmake_clean_first': False, 'cmake_force_configure': False, 'cmake_target': None, 'cmake_target_skip_unavailable': False, 'install_base': '/home/ros2/ros2_rc/src/install/ros2_rc', 'merge_install': False, 'path': '/home/ros2/ros2_rc/src/ros2_rc', 'symlink_install': False, 'test_result_base': None}
[0.925s] Level 5:colcon.colcon_core.verb:set package 'smart_car' build argument 'cmake_args' from command line to 'None'
[0.925s] Level 5:colcon.colcon_core.verb:set package 'smart_car' build argument 'cmake_target' from command line to 'None'
[0.925s] Level 5:colcon.colcon_core.verb:set package 'smart_car' build argument 'cmake_target_skip_unavailable' from command line to 'False'
[0.925s] Level 5:colcon.colcon_core.verb:set package 'smart_car' build argument 'cmake_clean_cache' from command line to 'False'
[0.925s] Level 5:colcon.colcon_core.verb:set package 'smart_car' build argument 'cmake_clean_first' from command line to 'False'
[0.925s] Level 5:colcon.colcon_core.verb:set package 'smart_car' build argument 'cmake_force_configure' from command line to 'False'
[0.925s] Level 5:colcon.colcon_core.verb:set package 'smart_car' build argument 'ament_cmake_args' from command line to 'None'
[0.925s] Level 5:colcon.colcon_core.verb:set package 'smart_car' build argument 'catkin_cmake_args' from command line to 'None'
[0.925s] Level 5:colcon.colcon_core.verb:set package 'smart_car' build argument 'catkin_skip_building_tests' from command line to 'False'
[0.925s] DEBUG:colcon.colcon_core.verb:Building package 'smart_car' with the following arguments: {'ament_cmake_args': None, 'build_base': '/home/ros2/ros2_rc/src/build/smart_car', 'catkin_cmake_args': None, 'catkin_skip_building_tests': False, 'cmake_args': None, 'cmake_clean_cache': False, 'cmake_clean_first': False, 'cmake_force_configure': False, 'cmake_target': None, 'cmake_target_skip_unavailable': False, 'install_base': '/home/ros2/ros2_rc/src/install/smart_car', 'merge_install': False, 'path': '/home/ros2/ros2_rc/src/smart_car', 'symlink_install': False, 'test_result_base': None}
[0.926s] Level 5:colcon.colcon_core.verb:set package 'smartcar_msgs' build argument 'cmake_args' from command line to 'None'
[0.926s] Level 5:colcon.colcon_core.verb:set package 'smartcar_msgs' build argument 'cmake_target' from command line to 'None'
[0.926s] Level 5:colcon.colcon_core.verb:set package 'smartcar_msgs' build argument 'cmake_target_skip_unavailable' from command line to 'False'
[0.926s] Level 5:colcon.colcon_core.verb:set package 'smartcar_msgs' build argument 'cmake_clean_cache' from command line to 'False'
[0.926s] Level 5:colcon.colcon_core.verb:set package 'smartcar_msgs' build argument 'cmake_clean_first' from command line to 'False'
[0.926s] Level 5:colcon.colcon_core.verb:set package 'smartcar_msgs' build argument 'cmake_force_configure' from command line to 'False'
[0.926s] Level 5:colcon.colcon_core.verb:set package 'smartcar_msgs' build argument 'ament_cmake_args' from command line to 'None'
[0.926s] Level 5:colcon.colcon_core.verb:set package 'smartcar_msgs' build argument 'catkin_cmake_args' from command line to 'None'
[0.926s] Level 5:colcon.colcon_core.verb:set package 'smartcar_msgs' build argument 'catkin_skip_building_tests' from command line to 'False'
[0.926s] DEBUG:colcon.colcon_core.verb:Building package 'smartcar_msgs' with the following arguments: {'ament_cmake_args': None, 'build_base': '/home/ros2/ros2_rc/src/build/smartcar_msgs', 'catkin_cmake_args': None, 'catkin_skip_building_tests': False, 'cmake_args': None, 'cmake_clean_cache': False, 'cmake_clean_first': False, 'cmake_force_configure': False, 'cmake_target': None, 'cmake_target_skip_unavailable': False, 'install_base': '/home/ros2/ros2_rc/src/install/smartcar_msgs', 'merge_install': False, 'path': '/home/ros2/ros2_rc/src/smartcar_msgs', 'symlink_install': False, 'test_result_base': None}
[0.926s] INFO:colcon.colcon_core.executor:Executing jobs using 'parallel' executor
[0.928s] DEBUG:colcon.colcon_parallel_executor.executor.parallel:run_until_complete
[0.929s] INFO:colcon.colcon_ros.task.ament_cmake.build:Building ROS package in '/home/ros2/ros2_rc/src/car_gazebo_plugin' with build type 'ament_cmake'
[0.929s] INFO:colcon.colcon_cmake.task.cmake.build:Building CMake package in '/home/ros2/ros2_rc/src/car_gazebo_plugin'
[0.936s] INFO:colcon.colcon_core.plugin_system:Skipping extension 'colcon_core.shell.bat': Not used on non-Windows systems
[0.936s] INFO:colcon.colcon_core.shell:Skip shell extension 'powershell' for command environment: Not usable outside of PowerShell
[0.936s] DEBUG:colcon.colcon_core.shell:Skip shell extension 'dsv' for command environment
[0.941s] INFO:colcon.colcon_ros.task.ament_cmake.build:Building ROS package in '/home/ros2/ros2_rc/src/ros2_rc' with build type 'ament_cmake'
[0.942s] INFO:colcon.colcon_cmake.task.cmake.build:Building CMake package in '/home/ros2/ros2_rc/src/ros2_rc'
[0.942s] INFO:colcon.colcon_core.shell:Skip shell extension 'powershell' for command environment: Not usable outside of PowerShell
[0.942s] DEBUG:colcon.colcon_core.shell:Skip shell extension 'dsv' for command environment
[0.946s] INFO:colcon.colcon_ros.task.ament_cmake.build:Building ROS package in '/home/ros2/ros2_rc/src/smart_car' with build type 'ament_cmake'
[0.947s] INFO:colcon.colcon_cmake.task.cmake.build:Building CMake package in '/home/ros2/ros2_rc/src/smart_car'
[0.947s] INFO:colcon.colcon_core.shell:Skip shell extension 'powershell' for command environment: Not usable outside of PowerShell
[0.947s] DEBUG:colcon.colcon_core.shell:Skip shell extension 'dsv' for command environment
[0.952s] INFO:colcon.colcon_ros.task.ament_cmake.build:Building ROS package in '/home/ros2/ros2_rc/src/smartcar_msgs' with build type 'ament_cmake'
[0.952s] INFO:colcon.colcon_cmake.task.cmake.build:Building CMake package in '/home/ros2/ros2_rc/src/smartcar_msgs'
[0.952s] INFO:colcon.colcon_core.shell:Skip shell extension 'powershell' for command environment: Not usable outside of PowerShell
[0.952s] DEBUG:colcon.colcon_core.shell:Skip shell extension 'dsv' for command environment
[0.966s] DEBUG:colcon.colcon_core.event_handler.log_command:Invoking command in '/home/ros2/ros2_rc/src/build/car_gazebo_plugin': CMAKE_PREFIX_PATH=/opt/ros/humble /usr/bin/cmake --build /home/ros2/ros2_rc/src/build/car_gazebo_plugin -- -j9 -l9
[0.975s] DEBUG:colcon.colcon_core.event_handler.log_command:Invoking command in '/home/ros2/ros2_rc/src/build/ros2_rc': CMAKE_PREFIX_PATH=/opt/ros/humble /usr/bin/cmake --build /home/ros2/ros2_rc/src/build/ros2_rc -- -j9 -l9
[0.983s] DEBUG:colcon.colcon_core.event_handler.log_command:Invoking command in '/home/ros2/ros2_rc/src/build/smart_car': CMAKE_PREFIX_PATH=/opt/ros/humble /usr/bin/cmake --build /home/ros2/ros2_rc/src/build/smart_car -- -j9 -l9
[0.992s] DEBUG:colcon.colcon_core.event_handler.log_command:Invoking command in '/home/ros2/ros2_rc/src/build/smartcar_msgs': CMAKE_PREFIX_PATH=/opt/ros/humble /usr/bin/cmake --build /home/ros2/ros2_rc/src/build/smartcar_msgs -- -j9 -l9
[1.095s] DEBUG:colcon.colcon_core.event_handler.log_command:Invoked command in '/home/ros2/ros2_rc/src/build/smart_car' returned '0': CMAKE_PREFIX_PATH=/opt/ros/humble /usr/bin/cmake --build /home/ros2/ros2_rc/src/build/smart_car -- -j9 -l9
[1.097s] DEBUG:colcon.colcon_core.event_handler.log_command:Invoked command in '/home/ros2/ros2_rc/src/build/ros2_rc' returned '0': CMAKE_PREFIX_PATH=/opt/ros/humble /usr/bin/cmake --build /home/ros2/ros2_rc/src/build/ros2_rc -- -j9 -l9
[1.158s] DEBUG:colcon.colcon_core.event_handler.log_command:Invoking command in '/home/ros2/ros2_rc/src/build/smart_car': CMAKE_PREFIX_PATH=/opt/ros/humble /usr/bin/cmake --install /home/ros2/ros2_rc/src/build/smart_car
[1.165s] DEBUG:colcon.colcon_core.event_handler.log_command:Invoking command in '/home/ros2/ros2_rc/src/build/ros2_rc': CMAKE_PREFIX_PATH=/opt/ros/humble /usr/bin/cmake --install /home/ros2/ros2_rc/src/build/ros2_rc
[1.195s] Level 1:colcon.colcon_core.environment:create_environment_scripts_only(ros2_rc)
[1.197s] DEBUG:colcon.colcon_core.event_handler.log_command:Invoked command in '/home/ros2/ros2_rc/src/build/ros2_rc' returned '0': CMAKE_PREFIX_PATH=/opt/ros/humble /usr/bin/cmake --install /home/ros2/ros2_rc/src/build/ros2_rc
[1.210s] Level 1:colcon.colcon_core.environment:checking '/home/ros2/ros2_rc/src/install/ros2_rc' for CMake module files
[1.211s] Level 1:colcon.colcon_core.environment:checking '/home/ros2/ros2_rc/src/install/ros2_rc' for CMake config files
[1.212s] Level 1:colcon.colcon_core.shell:create_environment_hook('ros2_rc', 'cmake_prefix_path')
[1.213s] INFO:colcon.colcon_core.shell:Creating environment hook '/home/ros2/ros2_rc/src/install/ros2_rc/share/ros2_rc/hook/cmake_prefix_path.ps1'
[1.214s] INFO:colcon.colcon_core.shell:Creating environment descriptor '/home/ros2/ros2_rc/src/install/ros2_rc/share/ros2_rc/hook/cmake_prefix_path.dsv'
[1.216s] INFO:colcon.colcon_core.shell:Creating environment hook '/home/ros2/ros2_rc/src/install/ros2_rc/share/ros2_rc/hook/cmake_prefix_path.sh'
[1.218s] Level 1:colcon.colcon_core.environment:checking '/home/ros2/ros2_rc/src/install/ros2_rc/bin'
[1.218s] Level 1:colcon.colcon_core.environment:checking '/home/ros2/ros2_rc/src/install/ros2_rc/lib/pkgconfig/ros2_rc.pc'
[1.218s] Level 1:colcon.colcon_core.environment:checking '/home/ros2/ros2_rc/src/install/ros2_rc/lib/python3.10/site-packages'
[1.218s] Level 1:colcon.colcon_core.environment:checking '/home/ros2/ros2_rc/src/install/ros2_rc/bin'
[1.219s] INFO:colcon.colcon_core.shell:Creating package script '/home/ros2/ros2_rc/src/install/ros2_rc/share/ros2_rc/package.ps1'
[1.221s] INFO:colcon.colcon_core.shell:Creating package descriptor '/home/ros2/ros2_rc/src/install/ros2_rc/share/ros2_rc/package.dsv'
[1.222s] INFO:colcon.colcon_core.shell:Creating package script '/home/ros2/ros2_rc/src/install/ros2_rc/share/ros2_rc/package.sh'
[1.224s] INFO:colcon.colcon_core.shell:Creating package script '/home/ros2/ros2_rc/src/install/ros2_rc/share/ros2_rc/package.bash'
[1.226s] INFO:colcon.colcon_core.shell:Creating package script '/home/ros2/ros2_rc/src/install/ros2_rc/share/ros2_rc/package.zsh'
[1.228s] Level 1:colcon.colcon_core.environment:create_file_with_runtime_dependencies(/home/ros2/ros2_rc/src/install/ros2_rc/share/colcon-core/packages/ros2_rc)
[1.230s] Level 1:colcon.colcon_core.environment:create_environment_scripts_only(smart_car)
[1.231s] Level 1:colcon.colcon_core.environment:checking '/home/ros2/ros2_rc/src/install/smart_car' for CMake module files
[1.232s] DEBUG:colcon.colcon_core.event_handler.log_command:Invoked command in '/home/ros2/ros2_rc/src/build/smart_car' returned '0': CMAKE_PREFIX_PATH=/opt/ros/humble /usr/bin/cmake --install /home/ros2/ros2_rc/src/build/smart_car
[1.233s] Level 1:colcon.colcon_core.environment:checking '/home/ros2/ros2_rc/src/install/smart_car' for CMake config files
[1.236s] Level 1:colcon.colcon_core.shell:create_environment_hook('smart_car', 'cmake_prefix_path')
[1.236s] INFO:colcon.colcon_core.shell:Creating environment hook '/home/ros2/ros2_rc/src/install/smart_car/share/smart_car/hook/cmake_prefix_path.ps1'
[1.237s] INFO:colcon.colcon_core.shell:Creating environment descriptor '/home/ros2/ros2_rc/src/install/smart_car/share/smart_car/hook/cmake_prefix_path.dsv'
[1.238s] INFO:colcon.colcon_core.shell:Creating environment hook '/home/ros2/ros2_rc/src/install/smart_car/share/smart_car/hook/cmake_prefix_path.sh'
[1.239s] Level 1:colcon.colcon_core.environment:checking '/home/ros2/ros2_rc/src/install/smart_car/lib'
[1.239s] Level 1:colcon.colcon_core.environment:checking '/home/ros2/ros2_rc/src/install/smart_car/bin'
[1.239s] Level 1:colcon.colcon_core.environment:checking '/home/ros2/ros2_rc/src/install/smart_car/lib/pkgconfig/smart_car.pc'
[1.240s] Level 1:colcon.colcon_core.environment:checking '/home/ros2/ros2_rc/src/install/smart_car/lib/python3.10/site-packages'
[1.240s] Level 1:colcon.colcon_core.environment:checking '/home/ros2/ros2_rc/src/install/smart_car/bin'
[1.240s] INFO:colcon.colcon_core.shell:Creating package script '/home/ros2/ros2_rc/src/install/smart_car/share/smart_car/package.ps1'
[1.241s] INFO:colcon.colcon_core.shell:Creating package descriptor '/home/ros2/ros2_rc/src/install/smart_car/share/smart_car/package.dsv'
[1.242s] INFO:colcon.colcon_core.shell:Creating package script '/home/ros2/ros2_rc/src/install/smart_car/share/smart_car/package.sh'
[1.243s] INFO:colcon.colcon_core.shell:Creating package script '/home/ros2/ros2_rc/src/install/smart_car/share/smart_car/package.bash'
[1.243s] INFO:colcon.colcon_core.shell:Creating package script '/home/ros2/ros2_rc/src/install/smart_car/share/smart_car/package.zsh'
[1.244s] Level 1:colcon.colcon_core.environment:create_file_with_runtime_dependencies(/home/ros2/ros2_rc/src/install/smart_car/share/colcon-core/packages/smart_car)
[1.262s] Level 1:colcon.colcon_core.environment:create_environment_scripts_only(ros2_rc)
[1.262s] Level 1:colcon.colcon_core.environment:checking '/home/ros2/ros2_rc/src/install/ros2_rc' for CMake module files
[1.263s] Level 1:colcon.colcon_core.environment:checking '/home/ros2/ros2_rc/src/install/ros2_rc' for CMake config files
[1.263s] Level 1:colcon.colcon_core.shell:create_environment_hook('ros2_rc', 'cmake_prefix_path')
[1.264s] INFO:colcon.colcon_core.shell:Creating environment hook '/home/ros2/ros2_rc/src/install/ros2_rc/share/ros2_rc/hook/cmake_prefix_path.ps1'
[1.265s] INFO:colcon.colcon_core.shell:Creating environment descriptor '/home/ros2/ros2_rc/src/install/ros2_rc/share/ros2_rc/hook/cmake_prefix_path.dsv'
[1.265s] INFO:colcon.colcon_core.shell:Creating environment hook '/home/ros2/ros2_rc/src/install/ros2_rc/share/ros2_rc/hook/cmake_prefix_path.sh'
[1.267s] Level 1:colcon.colcon_core.environment:checking '/home/ros2/ros2_rc/src/install/ros2_rc/bin'
[1.267s] Level 1:colcon.colcon_core.environment:checking '/home/ros2/ros2_rc/src/install/ros2_rc/lib/pkgconfig/ros2_rc.pc'
[1.267s] Level 1:colcon.colcon_core.environment:checking '/home/ros2/ros2_rc/src/install/ros2_rc/lib/python3.10/site-packages'
[1.268s] Level 1:colcon.colcon_core.environment:checking '/home/ros2/ros2_rc/src/install/ros2_rc/bin'
[1.269s] INFO:colcon.colcon_core.shell:Creating package script '/home/ros2/ros2_rc/src/install/ros2_rc/share/ros2_rc/package.ps1'
[1.271s] INFO:colcon.colcon_core.shell:Creating package descriptor '/home/ros2/ros2_rc/src/install/ros2_rc/share/ros2_rc/package.dsv'
[1.273s] INFO:colcon.colcon_core.shell:Creating package script '/home/ros2/ros2_rc/src/install/ros2_rc/share/ros2_rc/package.sh'
[1.274s] INFO:colcon.colcon_core.shell:Creating package script '/home/ros2/ros2_rc/src/install/ros2_rc/share/ros2_rc/package.bash'
[1.276s] INFO:colcon.colcon_core.shell:Creating package script '/home/ros2/ros2_rc/src/install/ros2_rc/share/ros2_rc/package.zsh'
[1.277s] Level 1:colcon.colcon_core.environment:create_file_with_runtime_dependencies(/home/ros2/ros2_rc/src/install/ros2_rc/share/colcon-core/packages/ros2_rc)
[1.281s] Level 1:colcon.colcon_core.environment:create_environment_scripts_only(smart_car)
[1.281s] Level 1:colcon.colcon_core.environment:checking '/home/ros2/ros2_rc/src/install/smart_car' for CMake module files
[1.282s] Level 1:colcon.colcon_core.environment:checking '/home/ros2/ros2_rc/src/install/smart_car' for CMake config files
[1.283s] Level 1:colcon.colcon_core.shell:create_environment_hook('smart_car', 'cmake_prefix_path')
[1.283s] INFO:colcon.colcon_core.shell:Creating environment hook '/home/ros2/ros2_rc/src/install/smart_car/share/smart_car/hook/cmake_prefix_path.ps1'
[1.284s] INFO:colcon.colcon_core.shell:Creating environment descriptor '/home/ros2/ros2_rc/src/install/smart_car/share/smart_car/hook/cmake_prefix_path.dsv'
[1.285s] INFO:colcon.colcon_core.shell:Creating environment hook '/home/ros2/ros2_rc/src/install/smart_car/share/smart_car/hook/cmake_prefix_path.sh'
[1.286s] Level 1:colcon.colcon_core.environment:checking '/home/ros2/ros2_rc/src/install/smart_car/lib'
[1.286s] Level 1:colcon.colcon_core.environment:checking '/home/ros2/ros2_rc/src/install/smart_car/bin'
[1.286s] Level 1:colcon.colcon_core.environment:checking '/home/ros2/ros2_rc/src/install/smart_car/lib/pkgconfig/smart_car.pc'
[1.286s] Level 1:colcon.colcon_core.environment:checking '/home/ros2/ros2_rc/src/install/smart_car/lib/python3.10/site-packages'
[1.287s] Level 1:colcon.colcon_core.environment:checking '/home/ros2/ros2_rc/src/install/smart_car/bin'
[1.287s] INFO:colcon.colcon_core.shell:Creating package script '/home/ros2/ros2_rc/src/install/smart_car/share/smart_car/package.ps1'
[1.288s] INFO:colcon.colcon_core.shell:Creating package descriptor '/home/ros2/ros2_rc/src/install/smart_car/share/smart_car/package.dsv'
[1.289s] INFO:colcon.colcon_core.shell:Creating package script '/home/ros2/ros2_rc/src/install/smart_car/share/smart_car/package.sh'
[1.291s] INFO:colcon.colcon_core.shell:Creating package script '/home/ros2/ros2_rc/src/install/smart_car/share/smart_car/package.bash'
[1.292s] INFO:colcon.colcon_core.shell:Creating package script '/home/ros2/ros2_rc/src/install/smart_car/share/smart_car/package.zsh'
[1.293s] Level 1:colcon.colcon_core.environment:create_file_with_runtime_dependencies(/home/ros2/ros2_rc/src/install/smart_car/share/colcon-core/packages/smart_car)
[1.361s] DEBUG:colcon.colcon_core.event_handler.log_command:Invoked command in '/home/ros2/ros2_rc/src/build/car_gazebo_plugin' returned '0': CMAKE_PREFIX_PATH=/opt/ros/humble /usr/bin/cmake --build /home/ros2/ros2_rc/src/build/car_gazebo_plugin -- -j9 -l9
[1.404s] DEBUG:colcon.colcon_core.event_handler.log_command:Invoking command in '/home/ros2/ros2_rc/src/build/car_gazebo_plugin': CMAKE_PREFIX_PATH=/opt/ros/humble /usr/bin/cmake --install /home/ros2/ros2_rc/src/build/car_gazebo_plugin
[1.423s] Level 1:colcon.colcon_core.environment:create_environment_scripts_only(car_gazebo_plugin)
[1.424s] DEBUG:colcon.colcon_core.event_handler.log_command:Invoked command in '/home/ros2/ros2_rc/src/build/car_gazebo_plugin' returned '0': CMAKE_PREFIX_PATH=/opt/ros/humble /usr/bin/cmake --install /home/ros2/ros2_rc/src/build/car_gazebo_plugin
[1.424s] Level 1:colcon.colcon_core.environment:checking '/home/ros2/ros2_rc/src/install/car_gazebo_plugin' for CMake module files
[1.425s] Level 1:colcon.colcon_core.environment:checking '/home/ros2/ros2_rc/src/install/car_gazebo_plugin' for CMake config files
[1.426s] Level 1:colcon.colcon_core.shell:create_environment_hook('car_gazebo_plugin', 'cmake_prefix_path')
[1.427s] INFO:colcon.colcon_core.shell:Creating environment hook '/home/ros2/ros2_rc/src/install/car_gazebo_plugin/share/car_gazebo_plugin/hook/cmake_prefix_path.ps1'
[1.427s] INFO:colcon.colcon_core.shell:Creating environment descriptor '/home/ros2/ros2_rc/src/install/car_gazebo_plugin/share/car_gazebo_plugin/hook/cmake_prefix_path.dsv'
[1.428s] INFO:colcon.colcon_core.shell:Creating environment hook '/home/ros2/ros2_rc/src/install/car_gazebo_plugin/share/car_gazebo_plugin/hook/cmake_prefix_path.sh'
[1.429s] Level 1:colcon.colcon_core.environment:checking '/home/ros2/ros2_rc/src/install/car_gazebo_plugin/lib'
[1.429s] Level 1:colcon.colcon_core.shell:create_environment_hook('car_gazebo_plugin', 'ld_library_path_lib')
[1.429s] INFO:colcon.colcon_core.shell:Creating environment hook '/home/ros2/ros2_rc/src/install/car_gazebo_plugin/share/car_gazebo_plugin/hook/ld_library_path_lib.ps1'
[1.430s] INFO:colcon.colcon_core.shell:Creating environment descriptor '/home/ros2/ros2_rc/src/install/car_gazebo_plugin/share/car_gazebo_plugin/hook/ld_library_path_lib.dsv'
[1.430s] INFO:colcon.colcon_core.shell:Creating environment hook '/home/ros2/ros2_rc/src/install/car_gazebo_plugin/share/car_gazebo_plugin/hook/ld_library_path_lib.sh'
[1.431s] Level 1:colcon.colcon_core.environment:checking '/home/ros2/ros2_rc/src/install/car_gazebo_plugin/bin'
[1.431s] Level 1:colcon.colcon_core.environment:checking '/home/ros2/ros2_rc/src/install/car_gazebo_plugin/lib/pkgconfig/car_gazebo_plugin.pc'
[1.431s] Level 1:colcon.colcon_core.environment:checking '/home/ros2/ros2_rc/src/install/car_gazebo_plugin/lib/python3.10/site-packages'
[1.431s] Level 1:colcon.colcon_core.environment:checking '/home/ros2/ros2_rc/src/install/car_gazebo_plugin/bin'
[1.432s] INFO:colcon.colcon_core.shell:Creating package script '/home/ros2/ros2_rc/src/install/car_gazebo_plugin/share/car_gazebo_plugin/package.ps1'
[1.433s] INFO:colcon.colcon_core.shell:Creating package descriptor '/home/ros2/ros2_rc/src/install/car_gazebo_plugin/share/car_gazebo_plugin/package.dsv'
[1.433s] INFO:colcon.colcon_core.shell:Creating package script '/home/ros2/ros2_rc/src/install/car_gazebo_plugin/share/car_gazebo_plugin/package.sh'
[1.435s] INFO:colcon.colcon_core.shell:Creating package script '/home/ros2/ros2_rc/src/install/car_gazebo_plugin/share/car_gazebo_plugin/package.bash'
[1.435s] INFO:colcon.colcon_core.shell:Creating package script '/home/ros2/ros2_rc/src/install/car_gazebo_plugin/share/car_gazebo_plugin/package.zsh'
[1.436s] Level 1:colcon.colcon_core.environment:create_file_with_runtime_dependencies(/home/ros2/ros2_rc/src/install/car_gazebo_plugin/share/colcon-core/packages/car_gazebo_plugin)
[1.474s] Level 1:colcon.colcon_core.environment:create_environment_scripts_only(car_gazebo_plugin)
[1.474s] Level 1:colcon.colcon_core.environment:checking '/home/ros2/ros2_rc/src/install/car_gazebo_plugin' for CMake module files
[1.475s] Level 1:colcon.colcon_core.environment:checking '/home/ros2/ros2_rc/src/install/car_gazebo_plugin' for CMake config files
[1.475s] Level 1:colcon.colcon_core.shell:create_environment_hook('car_gazebo_plugin', 'cmake_prefix_path')
[1.476s] INFO:colcon.colcon_core.shell:Creating environment hook '/home/ros2/ros2_rc/src/install/car_gazebo_plugin/share/car_gazebo_plugin/hook/cmake_prefix_path.ps1'
[1.477s] INFO:colcon.colcon_core.shell:Creating environment descriptor '/home/ros2/ros2_rc/src/install/car_gazebo_plugin/share/car_gazebo_plugin/hook/cmake_prefix_path.dsv'
[1.477s] INFO:colcon.colcon_core.shell:Creating environment hook '/home/ros2/ros2_rc/src/install/car_gazebo_plugin/share/car_gazebo_plugin/hook/cmake_prefix_path.sh'
[1.478s] Level 1:colcon.colcon_core.environment:checking '/home/ros2/ros2_rc/src/install/car_gazebo_plugin/lib'
[1.478s] Level 1:colcon.colcon_core.shell:create_environment_hook('car_gazebo_plugin', 'ld_library_path_lib')
[1.479s] INFO:colcon.colcon_core.shell:Creating environment hook '/home/ros2/ros2_rc/src/install/car_gazebo_plugin/share/car_gazebo_plugin/hook/ld_library_path_lib.ps1'
[1.479s] INFO:colcon.colcon_core.shell:Creating environment descriptor '/home/ros2/ros2_rc/src/install/car_gazebo_plugin/share/car_gazebo_plugin/hook/ld_library_path_lib.dsv'
[1.480s] INFO:colcon.colcon_core.shell:Creating environment hook '/home/ros2/ros2_rc/src/install/car_gazebo_plugin/share/car_gazebo_plugin/hook/ld_library_path_lib.sh'
[1.481s] Level 1:colcon.colcon_core.environment:checking '/home/ros2/ros2_rc/src/install/car_gazebo_plugin/bin'
[1.481s] Level 1:colcon.colcon_core.environment:checking '/home/ros2/ros2_rc/src/install/car_gazebo_plugin/lib/pkgconfig/car_gazebo_plugin.pc'
[1.481s] Level 1:colcon.colcon_core.environment:checking '/home/ros2/ros2_rc/src/install/car_gazebo_plugin/lib/python3.10/site-packages'
[1.482s] Level 1:colcon.colcon_core.environment:checking '/home/ros2/ros2_rc/src/install/car_gazebo_plugin/bin'
[1.483s] INFO:colcon.colcon_core.shell:Creating package script '/home/ros2/ros2_rc/src/install/car_gazebo_plugin/share/car_gazebo_plugin/package.ps1'
[1.484s] INFO:colcon.colcon_core.shell:Creating package descriptor '/home/ros2/ros2_rc/src/install/car_gazebo_plugin/share/car_gazebo_plugin/package.dsv'
[1.486s] INFO:colcon.colcon_core.shell:Creating package script '/home/ros2/ros2_rc/src/install/car_gazebo_plugin/share/car_gazebo_plugin/package.sh'
[1.486s] INFO:colcon.colcon_core.shell:Creating package script '/home/ros2/ros2_rc/src/install/car_gazebo_plugin/share/car_gazebo_plugin/package.bash'
[1.487s] INFO:colcon.colcon_core.shell:Creating package script '/home/ros2/ros2_rc/src/install/car_gazebo_plugin/share/car_gazebo_plugin/package.zsh'
[1.487s] Level 1:colcon.colcon_core.environment:create_file_with_runtime_dependencies(/home/ros2/ros2_rc/src/install/car_gazebo_plugin/share/colcon-core/packages/car_gazebo_plugin)
[1.637s] DEBUG:colcon.colcon_core.event_handler.log_command:Invoked command in '/home/ros2/ros2_rc/src/build/smartcar_msgs' returned '0': CMAKE_PREFIX_PATH=/opt/ros/humble /usr/bin/cmake --build /home/ros2/ros2_rc/src/build/smartcar_msgs -- -j9 -l9
[1.719s] DEBUG:colcon.colcon_core.event_handler.log_command:Invoking command in '/home/ros2/ros2_rc/src/build/smartcar_msgs': CMAKE_PREFIX_PATH=/opt/ros/humble /usr/bin/cmake --install /home/ros2/ros2_rc/src/build/smartcar_msgs
[1.808s] Level 1:colcon.colcon_core.environment:create_environment_scripts_only(smartcar_msgs)
[1.809s] DEBUG:colcon.colcon_core.event_handler.log_command:Invoked command in '/home/ros2/ros2_rc/src/build/smartcar_msgs' returned '0': CMAKE_PREFIX_PATH=/opt/ros/humble /usr/bin/cmake --install /home/ros2/ros2_rc/src/build/smartcar_msgs
[1.810s] Level 1:colcon.colcon_core.environment:checking '/home/ros2/ros2_rc/src/install/smartcar_msgs' for CMake module files
[1.811s] Level 1:colcon.colcon_core.environment:checking '/home/ros2/ros2_rc/src/install/smartcar_msgs' for CMake config files
[1.812s] Level 1:colcon.colcon_core.shell:create_environment_hook('smartcar_msgs', 'cmake_prefix_path')
[1.812s] INFO:colcon.colcon_core.shell:Creating environment hook '/home/ros2/ros2_rc/src/install/smartcar_msgs/share/smartcar_msgs/hook/cmake_prefix_path.ps1'
[1.812s] INFO:colcon.colcon_core.shell:Creating environment descriptor '/home/ros2/ros2_rc/src/install/smartcar_msgs/share/smartcar_msgs/hook/cmake_prefix_path.dsv'
[1.813s] INFO:colcon.colcon_core.shell:Creating environment hook '/home/ros2/ros2_rc/src/install/smartcar_msgs/share/smartcar_msgs/hook/cmake_prefix_path.sh'
[1.814s] Level 1:colcon.colcon_core.environment:checking '/home/ros2/ros2_rc/src/install/smartcar_msgs/lib'
[1.814s] Level 1:colcon.colcon_core.shell:create_environment_hook('smartcar_msgs', 'ld_library_path_lib')
[1.814s] INFO:colcon.colcon_core.shell:Creating environment hook '/home/ros2/ros2_rc/src/install/smartcar_msgs/share/smartcar_msgs/hook/ld_library_path_lib.ps1'
[1.815s] INFO:colcon.colcon_core.shell:Creating environment descriptor '/home/ros2/ros2_rc/src/install/smartcar_msgs/share/smartcar_msgs/hook/ld_library_path_lib.dsv'
[1.815s] INFO:colcon.colcon_core.shell:Creating environment hook '/home/ros2/ros2_rc/src/install/smartcar_msgs/share/smartcar_msgs/hook/ld_library_path_lib.sh'
[1.816s] Level 1:colcon.colcon_core.environment:checking '/home/ros2/ros2_rc/src/install/smartcar_msgs/bin'
[1.816s] Level 1:colcon.colcon_core.environment:checking '/home/ros2/ros2_rc/src/install/smartcar_msgs/lib/pkgconfig/smartcar_msgs.pc'
[1.816s] Level 1:colcon.colcon_core.environment:checking '/home/ros2/ros2_rc/src/install/smartcar_msgs/lib/python3.10/site-packages'
[1.816s] Level 1:colcon.colcon_core.environment:checking '/home/ros2/ros2_rc/src/install/smartcar_msgs/bin'
[1.817s] INFO:colcon.colcon_core.shell:Creating package script '/home/ros2/ros2_rc/src/install/smartcar_msgs/share/smartcar_msgs/package.ps1'
[1.817s] INFO:colcon.colcon_core.shell:Creating package descriptor '/home/ros2/ros2_rc/src/install/smartcar_msgs/share/smartcar_msgs/package.dsv'
[1.818s] INFO:colcon.colcon_core.shell:Creating package script '/home/ros2/ros2_rc/src/install/smartcar_msgs/share/smartcar_msgs/package.sh'
[1.818s] INFO:colcon.colcon_core.shell:Creating package script '/home/ros2/ros2_rc/src/install/smartcar_msgs/share/smartcar_msgs/package.bash'
[1.819s] INFO:colcon.colcon_core.shell:Creating package script '/home/ros2/ros2_rc/src/install/smartcar_msgs/share/smartcar_msgs/package.zsh'
[1.820s] Level 1:colcon.colcon_core.environment:create_file_with_runtime_dependencies(/home/ros2/ros2_rc/src/install/smartcar_msgs/share/colcon-core/packages/smartcar_msgs)
[1.901s] Level 1:colcon.colcon_core.environment:create_environment_scripts_only(smartcar_msgs)
[1.901s] Level 1:colcon.colcon_core.environment:checking '/home/ros2/ros2_rc/src/install/smartcar_msgs' for CMake module files
[1.902s] Level 1:colcon.colcon_core.environment:checking '/home/ros2/ros2_rc/src/install/smartcar_msgs' for CMake config files
[1.902s] Level 1:colcon.colcon_core.shell:create_environment_hook('smartcar_msgs', 'cmake_prefix_path')
[1.903s] INFO:colcon.colcon_core.shell:Creating environment hook '/home/ros2/ros2_rc/src/install/smartcar_msgs/share/smartcar_msgs/hook/cmake_prefix_path.ps1'
[1.903s] INFO:colcon.colcon_core.shell:Creating environment descriptor '/home/ros2/ros2_rc/src/install/smartcar_msgs/share/smartcar_msgs/hook/cmake_prefix_path.dsv'
[1.904s] INFO:colcon.colcon_core.shell:Creating environment hook '/home/ros2/ros2_rc/src/install/smartcar_msgs/share/smartcar_msgs/hook/cmake_prefix_path.sh'
[1.904s] Level 1:colcon.colcon_core.environment:checking '/home/ros2/ros2_rc/src/install/smartcar_msgs/lib'
[1.904s] Level 1:colcon.colcon_core.shell:create_environment_hook('smartcar_msgs', 'ld_library_path_lib')
[1.905s] INFO:colcon.colcon_core.shell:Creating environment hook '/home/ros2/ros2_rc/src/install/smartcar_msgs/share/smartcar_msgs/hook/ld_library_path_lib.ps1'
[1.905s] INFO:colcon.colcon_core.shell:Creating environment descriptor '/home/ros2/ros2_rc/src/install/smartcar_msgs/share/smartcar_msgs/hook/ld_library_path_lib.dsv'
[1.906s] INFO:colcon.colcon_core.shell:Creating environment hook '/home/ros2/ros2_rc/src/install/smartcar_msgs/share/smartcar_msgs/hook/ld_library_path_lib.sh'
[1.906s] Level 1:colcon.colcon_core.environment:checking '/home/ros2/ros2_rc/src/install/smartcar_msgs/bin'
[1.906s] Level 1:colcon.colcon_core.environment:checking '/home/ros2/ros2_rc/src/install/smartcar_msgs/lib/pkgconfig/smartcar_msgs.pc'
[1.906s] Level 1:colcon.colcon_core.environment:checking '/home/ros2/ros2_rc/src/install/smartcar_msgs/lib/python3.10/site-packages'
[1.907s] Level 1:colcon.colcon_core.environment:checking '/home/ros2/ros2_rc/src/install/smartcar_msgs/bin'
[1.907s] INFO:colcon.colcon_core.shell:Creating package script '/home/ros2/ros2_rc/src/install/smartcar_msgs/share/smartcar_msgs/package.ps1'
[1.908s] INFO:colcon.colcon_core.shell:Creating package descriptor '/home/ros2/ros2_rc/src/install/smartcar_msgs/share/smartcar_msgs/package.dsv'
[1.908s] INFO:colcon.colcon_core.shell:Creating package script '/home/ros2/ros2_rc/src/install/smartcar_msgs/share/smartcar_msgs/package.sh'
[1.909s] INFO:colcon.colcon_core.shell:Creating package script '/home/ros2/ros2_rc/src/install/smartcar_msgs/share/smartcar_msgs/package.bash'
[1.910s] INFO:colcon.colcon_core.shell:Creating package script '/home/ros2/ros2_rc/src/install/smartcar_msgs/share/smartcar_msgs/package.zsh'
[1.911s] Level 1:colcon.colcon_core.environment:create_file_with_runtime_dependencies(/home/ros2/ros2_rc/src/install/smartcar_msgs/share/colcon-core/packages/smartcar_msgs)
[1.911s] DEBUG:colcon.colcon_parallel_executor.executor.parallel:closing loop
[1.911s] DEBUG:colcon.colcon_parallel_executor.executor.parallel:loop closed
[1.911s] DEBUG:colcon.colcon_parallel_executor.executor.parallel:run_until_complete finished with '0'
[1.911s] DEBUG:colcon.colcon_core.event_reactor:joining thread
[1.920s] INFO:colcon.colcon_core.plugin_system:Skipping extension 'colcon_notification.desktop_notification.terminal_notifier': Not used on non-Darwin systems
[1.920s] INFO:colcon.colcon_core.plugin_system:Skipping extension 'colcon_notification.desktop_notification.win32': Not used on non-Windows systems
[1.920s] INFO:colcon.colcon_notification.desktop_notification:Sending desktop notification using 'notify2'
[1.960s] DEBUG:colcon.colcon_core.event_reactor:joined thread
[1.960s] INFO:colcon.colcon_core.shell:Creating prefix script '/home/ros2/ros2_rc/src/install/local_setup.ps1'
[1.962s] INFO:colcon.colcon_core.shell:Creating prefix util module '/home/ros2/ros2_rc/src/install/_local_setup_util_ps1.py'
[1.965s] INFO:colcon.colcon_core.shell:Creating prefix chain script '/home/ros2/ros2_rc/src/install/setup.ps1'
[1.967s] INFO:colcon.colcon_core.shell:Creating prefix script '/home/ros2/ros2_rc/src/install/local_setup.sh'
[1.968s] INFO:colcon.colcon_core.shell:Creating prefix util module '/home/ros2/ros2_rc/src/install/_local_setup_util_sh.py'
[1.969s] INFO:colcon.colcon_core.shell:Creating prefix chain script '/home/ros2/ros2_rc/src/install/setup.sh'
[1.971s] INFO:colcon.colcon_core.shell:Creating prefix script '/home/ros2/ros2_rc/src/install/local_setup.bash'
[1.972s] INFO:colcon.colcon_core.shell:Creating prefix chain script '/home/ros2/ros2_rc/src/install/setup.bash'
[1.974s] INFO:colcon.colcon_core.shell:Creating prefix script '/home/ros2/ros2_rc/src/install/local_setup.zsh'
[1.976s] INFO:colcon.colcon_core.shell:Creating prefix chain script '/home/ros2/ros2_rc/src/install/setup.zsh'
