[0.041s] Invoking command in '/home/ros2/ros2_rc/build/dwb_msgs': CMAKE_PREFIX_PATH=/home/ros2/ros2_rc/install/nav_2d_msgs:/home/ros2/ros2_rc/install/smartcar_msgs:/home/ros2/ros2_rc/install/smart_car:/home/ros2/ros2_rc/install/ros2_rc:/home/ros2/ros2_rc/install/nav2_system_tests:/home/ros2/ros2_rc/install/nav2_bringup:/home/ros2/ros2_rc/install/navigation2:/home/ros2/ros2_rc/install/nav2_smoother:/home/ros2/ros2_rc/install/nav2_graceful_controller:/home/ros2/ros2_rc/install/nav2_dwb_controller:/home/ros2/ros2_rc/install/nav2_controller:/home/ros2/ros2_rc/install/dwb_plugins:/home/ros2/ros2_rc/install/dwb_critics:/home/ros2/ros2_rc/install/dwb_core:/home/ros2/ros2_rc/install/nav_2d_utils:/home/ros2/ros2_rc/install/dwb_msgs:/home/ros2/ros2_rc/install/nav2_waypoint_follower:/home/ros2/ros2_rc/install/nav2_theta_star_planner:/home/ros2/ros2_rc/install/nav2_smac_planner:/home/ros2/ros2_rc/install/nav2_rotation_shim_controller:/home/ros2/ros2_rc/install/nav2_regulated_pure_pursuit_controller:/home/ros2/ros2_rc/install/nav2_planner:/home/ros2/ros2_rc/install/nav2_navfn_planner:/home/ros2/ros2_rc/install/nav2_mppi_controller:/home/ros2/ros2_rc/install/nav2_constrained_smoother:/home/ros2/ros2_rc/install/nav2_bt_navigator:/home/ros2/ros2_rc/install/nav2_behaviors:/home/ros2/ros2_rc/install/nav2_core:/home/ros2/ros2_rc/install/nav2_collision_monitor:/home/ros2/ros2_rc/install/costmap_queue:/home/ros2/ros2_rc/install/nav2_costmap_2d:/home/ros2/ros2_rc/install/nav2_voxel_grid:/home/ros2/ros2_rc/install/nav2_velocity_smoother:/home/ros2/ros2_rc/install/nav2_rviz_plugins:/home/ros2/ros2_rc/install/nav2_map_server:/home/ros2/ros2_rc/install/nav2_lifecycle_manager:/home/ros2/ros2_rc/install/nav2_behavior_tree:/home/ros2/ros2_rc/install/nav2_amcl:/home/ros2/ros2_rc/install/nav2_util:/home/ros2/ros2_rc/install/nav2_msgs:/home/ros2/ros2_rc/install/nav2_common:/home/ros2/ros2_rc/install/car_gazebo_plugin:/home/ros2/ros2_rc/src/install/smartcar_msgs:/home/ros2/ros2_rc/src/install/smart_car:/home/ros2/ros2_rc/src/install/ros2_rc:/home/ros2/ros2_rc/src/install/nav2_system_tests:/home/ros2/ros2_rc/src/install/nav2_bringup:/home/ros2/ros2_rc/src/install/navigation2:/home/ros2/ros2_rc/src/install/nav2_smoother:/home/ros2/ros2_rc/src/install/nav2_graceful_controller:/home/ros2/ros2_rc/src/install/nav2_dwb_controller:/home/ros2/ros2_rc/src/install/nav2_controller:/home/ros2/ros2_rc/src/install/dwb_plugins:/home/ros2/ros2_rc/src/install/dwb_critics:/home/ros2/ros2_rc/src/install/dwb_core:/home/ros2/ros2_rc/src/install/nav_2d_utils:/home/ros2/ros2_rc/src/install/dwb_msgs:/home/ros2/ros2_rc/src/install/nav_2d_msgs:/home/ros2/ros2_rc/src/install/nav2_waypoint_follower:/home/ros2/ros2_rc/src/install/nav2_theta_star_planner:/home/ros2/ros2_rc/src/install/nav2_smac_planner:/home/ros2/ros2_rc/src/install/nav2_rotation_shim_controller:/home/ros2/ros2_rc/src/install/nav2_regulated_pure_pursuit_controller:/home/ros2/ros2_rc/src/install/nav2_planner:/home/ros2/ros2_rc/src/install/nav2_navfn_planner:/home/ros2/ros2_rc/src/install/nav2_mppi_controller:/home/ros2/ros2_rc/src/install/nav2_constrained_smoother:/home/ros2/ros2_rc/src/install/nav2_bt_navigator:/home/ros2/ros2_rc/src/install/nav2_behaviors:/home/ros2/ros2_rc/src/install/nav2_core:/home/ros2/ros2_rc/src/install/nav2_collision_monitor:/home/ros2/ros2_rc/src/install/costmap_queue:/home/ros2/ros2_rc/src/install/nav2_costmap_2d:/home/ros2/ros2_rc/src/install/nav2_voxel_grid:/home/ros2/ros2_rc/src/install/nav2_velocity_smoother:/home/ros2/ros2_rc/src/install/nav2_rviz_plugins:/home/ros2/ros2_rc/src/install/nav2_map_server:/home/ros2/ros2_rc/src/install/nav2_lifecycle_manager:/home/ros2/ros2_rc/src/install/nav2_behavior_tree:/home/ros2/ros2_rc/src/install/nav2_amcl:/home/ros2/ros2_rc/src/install/nav2_util:/home/ros2/ros2_rc/src/install/nav2_msgs:/home/ros2/ros2_rc/src/install/nav2_common:/home/ros2/ros2_rc/src/install/car_gazebo_plugin:/home/ros2/ros2_rc/install/nav2_simple_commander:/home/ros2/ros2_rc/src/install/nav2_simple_commander:/opt/ros/humble LD_LIBRARY_PATH=/home/ros2/ros2_rc/install/nav_2d_msgs/lib:/home/ros2/ros2_rc/install/smartcar_msgs/lib:/home/ros2/ros2_rc/install/nav2_smoother/lib:/home/ros2/ros2_rc/install/nav2_graceful_controller/lib:/home/ros2/ros2_rc/install/nav2_controller/lib:/home/ros2/ros2_rc/install/dwb_plugins/lib:/home/ros2/ros2_rc/install/dwb_critics/lib:/home/ros2/ros2_rc/install/dwb_core/lib:/home/ros2/ros2_rc/install/nav_2d_utils/lib:/home/ros2/ros2_rc/install/dwb_msgs/lib:/home/ros2/ros2_rc/install/nav2_waypoint_follower/lib:/home/ros2/ros2_rc/install/nav2_theta_star_planner/lib:/home/ros2/ros2_rc/install/nav2_smac_planner/lib:/home/ros2/ros2_rc/install/nav2_rotation_shim_controller/lib:/home/ros2/ros2_rc/install/nav2_regulated_pure_pursuit_controller/lib:/home/ros2/ros2_rc/install/nav2_planner/lib:/home/ros2/ros2_rc/install/nav2_navfn_planner/lib:/home/ros2/ros2_rc/install/nav2_mppi_controller/lib:/home/ros2/ros2_rc/install/nav2_constrained_smoother/lib:/home/ros2/ros2_rc/install/nav2_bt_navigator/lib:/home/ros2/ros2_rc/install/nav2_behaviors/lib:/home/ros2/ros2_rc/install/nav2_collision_monitor/lib:/home/ros2/ros2_rc/install/costmap_queue/lib:/home/ros2/ros2_rc/install/nav2_costmap_2d/lib:/home/ros2/ros2_rc/install/nav2_voxel_grid/lib:/home/ros2/ros2_rc/install/nav2_velocity_smoother/lib:/home/ros2/ros2_rc/install/nav2_rviz_plugins/lib:/home/ros2/ros2_rc/install/nav2_map_server/lib:/home/ros2/ros2_rc/install/nav2_lifecycle_manager/lib:/home/ros2/ros2_rc/install/nav2_behavior_tree/lib:/home/ros2/ros2_rc/install/nav2_amcl/lib:/home/ros2/ros2_rc/install/nav2_util/lib:/home/ros2/ros2_rc/install/nav2_msgs/lib:/home/ros2/ros2_rc/install/car_gazebo_plugin/lib:/home/ros2/ros2_rc/src/install/smartcar_msgs/lib:/home/ros2/ros2_rc/src/install/nav2_smoother/lib:/home/ros2/ros2_rc/src/install/nav2_graceful_controller/lib:/home/ros2/ros2_rc/src/install/nav2_controller/lib:/home/ros2/ros2_rc/src/install/dwb_plugins/lib:/home/ros2/ros2_rc/src/install/dwb_critics/lib:/home/ros2/ros2_rc/src/install/dwb_core/lib:/home/ros2/ros2_rc/src/install/nav_2d_utils/lib:/home/ros2/ros2_rc/src/install/dwb_msgs/lib:/home/ros2/ros2_rc/src/install/nav_2d_msgs/lib:/home/ros2/ros2_rc/src/install/nav2_waypoint_follower/lib:/home/ros2/ros2_rc/src/install/nav2_theta_star_planner/lib:/home/ros2/ros2_rc/src/install/nav2_smac_planner/lib:/home/ros2/ros2_rc/src/install/nav2_rotation_shim_controller/lib:/home/ros2/ros2_rc/src/install/nav2_regulated_pure_pursuit_controller/lib:/home/ros2/ros2_rc/src/install/nav2_planner/lib:/home/ros2/ros2_rc/src/install/nav2_navfn_planner/lib:/home/ros2/ros2_rc/src/install/nav2_mppi_controller/lib:/home/ros2/ros2_rc/src/install/nav2_constrained_smoother/lib:/home/ros2/ros2_rc/src/install/nav2_bt_navigator/lib:/home/ros2/ros2_rc/src/install/nav2_behaviors/lib:/home/ros2/ros2_rc/src/install/nav2_collision_monitor/lib:/home/ros2/ros2_rc/src/install/costmap_queue/lib:/home/ros2/ros2_rc/src/install/nav2_costmap_2d/lib:/home/ros2/ros2_rc/src/install/nav2_voxel_grid/lib:/home/ros2/ros2_rc/src/install/nav2_velocity_smoother/lib:/home/ros2/ros2_rc/src/install/nav2_rviz_plugins/lib:/home/ros2/ros2_rc/src/install/nav2_map_server/lib:/home/ros2/ros2_rc/src/install/nav2_lifecycle_manager/lib:/home/ros2/ros2_rc/src/install/nav2_behavior_tree/lib:/home/ros2/ros2_rc/src/install/nav2_amcl/lib:/home/ros2/ros2_rc/src/install/nav2_util/lib:/home/ros2/ros2_rc/src/install/nav2_msgs/lib:/home/ros2/ros2_rc/src/install/car_gazebo_plugin/lib:/usr/lib/x86_64-linux-gnu/gazebo-11/plugins:/opt/ros/humble/opt/rviz_ogre_vendor/lib:/opt/ros/humble/lib/x86_64-linux-gnu:/opt/ros/humble/lib:/usr/lib/x86_64-linux-gnu/gazebo-11/plugins /usr/bin/cmake --build /home/ros2/ros2_rc/build/dwb_msgs -- -j10 -l10
[0.195s] [  1%] Built target dwb_msgs__cpp
[0.235s] [ 12%] Built target dwb_msgs__rosidl_generator_c
[0.252s] [ 12%] Built target ament_cmake_python_copy_dwb_msgs
[0.281s] [ 24%] Built target dwb_msgs__rosidl_typesupport_introspection_cpp
[0.281s] [ 35%] Built target dwb_msgs__rosidl_typesupport_cpp
[0.315s] [ 54%] Built target dwb_msgs__rosidl_typesupport_c
[0.317s] [ 58%] Built target dwb_msgs__rosidl_typesupport_fastrtps_cpp
[0.318s] [ 70%] Built target dwb_msgs__rosidl_typesupport_introspection_c
[0.323s] [ 82%] Built target dwb_msgs__rosidl_typesupport_fastrtps_c
[0.391s] [ 82%] Built target dwb_msgs
[0.458s] [ 83%] Built target dwb_msgs__py
[0.532s] [ 93%] Built target dwb_msgs__rosidl_generator_py
[0.610s] [ 95%] Built target dwb_msgs__rosidl_typesupport_introspection_c__pyext
[0.615s] [ 97%] Built target dwb_msgs__rosidl_typesupport_fastrtps_c__pyext
[0.617s] [100%] Built target dwb_msgs__rosidl_typesupport_c__pyext
[0.765s] running egg_info
[0.766s] writing dwb_msgs.egg-info/PKG-INFO
[0.767s] writing dependency_links to dwb_msgs.egg-info/dependency_links.txt
[0.767s] writing top-level names to dwb_msgs.egg-info/top_level.txt
[0.771s] reading manifest file 'dwb_msgs.egg-info/SOURCES.txt'
[0.773s] writing manifest file 'dwb_msgs.egg-info/SOURCES.txt'
[0.849s] [100%] Built target ament_cmake_python_build_dwb_msgs_egg
[0.885s] Invoked command in '/home/ros2/ros2_rc/build/dwb_msgs' returned '0': CMAKE_PREFIX_PATH=/home/ros2/ros2_rc/install/nav_2d_msgs:/home/ros2/ros2_rc/install/smartcar_msgs:/home/ros2/ros2_rc/install/smart_car:/home/ros2/ros2_rc/install/ros2_rc:/home/ros2/ros2_rc/install/nav2_system_tests:/home/ros2/ros2_rc/install/nav2_bringup:/home/ros2/ros2_rc/install/navigation2:/home/ros2/ros2_rc/install/nav2_smoother:/home/ros2/ros2_rc/install/nav2_graceful_controller:/home/ros2/ros2_rc/install/nav2_dwb_controller:/home/ros2/ros2_rc/install/nav2_controller:/home/ros2/ros2_rc/install/dwb_plugins:/home/ros2/ros2_rc/install/dwb_critics:/home/ros2/ros2_rc/install/dwb_core:/home/ros2/ros2_rc/install/nav_2d_utils:/home/ros2/ros2_rc/install/dwb_msgs:/home/ros2/ros2_rc/install/nav2_waypoint_follower:/home/ros2/ros2_rc/install/nav2_theta_star_planner:/home/ros2/ros2_rc/install/nav2_smac_planner:/home/ros2/ros2_rc/install/nav2_rotation_shim_controller:/home/ros2/ros2_rc/install/nav2_regulated_pure_pursuit_controller:/home/ros2/ros2_rc/install/nav2_planner:/home/ros2/ros2_rc/install/nav2_navfn_planner:/home/ros2/ros2_rc/install/nav2_mppi_controller:/home/ros2/ros2_rc/install/nav2_constrained_smoother:/home/ros2/ros2_rc/install/nav2_bt_navigator:/home/ros2/ros2_rc/install/nav2_behaviors:/home/ros2/ros2_rc/install/nav2_core:/home/ros2/ros2_rc/install/nav2_collision_monitor:/home/ros2/ros2_rc/install/costmap_queue:/home/ros2/ros2_rc/install/nav2_costmap_2d:/home/ros2/ros2_rc/install/nav2_voxel_grid:/home/ros2/ros2_rc/install/nav2_velocity_smoother:/home/ros2/ros2_rc/install/nav2_rviz_plugins:/home/ros2/ros2_rc/install/nav2_map_server:/home/ros2/ros2_rc/install/nav2_lifecycle_manager:/home/ros2/ros2_rc/install/nav2_behavior_tree:/home/ros2/ros2_rc/install/nav2_amcl:/home/ros2/ros2_rc/install/nav2_util:/home/ros2/ros2_rc/install/nav2_msgs:/home/ros2/ros2_rc/install/nav2_common:/home/ros2/ros2_rc/install/car_gazebo_plugin:/home/ros2/ros2_rc/src/install/smartcar_msgs:/home/ros2/ros2_rc/src/install/smart_car:/home/ros2/ros2_rc/src/install/ros2_rc:/home/ros2/ros2_rc/src/install/nav2_system_tests:/home/ros2/ros2_rc/src/install/nav2_bringup:/home/ros2/ros2_rc/src/install/navigation2:/home/ros2/ros2_rc/src/install/nav2_smoother:/home/ros2/ros2_rc/src/install/nav2_graceful_controller:/home/ros2/ros2_rc/src/install/nav2_dwb_controller:/home/ros2/ros2_rc/src/install/nav2_controller:/home/ros2/ros2_rc/src/install/dwb_plugins:/home/ros2/ros2_rc/src/install/dwb_critics:/home/ros2/ros2_rc/src/install/dwb_core:/home/ros2/ros2_rc/src/install/nav_2d_utils:/home/ros2/ros2_rc/src/install/dwb_msgs:/home/ros2/ros2_rc/src/install/nav_2d_msgs:/home/ros2/ros2_rc/src/install/nav2_waypoint_follower:/home/ros2/ros2_rc/src/install/nav2_theta_star_planner:/home/ros2/ros2_rc/src/install/nav2_smac_planner:/home/ros2/ros2_rc/src/install/nav2_rotation_shim_controller:/home/ros2/ros2_rc/src/install/nav2_regulated_pure_pursuit_controller:/home/ros2/ros2_rc/src/install/nav2_planner:/home/ros2/ros2_rc/src/install/nav2_navfn_planner:/home/ros2/ros2_rc/src/install/nav2_mppi_controller:/home/ros2/ros2_rc/src/install/nav2_constrained_smoother:/home/ros2/ros2_rc/src/install/nav2_bt_navigator:/home/ros2/ros2_rc/src/install/nav2_behaviors:/home/ros2/ros2_rc/src/install/nav2_core:/home/ros2/ros2_rc/src/install/nav2_collision_monitor:/home/ros2/ros2_rc/src/install/costmap_queue:/home/ros2/ros2_rc/src/install/nav2_costmap_2d:/home/ros2/ros2_rc/src/install/nav2_voxel_grid:/home/ros2/ros2_rc/src/install/nav2_velocity_smoother:/home/ros2/ros2_rc/src/install/nav2_rviz_plugins:/home/ros2/ros2_rc/src/install/nav2_map_server:/home/ros2/ros2_rc/src/install/nav2_lifecycle_manager:/home/ros2/ros2_rc/src/install/nav2_behavior_tree:/home/ros2/ros2_rc/src/install/nav2_amcl:/home/ros2/ros2_rc/src/install/nav2_util:/home/ros2/ros2_rc/src/install/nav2_msgs:/home/ros2/ros2_rc/src/install/nav2_common:/home/ros2/ros2_rc/src/install/car_gazebo_plugin:/home/ros2/ros2_rc/install/nav2_simple_commander:/home/ros2/ros2_rc/src/install/nav2_simple_commander:/opt/ros/humble LD_LIBRARY_PATH=/home/ros2/ros2_rc/install/nav_2d_msgs/lib:/home/ros2/ros2_rc/install/smartcar_msgs/lib:/home/ros2/ros2_rc/install/nav2_smoother/lib:/home/ros2/ros2_rc/install/nav2_graceful_controller/lib:/home/ros2/ros2_rc/install/nav2_controller/lib:/home/ros2/ros2_rc/install/dwb_plugins/lib:/home/ros2/ros2_rc/install/dwb_critics/lib:/home/ros2/ros2_rc/install/dwb_core/lib:/home/ros2/ros2_rc/install/nav_2d_utils/lib:/home/ros2/ros2_rc/install/dwb_msgs/lib:/home/ros2/ros2_rc/install/nav2_waypoint_follower/lib:/home/ros2/ros2_rc/install/nav2_theta_star_planner/lib:/home/ros2/ros2_rc/install/nav2_smac_planner/lib:/home/ros2/ros2_rc/install/nav2_rotation_shim_controller/lib:/home/ros2/ros2_rc/install/nav2_regulated_pure_pursuit_controller/lib:/home/ros2/ros2_rc/install/nav2_planner/lib:/home/ros2/ros2_rc/install/nav2_navfn_planner/lib:/home/ros2/ros2_rc/install/nav2_mppi_controller/lib:/home/ros2/ros2_rc/install/nav2_constrained_smoother/lib:/home/ros2/ros2_rc/install/nav2_bt_navigator/lib:/home/ros2/ros2_rc/install/nav2_behaviors/lib:/home/ros2/ros2_rc/install/nav2_collision_monitor/lib:/home/ros2/ros2_rc/install/costmap_queue/lib:/home/ros2/ros2_rc/install/nav2_costmap_2d/lib:/home/ros2/ros2_rc/install/nav2_voxel_grid/lib:/home/ros2/ros2_rc/install/nav2_velocity_smoother/lib:/home/ros2/ros2_rc/install/nav2_rviz_plugins/lib:/home/ros2/ros2_rc/install/nav2_map_server/lib:/home/ros2/ros2_rc/install/nav2_lifecycle_manager/lib:/home/ros2/ros2_rc/install/nav2_behavior_tree/lib:/home/ros2/ros2_rc/install/nav2_amcl/lib:/home/ros2/ros2_rc/install/nav2_util/lib:/home/ros2/ros2_rc/install/nav2_msgs/lib:/home/ros2/ros2_rc/install/car_gazebo_plugin/lib:/home/ros2/ros2_rc/src/install/smartcar_msgs/lib:/home/ros2/ros2_rc/src/install/nav2_smoother/lib:/home/ros2/ros2_rc/src/install/nav2_graceful_controller/lib:/home/ros2/ros2_rc/src/install/nav2_controller/lib:/home/ros2/ros2_rc/src/install/dwb_plugins/lib:/home/ros2/ros2_rc/src/install/dwb_critics/lib:/home/ros2/ros2_rc/src/install/dwb_core/lib:/home/ros2/ros2_rc/src/install/nav_2d_utils/lib:/home/ros2/ros2_rc/src/install/dwb_msgs/lib:/home/ros2/ros2_rc/src/install/nav_2d_msgs/lib:/home/ros2/ros2_rc/src/install/nav2_waypoint_follower/lib:/home/ros2/ros2_rc/src/install/nav2_theta_star_planner/lib:/home/ros2/ros2_rc/src/install/nav2_smac_planner/lib:/home/ros2/ros2_rc/src/install/nav2_rotation_shim_controller/lib:/home/ros2/ros2_rc/src/install/nav2_regulated_pure_pursuit_controller/lib:/home/ros2/ros2_rc/src/install/nav2_planner/lib:/home/ros2/ros2_rc/src/install/nav2_navfn_planner/lib:/home/ros2/ros2_rc/src/install/nav2_mppi_controller/lib:/home/ros2/ros2_rc/src/install/nav2_constrained_smoother/lib:/home/ros2/ros2_rc/src/install/nav2_bt_navigator/lib:/home/ros2/ros2_rc/src/install/nav2_behaviors/lib:/home/ros2/ros2_rc/src/install/nav2_collision_monitor/lib:/home/ros2/ros2_rc/src/install/costmap_queue/lib:/home/ros2/ros2_rc/src/install/nav2_costmap_2d/lib:/home/ros2/ros2_rc/src/install/nav2_voxel_grid/lib:/home/ros2/ros2_rc/src/install/nav2_velocity_smoother/lib:/home/ros2/ros2_rc/src/install/nav2_rviz_plugins/lib:/home/ros2/ros2_rc/src/install/nav2_map_server/lib:/home/ros2/ros2_rc/src/install/nav2_lifecycle_manager/lib:/home/ros2/ros2_rc/src/install/nav2_behavior_tree/lib:/home/ros2/ros2_rc/src/install/nav2_amcl/lib:/home/ros2/ros2_rc/src/install/nav2_util/lib:/home/ros2/ros2_rc/src/install/nav2_msgs/lib:/home/ros2/ros2_rc/src/install/car_gazebo_plugin/lib:/usr/lib/x86_64-linux-gnu/gazebo-11/plugins:/opt/ros/humble/opt/rviz_ogre_vendor/lib:/opt/ros/humble/lib/x86_64-linux-gnu:/opt/ros/humble/lib:/usr/lib/x86_64-linux-gnu/gazebo-11/plugins /usr/bin/cmake --build /home/ros2/ros2_rc/build/dwb_msgs -- -j10 -l10
[2.006s] Invoking command in '/home/ros2/ros2_rc/build/dwb_msgs': CMAKE_PREFIX_PATH=/home/ros2/ros2_rc/install/nav_2d_msgs:/home/ros2/ros2_rc/install/smartcar_msgs:/home/ros2/ros2_rc/install/smart_car:/home/ros2/ros2_rc/install/ros2_rc:/home/ros2/ros2_rc/install/nav2_system_tests:/home/ros2/ros2_rc/install/nav2_bringup:/home/ros2/ros2_rc/install/navigation2:/home/ros2/ros2_rc/install/nav2_smoother:/home/ros2/ros2_rc/install/nav2_graceful_controller:/home/ros2/ros2_rc/install/nav2_dwb_controller:/home/ros2/ros2_rc/install/nav2_controller:/home/ros2/ros2_rc/install/dwb_plugins:/home/ros2/ros2_rc/install/dwb_critics:/home/ros2/ros2_rc/install/dwb_core:/home/ros2/ros2_rc/install/nav_2d_utils:/home/ros2/ros2_rc/install/dwb_msgs:/home/ros2/ros2_rc/install/nav2_waypoint_follower:/home/ros2/ros2_rc/install/nav2_theta_star_planner:/home/ros2/ros2_rc/install/nav2_smac_planner:/home/ros2/ros2_rc/install/nav2_rotation_shim_controller:/home/ros2/ros2_rc/install/nav2_regulated_pure_pursuit_controller:/home/ros2/ros2_rc/install/nav2_planner:/home/ros2/ros2_rc/install/nav2_navfn_planner:/home/ros2/ros2_rc/install/nav2_mppi_controller:/home/ros2/ros2_rc/install/nav2_constrained_smoother:/home/ros2/ros2_rc/install/nav2_bt_navigator:/home/ros2/ros2_rc/install/nav2_behaviors:/home/ros2/ros2_rc/install/nav2_core:/home/ros2/ros2_rc/install/nav2_collision_monitor:/home/ros2/ros2_rc/install/costmap_queue:/home/ros2/ros2_rc/install/nav2_costmap_2d:/home/ros2/ros2_rc/install/nav2_voxel_grid:/home/ros2/ros2_rc/install/nav2_velocity_smoother:/home/ros2/ros2_rc/install/nav2_rviz_plugins:/home/ros2/ros2_rc/install/nav2_map_server:/home/ros2/ros2_rc/install/nav2_lifecycle_manager:/home/ros2/ros2_rc/install/nav2_behavior_tree:/home/ros2/ros2_rc/install/nav2_amcl:/home/ros2/ros2_rc/install/nav2_util:/home/ros2/ros2_rc/install/nav2_msgs:/home/ros2/ros2_rc/install/nav2_common:/home/ros2/ros2_rc/install/car_gazebo_plugin:/home/ros2/ros2_rc/src/install/smartcar_msgs:/home/ros2/ros2_rc/src/install/smart_car:/home/ros2/ros2_rc/src/install/ros2_rc:/home/ros2/ros2_rc/src/install/nav2_system_tests:/home/ros2/ros2_rc/src/install/nav2_bringup:/home/ros2/ros2_rc/src/install/navigation2:/home/ros2/ros2_rc/src/install/nav2_smoother:/home/ros2/ros2_rc/src/install/nav2_graceful_controller:/home/ros2/ros2_rc/src/install/nav2_dwb_controller:/home/ros2/ros2_rc/src/install/nav2_controller:/home/ros2/ros2_rc/src/install/dwb_plugins:/home/ros2/ros2_rc/src/install/dwb_critics:/home/ros2/ros2_rc/src/install/dwb_core:/home/ros2/ros2_rc/src/install/nav_2d_utils:/home/ros2/ros2_rc/src/install/dwb_msgs:/home/ros2/ros2_rc/src/install/nav_2d_msgs:/home/ros2/ros2_rc/src/install/nav2_waypoint_follower:/home/ros2/ros2_rc/src/install/nav2_theta_star_planner:/home/ros2/ros2_rc/src/install/nav2_smac_planner:/home/ros2/ros2_rc/src/install/nav2_rotation_shim_controller:/home/ros2/ros2_rc/src/install/nav2_regulated_pure_pursuit_controller:/home/ros2/ros2_rc/src/install/nav2_planner:/home/ros2/ros2_rc/src/install/nav2_navfn_planner:/home/ros2/ros2_rc/src/install/nav2_mppi_controller:/home/ros2/ros2_rc/src/install/nav2_constrained_smoother:/home/ros2/ros2_rc/src/install/nav2_bt_navigator:/home/ros2/ros2_rc/src/install/nav2_behaviors:/home/ros2/ros2_rc/src/install/nav2_core:/home/ros2/ros2_rc/src/install/nav2_collision_monitor:/home/ros2/ros2_rc/src/install/costmap_queue:/home/ros2/ros2_rc/src/install/nav2_costmap_2d:/home/ros2/ros2_rc/src/install/nav2_voxel_grid:/home/ros2/ros2_rc/src/install/nav2_velocity_smoother:/home/ros2/ros2_rc/src/install/nav2_rviz_plugins:/home/ros2/ros2_rc/src/install/nav2_map_server:/home/ros2/ros2_rc/src/install/nav2_lifecycle_manager:/home/ros2/ros2_rc/src/install/nav2_behavior_tree:/home/ros2/ros2_rc/src/install/nav2_amcl:/home/ros2/ros2_rc/src/install/nav2_util:/home/ros2/ros2_rc/src/install/nav2_msgs:/home/ros2/ros2_rc/src/install/nav2_common:/home/ros2/ros2_rc/src/install/car_gazebo_plugin:/home/ros2/ros2_rc/install/nav2_simple_commander:/home/ros2/ros2_rc/src/install/nav2_simple_commander:/opt/ros/humble LD_LIBRARY_PATH=/home/ros2/ros2_rc/install/nav_2d_msgs/lib:/home/ros2/ros2_rc/install/smartcar_msgs/lib:/home/ros2/ros2_rc/install/nav2_smoother/lib:/home/ros2/ros2_rc/install/nav2_graceful_controller/lib:/home/ros2/ros2_rc/install/nav2_controller/lib:/home/ros2/ros2_rc/install/dwb_plugins/lib:/home/ros2/ros2_rc/install/dwb_critics/lib:/home/ros2/ros2_rc/install/dwb_core/lib:/home/ros2/ros2_rc/install/nav_2d_utils/lib:/home/ros2/ros2_rc/install/dwb_msgs/lib:/home/ros2/ros2_rc/install/nav2_waypoint_follower/lib:/home/ros2/ros2_rc/install/nav2_theta_star_planner/lib:/home/ros2/ros2_rc/install/nav2_smac_planner/lib:/home/ros2/ros2_rc/install/nav2_rotation_shim_controller/lib:/home/ros2/ros2_rc/install/nav2_regulated_pure_pursuit_controller/lib:/home/ros2/ros2_rc/install/nav2_planner/lib:/home/ros2/ros2_rc/install/nav2_navfn_planner/lib:/home/ros2/ros2_rc/install/nav2_mppi_controller/lib:/home/ros2/ros2_rc/install/nav2_constrained_smoother/lib:/home/ros2/ros2_rc/install/nav2_bt_navigator/lib:/home/ros2/ros2_rc/install/nav2_behaviors/lib:/home/ros2/ros2_rc/install/nav2_collision_monitor/lib:/home/ros2/ros2_rc/install/costmap_queue/lib:/home/ros2/ros2_rc/install/nav2_costmap_2d/lib:/home/ros2/ros2_rc/install/nav2_voxel_grid/lib:/home/ros2/ros2_rc/install/nav2_velocity_smoother/lib:/home/ros2/ros2_rc/install/nav2_rviz_plugins/lib:/home/ros2/ros2_rc/install/nav2_map_server/lib:/home/ros2/ros2_rc/install/nav2_lifecycle_manager/lib:/home/ros2/ros2_rc/install/nav2_behavior_tree/lib:/home/ros2/ros2_rc/install/nav2_amcl/lib:/home/ros2/ros2_rc/install/nav2_util/lib:/home/ros2/ros2_rc/install/nav2_msgs/lib:/home/ros2/ros2_rc/install/car_gazebo_plugin/lib:/home/ros2/ros2_rc/src/install/smartcar_msgs/lib:/home/ros2/ros2_rc/src/install/nav2_smoother/lib:/home/ros2/ros2_rc/src/install/nav2_graceful_controller/lib:/home/ros2/ros2_rc/src/install/nav2_controller/lib:/home/ros2/ros2_rc/src/install/dwb_plugins/lib:/home/ros2/ros2_rc/src/install/dwb_critics/lib:/home/ros2/ros2_rc/src/install/dwb_core/lib:/home/ros2/ros2_rc/src/install/nav_2d_utils/lib:/home/ros2/ros2_rc/src/install/dwb_msgs/lib:/home/ros2/ros2_rc/src/install/nav_2d_msgs/lib:/home/ros2/ros2_rc/src/install/nav2_waypoint_follower/lib:/home/ros2/ros2_rc/src/install/nav2_theta_star_planner/lib:/home/ros2/ros2_rc/src/install/nav2_smac_planner/lib:/home/ros2/ros2_rc/src/install/nav2_rotation_shim_controller/lib:/home/ros2/ros2_rc/src/install/nav2_regulated_pure_pursuit_controller/lib:/home/ros2/ros2_rc/src/install/nav2_planner/lib:/home/ros2/ros2_rc/src/install/nav2_navfn_planner/lib:/home/ros2/ros2_rc/src/install/nav2_mppi_controller/lib:/home/ros2/ros2_rc/src/install/nav2_constrained_smoother/lib:/home/ros2/ros2_rc/src/install/nav2_bt_navigator/lib:/home/ros2/ros2_rc/src/install/nav2_behaviors/lib:/home/ros2/ros2_rc/src/install/nav2_collision_monitor/lib:/home/ros2/ros2_rc/src/install/costmap_queue/lib:/home/ros2/ros2_rc/src/install/nav2_costmap_2d/lib:/home/ros2/ros2_rc/src/install/nav2_voxel_grid/lib:/home/ros2/ros2_rc/src/install/nav2_velocity_smoother/lib:/home/ros2/ros2_rc/src/install/nav2_rviz_plugins/lib:/home/ros2/ros2_rc/src/install/nav2_map_server/lib:/home/ros2/ros2_rc/src/install/nav2_lifecycle_manager/lib:/home/ros2/ros2_rc/src/install/nav2_behavior_tree/lib:/home/ros2/ros2_rc/src/install/nav2_amcl/lib:/home/ros2/ros2_rc/src/install/nav2_util/lib:/home/ros2/ros2_rc/src/install/nav2_msgs/lib:/home/ros2/ros2_rc/src/install/car_gazebo_plugin/lib:/usr/lib/x86_64-linux-gnu/gazebo-11/plugins:/opt/ros/humble/opt/rviz_ogre_vendor/lib:/opt/ros/humble/lib/x86_64-linux-gnu:/opt/ros/humble/lib:/usr/lib/x86_64-linux-gnu/gazebo-11/plugins /usr/bin/cmake --install /home/ros2/ros2_rc/build/dwb_msgs
[2.034s] -- Install configuration: ""
[2.035s] -- Up-to-date: /home/ros2/ros2_rc/install/dwb_msgs/share/ament_index/resource_index/rosidl_interfaces/dwb_msgs
[2.035s] -- Up-to-date: /home/ros2/ros2_rc/install/dwb_msgs/include/dwb_msgs/dwb_msgs
[2.035s] -- Up-to-date: /home/ros2/ros2_rc/install/dwb_msgs/include/dwb_msgs/dwb_msgs/srv
[2.035s] -- Up-to-date: /home/ros2/ros2_rc/install/dwb_msgs/include/dwb_msgs/dwb_msgs/srv/score_trajectory.h
[2.036s] -- Up-to-date: /home/ros2/ros2_rc/install/dwb_msgs/include/dwb_msgs/dwb_msgs/srv/generate_twists.h
[2.036s] -- Up-to-date: /home/ros2/ros2_rc/install/dwb_msgs/include/dwb_msgs/dwb_msgs/srv/get_critic_score.h
[2.036s] -- Up-to-date: /home/ros2/ros2_rc/install/dwb_msgs/include/dwb_msgs/dwb_msgs/srv/detail
[2.036s] -- Up-to-date: /home/ros2/ros2_rc/install/dwb_msgs/include/dwb_msgs/dwb_msgs/srv/detail/get_critic_score__struct.h
[2.036s] -- Up-to-date: /home/ros2/ros2_rc/install/dwb_msgs/include/dwb_msgs/dwb_msgs/srv/detail/score_trajectory__functions.c
[2.036s] -- Up-to-date: /home/ros2/ros2_rc/install/dwb_msgs/include/dwb_msgs/dwb_msgs/srv/detail/debug_local_plan__functions.c
[2.037s] -- Up-to-date: /home/ros2/ros2_rc/install/dwb_msgs/include/dwb_msgs/dwb_msgs/srv/detail/get_critic_score__type_support.h
[2.037s] -- Up-to-date: /home/ros2/ros2_rc/install/dwb_msgs/include/dwb_msgs/dwb_msgs/srv/detail/generate_trajectory__type_support.h
[2.037s] -- Up-to-date: /home/ros2/ros2_rc/install/dwb_msgs/include/dwb_msgs/dwb_msgs/srv/detail/generate_twists__functions.c
[2.037s] -- Up-to-date: /home/ros2/ros2_rc/install/dwb_msgs/include/dwb_msgs/dwb_msgs/srv/detail/score_trajectory__functions.h
[2.038s] -- Up-to-date: /home/ros2/ros2_rc/install/dwb_msgs/include/dwb_msgs/dwb_msgs/srv/detail/generate_trajectory__struct.h
[2.038s] -- Up-to-date: /home/ros2/ros2_rc/install/dwb_msgs/include/dwb_msgs/dwb_msgs/srv/detail/generate_twists__struct.h
[2.038s] -- Up-to-date: /home/ros2/ros2_rc/install/dwb_msgs/include/dwb_msgs/dwb_msgs/srv/detail/score_trajectory__struct.h
[2.039s] -- Up-to-date: /home/ros2/ros2_rc/install/dwb_msgs/include/dwb_msgs/dwb_msgs/srv/detail/debug_local_plan__type_support.h
[2.040s] -- Up-to-date: /home/ros2/ros2_rc/install/dwb_msgs/include/dwb_msgs/dwb_msgs/srv/detail/get_critic_score__functions.c
[2.040s] -- Up-to-date: /home/ros2/ros2_rc/install/dwb_msgs/include/dwb_msgs/dwb_msgs/srv/detail/debug_local_plan__functions.h
[2.040s] -- Up-to-date: /home/ros2/ros2_rc/install/dwb_msgs/include/dwb_msgs/dwb_msgs/srv/detail/generate_trajectory__functions.c
[2.041s] -- Up-to-date: /home/ros2/ros2_rc/install/dwb_msgs/include/dwb_msgs/dwb_msgs/srv/detail/generate_twists__type_support.h
[2.041s] -- Up-to-date: /home/ros2/ros2_rc/install/dwb_msgs/include/dwb_msgs/dwb_msgs/srv/detail/generate_twists__functions.h
[2.041s] -- Up-to-date: /home/ros2/ros2_rc/install/dwb_msgs/include/dwb_msgs/dwb_msgs/srv/detail/score_trajectory__type_support.h
[2.041s] -- Up-to-date: /home/ros2/ros2_rc/install/dwb_msgs/include/dwb_msgs/dwb_msgs/srv/detail/generate_trajectory__functions.h
[2.042s] -- Up-to-date: /home/ros2/ros2_rc/install/dwb_msgs/include/dwb_msgs/dwb_msgs/srv/detail/debug_local_plan__struct.h
[2.042s] -- Up-to-date: /home/ros2/ros2_rc/install/dwb_msgs/include/dwb_msgs/dwb_msgs/srv/detail/get_critic_score__functions.h
[2.042s] -- Up-to-date: /home/ros2/ros2_rc/install/dwb_msgs/include/dwb_msgs/dwb_msgs/srv/generate_trajectory.h
[2.042s] -- Up-to-date: /home/ros2/ros2_rc/install/dwb_msgs/include/dwb_msgs/dwb_msgs/srv/debug_local_plan.h
[2.042s] -- Up-to-date: /home/ros2/ros2_rc/install/dwb_msgs/include/dwb_msgs/dwb_msgs/msg
[2.043s] -- Up-to-date: /home/ros2/ros2_rc/install/dwb_msgs/include/dwb_msgs/dwb_msgs/msg/critic_score.h
[2.043s] -- Up-to-date: /home/ros2/ros2_rc/install/dwb_msgs/include/dwb_msgs/dwb_msgs/msg/trajectory2_d.h
[2.043s] -- Up-to-date: /home/ros2/ros2_rc/install/dwb_msgs/include/dwb_msgs/dwb_msgs/msg/rosidl_generator_c__visibility_control.h
[2.043s] -- Up-to-date: /home/ros2/ros2_rc/install/dwb_msgs/include/dwb_msgs/dwb_msgs/msg/trajectory_score.h
[2.044s] -- Up-to-date: /home/ros2/ros2_rc/install/dwb_msgs/include/dwb_msgs/dwb_msgs/msg/detail
[2.044s] -- Up-to-date: /home/ros2/ros2_rc/install/dwb_msgs/include/dwb_msgs/dwb_msgs/msg/detail/critic_score__functions.h
[2.045s] -- Up-to-date: /home/ros2/ros2_rc/install/dwb_msgs/include/dwb_msgs/dwb_msgs/msg/detail/trajectory2_d__struct.h
[2.045s] -- Up-to-date: /home/ros2/ros2_rc/install/dwb_msgs/include/dwb_msgs/dwb_msgs/msg/detail/critic_score__functions.c
[2.045s] -- Up-to-date: /home/ros2/ros2_rc/install/dwb_msgs/include/dwb_msgs/dwb_msgs/msg/detail/critic_score__struct.h
[2.045s] -- Up-to-date: /home/ros2/ros2_rc/install/dwb_msgs/include/dwb_msgs/dwb_msgs/msg/detail/local_plan_evaluation__functions.h
[2.046s] -- Up-to-date: /home/ros2/ros2_rc/install/dwb_msgs/include/dwb_msgs/dwb_msgs/msg/detail/trajectory2_d__type_support.h
[2.046s] -- Up-to-date: /home/ros2/ros2_rc/install/dwb_msgs/include/dwb_msgs/dwb_msgs/msg/detail/trajectory_score__type_support.h
[2.046s] -- Up-to-date: /home/ros2/ros2_rc/install/dwb_msgs/include/dwb_msgs/dwb_msgs/msg/detail/trajectory_score__struct.h
[2.047s] -- Up-to-date: /home/ros2/ros2_rc/install/dwb_msgs/include/dwb_msgs/dwb_msgs/msg/detail/trajectory_score__functions.h
[2.047s] -- Up-to-date: /home/ros2/ros2_rc/install/dwb_msgs/include/dwb_msgs/dwb_msgs/msg/detail/trajectory2_d__functions.c
[2.047s] -- Up-to-date: /home/ros2/ros2_rc/install/dwb_msgs/include/dwb_msgs/dwb_msgs/msg/detail/trajectory2_d__functions.h
[2.047s] -- Up-to-date: /home/ros2/ros2_rc/install/dwb_msgs/include/dwb_msgs/dwb_msgs/msg/detail/critic_score__type_support.h
[2.047s] -- Up-to-date: /home/ros2/ros2_rc/install/dwb_msgs/include/dwb_msgs/dwb_msgs/msg/detail/trajectory_score__functions.c
[2.048s] -- Up-to-date: /home/ros2/ros2_rc/install/dwb_msgs/include/dwb_msgs/dwb_msgs/msg/detail/local_plan_evaluation__type_support.h
[2.048s] -- Up-to-date: /home/ros2/ros2_rc/install/dwb_msgs/include/dwb_msgs/dwb_msgs/msg/detail/local_plan_evaluation__functions.c
[2.049s] -- Up-to-date: /home/ros2/ros2_rc/install/dwb_msgs/include/dwb_msgs/dwb_msgs/msg/detail/local_plan_evaluation__struct.h
[2.049s] -- Up-to-date: /home/ros2/ros2_rc/install/dwb_msgs/include/dwb_msgs/dwb_msgs/msg/local_plan_evaluation.h
[2.049s] -- Up-to-date: /home/ros2/ros2_rc/install/dwb_msgs/share/dwb_msgs/environment/library_path.sh
[2.049s] -- Up-to-date: /home/ros2/ros2_rc/install/dwb_msgs/share/dwb_msgs/environment/library_path.dsv
[2.049s] -- Up-to-date: /home/ros2/ros2_rc/install/dwb_msgs/lib/libdwb_msgs__rosidl_generator_c.so
[2.049s] -- Up-to-date: /home/ros2/ros2_rc/install/dwb_msgs/include/dwb_msgs/dwb_msgs
[2.049s] -- Up-to-date: /home/ros2/ros2_rc/install/dwb_msgs/include/dwb_msgs/dwb_msgs/srv
[2.050s] -- Up-to-date: /home/ros2/ros2_rc/install/dwb_msgs/include/dwb_msgs/dwb_msgs/srv/detail
[2.050s] -- Up-to-date: /home/ros2/ros2_rc/install/dwb_msgs/include/dwb_msgs/dwb_msgs/srv/detail/score_trajectory__rosidl_typesupport_fastrtps_c.h
[2.050s] -- Up-to-date: /home/ros2/ros2_rc/install/dwb_msgs/include/dwb_msgs/dwb_msgs/srv/detail/generate_trajectory__rosidl_typesupport_fastrtps_c.h
[2.050s] -- Up-to-date: /home/ros2/ros2_rc/install/dwb_msgs/include/dwb_msgs/dwb_msgs/srv/detail/debug_local_plan__rosidl_typesupport_fastrtps_c.h
[2.051s] -- Up-to-date: /home/ros2/ros2_rc/install/dwb_msgs/include/dwb_msgs/dwb_msgs/srv/detail/generate_twists__rosidl_typesupport_fastrtps_c.h
[2.051s] -- Up-to-date: /home/ros2/ros2_rc/install/dwb_msgs/include/dwb_msgs/dwb_msgs/srv/detail/get_critic_score__rosidl_typesupport_fastrtps_c.h
[2.052s] -- Up-to-date: /home/ros2/ros2_rc/install/dwb_msgs/include/dwb_msgs/dwb_msgs/msg
[2.052s] -- Up-to-date: /home/ros2/ros2_rc/install/dwb_msgs/include/dwb_msgs/dwb_msgs/msg/rosidl_typesupport_fastrtps_c__visibility_control.h
[2.052s] -- Up-to-date: /home/ros2/ros2_rc/install/dwb_msgs/include/dwb_msgs/dwb_msgs/msg/detail
[2.053s] -- Up-to-date: /home/ros2/ros2_rc/install/dwb_msgs/include/dwb_msgs/dwb_msgs/msg/detail/trajectory_score__rosidl_typesupport_fastrtps_c.h
[2.053s] -- Up-to-date: /home/ros2/ros2_rc/install/dwb_msgs/include/dwb_msgs/dwb_msgs/msg/detail/critic_score__rosidl_typesupport_fastrtps_c.h
[2.053s] -- Up-to-date: /home/ros2/ros2_rc/install/dwb_msgs/include/dwb_msgs/dwb_msgs/msg/detail/trajectory2_d__rosidl_typesupport_fastrtps_c.h
[2.053s] -- Up-to-date: /home/ros2/ros2_rc/install/dwb_msgs/include/dwb_msgs/dwb_msgs/msg/detail/local_plan_evaluation__rosidl_typesupport_fastrtps_c.h
[2.053s] -- Up-to-date: /home/ros2/ros2_rc/install/dwb_msgs/lib/libdwb_msgs__rosidl_typesupport_fastrtps_c.so
[2.053s] -- Up-to-date: /home/ros2/ros2_rc/install/dwb_msgs/include/dwb_msgs/dwb_msgs
[2.053s] -- Up-to-date: /home/ros2/ros2_rc/install/dwb_msgs/include/dwb_msgs/dwb_msgs/srv
[2.054s] -- Up-to-date: /home/ros2/ros2_rc/install/dwb_msgs/include/dwb_msgs/dwb_msgs/srv/generate_trajectory.hpp
[2.054s] -- Up-to-date: /home/ros2/ros2_rc/install/dwb_msgs/include/dwb_msgs/dwb_msgs/srv/score_trajectory.hpp
[2.054s] -- Up-to-date: /home/ros2/ros2_rc/install/dwb_msgs/include/dwb_msgs/dwb_msgs/srv/get_critic_score.hpp
[2.054s] -- Up-to-date: /home/ros2/ros2_rc/install/dwb_msgs/include/dwb_msgs/dwb_msgs/srv/debug_local_plan.hpp
[2.054s] -- Up-to-date: /home/ros2/ros2_rc/install/dwb_msgs/include/dwb_msgs/dwb_msgs/srv/generate_twists.hpp
[2.054s] -- Up-to-date: /home/ros2/ros2_rc/install/dwb_msgs/include/dwb_msgs/dwb_msgs/srv/detail
[2.054s] -- Up-to-date: /home/ros2/ros2_rc/install/dwb_msgs/include/dwb_msgs/dwb_msgs/srv/detail/generate_twists__builder.hpp
[2.054s] -- Up-to-date: /home/ros2/ros2_rc/install/dwb_msgs/include/dwb_msgs/dwb_msgs/srv/detail/score_trajectory__traits.hpp
[2.054s] -- Up-to-date: /home/ros2/ros2_rc/install/dwb_msgs/include/dwb_msgs/dwb_msgs/srv/detail/debug_local_plan__traits.hpp
[2.054s] -- Up-to-date: /home/ros2/ros2_rc/install/dwb_msgs/include/dwb_msgs/dwb_msgs/srv/detail/get_critic_score__traits.hpp
[2.054s] -- Up-to-date: /home/ros2/ros2_rc/install/dwb_msgs/include/dwb_msgs/dwb_msgs/srv/detail/generate_twists__struct.hpp
[2.054s] -- Up-to-date: /home/ros2/ros2_rc/install/dwb_msgs/include/dwb_msgs/dwb_msgs/srv/detail/score_trajectory__builder.hpp
[2.054s] -- Up-to-date: /home/ros2/ros2_rc/install/dwb_msgs/include/dwb_msgs/dwb_msgs/srv/detail/generate_trajectory__builder.hpp
[2.055s] -- Up-to-date: /home/ros2/ros2_rc/install/dwb_msgs/include/dwb_msgs/dwb_msgs/srv/detail/generate_trajectory__struct.hpp
[2.055s] -- Up-to-date: /home/ros2/ros2_rc/install/dwb_msgs/include/dwb_msgs/dwb_msgs/srv/detail/debug_local_plan__builder.hpp
[2.055s] -- Up-to-date: /home/ros2/ros2_rc/install/dwb_msgs/include/dwb_msgs/dwb_msgs/srv/detail/score_trajectory__struct.hpp
[2.055s] -- Up-to-date: /home/ros2/ros2_rc/install/dwb_msgs/include/dwb_msgs/dwb_msgs/srv/detail/get_critic_score__struct.hpp
[2.055s] -- Up-to-date: /home/ros2/ros2_rc/install/dwb_msgs/include/dwb_msgs/dwb_msgs/srv/detail/get_critic_score__builder.hpp
[2.055s] -- Up-to-date: /home/ros2/ros2_rc/install/dwb_msgs/include/dwb_msgs/dwb_msgs/srv/detail/debug_local_plan__struct.hpp
[2.055s] -- Up-to-date: /home/ros2/ros2_rc/install/dwb_msgs/include/dwb_msgs/dwb_msgs/srv/detail/generate_trajectory__traits.hpp
[2.055s] -- Up-to-date: /home/ros2/ros2_rc/install/dwb_msgs/include/dwb_msgs/dwb_msgs/srv/detail/generate_twists__traits.hpp
[2.055s] -- Up-to-date: /home/ros2/ros2_rc/install/dwb_msgs/include/dwb_msgs/dwb_msgs/msg
[2.055s] -- Up-to-date: /home/ros2/ros2_rc/install/dwb_msgs/include/dwb_msgs/dwb_msgs/msg/trajectory2_d.hpp
[2.055s] -- Up-to-date: /home/ros2/ros2_rc/install/dwb_msgs/include/dwb_msgs/dwb_msgs/msg/critic_score.hpp
[2.055s] -- Up-to-date: /home/ros2/ros2_rc/install/dwb_msgs/include/dwb_msgs/dwb_msgs/msg/trajectory_score.hpp
[2.055s] -- Up-to-date: /home/ros2/ros2_rc/install/dwb_msgs/include/dwb_msgs/dwb_msgs/msg/local_plan_evaluation.hpp
[2.056s] -- Up-to-date: /home/ros2/ros2_rc/install/dwb_msgs/include/dwb_msgs/dwb_msgs/msg/detail
[2.056s] -- Up-to-date: /home/ros2/ros2_rc/install/dwb_msgs/include/dwb_msgs/dwb_msgs/msg/detail/trajectory_score__traits.hpp
[2.057s] -- Up-to-date: /home/ros2/ros2_rc/install/dwb_msgs/include/dwb_msgs/dwb_msgs/msg/detail/trajectory_score__struct.hpp
[2.058s] -- Up-to-date: /home/ros2/ros2_rc/install/dwb_msgs/include/dwb_msgs/dwb_msgs/msg/detail/critic_score__builder.hpp
[2.058s] -- Up-to-date: /home/ros2/ros2_rc/install/dwb_msgs/include/dwb_msgs/dwb_msgs/msg/detail/trajectory_score__builder.hpp
[2.058s] -- Up-to-date: /home/ros2/ros2_rc/install/dwb_msgs/include/dwb_msgs/dwb_msgs/msg/detail/local_plan_evaluation__builder.hpp
[2.058s] -- Up-to-date: /home/ros2/ros2_rc/install/dwb_msgs/include/dwb_msgs/dwb_msgs/msg/detail/local_plan_evaluation__struct.hpp
[2.058s] -- Up-to-date: /home/ros2/ros2_rc/install/dwb_msgs/include/dwb_msgs/dwb_msgs/msg/detail/trajectory2_d__struct.hpp
[2.058s] -- Up-to-date: /home/ros2/ros2_rc/install/dwb_msgs/include/dwb_msgs/dwb_msgs/msg/detail/local_plan_evaluation__traits.hpp
[2.058s] -- Up-to-date: /home/ros2/ros2_rc/install/dwb_msgs/include/dwb_msgs/dwb_msgs/msg/detail/trajectory2_d__builder.hpp
[2.058s] -- Up-to-date: /home/ros2/ros2_rc/install/dwb_msgs/include/dwb_msgs/dwb_msgs/msg/detail/critic_score__traits.hpp
[2.058s] -- Up-to-date: /home/ros2/ros2_rc/install/dwb_msgs/include/dwb_msgs/dwb_msgs/msg/detail/critic_score__struct.hpp
[2.058s] -- Up-to-date: /home/ros2/ros2_rc/install/dwb_msgs/include/dwb_msgs/dwb_msgs/msg/detail/trajectory2_d__traits.hpp
[2.059s] -- Up-to-date: /home/ros2/ros2_rc/install/dwb_msgs/include/dwb_msgs/dwb_msgs
[2.059s] -- Up-to-date: /home/ros2/ros2_rc/install/dwb_msgs/include/dwb_msgs/dwb_msgs/srv
[2.059s] -- Up-to-date: /home/ros2/ros2_rc/install/dwb_msgs/include/dwb_msgs/dwb_msgs/srv/detail
[2.060s] -- Up-to-date: /home/ros2/ros2_rc/install/dwb_msgs/include/dwb_msgs/dwb_msgs/srv/detail/generate_trajectory__rosidl_typesupport_fastrtps_cpp.hpp
[2.060s] -- Up-to-date: /home/ros2/ros2_rc/install/dwb_msgs/include/dwb_msgs/dwb_msgs/srv/detail/debug_local_plan__rosidl_typesupport_fastrtps_cpp.hpp
[2.060s] -- Up-to-date: /home/ros2/ros2_rc/install/dwb_msgs/include/dwb_msgs/dwb_msgs/srv/detail/get_critic_score__rosidl_typesupport_fastrtps_cpp.hpp
[2.060s] -- Up-to-date: /home/ros2/ros2_rc/install/dwb_msgs/include/dwb_msgs/dwb_msgs/srv/detail/generate_twists__rosidl_typesupport_fastrtps_cpp.hpp
[2.060s] -- Up-to-date: /home/ros2/ros2_rc/install/dwb_msgs/include/dwb_msgs/dwb_msgs/srv/detail/dds_fastrtps
[2.060s] -- Up-to-date: /home/ros2/ros2_rc/install/dwb_msgs/include/dwb_msgs/dwb_msgs/srv/detail/score_trajectory__rosidl_typesupport_fastrtps_cpp.hpp
[2.060s] -- Up-to-date: /home/ros2/ros2_rc/install/dwb_msgs/include/dwb_msgs/dwb_msgs/msg
[2.060s] -- Up-to-date: /home/ros2/ros2_rc/install/dwb_msgs/include/dwb_msgs/dwb_msgs/msg/rosidl_typesupport_fastrtps_cpp__visibility_control.h
[2.061s] -- Up-to-date: /home/ros2/ros2_rc/install/dwb_msgs/include/dwb_msgs/dwb_msgs/msg/detail
[2.061s] -- Up-to-date: /home/ros2/ros2_rc/install/dwb_msgs/include/dwb_msgs/dwb_msgs/msg/detail/critic_score__rosidl_typesupport_fastrtps_cpp.hpp
[2.061s] -- Up-to-date: /home/ros2/ros2_rc/install/dwb_msgs/include/dwb_msgs/dwb_msgs/msg/detail/local_plan_evaluation__rosidl_typesupport_fastrtps_cpp.hpp
[2.061s] -- Up-to-date: /home/ros2/ros2_rc/install/dwb_msgs/include/dwb_msgs/dwb_msgs/msg/detail/trajectory2_d__rosidl_typesupport_fastrtps_cpp.hpp
[2.061s] -- Up-to-date: /home/ros2/ros2_rc/install/dwb_msgs/include/dwb_msgs/dwb_msgs/msg/detail/trajectory_score__rosidl_typesupport_fastrtps_cpp.hpp
[2.061s] -- Up-to-date: /home/ros2/ros2_rc/install/dwb_msgs/include/dwb_msgs/dwb_msgs/msg/detail/dds_fastrtps
[2.061s] -- Up-to-date: /home/ros2/ros2_rc/install/dwb_msgs/lib/libdwb_msgs__rosidl_typesupport_fastrtps_cpp.so
[2.061s] -- Up-to-date: /home/ros2/ros2_rc/install/dwb_msgs/include/dwb_msgs/dwb_msgs
[2.061s] -- Up-to-date: /home/ros2/ros2_rc/install/dwb_msgs/include/dwb_msgs/dwb_msgs/srv
[2.061s] -- Up-to-date: /home/ros2/ros2_rc/install/dwb_msgs/include/dwb_msgs/dwb_msgs/srv/detail
[2.062s] -- Up-to-date: /home/ros2/ros2_rc/install/dwb_msgs/include/dwb_msgs/dwb_msgs/srv/detail/score_trajectory__type_support.c
[2.062s] -- Up-to-date: /home/ros2/ros2_rc/install/dwb_msgs/include/dwb_msgs/dwb_msgs/srv/detail/get_critic_score__rosidl_typesupport_introspection_c.h
[2.062s] -- Up-to-date: /home/ros2/ros2_rc/install/dwb_msgs/include/dwb_msgs/dwb_msgs/srv/detail/debug_local_plan__rosidl_typesupport_introspection_c.h
[2.062s] -- Up-to-date: /home/ros2/ros2_rc/install/dwb_msgs/include/dwb_msgs/dwb_msgs/srv/detail/generate_twists__type_support.c
[2.062s] -- Up-to-date: /home/ros2/ros2_rc/install/dwb_msgs/include/dwb_msgs/dwb_msgs/srv/detail/generate_trajectory__type_support.c
[2.063s] -- Up-to-date: /home/ros2/ros2_rc/install/dwb_msgs/include/dwb_msgs/dwb_msgs/srv/detail/generate_trajectory__rosidl_typesupport_introspection_c.h
[2.063s] -- Up-to-date: /home/ros2/ros2_rc/install/dwb_msgs/include/dwb_msgs/dwb_msgs/srv/detail/debug_local_plan__type_support.c
[2.063s] -- Up-to-date: /home/ros2/ros2_rc/install/dwb_msgs/include/dwb_msgs/dwb_msgs/srv/detail/generate_twists__rosidl_typesupport_introspection_c.h
[2.063s] -- Up-to-date: /home/ros2/ros2_rc/install/dwb_msgs/include/dwb_msgs/dwb_msgs/srv/detail/score_trajectory__rosidl_typesupport_introspection_c.h
[2.063s] -- Up-to-date: /home/ros2/ros2_rc/install/dwb_msgs/include/dwb_msgs/dwb_msgs/srv/detail/get_critic_score__type_support.c
[2.063s] -- Up-to-date: /home/ros2/ros2_rc/install/dwb_msgs/include/dwb_msgs/dwb_msgs/msg
[2.063s] -- Up-to-date: /home/ros2/ros2_rc/install/dwb_msgs/include/dwb_msgs/dwb_msgs/msg/detail
[2.063s] -- Up-to-date: /home/ros2/ros2_rc/install/dwb_msgs/include/dwb_msgs/dwb_msgs/msg/detail/trajectory_score__type_support.c
[2.063s] -- Up-to-date: /home/ros2/ros2_rc/install/dwb_msgs/include/dwb_msgs/dwb_msgs/msg/detail/trajectory2_d__rosidl_typesupport_introspection_c.h
[2.064s] -- Up-to-date: /home/ros2/ros2_rc/install/dwb_msgs/include/dwb_msgs/dwb_msgs/msg/detail/trajectory_score__rosidl_typesupport_introspection_c.h
[2.064s] -- Up-to-date: /home/ros2/ros2_rc/install/dwb_msgs/include/dwb_msgs/dwb_msgs/msg/detail/critic_score__rosidl_typesupport_introspection_c.h
[2.064s] -- Up-to-date: /home/ros2/ros2_rc/install/dwb_msgs/include/dwb_msgs/dwb_msgs/msg/detail/critic_score__type_support.c
[2.064s] -- Up-to-date: /home/ros2/ros2_rc/install/dwb_msgs/include/dwb_msgs/dwb_msgs/msg/detail/trajectory2_d__type_support.c
[2.064s] -- Up-to-date: /home/ros2/ros2_rc/install/dwb_msgs/include/dwb_msgs/dwb_msgs/msg/detail/local_plan_evaluation__rosidl_typesupport_introspection_c.h
[2.064s] -- Up-to-date: /home/ros2/ros2_rc/install/dwb_msgs/include/dwb_msgs/dwb_msgs/msg/detail/local_plan_evaluation__type_support.c
[2.064s] -- Up-to-date: /home/ros2/ros2_rc/install/dwb_msgs/include/dwb_msgs/dwb_msgs/msg/rosidl_typesupport_introspection_c__visibility_control.h
[2.065s] -- Up-to-date: /home/ros2/ros2_rc/install/dwb_msgs/lib/libdwb_msgs__rosidl_typesupport_introspection_c.so
[2.065s] -- Up-to-date: /home/ros2/ros2_rc/install/dwb_msgs/lib/libdwb_msgs__rosidl_typesupport_c.so
[2.065s] -- Up-to-date: /home/ros2/ros2_rc/install/dwb_msgs/include/dwb_msgs/dwb_msgs
[2.065s] -- Up-to-date: /home/ros2/ros2_rc/install/dwb_msgs/include/dwb_msgs/dwb_msgs/srv
[2.065s] -- Up-to-date: /home/ros2/ros2_rc/install/dwb_msgs/include/dwb_msgs/dwb_msgs/srv/detail
[2.065s] -- Up-to-date: /home/ros2/ros2_rc/install/dwb_msgs/include/dwb_msgs/dwb_msgs/srv/detail/generate_trajectory__type_support.cpp
[2.065s] -- Up-to-date: /home/ros2/ros2_rc/install/dwb_msgs/include/dwb_msgs/dwb_msgs/srv/detail/generate_trajectory__rosidl_typesupport_introspection_cpp.hpp
[2.065s] -- Up-to-date: /home/ros2/ros2_rc/install/dwb_msgs/include/dwb_msgs/dwb_msgs/srv/detail/get_critic_score__type_support.cpp
[2.066s] -- Up-to-date: /home/ros2/ros2_rc/install/dwb_msgs/include/dwb_msgs/dwb_msgs/srv/detail/generate_twists__rosidl_typesupport_introspection_cpp.hpp
[2.066s] -- Up-to-date: /home/ros2/ros2_rc/install/dwb_msgs/include/dwb_msgs/dwb_msgs/srv/detail/debug_local_plan__rosidl_typesupport_introspection_cpp.hpp
[2.067s] -- Up-to-date: /home/ros2/ros2_rc/install/dwb_msgs/include/dwb_msgs/dwb_msgs/srv/detail/score_trajectory__rosidl_typesupport_introspection_cpp.hpp
[2.068s] -- Up-to-date: /home/ros2/ros2_rc/install/dwb_msgs/include/dwb_msgs/dwb_msgs/srv/detail/debug_local_plan__type_support.cpp
[2.068s] -- Up-to-date: /home/ros2/ros2_rc/install/dwb_msgs/include/dwb_msgs/dwb_msgs/srv/detail/generate_twists__type_support.cpp
[2.068s] -- Up-to-date: /home/ros2/ros2_rc/install/dwb_msgs/include/dwb_msgs/dwb_msgs/srv/detail/score_trajectory__type_support.cpp
[2.068s] -- Up-to-date: /home/ros2/ros2_rc/install/dwb_msgs/include/dwb_msgs/dwb_msgs/srv/detail/get_critic_score__rosidl_typesupport_introspection_cpp.hpp
[2.068s] -- Up-to-date: /home/ros2/ros2_rc/install/dwb_msgs/include/dwb_msgs/dwb_msgs/msg
[2.068s] -- Up-to-date: /home/ros2/ros2_rc/install/dwb_msgs/include/dwb_msgs/dwb_msgs/msg/detail
[2.068s] -- Up-to-date: /home/ros2/ros2_rc/install/dwb_msgs/include/dwb_msgs/dwb_msgs/msg/detail/trajectory_score__rosidl_typesupport_introspection_cpp.hpp
[2.069s] -- Up-to-date: /home/ros2/ros2_rc/install/dwb_msgs/include/dwb_msgs/dwb_msgs/msg/detail/trajectory_score__type_support.cpp
[2.069s] -- Up-to-date: /home/ros2/ros2_rc/install/dwb_msgs/include/dwb_msgs/dwb_msgs/msg/detail/local_plan_evaluation__rosidl_typesupport_introspection_cpp.hpp
[2.069s] -- Up-to-date: /home/ros2/ros2_rc/install/dwb_msgs/include/dwb_msgs/dwb_msgs/msg/detail/critic_score__rosidl_typesupport_introspection_cpp.hpp
[2.069s] -- Up-to-date: /home/ros2/ros2_rc/install/dwb_msgs/include/dwb_msgs/dwb_msgs/msg/detail/local_plan_evaluation__type_support.cpp
[2.069s] -- Up-to-date: /home/ros2/ros2_rc/install/dwb_msgs/include/dwb_msgs/dwb_msgs/msg/detail/trajectory2_d__rosidl_typesupport_introspection_cpp.hpp
[2.069s] -- Up-to-date: /home/ros2/ros2_rc/install/dwb_msgs/include/dwb_msgs/dwb_msgs/msg/detail/critic_score__type_support.cpp
[2.069s] -- Up-to-date: /home/ros2/ros2_rc/install/dwb_msgs/include/dwb_msgs/dwb_msgs/msg/detail/trajectory2_d__type_support.cpp
[2.069s] -- Up-to-date: /home/ros2/ros2_rc/install/dwb_msgs/lib/libdwb_msgs__rosidl_typesupport_introspection_cpp.so
[2.070s] -- Up-to-date: /home/ros2/ros2_rc/install/dwb_msgs/lib/libdwb_msgs__rosidl_typesupport_cpp.so
[2.070s] -- Up-to-date: /home/ros2/ros2_rc/install/dwb_msgs/share/dwb_msgs/environment/pythonpath.sh
[2.070s] -- Up-to-date: /home/ros2/ros2_rc/install/dwb_msgs/share/dwb_msgs/environment/pythonpath.dsv
[2.070s] -- Up-to-date: /home/ros2/ros2_rc/install/dwb_msgs/local/lib/python3.10/dist-packages/dwb_msgs-1.1.16-py3.10.egg-info
[2.070s] -- Installing: /home/ros2/ros2_rc/install/dwb_msgs/local/lib/python3.10/dist-packages/dwb_msgs-1.1.16-py3.10.egg-info/SOURCES.txt
[2.070s] -- Installing: /home/ros2/ros2_rc/install/dwb_msgs/local/lib/python3.10/dist-packages/dwb_msgs-1.1.16-py3.10.egg-info/PKG-INFO
[2.070s] -- Installing: /home/ros2/ros2_rc/install/dwb_msgs/local/lib/python3.10/dist-packages/dwb_msgs-1.1.16-py3.10.egg-info/top_level.txt
[2.070s] -- Installing: /home/ros2/ros2_rc/install/dwb_msgs/local/lib/python3.10/dist-packages/dwb_msgs-1.1.16-py3.10.egg-info/dependency_links.txt
[2.070s] -- Up-to-date: /home/ros2/ros2_rc/install/dwb_msgs/local/lib/python3.10/dist-packages/dwb_msgs
[2.070s] -- Up-to-date: /home/ros2/ros2_rc/install/dwb_msgs/local/lib/python3.10/dist-packages/dwb_msgs/__init__.py
[2.070s] -- Up-to-date: /home/ros2/ros2_rc/install/dwb_msgs/local/lib/python3.10/dist-packages/dwb_msgs/srv
[2.071s] -- Up-to-date: /home/ros2/ros2_rc/install/dwb_msgs/local/lib/python3.10/dist-packages/dwb_msgs/srv/__init__.py
[2.071s] -- Up-to-date: /home/ros2/ros2_rc/install/dwb_msgs/local/lib/python3.10/dist-packages/dwb_msgs/srv/_generate_twists.py
[2.071s] -- Up-to-date: /home/ros2/ros2_rc/install/dwb_msgs/local/lib/python3.10/dist-packages/dwb_msgs/srv/_score_trajectory_s.c
[2.071s] -- Up-to-date: /home/ros2/ros2_rc/install/dwb_msgs/local/lib/python3.10/dist-packages/dwb_msgs/srv/_get_critic_score.py
[2.071s] -- Up-to-date: /home/ros2/ros2_rc/install/dwb_msgs/local/lib/python3.10/dist-packages/dwb_msgs/srv/_generate_twists_s.c
[2.071s] -- Up-to-date: /home/ros2/ros2_rc/install/dwb_msgs/local/lib/python3.10/dist-packages/dwb_msgs/srv/_get_critic_score_s.c
[2.071s] -- Up-to-date: /home/ros2/ros2_rc/install/dwb_msgs/local/lib/python3.10/dist-packages/dwb_msgs/srv/_generate_trajectory.py
[2.072s] -- Up-to-date: /home/ros2/ros2_rc/install/dwb_msgs/local/lib/python3.10/dist-packages/dwb_msgs/srv/_debug_local_plan.py
[2.073s] -- Up-to-date: /home/ros2/ros2_rc/install/dwb_msgs/local/lib/python3.10/dist-packages/dwb_msgs/srv/_debug_local_plan_s.c
[2.074s] -- Up-to-date: /home/ros2/ros2_rc/install/dwb_msgs/local/lib/python3.10/dist-packages/dwb_msgs/srv/_score_trajectory.py
[2.074s] -- Up-to-date: /home/ros2/ros2_rc/install/dwb_msgs/local/lib/python3.10/dist-packages/dwb_msgs/srv/_generate_trajectory_s.c
[2.074s] -- Up-to-date: /home/ros2/ros2_rc/install/dwb_msgs/local/lib/python3.10/dist-packages/dwb_msgs/_dwb_msgs_s.ep.rosidl_typesupport_c.c
[2.075s] -- Up-to-date: /home/ros2/ros2_rc/install/dwb_msgs/local/lib/python3.10/dist-packages/dwb_msgs/dwb_msgs_s__rosidl_typesupport_c.cpython-310-x86_64-linux-gnu.so
[2.075s] -- Up-to-date: /home/ros2/ros2_rc/install/dwb_msgs/local/lib/python3.10/dist-packages/dwb_msgs/libdwb_msgs__rosidl_generator_py.so
[2.075s] -- Up-to-date: /home/ros2/ros2_rc/install/dwb_msgs/local/lib/python3.10/dist-packages/dwb_msgs/_dwb_msgs_s.ep.rosidl_typesupport_introspection_c.c
[2.075s] -- Up-to-date: /home/ros2/ros2_rc/install/dwb_msgs/local/lib/python3.10/dist-packages/dwb_msgs/_dwb_msgs_s.ep.rosidl_typesupport_fastrtps_c.c
[2.075s] -- Up-to-date: /home/ros2/ros2_rc/install/dwb_msgs/local/lib/python3.10/dist-packages/dwb_msgs/dwb_msgs_s__rosidl_typesupport_introspection_c.cpython-310-x86_64-linux-gnu.so
[2.076s] -- Up-to-date: /home/ros2/ros2_rc/install/dwb_msgs/local/lib/python3.10/dist-packages/dwb_msgs/dwb_msgs_s__rosidl_typesupport_fastrtps_c.cpython-310-x86_64-linux-gnu.so
[2.076s] -- Up-to-date: /home/ros2/ros2_rc/install/dwb_msgs/local/lib/python3.10/dist-packages/dwb_msgs/msg
[2.076s] -- Up-to-date: /home/ros2/ros2_rc/install/dwb_msgs/local/lib/python3.10/dist-packages/dwb_msgs/msg/_trajectory2_d.py
[2.076s] -- Up-to-date: /home/ros2/ros2_rc/install/dwb_msgs/local/lib/python3.10/dist-packages/dwb_msgs/msg/__init__.py
[2.076s] -- Up-to-date: /home/ros2/ros2_rc/install/dwb_msgs/local/lib/python3.10/dist-packages/dwb_msgs/msg/_trajectory_score.py
[2.076s] -- Up-to-date: /home/ros2/ros2_rc/install/dwb_msgs/local/lib/python3.10/dist-packages/dwb_msgs/msg/_local_plan_evaluation.py
[2.076s] -- Up-to-date: /home/ros2/ros2_rc/install/dwb_msgs/local/lib/python3.10/dist-packages/dwb_msgs/msg/_trajectory_score_s.c
[2.076s] -- Up-to-date: /home/ros2/ros2_rc/install/dwb_msgs/local/lib/python3.10/dist-packages/dwb_msgs/msg/_trajectory2_d_s.c
[2.077s] -- Up-to-date: /home/ros2/ros2_rc/install/dwb_msgs/local/lib/python3.10/dist-packages/dwb_msgs/msg/_local_plan_evaluation_s.c
[2.077s] -- Up-to-date: /home/ros2/ros2_rc/install/dwb_msgs/local/lib/python3.10/dist-packages/dwb_msgs/msg/_critic_score_s.c
[2.077s] -- Up-to-date: /home/ros2/ros2_rc/install/dwb_msgs/local/lib/python3.10/dist-packages/dwb_msgs/msg/_critic_score.py
[2.143s] Listing '/home/ros2/ros2_rc/install/dwb_msgs/local/lib/python3.10/dist-packages/dwb_msgs'...
[2.143s] Listing '/home/ros2/ros2_rc/install/dwb_msgs/local/lib/python3.10/dist-packages/dwb_msgs/msg'...
[2.143s] Listing '/home/ros2/ros2_rc/install/dwb_msgs/local/lib/python3.10/dist-packages/dwb_msgs/srv'...
[2.156s] -- Up-to-date: /home/ros2/ros2_rc/install/dwb_msgs/local/lib/python3.10/dist-packages/dwb_msgs/dwb_msgs_s__rosidl_typesupport_fastrtps_c.cpython-310-x86_64-linux-gnu.so
[2.157s] -- Up-to-date: /home/ros2/ros2_rc/install/dwb_msgs/local/lib/python3.10/dist-packages/dwb_msgs/dwb_msgs_s__rosidl_typesupport_introspection_c.cpython-310-x86_64-linux-gnu.so
[2.157s] -- Up-to-date: /home/ros2/ros2_rc/install/dwb_msgs/local/lib/python3.10/dist-packages/dwb_msgs/dwb_msgs_s__rosidl_typesupport_c.cpython-310-x86_64-linux-gnu.so
[2.158s] -- Up-to-date: /home/ros2/ros2_rc/install/dwb_msgs/lib/libdwb_msgs__rosidl_generator_py.so
[2.158s] -- Up-to-date: /home/ros2/ros2_rc/install/dwb_msgs/share/dwb_msgs/msg/CriticScore.idl
[2.159s] -- Up-to-date: /home/ros2/ros2_rc/install/dwb_msgs/share/dwb_msgs/msg/LocalPlanEvaluation.idl
[2.159s] -- Up-to-date: /home/ros2/ros2_rc/install/dwb_msgs/share/dwb_msgs/msg/Trajectory2D.idl
[2.160s] -- Up-to-date: /home/ros2/ros2_rc/install/dwb_msgs/share/dwb_msgs/msg/TrajectoryScore.idl
[2.160s] -- Up-to-date: /home/ros2/ros2_rc/install/dwb_msgs/share/dwb_msgs/srv/DebugLocalPlan.idl
[2.160s] -- Up-to-date: /home/ros2/ros2_rc/install/dwb_msgs/share/dwb_msgs/srv/GenerateTrajectory.idl
[2.161s] -- Up-to-date: /home/ros2/ros2_rc/install/dwb_msgs/share/dwb_msgs/srv/GenerateTwists.idl
[2.162s] -- Up-to-date: /home/ros2/ros2_rc/install/dwb_msgs/share/dwb_msgs/srv/GetCriticScore.idl
[2.162s] -- Up-to-date: /home/ros2/ros2_rc/install/dwb_msgs/share/dwb_msgs/srv/ScoreTrajectory.idl
[2.162s] -- Up-to-date: /home/ros2/ros2_rc/install/dwb_msgs/share/dwb_msgs/msg/CriticScore.msg
[2.162s] -- Up-to-date: /home/ros2/ros2_rc/install/dwb_msgs/share/dwb_msgs/msg/LocalPlanEvaluation.msg
[2.163s] -- Up-to-date: /home/ros2/ros2_rc/install/dwb_msgs/share/dwb_msgs/msg/Trajectory2D.msg
[2.163s] -- Up-to-date: /home/ros2/ros2_rc/install/dwb_msgs/share/dwb_msgs/msg/TrajectoryScore.msg
[2.163s] -- Up-to-date: /home/ros2/ros2_rc/install/dwb_msgs/share/dwb_msgs/srv/DebugLocalPlan.srv
[2.164s] -- Up-to-date: /home/ros2/ros2_rc/install/dwb_msgs/share/dwb_msgs/srv/DebugLocalPlan_Request.msg
[2.164s] -- Up-to-date: /home/ros2/ros2_rc/install/dwb_msgs/share/dwb_msgs/srv/DebugLocalPlan_Response.msg
[2.164s] -- Up-to-date: /home/ros2/ros2_rc/install/dwb_msgs/share/dwb_msgs/srv/GenerateTrajectory.srv
[2.164s] -- Up-to-date: /home/ros2/ros2_rc/install/dwb_msgs/share/dwb_msgs/srv/GenerateTrajectory_Request.msg
[2.164s] -- Up-to-date: /home/ros2/ros2_rc/install/dwb_msgs/share/dwb_msgs/srv/GenerateTrajectory_Response.msg
[2.165s] -- Up-to-date: /home/ros2/ros2_rc/install/dwb_msgs/share/dwb_msgs/srv/GenerateTwists.srv
[2.165s] -- Up-to-date: /home/ros2/ros2_rc/install/dwb_msgs/share/dwb_msgs/srv/GenerateTwists_Request.msg
[2.165s] -- Up-to-date: /home/ros2/ros2_rc/install/dwb_msgs/share/dwb_msgs/srv/GenerateTwists_Response.msg
[2.167s] -- Up-to-date: /home/ros2/ros2_rc/install/dwb_msgs/share/dwb_msgs/srv/GetCriticScore.srv
[2.167s] -- Up-to-date: /home/ros2/ros2_rc/install/dwb_msgs/share/dwb_msgs/srv/GetCriticScore_Request.msg
[2.167s] -- Up-to-date: /home/ros2/ros2_rc/install/dwb_msgs/share/dwb_msgs/srv/GetCriticScore_Response.msg
[2.167s] -- Up-to-date: /home/ros2/ros2_rc/install/dwb_msgs/share/dwb_msgs/srv/ScoreTrajectory.srv
[2.168s] -- Up-to-date: /home/ros2/ros2_rc/install/dwb_msgs/share/dwb_msgs/srv/ScoreTrajectory_Request.msg
[2.168s] -- Up-to-date: /home/ros2/ros2_rc/install/dwb_msgs/share/dwb_msgs/srv/ScoreTrajectory_Response.msg
[2.168s] -- Up-to-date: /home/ros2/ros2_rc/install/dwb_msgs/share/ament_index/resource_index/package_run_dependencies/dwb_msgs
[2.168s] -- Up-to-date: /home/ros2/ros2_rc/install/dwb_msgs/share/ament_index/resource_index/parent_prefix_path/dwb_msgs
[2.168s] -- Up-to-date: /home/ros2/ros2_rc/install/dwb_msgs/share/dwb_msgs/environment/ament_prefix_path.sh
[2.168s] -- Up-to-date: /home/ros2/ros2_rc/install/dwb_msgs/share/dwb_msgs/environment/ament_prefix_path.dsv
[2.168s] -- Up-to-date: /home/ros2/ros2_rc/install/dwb_msgs/share/dwb_msgs/environment/path.sh
[2.168s] -- Up-to-date: /home/ros2/ros2_rc/install/dwb_msgs/share/dwb_msgs/environment/path.dsv
[2.169s] -- Up-to-date: /home/ros2/ros2_rc/install/dwb_msgs/share/dwb_msgs/local_setup.bash
[2.169s] -- Up-to-date: /home/ros2/ros2_rc/install/dwb_msgs/share/dwb_msgs/local_setup.sh
[2.169s] -- Up-to-date: /home/ros2/ros2_rc/install/dwb_msgs/share/dwb_msgs/local_setup.zsh
[2.169s] -- Up-to-date: /home/ros2/ros2_rc/install/dwb_msgs/share/dwb_msgs/local_setup.dsv
[2.169s] -- Installing: /home/ros2/ros2_rc/install/dwb_msgs/share/dwb_msgs/package.dsv
[2.169s] -- Up-to-date: /home/ros2/ros2_rc/install/dwb_msgs/share/ament_index/resource_index/packages/dwb_msgs
[2.169s] -- Up-to-date: /home/ros2/ros2_rc/install/dwb_msgs/share/dwb_msgs/cmake/export_dwb_msgs__rosidl_generator_cExport.cmake
[2.169s] -- Up-to-date: /home/ros2/ros2_rc/install/dwb_msgs/share/dwb_msgs/cmake/export_dwb_msgs__rosidl_generator_cExport-noconfig.cmake
[2.170s] -- Up-to-date: /home/ros2/ros2_rc/install/dwb_msgs/share/dwb_msgs/cmake/export_dwb_msgs__rosidl_typesupport_fastrtps_cExport.cmake
[2.170s] -- Up-to-date: /home/ros2/ros2_rc/install/dwb_msgs/share/dwb_msgs/cmake/export_dwb_msgs__rosidl_typesupport_fastrtps_cExport-noconfig.cmake
[2.170s] -- Up-to-date: /home/ros2/ros2_rc/install/dwb_msgs/share/dwb_msgs/cmake/export_dwb_msgs__rosidl_generator_cppExport.cmake
[2.171s] -- Up-to-date: /home/ros2/ros2_rc/install/dwb_msgs/share/dwb_msgs/cmake/export_dwb_msgs__rosidl_typesupport_fastrtps_cppExport.cmake
[2.171s] -- Up-to-date: /home/ros2/ros2_rc/install/dwb_msgs/share/dwb_msgs/cmake/export_dwb_msgs__rosidl_typesupport_fastrtps_cppExport-noconfig.cmake
[2.173s] -- Up-to-date: /home/ros2/ros2_rc/install/dwb_msgs/share/dwb_msgs/cmake/dwb_msgs__rosidl_typesupport_introspection_cExport.cmake
[2.173s] -- Up-to-date: /home/ros2/ros2_rc/install/dwb_msgs/share/dwb_msgs/cmake/dwb_msgs__rosidl_typesupport_introspection_cExport-noconfig.cmake
[2.174s] -- Up-to-date: /home/ros2/ros2_rc/install/dwb_msgs/share/dwb_msgs/cmake/dwb_msgs__rosidl_typesupport_cExport.cmake
[2.175s] -- Up-to-date: /home/ros2/ros2_rc/install/dwb_msgs/share/dwb_msgs/cmake/dwb_msgs__rosidl_typesupport_cExport-noconfig.cmake
[2.177s] -- Up-to-date: /home/ros2/ros2_rc/install/dwb_msgs/share/dwb_msgs/cmake/dwb_msgs__rosidl_typesupport_introspection_cppExport.cmake
[2.178s] -- Up-to-date: /home/ros2/ros2_rc/install/dwb_msgs/share/dwb_msgs/cmake/dwb_msgs__rosidl_typesupport_introspection_cppExport-noconfig.cmake
[2.178s] -- Up-to-date: /home/ros2/ros2_rc/install/dwb_msgs/share/dwb_msgs/cmake/dwb_msgs__rosidl_typesupport_cppExport.cmake
[2.179s] -- Up-to-date: /home/ros2/ros2_rc/install/dwb_msgs/share/dwb_msgs/cmake/dwb_msgs__rosidl_typesupport_cppExport-noconfig.cmake
[2.179s] -- Up-to-date: /home/ros2/ros2_rc/install/dwb_msgs/share/dwb_msgs/cmake/export_dwb_msgs__rosidl_generator_pyExport.cmake
[2.179s] -- Up-to-date: /home/ros2/ros2_rc/install/dwb_msgs/share/dwb_msgs/cmake/export_dwb_msgs__rosidl_generator_pyExport-noconfig.cmake
[2.179s] -- Up-to-date: /home/ros2/ros2_rc/install/dwb_msgs/share/dwb_msgs/cmake/rosidl_cmake-extras.cmake
[2.179s] -- Up-to-date: /home/ros2/ros2_rc/install/dwb_msgs/share/dwb_msgs/cmake/ament_cmake_export_dependencies-extras.cmake
[2.180s] -- Up-to-date: /home/ros2/ros2_rc/install/dwb_msgs/share/dwb_msgs/cmake/ament_cmake_export_include_directories-extras.cmake
[2.180s] -- Up-to-date: /home/ros2/ros2_rc/install/dwb_msgs/share/dwb_msgs/cmake/ament_cmake_export_libraries-extras.cmake
[2.180s] -- Up-to-date: /home/ros2/ros2_rc/install/dwb_msgs/share/dwb_msgs/cmake/ament_cmake_export_targets-extras.cmake
[2.181s] -- Up-to-date: /home/ros2/ros2_rc/install/dwb_msgs/share/dwb_msgs/cmake/rosidl_cmake_export_typesupport_targets-extras.cmake
[2.181s] -- Up-to-date: /home/ros2/ros2_rc/install/dwb_msgs/share/dwb_msgs/cmake/rosidl_cmake_export_typesupport_libraries-extras.cmake
[2.182s] -- Up-to-date: /home/ros2/ros2_rc/install/dwb_msgs/share/dwb_msgs/cmake/dwb_msgsConfig.cmake
[2.182s] -- Up-to-date: /home/ros2/ros2_rc/install/dwb_msgs/share/dwb_msgs/cmake/dwb_msgsConfig-version.cmake
[2.182s] -- Up-to-date: /home/ros2/ros2_rc/install/dwb_msgs/share/dwb_msgs/package.xml
[2.183s] Invoked command in '/home/ros2/ros2_rc/build/dwb_msgs' returned '0': CMAKE_PREFIX_PATH=/home/ros2/ros2_rc/install/nav_2d_msgs:/home/ros2/ros2_rc/install/smartcar_msgs:/home/ros2/ros2_rc/install/smart_car:/home/ros2/ros2_rc/install/ros2_rc:/home/ros2/ros2_rc/install/nav2_system_tests:/home/ros2/ros2_rc/install/nav2_bringup:/home/ros2/ros2_rc/install/navigation2:/home/ros2/ros2_rc/install/nav2_smoother:/home/ros2/ros2_rc/install/nav2_graceful_controller:/home/ros2/ros2_rc/install/nav2_dwb_controller:/home/ros2/ros2_rc/install/nav2_controller:/home/ros2/ros2_rc/install/dwb_plugins:/home/ros2/ros2_rc/install/dwb_critics:/home/ros2/ros2_rc/install/dwb_core:/home/ros2/ros2_rc/install/nav_2d_utils:/home/ros2/ros2_rc/install/dwb_msgs:/home/ros2/ros2_rc/install/nav2_waypoint_follower:/home/ros2/ros2_rc/install/nav2_theta_star_planner:/home/ros2/ros2_rc/install/nav2_smac_planner:/home/ros2/ros2_rc/install/nav2_rotation_shim_controller:/home/ros2/ros2_rc/install/nav2_regulated_pure_pursuit_controller:/home/ros2/ros2_rc/install/nav2_planner:/home/ros2/ros2_rc/install/nav2_navfn_planner:/home/ros2/ros2_rc/install/nav2_mppi_controller:/home/ros2/ros2_rc/install/nav2_constrained_smoother:/home/ros2/ros2_rc/install/nav2_bt_navigator:/home/ros2/ros2_rc/install/nav2_behaviors:/home/ros2/ros2_rc/install/nav2_core:/home/ros2/ros2_rc/install/nav2_collision_monitor:/home/ros2/ros2_rc/install/costmap_queue:/home/ros2/ros2_rc/install/nav2_costmap_2d:/home/ros2/ros2_rc/install/nav2_voxel_grid:/home/ros2/ros2_rc/install/nav2_velocity_smoother:/home/ros2/ros2_rc/install/nav2_rviz_plugins:/home/ros2/ros2_rc/install/nav2_map_server:/home/ros2/ros2_rc/install/nav2_lifecycle_manager:/home/ros2/ros2_rc/install/nav2_behavior_tree:/home/ros2/ros2_rc/install/nav2_amcl:/home/ros2/ros2_rc/install/nav2_util:/home/ros2/ros2_rc/install/nav2_msgs:/home/ros2/ros2_rc/install/nav2_common:/home/ros2/ros2_rc/install/car_gazebo_plugin:/home/ros2/ros2_rc/src/install/smartcar_msgs:/home/ros2/ros2_rc/src/install/smart_car:/home/ros2/ros2_rc/src/install/ros2_rc:/home/ros2/ros2_rc/src/install/nav2_system_tests:/home/ros2/ros2_rc/src/install/nav2_bringup:/home/ros2/ros2_rc/src/install/navigation2:/home/ros2/ros2_rc/src/install/nav2_smoother:/home/ros2/ros2_rc/src/install/nav2_graceful_controller:/home/ros2/ros2_rc/src/install/nav2_dwb_controller:/home/ros2/ros2_rc/src/install/nav2_controller:/home/ros2/ros2_rc/src/install/dwb_plugins:/home/ros2/ros2_rc/src/install/dwb_critics:/home/ros2/ros2_rc/src/install/dwb_core:/home/ros2/ros2_rc/src/install/nav_2d_utils:/home/ros2/ros2_rc/src/install/dwb_msgs:/home/ros2/ros2_rc/src/install/nav_2d_msgs:/home/ros2/ros2_rc/src/install/nav2_waypoint_follower:/home/ros2/ros2_rc/src/install/nav2_theta_star_planner:/home/ros2/ros2_rc/src/install/nav2_smac_planner:/home/ros2/ros2_rc/src/install/nav2_rotation_shim_controller:/home/ros2/ros2_rc/src/install/nav2_regulated_pure_pursuit_controller:/home/ros2/ros2_rc/src/install/nav2_planner:/home/ros2/ros2_rc/src/install/nav2_navfn_planner:/home/ros2/ros2_rc/src/install/nav2_mppi_controller:/home/ros2/ros2_rc/src/install/nav2_constrained_smoother:/home/ros2/ros2_rc/src/install/nav2_bt_navigator:/home/ros2/ros2_rc/src/install/nav2_behaviors:/home/ros2/ros2_rc/src/install/nav2_core:/home/ros2/ros2_rc/src/install/nav2_collision_monitor:/home/ros2/ros2_rc/src/install/costmap_queue:/home/ros2/ros2_rc/src/install/nav2_costmap_2d:/home/ros2/ros2_rc/src/install/nav2_voxel_grid:/home/ros2/ros2_rc/src/install/nav2_velocity_smoother:/home/ros2/ros2_rc/src/install/nav2_rviz_plugins:/home/ros2/ros2_rc/src/install/nav2_map_server:/home/ros2/ros2_rc/src/install/nav2_lifecycle_manager:/home/ros2/ros2_rc/src/install/nav2_behavior_tree:/home/ros2/ros2_rc/src/install/nav2_amcl:/home/ros2/ros2_rc/src/install/nav2_util:/home/ros2/ros2_rc/src/install/nav2_msgs:/home/ros2/ros2_rc/src/install/nav2_common:/home/ros2/ros2_rc/src/install/car_gazebo_plugin:/home/ros2/ros2_rc/install/nav2_simple_commander:/home/ros2/ros2_rc/src/install/nav2_simple_commander:/opt/ros/humble LD_LIBRARY_PATH=/home/ros2/ros2_rc/install/nav_2d_msgs/lib:/home/ros2/ros2_rc/install/smartcar_msgs/lib:/home/ros2/ros2_rc/install/nav2_smoother/lib:/home/ros2/ros2_rc/install/nav2_graceful_controller/lib:/home/ros2/ros2_rc/install/nav2_controller/lib:/home/ros2/ros2_rc/install/dwb_plugins/lib:/home/ros2/ros2_rc/install/dwb_critics/lib:/home/ros2/ros2_rc/install/dwb_core/lib:/home/ros2/ros2_rc/install/nav_2d_utils/lib:/home/ros2/ros2_rc/install/dwb_msgs/lib:/home/ros2/ros2_rc/install/nav2_waypoint_follower/lib:/home/ros2/ros2_rc/install/nav2_theta_star_planner/lib:/home/ros2/ros2_rc/install/nav2_smac_planner/lib:/home/ros2/ros2_rc/install/nav2_rotation_shim_controller/lib:/home/ros2/ros2_rc/install/nav2_regulated_pure_pursuit_controller/lib:/home/ros2/ros2_rc/install/nav2_planner/lib:/home/ros2/ros2_rc/install/nav2_navfn_planner/lib:/home/ros2/ros2_rc/install/nav2_mppi_controller/lib:/home/ros2/ros2_rc/install/nav2_constrained_smoother/lib:/home/ros2/ros2_rc/install/nav2_bt_navigator/lib:/home/ros2/ros2_rc/install/nav2_behaviors/lib:/home/ros2/ros2_rc/install/nav2_collision_monitor/lib:/home/ros2/ros2_rc/install/costmap_queue/lib:/home/ros2/ros2_rc/install/nav2_costmap_2d/lib:/home/ros2/ros2_rc/install/nav2_voxel_grid/lib:/home/ros2/ros2_rc/install/nav2_velocity_smoother/lib:/home/ros2/ros2_rc/install/nav2_rviz_plugins/lib:/home/ros2/ros2_rc/install/nav2_map_server/lib:/home/ros2/ros2_rc/install/nav2_lifecycle_manager/lib:/home/ros2/ros2_rc/install/nav2_behavior_tree/lib:/home/ros2/ros2_rc/install/nav2_amcl/lib:/home/ros2/ros2_rc/install/nav2_util/lib:/home/ros2/ros2_rc/install/nav2_msgs/lib:/home/ros2/ros2_rc/install/car_gazebo_plugin/lib:/home/ros2/ros2_rc/src/install/smartcar_msgs/lib:/home/ros2/ros2_rc/src/install/nav2_smoother/lib:/home/ros2/ros2_rc/src/install/nav2_graceful_controller/lib:/home/ros2/ros2_rc/src/install/nav2_controller/lib:/home/ros2/ros2_rc/src/install/dwb_plugins/lib:/home/ros2/ros2_rc/src/install/dwb_critics/lib:/home/ros2/ros2_rc/src/install/dwb_core/lib:/home/ros2/ros2_rc/src/install/nav_2d_utils/lib:/home/ros2/ros2_rc/src/install/dwb_msgs/lib:/home/ros2/ros2_rc/src/install/nav_2d_msgs/lib:/home/ros2/ros2_rc/src/install/nav2_waypoint_follower/lib:/home/ros2/ros2_rc/src/install/nav2_theta_star_planner/lib:/home/ros2/ros2_rc/src/install/nav2_smac_planner/lib:/home/ros2/ros2_rc/src/install/nav2_rotation_shim_controller/lib:/home/ros2/ros2_rc/src/install/nav2_regulated_pure_pursuit_controller/lib:/home/ros2/ros2_rc/src/install/nav2_planner/lib:/home/ros2/ros2_rc/src/install/nav2_navfn_planner/lib:/home/ros2/ros2_rc/src/install/nav2_mppi_controller/lib:/home/ros2/ros2_rc/src/install/nav2_constrained_smoother/lib:/home/ros2/ros2_rc/src/install/nav2_bt_navigator/lib:/home/ros2/ros2_rc/src/install/nav2_behaviors/lib:/home/ros2/ros2_rc/src/install/nav2_collision_monitor/lib:/home/ros2/ros2_rc/src/install/costmap_queue/lib:/home/ros2/ros2_rc/src/install/nav2_costmap_2d/lib:/home/ros2/ros2_rc/src/install/nav2_voxel_grid/lib:/home/ros2/ros2_rc/src/install/nav2_velocity_smoother/lib:/home/ros2/ros2_rc/src/install/nav2_rviz_plugins/lib:/home/ros2/ros2_rc/src/install/nav2_map_server/lib:/home/ros2/ros2_rc/src/install/nav2_lifecycle_manager/lib:/home/ros2/ros2_rc/src/install/nav2_behavior_tree/lib:/home/ros2/ros2_rc/src/install/nav2_amcl/lib:/home/ros2/ros2_rc/src/install/nav2_util/lib:/home/ros2/ros2_rc/src/install/nav2_msgs/lib:/home/ros2/ros2_rc/src/install/car_gazebo_plugin/lib:/usr/lib/x86_64-linux-gnu/gazebo-11/plugins:/opt/ros/humble/opt/rviz_ogre_vendor/lib:/opt/ros/humble/lib/x86_64-linux-gnu:/opt/ros/humble/lib:/usr/lib/x86_64-linux-gnu/gazebo-11/plugins /usr/bin/cmake --install /home/ros2/ros2_rc/build/dwb_msgs
