-- Found ament_cmake: 1.3.10 (/opt/ros/humble/share/ament_cmake/cmake)
-- Found nav2_common: 1.1.16 (/home/ros2/ros2_rc/src/install/nav2_common/share/nav2_common/cmake)
-- Found rclcpp: 16.0.10 (/opt/ros/humble/share/rclcpp/cmake)
-- Found rosidl_generator_c: 3.1.5 (/opt/ros/humble/share/rosidl_generator_c/cmake)
-- Found rosidl_adapter: 3.1.5 (/opt/ros/humble/share/rosidl_adapter/cmake)
-- Found rosidl_generator_cpp: 3.1.5 (/opt/ros/humble/share/rosidl_generator_cpp/cmake)
-- Using all available rosidl_typesupport_c: rosidl_typesupport_fastrtps_c;rosidl_typesupport_introspection_c
-- Using all available rosidl_typesupport_cpp: rosidl_typesupport_fastrtps_cpp;rosidl_typesupport_introspection_cpp
-- Found rmw_implementation_cmake: 6.1.2 (/opt/ros/humble/share/rmw_implementation_cmake/cmake)
-- Found rmw_cyclonedds_cpp: 1.3.4 (/opt/ros/humble/share/rmw_cyclonedds_cpp/cmake)
-- Using RMW implementation 'rmw_cyclonedds_cpp' as default
-- Found rclcpp_lifecycle: 16.0.10 (/opt/ros/humble/share/rclcpp_lifecycle/cmake)
-- Found rclcpp_components: 16.0.10 (/opt/ros/humble/share/rclcpp_components/cmake)
-- Found nav_msgs: 4.2.4 (/opt/ros/humble/share/nav_msgs/cmake)
-- Found nav2_msgs: 1.1.16 (/home/ros2/ros2_rc/src/install/nav2_msgs/share/nav2_msgs/cmake)
-- Found yaml_cpp_vendor: 8.0.2 (/opt/ros/humble/share/yaml_cpp_vendor/cmake)
-- Found tf2: 0.25.8 (/opt/ros/humble/share/tf2/cmake)
-- Found nav2_util: 1.1.16 (/home/ros2/ros2_rc/src/install/nav2_util/share/nav2_util/cmake)
-- Found eigen3_cmake_module: 0.1.1 (/opt/ros/humble/share/eigen3_cmake_module/cmake)
-- Ensuring Eigen3 include directory is part of orocos-kdl CMake target
-- Found ament_lint_auto: 0.12.11 (/opt/ros/humble/share/ament_lint_auto/cmake)
-- Found gtest sources under '/opt/ros/humble/src/gtest_vendor': C++ tests using 'Google Test' will be built
-- Found gtest sources under '/opt/ros/humble/src/gtest_vendor': C++ tests using 'Google Test' will be built
-- Found gtest sources under '/opt/ros/humble/src/gtest_vendor': C++ tests using 'Google Test' will be built
-- Added test 'cppcheck' to perform static code analysis on C / C++ code
-- Configured cppcheck include dirs: /home/ros2/ros2_rc/src/navigation2/nav2_map_server/include
-- Configured cppcheck exclude dirs and/or files: 
-- Added test 'cpplint' to check C / C++ code against the Google style
-- Configured cpplint exclude dirs and/or files: 
-- Added test 'flake8' to check Python code syntax and style conventions
-- Added test 'lint_cmake' to check CMake code style
-- Added test 'pep257' to check Python code against some of the docstring style conventions in PEP 257
-- Added test 'uncrustify' to check C / C++ code style
-- Configured uncrustify additional arguments: 
-- Added test 'xmllint' to check XML markup files
-- Configuring done
-- Generating done
-- Build files have been written to: /home/ros2/ros2_rc/src/build/nav2_map_server
[35m[1mConsolidate compiler generated dependencies of target gtest_main[0m
[35m[1mConsolidate compiler generated dependencies of target map_io[0m
[35m[1mConsolidate compiler generated dependencies of target gtest[0m
[  5%] Built target gtest
[ 11%] Built target gtest_main
[ 13%] [32mBuilding CXX object CMakeFiles/map_io.dir/src/map_mode.cpp.o[0m
[ 16%] [32mBuilding CXX object CMakeFiles/map_io.dir/src/map_io.cpp.o[0m
[35m[1mConsolidate compiler generated dependencies of target test_map_saver_cli[0m
[ 22%] [32mBuilding CXX object test/map_saver_cli/CMakeFiles/test_map_saver_cli.dir/__/test_constants.cpp.o[0m
[ 22%] [32mBuilding CXX object test/map_saver_cli/CMakeFiles/test_map_saver_cli.dir/test_map_saver_cli.cpp.o[0m
[ 25%] [32m[1mLinking CXX executable test_map_saver_cli[0m
[ 27%] [32m[1mLinking CXX shared library libmap_io.so[0m
[ 27%] Built target test_map_saver_cli
[ 27%] Built target map_io
[35m[1mConsolidate compiler generated dependencies of target test_map_io[0m
[35m[1mConsolidate compiler generated dependencies of target map_server_core[0m
[35m[1mConsolidate compiler generated dependencies of target test_map_saver_publisher[0m
[ 30%] [32mBuilding CXX object test/unit/CMakeFiles/test_map_io.dir/__/test_constants.cpp.o[0m
[ 33%] [32mBuilding CXX object CMakeFiles/map_server_core.dir/src/map_server/map_server.cpp.o[0m
[ 36%] [32mBuilding CXX object test/unit/CMakeFiles/test_map_io.dir/test_map_io.cpp.o[0m
[ 38%] [32mBuilding CXX object CMakeFiles/map_server_core.dir/src/map_saver/map_saver.cpp.o[0m
[ 41%] [32mBuilding CXX object test/component/CMakeFiles/test_map_saver_publisher.dir/__/test_constants.cpp.o[0m
[ 44%] [32mBuilding CXX object CMakeFiles/map_server_core.dir/src/costmap_filter_info/costmap_filter_info_server.cpp.o[0m
[ 47%] [32mBuilding CXX object test/component/CMakeFiles/test_map_saver_publisher.dir/test_map_saver_publisher.cpp.o[0m
[ 50%] [32m[1mLinking CXX executable test_map_io[0m
[ 52%] [32m[1mLinking CXX executable test_map_saver_publisher[0m
[ 55%] [32m[1mLinking CXX shared library libmap_server_core.so[0m
[ 55%] Built target test_map_saver_publisher
[ 55%] Built target test_map_io
[ 55%] Built target map_server_core
[35m[1mConsolidate compiler generated dependencies of target map_saver_server[0m
[35m[1mConsolidate compiler generated dependencies of target map_saver_cli[0m
[35m[1mConsolidate compiler generated dependencies of target map_server[0m
[35m[1mConsolidate compiler generated dependencies of target test_map_server_node[0m
[35m[1mConsolidate compiler generated dependencies of target costmap_filter_info_server[0m
[35m[1mConsolidate compiler generated dependencies of target test_map_saver_node[0m
[35m[1mConsolidate compiler generated dependencies of target test_costmap_filter_info_server[0m
[ 58%] [32mBuilding CXX object CMakeFiles/map_saver_server.dir/src/map_saver/main_server.cpp.o[0m
[ 61%] [32mBuilding CXX object CMakeFiles/map_saver_cli.dir/src/map_saver/main_cli.cpp.o[0m
[ 63%] [32mBuilding CXX object test/component/CMakeFiles/test_map_server_node.dir/test_map_server_node.cpp.o[0m
[ 69%] [32mBuilding CXX object CMakeFiles/costmap_filter_info_server.dir/src/costmap_filter_info/main.cpp.o[0m
[ 69%] [32mBuilding CXX object test/unit/CMakeFiles/test_costmap_filter_info_server.dir/test_costmap_filter_info_server.cpp.o[0m
[ 72%] [32mBuilding CXX object CMakeFiles/map_server.dir/src/map_server/main.cpp.o[0m
[ 75%] [32mBuilding CXX object test/component/CMakeFiles/test_map_server_node.dir/__/test_constants.cpp.o[0m
[ 77%] [32mBuilding CXX object test/component/CMakeFiles/test_map_saver_node.dir/test_map_saver_node.cpp.o[0m
[ 80%] [32m[1mLinking CXX executable map_saver_server[0m
[ 83%] [32mBuilding CXX object test/component/CMakeFiles/test_map_saver_node.dir/__/test_constants.cpp.o[0m
[ 86%] [32m[1mLinking CXX executable costmap_filter_info_server[0m
[ 88%] [32m[1mLinking CXX executable map_saver_cli[0m
[ 91%] [32m[1mLinking CXX executable map_server[0m
[ 94%] [32m[1mLinking CXX executable test_map_saver_node[0m
[ 97%] [32m[1mLinking CXX executable test_map_server_node[0m
[100%] [32m[1mLinking CXX executable test_costmap_filter_info_server[0m
[100%] Built target costmap_filter_info_server
[100%] Built target map_saver_server
[100%] Built target test_map_server_node
[100%] Built target test_map_saver_node
[100%] Built target map_saver_cli
[100%] Built target map_server
[100%] Built target test_costmap_filter_info_server
-- Install configuration: "Release"
-- Installing: /home/ros2/ros2_rc/src/install/nav2_map_server/lib/libmap_server_core.so
-- Set runtime path of "/home/ros2/ros2_rc/src/install/nav2_map_server/lib/libmap_server_core.so" to ""
-- Installing: /home/ros2/ros2_rc/src/install/nav2_map_server/lib/libmap_io.so
-- Set runtime path of "/home/ros2/ros2_rc/src/install/nav2_map_server/lib/libmap_io.so" to ""
-- Installing: /home/ros2/ros2_rc/src/install/nav2_map_server/lib/nav2_map_server/map_server
-- Set runtime path of "/home/ros2/ros2_rc/src/install/nav2_map_server/lib/nav2_map_server/map_server" to ""
-- Installing: /home/ros2/ros2_rc/src/install/nav2_map_server/lib/nav2_map_server/map_saver_cli
-- Set runtime path of "/home/ros2/ros2_rc/src/install/nav2_map_server/lib/nav2_map_server/map_saver_cli" to ""
-- Installing: /home/ros2/ros2_rc/src/install/nav2_map_server/lib/nav2_map_server/map_saver_server
-- Set runtime path of "/home/ros2/ros2_rc/src/install/nav2_map_server/lib/nav2_map_server/map_saver_server" to ""
-- Installing: /home/ros2/ros2_rc/src/install/nav2_map_server/lib/nav2_map_server/costmap_filter_info_server
-- Set runtime path of "/home/ros2/ros2_rc/src/install/nav2_map_server/lib/nav2_map_server/costmap_filter_info_server" to ""
-- Up-to-date: /home/ros2/ros2_rc/src/install/nav2_map_server/include/
-- Up-to-date: /home/ros2/ros2_rc/src/install/nav2_map_server/include//nav2_map_server
-- Installing: /home/ros2/ros2_rc/src/install/nav2_map_server/include//nav2_map_server/map_mode.hpp
-- Installing: /home/ros2/ros2_rc/src/install/nav2_map_server/include//nav2_map_server/map_server.hpp
-- Installing: /home/ros2/ros2_rc/src/install/nav2_map_server/include//nav2_map_server/map_io.hpp
-- Installing: /home/ros2/ros2_rc/src/install/nav2_map_server/include//nav2_map_server/map_saver.hpp
-- Installing: /home/ros2/ros2_rc/src/install/nav2_map_server/include//nav2_map_server/costmap_filter_info_server.hpp
-- Up-to-date: /home/ros2/ros2_rc/src/install/nav2_map_server/share/nav2_map_server/launch
-- Installing: /home/ros2/ros2_rc/src/install/nav2_map_server/share/nav2_map_server/launch/map_saver_server.launch.py
-- Up-to-date: /home/ros2/ros2_rc/src/install/nav2_map_server/share/nav2_map_server/environment/library_path.sh
-- Installing: /home/ros2/ros2_rc/src/install/nav2_map_server/share/nav2_map_server/environment/library_path.dsv
-- Up-to-date: /home/ros2/ros2_rc/src/install/nav2_map_server/share/ament_index/resource_index/package_run_dependencies/nav2_map_server
-- Installing: /home/ros2/ros2_rc/src/install/nav2_map_server/share/ament_index/resource_index/parent_prefix_path/nav2_map_server
-- Up-to-date: /home/ros2/ros2_rc/src/install/nav2_map_server/share/nav2_map_server/environment/ament_prefix_path.sh
-- Installing: /home/ros2/ros2_rc/src/install/nav2_map_server/share/nav2_map_server/environment/ament_prefix_path.dsv
-- Up-to-date: /home/ros2/ros2_rc/src/install/nav2_map_server/share/nav2_map_server/environment/path.sh
-- Installing: /home/ros2/ros2_rc/src/install/nav2_map_server/share/nav2_map_server/environment/path.dsv
-- Up-to-date: /home/ros2/ros2_rc/src/install/nav2_map_server/share/nav2_map_server/local_setup.bash
-- Up-to-date: /home/ros2/ros2_rc/src/install/nav2_map_server/share/nav2_map_server/local_setup.sh
-- Up-to-date: /home/ros2/ros2_rc/src/install/nav2_map_server/share/nav2_map_server/local_setup.zsh
-- Installing: /home/ros2/ros2_rc/src/install/nav2_map_server/share/nav2_map_server/local_setup.dsv
-- Installing: /home/ros2/ros2_rc/src/install/nav2_map_server/share/nav2_map_server/package.dsv
-- Up-to-date: /home/ros2/ros2_rc/src/install/nav2_map_server/share/ament_index/resource_index/packages/nav2_map_server
-- Up-to-date: /home/ros2/ros2_rc/src/install/nav2_map_server/share/ament_index/resource_index/rclcpp_components/nav2_map_server
-- Up-to-date: /home/ros2/ros2_rc/src/install/nav2_map_server/share/nav2_map_server/cmake/ament_cmake_export_include_directories-extras.cmake
-- Up-to-date: /home/ros2/ros2_rc/src/install/nav2_map_server/share/nav2_map_server/cmake/ament_cmake_export_libraries-extras.cmake
-- Up-to-date: /home/ros2/ros2_rc/src/install/nav2_map_server/share/nav2_map_server/cmake/ament_cmake_export_dependencies-extras.cmake
-- Up-to-date: /home/ros2/ros2_rc/src/install/nav2_map_server/share/nav2_map_server/cmake/nav2_map_serverConfig.cmake
-- Up-to-date: /home/ros2/ros2_rc/src/install/nav2_map_server/share/nav2_map_server/cmake/nav2_map_serverConfig-version.cmake
-- Installing: /home/ros2/ros2_rc/src/install/nav2_map_server/share/nav2_map_server/package.xml
