[0.109s] Invoking command in '/home/ros2/ros2_rc/src/build/nav_2d_msgs': CMAKE_PREFIX_PATH=${CMAKE_PREFIX_PATH}:/home/ros2/ros2_rc/src/install/nav2_simple_commander:/home/ros2/ros2_rc/install/nav2_simple_commander:/opt/ros/humble /usr/bin/cmake --build /home/ros2/ros2_rc/src/build/nav_2d_msgs -- -j10 -l10
[0.282s] [  1%] Built target nav_2d_msgs__cpp
[0.290s] [ 12%] Built target nav_2d_msgs__rosidl_generator_c
[0.309s] [ 12%] Built target ament_cmake_python_copy_nav_2d_msgs
[0.388s] [ 23%] Built target nav_2d_msgs__rosidl_typesupport_introspection_cpp
[0.403s] [ 35%] Built target nav_2d_msgs__rosidl_typesupport_fastrtps_cpp
[0.427s] [ 46%] Built target nav_2d_msgs__rosidl_typesupport_cpp
[0.435s] [ 57%] Built target nav_2d_msgs__rosidl_typesupport_fastrtps_c
[0.441s] [ 69%] Built target nav_2d_msgs__rosidl_typesupport_c
[0.462s] [ 80%] Built target nav_2d_msgs__rosidl_typesupport_introspection_c
[0.566s] [ 80%] Built target nav_2d_msgs
[0.672s] [ 81%] Built target nav_2d_msgs__py
[0.807s] [ 91%] Built target nav_2d_msgs__rosidl_generator_py
[0.958s] [ 94%] Built target nav_2d_msgs__rosidl_typesupport_c__pyext
[0.966s] [ 97%] Built target nav_2d_msgs__rosidl_typesupport_introspection_c__pyext
[0.983s] [100%] Built target nav_2d_msgs__rosidl_typesupport_fastrtps_c__pyext
[1.362s] running egg_info
[1.363s] writing nav_2d_msgs.egg-info/PKG-INFO
[1.363s] writing dependency_links to nav_2d_msgs.egg-info/dependency_links.txt
[1.363s] writing top-level names to nav_2d_msgs.egg-info/top_level.txt
[1.370s] reading manifest file 'nav_2d_msgs.egg-info/SOURCES.txt'
[1.374s] writing manifest file 'nav_2d_msgs.egg-info/SOURCES.txt'
[1.521s] [100%] Built target ament_cmake_python_build_nav_2d_msgs_egg
[1.565s] Invoked command in '/home/ros2/ros2_rc/src/build/nav_2d_msgs' returned '0': CMAKE_PREFIX_PATH=${CMAKE_PREFIX_PATH}:/home/ros2/ros2_rc/src/install/nav2_simple_commander:/home/ros2/ros2_rc/install/nav2_simple_commander:/opt/ros/humble /usr/bin/cmake --build /home/ros2/ros2_rc/src/build/nav_2d_msgs -- -j10 -l10
[2.822s] Invoking command in '/home/ros2/ros2_rc/src/build/nav_2d_msgs': CMAKE_PREFIX_PATH=${CMAKE_PREFIX_PATH}:/home/ros2/ros2_rc/src/install/nav2_simple_commander:/home/ros2/ros2_rc/install/nav2_simple_commander:/opt/ros/humble /usr/bin/cmake --install /home/ros2/ros2_rc/src/build/nav_2d_msgs
[2.844s] -- Install configuration: ""
[2.844s] -- Up-to-date: /home/ros2/ros2_rc/src/install/nav_2d_msgs/share/ament_index/resource_index/rosidl_interfaces/nav_2d_msgs
[2.846s] -- Up-to-date: /home/ros2/ros2_rc/src/install/nav_2d_msgs/include/nav_2d_msgs/nav_2d_msgs
[2.846s] -- Up-to-date: /home/ros2/ros2_rc/src/install/nav_2d_msgs/include/nav_2d_msgs/nav_2d_msgs/msg
[2.846s] -- Up-to-date: /home/ros2/ros2_rc/src/install/nav_2d_msgs/include/nav_2d_msgs/nav_2d_msgs/msg/rosidl_generator_c__visibility_control.h
[2.846s] -- Up-to-date: /home/ros2/ros2_rc/src/install/nav_2d_msgs/include/nav_2d_msgs/nav_2d_msgs/msg/pose2_d_stamped.h
[2.847s] -- Up-to-date: /home/ros2/ros2_rc/src/install/nav_2d_msgs/include/nav_2d_msgs/nav_2d_msgs/msg/detail
[2.847s] -- Up-to-date: /home/ros2/ros2_rc/src/install/nav_2d_msgs/include/nav_2d_msgs/nav_2d_msgs/msg/detail/twist2_d32__struct.h
[2.847s] -- Up-to-date: /home/ros2/ros2_rc/src/install/nav_2d_msgs/include/nav_2d_msgs/nav_2d_msgs/msg/detail/path2_d__struct.h
[2.847s] -- Up-to-date: /home/ros2/ros2_rc/src/install/nav_2d_msgs/include/nav_2d_msgs/nav_2d_msgs/msg/detail/twist2_d_stamped__functions.h
[2.847s] -- Up-to-date: /home/ros2/ros2_rc/src/install/nav_2d_msgs/include/nav_2d_msgs/nav_2d_msgs/msg/detail/path2_d__functions.c
[2.847s] -- Up-to-date: /home/ros2/ros2_rc/src/install/nav_2d_msgs/include/nav_2d_msgs/nav_2d_msgs/msg/detail/pose2_d_stamped__functions.c
[2.856s] -- Up-to-date: /home/ros2/ros2_rc/src/install/nav_2d_msgs/include/nav_2d_msgs/nav_2d_msgs/msg/detail/pose2_d_stamped__struct.h
[2.856s] -- Up-to-date: /home/ros2/ros2_rc/src/install/nav_2d_msgs/include/nav_2d_msgs/nav_2d_msgs/msg/detail/twist2_d__functions.c
[2.856s] -- Up-to-date: /home/ros2/ros2_rc/src/install/nav_2d_msgs/include/nav_2d_msgs/nav_2d_msgs/msg/detail/pose2_d_stamped__type_support.h
[2.857s] -- Up-to-date: /home/ros2/ros2_rc/src/install/nav_2d_msgs/include/nav_2d_msgs/nav_2d_msgs/msg/detail/twist2_d32__functions.c
[2.857s] -- Up-to-date: /home/ros2/ros2_rc/src/install/nav_2d_msgs/include/nav_2d_msgs/nav_2d_msgs/msg/detail/twist2_d32__type_support.h
[2.857s] -- Up-to-date: /home/ros2/ros2_rc/src/install/nav_2d_msgs/include/nav_2d_msgs/nav_2d_msgs/msg/detail/twist2_d_stamped__struct.h
[2.857s] -- Up-to-date: /home/ros2/ros2_rc/src/install/nav_2d_msgs/include/nav_2d_msgs/nav_2d_msgs/msg/detail/twist2_d_stamped__type_support.h
[2.857s] -- Up-to-date: /home/ros2/ros2_rc/src/install/nav_2d_msgs/include/nav_2d_msgs/nav_2d_msgs/msg/detail/pose2_d32__functions.c
[2.857s] -- Up-to-date: /home/ros2/ros2_rc/src/install/nav_2d_msgs/include/nav_2d_msgs/nav_2d_msgs/msg/detail/path2_d__functions.h
[2.857s] -- Up-to-date: /home/ros2/ros2_rc/src/install/nav_2d_msgs/include/nav_2d_msgs/nav_2d_msgs/msg/detail/twist2_d_stamped__functions.c
[2.857s] -- Up-to-date: /home/ros2/ros2_rc/src/install/nav_2d_msgs/include/nav_2d_msgs/nav_2d_msgs/msg/detail/path2_d__type_support.h
[2.857s] -- Up-to-date: /home/ros2/ros2_rc/src/install/nav_2d_msgs/include/nav_2d_msgs/nav_2d_msgs/msg/detail/twist2_d__type_support.h
[2.857s] -- Up-to-date: /home/ros2/ros2_rc/src/install/nav_2d_msgs/include/nav_2d_msgs/nav_2d_msgs/msg/detail/pose2_d32__struct.h
[2.857s] -- Up-to-date: /home/ros2/ros2_rc/src/install/nav_2d_msgs/include/nav_2d_msgs/nav_2d_msgs/msg/detail/twist2_d32__functions.h
[2.858s] -- Up-to-date: /home/ros2/ros2_rc/src/install/nav_2d_msgs/include/nav_2d_msgs/nav_2d_msgs/msg/detail/twist2_d__functions.h
[2.858s] -- Up-to-date: /home/ros2/ros2_rc/src/install/nav_2d_msgs/include/nav_2d_msgs/nav_2d_msgs/msg/detail/pose2_d32__functions.h
[2.858s] -- Up-to-date: /home/ros2/ros2_rc/src/install/nav_2d_msgs/include/nav_2d_msgs/nav_2d_msgs/msg/detail/twist2_d__struct.h
[2.858s] -- Up-to-date: /home/ros2/ros2_rc/src/install/nav_2d_msgs/include/nav_2d_msgs/nav_2d_msgs/msg/detail/pose2_d_stamped__functions.h
[2.858s] -- Up-to-date: /home/ros2/ros2_rc/src/install/nav_2d_msgs/include/nav_2d_msgs/nav_2d_msgs/msg/detail/pose2_d32__type_support.h
[2.858s] -- Up-to-date: /home/ros2/ros2_rc/src/install/nav_2d_msgs/include/nav_2d_msgs/nav_2d_msgs/msg/path2_d.h
[2.858s] -- Up-to-date: /home/ros2/ros2_rc/src/install/nav_2d_msgs/include/nav_2d_msgs/nav_2d_msgs/msg/twist2_d_stamped.h
[2.858s] -- Up-to-date: /home/ros2/ros2_rc/src/install/nav_2d_msgs/include/nav_2d_msgs/nav_2d_msgs/msg/twist2_d32.h
[2.858s] -- Up-to-date: /home/ros2/ros2_rc/src/install/nav_2d_msgs/include/nav_2d_msgs/nav_2d_msgs/msg/twist2_d.h
[2.858s] -- Up-to-date: /home/ros2/ros2_rc/src/install/nav_2d_msgs/include/nav_2d_msgs/nav_2d_msgs/msg/pose2_d32.h
[2.858s] -- Up-to-date: /home/ros2/ros2_rc/src/install/nav_2d_msgs/share/nav_2d_msgs/environment/library_path.sh
[2.858s] -- Up-to-date: /home/ros2/ros2_rc/src/install/nav_2d_msgs/share/nav_2d_msgs/environment/library_path.dsv
[2.858s] -- Up-to-date: /home/ros2/ros2_rc/src/install/nav_2d_msgs/lib/libnav_2d_msgs__rosidl_generator_c.so
[2.858s] -- Up-to-date: /home/ros2/ros2_rc/src/install/nav_2d_msgs/include/nav_2d_msgs/nav_2d_msgs
[2.859s] -- Up-to-date: /home/ros2/ros2_rc/src/install/nav_2d_msgs/include/nav_2d_msgs/nav_2d_msgs/msg
[2.859s] -- Up-to-date: /home/ros2/ros2_rc/src/install/nav_2d_msgs/include/nav_2d_msgs/nav_2d_msgs/msg/rosidl_typesupport_fastrtps_c__visibility_control.h
[2.859s] -- Up-to-date: /home/ros2/ros2_rc/src/install/nav_2d_msgs/include/nav_2d_msgs/nav_2d_msgs/msg/detail
[2.859s] -- Up-to-date: /home/ros2/ros2_rc/src/install/nav_2d_msgs/include/nav_2d_msgs/nav_2d_msgs/msg/detail/pose2_d32__rosidl_typesupport_fastrtps_c.h
[2.859s] -- Up-to-date: /home/ros2/ros2_rc/src/install/nav_2d_msgs/include/nav_2d_msgs/nav_2d_msgs/msg/detail/twist2_d32__rosidl_typesupport_fastrtps_c.h
[2.859s] -- Up-to-date: /home/ros2/ros2_rc/src/install/nav_2d_msgs/include/nav_2d_msgs/nav_2d_msgs/msg/detail/twist2_d__rosidl_typesupport_fastrtps_c.h
[2.859s] -- Up-to-date: /home/ros2/ros2_rc/src/install/nav_2d_msgs/include/nav_2d_msgs/nav_2d_msgs/msg/detail/path2_d__rosidl_typesupport_fastrtps_c.h
[2.859s] -- Up-to-date: /home/ros2/ros2_rc/src/install/nav_2d_msgs/include/nav_2d_msgs/nav_2d_msgs/msg/detail/pose2_d_stamped__rosidl_typesupport_fastrtps_c.h
[2.859s] -- Up-to-date: /home/ros2/ros2_rc/src/install/nav_2d_msgs/include/nav_2d_msgs/nav_2d_msgs/msg/detail/twist2_d_stamped__rosidl_typesupport_fastrtps_c.h
[2.859s] -- Up-to-date: /home/ros2/ros2_rc/src/install/nav_2d_msgs/lib/libnav_2d_msgs__rosidl_typesupport_fastrtps_c.so
[2.859s] -- Up-to-date: /home/ros2/ros2_rc/src/install/nav_2d_msgs/include/nav_2d_msgs/nav_2d_msgs
[2.859s] -- Up-to-date: /home/ros2/ros2_rc/src/install/nav_2d_msgs/include/nav_2d_msgs/nav_2d_msgs/msg
[2.860s] -- Up-to-date: /home/ros2/ros2_rc/src/install/nav_2d_msgs/include/nav_2d_msgs/nav_2d_msgs/msg/path2_d.hpp
[2.860s] -- Up-to-date: /home/ros2/ros2_rc/src/install/nav_2d_msgs/include/nav_2d_msgs/nav_2d_msgs/msg/twist2_d_stamped.hpp
[2.860s] -- Up-to-date: /home/ros2/ros2_rc/src/install/nav_2d_msgs/include/nav_2d_msgs/nav_2d_msgs/msg/pose2_d32.hpp
[2.860s] -- Up-to-date: /home/ros2/ros2_rc/src/install/nav_2d_msgs/include/nav_2d_msgs/nav_2d_msgs/msg/twist2_d.hpp
[2.860s] -- Up-to-date: /home/ros2/ros2_rc/src/install/nav_2d_msgs/include/nav_2d_msgs/nav_2d_msgs/msg/twist2_d32.hpp
[2.860s] -- Up-to-date: /home/ros2/ros2_rc/src/install/nav_2d_msgs/include/nav_2d_msgs/nav_2d_msgs/msg/detail
[2.860s] -- Up-to-date: /home/ros2/ros2_rc/src/install/nav_2d_msgs/include/nav_2d_msgs/nav_2d_msgs/msg/detail/pose2_d32__traits.hpp
[2.860s] -- Up-to-date: /home/ros2/ros2_rc/src/install/nav_2d_msgs/include/nav_2d_msgs/nav_2d_msgs/msg/detail/twist2_d32__struct.hpp
[2.860s] -- Up-to-date: /home/ros2/ros2_rc/src/install/nav_2d_msgs/include/nav_2d_msgs/nav_2d_msgs/msg/detail/path2_d__struct.hpp
[2.860s] -- Up-to-date: /home/ros2/ros2_rc/src/install/nav_2d_msgs/include/nav_2d_msgs/nav_2d_msgs/msg/detail/twist2_d_stamped__builder.hpp
[2.861s] -- Up-to-date: /home/ros2/ros2_rc/src/install/nav_2d_msgs/include/nav_2d_msgs/nav_2d_msgs/msg/detail/twist2_d__struct.hpp
[2.861s] -- Up-to-date: /home/ros2/ros2_rc/src/install/nav_2d_msgs/include/nav_2d_msgs/nav_2d_msgs/msg/detail/pose2_d32__builder.hpp
[2.861s] -- Up-to-date: /home/ros2/ros2_rc/src/install/nav_2d_msgs/include/nav_2d_msgs/nav_2d_msgs/msg/detail/twist2_d32__builder.hpp
[2.861s] -- Up-to-date: /home/ros2/ros2_rc/src/install/nav_2d_msgs/include/nav_2d_msgs/nav_2d_msgs/msg/detail/twist2_d32__traits.hpp
[2.861s] -- Up-to-date: /home/ros2/ros2_rc/src/install/nav_2d_msgs/include/nav_2d_msgs/nav_2d_msgs/msg/detail/twist2_d_stamped__traits.hpp
[2.861s] -- Up-to-date: /home/ros2/ros2_rc/src/install/nav_2d_msgs/include/nav_2d_msgs/nav_2d_msgs/msg/detail/path2_d__builder.hpp
[2.861s] -- Up-to-date: /home/ros2/ros2_rc/src/install/nav_2d_msgs/include/nav_2d_msgs/nav_2d_msgs/msg/detail/pose2_d_stamped__traits.hpp
[2.861s] -- Up-to-date: /home/ros2/ros2_rc/src/install/nav_2d_msgs/include/nav_2d_msgs/nav_2d_msgs/msg/detail/pose2_d_stamped__builder.hpp
[2.861s] -- Up-to-date: /home/ros2/ros2_rc/src/install/nav_2d_msgs/include/nav_2d_msgs/nav_2d_msgs/msg/detail/pose2_d32__struct.hpp
[2.861s] -- Up-to-date: /home/ros2/ros2_rc/src/install/nav_2d_msgs/include/nav_2d_msgs/nav_2d_msgs/msg/detail/twist2_d_stamped__struct.hpp
[2.862s] -- Up-to-date: /home/ros2/ros2_rc/src/install/nav_2d_msgs/include/nav_2d_msgs/nav_2d_msgs/msg/detail/twist2_d__traits.hpp
[2.862s] -- Up-to-date: /home/ros2/ros2_rc/src/install/nav_2d_msgs/include/nav_2d_msgs/nav_2d_msgs/msg/detail/path2_d__traits.hpp
[2.862s] -- Up-to-date: /home/ros2/ros2_rc/src/install/nav_2d_msgs/include/nav_2d_msgs/nav_2d_msgs/msg/detail/pose2_d_stamped__struct.hpp
[2.862s] -- Up-to-date: /home/ros2/ros2_rc/src/install/nav_2d_msgs/include/nav_2d_msgs/nav_2d_msgs/msg/detail/twist2_d__builder.hpp
[2.862s] -- Up-to-date: /home/ros2/ros2_rc/src/install/nav_2d_msgs/include/nav_2d_msgs/nav_2d_msgs/msg/pose2_d_stamped.hpp
[2.862s] -- Up-to-date: /home/ros2/ros2_rc/src/install/nav_2d_msgs/include/nav_2d_msgs/nav_2d_msgs
[2.862s] -- Up-to-date: /home/ros2/ros2_rc/src/install/nav_2d_msgs/include/nav_2d_msgs/nav_2d_msgs/msg
[2.862s] -- Up-to-date: /home/ros2/ros2_rc/src/install/nav_2d_msgs/include/nav_2d_msgs/nav_2d_msgs/msg/rosidl_typesupport_fastrtps_cpp__visibility_control.h
[2.862s] -- Up-to-date: /home/ros2/ros2_rc/src/install/nav_2d_msgs/include/nav_2d_msgs/nav_2d_msgs/msg/detail
[2.862s] -- Up-to-date: /home/ros2/ros2_rc/src/install/nav_2d_msgs/include/nav_2d_msgs/nav_2d_msgs/msg/detail/twist2_d32__rosidl_typesupport_fastrtps_cpp.hpp
[2.862s] -- Up-to-date: /home/ros2/ros2_rc/src/install/nav_2d_msgs/include/nav_2d_msgs/nav_2d_msgs/msg/detail/pose2_d32__rosidl_typesupport_fastrtps_cpp.hpp
[2.862s] -- Up-to-date: /home/ros2/ros2_rc/src/install/nav_2d_msgs/include/nav_2d_msgs/nav_2d_msgs/msg/detail/pose2_d_stamped__rosidl_typesupport_fastrtps_cpp.hpp
[2.863s] -- Up-to-date: /home/ros2/ros2_rc/src/install/nav_2d_msgs/include/nav_2d_msgs/nav_2d_msgs/msg/detail/twist2_d_stamped__rosidl_typesupport_fastrtps_cpp.hpp
[2.863s] -- Up-to-date: /home/ros2/ros2_rc/src/install/nav_2d_msgs/include/nav_2d_msgs/nav_2d_msgs/msg/detail/path2_d__rosidl_typesupport_fastrtps_cpp.hpp
[2.863s] -- Up-to-date: /home/ros2/ros2_rc/src/install/nav_2d_msgs/include/nav_2d_msgs/nav_2d_msgs/msg/detail/dds_fastrtps
[2.863s] -- Up-to-date: /home/ros2/ros2_rc/src/install/nav_2d_msgs/include/nav_2d_msgs/nav_2d_msgs/msg/detail/twist2_d__rosidl_typesupport_fastrtps_cpp.hpp
[2.863s] -- Up-to-date: /home/ros2/ros2_rc/src/install/nav_2d_msgs/lib/libnav_2d_msgs__rosidl_typesupport_fastrtps_cpp.so
[2.863s] -- Up-to-date: /home/ros2/ros2_rc/src/install/nav_2d_msgs/include/nav_2d_msgs/nav_2d_msgs
[2.863s] -- Up-to-date: /home/ros2/ros2_rc/src/install/nav_2d_msgs/include/nav_2d_msgs/nav_2d_msgs/msg
[2.863s] -- Up-to-date: /home/ros2/ros2_rc/src/install/nav_2d_msgs/include/nav_2d_msgs/nav_2d_msgs/msg/detail
[2.863s] -- Up-to-date: /home/ros2/ros2_rc/src/install/nav_2d_msgs/include/nav_2d_msgs/nav_2d_msgs/msg/detail/pose2_d32__type_support.c
[2.863s] -- Up-to-date: /home/ros2/ros2_rc/src/install/nav_2d_msgs/include/nav_2d_msgs/nav_2d_msgs/msg/detail/twist2_d_stamped__type_support.c
[2.863s] -- Up-to-date: /home/ros2/ros2_rc/src/install/nav_2d_msgs/include/nav_2d_msgs/nav_2d_msgs/msg/detail/twist2_d__rosidl_typesupport_introspection_c.h
[2.863s] -- Up-to-date: /home/ros2/ros2_rc/src/install/nav_2d_msgs/include/nav_2d_msgs/nav_2d_msgs/msg/detail/pose2_d_stamped__rosidl_typesupport_introspection_c.h
[2.863s] -- Up-to-date: /home/ros2/ros2_rc/src/install/nav_2d_msgs/include/nav_2d_msgs/nav_2d_msgs/msg/detail/twist2_d32__rosidl_typesupport_introspection_c.h
[2.864s] -- Up-to-date: /home/ros2/ros2_rc/src/install/nav_2d_msgs/include/nav_2d_msgs/nav_2d_msgs/msg/detail/twist2_d__type_support.c
[2.864s] -- Up-to-date: /home/ros2/ros2_rc/src/install/nav_2d_msgs/include/nav_2d_msgs/nav_2d_msgs/msg/detail/path2_d__type_support.c
[2.864s] -- Up-to-date: /home/ros2/ros2_rc/src/install/nav_2d_msgs/include/nav_2d_msgs/nav_2d_msgs/msg/detail/path2_d__rosidl_typesupport_introspection_c.h
[2.864s] -- Up-to-date: /home/ros2/ros2_rc/src/install/nav_2d_msgs/include/nav_2d_msgs/nav_2d_msgs/msg/detail/pose2_d_stamped__type_support.c
[2.864s] -- Up-to-date: /home/ros2/ros2_rc/src/install/nav_2d_msgs/include/nav_2d_msgs/nav_2d_msgs/msg/detail/pose2_d32__rosidl_typesupport_introspection_c.h
[2.864s] -- Up-to-date: /home/ros2/ros2_rc/src/install/nav_2d_msgs/include/nav_2d_msgs/nav_2d_msgs/msg/detail/twist2_d32__type_support.c
[2.864s] -- Up-to-date: /home/ros2/ros2_rc/src/install/nav_2d_msgs/include/nav_2d_msgs/nav_2d_msgs/msg/detail/twist2_d_stamped__rosidl_typesupport_introspection_c.h
[2.864s] -- Up-to-date: /home/ros2/ros2_rc/src/install/nav_2d_msgs/include/nav_2d_msgs/nav_2d_msgs/msg/rosidl_typesupport_introspection_c__visibility_control.h
[2.864s] -- Up-to-date: /home/ros2/ros2_rc/src/install/nav_2d_msgs/lib/libnav_2d_msgs__rosidl_typesupport_introspection_c.so
[2.864s] -- Up-to-date: /home/ros2/ros2_rc/src/install/nav_2d_msgs/lib/libnav_2d_msgs__rosidl_typesupport_c.so
[2.864s] -- Up-to-date: /home/ros2/ros2_rc/src/install/nav_2d_msgs/include/nav_2d_msgs/nav_2d_msgs
[2.864s] -- Up-to-date: /home/ros2/ros2_rc/src/install/nav_2d_msgs/include/nav_2d_msgs/nav_2d_msgs/msg
[2.864s] -- Up-to-date: /home/ros2/ros2_rc/src/install/nav_2d_msgs/include/nav_2d_msgs/nav_2d_msgs/msg/detail
[2.864s] -- Up-to-date: /home/ros2/ros2_rc/src/install/nav_2d_msgs/include/nav_2d_msgs/nav_2d_msgs/msg/detail/path2_d__rosidl_typesupport_introspection_cpp.hpp
[2.865s] -- Up-to-date: /home/ros2/ros2_rc/src/install/nav_2d_msgs/include/nav_2d_msgs/nav_2d_msgs/msg/detail/pose2_d_stamped__type_support.cpp
[2.865s] -- Up-to-date: /home/ros2/ros2_rc/src/install/nav_2d_msgs/include/nav_2d_msgs/nav_2d_msgs/msg/detail/pose2_d32__rosidl_typesupport_introspection_cpp.hpp
[2.865s] -- Up-to-date: /home/ros2/ros2_rc/src/install/nav_2d_msgs/include/nav_2d_msgs/nav_2d_msgs/msg/detail/twist2_d32__rosidl_typesupport_introspection_cpp.hpp
[2.865s] -- Up-to-date: /home/ros2/ros2_rc/src/install/nav_2d_msgs/include/nav_2d_msgs/nav_2d_msgs/msg/detail/path2_d__type_support.cpp
[2.865s] -- Up-to-date: /home/ros2/ros2_rc/src/install/nav_2d_msgs/include/nav_2d_msgs/nav_2d_msgs/msg/detail/twist2_d__rosidl_typesupport_introspection_cpp.hpp
[2.865s] -- Up-to-date: /home/ros2/ros2_rc/src/install/nav_2d_msgs/include/nav_2d_msgs/nav_2d_msgs/msg/detail/pose2_d32__type_support.cpp
[2.865s] -- Up-to-date: /home/ros2/ros2_rc/src/install/nav_2d_msgs/include/nav_2d_msgs/nav_2d_msgs/msg/detail/twist2_d32__type_support.cpp
[2.865s] -- Up-to-date: /home/ros2/ros2_rc/src/install/nav_2d_msgs/include/nav_2d_msgs/nav_2d_msgs/msg/detail/twist2_d_stamped__type_support.cpp
[2.865s] -- Up-to-date: /home/ros2/ros2_rc/src/install/nav_2d_msgs/include/nav_2d_msgs/nav_2d_msgs/msg/detail/twist2_d__type_support.cpp
[2.865s] -- Up-to-date: /home/ros2/ros2_rc/src/install/nav_2d_msgs/include/nav_2d_msgs/nav_2d_msgs/msg/detail/twist2_d_stamped__rosidl_typesupport_introspection_cpp.hpp
[2.865s] -- Up-to-date: /home/ros2/ros2_rc/src/install/nav_2d_msgs/include/nav_2d_msgs/nav_2d_msgs/msg/detail/pose2_d_stamped__rosidl_typesupport_introspection_cpp.hpp
[2.865s] -- Up-to-date: /home/ros2/ros2_rc/src/install/nav_2d_msgs/lib/libnav_2d_msgs__rosidl_typesupport_introspection_cpp.so
[2.865s] -- Up-to-date: /home/ros2/ros2_rc/src/install/nav_2d_msgs/lib/libnav_2d_msgs__rosidl_typesupport_cpp.so
[2.865s] -- Up-to-date: /home/ros2/ros2_rc/src/install/nav_2d_msgs/share/nav_2d_msgs/environment/pythonpath.sh
[2.866s] -- Up-to-date: /home/ros2/ros2_rc/src/install/nav_2d_msgs/share/nav_2d_msgs/environment/pythonpath.dsv
[2.866s] -- Up-to-date: /home/ros2/ros2_rc/src/install/nav_2d_msgs/local/lib/python3.10/dist-packages/nav_2d_msgs-1.1.16-py3.10.egg-info
[2.866s] -- Installing: /home/ros2/ros2_rc/src/install/nav_2d_msgs/local/lib/python3.10/dist-packages/nav_2d_msgs-1.1.16-py3.10.egg-info/SOURCES.txt
[2.866s] -- Installing: /home/ros2/ros2_rc/src/install/nav_2d_msgs/local/lib/python3.10/dist-packages/nav_2d_msgs-1.1.16-py3.10.egg-info/PKG-INFO
[2.866s] -- Installing: /home/ros2/ros2_rc/src/install/nav_2d_msgs/local/lib/python3.10/dist-packages/nav_2d_msgs-1.1.16-py3.10.egg-info/top_level.txt
[2.866s] -- Installing: /home/ros2/ros2_rc/src/install/nav_2d_msgs/local/lib/python3.10/dist-packages/nav_2d_msgs-1.1.16-py3.10.egg-info/dependency_links.txt
[2.866s] -- Up-to-date: /home/ros2/ros2_rc/src/install/nav_2d_msgs/local/lib/python3.10/dist-packages/nav_2d_msgs
[2.866s] -- Up-to-date: /home/ros2/ros2_rc/src/install/nav_2d_msgs/local/lib/python3.10/dist-packages/nav_2d_msgs/__init__.py
[2.866s] -- Up-to-date: /home/ros2/ros2_rc/src/install/nav_2d_msgs/local/lib/python3.10/dist-packages/nav_2d_msgs/nav_2d_msgs_s__rosidl_typesupport_introspection_c.cpython-310-x86_64-linux-gnu.so
[2.866s] -- Up-to-date: /home/ros2/ros2_rc/src/install/nav_2d_msgs/local/lib/python3.10/dist-packages/nav_2d_msgs/_nav_2d_msgs_s.ep.rosidl_typesupport_fastrtps_c.c
[2.866s] -- Up-to-date: /home/ros2/ros2_rc/src/install/nav_2d_msgs/local/lib/python3.10/dist-packages/nav_2d_msgs/_nav_2d_msgs_s.ep.rosidl_typesupport_introspection_c.c
[2.866s] -- Up-to-date: /home/ros2/ros2_rc/src/install/nav_2d_msgs/local/lib/python3.10/dist-packages/nav_2d_msgs/nav_2d_msgs_s__rosidl_typesupport_fastrtps_c.cpython-310-x86_64-linux-gnu.so
[2.866s] -- Up-to-date: /home/ros2/ros2_rc/src/install/nav_2d_msgs/local/lib/python3.10/dist-packages/nav_2d_msgs/libnav_2d_msgs__rosidl_generator_py.so
[2.866s] -- Up-to-date: /home/ros2/ros2_rc/src/install/nav_2d_msgs/local/lib/python3.10/dist-packages/nav_2d_msgs/msg
[2.867s] -- Up-to-date: /home/ros2/ros2_rc/src/install/nav_2d_msgs/local/lib/python3.10/dist-packages/nav_2d_msgs/msg/__init__.py
[2.867s] -- Up-to-date: /home/ros2/ros2_rc/src/install/nav_2d_msgs/local/lib/python3.10/dist-packages/nav_2d_msgs/msg/_twist2_d.py
[2.867s] -- Up-to-date: /home/ros2/ros2_rc/src/install/nav_2d_msgs/local/lib/python3.10/dist-packages/nav_2d_msgs/msg/_pose2_d32_s.c
[2.867s] -- Up-to-date: /home/ros2/ros2_rc/src/install/nav_2d_msgs/local/lib/python3.10/dist-packages/nav_2d_msgs/msg/_pose2_d_stamped_s.c
[2.867s] -- Up-to-date: /home/ros2/ros2_rc/src/install/nav_2d_msgs/local/lib/python3.10/dist-packages/nav_2d_msgs/msg/_pose2_d32.py
[2.867s] -- Up-to-date: /home/ros2/ros2_rc/src/install/nav_2d_msgs/local/lib/python3.10/dist-packages/nav_2d_msgs/msg/_twist2_d32.py
[2.867s] -- Up-to-date: /home/ros2/ros2_rc/src/install/nav_2d_msgs/local/lib/python3.10/dist-packages/nav_2d_msgs/msg/_twist2_d_stamped.py
[2.867s] -- Up-to-date: /home/ros2/ros2_rc/src/install/nav_2d_msgs/local/lib/python3.10/dist-packages/nav_2d_msgs/msg/_twist2_d32_s.c
[2.867s] -- Up-to-date: /home/ros2/ros2_rc/src/install/nav_2d_msgs/local/lib/python3.10/dist-packages/nav_2d_msgs/msg/_path2_d.py
[2.867s] -- Up-to-date: /home/ros2/ros2_rc/src/install/nav_2d_msgs/local/lib/python3.10/dist-packages/nav_2d_msgs/msg/_twist2_d_stamped_s.c
[2.867s] -- Up-to-date: /home/ros2/ros2_rc/src/install/nav_2d_msgs/local/lib/python3.10/dist-packages/nav_2d_msgs/msg/_pose2_d_stamped.py
[2.867s] -- Up-to-date: /home/ros2/ros2_rc/src/install/nav_2d_msgs/local/lib/python3.10/dist-packages/nav_2d_msgs/msg/_path2_d_s.c
[2.867s] -- Up-to-date: /home/ros2/ros2_rc/src/install/nav_2d_msgs/local/lib/python3.10/dist-packages/nav_2d_msgs/msg/_twist2_d_s.c
[2.868s] -- Up-to-date: /home/ros2/ros2_rc/src/install/nav_2d_msgs/local/lib/python3.10/dist-packages/nav_2d_msgs/nav_2d_msgs_s__rosidl_typesupport_c.cpython-310-x86_64-linux-gnu.so
[2.868s] -- Up-to-date: /home/ros2/ros2_rc/src/install/nav_2d_msgs/local/lib/python3.10/dist-packages/nav_2d_msgs/_nav_2d_msgs_s.ep.rosidl_typesupport_c.c
[2.948s] Listing '/home/ros2/ros2_rc/src/install/nav_2d_msgs/local/lib/python3.10/dist-packages/nav_2d_msgs'...
[2.948s] Listing '/home/ros2/ros2_rc/src/install/nav_2d_msgs/local/lib/python3.10/dist-packages/nav_2d_msgs/msg'...
[2.969s] -- Up-to-date: /home/ros2/ros2_rc/src/install/nav_2d_msgs/local/lib/python3.10/dist-packages/nav_2d_msgs/nav_2d_msgs_s__rosidl_typesupport_fastrtps_c.cpython-310-x86_64-linux-gnu.so
[2.969s] -- Up-to-date: /home/ros2/ros2_rc/src/install/nav_2d_msgs/local/lib/python3.10/dist-packages/nav_2d_msgs/nav_2d_msgs_s__rosidl_typesupport_introspection_c.cpython-310-x86_64-linux-gnu.so
[2.970s] -- Up-to-date: /home/ros2/ros2_rc/src/install/nav_2d_msgs/local/lib/python3.10/dist-packages/nav_2d_msgs/nav_2d_msgs_s__rosidl_typesupport_c.cpython-310-x86_64-linux-gnu.so
[2.973s] -- Up-to-date: /home/ros2/ros2_rc/src/install/nav_2d_msgs/lib/libnav_2d_msgs__rosidl_generator_py.so
[2.973s] -- Up-to-date: /home/ros2/ros2_rc/src/install/nav_2d_msgs/share/nav_2d_msgs/msg/Path2D.idl
[2.974s] -- Up-to-date: /home/ros2/ros2_rc/src/install/nav_2d_msgs/share/nav_2d_msgs/msg/Pose2D32.idl
[2.974s] -- Up-to-date: /home/ros2/ros2_rc/src/install/nav_2d_msgs/share/nav_2d_msgs/msg/Pose2DStamped.idl
[2.974s] -- Up-to-date: /home/ros2/ros2_rc/src/install/nav_2d_msgs/share/nav_2d_msgs/msg/Twist2D.idl
[2.975s] -- Up-to-date: /home/ros2/ros2_rc/src/install/nav_2d_msgs/share/nav_2d_msgs/msg/Twist2D32.idl
[2.976s] -- Up-to-date: /home/ros2/ros2_rc/src/install/nav_2d_msgs/share/nav_2d_msgs/msg/Twist2DStamped.idl
[2.976s] -- Up-to-date: /home/ros2/ros2_rc/src/install/nav_2d_msgs/share/nav_2d_msgs/msg/Path2D.msg
[2.977s] -- Up-to-date: /home/ros2/ros2_rc/src/install/nav_2d_msgs/share/nav_2d_msgs/msg/Pose2D32.msg
[2.977s] -- Up-to-date: /home/ros2/ros2_rc/src/install/nav_2d_msgs/share/nav_2d_msgs/msg/Pose2DStamped.msg
[2.977s] -- Up-to-date: /home/ros2/ros2_rc/src/install/nav_2d_msgs/share/nav_2d_msgs/msg/Twist2D.msg
[2.977s] -- Up-to-date: /home/ros2/ros2_rc/src/install/nav_2d_msgs/share/nav_2d_msgs/msg/Twist2D32.msg
[2.977s] -- Up-to-date: /home/ros2/ros2_rc/src/install/nav_2d_msgs/share/nav_2d_msgs/msg/Twist2DStamped.msg
[2.977s] -- Up-to-date: /home/ros2/ros2_rc/src/install/nav_2d_msgs/share/ament_index/resource_index/package_run_dependencies/nav_2d_msgs
[2.978s] -- Up-to-date: /home/ros2/ros2_rc/src/install/nav_2d_msgs/share/ament_index/resource_index/parent_prefix_path/nav_2d_msgs
[2.978s] -- Up-to-date: /home/ros2/ros2_rc/src/install/nav_2d_msgs/share/nav_2d_msgs/environment/ament_prefix_path.sh
[2.978s] -- Up-to-date: /home/ros2/ros2_rc/src/install/nav_2d_msgs/share/nav_2d_msgs/environment/ament_prefix_path.dsv
[2.978s] -- Up-to-date: /home/ros2/ros2_rc/src/install/nav_2d_msgs/share/nav_2d_msgs/environment/path.sh
[2.978s] -- Up-to-date: /home/ros2/ros2_rc/src/install/nav_2d_msgs/share/nav_2d_msgs/environment/path.dsv
[2.978s] -- Up-to-date: /home/ros2/ros2_rc/src/install/nav_2d_msgs/share/nav_2d_msgs/local_setup.bash
[2.982s] -- Up-to-date: /home/ros2/ros2_rc/src/install/nav_2d_msgs/share/nav_2d_msgs/local_setup.sh
[2.982s] -- Up-to-date: /home/ros2/ros2_rc/src/install/nav_2d_msgs/share/nav_2d_msgs/local_setup.zsh
[2.983s] -- Up-to-date: /home/ros2/ros2_rc/src/install/nav_2d_msgs/share/nav_2d_msgs/local_setup.dsv
[2.983s] -- Installing: /home/ros2/ros2_rc/src/install/nav_2d_msgs/share/nav_2d_msgs/package.dsv
[2.983s] -- Up-to-date: /home/ros2/ros2_rc/src/install/nav_2d_msgs/share/ament_index/resource_index/packages/nav_2d_msgs
[2.984s] -- Up-to-date: /home/ros2/ros2_rc/src/install/nav_2d_msgs/share/nav_2d_msgs/cmake/export_nav_2d_msgs__rosidl_generator_cExport.cmake
[2.984s] -- Up-to-date: /home/ros2/ros2_rc/src/install/nav_2d_msgs/share/nav_2d_msgs/cmake/export_nav_2d_msgs__rosidl_generator_cExport-noconfig.cmake
[2.984s] -- Up-to-date: /home/ros2/ros2_rc/src/install/nav_2d_msgs/share/nav_2d_msgs/cmake/export_nav_2d_msgs__rosidl_typesupport_fastrtps_cExport.cmake
[2.984s] -- Up-to-date: /home/ros2/ros2_rc/src/install/nav_2d_msgs/share/nav_2d_msgs/cmake/export_nav_2d_msgs__rosidl_typesupport_fastrtps_cExport-noconfig.cmake
[2.984s] -- Up-to-date: /home/ros2/ros2_rc/src/install/nav_2d_msgs/share/nav_2d_msgs/cmake/export_nav_2d_msgs__rosidl_generator_cppExport.cmake
[2.984s] -- Up-to-date: /home/ros2/ros2_rc/src/install/nav_2d_msgs/share/nav_2d_msgs/cmake/export_nav_2d_msgs__rosidl_typesupport_fastrtps_cppExport.cmake
[2.985s] -- Up-to-date: /home/ros2/ros2_rc/src/install/nav_2d_msgs/share/nav_2d_msgs/cmake/export_nav_2d_msgs__rosidl_typesupport_fastrtps_cppExport-noconfig.cmake
[2.986s] -- Up-to-date: /home/ros2/ros2_rc/src/install/nav_2d_msgs/share/nav_2d_msgs/cmake/nav_2d_msgs__rosidl_typesupport_introspection_cExport.cmake
[2.987s] -- Up-to-date: /home/ros2/ros2_rc/src/install/nav_2d_msgs/share/nav_2d_msgs/cmake/nav_2d_msgs__rosidl_typesupport_introspection_cExport-noconfig.cmake
[2.988s] -- Up-to-date: /home/ros2/ros2_rc/src/install/nav_2d_msgs/share/nav_2d_msgs/cmake/nav_2d_msgs__rosidl_typesupport_cExport.cmake
[2.989s] -- Up-to-date: /home/ros2/ros2_rc/src/install/nav_2d_msgs/share/nav_2d_msgs/cmake/nav_2d_msgs__rosidl_typesupport_cExport-noconfig.cmake
[2.990s] -- Up-to-date: /home/ros2/ros2_rc/src/install/nav_2d_msgs/share/nav_2d_msgs/cmake/nav_2d_msgs__rosidl_typesupport_introspection_cppExport.cmake
[2.991s] -- Up-to-date: /home/ros2/ros2_rc/src/install/nav_2d_msgs/share/nav_2d_msgs/cmake/nav_2d_msgs__rosidl_typesupport_introspection_cppExport-noconfig.cmake
[2.993s] -- Up-to-date: /home/ros2/ros2_rc/src/install/nav_2d_msgs/share/nav_2d_msgs/cmake/nav_2d_msgs__rosidl_typesupport_cppExport.cmake
[2.993s] -- Up-to-date: /home/ros2/ros2_rc/src/install/nav_2d_msgs/share/nav_2d_msgs/cmake/nav_2d_msgs__rosidl_typesupport_cppExport-noconfig.cmake
[2.994s] -- Up-to-date: /home/ros2/ros2_rc/src/install/nav_2d_msgs/share/nav_2d_msgs/cmake/export_nav_2d_msgs__rosidl_generator_pyExport.cmake
[2.994s] -- Up-to-date: /home/ros2/ros2_rc/src/install/nav_2d_msgs/share/nav_2d_msgs/cmake/export_nav_2d_msgs__rosidl_generator_pyExport-noconfig.cmake
[2.994s] -- Up-to-date: /home/ros2/ros2_rc/src/install/nav_2d_msgs/share/nav_2d_msgs/cmake/rosidl_cmake-extras.cmake
[2.997s] -- Up-to-date: /home/ros2/ros2_rc/src/install/nav_2d_msgs/share/nav_2d_msgs/cmake/ament_cmake_export_dependencies-extras.cmake
[2.997s] -- Up-to-date: /home/ros2/ros2_rc/src/install/nav_2d_msgs/share/nav_2d_msgs/cmake/ament_cmake_export_include_directories-extras.cmake
[2.997s] -- Up-to-date: /home/ros2/ros2_rc/src/install/nav_2d_msgs/share/nav_2d_msgs/cmake/ament_cmake_export_libraries-extras.cmake
[2.998s] -- Up-to-date: /home/ros2/ros2_rc/src/install/nav_2d_msgs/share/nav_2d_msgs/cmake/ament_cmake_export_targets-extras.cmake
[2.998s] -- Up-to-date: /home/ros2/ros2_rc/src/install/nav_2d_msgs/share/nav_2d_msgs/cmake/rosidl_cmake_export_typesupport_targets-extras.cmake
[2.998s] -- Up-to-date: /home/ros2/ros2_rc/src/install/nav_2d_msgs/share/nav_2d_msgs/cmake/rosidl_cmake_export_typesupport_libraries-extras.cmake
[2.998s] -- Up-to-date: /home/ros2/ros2_rc/src/install/nav_2d_msgs/share/nav_2d_msgs/cmake/nav_2d_msgsConfig.cmake
[2.998s] -- Up-to-date: /home/ros2/ros2_rc/src/install/nav_2d_msgs/share/nav_2d_msgs/cmake/nav_2d_msgsConfig-version.cmake
[2.998s] -- Up-to-date: /home/ros2/ros2_rc/src/install/nav_2d_msgs/share/nav_2d_msgs/package.xml
[2.999s] Invoked command in '/home/ros2/ros2_rc/src/build/nav_2d_msgs' returned '0': CMAKE_PREFIX_PATH=${CMAKE_PREFIX_PATH}:/home/ros2/ros2_rc/src/install/nav2_simple_commander:/home/ros2/ros2_rc/install/nav2_simple_commander:/opt/ros/humble /usr/bin/cmake --install /home/ros2/ros2_rc/src/build/nav_2d_msgs
