[0.204s] Invoking command in '/home/ros2/ros2_rc/build/nav2_behavior_tree': CMAKE_PREFIX_PATH=/home/ros2/ros2_rc/install/nav2_util:/home/ros2/ros2_rc/install/nav2_msgs:/home/ros2/ros2_rc/install/nav2_common:/home/ros2/ros2_rc/install/smartcar_msgs:/home/ros2/ros2_rc/install/smart_car:/home/ros2/ros2_rc/install/ros2_rc:/home/ros2/ros2_rc/install/nav2_system_tests:/home/ros2/ros2_rc/install/nav2_bringup:/home/ros2/ros2_rc/install/navigation2:/home/ros2/ros2_rc/install/nav2_smoother:/home/ros2/ros2_rc/install/nav2_graceful_controller:/home/ros2/ros2_rc/install/nav2_dwb_controller:/home/ros2/ros2_rc/install/nav2_controller:/home/ros2/ros2_rc/install/dwb_plugins:/home/ros2/ros2_rc/install/dwb_critics:/home/ros2/ros2_rc/install/dwb_core:/home/ros2/ros2_rc/install/nav_2d_utils:/home/ros2/ros2_rc/install/dwb_msgs:/home/ros2/ros2_rc/install/nav_2d_msgs:/home/ros2/ros2_rc/install/nav2_waypoint_follower:/home/ros2/ros2_rc/install/nav2_theta_star_planner:/home/ros2/ros2_rc/install/nav2_smac_planner:/home/ros2/ros2_rc/install/nav2_rotation_shim_controller:/home/ros2/ros2_rc/install/nav2_regulated_pure_pursuit_controller:/home/ros2/ros2_rc/install/nav2_planner:/home/ros2/ros2_rc/install/nav2_navfn_planner:/home/ros2/ros2_rc/install/nav2_mppi_controller:/home/ros2/ros2_rc/install/nav2_constrained_smoother:/home/ros2/ros2_rc/install/nav2_bt_navigator:/home/ros2/ros2_rc/install/nav2_behaviors:/home/ros2/ros2_rc/install/nav2_core:/home/ros2/ros2_rc/install/nav2_collision_monitor:/home/ros2/ros2_rc/install/costmap_queue:/home/ros2/ros2_rc/install/nav2_costmap_2d:/home/ros2/ros2_rc/install/nav2_voxel_grid:/home/ros2/ros2_rc/install/nav2_velocity_smoother:/home/ros2/ros2_rc/install/nav2_rviz_plugins:/home/ros2/ros2_rc/install/nav2_map_server:/home/ros2/ros2_rc/install/nav2_lifecycle_manager:/home/ros2/ros2_rc/install/nav2_behavior_tree:/home/ros2/ros2_rc/install/nav2_amcl:/home/ros2/ros2_rc/install/car_gazebo_plugin:/home/ros2/ros2_rc/src/install/smartcar_msgs:/home/ros2/ros2_rc/src/install/smart_car:/home/ros2/ros2_rc/src/install/ros2_rc:/home/ros2/ros2_rc/src/install/nav2_system_tests:/home/ros2/ros2_rc/src/install/nav2_bringup:/home/ros2/ros2_rc/src/install/navigation2:/home/ros2/ros2_rc/src/install/nav2_smoother:/home/ros2/ros2_rc/src/install/nav2_graceful_controller:/home/ros2/ros2_rc/src/install/nav2_dwb_controller:/home/ros2/ros2_rc/src/install/nav2_controller:/home/ros2/ros2_rc/src/install/dwb_plugins:/home/ros2/ros2_rc/src/install/dwb_critics:/home/ros2/ros2_rc/src/install/dwb_core:/home/ros2/ros2_rc/src/install/nav_2d_utils:/home/ros2/ros2_rc/src/install/dwb_msgs:/home/ros2/ros2_rc/src/install/nav_2d_msgs:/home/ros2/ros2_rc/src/install/nav2_waypoint_follower:/home/ros2/ros2_rc/src/install/nav2_theta_star_planner:/home/ros2/ros2_rc/src/install/nav2_smac_planner:/home/ros2/ros2_rc/src/install/nav2_rotation_shim_controller:/home/ros2/ros2_rc/src/install/nav2_regulated_pure_pursuit_controller:/home/ros2/ros2_rc/src/install/nav2_planner:/home/ros2/ros2_rc/src/install/nav2_navfn_planner:/home/ros2/ros2_rc/src/install/nav2_mppi_controller:/home/ros2/ros2_rc/src/install/nav2_constrained_smoother:/home/ros2/ros2_rc/src/install/nav2_bt_navigator:/home/ros2/ros2_rc/src/install/nav2_behaviors:/home/ros2/ros2_rc/src/install/nav2_core:/home/ros2/ros2_rc/src/install/nav2_collision_monitor:/home/ros2/ros2_rc/src/install/costmap_queue:/home/ros2/ros2_rc/src/install/nav2_costmap_2d:/home/ros2/ros2_rc/src/install/nav2_voxel_grid:/home/ros2/ros2_rc/src/install/nav2_velocity_smoother:/home/ros2/ros2_rc/src/install/nav2_rviz_plugins:/home/ros2/ros2_rc/src/install/nav2_map_server:/home/ros2/ros2_rc/src/install/nav2_lifecycle_manager:/home/ros2/ros2_rc/src/install/nav2_behavior_tree:/home/ros2/ros2_rc/src/install/nav2_amcl:/home/ros2/ros2_rc/src/install/nav2_util:/home/ros2/ros2_rc/src/install/nav2_msgs:/home/ros2/ros2_rc/src/install/nav2_common:/home/ros2/ros2_rc/src/install/car_gazebo_plugin:/home/ros2/ros2_rc/install/nav2_simple_commander:/home/ros2/ros2_rc/src/install/nav2_simple_commander:/opt/ros/humble LD_LIBRARY_PATH=/home/ros2/ros2_rc/install/nav2_util/lib:/home/ros2/ros2_rc/install/nav2_msgs/lib:/home/ros2/ros2_rc/install/smartcar_msgs/lib:/home/ros2/ros2_rc/install/nav2_smoother/lib:/home/ros2/ros2_rc/install/nav2_graceful_controller/lib:/home/ros2/ros2_rc/install/nav2_controller/lib:/home/ros2/ros2_rc/install/dwb_plugins/lib:/home/ros2/ros2_rc/install/dwb_critics/lib:/home/ros2/ros2_rc/install/dwb_core/lib:/home/ros2/ros2_rc/install/nav_2d_utils/lib:/home/ros2/ros2_rc/install/dwb_msgs/lib:/home/ros2/ros2_rc/install/nav_2d_msgs/lib:/home/ros2/ros2_rc/install/nav2_waypoint_follower/lib:/home/ros2/ros2_rc/install/nav2_theta_star_planner/lib:/home/ros2/ros2_rc/install/nav2_smac_planner/lib:/home/ros2/ros2_rc/install/nav2_rotation_shim_controller/lib:/home/ros2/ros2_rc/install/nav2_regulated_pure_pursuit_controller/lib:/home/ros2/ros2_rc/install/nav2_planner/lib:/home/ros2/ros2_rc/install/nav2_navfn_planner/lib:/home/ros2/ros2_rc/install/nav2_mppi_controller/lib:/home/ros2/ros2_rc/install/nav2_constrained_smoother/lib:/home/ros2/ros2_rc/install/nav2_bt_navigator/lib:/home/ros2/ros2_rc/install/nav2_behaviors/lib:/home/ros2/ros2_rc/install/nav2_collision_monitor/lib:/home/ros2/ros2_rc/install/costmap_queue/lib:/home/ros2/ros2_rc/install/nav2_costmap_2d/lib:/home/ros2/ros2_rc/install/nav2_voxel_grid/lib:/home/ros2/ros2_rc/install/nav2_velocity_smoother/lib:/home/ros2/ros2_rc/install/nav2_rviz_plugins/lib:/home/ros2/ros2_rc/install/nav2_map_server/lib:/home/ros2/ros2_rc/install/nav2_lifecycle_manager/lib:/home/ros2/ros2_rc/install/nav2_behavior_tree/lib:/home/ros2/ros2_rc/install/nav2_amcl/lib:/home/ros2/ros2_rc/install/car_gazebo_plugin/lib:/home/ros2/ros2_rc/src/install/smartcar_msgs/lib:/home/ros2/ros2_rc/src/install/nav2_smoother/lib:/home/ros2/ros2_rc/src/install/nav2_graceful_controller/lib:/home/ros2/ros2_rc/src/install/nav2_controller/lib:/home/ros2/ros2_rc/src/install/dwb_plugins/lib:/home/ros2/ros2_rc/src/install/dwb_critics/lib:/home/ros2/ros2_rc/src/install/dwb_core/lib:/home/ros2/ros2_rc/src/install/nav_2d_utils/lib:/home/ros2/ros2_rc/src/install/dwb_msgs/lib:/home/ros2/ros2_rc/src/install/nav_2d_msgs/lib:/home/ros2/ros2_rc/src/install/nav2_waypoint_follower/lib:/home/ros2/ros2_rc/src/install/nav2_theta_star_planner/lib:/home/ros2/ros2_rc/src/install/nav2_smac_planner/lib:/home/ros2/ros2_rc/src/install/nav2_rotation_shim_controller/lib:/home/ros2/ros2_rc/src/install/nav2_regulated_pure_pursuit_controller/lib:/home/ros2/ros2_rc/src/install/nav2_planner/lib:/home/ros2/ros2_rc/src/install/nav2_navfn_planner/lib:/home/ros2/ros2_rc/src/install/nav2_mppi_controller/lib:/home/ros2/ros2_rc/src/install/nav2_constrained_smoother/lib:/home/ros2/ros2_rc/src/install/nav2_bt_navigator/lib:/home/ros2/ros2_rc/src/install/nav2_behaviors/lib:/home/ros2/ros2_rc/src/install/nav2_collision_monitor/lib:/home/ros2/ros2_rc/src/install/costmap_queue/lib:/home/ros2/ros2_rc/src/install/nav2_costmap_2d/lib:/home/ros2/ros2_rc/src/install/nav2_voxel_grid/lib:/home/ros2/ros2_rc/src/install/nav2_velocity_smoother/lib:/home/ros2/ros2_rc/src/install/nav2_rviz_plugins/lib:/home/ros2/ros2_rc/src/install/nav2_map_server/lib:/home/ros2/ros2_rc/src/install/nav2_lifecycle_manager/lib:/home/ros2/ros2_rc/src/install/nav2_behavior_tree/lib:/home/ros2/ros2_rc/src/install/nav2_amcl/lib:/home/ros2/ros2_rc/src/install/nav2_util/lib:/home/ros2/ros2_rc/src/install/nav2_msgs/lib:/home/ros2/ros2_rc/src/install/car_gazebo_plugin/lib:/usr/lib/x86_64-linux-gnu/gazebo-11/plugins:/opt/ros/humble/opt/rviz_ogre_vendor/lib:/opt/ros/humble/lib/x86_64-linux-gnu:/opt/ros/humble/lib:/usr/lib/x86_64-linux-gnu/gazebo-11/plugins /usr/bin/cmake --build /home/ros2/ros2_rc/build/nav2_behavior_tree -- -j10 -l10
[0.599s] [35m[1mConsolidate compiler generated dependencies of target nav2_back_up_cancel_bt_node[0m
[0.626s] [35m[1mConsolidate compiler generated dependencies of target nav2_wait_cancel_bt_node[0m
[0.627s] [35m[1mConsolidate compiler generated dependencies of target nav2_behavior_tree[0m
[0.627s] [35m[1mConsolidate compiler generated dependencies of target nav2_controller_cancel_bt_node[0m
[0.627s] [35m[1mConsolidate compiler generated dependencies of target nav2_compute_path_to_pose_action_bt_node[0m
[0.664s] [35m[1mConsolidate compiler generated dependencies of target nav2_spin_cancel_bt_node[0m
[0.679s] [35m[1mConsolidate compiler generated dependencies of target nav2_assisted_teleop_cancel_bt_node[0m
[0.693s] [35m[1mConsolidate compiler generated dependencies of target nav2_drive_on_heading_cancel_bt_node[0m
[0.744s] [35m[1mConsolidate compiler generated dependencies of target nav2_smooth_path_action_bt_node[0m
[0.790s] [35m[1mConsolidate compiler generated dependencies of target nav2_compute_path_through_poses_action_bt_node[0m
[0.801s] [  1%] Built target nav2_back_up_cancel_bt_node
[0.806s] [  2%] Built target nav2_behavior_tree
[0.810s] [  3%] Built target nav2_wait_cancel_bt_node
[0.837s] [  4%] Built target nav2_spin_cancel_bt_node
[0.875s] [  5%] Built target nav2_compute_path_to_pose_action_bt_node
[0.876s] [  6%] Built target nav2_controller_cancel_bt_node
[0.876s] [  7%] Built target nav2_drive_on_heading_cancel_bt_node
[0.876s] [  8%] Built target nav2_assisted_teleop_cancel_bt_node
[0.987s] [35m[1mConsolidate compiler generated dependencies of target nav2_follow_path_action_bt_node[0m
[1.012s] [35m[1mConsolidate compiler generated dependencies of target nav2_assisted_teleop_action_bt_node[0m
[1.017s] [35m[1mConsolidate compiler generated dependencies of target nav2_back_up_action_bt_node[0m
[1.053s] [  8%] Built target nav2_smooth_path_action_bt_node
[1.057s] [35m[1mConsolidate compiler generated dependencies of target nav2_drive_on_heading_bt_node[0m
[1.057s] [35m[1mConsolidate compiler generated dependencies of target nav2_is_stuck_condition_bt_node[0m
[1.057s] [35m[1mConsolidate compiler generated dependencies of target nav2_clear_costmap_service_bt_node[0m
[1.062s] [  9%] Built target nav2_compute_path_through_poses_action_bt_node
[1.104s] [35m[1mConsolidate compiler generated dependencies of target nav2_wait_action_bt_node[0m
[1.143s] [35m[1mConsolidate compiler generated dependencies of target nav2_spin_action_bt_node[0m
[1.201s] [ 10%] Built target nav2_back_up_action_bt_node
[1.221s] [35m[1mConsolidate compiler generated dependencies of target nav2_goal_reached_condition_bt_node[0m
[1.239s] [ 11%] Built target nav2_follow_path_action_bt_node
[1.240s] [ 14%] Built target nav2_assisted_teleop_action_bt_node
[1.244s] [ 12%] Built target nav2_clear_costmap_service_bt_node
[1.254s] [35m[1mConsolidate compiler generated dependencies of target nav2_transform_available_condition_bt_node[0m
[1.254s] [ 13%] Built target nav2_is_stuck_condition_bt_node
[1.254s] [ 15%] Built target nav2_wait_action_bt_node
[1.322s] [35m[1mConsolidate compiler generated dependencies of target nav2_globally_updated_goal_condition_bt_node[0m
[1.371s] [ 16%] Built target nav2_drive_on_heading_bt_node
[1.375s] [ 17%] Built target nav2_goal_reached_condition_bt_node
[1.445s] [35m[1mConsolidate compiler generated dependencies of target nav2_goal_updated_condition_bt_node[0m
[1.456s] [35m[1mConsolidate compiler generated dependencies of target nav2_time_expired_condition_bt_node[0m
[1.486s] [ 18%] Built target nav2_globally_updated_goal_condition_bt_node
[1.492s] [35m[1mConsolidate compiler generated dependencies of target nav2_path_expiring_timer_condition[0m
[1.503s] [35m[1mConsolidate compiler generated dependencies of target nav2_is_path_valid_condition_bt_node[0m
[1.513s] [ 19%] Built target nav2_spin_action_bt_node
[1.513s] [35m[1mConsolidate compiler generated dependencies of target nav2_distance_traveled_condition_bt_node[0m
[1.536s] [ 20%] Built target nav2_transform_available_condition_bt_node
[1.565s] [ 21%] Built target nav2_time_expired_condition_bt_node
[1.640s] [35m[1mConsolidate compiler generated dependencies of target nav2_is_battery_charging_condition_bt_node[0m
[1.641s] [35m[1mConsolidate compiler generated dependencies of target nav2_is_battery_low_condition_bt_node[0m
[1.668s] [ 21%] Built target nav2_goal_updated_condition_bt_node
[1.699s] [ 22%] Built target nav2_path_expiring_timer_condition
[1.712s] [35m[1mConsolidate compiler generated dependencies of target nav2_initial_pose_received_condition_bt_node[0m
[1.717s] [35m[1mConsolidate compiler generated dependencies of target nav2_reinitialize_global_localization_service_bt_node[0m
[1.751s] [35m[1mConsolidate compiler generated dependencies of target nav2_rate_controller_bt_node[0m
[1.765s] [ 23%] Built target nav2_distance_traveled_condition_bt_node
[1.768s] [35m[1mConsolidate compiler generated dependencies of target nav2_distance_controller_bt_node[0m
[1.779s] [35m[1mConsolidate compiler generated dependencies of target nav2_speed_controller_bt_node[0m
[1.788s] [ 24%] Built target nav2_is_battery_low_condition_bt_node
[1.815s] [ 25%] Built target nav2_is_battery_charging_condition_bt_node
[1.827s] [ 26%] Built target nav2_initial_pose_received_condition_bt_node
[1.877s] [35m[1mConsolidate compiler generated dependencies of target nav2_truncate_path_action_bt_node[0m
[1.877s] [ 27%] Built target nav2_reinitialize_global_localization_service_bt_node
[1.881s] [ 28%] Built target nav2_rate_controller_bt_node
[1.884s] [ 29%] Built target nav2_is_path_valid_condition_bt_node
[1.945s] [ 30%] Built target nav2_distance_controller_bt_node
[1.948s] [35m[1mConsolidate compiler generated dependencies of target nav2_truncate_path_local_action_bt_node[0m
[1.960s] [35m[1mConsolidate compiler generated dependencies of target nav2_path_longer_on_approach_bt_node[0m
[1.999s] [35m[1mConsolidate compiler generated dependencies of target nav2_goal_updater_node_bt_node[0m
[1.999s] [35m[1mConsolidate compiler generated dependencies of target nav2_recovery_node_bt_node[0m
[2.000s] [ 31%] Built target nav2_speed_controller_bt_node
[2.077s] [35m[1mConsolidate compiler generated dependencies of target nav2_navigate_through_poses_action_bt_node[0m
[2.080s] [35m[1mConsolidate compiler generated dependencies of target nav2_navigate_to_pose_action_bt_node[0m
[2.091s] [ 32%] Built target nav2_recovery_node_bt_node
[2.100s] [ 33%] Built target nav2_truncate_path_action_bt_node
[2.133s] [ 34%] Built target nav2_truncate_path_local_action_bt_node
[2.142s] [ 35%] Built target nav2_goal_updater_node_bt_node
[2.153s] [ 36%] Built target nav2_path_longer_on_approach_bt_node
[2.180s] [ 37%] Built target nav2_navigate_to_pose_action_bt_node
[2.191s] [35m[1mConsolidate compiler generated dependencies of target nav2_remove_passed_goals_action_bt_node[0m
[2.235s] [35m[1mConsolidate compiler generated dependencies of target nav2_round_robin_node_bt_node[0m
[2.246s] [ 38%] Built target nav2_navigate_through_poses_action_bt_node
[2.252s] [35m[1mConsolidate compiler generated dependencies of target nav2_single_trigger_bt_node[0m
[2.283s] [35m[1mConsolidate compiler generated dependencies of target nav2_get_pose_from_path_action_bt_node[0m
[2.283s] [35m[1mConsolidate compiler generated dependencies of target nav2_pipeline_sequence_bt_node[0m
[2.283s] [35m[1mConsolidate compiler generated dependencies of target nav2_planner_selector_bt_node[0m
[2.283s] [35m[1mConsolidate compiler generated dependencies of target nav2_controller_selector_bt_node[0m
[2.307s] [ 39%] Built target nav2_remove_passed_goals_action_bt_node
[2.313s] [35m[1mConsolidate compiler generated dependencies of target nav2_smoother_selector_bt_node[0m
[2.322s] [35m[1mConsolidate compiler generated dependencies of target nav2_goal_checker_selector_bt_node[0m
[2.348s] [35m[1mConsolidate compiler generated dependencies of target nav2_progress_checker_selector_bt_node[0m
[2.412s] [ 40%] Built target nav2_round_robin_node_bt_node
[2.424s] [ 41%] Built target nav2_pipeline_sequence_bt_node
[2.432s] [ 42%] Built target nav2_get_pose_from_path_action_bt_node
[2.445s] [ 43%] Built target nav2_smoother_selector_bt_node
[2.476s] [ 44%] Built target nav2_controller_selector_bt_node
[2.477s] [ 45%] Built target nav2_planner_selector_bt_node
[2.478s] [ 46%] Built target nav2_single_trigger_bt_node
[2.478s] [ 47%] Built target nav2_goal_checker_selector_bt_node
[2.491s] [ 48%] Built target nav2_progress_checker_selector_bt_node
[2.501s] [35m[1mConsolidate compiler generated dependencies of target nav2_goal_updated_controller_bt_node[0m
[2.519s] [35m[1mConsolidate compiler generated dependencies of target gtest_main[0m
[2.529s] [35m[1mConsolidate compiler generated dependencies of target gtest[0m
[2.582s] [ 49%] Built target nav2_goal_updated_controller_bt_node
[2.596s] [ 49%] Built target gtest
[2.666s] [ 50%] Built target gtest_main
[2.671s] [35m[1mConsolidate compiler generated dependencies of target test_condition_distance_traveled[0m
[2.691s] [35m[1mConsolidate compiler generated dependencies of target test_condition_path_expiring_timer[0m
[2.691s] [35m[1mConsolidate compiler generated dependencies of target test_condition_time_expired[0m
[2.707s] [35m[1mConsolidate compiler generated dependencies of target test_bt_conversions[0m
[2.741s] [35m[1mConsolidate compiler generated dependencies of target test_condition_initial_pose_received[0m
[2.742s] [35m[1mConsolidate compiler generated dependencies of target test_condition_globally_updated_goal[0m
[2.743s] [35m[1mConsolidate compiler generated dependencies of target test_condition_goal_updated[0m
[2.771s] [35m[1mConsolidate compiler generated dependencies of target test_condition_goal_reached[0m
[2.775s] [ 51%] Built target test_bt_conversions
[2.781s] [35m[1mConsolidate compiler generated dependencies of target test_condition_is_stuck[0m
[2.785s] [35m[1mConsolidate compiler generated dependencies of target test_condition_transform_available[0m
[2.812s] [ 52%] Built target test_condition_distance_traveled
[2.837s] [ 52%] Built target test_condition_time_expired
[2.853s] [ 53%] Built target test_condition_path_expiring_timer
[2.862s] [ 54%] Built target test_condition_globally_updated_goal
[2.883s] [ 55%] Built target test_condition_goal_updated
[2.897s] [ 56%] Built target test_condition_goal_reached
[2.897s] [ 57%] Built target test_condition_transform_available
[2.905s] [ 58%] Built target test_condition_initial_pose_received
[2.940s] [ 59%] Built target test_condition_is_stuck
[2.941s] [35m[1mConsolidate compiler generated dependencies of target test_condition_is_battery_low[0m
[2.972s] [35m[1mConsolidate compiler generated dependencies of target test_goal_updater_node[0m
[2.972s] [35m[1mConsolidate compiler generated dependencies of target test_decorator_speed_controller[0m
[2.981s] [35m[1mConsolidate compiler generated dependencies of target test_condition_is_battery_charging[0m
[2.988s] [35m[1mConsolidate compiler generated dependencies of target test_condition_is_path_valid[0m
[2.994s] [35m[1mConsolidate compiler generated dependencies of target test_decorator_distance_controller[0m
[2.998s] [35m[1mConsolidate compiler generated dependencies of target test_decorator_rate_controller[0m
[3.008s] [35m[1mConsolidate compiler generated dependencies of target test_single_trigger_node[0m
[3.039s] [35m[1mConsolidate compiler generated dependencies of target test_goal_updated_controller[0m
[3.067s] [ 61%] Built target test_condition_is_battery_low
[3.067s] [ 61%] Built target test_decorator_speed_controller
[3.070s] [ 62%] Built target test_condition_is_battery_charging
[3.106s] [ 63%] Built target test_goal_updater_node
[3.107s] [ 64%] Built target test_decorator_rate_controller
[3.110s] [35m[1mConsolidate compiler generated dependencies of target test_decorator_path_longer_on_approach[0m
[3.110s] [ 65%] Built target test_condition_is_path_valid
[3.123s] [ 67%] Built target test_decorator_distance_controller
[3.123s] [ 67%] Built target test_single_trigger_node
[3.139s] [ 68%] Built target test_goal_updated_controller
[3.169s] [35m[1mConsolidate compiler generated dependencies of target test_control_pipeline_sequence[0m
[3.193s] [35m[1mConsolidate compiler generated dependencies of target test_bt_action_node[0m
[3.194s] [35m[1mConsolidate compiler generated dependencies of target test_action_spin_action[0m
[3.196s] [35m[1mConsolidate compiler generated dependencies of target test_action_drive_on_heading[0m
[3.197s] [ 69%] Built target test_decorator_path_longer_on_approach
[3.206s] [35m[1mConsolidate compiler generated dependencies of target test_control_recovery_node[0m
[3.212s] [35m[1mConsolidate compiler generated dependencies of target test_action_wait_action[0m
[3.213s] [35m[1mConsolidate compiler generated dependencies of target test_action_assisted_teleop_action[0m
[3.243s] [ 70%] Built target test_control_pipeline_sequence
[3.260s] [ 71%] Built target test_action_spin_action
[3.260s] [ 72%] Built target test_action_drive_on_heading
[3.272s] [35m[1mConsolidate compiler generated dependencies of target test_action_back_up_action[0m
[3.279s] [ 73%] Built target test_action_wait_action
[3.279s] [35m[1mConsolidate compiler generated dependencies of target test_control_round_robin_node[0m
[3.289s] [ 74%] Built target test_bt_action_node
[3.298s] [ 75%] Built target test_action_assisted_teleop_action
[3.306s] [ 76%] Built target test_control_recovery_node
[3.336s] [35m[1mConsolidate compiler generated dependencies of target test_action_controller_cancel_action[0m
[3.336s] [35m[1mConsolidate compiler generated dependencies of target test_action_wait_cancel_action[0m
[3.354s] [ 77%] Built target test_control_round_robin_node
[3.360s] [ 78%] Built target test_action_back_up_action
[3.374s] [35m[1mConsolidate compiler generated dependencies of target test_action_assisted_teleop_cancel_action[0m
[3.375s] [35m[1mConsolidate compiler generated dependencies of target test_action_drive_on_heading_cancel_action[0m
[3.381s] [35m[1mConsolidate compiler generated dependencies of target test_action_back_up_cancel_action[0m
[3.381s] [35m[1mConsolidate compiler generated dependencies of target test_action_reinitialize_global_localization_service[0m
[3.393s] [35m[1mConsolidate compiler generated dependencies of target test_action_spin_cancel_action[0m
[3.394s] [35m[1mConsolidate compiler generated dependencies of target test_action_clear_costmap_service[0m
[3.403s] [ 79%] Built target test_action_controller_cancel_action
[3.404s] [ 80%] Built target test_action_wait_cancel_action
[3.424s] [35m[1mConsolidate compiler generated dependencies of target test_action_compute_path_through_poses_action[0m
[3.429s] [35m[1mConsolidate compiler generated dependencies of target test_action_compute_path_to_pose_action[0m
[3.461s] [ 81%] Built target test_action_drive_on_heading_cancel_action
[3.461s] [ 82%] Built target test_action_clear_costmap_service
[3.461s] [35m[1mConsolidate compiler generated dependencies of target test_action_smooth_path_action[0m
[3.463s] [ 83%] Built target test_action_reinitialize_global_localization_service
[3.465s] [ 84%] Built target test_action_assisted_teleop_cancel_action
[3.497s] [35m[1mConsolidate compiler generated dependencies of target test_action_follow_path_action[0m
[3.506s] [ 85%] Built target test_action_spin_cancel_action
[3.506s] [ 86%] Built target test_action_back_up_cancel_action
[3.524s] [ 87%] Built target test_action_compute_path_to_pose_action
[3.555s] [35m[1mConsolidate compiler generated dependencies of target test_action_navigate_to_pose_action[0m
[3.555s] [ 88%] Built target test_action_smooth_path_action
[3.555s] [ 89%] Built target test_action_compute_path_through_poses_action
[3.570s] [ 89%] Built target test_action_follow_path_action
[3.578s] [35m[1mConsolidate compiler generated dependencies of target test_truncate_path_local_action[0m
[3.595s] [35m[1mConsolidate compiler generated dependencies of target test_truncate_path_action[0m
[3.595s] [35m[1mConsolidate compiler generated dependencies of target test_remove_passed_goals_action[0m
[3.595s] [35m[1mConsolidate compiler generated dependencies of target test_action_navigate_through_poses_action[0m
[3.597s] [35m[1mConsolidate compiler generated dependencies of target test_planner_selector_node[0m
[3.601s] [35m[1mConsolidate compiler generated dependencies of target test_get_pose_from_path_action[0m
[3.623s] [ 90%] Built target test_action_navigate_to_pose_action
[3.623s] [35m[1mConsolidate compiler generated dependencies of target test_controller_selector_node[0m
[3.646s] [35m[1mConsolidate compiler generated dependencies of target test_goal_checker_selector_node[0m
[3.674s] [ 91%] Built target test_truncate_path_local_action
[3.680s] [ 92%] Built target test_action_navigate_through_poses_action
[3.680s] [ 93%] Built target test_get_pose_from_path_action
[3.680s] [ 94%] Built target test_truncate_path_action
[3.682s] [35m[1mConsolidate compiler generated dependencies of target test_smoother_selector_node[0m
[3.709s] [ 95%] Built target test_remove_passed_goals_action
[3.717s] [ 96%] Built target test_planner_selector_node
[3.719s] [ 97%] Built target test_controller_selector_node
[3.730s] [ 98%] Built target test_goal_checker_selector_node
[3.737s] [ 99%] Built target test_smoother_selector_node
[3.747s] [35m[1mConsolidate compiler generated dependencies of target test_progress_checker_selector_node[0m
[3.802s] [100%] Built target test_progress_checker_selector_node
[3.838s] Invoked command in '/home/ros2/ros2_rc/build/nav2_behavior_tree' returned '0': CMAKE_PREFIX_PATH=/home/ros2/ros2_rc/install/nav2_util:/home/ros2/ros2_rc/install/nav2_msgs:/home/ros2/ros2_rc/install/nav2_common:/home/ros2/ros2_rc/install/smartcar_msgs:/home/ros2/ros2_rc/install/smart_car:/home/ros2/ros2_rc/install/ros2_rc:/home/ros2/ros2_rc/install/nav2_system_tests:/home/ros2/ros2_rc/install/nav2_bringup:/home/ros2/ros2_rc/install/navigation2:/home/ros2/ros2_rc/install/nav2_smoother:/home/ros2/ros2_rc/install/nav2_graceful_controller:/home/ros2/ros2_rc/install/nav2_dwb_controller:/home/ros2/ros2_rc/install/nav2_controller:/home/ros2/ros2_rc/install/dwb_plugins:/home/ros2/ros2_rc/install/dwb_critics:/home/ros2/ros2_rc/install/dwb_core:/home/ros2/ros2_rc/install/nav_2d_utils:/home/ros2/ros2_rc/install/dwb_msgs:/home/ros2/ros2_rc/install/nav_2d_msgs:/home/ros2/ros2_rc/install/nav2_waypoint_follower:/home/ros2/ros2_rc/install/nav2_theta_star_planner:/home/ros2/ros2_rc/install/nav2_smac_planner:/home/ros2/ros2_rc/install/nav2_rotation_shim_controller:/home/ros2/ros2_rc/install/nav2_regulated_pure_pursuit_controller:/home/ros2/ros2_rc/install/nav2_planner:/home/ros2/ros2_rc/install/nav2_navfn_planner:/home/ros2/ros2_rc/install/nav2_mppi_controller:/home/ros2/ros2_rc/install/nav2_constrained_smoother:/home/ros2/ros2_rc/install/nav2_bt_navigator:/home/ros2/ros2_rc/install/nav2_behaviors:/home/ros2/ros2_rc/install/nav2_core:/home/ros2/ros2_rc/install/nav2_collision_monitor:/home/ros2/ros2_rc/install/costmap_queue:/home/ros2/ros2_rc/install/nav2_costmap_2d:/home/ros2/ros2_rc/install/nav2_voxel_grid:/home/ros2/ros2_rc/install/nav2_velocity_smoother:/home/ros2/ros2_rc/install/nav2_rviz_plugins:/home/ros2/ros2_rc/install/nav2_map_server:/home/ros2/ros2_rc/install/nav2_lifecycle_manager:/home/ros2/ros2_rc/install/nav2_behavior_tree:/home/ros2/ros2_rc/install/nav2_amcl:/home/ros2/ros2_rc/install/car_gazebo_plugin:/home/ros2/ros2_rc/src/install/smartcar_msgs:/home/ros2/ros2_rc/src/install/smart_car:/home/ros2/ros2_rc/src/install/ros2_rc:/home/ros2/ros2_rc/src/install/nav2_system_tests:/home/ros2/ros2_rc/src/install/nav2_bringup:/home/ros2/ros2_rc/src/install/navigation2:/home/ros2/ros2_rc/src/install/nav2_smoother:/home/ros2/ros2_rc/src/install/nav2_graceful_controller:/home/ros2/ros2_rc/src/install/nav2_dwb_controller:/home/ros2/ros2_rc/src/install/nav2_controller:/home/ros2/ros2_rc/src/install/dwb_plugins:/home/ros2/ros2_rc/src/install/dwb_critics:/home/ros2/ros2_rc/src/install/dwb_core:/home/ros2/ros2_rc/src/install/nav_2d_utils:/home/ros2/ros2_rc/src/install/dwb_msgs:/home/ros2/ros2_rc/src/install/nav_2d_msgs:/home/ros2/ros2_rc/src/install/nav2_waypoint_follower:/home/ros2/ros2_rc/src/install/nav2_theta_star_planner:/home/ros2/ros2_rc/src/install/nav2_smac_planner:/home/ros2/ros2_rc/src/install/nav2_rotation_shim_controller:/home/ros2/ros2_rc/src/install/nav2_regulated_pure_pursuit_controller:/home/ros2/ros2_rc/src/install/nav2_planner:/home/ros2/ros2_rc/src/install/nav2_navfn_planner:/home/ros2/ros2_rc/src/install/nav2_mppi_controller:/home/ros2/ros2_rc/src/install/nav2_constrained_smoother:/home/ros2/ros2_rc/src/install/nav2_bt_navigator:/home/ros2/ros2_rc/src/install/nav2_behaviors:/home/ros2/ros2_rc/src/install/nav2_core:/home/ros2/ros2_rc/src/install/nav2_collision_monitor:/home/ros2/ros2_rc/src/install/costmap_queue:/home/ros2/ros2_rc/src/install/nav2_costmap_2d:/home/ros2/ros2_rc/src/install/nav2_voxel_grid:/home/ros2/ros2_rc/src/install/nav2_velocity_smoother:/home/ros2/ros2_rc/src/install/nav2_rviz_plugins:/home/ros2/ros2_rc/src/install/nav2_map_server:/home/ros2/ros2_rc/src/install/nav2_lifecycle_manager:/home/ros2/ros2_rc/src/install/nav2_behavior_tree:/home/ros2/ros2_rc/src/install/nav2_amcl:/home/ros2/ros2_rc/src/install/nav2_util:/home/ros2/ros2_rc/src/install/nav2_msgs:/home/ros2/ros2_rc/src/install/nav2_common:/home/ros2/ros2_rc/src/install/car_gazebo_plugin:/home/ros2/ros2_rc/install/nav2_simple_commander:/home/ros2/ros2_rc/src/install/nav2_simple_commander:/opt/ros/humble LD_LIBRARY_PATH=/home/ros2/ros2_rc/install/nav2_util/lib:/home/ros2/ros2_rc/install/nav2_msgs/lib:/home/ros2/ros2_rc/install/smartcar_msgs/lib:/home/ros2/ros2_rc/install/nav2_smoother/lib:/home/ros2/ros2_rc/install/nav2_graceful_controller/lib:/home/ros2/ros2_rc/install/nav2_controller/lib:/home/ros2/ros2_rc/install/dwb_plugins/lib:/home/ros2/ros2_rc/install/dwb_critics/lib:/home/ros2/ros2_rc/install/dwb_core/lib:/home/ros2/ros2_rc/install/nav_2d_utils/lib:/home/ros2/ros2_rc/install/dwb_msgs/lib:/home/ros2/ros2_rc/install/nav_2d_msgs/lib:/home/ros2/ros2_rc/install/nav2_waypoint_follower/lib:/home/ros2/ros2_rc/install/nav2_theta_star_planner/lib:/home/ros2/ros2_rc/install/nav2_smac_planner/lib:/home/ros2/ros2_rc/install/nav2_rotation_shim_controller/lib:/home/ros2/ros2_rc/install/nav2_regulated_pure_pursuit_controller/lib:/home/ros2/ros2_rc/install/nav2_planner/lib:/home/ros2/ros2_rc/install/nav2_navfn_planner/lib:/home/ros2/ros2_rc/install/nav2_mppi_controller/lib:/home/ros2/ros2_rc/install/nav2_constrained_smoother/lib:/home/ros2/ros2_rc/install/nav2_bt_navigator/lib:/home/ros2/ros2_rc/install/nav2_behaviors/lib:/home/ros2/ros2_rc/install/nav2_collision_monitor/lib:/home/ros2/ros2_rc/install/costmap_queue/lib:/home/ros2/ros2_rc/install/nav2_costmap_2d/lib:/home/ros2/ros2_rc/install/nav2_voxel_grid/lib:/home/ros2/ros2_rc/install/nav2_velocity_smoother/lib:/home/ros2/ros2_rc/install/nav2_rviz_plugins/lib:/home/ros2/ros2_rc/install/nav2_map_server/lib:/home/ros2/ros2_rc/install/nav2_lifecycle_manager/lib:/home/ros2/ros2_rc/install/nav2_behavior_tree/lib:/home/ros2/ros2_rc/install/nav2_amcl/lib:/home/ros2/ros2_rc/install/car_gazebo_plugin/lib:/home/ros2/ros2_rc/src/install/smartcar_msgs/lib:/home/ros2/ros2_rc/src/install/nav2_smoother/lib:/home/ros2/ros2_rc/src/install/nav2_graceful_controller/lib:/home/ros2/ros2_rc/src/install/nav2_controller/lib:/home/ros2/ros2_rc/src/install/dwb_plugins/lib:/home/ros2/ros2_rc/src/install/dwb_critics/lib:/home/ros2/ros2_rc/src/install/dwb_core/lib:/home/ros2/ros2_rc/src/install/nav_2d_utils/lib:/home/ros2/ros2_rc/src/install/dwb_msgs/lib:/home/ros2/ros2_rc/src/install/nav_2d_msgs/lib:/home/ros2/ros2_rc/src/install/nav2_waypoint_follower/lib:/home/ros2/ros2_rc/src/install/nav2_theta_star_planner/lib:/home/ros2/ros2_rc/src/install/nav2_smac_planner/lib:/home/ros2/ros2_rc/src/install/nav2_rotation_shim_controller/lib:/home/ros2/ros2_rc/src/install/nav2_regulated_pure_pursuit_controller/lib:/home/ros2/ros2_rc/src/install/nav2_planner/lib:/home/ros2/ros2_rc/src/install/nav2_navfn_planner/lib:/home/ros2/ros2_rc/src/install/nav2_mppi_controller/lib:/home/ros2/ros2_rc/src/install/nav2_constrained_smoother/lib:/home/ros2/ros2_rc/src/install/nav2_bt_navigator/lib:/home/ros2/ros2_rc/src/install/nav2_behaviors/lib:/home/ros2/ros2_rc/src/install/nav2_collision_monitor/lib:/home/ros2/ros2_rc/src/install/costmap_queue/lib:/home/ros2/ros2_rc/src/install/nav2_costmap_2d/lib:/home/ros2/ros2_rc/src/install/nav2_voxel_grid/lib:/home/ros2/ros2_rc/src/install/nav2_velocity_smoother/lib:/home/ros2/ros2_rc/src/install/nav2_rviz_plugins/lib:/home/ros2/ros2_rc/src/install/nav2_map_server/lib:/home/ros2/ros2_rc/src/install/nav2_lifecycle_manager/lib:/home/ros2/ros2_rc/src/install/nav2_behavior_tree/lib:/home/ros2/ros2_rc/src/install/nav2_amcl/lib:/home/ros2/ros2_rc/src/install/nav2_util/lib:/home/ros2/ros2_rc/src/install/nav2_msgs/lib:/home/ros2/ros2_rc/src/install/car_gazebo_plugin/lib:/usr/lib/x86_64-linux-gnu/gazebo-11/plugins:/opt/ros/humble/opt/rviz_ogre_vendor/lib:/opt/ros/humble/lib/x86_64-linux-gnu:/opt/ros/humble/lib:/usr/lib/x86_64-linux-gnu/gazebo-11/plugins /usr/bin/cmake --build /home/ros2/ros2_rc/build/nav2_behavior_tree -- -j10 -l10
[5.475s] Invoking command in '/home/ros2/ros2_rc/build/nav2_behavior_tree': CMAKE_PREFIX_PATH=/home/ros2/ros2_rc/install/nav2_util:/home/ros2/ros2_rc/install/nav2_msgs:/home/ros2/ros2_rc/install/nav2_common:/home/ros2/ros2_rc/install/smartcar_msgs:/home/ros2/ros2_rc/install/smart_car:/home/ros2/ros2_rc/install/ros2_rc:/home/ros2/ros2_rc/install/nav2_system_tests:/home/ros2/ros2_rc/install/nav2_bringup:/home/ros2/ros2_rc/install/navigation2:/home/ros2/ros2_rc/install/nav2_smoother:/home/ros2/ros2_rc/install/nav2_graceful_controller:/home/ros2/ros2_rc/install/nav2_dwb_controller:/home/ros2/ros2_rc/install/nav2_controller:/home/ros2/ros2_rc/install/dwb_plugins:/home/ros2/ros2_rc/install/dwb_critics:/home/ros2/ros2_rc/install/dwb_core:/home/ros2/ros2_rc/install/nav_2d_utils:/home/ros2/ros2_rc/install/dwb_msgs:/home/ros2/ros2_rc/install/nav_2d_msgs:/home/ros2/ros2_rc/install/nav2_waypoint_follower:/home/ros2/ros2_rc/install/nav2_theta_star_planner:/home/ros2/ros2_rc/install/nav2_smac_planner:/home/ros2/ros2_rc/install/nav2_rotation_shim_controller:/home/ros2/ros2_rc/install/nav2_regulated_pure_pursuit_controller:/home/ros2/ros2_rc/install/nav2_planner:/home/ros2/ros2_rc/install/nav2_navfn_planner:/home/ros2/ros2_rc/install/nav2_mppi_controller:/home/ros2/ros2_rc/install/nav2_constrained_smoother:/home/ros2/ros2_rc/install/nav2_bt_navigator:/home/ros2/ros2_rc/install/nav2_behaviors:/home/ros2/ros2_rc/install/nav2_core:/home/ros2/ros2_rc/install/nav2_collision_monitor:/home/ros2/ros2_rc/install/costmap_queue:/home/ros2/ros2_rc/install/nav2_costmap_2d:/home/ros2/ros2_rc/install/nav2_voxel_grid:/home/ros2/ros2_rc/install/nav2_velocity_smoother:/home/ros2/ros2_rc/install/nav2_rviz_plugins:/home/ros2/ros2_rc/install/nav2_map_server:/home/ros2/ros2_rc/install/nav2_lifecycle_manager:/home/ros2/ros2_rc/install/nav2_behavior_tree:/home/ros2/ros2_rc/install/nav2_amcl:/home/ros2/ros2_rc/install/car_gazebo_plugin:/home/ros2/ros2_rc/src/install/smartcar_msgs:/home/ros2/ros2_rc/src/install/smart_car:/home/ros2/ros2_rc/src/install/ros2_rc:/home/ros2/ros2_rc/src/install/nav2_system_tests:/home/ros2/ros2_rc/src/install/nav2_bringup:/home/ros2/ros2_rc/src/install/navigation2:/home/ros2/ros2_rc/src/install/nav2_smoother:/home/ros2/ros2_rc/src/install/nav2_graceful_controller:/home/ros2/ros2_rc/src/install/nav2_dwb_controller:/home/ros2/ros2_rc/src/install/nav2_controller:/home/ros2/ros2_rc/src/install/dwb_plugins:/home/ros2/ros2_rc/src/install/dwb_critics:/home/ros2/ros2_rc/src/install/dwb_core:/home/ros2/ros2_rc/src/install/nav_2d_utils:/home/ros2/ros2_rc/src/install/dwb_msgs:/home/ros2/ros2_rc/src/install/nav_2d_msgs:/home/ros2/ros2_rc/src/install/nav2_waypoint_follower:/home/ros2/ros2_rc/src/install/nav2_theta_star_planner:/home/ros2/ros2_rc/src/install/nav2_smac_planner:/home/ros2/ros2_rc/src/install/nav2_rotation_shim_controller:/home/ros2/ros2_rc/src/install/nav2_regulated_pure_pursuit_controller:/home/ros2/ros2_rc/src/install/nav2_planner:/home/ros2/ros2_rc/src/install/nav2_navfn_planner:/home/ros2/ros2_rc/src/install/nav2_mppi_controller:/home/ros2/ros2_rc/src/install/nav2_constrained_smoother:/home/ros2/ros2_rc/src/install/nav2_bt_navigator:/home/ros2/ros2_rc/src/install/nav2_behaviors:/home/ros2/ros2_rc/src/install/nav2_core:/home/ros2/ros2_rc/src/install/nav2_collision_monitor:/home/ros2/ros2_rc/src/install/costmap_queue:/home/ros2/ros2_rc/src/install/nav2_costmap_2d:/home/ros2/ros2_rc/src/install/nav2_voxel_grid:/home/ros2/ros2_rc/src/install/nav2_velocity_smoother:/home/ros2/ros2_rc/src/install/nav2_rviz_plugins:/home/ros2/ros2_rc/src/install/nav2_map_server:/home/ros2/ros2_rc/src/install/nav2_lifecycle_manager:/home/ros2/ros2_rc/src/install/nav2_behavior_tree:/home/ros2/ros2_rc/src/install/nav2_amcl:/home/ros2/ros2_rc/src/install/nav2_util:/home/ros2/ros2_rc/src/install/nav2_msgs:/home/ros2/ros2_rc/src/install/nav2_common:/home/ros2/ros2_rc/src/install/car_gazebo_plugin:/home/ros2/ros2_rc/install/nav2_simple_commander:/home/ros2/ros2_rc/src/install/nav2_simple_commander:/opt/ros/humble LD_LIBRARY_PATH=/home/ros2/ros2_rc/install/nav2_util/lib:/home/ros2/ros2_rc/install/nav2_msgs/lib:/home/ros2/ros2_rc/install/smartcar_msgs/lib:/home/ros2/ros2_rc/install/nav2_smoother/lib:/home/ros2/ros2_rc/install/nav2_graceful_controller/lib:/home/ros2/ros2_rc/install/nav2_controller/lib:/home/ros2/ros2_rc/install/dwb_plugins/lib:/home/ros2/ros2_rc/install/dwb_critics/lib:/home/ros2/ros2_rc/install/dwb_core/lib:/home/ros2/ros2_rc/install/nav_2d_utils/lib:/home/ros2/ros2_rc/install/dwb_msgs/lib:/home/ros2/ros2_rc/install/nav_2d_msgs/lib:/home/ros2/ros2_rc/install/nav2_waypoint_follower/lib:/home/ros2/ros2_rc/install/nav2_theta_star_planner/lib:/home/ros2/ros2_rc/install/nav2_smac_planner/lib:/home/ros2/ros2_rc/install/nav2_rotation_shim_controller/lib:/home/ros2/ros2_rc/install/nav2_regulated_pure_pursuit_controller/lib:/home/ros2/ros2_rc/install/nav2_planner/lib:/home/ros2/ros2_rc/install/nav2_navfn_planner/lib:/home/ros2/ros2_rc/install/nav2_mppi_controller/lib:/home/ros2/ros2_rc/install/nav2_constrained_smoother/lib:/home/ros2/ros2_rc/install/nav2_bt_navigator/lib:/home/ros2/ros2_rc/install/nav2_behaviors/lib:/home/ros2/ros2_rc/install/nav2_collision_monitor/lib:/home/ros2/ros2_rc/install/costmap_queue/lib:/home/ros2/ros2_rc/install/nav2_costmap_2d/lib:/home/ros2/ros2_rc/install/nav2_voxel_grid/lib:/home/ros2/ros2_rc/install/nav2_velocity_smoother/lib:/home/ros2/ros2_rc/install/nav2_rviz_plugins/lib:/home/ros2/ros2_rc/install/nav2_map_server/lib:/home/ros2/ros2_rc/install/nav2_lifecycle_manager/lib:/home/ros2/ros2_rc/install/nav2_behavior_tree/lib:/home/ros2/ros2_rc/install/nav2_amcl/lib:/home/ros2/ros2_rc/install/car_gazebo_plugin/lib:/home/ros2/ros2_rc/src/install/smartcar_msgs/lib:/home/ros2/ros2_rc/src/install/nav2_smoother/lib:/home/ros2/ros2_rc/src/install/nav2_graceful_controller/lib:/home/ros2/ros2_rc/src/install/nav2_controller/lib:/home/ros2/ros2_rc/src/install/dwb_plugins/lib:/home/ros2/ros2_rc/src/install/dwb_critics/lib:/home/ros2/ros2_rc/src/install/dwb_core/lib:/home/ros2/ros2_rc/src/install/nav_2d_utils/lib:/home/ros2/ros2_rc/src/install/dwb_msgs/lib:/home/ros2/ros2_rc/src/install/nav_2d_msgs/lib:/home/ros2/ros2_rc/src/install/nav2_waypoint_follower/lib:/home/ros2/ros2_rc/src/install/nav2_theta_star_planner/lib:/home/ros2/ros2_rc/src/install/nav2_smac_planner/lib:/home/ros2/ros2_rc/src/install/nav2_rotation_shim_controller/lib:/home/ros2/ros2_rc/src/install/nav2_regulated_pure_pursuit_controller/lib:/home/ros2/ros2_rc/src/install/nav2_planner/lib:/home/ros2/ros2_rc/src/install/nav2_navfn_planner/lib:/home/ros2/ros2_rc/src/install/nav2_mppi_controller/lib:/home/ros2/ros2_rc/src/install/nav2_constrained_smoother/lib:/home/ros2/ros2_rc/src/install/nav2_bt_navigator/lib:/home/ros2/ros2_rc/src/install/nav2_behaviors/lib:/home/ros2/ros2_rc/src/install/nav2_collision_monitor/lib:/home/ros2/ros2_rc/src/install/costmap_queue/lib:/home/ros2/ros2_rc/src/install/nav2_costmap_2d/lib:/home/ros2/ros2_rc/src/install/nav2_voxel_grid/lib:/home/ros2/ros2_rc/src/install/nav2_velocity_smoother/lib:/home/ros2/ros2_rc/src/install/nav2_rviz_plugins/lib:/home/ros2/ros2_rc/src/install/nav2_map_server/lib:/home/ros2/ros2_rc/src/install/nav2_lifecycle_manager/lib:/home/ros2/ros2_rc/src/install/nav2_behavior_tree/lib:/home/ros2/ros2_rc/src/install/nav2_amcl/lib:/home/ros2/ros2_rc/src/install/nav2_util/lib:/home/ros2/ros2_rc/src/install/nav2_msgs/lib:/home/ros2/ros2_rc/src/install/car_gazebo_plugin/lib:/usr/lib/x86_64-linux-gnu/gazebo-11/plugins:/opt/ros/humble/opt/rviz_ogre_vendor/lib:/opt/ros/humble/lib/x86_64-linux-gnu:/opt/ros/humble/lib:/usr/lib/x86_64-linux-gnu/gazebo-11/plugins /usr/bin/cmake --install /home/ros2/ros2_rc/build/nav2_behavior_tree
[5.499s] -- Install configuration: "Release"
[5.501s] -- Up-to-date: /home/ros2/ros2_rc/install/nav2_behavior_tree/lib/libnav2_behavior_tree.so
[5.503s] -- Up-to-date: /home/ros2/ros2_rc/install/nav2_behavior_tree/lib/libnav2_compute_path_to_pose_action_bt_node.so
[5.505s] -- Up-to-date: /home/ros2/ros2_rc/install/nav2_behavior_tree/lib/libnav2_compute_path_through_poses_action_bt_node.so
[5.506s] -- Up-to-date: /home/ros2/ros2_rc/install/nav2_behavior_tree/lib/libnav2_controller_cancel_bt_node.so
[5.508s] -- Up-to-date: /home/ros2/ros2_rc/install/nav2_behavior_tree/lib/libnav2_wait_cancel_bt_node.so
[5.511s] -- Up-to-date: /home/ros2/ros2_rc/install/nav2_behavior_tree/lib/libnav2_spin_cancel_bt_node.so
[5.514s] -- Up-to-date: /home/ros2/ros2_rc/install/nav2_behavior_tree/lib/libnav2_back_up_cancel_bt_node.so
[5.515s] -- Up-to-date: /home/ros2/ros2_rc/install/nav2_behavior_tree/lib/libnav2_assisted_teleop_cancel_bt_node.so
[5.518s] -- Up-to-date: /home/ros2/ros2_rc/install/nav2_behavior_tree/lib/libnav2_drive_on_heading_cancel_bt_node.so
[5.520s] -- Up-to-date: /home/ros2/ros2_rc/install/nav2_behavior_tree/lib/libnav2_smooth_path_action_bt_node.so
[5.522s] -- Up-to-date: /home/ros2/ros2_rc/install/nav2_behavior_tree/lib/libnav2_follow_path_action_bt_node.so
[5.527s] -- Up-to-date: /home/ros2/ros2_rc/install/nav2_behavior_tree/lib/libnav2_back_up_action_bt_node.so
[5.527s] -- Up-to-date: /home/ros2/ros2_rc/install/nav2_behavior_tree/lib/libnav2_drive_on_heading_bt_node.so
[5.527s] -- Up-to-date: /home/ros2/ros2_rc/install/nav2_behavior_tree/lib/libnav2_spin_action_bt_node.so
[5.528s] -- Up-to-date: /home/ros2/ros2_rc/install/nav2_behavior_tree/lib/libnav2_wait_action_bt_node.so
[5.530s] -- Up-to-date: /home/ros2/ros2_rc/install/nav2_behavior_tree/lib/libnav2_assisted_teleop_action_bt_node.so
[5.533s] -- Up-to-date: /home/ros2/ros2_rc/install/nav2_behavior_tree/lib/libnav2_clear_costmap_service_bt_node.so
[5.535s] -- Up-to-date: /home/ros2/ros2_rc/install/nav2_behavior_tree/lib/libnav2_is_stuck_condition_bt_node.so
[5.537s] -- Up-to-date: /home/ros2/ros2_rc/install/nav2_behavior_tree/lib/libnav2_transform_available_condition_bt_node.so
[5.539s] -- Up-to-date: /home/ros2/ros2_rc/install/nav2_behavior_tree/lib/libnav2_goal_reached_condition_bt_node.so
[5.540s] -- Up-to-date: /home/ros2/ros2_rc/install/nav2_behavior_tree/lib/libnav2_globally_updated_goal_condition_bt_node.so
[5.543s] -- Up-to-date: /home/ros2/ros2_rc/install/nav2_behavior_tree/lib/libnav2_goal_updated_condition_bt_node.so
[5.544s] -- Up-to-date: /home/ros2/ros2_rc/install/nav2_behavior_tree/lib/libnav2_is_path_valid_condition_bt_node.so
[5.546s] -- Up-to-date: /home/ros2/ros2_rc/install/nav2_behavior_tree/lib/libnav2_time_expired_condition_bt_node.so
[5.549s] -- Up-to-date: /home/ros2/ros2_rc/install/nav2_behavior_tree/lib/libnav2_path_expiring_timer_condition.so
[5.551s] -- Up-to-date: /home/ros2/ros2_rc/install/nav2_behavior_tree/lib/libnav2_distance_traveled_condition_bt_node.so
[5.552s] -- Up-to-date: /home/ros2/ros2_rc/install/nav2_behavior_tree/lib/libnav2_initial_pose_received_condition_bt_node.so
[5.554s] -- Up-to-date: /home/ros2/ros2_rc/install/nav2_behavior_tree/lib/libnav2_is_battery_charging_condition_bt_node.so
[5.556s] -- Up-to-date: /home/ros2/ros2_rc/install/nav2_behavior_tree/lib/libnav2_is_battery_low_condition_bt_node.so
[5.558s] -- Up-to-date: /home/ros2/ros2_rc/install/nav2_behavior_tree/lib/libnav2_reinitialize_global_localization_service_bt_node.so
[5.560s] -- Up-to-date: /home/ros2/ros2_rc/install/nav2_behavior_tree/lib/libnav2_rate_controller_bt_node.so
[5.561s] -- Up-to-date: /home/ros2/ros2_rc/install/nav2_behavior_tree/lib/libnav2_distance_controller_bt_node.so
[5.563s] -- Up-to-date: /home/ros2/ros2_rc/install/nav2_behavior_tree/lib/libnav2_speed_controller_bt_node.so
[5.568s] -- Up-to-date: /home/ros2/ros2_rc/install/nav2_behavior_tree/lib/libnav2_truncate_path_action_bt_node.so
[5.571s] -- Up-to-date: /home/ros2/ros2_rc/install/nav2_behavior_tree/lib/libnav2_truncate_path_local_action_bt_node.so
[5.573s] -- Up-to-date: /home/ros2/ros2_rc/install/nav2_behavior_tree/lib/libnav2_goal_updater_node_bt_node.so
[5.575s] -- Up-to-date: /home/ros2/ros2_rc/install/nav2_behavior_tree/lib/libnav2_path_longer_on_approach_bt_node.so
[5.577s] -- Up-to-date: /home/ros2/ros2_rc/install/nav2_behavior_tree/lib/libnav2_recovery_node_bt_node.so
[5.579s] -- Up-to-date: /home/ros2/ros2_rc/install/nav2_behavior_tree/lib/libnav2_navigate_to_pose_action_bt_node.so
[5.581s] -- Up-to-date: /home/ros2/ros2_rc/install/nav2_behavior_tree/lib/libnav2_navigate_through_poses_action_bt_node.so
[5.583s] -- Up-to-date: /home/ros2/ros2_rc/install/nav2_behavior_tree/lib/libnav2_remove_passed_goals_action_bt_node.so
[5.585s] -- Up-to-date: /home/ros2/ros2_rc/install/nav2_behavior_tree/lib/libnav2_get_pose_from_path_action_bt_node.so
[5.587s] -- Up-to-date: /home/ros2/ros2_rc/install/nav2_behavior_tree/lib/libnav2_pipeline_sequence_bt_node.so
[5.589s] -- Up-to-date: /home/ros2/ros2_rc/install/nav2_behavior_tree/lib/libnav2_round_robin_node_bt_node.so
[5.591s] -- Up-to-date: /home/ros2/ros2_rc/install/nav2_behavior_tree/lib/libnav2_single_trigger_bt_node.so
[5.593s] -- Up-to-date: /home/ros2/ros2_rc/install/nav2_behavior_tree/lib/libnav2_planner_selector_bt_node.so
[5.595s] -- Up-to-date: /home/ros2/ros2_rc/install/nav2_behavior_tree/lib/libnav2_controller_selector_bt_node.so
[5.597s] -- Up-to-date: /home/ros2/ros2_rc/install/nav2_behavior_tree/lib/libnav2_smoother_selector_bt_node.so
[5.599s] -- Up-to-date: /home/ros2/ros2_rc/install/nav2_behavior_tree/lib/libnav2_goal_checker_selector_bt_node.so
[5.601s] -- Up-to-date: /home/ros2/ros2_rc/install/nav2_behavior_tree/lib/libnav2_progress_checker_selector_bt_node.so
[5.603s] -- Up-to-date: /home/ros2/ros2_rc/install/nav2_behavior_tree/lib/libnav2_goal_updated_controller_bt_node.so
[5.603s] -- Up-to-date: /home/ros2/ros2_rc/install/nav2_behavior_tree/include/
[5.604s] -- Up-to-date: /home/ros2/ros2_rc/install/nav2_behavior_tree/include//nav2_behavior_tree
[5.604s] -- Up-to-date: /home/ros2/ros2_rc/install/nav2_behavior_tree/include//nav2_behavior_tree/ros_topic_logger.hpp
[5.604s] -- Up-to-date: /home/ros2/ros2_rc/install/nav2_behavior_tree/include//nav2_behavior_tree/bt_action_node.hpp
[5.604s] -- Up-to-date: /home/ros2/ros2_rc/install/nav2_behavior_tree/include//nav2_behavior_tree/bt_service_node.hpp
[5.605s] -- Up-to-date: /home/ros2/ros2_rc/install/nav2_behavior_tree/include//nav2_behavior_tree/bt_action_server_impl.hpp
[5.605s] -- Up-to-date: /home/ros2/ros2_rc/install/nav2_behavior_tree/include//nav2_behavior_tree/bt_conversions.hpp
[5.605s] -- Up-to-date: /home/ros2/ros2_rc/install/nav2_behavior_tree/include//nav2_behavior_tree/bt_action_server.hpp
[5.605s] -- Up-to-date: /home/ros2/ros2_rc/install/nav2_behavior_tree/include//nav2_behavior_tree/plugins
[5.606s] -- Up-to-date: /home/ros2/ros2_rc/install/nav2_behavior_tree/include//nav2_behavior_tree/plugins/control
[5.606s] -- Up-to-date: /home/ros2/ros2_rc/install/nav2_behavior_tree/include//nav2_behavior_tree/plugins/control/recovery_node.hpp
[5.606s] -- Up-to-date: /home/ros2/ros2_rc/install/nav2_behavior_tree/include//nav2_behavior_tree/plugins/control/round_robin_node.hpp
[5.606s] -- Up-to-date: /home/ros2/ros2_rc/install/nav2_behavior_tree/include//nav2_behavior_tree/plugins/control/pipeline_sequence.hpp
[5.606s] -- Up-to-date: /home/ros2/ros2_rc/install/nav2_behavior_tree/include//nav2_behavior_tree/plugins/decorator
[5.606s] -- Up-to-date: /home/ros2/ros2_rc/install/nav2_behavior_tree/include//nav2_behavior_tree/plugins/decorator/goal_updated_controller.hpp
[5.606s] -- Up-to-date: /home/ros2/ros2_rc/install/nav2_behavior_tree/include//nav2_behavior_tree/plugins/decorator/rate_controller.hpp
[5.606s] -- Up-to-date: /home/ros2/ros2_rc/install/nav2_behavior_tree/include//nav2_behavior_tree/plugins/decorator/distance_controller.hpp
[5.606s] -- Up-to-date: /home/ros2/ros2_rc/install/nav2_behavior_tree/include//nav2_behavior_tree/plugins/decorator/single_trigger_node.hpp
[5.606s] -- Up-to-date: /home/ros2/ros2_rc/install/nav2_behavior_tree/include//nav2_behavior_tree/plugins/decorator/path_longer_on_approach.hpp
[5.607s] -- Up-to-date: /home/ros2/ros2_rc/install/nav2_behavior_tree/include//nav2_behavior_tree/plugins/decorator/speed_controller.hpp
[5.607s] -- Up-to-date: /home/ros2/ros2_rc/install/nav2_behavior_tree/include//nav2_behavior_tree/plugins/decorator/goal_updater_node.hpp
[5.607s] -- Up-to-date: /home/ros2/ros2_rc/install/nav2_behavior_tree/include//nav2_behavior_tree/plugins/condition
[5.607s] -- Up-to-date: /home/ros2/ros2_rc/install/nav2_behavior_tree/include//nav2_behavior_tree/plugins/condition/initial_pose_received_condition.hpp
[5.608s] -- Up-to-date: /home/ros2/ros2_rc/install/nav2_behavior_tree/include//nav2_behavior_tree/plugins/condition/globally_updated_goal_condition.hpp
[5.608s] -- Up-to-date: /home/ros2/ros2_rc/install/nav2_behavior_tree/include//nav2_behavior_tree/plugins/condition/is_battery_charging_condition.hpp
[5.608s] -- Up-to-date: /home/ros2/ros2_rc/install/nav2_behavior_tree/include//nav2_behavior_tree/plugins/condition/is_path_valid_condition.hpp
[5.609s] -- Up-to-date: /home/ros2/ros2_rc/install/nav2_behavior_tree/include//nav2_behavior_tree/plugins/condition/path_expiring_timer_condition.hpp
[5.609s] -- Up-to-date: /home/ros2/ros2_rc/install/nav2_behavior_tree/include//nav2_behavior_tree/plugins/condition/goal_reached_condition.hpp
[5.609s] -- Up-to-date: /home/ros2/ros2_rc/install/nav2_behavior_tree/include//nav2_behavior_tree/plugins/condition/distance_traveled_condition.hpp
[5.610s] -- Up-to-date: /home/ros2/ros2_rc/install/nav2_behavior_tree/include//nav2_behavior_tree/plugins/condition/time_expired_condition.hpp
[5.610s] -- Up-to-date: /home/ros2/ros2_rc/install/nav2_behavior_tree/include//nav2_behavior_tree/plugins/condition/is_battery_low_condition.hpp
[5.610s] -- Up-to-date: /home/ros2/ros2_rc/install/nav2_behavior_tree/include//nav2_behavior_tree/plugins/condition/goal_updated_condition.hpp
[5.610s] -- Up-to-date: /home/ros2/ros2_rc/install/nav2_behavior_tree/include//nav2_behavior_tree/plugins/condition/is_stuck_condition.hpp
[5.611s] -- Up-to-date: /home/ros2/ros2_rc/install/nav2_behavior_tree/include//nav2_behavior_tree/plugins/condition/transform_available_condition.hpp
[5.611s] -- Up-to-date: /home/ros2/ros2_rc/install/nav2_behavior_tree/include//nav2_behavior_tree/plugins/action
[5.611s] -- Up-to-date: /home/ros2/ros2_rc/install/nav2_behavior_tree/include//nav2_behavior_tree/plugins/action/remove_passed_goals_action.hpp
[5.611s] -- Up-to-date: /home/ros2/ros2_rc/install/nav2_behavior_tree/include//nav2_behavior_tree/plugins/action/drive_on_heading_action.hpp
[5.611s] -- Up-to-date: /home/ros2/ros2_rc/install/nav2_behavior_tree/include//nav2_behavior_tree/plugins/action/reinitialize_global_localization_service.hpp
[5.611s] -- Up-to-date: /home/ros2/ros2_rc/install/nav2_behavior_tree/include//nav2_behavior_tree/plugins/action/smoother_selector_node.hpp
[5.611s] -- Up-to-date: /home/ros2/ros2_rc/install/nav2_behavior_tree/include//nav2_behavior_tree/plugins/action/truncate_path_local_action.hpp
[5.611s] -- Up-to-date: /home/ros2/ros2_rc/install/nav2_behavior_tree/include//nav2_behavior_tree/plugins/action/drive_on_heading_cancel_node.hpp
[5.611s] -- Up-to-date: /home/ros2/ros2_rc/install/nav2_behavior_tree/include//nav2_behavior_tree/plugins/action/planner_selector_node.hpp
[5.611s] -- Up-to-date: /home/ros2/ros2_rc/install/nav2_behavior_tree/include//nav2_behavior_tree/plugins/action/controller_cancel_node.hpp
[5.611s] -- Up-to-date: /home/ros2/ros2_rc/install/nav2_behavior_tree/include//nav2_behavior_tree/plugins/action/wait_cancel_node.hpp
[5.611s] -- Up-to-date: /home/ros2/ros2_rc/install/nav2_behavior_tree/include//nav2_behavior_tree/plugins/action/assisted_teleop_cancel_node.hpp
[5.612s] -- Up-to-date: /home/ros2/ros2_rc/install/nav2_behavior_tree/include//nav2_behavior_tree/plugins/action/follow_path_action.hpp
[5.612s] -- Up-to-date: /home/ros2/ros2_rc/install/nav2_behavior_tree/include//nav2_behavior_tree/plugins/action/goal_checker_selector_node.hpp
[5.612s] -- Up-to-date: /home/ros2/ros2_rc/install/nav2_behavior_tree/include//nav2_behavior_tree/plugins/action/spin_action.hpp
[5.612s] -- Up-to-date: /home/ros2/ros2_rc/install/nav2_behavior_tree/include//nav2_behavior_tree/plugins/action/compute_path_to_pose_action.hpp
[5.612s] -- Up-to-date: /home/ros2/ros2_rc/install/nav2_behavior_tree/include//nav2_behavior_tree/plugins/action/smooth_path_action.hpp
[5.612s] -- Up-to-date: /home/ros2/ros2_rc/install/nav2_behavior_tree/include//nav2_behavior_tree/plugins/action/navigate_to_pose_action.hpp
[5.613s] -- Up-to-date: /home/ros2/ros2_rc/install/nav2_behavior_tree/include//nav2_behavior_tree/plugins/action/get_pose_from_path_action.hpp
[5.613s] -- Up-to-date: /home/ros2/ros2_rc/install/nav2_behavior_tree/include//nav2_behavior_tree/plugins/action/truncate_path_action.hpp
[5.613s] -- Up-to-date: /home/ros2/ros2_rc/install/nav2_behavior_tree/include//nav2_behavior_tree/plugins/action/controller_selector_node.hpp
[5.613s] -- Up-to-date: /home/ros2/ros2_rc/install/nav2_behavior_tree/include//nav2_behavior_tree/plugins/action/back_up_cancel_node.hpp
[5.613s] -- Up-to-date: /home/ros2/ros2_rc/install/nav2_behavior_tree/include//nav2_behavior_tree/plugins/action/compute_path_through_poses_action.hpp
[5.613s] -- Up-to-date: /home/ros2/ros2_rc/install/nav2_behavior_tree/include//nav2_behavior_tree/plugins/action/navigate_through_poses_action.hpp
[5.613s] -- Up-to-date: /home/ros2/ros2_rc/install/nav2_behavior_tree/include//nav2_behavior_tree/plugins/action/spin_cancel_node.hpp
[5.613s] -- Up-to-date: /home/ros2/ros2_rc/install/nav2_behavior_tree/include//nav2_behavior_tree/plugins/action/wait_action.hpp
[5.613s] -- Up-to-date: /home/ros2/ros2_rc/install/nav2_behavior_tree/include//nav2_behavior_tree/plugins/action/back_up_action.hpp
[5.613s] -- Up-to-date: /home/ros2/ros2_rc/install/nav2_behavior_tree/include//nav2_behavior_tree/plugins/action/progress_checker_selector_node.hpp
[5.613s] -- Up-to-date: /home/ros2/ros2_rc/install/nav2_behavior_tree/include//nav2_behavior_tree/plugins/action/clear_costmap_service.hpp
[5.613s] -- Up-to-date: /home/ros2/ros2_rc/install/nav2_behavior_tree/include//nav2_behavior_tree/plugins/action/assisted_teleop_action.hpp
[5.614s] -- Up-to-date: /home/ros2/ros2_rc/install/nav2_behavior_tree/include//nav2_behavior_tree/bt_cancel_action_node.hpp
[5.614s] -- Up-to-date: /home/ros2/ros2_rc/install/nav2_behavior_tree/include//nav2_behavior_tree/behavior_tree_engine.hpp
[5.614s] -- Up-to-date: /home/ros2/ros2_rc/install/nav2_behavior_tree/share/nav2_behavior_tree/nav2_tree_nodes.xml
[5.614s] -- Up-to-date: /home/ros2/ros2_rc/install/nav2_behavior_tree/share/nav2_behavior_tree/environment/library_path.sh
[5.614s] -- Up-to-date: /home/ros2/ros2_rc/install/nav2_behavior_tree/share/nav2_behavior_tree/environment/library_path.dsv
[5.614s] -- Up-to-date: /home/ros2/ros2_rc/install/nav2_behavior_tree/share/ament_index/resource_index/package_run_dependencies/nav2_behavior_tree
[5.614s] -- Up-to-date: /home/ros2/ros2_rc/install/nav2_behavior_tree/share/ament_index/resource_index/parent_prefix_path/nav2_behavior_tree
[5.614s] -- Up-to-date: /home/ros2/ros2_rc/install/nav2_behavior_tree/share/nav2_behavior_tree/environment/ament_prefix_path.sh
[5.615s] -- Up-to-date: /home/ros2/ros2_rc/install/nav2_behavior_tree/share/nav2_behavior_tree/environment/ament_prefix_path.dsv
[5.615s] -- Up-to-date: /home/ros2/ros2_rc/install/nav2_behavior_tree/share/nav2_behavior_tree/environment/path.sh
[5.615s] -- Up-to-date: /home/ros2/ros2_rc/install/nav2_behavior_tree/share/nav2_behavior_tree/environment/path.dsv
[5.615s] -- Up-to-date: /home/ros2/ros2_rc/install/nav2_behavior_tree/share/nav2_behavior_tree/local_setup.bash
[5.615s] -- Up-to-date: /home/ros2/ros2_rc/install/nav2_behavior_tree/share/nav2_behavior_tree/local_setup.sh
[5.615s] -- Up-to-date: /home/ros2/ros2_rc/install/nav2_behavior_tree/share/nav2_behavior_tree/local_setup.zsh
[5.615s] -- Up-to-date: /home/ros2/ros2_rc/install/nav2_behavior_tree/share/nav2_behavior_tree/local_setup.dsv
[5.615s] -- Installing: /home/ros2/ros2_rc/install/nav2_behavior_tree/share/nav2_behavior_tree/package.dsv
[5.616s] -- Up-to-date: /home/ros2/ros2_rc/install/nav2_behavior_tree/share/ament_index/resource_index/packages/nav2_behavior_tree
[5.616s] -- Up-to-date: /home/ros2/ros2_rc/install/nav2_behavior_tree/share/nav2_behavior_tree/cmake/ament_cmake_export_include_directories-extras.cmake
[5.616s] -- Up-to-date: /home/ros2/ros2_rc/install/nav2_behavior_tree/share/nav2_behavior_tree/cmake/ament_cmake_export_libraries-extras.cmake
[5.616s] -- Up-to-date: /home/ros2/ros2_rc/install/nav2_behavior_tree/share/nav2_behavior_tree/cmake/ament_cmake_export_dependencies-extras.cmake
[5.616s] -- Up-to-date: /home/ros2/ros2_rc/install/nav2_behavior_tree/share/nav2_behavior_tree/cmake/nav2_behavior_treeConfig.cmake
[5.616s] -- Up-to-date: /home/ros2/ros2_rc/install/nav2_behavior_tree/share/nav2_behavior_tree/cmake/nav2_behavior_treeConfig-version.cmake
[5.616s] -- Up-to-date: /home/ros2/ros2_rc/install/nav2_behavior_tree/share/nav2_behavior_tree/package.xml
[5.620s] Invoked command in '/home/ros2/ros2_rc/build/nav2_behavior_tree' returned '0': CMAKE_PREFIX_PATH=/home/ros2/ros2_rc/install/nav2_util:/home/ros2/ros2_rc/install/nav2_msgs:/home/ros2/ros2_rc/install/nav2_common:/home/ros2/ros2_rc/install/smartcar_msgs:/home/ros2/ros2_rc/install/smart_car:/home/ros2/ros2_rc/install/ros2_rc:/home/ros2/ros2_rc/install/nav2_system_tests:/home/ros2/ros2_rc/install/nav2_bringup:/home/ros2/ros2_rc/install/navigation2:/home/ros2/ros2_rc/install/nav2_smoother:/home/ros2/ros2_rc/install/nav2_graceful_controller:/home/ros2/ros2_rc/install/nav2_dwb_controller:/home/ros2/ros2_rc/install/nav2_controller:/home/ros2/ros2_rc/install/dwb_plugins:/home/ros2/ros2_rc/install/dwb_critics:/home/ros2/ros2_rc/install/dwb_core:/home/ros2/ros2_rc/install/nav_2d_utils:/home/ros2/ros2_rc/install/dwb_msgs:/home/ros2/ros2_rc/install/nav_2d_msgs:/home/ros2/ros2_rc/install/nav2_waypoint_follower:/home/ros2/ros2_rc/install/nav2_theta_star_planner:/home/ros2/ros2_rc/install/nav2_smac_planner:/home/ros2/ros2_rc/install/nav2_rotation_shim_controller:/home/ros2/ros2_rc/install/nav2_regulated_pure_pursuit_controller:/home/ros2/ros2_rc/install/nav2_planner:/home/ros2/ros2_rc/install/nav2_navfn_planner:/home/ros2/ros2_rc/install/nav2_mppi_controller:/home/ros2/ros2_rc/install/nav2_constrained_smoother:/home/ros2/ros2_rc/install/nav2_bt_navigator:/home/ros2/ros2_rc/install/nav2_behaviors:/home/ros2/ros2_rc/install/nav2_core:/home/ros2/ros2_rc/install/nav2_collision_monitor:/home/ros2/ros2_rc/install/costmap_queue:/home/ros2/ros2_rc/install/nav2_costmap_2d:/home/ros2/ros2_rc/install/nav2_voxel_grid:/home/ros2/ros2_rc/install/nav2_velocity_smoother:/home/ros2/ros2_rc/install/nav2_rviz_plugins:/home/ros2/ros2_rc/install/nav2_map_server:/home/ros2/ros2_rc/install/nav2_lifecycle_manager:/home/ros2/ros2_rc/install/nav2_behavior_tree:/home/ros2/ros2_rc/install/nav2_amcl:/home/ros2/ros2_rc/install/car_gazebo_plugin:/home/ros2/ros2_rc/src/install/smartcar_msgs:/home/ros2/ros2_rc/src/install/smart_car:/home/ros2/ros2_rc/src/install/ros2_rc:/home/ros2/ros2_rc/src/install/nav2_system_tests:/home/ros2/ros2_rc/src/install/nav2_bringup:/home/ros2/ros2_rc/src/install/navigation2:/home/ros2/ros2_rc/src/install/nav2_smoother:/home/ros2/ros2_rc/src/install/nav2_graceful_controller:/home/ros2/ros2_rc/src/install/nav2_dwb_controller:/home/ros2/ros2_rc/src/install/nav2_controller:/home/ros2/ros2_rc/src/install/dwb_plugins:/home/ros2/ros2_rc/src/install/dwb_critics:/home/ros2/ros2_rc/src/install/dwb_core:/home/ros2/ros2_rc/src/install/nav_2d_utils:/home/ros2/ros2_rc/src/install/dwb_msgs:/home/ros2/ros2_rc/src/install/nav_2d_msgs:/home/ros2/ros2_rc/src/install/nav2_waypoint_follower:/home/ros2/ros2_rc/src/install/nav2_theta_star_planner:/home/ros2/ros2_rc/src/install/nav2_smac_planner:/home/ros2/ros2_rc/src/install/nav2_rotation_shim_controller:/home/ros2/ros2_rc/src/install/nav2_regulated_pure_pursuit_controller:/home/ros2/ros2_rc/src/install/nav2_planner:/home/ros2/ros2_rc/src/install/nav2_navfn_planner:/home/ros2/ros2_rc/src/install/nav2_mppi_controller:/home/ros2/ros2_rc/src/install/nav2_constrained_smoother:/home/ros2/ros2_rc/src/install/nav2_bt_navigator:/home/ros2/ros2_rc/src/install/nav2_behaviors:/home/ros2/ros2_rc/src/install/nav2_core:/home/ros2/ros2_rc/src/install/nav2_collision_monitor:/home/ros2/ros2_rc/src/install/costmap_queue:/home/ros2/ros2_rc/src/install/nav2_costmap_2d:/home/ros2/ros2_rc/src/install/nav2_voxel_grid:/home/ros2/ros2_rc/src/install/nav2_velocity_smoother:/home/ros2/ros2_rc/src/install/nav2_rviz_plugins:/home/ros2/ros2_rc/src/install/nav2_map_server:/home/ros2/ros2_rc/src/install/nav2_lifecycle_manager:/home/ros2/ros2_rc/src/install/nav2_behavior_tree:/home/ros2/ros2_rc/src/install/nav2_amcl:/home/ros2/ros2_rc/src/install/nav2_util:/home/ros2/ros2_rc/src/install/nav2_msgs:/home/ros2/ros2_rc/src/install/nav2_common:/home/ros2/ros2_rc/src/install/car_gazebo_plugin:/home/ros2/ros2_rc/install/nav2_simple_commander:/home/ros2/ros2_rc/src/install/nav2_simple_commander:/opt/ros/humble LD_LIBRARY_PATH=/home/ros2/ros2_rc/install/nav2_util/lib:/home/ros2/ros2_rc/install/nav2_msgs/lib:/home/ros2/ros2_rc/install/smartcar_msgs/lib:/home/ros2/ros2_rc/install/nav2_smoother/lib:/home/ros2/ros2_rc/install/nav2_graceful_controller/lib:/home/ros2/ros2_rc/install/nav2_controller/lib:/home/ros2/ros2_rc/install/dwb_plugins/lib:/home/ros2/ros2_rc/install/dwb_critics/lib:/home/ros2/ros2_rc/install/dwb_core/lib:/home/ros2/ros2_rc/install/nav_2d_utils/lib:/home/ros2/ros2_rc/install/dwb_msgs/lib:/home/ros2/ros2_rc/install/nav_2d_msgs/lib:/home/ros2/ros2_rc/install/nav2_waypoint_follower/lib:/home/ros2/ros2_rc/install/nav2_theta_star_planner/lib:/home/ros2/ros2_rc/install/nav2_smac_planner/lib:/home/ros2/ros2_rc/install/nav2_rotation_shim_controller/lib:/home/ros2/ros2_rc/install/nav2_regulated_pure_pursuit_controller/lib:/home/ros2/ros2_rc/install/nav2_planner/lib:/home/ros2/ros2_rc/install/nav2_navfn_planner/lib:/home/ros2/ros2_rc/install/nav2_mppi_controller/lib:/home/ros2/ros2_rc/install/nav2_constrained_smoother/lib:/home/ros2/ros2_rc/install/nav2_bt_navigator/lib:/home/ros2/ros2_rc/install/nav2_behaviors/lib:/home/ros2/ros2_rc/install/nav2_collision_monitor/lib:/home/ros2/ros2_rc/install/costmap_queue/lib:/home/ros2/ros2_rc/install/nav2_costmap_2d/lib:/home/ros2/ros2_rc/install/nav2_voxel_grid/lib:/home/ros2/ros2_rc/install/nav2_velocity_smoother/lib:/home/ros2/ros2_rc/install/nav2_rviz_plugins/lib:/home/ros2/ros2_rc/install/nav2_map_server/lib:/home/ros2/ros2_rc/install/nav2_lifecycle_manager/lib:/home/ros2/ros2_rc/install/nav2_behavior_tree/lib:/home/ros2/ros2_rc/install/nav2_amcl/lib:/home/ros2/ros2_rc/install/car_gazebo_plugin/lib:/home/ros2/ros2_rc/src/install/smartcar_msgs/lib:/home/ros2/ros2_rc/src/install/nav2_smoother/lib:/home/ros2/ros2_rc/src/install/nav2_graceful_controller/lib:/home/ros2/ros2_rc/src/install/nav2_controller/lib:/home/ros2/ros2_rc/src/install/dwb_plugins/lib:/home/ros2/ros2_rc/src/install/dwb_critics/lib:/home/ros2/ros2_rc/src/install/dwb_core/lib:/home/ros2/ros2_rc/src/install/nav_2d_utils/lib:/home/ros2/ros2_rc/src/install/dwb_msgs/lib:/home/ros2/ros2_rc/src/install/nav_2d_msgs/lib:/home/ros2/ros2_rc/src/install/nav2_waypoint_follower/lib:/home/ros2/ros2_rc/src/install/nav2_theta_star_planner/lib:/home/ros2/ros2_rc/src/install/nav2_smac_planner/lib:/home/ros2/ros2_rc/src/install/nav2_rotation_shim_controller/lib:/home/ros2/ros2_rc/src/install/nav2_regulated_pure_pursuit_controller/lib:/home/ros2/ros2_rc/src/install/nav2_planner/lib:/home/ros2/ros2_rc/src/install/nav2_navfn_planner/lib:/home/ros2/ros2_rc/src/install/nav2_mppi_controller/lib:/home/ros2/ros2_rc/src/install/nav2_constrained_smoother/lib:/home/ros2/ros2_rc/src/install/nav2_bt_navigator/lib:/home/ros2/ros2_rc/src/install/nav2_behaviors/lib:/home/ros2/ros2_rc/src/install/nav2_collision_monitor/lib:/home/ros2/ros2_rc/src/install/costmap_queue/lib:/home/ros2/ros2_rc/src/install/nav2_costmap_2d/lib:/home/ros2/ros2_rc/src/install/nav2_voxel_grid/lib:/home/ros2/ros2_rc/src/install/nav2_velocity_smoother/lib:/home/ros2/ros2_rc/src/install/nav2_rviz_plugins/lib:/home/ros2/ros2_rc/src/install/nav2_map_server/lib:/home/ros2/ros2_rc/src/install/nav2_lifecycle_manager/lib:/home/ros2/ros2_rc/src/install/nav2_behavior_tree/lib:/home/ros2/ros2_rc/src/install/nav2_amcl/lib:/home/ros2/ros2_rc/src/install/nav2_util/lib:/home/ros2/ros2_rc/src/install/nav2_msgs/lib:/home/ros2/ros2_rc/src/install/car_gazebo_plugin/lib:/usr/lib/x86_64-linux-gnu/gazebo-11/plugins:/opt/ros/humble/opt/rviz_ogre_vendor/lib:/opt/ros/humble/lib/x86_64-linux-gnu:/opt/ros/humble/lib:/usr/lib/x86_64-linux-gnu/gazebo-11/plugins /usr/bin/cmake --install /home/ros2/ros2_rc/build/nav2_behavior_tree
