[0.139s] Invoking command in '/home/ros2/ros2_rc/src/build/nav2_behavior_tree': CMAKE_PREFIX_PATH=/home/ros2/ros2_rc/src/install/nav2_util:/home/ros2/ros2_rc/src/install/nav2_msgs:/home/ros2/ros2_rc/src/install/nav2_common:/home/ros2/ros2_rc/src/install/smartcar_msgs:/home/ros2/ros2_rc/src/install/smart_car:/home/ros2/ros2_rc/src/install/ros2_rc:/home/ros2/ros2_rc/src/install/nav2_system_tests:/home/ros2/ros2_rc/src/install/nav2_bringup:/home/ros2/ros2_rc/src/install/navigation2:/home/ros2/ros2_rc/src/install/nav2_smoother:/home/ros2/ros2_rc/src/install/nav2_graceful_controller:/home/ros2/ros2_rc/src/install/nav2_dwb_controller:/home/ros2/ros2_rc/src/install/nav2_controller:/home/ros2/ros2_rc/src/install/dwb_plugins:/home/ros2/ros2_rc/src/install/dwb_critics:/home/ros2/ros2_rc/src/install/dwb_core:/home/ros2/ros2_rc/src/install/nav_2d_utils:/home/ros2/ros2_rc/src/install/dwb_msgs:/home/ros2/ros2_rc/src/install/nav_2d_msgs:/home/ros2/ros2_rc/src/install/nav2_waypoint_follower:/home/ros2/ros2_rc/src/install/nav2_theta_star_planner:/home/ros2/ros2_rc/src/install/nav2_smac_planner:/home/ros2/ros2_rc/src/install/nav2_rotation_shim_controller:/home/ros2/ros2_rc/src/install/nav2_regulated_pure_pursuit_controller:/home/ros2/ros2_rc/src/install/nav2_planner:/home/ros2/ros2_rc/src/install/nav2_navfn_planner:/home/ros2/ros2_rc/src/install/nav2_mppi_controller:/home/ros2/ros2_rc/src/install/nav2_constrained_smoother:/home/ros2/ros2_rc/src/install/nav2_bt_navigator:/home/ros2/ros2_rc/src/install/nav2_behaviors:/home/ros2/ros2_rc/src/install/nav2_core:/home/ros2/ros2_rc/src/install/nav2_collision_monitor:/home/ros2/ros2_rc/src/install/costmap_queue:/home/ros2/ros2_rc/src/install/nav2_costmap_2d:/home/ros2/ros2_rc/src/install/nav2_voxel_grid:/home/ros2/ros2_rc/src/install/nav2_velocity_smoother:/home/ros2/ros2_rc/src/install/nav2_rviz_plugins:/home/ros2/ros2_rc/src/install/nav2_map_server:/home/ros2/ros2_rc/src/install/nav2_lifecycle_manager:/home/ros2/ros2_rc/src/install/nav2_behavior_tree:/home/ros2/ros2_rc/src/install/nav2_amcl:/home/ros2/ros2_rc/src/install/car_gazebo_plugin:/home/ros2/ros2_rc/install/smartcar_msgs:/home/ros2/ros2_rc/install/smart_car:/home/ros2/ros2_rc/install/ros2_rc:/home/ros2/ros2_rc/install/nav2_system_tests:/home/ros2/ros2_rc/install/nav2_bringup:/home/ros2/ros2_rc/install/navigation2:/home/ros2/ros2_rc/install/nav2_smoother:/home/ros2/ros2_rc/install/nav2_graceful_controller:/home/ros2/ros2_rc/install/nav2_dwb_controller:/home/ros2/ros2_rc/install/nav2_controller:/home/ros2/ros2_rc/install/dwb_plugins:/home/ros2/ros2_rc/install/dwb_critics:/home/ros2/ros2_rc/install/dwb_core:/home/ros2/ros2_rc/install/nav_2d_utils:/home/ros2/ros2_rc/install/dwb_msgs:/home/ros2/ros2_rc/install/nav_2d_msgs:/home/ros2/ros2_rc/install/nav2_waypoint_follower:/home/ros2/ros2_rc/install/nav2_theta_star_planner:/home/ros2/ros2_rc/install/nav2_smac_planner:/home/ros2/ros2_rc/install/nav2_rotation_shim_controller:/home/ros2/ros2_rc/install/nav2_regulated_pure_pursuit_controller:/home/ros2/ros2_rc/install/nav2_planner:/home/ros2/ros2_rc/install/nav2_navfn_planner:/home/ros2/ros2_rc/install/nav2_mppi_controller:/home/ros2/ros2_rc/install/nav2_constrained_smoother:/home/ros2/ros2_rc/install/nav2_bt_navigator:/home/ros2/ros2_rc/install/nav2_behaviors:/home/ros2/ros2_rc/install/nav2_core:/home/ros2/ros2_rc/install/nav2_collision_monitor:/home/ros2/ros2_rc/install/costmap_queue:/home/ros2/ros2_rc/install/nav2_costmap_2d:/home/ros2/ros2_rc/install/nav2_voxel_grid:/home/ros2/ros2_rc/install/nav2_velocity_smoother:/home/ros2/ros2_rc/install/nav2_rviz_plugins:/home/ros2/ros2_rc/install/nav2_map_server:/home/ros2/ros2_rc/install/nav2_lifecycle_manager:/home/ros2/ros2_rc/install/nav2_behavior_tree:/home/ros2/ros2_rc/install/nav2_amcl:/home/ros2/ros2_rc/install/nav2_util:/home/ros2/ros2_rc/install/nav2_msgs:/home/ros2/ros2_rc/install/nav2_common:/home/ros2/ros2_rc/install/car_gazebo_plugin:/home/ros2/ros2_rc/src/install/nav2_simple_commander:/home/ros2/ros2_rc/install/nav2_simple_commander:/opt/ros/humble LD_LIBRARY_PATH=/home/ros2/ros2_rc/src/install/nav2_util/lib:/home/ros2/ros2_rc/src/install/nav2_msgs/lib:/home/ros2/ros2_rc/src/install/smartcar_msgs/lib:/home/ros2/ros2_rc/src/install/nav2_smoother/lib:/home/ros2/ros2_rc/src/install/nav2_graceful_controller/lib:/home/ros2/ros2_rc/src/install/nav2_controller/lib:/home/ros2/ros2_rc/src/install/dwb_plugins/lib:/home/ros2/ros2_rc/src/install/dwb_critics/lib:/home/ros2/ros2_rc/src/install/dwb_core/lib:/home/ros2/ros2_rc/src/install/nav_2d_utils/lib:/home/ros2/ros2_rc/src/install/dwb_msgs/lib:/home/ros2/ros2_rc/src/install/nav_2d_msgs/lib:/home/ros2/ros2_rc/src/install/nav2_waypoint_follower/lib:/home/ros2/ros2_rc/src/install/nav2_theta_star_planner/lib:/home/ros2/ros2_rc/src/install/nav2_smac_planner/lib:/home/ros2/ros2_rc/src/install/nav2_rotation_shim_controller/lib:/home/ros2/ros2_rc/src/install/nav2_regulated_pure_pursuit_controller/lib:/home/ros2/ros2_rc/src/install/nav2_planner/lib:/home/ros2/ros2_rc/src/install/nav2_navfn_planner/lib:/home/ros2/ros2_rc/src/install/nav2_mppi_controller/lib:/home/ros2/ros2_rc/src/install/nav2_constrained_smoother/lib:/home/ros2/ros2_rc/src/install/nav2_bt_navigator/lib:/home/ros2/ros2_rc/src/install/nav2_behaviors/lib:/home/ros2/ros2_rc/src/install/nav2_collision_monitor/lib:/home/ros2/ros2_rc/src/install/costmap_queue/lib:/home/ros2/ros2_rc/src/install/nav2_costmap_2d/lib:/home/ros2/ros2_rc/src/install/nav2_voxel_grid/lib:/home/ros2/ros2_rc/src/install/nav2_velocity_smoother/lib:/home/ros2/ros2_rc/src/install/nav2_rviz_plugins/lib:/home/ros2/ros2_rc/src/install/nav2_map_server/lib:/home/ros2/ros2_rc/src/install/nav2_lifecycle_manager/lib:/home/ros2/ros2_rc/src/install/nav2_behavior_tree/lib:/home/ros2/ros2_rc/src/install/nav2_amcl/lib:/home/ros2/ros2_rc/src/install/car_gazebo_plugin/lib:/home/ros2/ros2_rc/install/smartcar_msgs/lib:/home/ros2/ros2_rc/install/nav2_smoother/lib:/home/ros2/ros2_rc/install/nav2_graceful_controller/lib:/home/ros2/ros2_rc/install/nav2_controller/lib:/home/ros2/ros2_rc/install/dwb_plugins/lib:/home/ros2/ros2_rc/install/dwb_critics/lib:/home/ros2/ros2_rc/install/dwb_core/lib:/home/ros2/ros2_rc/install/nav_2d_utils/lib:/home/ros2/ros2_rc/install/dwb_msgs/lib:/home/ros2/ros2_rc/install/nav_2d_msgs/lib:/home/ros2/ros2_rc/install/nav2_waypoint_follower/lib:/home/ros2/ros2_rc/install/nav2_theta_star_planner/lib:/home/ros2/ros2_rc/install/nav2_smac_planner/lib:/home/ros2/ros2_rc/install/nav2_rotation_shim_controller/lib:/home/ros2/ros2_rc/install/nav2_regulated_pure_pursuit_controller/lib:/home/ros2/ros2_rc/install/nav2_planner/lib:/home/ros2/ros2_rc/install/nav2_navfn_planner/lib:/home/ros2/ros2_rc/install/nav2_mppi_controller/lib:/home/ros2/ros2_rc/install/nav2_constrained_smoother/lib:/home/ros2/ros2_rc/install/nav2_bt_navigator/lib:/home/ros2/ros2_rc/install/nav2_behaviors/lib:/home/ros2/ros2_rc/install/nav2_collision_monitor/lib:/home/ros2/ros2_rc/install/costmap_queue/lib:/home/ros2/ros2_rc/install/nav2_costmap_2d/lib:/home/ros2/ros2_rc/install/nav2_voxel_grid/lib:/home/ros2/ros2_rc/install/nav2_velocity_smoother/lib:/home/ros2/ros2_rc/install/nav2_rviz_plugins/lib:/home/ros2/ros2_rc/install/nav2_map_server/lib:/home/ros2/ros2_rc/install/nav2_lifecycle_manager/lib:/home/ros2/ros2_rc/install/nav2_behavior_tree/lib:/home/ros2/ros2_rc/install/nav2_amcl/lib:/home/ros2/ros2_rc/install/nav2_util/lib:/home/ros2/ros2_rc/install/nav2_msgs/lib:/home/ros2/ros2_rc/install/car_gazebo_plugin/lib:/usr/lib/x86_64-linux-gnu/gazebo-11/plugins:/opt/ros/humble/opt/rviz_ogre_vendor/lib:/opt/ros/humble/lib/x86_64-linux-gnu:/opt/ros/humble/lib:/usr/lib/x86_64-linux-gnu/gazebo-11/plugins /usr/bin/cmake --build /home/ros2/ros2_rc/src/build/nav2_behavior_tree -- -j10 -l10
[0.657s] [  1%] Built target nav2_back_up_cancel_bt_node
[0.672s] [  2%] Built target nav2_compute_path_through_poses_action_bt_node
[0.729s] [  4%] Built target nav2_behavior_tree
[0.743s] [  4%] Built target nav2_wait_cancel_bt_node
[0.755s] [  5%] Built target nav2_controller_cancel_bt_node
[0.849s] [  6%] Built target nav2_assisted_teleop_cancel_bt_node
[0.852s] [  7%] Built target nav2_compute_path_to_pose_action_bt_node
[0.883s] [  8%] Built target nav2_drive_on_heading_cancel_bt_node
[0.928s] [  8%] Built target nav2_smooth_path_action_bt_node
[0.976s] [  9%] Built target nav2_spin_cancel_bt_node
[1.032s] [ 10%] Built target nav2_back_up_action_bt_node
[1.033s] [ 11%] Built target nav2_drive_on_heading_bt_node
[1.042s] [ 12%] Built target nav2_follow_path_action_bt_node
[1.191s] [ 13%] Built target nav2_wait_action_bt_node
[1.424s] [ 14%] Built target nav2_spin_action_bt_node
[1.460s] [ 15%] Built target nav2_clear_costmap_service_bt_node
[1.480s] [ 16%] Built target nav2_transform_available_condition_bt_node
[1.484s] [ 17%] Built target nav2_is_path_valid_condition_bt_node
[1.489s] [ 17%] Built target nav2_goal_updated_condition_bt_node
[1.518s] [ 19%] Built target nav2_is_stuck_condition_bt_node
[1.525s] [ 20%] Built target nav2_goal_reached_condition_bt_node
[1.526s] [ 20%] Built target nav2_assisted_teleop_action_bt_node
[1.580s] [ 21%] Built target nav2_globally_updated_goal_condition_bt_node
[1.763s] [ 22%] Built target nav2_path_expiring_timer_condition
[1.780s] [ 23%] Built target nav2_initial_pose_received_condition_bt_node
[1.785s] [ 24%] Built target nav2_is_battery_charging_condition_bt_node
[1.798s] [ 25%] Built target nav2_is_battery_low_condition_bt_node
[1.801s] [ 26%] Built target nav2_time_expired_condition_bt_node
[1.804s] [ 27%] Built target nav2_rate_controller_bt_node
[1.831s] [ 28%] Built target nav2_distance_traveled_condition_bt_node
[1.837s] [ 29%] Built target nav2_reinitialize_global_localization_service_bt_node
[1.851s] [ 30%] Built target nav2_distance_controller_bt_node
[1.928s] [ 31%] Built target nav2_speed_controller_bt_node
[1.977s] [ 32%] Built target nav2_truncate_path_action_bt_node
[1.993s] [ 33%] Built target nav2_goal_updater_node_bt_node
[1.998s] [ 34%] Built target nav2_recovery_node_bt_node
[2.024s] [ 35%] Built target nav2_navigate_to_pose_action_bt_node
[2.038s] [ 36%] Built target nav2_remove_passed_goals_action_bt_node
[2.067s] [ 37%] Built target nav2_truncate_path_local_action_bt_node
[2.067s] [ 38%] Built target nav2_path_longer_on_approach_bt_node
[2.121s] [ 39%] Built target nav2_navigate_through_poses_action_bt_node
[2.121s] [ 40%] Built target nav2_get_pose_from_path_action_bt_node
[2.127s] [ 41%] Built target nav2_pipeline_sequence_bt_node
[2.202s] [ 43%] Built target nav2_single_trigger_bt_node
[2.202s] [ 43%] Built target nav2_planner_selector_bt_node
[2.210s] [ 44%] Built target nav2_goal_checker_selector_bt_node
[2.221s] [ 45%] Built target nav2_round_robin_node_bt_node
[2.257s] [ 46%] Built target nav2_controller_selector_bt_node
[2.257s] [ 47%] Built target nav2_progress_checker_selector_bt_node
[2.261s] [ 48%] Built target nav2_smoother_selector_bt_node
[2.370s] [ 50%] Built target gtest_main
[2.381s] [ 50%] Built target nav2_goal_updated_controller_bt_node
[2.394s] [ 50%] Built target gtest
[2.628s] [ 50%] Built target test_condition_time_expired
[2.650s] [ 51%] Built target test_condition_goal_reached
[2.667s] [ 52%] Built target test_condition_transform_available
[2.667s] [ 53%] Built target test_condition_initial_pose_received
[2.684s] [ 54%] Built target test_condition_goal_updated
[2.693s] [ 55%] Built target test_condition_distance_traveled
[2.716s] [ 56%] Built target test_bt_conversions
[2.727s] [ 57%] Built target test_condition_is_stuck
[2.730s] [ 58%] Built target test_condition_globally_updated_goal
[2.748s] [ 59%] Built target test_condition_path_expiring_timer
[2.865s] [ 60%] Built target test_decorator_distance_controller
[2.871s] [ 61%] Built target test_condition_is_battery_charging
[2.881s] [ 62%] Built target test_condition_is_battery_low
[2.886s] [ 63%] Built target test_condition_is_path_valid
[2.955s] [ 64%] Built target test_decorator_rate_controller
[2.961s] [ 65%] Built target test_goal_updater_node
[2.965s] [ 66%] Built target test_decorator_speed_controller
[2.987s] [ 67%] Built target test_goal_updated_controller
[2.992s] [ 68%] Built target test_single_trigger_node
[3.067s] [ 69%] Built target test_decorator_path_longer_on_approach
[3.105s] [ 70%] Built target test_control_pipeline_sequence
[3.119s] [ 71%] Built target test_action_spin_action
[3.145s] [ 72%] Built target test_bt_action_node
[3.157s] [ 73%] Built target test_control_round_robin_node
[3.169s] [ 74%] Built target test_control_recovery_node
[3.196s] [ 75%] Built target test_action_wait_action
[3.203s] [ 76%] Built target test_action_drive_on_heading
[3.205s] [ 77%] Built target test_action_back_up_action
[3.211s] [ 78%] Built target test_action_assisted_teleop_action
[3.237s] [ 79%] Built target test_action_controller_cancel_action
[3.296s] [ 80%] Built target test_action_wait_cancel_action
[3.324s] [ 81%] Built target test_action_spin_cancel_action
[3.325s] [ 82%] Built target test_action_back_up_cancel_action
[3.365s] [ 83%] Built target test_action_clear_costmap_service
[3.394s] [ 84%] Built target test_action_assisted_teleop_cancel_action
[3.397s] [ 85%] Built target test_action_drive_on_heading_cancel_action
[3.400s] [ 86%] Built target test_action_compute_path_to_pose_action
[3.415s] [ 88%] Built target test_action_smooth_path_action
[3.422s] [ 88%] Built target test_action_compute_path_through_poses_action
[3.487s] [ 89%] Built target test_action_reinitialize_global_localization_service
[3.547s] [ 90%] Built target test_truncate_path_action
[3.556s] [ 91%] Built target test_action_navigate_to_pose_action
[3.563s] [ 90%] Built target test_action_follow_path_action
[3.578s] [ 92%] Built target test_action_navigate_through_poses_action
[3.608s] [ 93%] Built target test_planner_selector_node
[3.614s] [ 94%] Built target test_truncate_path_local_action
[3.616s] [ 96%] Built target test_smoother_selector_node
[3.621s] [ 96%] Built target test_get_pose_from_path_action
[3.622s] [ 97%] Built target test_remove_passed_goals_action
[3.626s] [ 98%] Built target test_controller_selector_node
[3.665s] [ 99%] Built target test_progress_checker_selector_node
[3.669s] [100%] Built target test_goal_checker_selector_node
[3.702s] Invoked command in '/home/ros2/ros2_rc/src/build/nav2_behavior_tree' returned '0': CMAKE_PREFIX_PATH=/home/ros2/ros2_rc/src/install/nav2_util:/home/ros2/ros2_rc/src/install/nav2_msgs:/home/ros2/ros2_rc/src/install/nav2_common:/home/ros2/ros2_rc/src/install/smartcar_msgs:/home/ros2/ros2_rc/src/install/smart_car:/home/ros2/ros2_rc/src/install/ros2_rc:/home/ros2/ros2_rc/src/install/nav2_system_tests:/home/ros2/ros2_rc/src/install/nav2_bringup:/home/ros2/ros2_rc/src/install/navigation2:/home/ros2/ros2_rc/src/install/nav2_smoother:/home/ros2/ros2_rc/src/install/nav2_graceful_controller:/home/ros2/ros2_rc/src/install/nav2_dwb_controller:/home/ros2/ros2_rc/src/install/nav2_controller:/home/ros2/ros2_rc/src/install/dwb_plugins:/home/ros2/ros2_rc/src/install/dwb_critics:/home/ros2/ros2_rc/src/install/dwb_core:/home/ros2/ros2_rc/src/install/nav_2d_utils:/home/ros2/ros2_rc/src/install/dwb_msgs:/home/ros2/ros2_rc/src/install/nav_2d_msgs:/home/ros2/ros2_rc/src/install/nav2_waypoint_follower:/home/ros2/ros2_rc/src/install/nav2_theta_star_planner:/home/ros2/ros2_rc/src/install/nav2_smac_planner:/home/ros2/ros2_rc/src/install/nav2_rotation_shim_controller:/home/ros2/ros2_rc/src/install/nav2_regulated_pure_pursuit_controller:/home/ros2/ros2_rc/src/install/nav2_planner:/home/ros2/ros2_rc/src/install/nav2_navfn_planner:/home/ros2/ros2_rc/src/install/nav2_mppi_controller:/home/ros2/ros2_rc/src/install/nav2_constrained_smoother:/home/ros2/ros2_rc/src/install/nav2_bt_navigator:/home/ros2/ros2_rc/src/install/nav2_behaviors:/home/ros2/ros2_rc/src/install/nav2_core:/home/ros2/ros2_rc/src/install/nav2_collision_monitor:/home/ros2/ros2_rc/src/install/costmap_queue:/home/ros2/ros2_rc/src/install/nav2_costmap_2d:/home/ros2/ros2_rc/src/install/nav2_voxel_grid:/home/ros2/ros2_rc/src/install/nav2_velocity_smoother:/home/ros2/ros2_rc/src/install/nav2_rviz_plugins:/home/ros2/ros2_rc/src/install/nav2_map_server:/home/ros2/ros2_rc/src/install/nav2_lifecycle_manager:/home/ros2/ros2_rc/src/install/nav2_behavior_tree:/home/ros2/ros2_rc/src/install/nav2_amcl:/home/ros2/ros2_rc/src/install/car_gazebo_plugin:/home/ros2/ros2_rc/install/smartcar_msgs:/home/ros2/ros2_rc/install/smart_car:/home/ros2/ros2_rc/install/ros2_rc:/home/ros2/ros2_rc/install/nav2_system_tests:/home/ros2/ros2_rc/install/nav2_bringup:/home/ros2/ros2_rc/install/navigation2:/home/ros2/ros2_rc/install/nav2_smoother:/home/ros2/ros2_rc/install/nav2_graceful_controller:/home/ros2/ros2_rc/install/nav2_dwb_controller:/home/ros2/ros2_rc/install/nav2_controller:/home/ros2/ros2_rc/install/dwb_plugins:/home/ros2/ros2_rc/install/dwb_critics:/home/ros2/ros2_rc/install/dwb_core:/home/ros2/ros2_rc/install/nav_2d_utils:/home/ros2/ros2_rc/install/dwb_msgs:/home/ros2/ros2_rc/install/nav_2d_msgs:/home/ros2/ros2_rc/install/nav2_waypoint_follower:/home/ros2/ros2_rc/install/nav2_theta_star_planner:/home/ros2/ros2_rc/install/nav2_smac_planner:/home/ros2/ros2_rc/install/nav2_rotation_shim_controller:/home/ros2/ros2_rc/install/nav2_regulated_pure_pursuit_controller:/home/ros2/ros2_rc/install/nav2_planner:/home/ros2/ros2_rc/install/nav2_navfn_planner:/home/ros2/ros2_rc/install/nav2_mppi_controller:/home/ros2/ros2_rc/install/nav2_constrained_smoother:/home/ros2/ros2_rc/install/nav2_bt_navigator:/home/ros2/ros2_rc/install/nav2_behaviors:/home/ros2/ros2_rc/install/nav2_core:/home/ros2/ros2_rc/install/nav2_collision_monitor:/home/ros2/ros2_rc/install/costmap_queue:/home/ros2/ros2_rc/install/nav2_costmap_2d:/home/ros2/ros2_rc/install/nav2_voxel_grid:/home/ros2/ros2_rc/install/nav2_velocity_smoother:/home/ros2/ros2_rc/install/nav2_rviz_plugins:/home/ros2/ros2_rc/install/nav2_map_server:/home/ros2/ros2_rc/install/nav2_lifecycle_manager:/home/ros2/ros2_rc/install/nav2_behavior_tree:/home/ros2/ros2_rc/install/nav2_amcl:/home/ros2/ros2_rc/install/nav2_util:/home/ros2/ros2_rc/install/nav2_msgs:/home/ros2/ros2_rc/install/nav2_common:/home/ros2/ros2_rc/install/car_gazebo_plugin:/home/ros2/ros2_rc/src/install/nav2_simple_commander:/home/ros2/ros2_rc/install/nav2_simple_commander:/opt/ros/humble LD_LIBRARY_PATH=/home/ros2/ros2_rc/src/install/nav2_util/lib:/home/ros2/ros2_rc/src/install/nav2_msgs/lib:/home/ros2/ros2_rc/src/install/smartcar_msgs/lib:/home/ros2/ros2_rc/src/install/nav2_smoother/lib:/home/ros2/ros2_rc/src/install/nav2_graceful_controller/lib:/home/ros2/ros2_rc/src/install/nav2_controller/lib:/home/ros2/ros2_rc/src/install/dwb_plugins/lib:/home/ros2/ros2_rc/src/install/dwb_critics/lib:/home/ros2/ros2_rc/src/install/dwb_core/lib:/home/ros2/ros2_rc/src/install/nav_2d_utils/lib:/home/ros2/ros2_rc/src/install/dwb_msgs/lib:/home/ros2/ros2_rc/src/install/nav_2d_msgs/lib:/home/ros2/ros2_rc/src/install/nav2_waypoint_follower/lib:/home/ros2/ros2_rc/src/install/nav2_theta_star_planner/lib:/home/ros2/ros2_rc/src/install/nav2_smac_planner/lib:/home/ros2/ros2_rc/src/install/nav2_rotation_shim_controller/lib:/home/ros2/ros2_rc/src/install/nav2_regulated_pure_pursuit_controller/lib:/home/ros2/ros2_rc/src/install/nav2_planner/lib:/home/ros2/ros2_rc/src/install/nav2_navfn_planner/lib:/home/ros2/ros2_rc/src/install/nav2_mppi_controller/lib:/home/ros2/ros2_rc/src/install/nav2_constrained_smoother/lib:/home/ros2/ros2_rc/src/install/nav2_bt_navigator/lib:/home/ros2/ros2_rc/src/install/nav2_behaviors/lib:/home/ros2/ros2_rc/src/install/nav2_collision_monitor/lib:/home/ros2/ros2_rc/src/install/costmap_queue/lib:/home/ros2/ros2_rc/src/install/nav2_costmap_2d/lib:/home/ros2/ros2_rc/src/install/nav2_voxel_grid/lib:/home/ros2/ros2_rc/src/install/nav2_velocity_smoother/lib:/home/ros2/ros2_rc/src/install/nav2_rviz_plugins/lib:/home/ros2/ros2_rc/src/install/nav2_map_server/lib:/home/ros2/ros2_rc/src/install/nav2_lifecycle_manager/lib:/home/ros2/ros2_rc/src/install/nav2_behavior_tree/lib:/home/ros2/ros2_rc/src/install/nav2_amcl/lib:/home/ros2/ros2_rc/src/install/car_gazebo_plugin/lib:/home/ros2/ros2_rc/install/smartcar_msgs/lib:/home/ros2/ros2_rc/install/nav2_smoother/lib:/home/ros2/ros2_rc/install/nav2_graceful_controller/lib:/home/ros2/ros2_rc/install/nav2_controller/lib:/home/ros2/ros2_rc/install/dwb_plugins/lib:/home/ros2/ros2_rc/install/dwb_critics/lib:/home/ros2/ros2_rc/install/dwb_core/lib:/home/ros2/ros2_rc/install/nav_2d_utils/lib:/home/ros2/ros2_rc/install/dwb_msgs/lib:/home/ros2/ros2_rc/install/nav_2d_msgs/lib:/home/ros2/ros2_rc/install/nav2_waypoint_follower/lib:/home/ros2/ros2_rc/install/nav2_theta_star_planner/lib:/home/ros2/ros2_rc/install/nav2_smac_planner/lib:/home/ros2/ros2_rc/install/nav2_rotation_shim_controller/lib:/home/ros2/ros2_rc/install/nav2_regulated_pure_pursuit_controller/lib:/home/ros2/ros2_rc/install/nav2_planner/lib:/home/ros2/ros2_rc/install/nav2_navfn_planner/lib:/home/ros2/ros2_rc/install/nav2_mppi_controller/lib:/home/ros2/ros2_rc/install/nav2_constrained_smoother/lib:/home/ros2/ros2_rc/install/nav2_bt_navigator/lib:/home/ros2/ros2_rc/install/nav2_behaviors/lib:/home/ros2/ros2_rc/install/nav2_collision_monitor/lib:/home/ros2/ros2_rc/install/costmap_queue/lib:/home/ros2/ros2_rc/install/nav2_costmap_2d/lib:/home/ros2/ros2_rc/install/nav2_voxel_grid/lib:/home/ros2/ros2_rc/install/nav2_velocity_smoother/lib:/home/ros2/ros2_rc/install/nav2_rviz_plugins/lib:/home/ros2/ros2_rc/install/nav2_map_server/lib:/home/ros2/ros2_rc/install/nav2_lifecycle_manager/lib:/home/ros2/ros2_rc/install/nav2_behavior_tree/lib:/home/ros2/ros2_rc/install/nav2_amcl/lib:/home/ros2/ros2_rc/install/nav2_util/lib:/home/ros2/ros2_rc/install/nav2_msgs/lib:/home/ros2/ros2_rc/install/car_gazebo_plugin/lib:/usr/lib/x86_64-linux-gnu/gazebo-11/plugins:/opt/ros/humble/opt/rviz_ogre_vendor/lib:/opt/ros/humble/lib/x86_64-linux-gnu:/opt/ros/humble/lib:/usr/lib/x86_64-linux-gnu/gazebo-11/plugins /usr/bin/cmake --build /home/ros2/ros2_rc/src/build/nav2_behavior_tree -- -j10 -l10
[5.341s] Invoking command in '/home/ros2/ros2_rc/src/build/nav2_behavior_tree': CMAKE_PREFIX_PATH=/home/ros2/ros2_rc/src/install/nav2_util:/home/ros2/ros2_rc/src/install/nav2_msgs:/home/ros2/ros2_rc/src/install/nav2_common:/home/ros2/ros2_rc/src/install/smartcar_msgs:/home/ros2/ros2_rc/src/install/smart_car:/home/ros2/ros2_rc/src/install/ros2_rc:/home/ros2/ros2_rc/src/install/nav2_system_tests:/home/ros2/ros2_rc/src/install/nav2_bringup:/home/ros2/ros2_rc/src/install/navigation2:/home/ros2/ros2_rc/src/install/nav2_smoother:/home/ros2/ros2_rc/src/install/nav2_graceful_controller:/home/ros2/ros2_rc/src/install/nav2_dwb_controller:/home/ros2/ros2_rc/src/install/nav2_controller:/home/ros2/ros2_rc/src/install/dwb_plugins:/home/ros2/ros2_rc/src/install/dwb_critics:/home/ros2/ros2_rc/src/install/dwb_core:/home/ros2/ros2_rc/src/install/nav_2d_utils:/home/ros2/ros2_rc/src/install/dwb_msgs:/home/ros2/ros2_rc/src/install/nav_2d_msgs:/home/ros2/ros2_rc/src/install/nav2_waypoint_follower:/home/ros2/ros2_rc/src/install/nav2_theta_star_planner:/home/ros2/ros2_rc/src/install/nav2_smac_planner:/home/ros2/ros2_rc/src/install/nav2_rotation_shim_controller:/home/ros2/ros2_rc/src/install/nav2_regulated_pure_pursuit_controller:/home/ros2/ros2_rc/src/install/nav2_planner:/home/ros2/ros2_rc/src/install/nav2_navfn_planner:/home/ros2/ros2_rc/src/install/nav2_mppi_controller:/home/ros2/ros2_rc/src/install/nav2_constrained_smoother:/home/ros2/ros2_rc/src/install/nav2_bt_navigator:/home/ros2/ros2_rc/src/install/nav2_behaviors:/home/ros2/ros2_rc/src/install/nav2_core:/home/ros2/ros2_rc/src/install/nav2_collision_monitor:/home/ros2/ros2_rc/src/install/costmap_queue:/home/ros2/ros2_rc/src/install/nav2_costmap_2d:/home/ros2/ros2_rc/src/install/nav2_voxel_grid:/home/ros2/ros2_rc/src/install/nav2_velocity_smoother:/home/ros2/ros2_rc/src/install/nav2_rviz_plugins:/home/ros2/ros2_rc/src/install/nav2_map_server:/home/ros2/ros2_rc/src/install/nav2_lifecycle_manager:/home/ros2/ros2_rc/src/install/nav2_behavior_tree:/home/ros2/ros2_rc/src/install/nav2_amcl:/home/ros2/ros2_rc/src/install/car_gazebo_plugin:/home/ros2/ros2_rc/install/smartcar_msgs:/home/ros2/ros2_rc/install/smart_car:/home/ros2/ros2_rc/install/ros2_rc:/home/ros2/ros2_rc/install/nav2_system_tests:/home/ros2/ros2_rc/install/nav2_bringup:/home/ros2/ros2_rc/install/navigation2:/home/ros2/ros2_rc/install/nav2_smoother:/home/ros2/ros2_rc/install/nav2_graceful_controller:/home/ros2/ros2_rc/install/nav2_dwb_controller:/home/ros2/ros2_rc/install/nav2_controller:/home/ros2/ros2_rc/install/dwb_plugins:/home/ros2/ros2_rc/install/dwb_critics:/home/ros2/ros2_rc/install/dwb_core:/home/ros2/ros2_rc/install/nav_2d_utils:/home/ros2/ros2_rc/install/dwb_msgs:/home/ros2/ros2_rc/install/nav_2d_msgs:/home/ros2/ros2_rc/install/nav2_waypoint_follower:/home/ros2/ros2_rc/install/nav2_theta_star_planner:/home/ros2/ros2_rc/install/nav2_smac_planner:/home/ros2/ros2_rc/install/nav2_rotation_shim_controller:/home/ros2/ros2_rc/install/nav2_regulated_pure_pursuit_controller:/home/ros2/ros2_rc/install/nav2_planner:/home/ros2/ros2_rc/install/nav2_navfn_planner:/home/ros2/ros2_rc/install/nav2_mppi_controller:/home/ros2/ros2_rc/install/nav2_constrained_smoother:/home/ros2/ros2_rc/install/nav2_bt_navigator:/home/ros2/ros2_rc/install/nav2_behaviors:/home/ros2/ros2_rc/install/nav2_core:/home/ros2/ros2_rc/install/nav2_collision_monitor:/home/ros2/ros2_rc/install/costmap_queue:/home/ros2/ros2_rc/install/nav2_costmap_2d:/home/ros2/ros2_rc/install/nav2_voxel_grid:/home/ros2/ros2_rc/install/nav2_velocity_smoother:/home/ros2/ros2_rc/install/nav2_rviz_plugins:/home/ros2/ros2_rc/install/nav2_map_server:/home/ros2/ros2_rc/install/nav2_lifecycle_manager:/home/ros2/ros2_rc/install/nav2_behavior_tree:/home/ros2/ros2_rc/install/nav2_amcl:/home/ros2/ros2_rc/install/nav2_util:/home/ros2/ros2_rc/install/nav2_msgs:/home/ros2/ros2_rc/install/nav2_common:/home/ros2/ros2_rc/install/car_gazebo_plugin:/home/ros2/ros2_rc/src/install/nav2_simple_commander:/home/ros2/ros2_rc/install/nav2_simple_commander:/opt/ros/humble LD_LIBRARY_PATH=/home/ros2/ros2_rc/src/install/nav2_util/lib:/home/ros2/ros2_rc/src/install/nav2_msgs/lib:/home/ros2/ros2_rc/src/install/smartcar_msgs/lib:/home/ros2/ros2_rc/src/install/nav2_smoother/lib:/home/ros2/ros2_rc/src/install/nav2_graceful_controller/lib:/home/ros2/ros2_rc/src/install/nav2_controller/lib:/home/ros2/ros2_rc/src/install/dwb_plugins/lib:/home/ros2/ros2_rc/src/install/dwb_critics/lib:/home/ros2/ros2_rc/src/install/dwb_core/lib:/home/ros2/ros2_rc/src/install/nav_2d_utils/lib:/home/ros2/ros2_rc/src/install/dwb_msgs/lib:/home/ros2/ros2_rc/src/install/nav_2d_msgs/lib:/home/ros2/ros2_rc/src/install/nav2_waypoint_follower/lib:/home/ros2/ros2_rc/src/install/nav2_theta_star_planner/lib:/home/ros2/ros2_rc/src/install/nav2_smac_planner/lib:/home/ros2/ros2_rc/src/install/nav2_rotation_shim_controller/lib:/home/ros2/ros2_rc/src/install/nav2_regulated_pure_pursuit_controller/lib:/home/ros2/ros2_rc/src/install/nav2_planner/lib:/home/ros2/ros2_rc/src/install/nav2_navfn_planner/lib:/home/ros2/ros2_rc/src/install/nav2_mppi_controller/lib:/home/ros2/ros2_rc/src/install/nav2_constrained_smoother/lib:/home/ros2/ros2_rc/src/install/nav2_bt_navigator/lib:/home/ros2/ros2_rc/src/install/nav2_behaviors/lib:/home/ros2/ros2_rc/src/install/nav2_collision_monitor/lib:/home/ros2/ros2_rc/src/install/costmap_queue/lib:/home/ros2/ros2_rc/src/install/nav2_costmap_2d/lib:/home/ros2/ros2_rc/src/install/nav2_voxel_grid/lib:/home/ros2/ros2_rc/src/install/nav2_velocity_smoother/lib:/home/ros2/ros2_rc/src/install/nav2_rviz_plugins/lib:/home/ros2/ros2_rc/src/install/nav2_map_server/lib:/home/ros2/ros2_rc/src/install/nav2_lifecycle_manager/lib:/home/ros2/ros2_rc/src/install/nav2_behavior_tree/lib:/home/ros2/ros2_rc/src/install/nav2_amcl/lib:/home/ros2/ros2_rc/src/install/car_gazebo_plugin/lib:/home/ros2/ros2_rc/install/smartcar_msgs/lib:/home/ros2/ros2_rc/install/nav2_smoother/lib:/home/ros2/ros2_rc/install/nav2_graceful_controller/lib:/home/ros2/ros2_rc/install/nav2_controller/lib:/home/ros2/ros2_rc/install/dwb_plugins/lib:/home/ros2/ros2_rc/install/dwb_critics/lib:/home/ros2/ros2_rc/install/dwb_core/lib:/home/ros2/ros2_rc/install/nav_2d_utils/lib:/home/ros2/ros2_rc/install/dwb_msgs/lib:/home/ros2/ros2_rc/install/nav_2d_msgs/lib:/home/ros2/ros2_rc/install/nav2_waypoint_follower/lib:/home/ros2/ros2_rc/install/nav2_theta_star_planner/lib:/home/ros2/ros2_rc/install/nav2_smac_planner/lib:/home/ros2/ros2_rc/install/nav2_rotation_shim_controller/lib:/home/ros2/ros2_rc/install/nav2_regulated_pure_pursuit_controller/lib:/home/ros2/ros2_rc/install/nav2_planner/lib:/home/ros2/ros2_rc/install/nav2_navfn_planner/lib:/home/ros2/ros2_rc/install/nav2_mppi_controller/lib:/home/ros2/ros2_rc/install/nav2_constrained_smoother/lib:/home/ros2/ros2_rc/install/nav2_bt_navigator/lib:/home/ros2/ros2_rc/install/nav2_behaviors/lib:/home/ros2/ros2_rc/install/nav2_collision_monitor/lib:/home/ros2/ros2_rc/install/costmap_queue/lib:/home/ros2/ros2_rc/install/nav2_costmap_2d/lib:/home/ros2/ros2_rc/install/nav2_voxel_grid/lib:/home/ros2/ros2_rc/install/nav2_velocity_smoother/lib:/home/ros2/ros2_rc/install/nav2_rviz_plugins/lib:/home/ros2/ros2_rc/install/nav2_map_server/lib:/home/ros2/ros2_rc/install/nav2_lifecycle_manager/lib:/home/ros2/ros2_rc/install/nav2_behavior_tree/lib:/home/ros2/ros2_rc/install/nav2_amcl/lib:/home/ros2/ros2_rc/install/nav2_util/lib:/home/ros2/ros2_rc/install/nav2_msgs/lib:/home/ros2/ros2_rc/install/car_gazebo_plugin/lib:/usr/lib/x86_64-linux-gnu/gazebo-11/plugins:/opt/ros/humble/opt/rviz_ogre_vendor/lib:/opt/ros/humble/lib/x86_64-linux-gnu:/opt/ros/humble/lib:/usr/lib/x86_64-linux-gnu/gazebo-11/plugins /usr/bin/cmake --install /home/ros2/ros2_rc/src/build/nav2_behavior_tree
[5.361s] -- Install configuration: "Release"
[5.363s] -- Up-to-date: /home/ros2/ros2_rc/src/install/nav2_behavior_tree/lib/libnav2_behavior_tree.so
[5.363s] -- Up-to-date: /home/ros2/ros2_rc/src/install/nav2_behavior_tree/lib/libnav2_compute_path_to_pose_action_bt_node.so
[5.364s] -- Up-to-date: /home/ros2/ros2_rc/src/install/nav2_behavior_tree/lib/libnav2_compute_path_through_poses_action_bt_node.so
[5.364s] -- Up-to-date: /home/ros2/ros2_rc/src/install/nav2_behavior_tree/lib/libnav2_controller_cancel_bt_node.so
[5.365s] -- Up-to-date: /home/ros2/ros2_rc/src/install/nav2_behavior_tree/lib/libnav2_wait_cancel_bt_node.so
[5.365s] -- Up-to-date: /home/ros2/ros2_rc/src/install/nav2_behavior_tree/lib/libnav2_spin_cancel_bt_node.so
[5.366s] -- Up-to-date: /home/ros2/ros2_rc/src/install/nav2_behavior_tree/lib/libnav2_back_up_cancel_bt_node.so
[5.366s] -- Up-to-date: /home/ros2/ros2_rc/src/install/nav2_behavior_tree/lib/libnav2_assisted_teleop_cancel_bt_node.so
[5.367s] -- Up-to-date: /home/ros2/ros2_rc/src/install/nav2_behavior_tree/lib/libnav2_drive_on_heading_cancel_bt_node.so
[5.367s] -- Up-to-date: /home/ros2/ros2_rc/src/install/nav2_behavior_tree/lib/libnav2_smooth_path_action_bt_node.so
[5.368s] -- Up-to-date: /home/ros2/ros2_rc/src/install/nav2_behavior_tree/lib/libnav2_follow_path_action_bt_node.so
[5.368s] -- Up-to-date: /home/ros2/ros2_rc/src/install/nav2_behavior_tree/lib/libnav2_back_up_action_bt_node.so
[5.368s] -- Up-to-date: /home/ros2/ros2_rc/src/install/nav2_behavior_tree/lib/libnav2_drive_on_heading_bt_node.so
[5.369s] -- Up-to-date: /home/ros2/ros2_rc/src/install/nav2_behavior_tree/lib/libnav2_spin_action_bt_node.so
[5.369s] -- Up-to-date: /home/ros2/ros2_rc/src/install/nav2_behavior_tree/lib/libnav2_wait_action_bt_node.so
[5.370s] -- Up-to-date: /home/ros2/ros2_rc/src/install/nav2_behavior_tree/lib/libnav2_assisted_teleop_action_bt_node.so
[5.371s] -- Up-to-date: /home/ros2/ros2_rc/src/install/nav2_behavior_tree/lib/libnav2_clear_costmap_service_bt_node.so
[5.371s] -- Up-to-date: /home/ros2/ros2_rc/src/install/nav2_behavior_tree/lib/libnav2_is_stuck_condition_bt_node.so
[5.371s] -- Up-to-date: /home/ros2/ros2_rc/src/install/nav2_behavior_tree/lib/libnav2_transform_available_condition_bt_node.so
[5.372s] -- Up-to-date: /home/ros2/ros2_rc/src/install/nav2_behavior_tree/lib/libnav2_goal_reached_condition_bt_node.so
[5.372s] -- Up-to-date: /home/ros2/ros2_rc/src/install/nav2_behavior_tree/lib/libnav2_globally_updated_goal_condition_bt_node.so
[5.373s] -- Up-to-date: /home/ros2/ros2_rc/src/install/nav2_behavior_tree/lib/libnav2_goal_updated_condition_bt_node.so
[5.373s] -- Up-to-date: /home/ros2/ros2_rc/src/install/nav2_behavior_tree/lib/libnav2_is_path_valid_condition_bt_node.so
[5.374s] -- Up-to-date: /home/ros2/ros2_rc/src/install/nav2_behavior_tree/lib/libnav2_time_expired_condition_bt_node.so
[5.375s] -- Up-to-date: /home/ros2/ros2_rc/src/install/nav2_behavior_tree/lib/libnav2_path_expiring_timer_condition.so
[5.376s] -- Up-to-date: /home/ros2/ros2_rc/src/install/nav2_behavior_tree/lib/libnav2_distance_traveled_condition_bt_node.so
[5.376s] -- Up-to-date: /home/ros2/ros2_rc/src/install/nav2_behavior_tree/lib/libnav2_initial_pose_received_condition_bt_node.so
[5.377s] -- Up-to-date: /home/ros2/ros2_rc/src/install/nav2_behavior_tree/lib/libnav2_is_battery_charging_condition_bt_node.so
[5.377s] -- Up-to-date: /home/ros2/ros2_rc/src/install/nav2_behavior_tree/lib/libnav2_is_battery_low_condition_bt_node.so
[5.378s] -- Up-to-date: /home/ros2/ros2_rc/src/install/nav2_behavior_tree/lib/libnav2_reinitialize_global_localization_service_bt_node.so
[5.378s] -- Up-to-date: /home/ros2/ros2_rc/src/install/nav2_behavior_tree/lib/libnav2_rate_controller_bt_node.so
[5.379s] -- Up-to-date: /home/ros2/ros2_rc/src/install/nav2_behavior_tree/lib/libnav2_distance_controller_bt_node.so
[5.379s] -- Up-to-date: /home/ros2/ros2_rc/src/install/nav2_behavior_tree/lib/libnav2_speed_controller_bt_node.so
[5.379s] -- Up-to-date: /home/ros2/ros2_rc/src/install/nav2_behavior_tree/lib/libnav2_truncate_path_action_bt_node.so
[5.380s] -- Up-to-date: /home/ros2/ros2_rc/src/install/nav2_behavior_tree/lib/libnav2_truncate_path_local_action_bt_node.so
[5.380s] -- Up-to-date: /home/ros2/ros2_rc/src/install/nav2_behavior_tree/lib/libnav2_goal_updater_node_bt_node.so
[5.381s] -- Up-to-date: /home/ros2/ros2_rc/src/install/nav2_behavior_tree/lib/libnav2_path_longer_on_approach_bt_node.so
[5.381s] -- Up-to-date: /home/ros2/ros2_rc/src/install/nav2_behavior_tree/lib/libnav2_recovery_node_bt_node.so
[5.382s] -- Up-to-date: /home/ros2/ros2_rc/src/install/nav2_behavior_tree/lib/libnav2_navigate_to_pose_action_bt_node.so
[5.382s] -- Up-to-date: /home/ros2/ros2_rc/src/install/nav2_behavior_tree/lib/libnav2_navigate_through_poses_action_bt_node.so
[5.382s] -- Up-to-date: /home/ros2/ros2_rc/src/install/nav2_behavior_tree/lib/libnav2_remove_passed_goals_action_bt_node.so
[5.383s] -- Up-to-date: /home/ros2/ros2_rc/src/install/nav2_behavior_tree/lib/libnav2_get_pose_from_path_action_bt_node.so
[5.383s] -- Up-to-date: /home/ros2/ros2_rc/src/install/nav2_behavior_tree/lib/libnav2_pipeline_sequence_bt_node.so
[5.383s] -- Up-to-date: /home/ros2/ros2_rc/src/install/nav2_behavior_tree/lib/libnav2_round_robin_node_bt_node.so
[5.384s] -- Up-to-date: /home/ros2/ros2_rc/src/install/nav2_behavior_tree/lib/libnav2_single_trigger_bt_node.so
[5.385s] -- Up-to-date: /home/ros2/ros2_rc/src/install/nav2_behavior_tree/lib/libnav2_planner_selector_bt_node.so
[5.385s] -- Up-to-date: /home/ros2/ros2_rc/src/install/nav2_behavior_tree/lib/libnav2_controller_selector_bt_node.so
[5.386s] -- Up-to-date: /home/ros2/ros2_rc/src/install/nav2_behavior_tree/lib/libnav2_smoother_selector_bt_node.so
[5.387s] -- Up-to-date: /home/ros2/ros2_rc/src/install/nav2_behavior_tree/lib/libnav2_goal_checker_selector_bt_node.so
[5.388s] -- Up-to-date: /home/ros2/ros2_rc/src/install/nav2_behavior_tree/lib/libnav2_progress_checker_selector_bt_node.so
[5.388s] -- Up-to-date: /home/ros2/ros2_rc/src/install/nav2_behavior_tree/lib/libnav2_goal_updated_controller_bt_node.so
[5.388s] -- Up-to-date: /home/ros2/ros2_rc/src/install/nav2_behavior_tree/include/
[5.389s] -- Up-to-date: /home/ros2/ros2_rc/src/install/nav2_behavior_tree/include//nav2_behavior_tree
[5.389s] -- Up-to-date: /home/ros2/ros2_rc/src/install/nav2_behavior_tree/include//nav2_behavior_tree/ros_topic_logger.hpp
[5.389s] -- Up-to-date: /home/ros2/ros2_rc/src/install/nav2_behavior_tree/include//nav2_behavior_tree/bt_action_node.hpp
[5.390s] -- Up-to-date: /home/ros2/ros2_rc/src/install/nav2_behavior_tree/include//nav2_behavior_tree/bt_service_node.hpp
[5.390s] -- Up-to-date: /home/ros2/ros2_rc/src/install/nav2_behavior_tree/include//nav2_behavior_tree/bt_action_server_impl.hpp
[5.390s] -- Up-to-date: /home/ros2/ros2_rc/src/install/nav2_behavior_tree/include//nav2_behavior_tree/bt_conversions.hpp
[5.390s] -- Up-to-date: /home/ros2/ros2_rc/src/install/nav2_behavior_tree/include//nav2_behavior_tree/bt_action_server.hpp
[5.391s] -- Up-to-date: /home/ros2/ros2_rc/src/install/nav2_behavior_tree/include//nav2_behavior_tree/plugins
[5.392s] -- Up-to-date: /home/ros2/ros2_rc/src/install/nav2_behavior_tree/include//nav2_behavior_tree/plugins/control
[5.392s] -- Up-to-date: /home/ros2/ros2_rc/src/install/nav2_behavior_tree/include//nav2_behavior_tree/plugins/control/recovery_node.hpp
[5.393s] -- Up-to-date: /home/ros2/ros2_rc/src/install/nav2_behavior_tree/include//nav2_behavior_tree/plugins/control/round_robin_node.hpp
[5.393s] -- Up-to-date: /home/ros2/ros2_rc/src/install/nav2_behavior_tree/include//nav2_behavior_tree/plugins/control/pipeline_sequence.hpp
[5.393s] -- Up-to-date: /home/ros2/ros2_rc/src/install/nav2_behavior_tree/include//nav2_behavior_tree/plugins/decorator
[5.393s] -- Up-to-date: /home/ros2/ros2_rc/src/install/nav2_behavior_tree/include//nav2_behavior_tree/plugins/decorator/goal_updated_controller.hpp
[5.393s] -- Up-to-date: /home/ros2/ros2_rc/src/install/nav2_behavior_tree/include//nav2_behavior_tree/plugins/decorator/rate_controller.hpp
[5.393s] -- Up-to-date: /home/ros2/ros2_rc/src/install/nav2_behavior_tree/include//nav2_behavior_tree/plugins/decorator/distance_controller.hpp
[5.394s] -- Up-to-date: /home/ros2/ros2_rc/src/install/nav2_behavior_tree/include//nav2_behavior_tree/plugins/decorator/single_trigger_node.hpp
[5.394s] -- Up-to-date: /home/ros2/ros2_rc/src/install/nav2_behavior_tree/include//nav2_behavior_tree/plugins/decorator/path_longer_on_approach.hpp
[5.394s] -- Up-to-date: /home/ros2/ros2_rc/src/install/nav2_behavior_tree/include//nav2_behavior_tree/plugins/decorator/speed_controller.hpp
[5.394s] -- Up-to-date: /home/ros2/ros2_rc/src/install/nav2_behavior_tree/include//nav2_behavior_tree/plugins/decorator/goal_updater_node.hpp
[5.394s] -- Up-to-date: /home/ros2/ros2_rc/src/install/nav2_behavior_tree/include//nav2_behavior_tree/plugins/condition
[5.394s] -- Up-to-date: /home/ros2/ros2_rc/src/install/nav2_behavior_tree/include//nav2_behavior_tree/plugins/condition/initial_pose_received_condition.hpp
[5.394s] -- Up-to-date: /home/ros2/ros2_rc/src/install/nav2_behavior_tree/include//nav2_behavior_tree/plugins/condition/globally_updated_goal_condition.hpp
[5.394s] -- Up-to-date: /home/ros2/ros2_rc/src/install/nav2_behavior_tree/include//nav2_behavior_tree/plugins/condition/is_battery_charging_condition.hpp
[5.395s] -- Up-to-date: /home/ros2/ros2_rc/src/install/nav2_behavior_tree/include//nav2_behavior_tree/plugins/condition/is_path_valid_condition.hpp
[5.395s] -- Up-to-date: /home/ros2/ros2_rc/src/install/nav2_behavior_tree/include//nav2_behavior_tree/plugins/condition/path_expiring_timer_condition.hpp
[5.395s] -- Up-to-date: /home/ros2/ros2_rc/src/install/nav2_behavior_tree/include//nav2_behavior_tree/plugins/condition/goal_reached_condition.hpp
[5.395s] -- Up-to-date: /home/ros2/ros2_rc/src/install/nav2_behavior_tree/include//nav2_behavior_tree/plugins/condition/distance_traveled_condition.hpp
[5.396s] -- Up-to-date: /home/ros2/ros2_rc/src/install/nav2_behavior_tree/include//nav2_behavior_tree/plugins/condition/time_expired_condition.hpp
[5.396s] -- Up-to-date: /home/ros2/ros2_rc/src/install/nav2_behavior_tree/include//nav2_behavior_tree/plugins/condition/is_battery_low_condition.hpp
[5.396s] -- Up-to-date: /home/ros2/ros2_rc/src/install/nav2_behavior_tree/include//nav2_behavior_tree/plugins/condition/goal_updated_condition.hpp
[5.396s] -- Up-to-date: /home/ros2/ros2_rc/src/install/nav2_behavior_tree/include//nav2_behavior_tree/plugins/condition/is_stuck_condition.hpp
[5.396s] -- Up-to-date: /home/ros2/ros2_rc/src/install/nav2_behavior_tree/include//nav2_behavior_tree/plugins/condition/transform_available_condition.hpp
[5.396s] -- Up-to-date: /home/ros2/ros2_rc/src/install/nav2_behavior_tree/include//nav2_behavior_tree/plugins/action
[5.396s] -- Up-to-date: /home/ros2/ros2_rc/src/install/nav2_behavior_tree/include//nav2_behavior_tree/plugins/action/remove_passed_goals_action.hpp
[5.396s] -- Up-to-date: /home/ros2/ros2_rc/src/install/nav2_behavior_tree/include//nav2_behavior_tree/plugins/action/drive_on_heading_action.hpp
[5.396s] -- Up-to-date: /home/ros2/ros2_rc/src/install/nav2_behavior_tree/include//nav2_behavior_tree/plugins/action/reinitialize_global_localization_service.hpp
[5.396s] -- Up-to-date: /home/ros2/ros2_rc/src/install/nav2_behavior_tree/include//nav2_behavior_tree/plugins/action/smoother_selector_node.hpp
[5.397s] -- Up-to-date: /home/ros2/ros2_rc/src/install/nav2_behavior_tree/include//nav2_behavior_tree/plugins/action/truncate_path_local_action.hpp
[5.397s] -- Up-to-date: /home/ros2/ros2_rc/src/install/nav2_behavior_tree/include//nav2_behavior_tree/plugins/action/drive_on_heading_cancel_node.hpp
[5.397s] -- Up-to-date: /home/ros2/ros2_rc/src/install/nav2_behavior_tree/include//nav2_behavior_tree/plugins/action/planner_selector_node.hpp
[5.397s] -- Up-to-date: /home/ros2/ros2_rc/src/install/nav2_behavior_tree/include//nav2_behavior_tree/plugins/action/controller_cancel_node.hpp
[5.397s] -- Up-to-date: /home/ros2/ros2_rc/src/install/nav2_behavior_tree/include//nav2_behavior_tree/plugins/action/wait_cancel_node.hpp
[5.397s] -- Up-to-date: /home/ros2/ros2_rc/src/install/nav2_behavior_tree/include//nav2_behavior_tree/plugins/action/assisted_teleop_cancel_node.hpp
[5.398s] -- Up-to-date: /home/ros2/ros2_rc/src/install/nav2_behavior_tree/include//nav2_behavior_tree/plugins/action/follow_path_action.hpp
[5.398s] -- Up-to-date: /home/ros2/ros2_rc/src/install/nav2_behavior_tree/include//nav2_behavior_tree/plugins/action/goal_checker_selector_node.hpp
[5.398s] -- Up-to-date: /home/ros2/ros2_rc/src/install/nav2_behavior_tree/include//nav2_behavior_tree/plugins/action/spin_action.hpp
[5.398s] -- Up-to-date: /home/ros2/ros2_rc/src/install/nav2_behavior_tree/include//nav2_behavior_tree/plugins/action/compute_path_to_pose_action.hpp
[5.398s] -- Up-to-date: /home/ros2/ros2_rc/src/install/nav2_behavior_tree/include//nav2_behavior_tree/plugins/action/smooth_path_action.hpp
[5.398s] -- Up-to-date: /home/ros2/ros2_rc/src/install/nav2_behavior_tree/include//nav2_behavior_tree/plugins/action/navigate_to_pose_action.hpp
[5.400s] -- Up-to-date: /home/ros2/ros2_rc/src/install/nav2_behavior_tree/include//nav2_behavior_tree/plugins/action/get_pose_from_path_action.hpp
[5.401s] -- Up-to-date: /home/ros2/ros2_rc/src/install/nav2_behavior_tree/include//nav2_behavior_tree/plugins/action/truncate_path_action.hpp
[5.401s] -- Up-to-date: /home/ros2/ros2_rc/src/install/nav2_behavior_tree/include//nav2_behavior_tree/plugins/action/controller_selector_node.hpp
[5.401s] -- Up-to-date: /home/ros2/ros2_rc/src/install/nav2_behavior_tree/include//nav2_behavior_tree/plugins/action/back_up_cancel_node.hpp
[5.401s] -- Up-to-date: /home/ros2/ros2_rc/src/install/nav2_behavior_tree/include//nav2_behavior_tree/plugins/action/compute_path_through_poses_action.hpp
[5.402s] -- Up-to-date: /home/ros2/ros2_rc/src/install/nav2_behavior_tree/include//nav2_behavior_tree/plugins/action/navigate_through_poses_action.hpp
[5.403s] -- Up-to-date: /home/ros2/ros2_rc/src/install/nav2_behavior_tree/include//nav2_behavior_tree/plugins/action/spin_cancel_node.hpp
[5.404s] -- Up-to-date: /home/ros2/ros2_rc/src/install/nav2_behavior_tree/include//nav2_behavior_tree/plugins/action/wait_action.hpp
[5.404s] -- Up-to-date: /home/ros2/ros2_rc/src/install/nav2_behavior_tree/include//nav2_behavior_tree/plugins/action/back_up_action.hpp
[5.405s] -- Up-to-date: /home/ros2/ros2_rc/src/install/nav2_behavior_tree/include//nav2_behavior_tree/plugins/action/progress_checker_selector_node.hpp
[5.405s] -- Up-to-date: /home/ros2/ros2_rc/src/install/nav2_behavior_tree/include//nav2_behavior_tree/plugins/action/clear_costmap_service.hpp
[5.405s] -- Up-to-date: /home/ros2/ros2_rc/src/install/nav2_behavior_tree/include//nav2_behavior_tree/plugins/action/assisted_teleop_action.hpp
[5.405s] -- Up-to-date: /home/ros2/ros2_rc/src/install/nav2_behavior_tree/include//nav2_behavior_tree/bt_cancel_action_node.hpp
[5.405s] -- Up-to-date: /home/ros2/ros2_rc/src/install/nav2_behavior_tree/include//nav2_behavior_tree/behavior_tree_engine.hpp
[5.406s] -- Up-to-date: /home/ros2/ros2_rc/src/install/nav2_behavior_tree/share/nav2_behavior_tree/nav2_tree_nodes.xml
[5.406s] -- Up-to-date: /home/ros2/ros2_rc/src/install/nav2_behavior_tree/share/nav2_behavior_tree/environment/library_path.sh
[5.406s] -- Up-to-date: /home/ros2/ros2_rc/src/install/nav2_behavior_tree/share/nav2_behavior_tree/environment/library_path.dsv
[5.406s] -- Up-to-date: /home/ros2/ros2_rc/src/install/nav2_behavior_tree/share/ament_index/resource_index/package_run_dependencies/nav2_behavior_tree
[5.407s] -- Up-to-date: /home/ros2/ros2_rc/src/install/nav2_behavior_tree/share/ament_index/resource_index/parent_prefix_path/nav2_behavior_tree
[5.407s] -- Up-to-date: /home/ros2/ros2_rc/src/install/nav2_behavior_tree/share/nav2_behavior_tree/environment/ament_prefix_path.sh
[5.407s] -- Up-to-date: /home/ros2/ros2_rc/src/install/nav2_behavior_tree/share/nav2_behavior_tree/environment/ament_prefix_path.dsv
[5.407s] -- Up-to-date: /home/ros2/ros2_rc/src/install/nav2_behavior_tree/share/nav2_behavior_tree/environment/path.sh
[5.408s] -- Up-to-date: /home/ros2/ros2_rc/src/install/nav2_behavior_tree/share/nav2_behavior_tree/environment/path.dsv
[5.408s] -- Up-to-date: /home/ros2/ros2_rc/src/install/nav2_behavior_tree/share/nav2_behavior_tree/local_setup.bash
[5.409s] -- Up-to-date: /home/ros2/ros2_rc/src/install/nav2_behavior_tree/share/nav2_behavior_tree/local_setup.sh
[5.409s] -- Up-to-date: /home/ros2/ros2_rc/src/install/nav2_behavior_tree/share/nav2_behavior_tree/local_setup.zsh
[5.409s] -- Up-to-date: /home/ros2/ros2_rc/src/install/nav2_behavior_tree/share/nav2_behavior_tree/local_setup.dsv
[5.409s] -- Installing: /home/ros2/ros2_rc/src/install/nav2_behavior_tree/share/nav2_behavior_tree/package.dsv
[5.409s] -- Up-to-date: /home/ros2/ros2_rc/src/install/nav2_behavior_tree/share/ament_index/resource_index/packages/nav2_behavior_tree
[5.409s] -- Up-to-date: /home/ros2/ros2_rc/src/install/nav2_behavior_tree/share/nav2_behavior_tree/cmake/ament_cmake_export_include_directories-extras.cmake
[5.410s] -- Up-to-date: /home/ros2/ros2_rc/src/install/nav2_behavior_tree/share/nav2_behavior_tree/cmake/ament_cmake_export_libraries-extras.cmake
[5.410s] -- Up-to-date: /home/ros2/ros2_rc/src/install/nav2_behavior_tree/share/nav2_behavior_tree/cmake/ament_cmake_export_dependencies-extras.cmake
[5.410s] -- Up-to-date: /home/ros2/ros2_rc/src/install/nav2_behavior_tree/share/nav2_behavior_tree/cmake/nav2_behavior_treeConfig.cmake
[5.410s] -- Up-to-date: /home/ros2/ros2_rc/src/install/nav2_behavior_tree/share/nav2_behavior_tree/cmake/nav2_behavior_treeConfig-version.cmake
[5.410s] -- Up-to-date: /home/ros2/ros2_rc/src/install/nav2_behavior_tree/share/nav2_behavior_tree/package.xml
[5.411s] Invoked command in '/home/ros2/ros2_rc/src/build/nav2_behavior_tree' returned '0': CMAKE_PREFIX_PATH=/home/ros2/ros2_rc/src/install/nav2_util:/home/ros2/ros2_rc/src/install/nav2_msgs:/home/ros2/ros2_rc/src/install/nav2_common:/home/ros2/ros2_rc/src/install/smartcar_msgs:/home/ros2/ros2_rc/src/install/smart_car:/home/ros2/ros2_rc/src/install/ros2_rc:/home/ros2/ros2_rc/src/install/nav2_system_tests:/home/ros2/ros2_rc/src/install/nav2_bringup:/home/ros2/ros2_rc/src/install/navigation2:/home/ros2/ros2_rc/src/install/nav2_smoother:/home/ros2/ros2_rc/src/install/nav2_graceful_controller:/home/ros2/ros2_rc/src/install/nav2_dwb_controller:/home/ros2/ros2_rc/src/install/nav2_controller:/home/ros2/ros2_rc/src/install/dwb_plugins:/home/ros2/ros2_rc/src/install/dwb_critics:/home/ros2/ros2_rc/src/install/dwb_core:/home/ros2/ros2_rc/src/install/nav_2d_utils:/home/ros2/ros2_rc/src/install/dwb_msgs:/home/ros2/ros2_rc/src/install/nav_2d_msgs:/home/ros2/ros2_rc/src/install/nav2_waypoint_follower:/home/ros2/ros2_rc/src/install/nav2_theta_star_planner:/home/ros2/ros2_rc/src/install/nav2_smac_planner:/home/ros2/ros2_rc/src/install/nav2_rotation_shim_controller:/home/ros2/ros2_rc/src/install/nav2_regulated_pure_pursuit_controller:/home/ros2/ros2_rc/src/install/nav2_planner:/home/ros2/ros2_rc/src/install/nav2_navfn_planner:/home/ros2/ros2_rc/src/install/nav2_mppi_controller:/home/ros2/ros2_rc/src/install/nav2_constrained_smoother:/home/ros2/ros2_rc/src/install/nav2_bt_navigator:/home/ros2/ros2_rc/src/install/nav2_behaviors:/home/ros2/ros2_rc/src/install/nav2_core:/home/ros2/ros2_rc/src/install/nav2_collision_monitor:/home/ros2/ros2_rc/src/install/costmap_queue:/home/ros2/ros2_rc/src/install/nav2_costmap_2d:/home/ros2/ros2_rc/src/install/nav2_voxel_grid:/home/ros2/ros2_rc/src/install/nav2_velocity_smoother:/home/ros2/ros2_rc/src/install/nav2_rviz_plugins:/home/ros2/ros2_rc/src/install/nav2_map_server:/home/ros2/ros2_rc/src/install/nav2_lifecycle_manager:/home/ros2/ros2_rc/src/install/nav2_behavior_tree:/home/ros2/ros2_rc/src/install/nav2_amcl:/home/ros2/ros2_rc/src/install/car_gazebo_plugin:/home/ros2/ros2_rc/install/smartcar_msgs:/home/ros2/ros2_rc/install/smart_car:/home/ros2/ros2_rc/install/ros2_rc:/home/ros2/ros2_rc/install/nav2_system_tests:/home/ros2/ros2_rc/install/nav2_bringup:/home/ros2/ros2_rc/install/navigation2:/home/ros2/ros2_rc/install/nav2_smoother:/home/ros2/ros2_rc/install/nav2_graceful_controller:/home/ros2/ros2_rc/install/nav2_dwb_controller:/home/ros2/ros2_rc/install/nav2_controller:/home/ros2/ros2_rc/install/dwb_plugins:/home/ros2/ros2_rc/install/dwb_critics:/home/ros2/ros2_rc/install/dwb_core:/home/ros2/ros2_rc/install/nav_2d_utils:/home/ros2/ros2_rc/install/dwb_msgs:/home/ros2/ros2_rc/install/nav_2d_msgs:/home/ros2/ros2_rc/install/nav2_waypoint_follower:/home/ros2/ros2_rc/install/nav2_theta_star_planner:/home/ros2/ros2_rc/install/nav2_smac_planner:/home/ros2/ros2_rc/install/nav2_rotation_shim_controller:/home/ros2/ros2_rc/install/nav2_regulated_pure_pursuit_controller:/home/ros2/ros2_rc/install/nav2_planner:/home/ros2/ros2_rc/install/nav2_navfn_planner:/home/ros2/ros2_rc/install/nav2_mppi_controller:/home/ros2/ros2_rc/install/nav2_constrained_smoother:/home/ros2/ros2_rc/install/nav2_bt_navigator:/home/ros2/ros2_rc/install/nav2_behaviors:/home/ros2/ros2_rc/install/nav2_core:/home/ros2/ros2_rc/install/nav2_collision_monitor:/home/ros2/ros2_rc/install/costmap_queue:/home/ros2/ros2_rc/install/nav2_costmap_2d:/home/ros2/ros2_rc/install/nav2_voxel_grid:/home/ros2/ros2_rc/install/nav2_velocity_smoother:/home/ros2/ros2_rc/install/nav2_rviz_plugins:/home/ros2/ros2_rc/install/nav2_map_server:/home/ros2/ros2_rc/install/nav2_lifecycle_manager:/home/ros2/ros2_rc/install/nav2_behavior_tree:/home/ros2/ros2_rc/install/nav2_amcl:/home/ros2/ros2_rc/install/nav2_util:/home/ros2/ros2_rc/install/nav2_msgs:/home/ros2/ros2_rc/install/nav2_common:/home/ros2/ros2_rc/install/car_gazebo_plugin:/home/ros2/ros2_rc/src/install/nav2_simple_commander:/home/ros2/ros2_rc/install/nav2_simple_commander:/opt/ros/humble LD_LIBRARY_PATH=/home/ros2/ros2_rc/src/install/nav2_util/lib:/home/ros2/ros2_rc/src/install/nav2_msgs/lib:/home/ros2/ros2_rc/src/install/smartcar_msgs/lib:/home/ros2/ros2_rc/src/install/nav2_smoother/lib:/home/ros2/ros2_rc/src/install/nav2_graceful_controller/lib:/home/ros2/ros2_rc/src/install/nav2_controller/lib:/home/ros2/ros2_rc/src/install/dwb_plugins/lib:/home/ros2/ros2_rc/src/install/dwb_critics/lib:/home/ros2/ros2_rc/src/install/dwb_core/lib:/home/ros2/ros2_rc/src/install/nav_2d_utils/lib:/home/ros2/ros2_rc/src/install/dwb_msgs/lib:/home/ros2/ros2_rc/src/install/nav_2d_msgs/lib:/home/ros2/ros2_rc/src/install/nav2_waypoint_follower/lib:/home/ros2/ros2_rc/src/install/nav2_theta_star_planner/lib:/home/ros2/ros2_rc/src/install/nav2_smac_planner/lib:/home/ros2/ros2_rc/src/install/nav2_rotation_shim_controller/lib:/home/ros2/ros2_rc/src/install/nav2_regulated_pure_pursuit_controller/lib:/home/ros2/ros2_rc/src/install/nav2_planner/lib:/home/ros2/ros2_rc/src/install/nav2_navfn_planner/lib:/home/ros2/ros2_rc/src/install/nav2_mppi_controller/lib:/home/ros2/ros2_rc/src/install/nav2_constrained_smoother/lib:/home/ros2/ros2_rc/src/install/nav2_bt_navigator/lib:/home/ros2/ros2_rc/src/install/nav2_behaviors/lib:/home/ros2/ros2_rc/src/install/nav2_collision_monitor/lib:/home/ros2/ros2_rc/src/install/costmap_queue/lib:/home/ros2/ros2_rc/src/install/nav2_costmap_2d/lib:/home/ros2/ros2_rc/src/install/nav2_voxel_grid/lib:/home/ros2/ros2_rc/src/install/nav2_velocity_smoother/lib:/home/ros2/ros2_rc/src/install/nav2_rviz_plugins/lib:/home/ros2/ros2_rc/src/install/nav2_map_server/lib:/home/ros2/ros2_rc/src/install/nav2_lifecycle_manager/lib:/home/ros2/ros2_rc/src/install/nav2_behavior_tree/lib:/home/ros2/ros2_rc/src/install/nav2_amcl/lib:/home/ros2/ros2_rc/src/install/car_gazebo_plugin/lib:/home/ros2/ros2_rc/install/smartcar_msgs/lib:/home/ros2/ros2_rc/install/nav2_smoother/lib:/home/ros2/ros2_rc/install/nav2_graceful_controller/lib:/home/ros2/ros2_rc/install/nav2_controller/lib:/home/ros2/ros2_rc/install/dwb_plugins/lib:/home/ros2/ros2_rc/install/dwb_critics/lib:/home/ros2/ros2_rc/install/dwb_core/lib:/home/ros2/ros2_rc/install/nav_2d_utils/lib:/home/ros2/ros2_rc/install/dwb_msgs/lib:/home/ros2/ros2_rc/install/nav_2d_msgs/lib:/home/ros2/ros2_rc/install/nav2_waypoint_follower/lib:/home/ros2/ros2_rc/install/nav2_theta_star_planner/lib:/home/ros2/ros2_rc/install/nav2_smac_planner/lib:/home/ros2/ros2_rc/install/nav2_rotation_shim_controller/lib:/home/ros2/ros2_rc/install/nav2_regulated_pure_pursuit_controller/lib:/home/ros2/ros2_rc/install/nav2_planner/lib:/home/ros2/ros2_rc/install/nav2_navfn_planner/lib:/home/ros2/ros2_rc/install/nav2_mppi_controller/lib:/home/ros2/ros2_rc/install/nav2_constrained_smoother/lib:/home/ros2/ros2_rc/install/nav2_bt_navigator/lib:/home/ros2/ros2_rc/install/nav2_behaviors/lib:/home/ros2/ros2_rc/install/nav2_collision_monitor/lib:/home/ros2/ros2_rc/install/costmap_queue/lib:/home/ros2/ros2_rc/install/nav2_costmap_2d/lib:/home/ros2/ros2_rc/install/nav2_voxel_grid/lib:/home/ros2/ros2_rc/install/nav2_velocity_smoother/lib:/home/ros2/ros2_rc/install/nav2_rviz_plugins/lib:/home/ros2/ros2_rc/install/nav2_map_server/lib:/home/ros2/ros2_rc/install/nav2_lifecycle_manager/lib:/home/ros2/ros2_rc/install/nav2_behavior_tree/lib:/home/ros2/ros2_rc/install/nav2_amcl/lib:/home/ros2/ros2_rc/install/nav2_util/lib:/home/ros2/ros2_rc/install/nav2_msgs/lib:/home/ros2/ros2_rc/install/car_gazebo_plugin/lib:/usr/lib/x86_64-linux-gnu/gazebo-11/plugins:/opt/ros/humble/opt/rviz_ogre_vendor/lib:/opt/ros/humble/lib/x86_64-linux-gnu:/opt/ros/humble/lib:/usr/lib/x86_64-linux-gnu/gazebo-11/plugins /usr/bin/cmake --install /home/ros2/ros2_rc/src/build/nav2_behavior_tree
