[0.184s] Invoking command in '/home/ros2/ros2_rc/src/build/nav2_rviz_plugins': AMENT_PREFIX_PATH=/home/ros2/ros2_rc/src/install/nav2_lifecycle_manager:/home/ros2/ros2_rc/src/install/nav2_util:/home/ros2/ros2_rc/src/install/nav2_msgs:/home/ros2/ros2_rc/src/install/nav2_common:${AMENT_PREFIX_PATH} CMAKE_PREFIX_PATH=/home/ros2/ros2_rc/src/install/nav2_lifecycle_manager:/home/ros2/ros2_rc/src/install/nav2_util:/home/ros2/ros2_rc/src/install/nav2_msgs:/home/ros2/ros2_rc/src/install/nav2_common:/home/ros2/ros2_rc/install/dwb_msgs:/home/ros2/ros2_rc/install/nav_2d_msgs:/home/ros2/ros2_rc/install/nav2_voxel_grid:/home/ros2/ros2_rc/install/nav2_msgs:/home/ros2/ros2_rc/install/nav2_common:/home/ros2/ros2_rc/install/smartcar_msgs:/home/ros2/ros2_rc/install/smart_car:/home/ros2/ros2_rc/install/ros2_rc:/home/ros2/ros2_rc/install/car_gazebo_plugin:/home/ros2/ros2_rc/src/install/smartcar_msgs:/home/ros2/ros2_rc/src/install/smart_car:/home/ros2/ros2_rc/src/install/ros2_rc:/home/ros2/ros2_rc/src/install/car_gazebo_plugin:/home/ros2/ros2_rc/install/nav2_simple_commander:/opt/ros/humble LD_LIBRARY_PATH=/home/ros2/ros2_rc/src/install/nav2_lifecycle_manager/lib:/home/ros2/ros2_rc/src/install/nav2_util/lib:/home/ros2/ros2_rc/src/install/nav2_msgs/lib:/home/ros2/ros2_rc/install/dwb_msgs/lib:/home/ros2/ros2_rc/install/nav_2d_msgs/lib:/home/ros2/ros2_rc/install/nav2_voxel_grid/lib:/home/ros2/ros2_rc/install/nav2_msgs/lib:/home/ros2/ros2_rc/install/smartcar_msgs/lib:/home/ros2/ros2_rc/install/car_gazebo_plugin/lib:/home/ros2/ros2_rc/src/install/smartcar_msgs/lib:/home/ros2/ros2_rc/src/install/car_gazebo_plugin/lib:/usr/lib/x86_64-linux-gnu/gazebo-11/plugins:/opt/ros/humble/opt/rviz_ogre_vendor/lib:/opt/ros/humble/lib/x86_64-linux-gnu:/opt/ros/humble/lib:/usr/lib/x86_64-linux-gnu/gazebo-11/plugins PYTHONPATH=/home/ros2/ros2_rc/src/install/nav2_msgs/local/lib/python3.10/dist-packages:/home/ros2/ros2_rc/src/install/nav2_common/local/lib/python3.10/dist-packages:${PYTHONPATH} /usr/bin/cmake /home/ros2/ros2_rc/src/navigation2/nav2_rviz_plugins -DCMAKE_INSTALL_PREFIX=/home/ros2/ros2_rc/src/install/nav2_rviz_plugins
[0.532s] -- The C compiler identification is GNU 11.4.0
[0.687s] -- The CXX compiler identification is GNU 11.4.0
[0.743s] -- Detecting C compiler ABI info
[0.923s] -- Detecting C compiler ABI info - done
[0.946s] -- Check for working C compiler: /usr/lib/ccache/gcc - skipped
[0.948s] -- Detecting C compile features
[0.958s] -- Detecting C compile features - done
[0.974s] -- Detecting CXX compiler ABI info
[1.225s] -- Detecting CXX compiler ABI info - done
[1.247s] -- Check for working CXX compiler: /usr/lib/ccache/g++ - skipped
[1.253s] -- Detecting CXX compile features
[1.253s] -- Detecting CXX compile features - done
[1.308s] -- Found ament_cmake: 1.3.10 (/opt/ros/humble/share/ament_cmake/cmake)
[1.932s] -- Found Python3: /usr/bin/python3 (found version "3.10.12") found components: Interpreter 
[2.523s] -- Found geometry_msgs: 4.2.4 (/opt/ros/humble/share/geometry_msgs/cmake)
[2.775s] -- Found rosidl_generator_c: 3.1.5 (/opt/ros/humble/share/rosidl_generator_c/cmake)
[2.801s] -- Found rosidl_adapter: 3.1.5 (/opt/ros/humble/share/rosidl_adapter/cmake)
[2.848s] -- Found rosidl_generator_cpp: 3.1.5 (/opt/ros/humble/share/rosidl_generator_cpp/cmake)
[2.964s] -- Using all available rosidl_typesupport_c: rosidl_typesupport_fastrtps_c;rosidl_typesupport_introspection_c
[3.046s] -- Using all available rosidl_typesupport_cpp: rosidl_typesupport_fastrtps_cpp;rosidl_typesupport_introspection_cpp
[3.300s] -- Found nav2_util: 1.1.16 (/home/ros2/ros2_rc/src/install/nav2_util/share/nav2_util/cmake)
[4.305s] -- Found rmw_implementation_cmake: 6.1.2 (/opt/ros/humble/share/rmw_implementation_cmake/cmake)
[4.320s] -- Found rmw_cyclonedds_cpp: 1.3.4 (/opt/ros/humble/share/rmw_cyclonedds_cpp/cmake)
[4.525s] -- Using RMW implementation 'rmw_cyclonedds_cpp' as default
[4.577s] -- Looking for pthread.h
[4.847s] -- Looking for pthread.h - found
[4.847s] -- Performing Test CMAKE_HAVE_LIBC_PTHREAD
[5.180s] -- Performing Test CMAKE_HAVE_LIBC_PTHREAD - Success
[5.180s] -- Found Threads: TRUE  
[5.771s] -- Found eigen3_cmake_module: 0.1.1 (/opt/ros/humble/share/eigen3_cmake_module/cmake)
[5.777s] -- Found Eigen3: TRUE (found version "3.4.0") 
[5.782s] -- Ensuring Eigen3 include directory is part of orocos-kdl CMake target
[6.013s] -- Found nav2_lifecycle_manager: 1.1.16 (/home/ros2/ros2_rc/src/install/nav2_lifecycle_manager/share/nav2_lifecycle_manager/cmake)
[6.250s] -- Found pluginlib: 5.1.0 (/opt/ros/humble/share/pluginlib/cmake)
[6.428s] -- Found rviz_common: 11.2.13 (/opt/ros/humble/share/rviz_common/cmake)
[6.455s] -- Setting assimp_DIR to: '/opt/ros/humble/share/rviz_assimp_vendor/cmake/../../../opt/rviz_assimp_vendor/lib/cmake/assimp-4.1'
[6.487s] -- Setting OGRE_DIR to: '/opt/ros/humble/share/rviz_ogre_vendor/cmake/../../../opt/rviz_ogre_vendor/lib/OGRE/cmake'
[6.494s] -- Found OGRE
[6.495s] --   static     : OFF
[6.495s] --   components : HLMS;MeshLodGenerator;Overlay;Paging;Property;RTShaderSystem;Terrain;Volume
[6.495s] --   plugins    : Plugin_BSPSceneManager;Plugin_OctreeSceneManager;Plugin_PCZSceneManager;Plugin_ParticleFX;RenderSystem_GL;RenderSystem_GL3Plus;Codec_STBI
[6.495s] --   media      : /opt/ros/humble/opt/rviz_ogre_vendor/share/OGRE/Media
[6.495s] -- OGRE_LIBRARIES: OgreHLMS;OgreMeshLodGenerator;OgreOverlay;OgrePaging;OgreProperty;OgreRTShaderSystem;OgreTerrain;OgreVolume;OgreMain
[6.495s] -- OGRE_LIBRARY_DIRS: /opt/ros/humble/opt/rviz_ogre_vendor/lib
[6.495s] -- OGRE_PLUGINS: Plugin_BSPSceneManager;Plugin_OctreeSceneManager;Plugin_PCZSceneManager;Plugin_ParticleFX;RenderSystem_GL;RenderSystem_GL3Plus;Codec_STBI
[6.495s] -- OGRE_PLUGIN_DIR: /opt/ros/humble/opt/rviz_ogre_vendor/lib/OGRE
[6.503s] -- rviz_ogre_vendor::OgreOverlay for IMPORTED_LOCATION_RELEASE: /opt/ros/humble/opt/rviz_ogre_vendor/lib/libOgreOverlay.so
[6.504s] -- rviz_ogre_vendor::OgreOverlay for IMPORTED_LOCATION_DEBUG: /opt/ros/humble/opt/rviz_ogre_vendor/lib/libOgreOverlay.so
[6.504s] -- rviz_ogre_vendor::OgreMain for IMPORTED_LOCATION_RELEASE: /opt/ros/humble/opt/rviz_ogre_vendor/lib/libOgreMain.so
[6.510s] -- rviz_ogre_vendor::OgreMain for IMPORTED_LOCATION_DEBUG: /opt/ros/humble/opt/rviz_ogre_vendor/lib/libOgreMain.so
[6.564s] -- Found ZLIB: /usr/lib/x86_64-linux-gnu/libz.so (found version "1.2.11") 
[6.586s] -- Found OpenGL: /usr/lib/x86_64-linux-gnu/libOpenGL.so   
[6.913s] -- Found X11: /usr/include   
[6.914s] -- Looking for XOpenDisplay in /usr/lib/x86_64-linux-gnu/libX11.so;/usr/lib/x86_64-linux-gnu/libXext.so
[7.102s] -- Looking for XOpenDisplay in /usr/lib/x86_64-linux-gnu/libX11.so;/usr/lib/x86_64-linux-gnu/libXext.so - found
[7.102s] -- Looking for gethostbyname
[7.280s] -- Looking for gethostbyname - found
[7.280s] -- Looking for connect
[7.432s] -- Looking for connect - found
[7.432s] -- Looking for remove
[7.618s] -- Looking for remove - found
[7.619s] -- Looking for shmat
[7.780s] -- Looking for shmat - found
[7.780s] -- Looking for IceConnectionNumber in ICE
[7.940s] -- Looking for IceConnectionNumber in ICE - found
[8.144s] -- library: /usr/lib/x86_64-linux-gnu/libcurl.so
[8.335s] -- Found rviz_default_plugins: 11.2.13 (/opt/ros/humble/share/rviz_default_plugins/cmake)
[9.070s] -- Found ament_lint_auto: 0.12.11 (/opt/ros/humble/share/ament_lint_auto/cmake)
[9.759s] -- Added test 'copyright' to check source files copyright and LICENSE
[9.763s] -- Added test 'cppcheck' to perform static code analysis on C / C++ code
[9.764s] -- Configured cppcheck include dirs: /home/ros2/ros2_rc/src/navigation2/nav2_rviz_plugins/include
[9.764s] -- Configured cppcheck exclude dirs and/or files: 
[9.764s] -- Added test 'cpplint' to check C / C++ code against the Google style
[9.764s] -- Configured cpplint exclude dirs and/or files: 
[9.764s] -- Added test 'lint_cmake' to check CMake code style
[9.764s] -- Added test 'uncrustify' to check C / C++ code style
[9.764s] -- Configured uncrustify additional arguments: 
[9.764s] -- Added test 'xmllint' to check XML markup files
[9.765s] -- Configuring done
[10.025s] -- Generating done
[10.031s] -- Build files have been written to: /home/ros2/ros2_rc/src/build/nav2_rviz_plugins
[10.076s] Invoked command in '/home/ros2/ros2_rc/src/build/nav2_rviz_plugins' returned '0': AMENT_PREFIX_PATH=/home/ros2/ros2_rc/src/install/nav2_lifecycle_manager:/home/ros2/ros2_rc/src/install/nav2_util:/home/ros2/ros2_rc/src/install/nav2_msgs:/home/ros2/ros2_rc/src/install/nav2_common:${AMENT_PREFIX_PATH} CMAKE_PREFIX_PATH=/home/ros2/ros2_rc/src/install/nav2_lifecycle_manager:/home/ros2/ros2_rc/src/install/nav2_util:/home/ros2/ros2_rc/src/install/nav2_msgs:/home/ros2/ros2_rc/src/install/nav2_common:/home/ros2/ros2_rc/install/dwb_msgs:/home/ros2/ros2_rc/install/nav_2d_msgs:/home/ros2/ros2_rc/install/nav2_voxel_grid:/home/ros2/ros2_rc/install/nav2_msgs:/home/ros2/ros2_rc/install/nav2_common:/home/ros2/ros2_rc/install/smartcar_msgs:/home/ros2/ros2_rc/install/smart_car:/home/ros2/ros2_rc/install/ros2_rc:/home/ros2/ros2_rc/install/car_gazebo_plugin:/home/ros2/ros2_rc/src/install/smartcar_msgs:/home/ros2/ros2_rc/src/install/smart_car:/home/ros2/ros2_rc/src/install/ros2_rc:/home/ros2/ros2_rc/src/install/car_gazebo_plugin:/home/ros2/ros2_rc/install/nav2_simple_commander:/opt/ros/humble LD_LIBRARY_PATH=/home/ros2/ros2_rc/src/install/nav2_lifecycle_manager/lib:/home/ros2/ros2_rc/src/install/nav2_util/lib:/home/ros2/ros2_rc/src/install/nav2_msgs/lib:/home/ros2/ros2_rc/install/dwb_msgs/lib:/home/ros2/ros2_rc/install/nav_2d_msgs/lib:/home/ros2/ros2_rc/install/nav2_voxel_grid/lib:/home/ros2/ros2_rc/install/nav2_msgs/lib:/home/ros2/ros2_rc/install/smartcar_msgs/lib:/home/ros2/ros2_rc/install/car_gazebo_plugin/lib:/home/ros2/ros2_rc/src/install/smartcar_msgs/lib:/home/ros2/ros2_rc/src/install/car_gazebo_plugin/lib:/usr/lib/x86_64-linux-gnu/gazebo-11/plugins:/opt/ros/humble/opt/rviz_ogre_vendor/lib:/opt/ros/humble/lib/x86_64-linux-gnu:/opt/ros/humble/lib:/usr/lib/x86_64-linux-gnu/gazebo-11/plugins PYTHONPATH=/home/ros2/ros2_rc/src/install/nav2_msgs/local/lib/python3.10/dist-packages:/home/ros2/ros2_rc/src/install/nav2_common/local/lib/python3.10/dist-packages:${PYTHONPATH} /usr/bin/cmake /home/ros2/ros2_rc/src/navigation2/nav2_rviz_plugins -DCMAKE_INSTALL_PREFIX=/home/ros2/ros2_rc/src/install/nav2_rviz_plugins
[10.143s] Invoking command in '/home/ros2/ros2_rc/src/build/nav2_rviz_plugins': AMENT_PREFIX_PATH=/home/ros2/ros2_rc/src/install/nav2_lifecycle_manager:/home/ros2/ros2_rc/src/install/nav2_util:/home/ros2/ros2_rc/src/install/nav2_msgs:/home/ros2/ros2_rc/src/install/nav2_common:${AMENT_PREFIX_PATH} CMAKE_PREFIX_PATH=/home/ros2/ros2_rc/src/install/nav2_lifecycle_manager:/home/ros2/ros2_rc/src/install/nav2_util:/home/ros2/ros2_rc/src/install/nav2_msgs:/home/ros2/ros2_rc/src/install/nav2_common:/home/ros2/ros2_rc/install/dwb_msgs:/home/ros2/ros2_rc/install/nav_2d_msgs:/home/ros2/ros2_rc/install/nav2_voxel_grid:/home/ros2/ros2_rc/install/nav2_msgs:/home/ros2/ros2_rc/install/nav2_common:/home/ros2/ros2_rc/install/smartcar_msgs:/home/ros2/ros2_rc/install/smart_car:/home/ros2/ros2_rc/install/ros2_rc:/home/ros2/ros2_rc/install/car_gazebo_plugin:/home/ros2/ros2_rc/src/install/smartcar_msgs:/home/ros2/ros2_rc/src/install/smart_car:/home/ros2/ros2_rc/src/install/ros2_rc:/home/ros2/ros2_rc/src/install/car_gazebo_plugin:/home/ros2/ros2_rc/install/nav2_simple_commander:/opt/ros/humble LD_LIBRARY_PATH=/home/ros2/ros2_rc/src/install/nav2_lifecycle_manager/lib:/home/ros2/ros2_rc/src/install/nav2_util/lib:/home/ros2/ros2_rc/src/install/nav2_msgs/lib:/home/ros2/ros2_rc/install/dwb_msgs/lib:/home/ros2/ros2_rc/install/nav_2d_msgs/lib:/home/ros2/ros2_rc/install/nav2_voxel_grid/lib:/home/ros2/ros2_rc/install/nav2_msgs/lib:/home/ros2/ros2_rc/install/smartcar_msgs/lib:/home/ros2/ros2_rc/install/car_gazebo_plugin/lib:/home/ros2/ros2_rc/src/install/smartcar_msgs/lib:/home/ros2/ros2_rc/src/install/car_gazebo_plugin/lib:/usr/lib/x86_64-linux-gnu/gazebo-11/plugins:/opt/ros/humble/opt/rviz_ogre_vendor/lib:/opt/ros/humble/lib/x86_64-linux-gnu:/opt/ros/humble/lib:/usr/lib/x86_64-linux-gnu/gazebo-11/plugins PYTHONPATH=/home/ros2/ros2_rc/src/install/nav2_msgs/local/lib/python3.10/dist-packages:/home/ros2/ros2_rc/src/install/nav2_common/local/lib/python3.10/dist-packages:${PYTHONPATH} /usr/bin/cmake --build /home/ros2/ros2_rc/src/build/nav2_rviz_plugins -- -j9 -l9
[10.272s] [ 14%] [34m[1mAutomatic MOC for target nav2_rviz_plugins[0m
[12.834s] [ 14%] Built target nav2_rviz_plugins_autogen
[12.899s] [ 28%] [32mBuilding CXX object CMakeFiles/nav2_rviz_plugins.dir/nav2_rviz_plugins_autogen/mocs_compilation.cpp.o[0m
[47.558s] [ 42%] [32mBuilding CXX object CMakeFiles/nav2_rviz_plugins.dir/src/particle_cloud_display/particle_cloud_display.cpp.o[0m
[72.729s] [ 57%] [32mBuilding CXX object CMakeFiles/nav2_rviz_plugins.dir/src/particle_cloud_display/flat_weighted_arrows_array.cpp.o[0m
[85.328s] [ 85%] [32mBuilding CXX object CMakeFiles/nav2_rviz_plugins.dir/src/goal_tool.cpp.o[0m
[85.328s] [ 85%] [32mBuilding CXX object CMakeFiles/nav2_rviz_plugins.dir/src/nav2_panel.cpp.o[0m
[144.097s] [100%] [32m[1mLinking CXX shared library libnav2_rviz_plugins.so[0m
[172.030s] [100%] Built target nav2_rviz_plugins
[172.068s] Invoked command in '/home/ros2/ros2_rc/src/build/nav2_rviz_plugins' returned '0': AMENT_PREFIX_PATH=/home/ros2/ros2_rc/src/install/nav2_lifecycle_manager:/home/ros2/ros2_rc/src/install/nav2_util:/home/ros2/ros2_rc/src/install/nav2_msgs:/home/ros2/ros2_rc/src/install/nav2_common:${AMENT_PREFIX_PATH} CMAKE_PREFIX_PATH=/home/ros2/ros2_rc/src/install/nav2_lifecycle_manager:/home/ros2/ros2_rc/src/install/nav2_util:/home/ros2/ros2_rc/src/install/nav2_msgs:/home/ros2/ros2_rc/src/install/nav2_common:/home/ros2/ros2_rc/install/dwb_msgs:/home/ros2/ros2_rc/install/nav_2d_msgs:/home/ros2/ros2_rc/install/nav2_voxel_grid:/home/ros2/ros2_rc/install/nav2_msgs:/home/ros2/ros2_rc/install/nav2_common:/home/ros2/ros2_rc/install/smartcar_msgs:/home/ros2/ros2_rc/install/smart_car:/home/ros2/ros2_rc/install/ros2_rc:/home/ros2/ros2_rc/install/car_gazebo_plugin:/home/ros2/ros2_rc/src/install/smartcar_msgs:/home/ros2/ros2_rc/src/install/smart_car:/home/ros2/ros2_rc/src/install/ros2_rc:/home/ros2/ros2_rc/src/install/car_gazebo_plugin:/home/ros2/ros2_rc/install/nav2_simple_commander:/opt/ros/humble LD_LIBRARY_PATH=/home/ros2/ros2_rc/src/install/nav2_lifecycle_manager/lib:/home/ros2/ros2_rc/src/install/nav2_util/lib:/home/ros2/ros2_rc/src/install/nav2_msgs/lib:/home/ros2/ros2_rc/install/dwb_msgs/lib:/home/ros2/ros2_rc/install/nav_2d_msgs/lib:/home/ros2/ros2_rc/install/nav2_voxel_grid/lib:/home/ros2/ros2_rc/install/nav2_msgs/lib:/home/ros2/ros2_rc/install/smartcar_msgs/lib:/home/ros2/ros2_rc/install/car_gazebo_plugin/lib:/home/ros2/ros2_rc/src/install/smartcar_msgs/lib:/home/ros2/ros2_rc/src/install/car_gazebo_plugin/lib:/usr/lib/x86_64-linux-gnu/gazebo-11/plugins:/opt/ros/humble/opt/rviz_ogre_vendor/lib:/opt/ros/humble/lib/x86_64-linux-gnu:/opt/ros/humble/lib:/usr/lib/x86_64-linux-gnu/gazebo-11/plugins PYTHONPATH=/home/ros2/ros2_rc/src/install/nav2_msgs/local/lib/python3.10/dist-packages:/home/ros2/ros2_rc/src/install/nav2_common/local/lib/python3.10/dist-packages:${PYTHONPATH} /usr/bin/cmake --build /home/ros2/ros2_rc/src/build/nav2_rviz_plugins -- -j9 -l9
[172.202s] Invoking command in '/home/ros2/ros2_rc/src/build/nav2_rviz_plugins': AMENT_PREFIX_PATH=/home/ros2/ros2_rc/src/install/nav2_lifecycle_manager:/home/ros2/ros2_rc/src/install/nav2_util:/home/ros2/ros2_rc/src/install/nav2_msgs:/home/ros2/ros2_rc/src/install/nav2_common:${AMENT_PREFIX_PATH} CMAKE_PREFIX_PATH=/home/ros2/ros2_rc/src/install/nav2_lifecycle_manager:/home/ros2/ros2_rc/src/install/nav2_util:/home/ros2/ros2_rc/src/install/nav2_msgs:/home/ros2/ros2_rc/src/install/nav2_common:/home/ros2/ros2_rc/install/dwb_msgs:/home/ros2/ros2_rc/install/nav_2d_msgs:/home/ros2/ros2_rc/install/nav2_voxel_grid:/home/ros2/ros2_rc/install/nav2_msgs:/home/ros2/ros2_rc/install/nav2_common:/home/ros2/ros2_rc/install/smartcar_msgs:/home/ros2/ros2_rc/install/smart_car:/home/ros2/ros2_rc/install/ros2_rc:/home/ros2/ros2_rc/install/car_gazebo_plugin:/home/ros2/ros2_rc/src/install/smartcar_msgs:/home/ros2/ros2_rc/src/install/smart_car:/home/ros2/ros2_rc/src/install/ros2_rc:/home/ros2/ros2_rc/src/install/car_gazebo_plugin:/home/ros2/ros2_rc/install/nav2_simple_commander:/opt/ros/humble LD_LIBRARY_PATH=/home/ros2/ros2_rc/src/install/nav2_lifecycle_manager/lib:/home/ros2/ros2_rc/src/install/nav2_util/lib:/home/ros2/ros2_rc/src/install/nav2_msgs/lib:/home/ros2/ros2_rc/install/dwb_msgs/lib:/home/ros2/ros2_rc/install/nav_2d_msgs/lib:/home/ros2/ros2_rc/install/nav2_voxel_grid/lib:/home/ros2/ros2_rc/install/nav2_msgs/lib:/home/ros2/ros2_rc/install/smartcar_msgs/lib:/home/ros2/ros2_rc/install/car_gazebo_plugin/lib:/home/ros2/ros2_rc/src/install/smartcar_msgs/lib:/home/ros2/ros2_rc/src/install/car_gazebo_plugin/lib:/usr/lib/x86_64-linux-gnu/gazebo-11/plugins:/opt/ros/humble/opt/rviz_ogre_vendor/lib:/opt/ros/humble/lib/x86_64-linux-gnu:/opt/ros/humble/lib:/usr/lib/x86_64-linux-gnu/gazebo-11/plugins PYTHONPATH=/home/ros2/ros2_rc/src/install/nav2_msgs/local/lib/python3.10/dist-packages:/home/ros2/ros2_rc/src/install/nav2_common/local/lib/python3.10/dist-packages:${PYTHONPATH} /usr/bin/cmake --install /home/ros2/ros2_rc/src/build/nav2_rviz_plugins
[172.222s] -- Install configuration: ""
[172.225s] -- Installing: /home/ros2/ros2_rc/src/install/nav2_rviz_plugins/share/nav2_rviz_plugins/plugins_description.xml
[172.239s] -- Installing: /home/ros2/ros2_rc/src/install/nav2_rviz_plugins/lib/libnav2_rviz_plugins.so
[172.294s] -- Set runtime path of "/home/ros2/ros2_rc/src/install/nav2_rviz_plugins/lib/libnav2_rviz_plugins.so" to ""
[172.295s] -- Installing: /home/ros2/ros2_rc/src/install/nav2_rviz_plugins/include/
[172.296s] -- Installing: /home/ros2/ros2_rc/src/install/nav2_rviz_plugins/include//nav2_rviz_plugins
[172.296s] -- Installing: /home/ros2/ros2_rc/src/install/nav2_rviz_plugins/include//nav2_rviz_plugins/goal_pose_updater.hpp
[172.299s] -- Installing: /home/ros2/ros2_rc/src/install/nav2_rviz_plugins/include//nav2_rviz_plugins/goal_tool.hpp
[172.299s] -- Installing: /home/ros2/ros2_rc/src/install/nav2_rviz_plugins/include//nav2_rviz_plugins/particle_cloud_display
[172.300s] -- Installing: /home/ros2/ros2_rc/src/install/nav2_rviz_plugins/include//nav2_rviz_plugins/particle_cloud_display/particle_cloud_display.hpp
[172.300s] -- Installing: /home/ros2/ros2_rc/src/install/nav2_rviz_plugins/include//nav2_rviz_plugins/particle_cloud_display/flat_weighted_arrows_array.hpp
[172.300s] -- Installing: /home/ros2/ros2_rc/src/install/nav2_rviz_plugins/include//nav2_rviz_plugins/ros_action_qevent.hpp
[172.301s] -- Installing: /home/ros2/ros2_rc/src/install/nav2_rviz_plugins/include//nav2_rviz_plugins/nav2_panel.hpp
[172.301s] -- Installing: /home/ros2/ros2_rc/src/install/nav2_rviz_plugins/include//nav2_rviz_plugins/goal_common.hpp
[172.301s] -- Installing: /home/ros2/ros2_rc/src/install/nav2_rviz_plugins/share/nav2_rviz_plugins/environment/library_path.sh
[172.301s] -- Installing: /home/ros2/ros2_rc/src/install/nav2_rviz_plugins/share/nav2_rviz_plugins/environment/library_path.dsv
[172.302s] -- Installing: /home/ros2/ros2_rc/src/install/nav2_rviz_plugins/share/ament_index/resource_index/package_run_dependencies/nav2_rviz_plugins
[172.302s] -- Installing: /home/ros2/ros2_rc/src/install/nav2_rviz_plugins/share/ament_index/resource_index/parent_prefix_path/nav2_rviz_plugins
[172.302s] -- Installing: /home/ros2/ros2_rc/src/install/nav2_rviz_plugins/share/nav2_rviz_plugins/environment/ament_prefix_path.sh
[172.303s] -- Installing: /home/ros2/ros2_rc/src/install/nav2_rviz_plugins/share/nav2_rviz_plugins/environment/ament_prefix_path.dsv
[172.303s] -- Installing: /home/ros2/ros2_rc/src/install/nav2_rviz_plugins/share/nav2_rviz_plugins/environment/path.sh
[172.303s] -- Installing: /home/ros2/ros2_rc/src/install/nav2_rviz_plugins/share/nav2_rviz_plugins/environment/path.dsv
[172.304s] -- Installing: /home/ros2/ros2_rc/src/install/nav2_rviz_plugins/share/nav2_rviz_plugins/local_setup.bash
[172.305s] -- Installing: /home/ros2/ros2_rc/src/install/nav2_rviz_plugins/share/nav2_rviz_plugins/local_setup.sh
[172.306s] -- Installing: /home/ros2/ros2_rc/src/install/nav2_rviz_plugins/share/nav2_rviz_plugins/local_setup.zsh
[172.306s] -- Installing: /home/ros2/ros2_rc/src/install/nav2_rviz_plugins/share/nav2_rviz_plugins/local_setup.dsv
[172.306s] -- Installing: /home/ros2/ros2_rc/src/install/nav2_rviz_plugins/share/nav2_rviz_plugins/package.dsv
[172.306s] -- Installing: /home/ros2/ros2_rc/src/install/nav2_rviz_plugins/share/ament_index/resource_index/packages/nav2_rviz_plugins
[172.306s] -- Installing: /home/ros2/ros2_rc/src/install/nav2_rviz_plugins/share/ament_index/resource_index/rviz_common__pluginlib__plugin/nav2_rviz_plugins
[172.306s] -- Installing: /home/ros2/ros2_rc/src/install/nav2_rviz_plugins/share/nav2_rviz_plugins/cmake/nav2_rviz_pluginsExport.cmake
[172.306s] -- Installing: /home/ros2/ros2_rc/src/install/nav2_rviz_plugins/share/nav2_rviz_plugins/cmake/nav2_rviz_pluginsExport-noconfig.cmake
[172.306s] -- Installing: /home/ros2/ros2_rc/src/install/nav2_rviz_plugins/share/nav2_rviz_plugins/cmake/ament_cmake_export_include_directories-extras.cmake
[172.306s] -- Installing: /home/ros2/ros2_rc/src/install/nav2_rviz_plugins/share/nav2_rviz_plugins/cmake/ament_cmake_export_targets-extras.cmake
[172.307s] -- Installing: /home/ros2/ros2_rc/src/install/nav2_rviz_plugins/share/nav2_rviz_plugins/cmake/ament_cmake_export_dependencies-extras.cmake
[172.307s] -- Installing: /home/ros2/ros2_rc/src/install/nav2_rviz_plugins/share/nav2_rviz_plugins/cmake/nav2_rviz_pluginsConfig.cmake
[172.307s] -- Installing: /home/ros2/ros2_rc/src/install/nav2_rviz_plugins/share/nav2_rviz_plugins/cmake/nav2_rviz_pluginsConfig-version.cmake
[172.307s] -- Installing: /home/ros2/ros2_rc/src/install/nav2_rviz_plugins/share/nav2_rviz_plugins/package.xml
[172.317s] Invoked command in '/home/ros2/ros2_rc/src/build/nav2_rviz_plugins' returned '0': AMENT_PREFIX_PATH=/home/ros2/ros2_rc/src/install/nav2_lifecycle_manager:/home/ros2/ros2_rc/src/install/nav2_util:/home/ros2/ros2_rc/src/install/nav2_msgs:/home/ros2/ros2_rc/src/install/nav2_common:${AMENT_PREFIX_PATH} CMAKE_PREFIX_PATH=/home/ros2/ros2_rc/src/install/nav2_lifecycle_manager:/home/ros2/ros2_rc/src/install/nav2_util:/home/ros2/ros2_rc/src/install/nav2_msgs:/home/ros2/ros2_rc/src/install/nav2_common:/home/ros2/ros2_rc/install/dwb_msgs:/home/ros2/ros2_rc/install/nav_2d_msgs:/home/ros2/ros2_rc/install/nav2_voxel_grid:/home/ros2/ros2_rc/install/nav2_msgs:/home/ros2/ros2_rc/install/nav2_common:/home/ros2/ros2_rc/install/smartcar_msgs:/home/ros2/ros2_rc/install/smart_car:/home/ros2/ros2_rc/install/ros2_rc:/home/ros2/ros2_rc/install/car_gazebo_plugin:/home/ros2/ros2_rc/src/install/smartcar_msgs:/home/ros2/ros2_rc/src/install/smart_car:/home/ros2/ros2_rc/src/install/ros2_rc:/home/ros2/ros2_rc/src/install/car_gazebo_plugin:/home/ros2/ros2_rc/install/nav2_simple_commander:/opt/ros/humble LD_LIBRARY_PATH=/home/ros2/ros2_rc/src/install/nav2_lifecycle_manager/lib:/home/ros2/ros2_rc/src/install/nav2_util/lib:/home/ros2/ros2_rc/src/install/nav2_msgs/lib:/home/ros2/ros2_rc/install/dwb_msgs/lib:/home/ros2/ros2_rc/install/nav_2d_msgs/lib:/home/ros2/ros2_rc/install/nav2_voxel_grid/lib:/home/ros2/ros2_rc/install/nav2_msgs/lib:/home/ros2/ros2_rc/install/smartcar_msgs/lib:/home/ros2/ros2_rc/install/car_gazebo_plugin/lib:/home/ros2/ros2_rc/src/install/smartcar_msgs/lib:/home/ros2/ros2_rc/src/install/car_gazebo_plugin/lib:/usr/lib/x86_64-linux-gnu/gazebo-11/plugins:/opt/ros/humble/opt/rviz_ogre_vendor/lib:/opt/ros/humble/lib/x86_64-linux-gnu:/opt/ros/humble/lib:/usr/lib/x86_64-linux-gnu/gazebo-11/plugins PYTHONPATH=/home/ros2/ros2_rc/src/install/nav2_msgs/local/lib/python3.10/dist-packages:/home/ros2/ros2_rc/src/install/nav2_common/local/lib/python3.10/dist-packages:${PYTHONPATH} /usr/bin/cmake --install /home/ros2/ros2_rc/src/build/nav2_rviz_plugins
