[0.289s] Invoking command in '/home/ros2/ros2_rc/src/build/nav2_behavior_tree': CMAKE_PREFIX_PATH=/home/ros2/ros2_rc/src/install/nav2_util:/home/ros2/ros2_rc/src/install/nav2_msgs:/home/ros2/ros2_rc/src/install/nav2_common:/home/ros2/ros2_rc/src/install/smartcar_msgs:/home/ros2/ros2_rc/src/install/smart_car:/home/ros2/ros2_rc/src/install/ros2_rc:/home/ros2/ros2_rc/src/install/nav2_system_tests:/home/ros2/ros2_rc/src/install/nav2_bringup:/home/ros2/ros2_rc/src/install/navigation2:/home/ros2/ros2_rc/src/install/nav2_smoother:/home/ros2/ros2_rc/src/install/nav2_graceful_controller:/home/ros2/ros2_rc/src/install/nav2_dwb_controller:/home/ros2/ros2_rc/src/install/nav2_controller:/home/ros2/ros2_rc/src/install/dwb_plugins:/home/ros2/ros2_rc/src/install/dwb_critics:/home/ros2/ros2_rc/src/install/dwb_core:/home/ros2/ros2_rc/src/install/nav_2d_utils:/home/ros2/ros2_rc/src/install/dwb_msgs:/home/ros2/ros2_rc/src/install/nav_2d_msgs:/home/ros2/ros2_rc/src/install/nav2_waypoint_follower:/home/ros2/ros2_rc/src/install/nav2_theta_star_planner:/home/ros2/ros2_rc/src/install/nav2_smac_planner:/home/ros2/ros2_rc/src/install/nav2_rotation_shim_controller:/home/ros2/ros2_rc/src/install/nav2_regulated_pure_pursuit_controller:/home/ros2/ros2_rc/src/install/nav2_planner:/home/ros2/ros2_rc/src/install/nav2_navfn_planner:/home/ros2/ros2_rc/src/install/nav2_mppi_controller:/home/ros2/ros2_rc/src/install/nav2_constrained_smoother:/home/ros2/ros2_rc/src/install/nav2_bt_navigator:/home/ros2/ros2_rc/src/install/nav2_behaviors:/home/ros2/ros2_rc/src/install/nav2_core:/home/ros2/ros2_rc/src/install/nav2_collision_monitor:/home/ros2/ros2_rc/src/install/costmap_queue:/home/ros2/ros2_rc/src/install/nav2_costmap_2d:/home/ros2/ros2_rc/src/install/nav2_voxel_grid:/home/ros2/ros2_rc/src/install/nav2_velocity_smoother:/home/ros2/ros2_rc/src/install/nav2_rviz_plugins:/home/ros2/ros2_rc/src/install/nav2_map_server:/home/ros2/ros2_rc/src/install/nav2_lifecycle_manager:/home/ros2/ros2_rc/src/install/nav2_behavior_tree:/home/ros2/ros2_rc/src/install/nav2_amcl:/home/ros2/ros2_rc/src/install/car_gazebo_plugin:/home/ros2/ros2_rc/install/smartcar_msgs:/home/ros2/ros2_rc/install/smart_car:/home/ros2/ros2_rc/install/ros2_rc:/home/ros2/ros2_rc/install/nav2_system_tests:/home/ros2/ros2_rc/install/nav2_bringup:/home/ros2/ros2_rc/install/navigation2:/home/ros2/ros2_rc/install/nav2_smoother:/home/ros2/ros2_rc/install/nav2_graceful_controller:/home/ros2/ros2_rc/install/nav2_dwb_controller:/home/ros2/ros2_rc/install/nav2_controller:/home/ros2/ros2_rc/install/dwb_plugins:/home/ros2/ros2_rc/install/dwb_critics:/home/ros2/ros2_rc/install/dwb_core:/home/ros2/ros2_rc/install/nav_2d_utils:/home/ros2/ros2_rc/install/dwb_msgs:/home/ros2/ros2_rc/install/nav_2d_msgs:/home/ros2/ros2_rc/install/nav2_waypoint_follower:/home/ros2/ros2_rc/install/nav2_theta_star_planner:/home/ros2/ros2_rc/install/nav2_smac_planner:/home/ros2/ros2_rc/install/nav2_rotation_shim_controller:/home/ros2/ros2_rc/install/nav2_regulated_pure_pursuit_controller:/home/ros2/ros2_rc/install/nav2_planner:/home/ros2/ros2_rc/install/nav2_navfn_planner:/home/ros2/ros2_rc/install/nav2_mppi_controller:/home/ros2/ros2_rc/install/nav2_constrained_smoother:/home/ros2/ros2_rc/install/nav2_bt_navigator:/home/ros2/ros2_rc/install/nav2_behaviors:/home/ros2/ros2_rc/install/nav2_core:/home/ros2/ros2_rc/install/nav2_collision_monitor:/home/ros2/ros2_rc/install/costmap_queue:/home/ros2/ros2_rc/install/nav2_costmap_2d:/home/ros2/ros2_rc/install/nav2_voxel_grid:/home/ros2/ros2_rc/install/nav2_velocity_smoother:/home/ros2/ros2_rc/install/nav2_rviz_plugins:/home/ros2/ros2_rc/install/nav2_map_server:/home/ros2/ros2_rc/install/nav2_lifecycle_manager:/home/ros2/ros2_rc/install/nav2_behavior_tree:/home/ros2/ros2_rc/install/nav2_amcl:/home/ros2/ros2_rc/install/nav2_util:/home/ros2/ros2_rc/install/nav2_msgs:/home/ros2/ros2_rc/install/nav2_common:/home/ros2/ros2_rc/install/car_gazebo_plugin:/home/ros2/ros2_rc/src/install/nav2_simple_commander:/home/ros2/ros2_rc/install/nav2_simple_commander:/opt/ros/humble LD_LIBRARY_PATH=/home/ros2/ros2_rc/src/install/nav2_util/lib:/home/ros2/ros2_rc/src/install/nav2_msgs/lib:/home/ros2/ros2_rc/src/install/smartcar_msgs/lib:/home/ros2/ros2_rc/src/install/nav2_smoother/lib:/home/ros2/ros2_rc/src/install/nav2_graceful_controller/lib:/home/ros2/ros2_rc/src/install/nav2_controller/lib:/home/ros2/ros2_rc/src/install/dwb_plugins/lib:/home/ros2/ros2_rc/src/install/dwb_critics/lib:/home/ros2/ros2_rc/src/install/dwb_core/lib:/home/ros2/ros2_rc/src/install/nav_2d_utils/lib:/home/ros2/ros2_rc/src/install/dwb_msgs/lib:/home/ros2/ros2_rc/src/install/nav_2d_msgs/lib:/home/ros2/ros2_rc/src/install/nav2_waypoint_follower/lib:/home/ros2/ros2_rc/src/install/nav2_theta_star_planner/lib:/home/ros2/ros2_rc/src/install/nav2_smac_planner/lib:/home/ros2/ros2_rc/src/install/nav2_rotation_shim_controller/lib:/home/ros2/ros2_rc/src/install/nav2_regulated_pure_pursuit_controller/lib:/home/ros2/ros2_rc/src/install/nav2_planner/lib:/home/ros2/ros2_rc/src/install/nav2_navfn_planner/lib:/home/ros2/ros2_rc/src/install/nav2_mppi_controller/lib:/home/ros2/ros2_rc/src/install/nav2_constrained_smoother/lib:/home/ros2/ros2_rc/src/install/nav2_bt_navigator/lib:/home/ros2/ros2_rc/src/install/nav2_behaviors/lib:/home/ros2/ros2_rc/src/install/nav2_collision_monitor/lib:/home/ros2/ros2_rc/src/install/costmap_queue/lib:/home/ros2/ros2_rc/src/install/nav2_costmap_2d/lib:/home/ros2/ros2_rc/src/install/nav2_voxel_grid/lib:/home/ros2/ros2_rc/src/install/nav2_velocity_smoother/lib:/home/ros2/ros2_rc/src/install/nav2_rviz_plugins/lib:/home/ros2/ros2_rc/src/install/nav2_map_server/lib:/home/ros2/ros2_rc/src/install/nav2_lifecycle_manager/lib:/home/ros2/ros2_rc/src/install/nav2_behavior_tree/lib:/home/ros2/ros2_rc/src/install/nav2_amcl/lib:/home/ros2/ros2_rc/src/install/car_gazebo_plugin/lib:/home/ros2/ros2_rc/install/smartcar_msgs/lib:/home/ros2/ros2_rc/install/nav2_smoother/lib:/home/ros2/ros2_rc/install/nav2_graceful_controller/lib:/home/ros2/ros2_rc/install/nav2_controller/lib:/home/ros2/ros2_rc/install/dwb_plugins/lib:/home/ros2/ros2_rc/install/dwb_critics/lib:/home/ros2/ros2_rc/install/dwb_core/lib:/home/ros2/ros2_rc/install/nav_2d_utils/lib:/home/ros2/ros2_rc/install/dwb_msgs/lib:/home/ros2/ros2_rc/install/nav_2d_msgs/lib:/home/ros2/ros2_rc/install/nav2_waypoint_follower/lib:/home/ros2/ros2_rc/install/nav2_theta_star_planner/lib:/home/ros2/ros2_rc/install/nav2_smac_planner/lib:/home/ros2/ros2_rc/install/nav2_rotation_shim_controller/lib:/home/ros2/ros2_rc/install/nav2_regulated_pure_pursuit_controller/lib:/home/ros2/ros2_rc/install/nav2_planner/lib:/home/ros2/ros2_rc/install/nav2_navfn_planner/lib:/home/ros2/ros2_rc/install/nav2_mppi_controller/lib:/home/ros2/ros2_rc/install/nav2_constrained_smoother/lib:/home/ros2/ros2_rc/install/nav2_bt_navigator/lib:/home/ros2/ros2_rc/install/nav2_behaviors/lib:/home/ros2/ros2_rc/install/nav2_collision_monitor/lib:/home/ros2/ros2_rc/install/costmap_queue/lib:/home/ros2/ros2_rc/install/nav2_costmap_2d/lib:/home/ros2/ros2_rc/install/nav2_voxel_grid/lib:/home/ros2/ros2_rc/install/nav2_velocity_smoother/lib:/home/ros2/ros2_rc/install/nav2_rviz_plugins/lib:/home/ros2/ros2_rc/install/nav2_map_server/lib:/home/ros2/ros2_rc/install/nav2_lifecycle_manager/lib:/home/ros2/ros2_rc/install/nav2_behavior_tree/lib:/home/ros2/ros2_rc/install/nav2_amcl/lib:/home/ros2/ros2_rc/install/nav2_util/lib:/home/ros2/ros2_rc/install/nav2_msgs/lib:/home/ros2/ros2_rc/install/car_gazebo_plugin/lib:/usr/lib/x86_64-linux-gnu/gazebo-11/plugins:/opt/ros/humble/opt/rviz_ogre_vendor/lib:/opt/ros/humble/lib/x86_64-linux-gnu:/opt/ros/humble/lib:/usr/lib/x86_64-linux-gnu/gazebo-11/plugins /usr/bin/cmake --build /home/ros2/ros2_rc/src/build/nav2_behavior_tree -- -j10 -l10
[0.904s] [  1%] Built target nav2_wait_cancel_bt_node
[0.959s] [  2%] Built target nav2_drive_on_heading_cancel_bt_node
[0.978s] [  3%] Built target nav2_compute_path_to_pose_action_bt_node
[0.991s] [  4%] Built target nav2_behavior_tree
[1.047s] [  5%] Built target nav2_spin_cancel_bt_node
[1.063s] [  6%] Built target nav2_back_up_cancel_bt_node
[1.072s] [  7%] Built target nav2_assisted_teleop_cancel_bt_node
[1.079s] [  8%] Built target nav2_compute_path_through_poses_action_bt_node
[1.152s] [  9%] Built target nav2_controller_cancel_bt_node
[1.218s] [  9%] Built target nav2_smooth_path_action_bt_node
[1.280s] [ 10%] Built target nav2_follow_path_action_bt_node
[1.327s] [ 11%] Built target nav2_back_up_action_bt_node
[1.372s] [ 12%] Built target nav2_spin_action_bt_node
[1.464s] [ 13%] Built target nav2_is_stuck_condition_bt_node
[1.471s] [ 15%] Built target nav2_clear_costmap_service_bt_node
[1.472s] [ 15%] Built target nav2_wait_action_bt_node
[1.506s] [ 17%] Built target nav2_transform_available_condition_bt_node
[1.508s] [ 17%] Built target nav2_drive_on_heading_bt_node
[1.633s] [ 18%] Built target nav2_assisted_teleop_action_bt_node
[1.658s] [ 19%] Built target nav2_is_path_valid_condition_bt_node
[1.669s] [ 18%] Built target nav2_goal_updated_condition_bt_node
[1.682s] [ 20%] Built target nav2_goal_reached_condition_bt_node
[1.707s] [ 21%] Built target nav2_globally_updated_goal_condition_bt_node
[1.760s] [ 22%] Built target nav2_time_expired_condition_bt_node
[1.766s] [ 23%] Built target nav2_path_expiring_timer_condition
[1.803s] [ 24%] Built target nav2_initial_pose_received_condition_bt_node
[1.878s] [ 25%] Built target nav2_distance_traveled_condition_bt_node
[1.897s] [ 27%] Built target nav2_rate_controller_bt_node
[1.925s] [ 27%] Built target nav2_is_battery_charging_condition_bt_node
[1.934s] [ 28%] Built target nav2_is_battery_low_condition_bt_node
[1.946s] [ 29%] Built target nav2_reinitialize_global_localization_service_bt_node
[1.963s] [ 30%] Built target nav2_distance_controller_bt_node
[1.967s] [ 31%] Built target nav2_speed_controller_bt_node
[1.972s] [ 32%] Built target nav2_truncate_path_action_bt_node
[2.070s] [ 33%] Built target nav2_goal_updater_node_bt_node
[2.103s] [ 34%] Built target nav2_truncate_path_local_action_bt_node
[2.157s] [ 35%] Built target nav2_path_longer_on_approach_bt_node
[2.158s] [ 36%] Built target nav2_remove_passed_goals_action_bt_node
[2.158s] [ 37%] Built target nav2_recovery_node_bt_node
[2.214s] [ 38%] Built target nav2_navigate_through_poses_action_bt_node
[2.252s] [ 39%] Built target nav2_navigate_to_pose_action_bt_node
[2.268s] [ 40%] Built target nav2_get_pose_from_path_action_bt_node
[2.349s] [ 41%] Built target nav2_pipeline_sequence_bt_node
[2.364s] [ 42%] Built target nav2_round_robin_node_bt_node
[2.374s] [ 43%] Built target nav2_single_trigger_bt_node
[2.478s] [ 44%] Built target nav2_planner_selector_bt_node
[2.493s] [ 45%] Built target nav2_smoother_selector_bt_node
[2.493s] [ 46%] Built target nav2_progress_checker_selector_bt_node
[2.511s] [ 47%] Built target nav2_goal_checker_selector_bt_node
[2.514s] [ 48%] Built target gtest_main
[2.518s] [ 49%] Built target nav2_controller_selector_bt_node
[2.531s] [ 50%] Built target nav2_goal_updated_controller_bt_node
[2.562s] [ 50%] Built target gtest
[2.868s] [ 51%] Built target test_condition_globally_updated_goal
[2.869s] [ 53%] Built target test_condition_path_expiring_timer
[2.870s] [ 53%] Built target test_condition_is_stuck
[2.878s] [ 55%] Built target test_condition_initial_pose_received
[2.878s] [ 55%] Built target test_bt_conversions
[2.891s] [ 56%] Built target test_condition_goal_updated
[2.910s] [ 56%] Built target test_condition_time_expired
[2.910s] [ 58%] Built target test_condition_goal_reached
[2.910s] [ 58%] Built target test_condition_distance_traveled
[2.914s] [ 59%] Built target test_condition_transform_available
[3.043s] [ 60%] Built target test_condition_is_battery_low
[3.200s] [ 62%] Built target test_condition_is_battery_charging
[3.201s] [ 61%] Built target test_decorator_speed_controller
[3.201s] [ 63%] Built target test_condition_is_path_valid
[3.232s] [ 64%] Built target test_goal_updater_node
[3.242s] [ 65%] Built target test_decorator_path_longer_on_approach
[3.296s] [ 66%] Built target test_decorator_rate_controller
[3.296s] [ 67%] Built target test_goal_updated_controller
[3.311s] [ 68%] Built target test_decorator_distance_controller
[3.347s] [ 69%] Built target test_single_trigger_node
[3.500s] [ 70%] Built target test_control_recovery_node
[3.500s] [ 71%] Built target test_control_round_robin_node
[3.505s] [ 72%] Built target test_control_pipeline_sequence
[3.533s] [ 73%] Built target test_bt_action_node
[3.555s] [ 75%] Built target test_action_spin_action
[3.562s] [ 75%] Built target test_action_drive_on_heading
[3.563s] [ 76%] Built target test_action_wait_action
[3.644s] [ 77%] Built target test_action_assisted_teleop_action
[3.664s] [ 78%] Built target test_action_back_up_action
[3.717s] [ 80%] Built target test_action_spin_cancel_action
[3.718s] [ 80%] Built target test_action_controller_cancel_action
[3.756s] [ 81%] Built target test_action_wait_cancel_action
[3.768s] [ 82%] Built target test_action_back_up_cancel_action
[3.799s] [ 83%] Built target test_action_assisted_teleop_cancel_action
[3.799s] [ 84%] Built target test_action_drive_on_heading_cancel_action
[3.868s] [ 85%] Built target test_action_clear_costmap_service
[3.870s] [ 86%] Built target test_action_compute_path_to_pose_action
[3.876s] [ 87%] Built target test_action_reinitialize_global_localization_service
[3.919s] [ 88%] Built target test_action_compute_path_through_poses_action
[3.965s] [ 88%] Built target test_action_follow_path_action
[3.988s] [ 89%] Built target test_action_smooth_path_action
[3.995s] [ 90%] Built target test_action_navigate_through_poses_action
[4.020s] [ 91%] Built target test_truncate_path_action
[4.056s] [ 92%] Built target test_action_navigate_to_pose_action
[4.057s] [ 93%] Built target test_truncate_path_local_action
[4.075s] [ 94%] Built target test_remove_passed_goals_action
[4.080s] [ 95%] Built target test_get_pose_from_path_action
[4.131s] [ 96%] Built target test_planner_selector_node
[4.137s] [ 97%] Built target test_controller_selector_node
[4.140s] [ 98%] Built target test_goal_checker_selector_node
[4.144s] [ 99%] Built target test_smoother_selector_node
[4.169s] [100%] Built target test_progress_checker_selector_node
[4.236s] Invoked command in '/home/ros2/ros2_rc/src/build/nav2_behavior_tree' returned '0': CMAKE_PREFIX_PATH=/home/ros2/ros2_rc/src/install/nav2_util:/home/ros2/ros2_rc/src/install/nav2_msgs:/home/ros2/ros2_rc/src/install/nav2_common:/home/ros2/ros2_rc/src/install/smartcar_msgs:/home/ros2/ros2_rc/src/install/smart_car:/home/ros2/ros2_rc/src/install/ros2_rc:/home/ros2/ros2_rc/src/install/nav2_system_tests:/home/ros2/ros2_rc/src/install/nav2_bringup:/home/ros2/ros2_rc/src/install/navigation2:/home/ros2/ros2_rc/src/install/nav2_smoother:/home/ros2/ros2_rc/src/install/nav2_graceful_controller:/home/ros2/ros2_rc/src/install/nav2_dwb_controller:/home/ros2/ros2_rc/src/install/nav2_controller:/home/ros2/ros2_rc/src/install/dwb_plugins:/home/ros2/ros2_rc/src/install/dwb_critics:/home/ros2/ros2_rc/src/install/dwb_core:/home/ros2/ros2_rc/src/install/nav_2d_utils:/home/ros2/ros2_rc/src/install/dwb_msgs:/home/ros2/ros2_rc/src/install/nav_2d_msgs:/home/ros2/ros2_rc/src/install/nav2_waypoint_follower:/home/ros2/ros2_rc/src/install/nav2_theta_star_planner:/home/ros2/ros2_rc/src/install/nav2_smac_planner:/home/ros2/ros2_rc/src/install/nav2_rotation_shim_controller:/home/ros2/ros2_rc/src/install/nav2_regulated_pure_pursuit_controller:/home/ros2/ros2_rc/src/install/nav2_planner:/home/ros2/ros2_rc/src/install/nav2_navfn_planner:/home/ros2/ros2_rc/src/install/nav2_mppi_controller:/home/ros2/ros2_rc/src/install/nav2_constrained_smoother:/home/ros2/ros2_rc/src/install/nav2_bt_navigator:/home/ros2/ros2_rc/src/install/nav2_behaviors:/home/ros2/ros2_rc/src/install/nav2_core:/home/ros2/ros2_rc/src/install/nav2_collision_monitor:/home/ros2/ros2_rc/src/install/costmap_queue:/home/ros2/ros2_rc/src/install/nav2_costmap_2d:/home/ros2/ros2_rc/src/install/nav2_voxel_grid:/home/ros2/ros2_rc/src/install/nav2_velocity_smoother:/home/ros2/ros2_rc/src/install/nav2_rviz_plugins:/home/ros2/ros2_rc/src/install/nav2_map_server:/home/ros2/ros2_rc/src/install/nav2_lifecycle_manager:/home/ros2/ros2_rc/src/install/nav2_behavior_tree:/home/ros2/ros2_rc/src/install/nav2_amcl:/home/ros2/ros2_rc/src/install/car_gazebo_plugin:/home/ros2/ros2_rc/install/smartcar_msgs:/home/ros2/ros2_rc/install/smart_car:/home/ros2/ros2_rc/install/ros2_rc:/home/ros2/ros2_rc/install/nav2_system_tests:/home/ros2/ros2_rc/install/nav2_bringup:/home/ros2/ros2_rc/install/navigation2:/home/ros2/ros2_rc/install/nav2_smoother:/home/ros2/ros2_rc/install/nav2_graceful_controller:/home/ros2/ros2_rc/install/nav2_dwb_controller:/home/ros2/ros2_rc/install/nav2_controller:/home/ros2/ros2_rc/install/dwb_plugins:/home/ros2/ros2_rc/install/dwb_critics:/home/ros2/ros2_rc/install/dwb_core:/home/ros2/ros2_rc/install/nav_2d_utils:/home/ros2/ros2_rc/install/dwb_msgs:/home/ros2/ros2_rc/install/nav_2d_msgs:/home/ros2/ros2_rc/install/nav2_waypoint_follower:/home/ros2/ros2_rc/install/nav2_theta_star_planner:/home/ros2/ros2_rc/install/nav2_smac_planner:/home/ros2/ros2_rc/install/nav2_rotation_shim_controller:/home/ros2/ros2_rc/install/nav2_regulated_pure_pursuit_controller:/home/ros2/ros2_rc/install/nav2_planner:/home/ros2/ros2_rc/install/nav2_navfn_planner:/home/ros2/ros2_rc/install/nav2_mppi_controller:/home/ros2/ros2_rc/install/nav2_constrained_smoother:/home/ros2/ros2_rc/install/nav2_bt_navigator:/home/ros2/ros2_rc/install/nav2_behaviors:/home/ros2/ros2_rc/install/nav2_core:/home/ros2/ros2_rc/install/nav2_collision_monitor:/home/ros2/ros2_rc/install/costmap_queue:/home/ros2/ros2_rc/install/nav2_costmap_2d:/home/ros2/ros2_rc/install/nav2_voxel_grid:/home/ros2/ros2_rc/install/nav2_velocity_smoother:/home/ros2/ros2_rc/install/nav2_rviz_plugins:/home/ros2/ros2_rc/install/nav2_map_server:/home/ros2/ros2_rc/install/nav2_lifecycle_manager:/home/ros2/ros2_rc/install/nav2_behavior_tree:/home/ros2/ros2_rc/install/nav2_amcl:/home/ros2/ros2_rc/install/nav2_util:/home/ros2/ros2_rc/install/nav2_msgs:/home/ros2/ros2_rc/install/nav2_common:/home/ros2/ros2_rc/install/car_gazebo_plugin:/home/ros2/ros2_rc/src/install/nav2_simple_commander:/home/ros2/ros2_rc/install/nav2_simple_commander:/opt/ros/humble LD_LIBRARY_PATH=/home/ros2/ros2_rc/src/install/nav2_util/lib:/home/ros2/ros2_rc/src/install/nav2_msgs/lib:/home/ros2/ros2_rc/src/install/smartcar_msgs/lib:/home/ros2/ros2_rc/src/install/nav2_smoother/lib:/home/ros2/ros2_rc/src/install/nav2_graceful_controller/lib:/home/ros2/ros2_rc/src/install/nav2_controller/lib:/home/ros2/ros2_rc/src/install/dwb_plugins/lib:/home/ros2/ros2_rc/src/install/dwb_critics/lib:/home/ros2/ros2_rc/src/install/dwb_core/lib:/home/ros2/ros2_rc/src/install/nav_2d_utils/lib:/home/ros2/ros2_rc/src/install/dwb_msgs/lib:/home/ros2/ros2_rc/src/install/nav_2d_msgs/lib:/home/ros2/ros2_rc/src/install/nav2_waypoint_follower/lib:/home/ros2/ros2_rc/src/install/nav2_theta_star_planner/lib:/home/ros2/ros2_rc/src/install/nav2_smac_planner/lib:/home/ros2/ros2_rc/src/install/nav2_rotation_shim_controller/lib:/home/ros2/ros2_rc/src/install/nav2_regulated_pure_pursuit_controller/lib:/home/ros2/ros2_rc/src/install/nav2_planner/lib:/home/ros2/ros2_rc/src/install/nav2_navfn_planner/lib:/home/ros2/ros2_rc/src/install/nav2_mppi_controller/lib:/home/ros2/ros2_rc/src/install/nav2_constrained_smoother/lib:/home/ros2/ros2_rc/src/install/nav2_bt_navigator/lib:/home/ros2/ros2_rc/src/install/nav2_behaviors/lib:/home/ros2/ros2_rc/src/install/nav2_collision_monitor/lib:/home/ros2/ros2_rc/src/install/costmap_queue/lib:/home/ros2/ros2_rc/src/install/nav2_costmap_2d/lib:/home/ros2/ros2_rc/src/install/nav2_voxel_grid/lib:/home/ros2/ros2_rc/src/install/nav2_velocity_smoother/lib:/home/ros2/ros2_rc/src/install/nav2_rviz_plugins/lib:/home/ros2/ros2_rc/src/install/nav2_map_server/lib:/home/ros2/ros2_rc/src/install/nav2_lifecycle_manager/lib:/home/ros2/ros2_rc/src/install/nav2_behavior_tree/lib:/home/ros2/ros2_rc/src/install/nav2_amcl/lib:/home/ros2/ros2_rc/src/install/car_gazebo_plugin/lib:/home/ros2/ros2_rc/install/smartcar_msgs/lib:/home/ros2/ros2_rc/install/nav2_smoother/lib:/home/ros2/ros2_rc/install/nav2_graceful_controller/lib:/home/ros2/ros2_rc/install/nav2_controller/lib:/home/ros2/ros2_rc/install/dwb_plugins/lib:/home/ros2/ros2_rc/install/dwb_critics/lib:/home/ros2/ros2_rc/install/dwb_core/lib:/home/ros2/ros2_rc/install/nav_2d_utils/lib:/home/ros2/ros2_rc/install/dwb_msgs/lib:/home/ros2/ros2_rc/install/nav_2d_msgs/lib:/home/ros2/ros2_rc/install/nav2_waypoint_follower/lib:/home/ros2/ros2_rc/install/nav2_theta_star_planner/lib:/home/ros2/ros2_rc/install/nav2_smac_planner/lib:/home/ros2/ros2_rc/install/nav2_rotation_shim_controller/lib:/home/ros2/ros2_rc/install/nav2_regulated_pure_pursuit_controller/lib:/home/ros2/ros2_rc/install/nav2_planner/lib:/home/ros2/ros2_rc/install/nav2_navfn_planner/lib:/home/ros2/ros2_rc/install/nav2_mppi_controller/lib:/home/ros2/ros2_rc/install/nav2_constrained_smoother/lib:/home/ros2/ros2_rc/install/nav2_bt_navigator/lib:/home/ros2/ros2_rc/install/nav2_behaviors/lib:/home/ros2/ros2_rc/install/nav2_collision_monitor/lib:/home/ros2/ros2_rc/install/costmap_queue/lib:/home/ros2/ros2_rc/install/nav2_costmap_2d/lib:/home/ros2/ros2_rc/install/nav2_voxel_grid/lib:/home/ros2/ros2_rc/install/nav2_velocity_smoother/lib:/home/ros2/ros2_rc/install/nav2_rviz_plugins/lib:/home/ros2/ros2_rc/install/nav2_map_server/lib:/home/ros2/ros2_rc/install/nav2_lifecycle_manager/lib:/home/ros2/ros2_rc/install/nav2_behavior_tree/lib:/home/ros2/ros2_rc/install/nav2_amcl/lib:/home/ros2/ros2_rc/install/nav2_util/lib:/home/ros2/ros2_rc/install/nav2_msgs/lib:/home/ros2/ros2_rc/install/car_gazebo_plugin/lib:/usr/lib/x86_64-linux-gnu/gazebo-11/plugins:/opt/ros/humble/opt/rviz_ogre_vendor/lib:/opt/ros/humble/lib/x86_64-linux-gnu:/opt/ros/humble/lib:/usr/lib/x86_64-linux-gnu/gazebo-11/plugins /usr/bin/cmake --build /home/ros2/ros2_rc/src/build/nav2_behavior_tree -- -j10 -l10
[6.009s] Invoking command in '/home/ros2/ros2_rc/src/build/nav2_behavior_tree': CMAKE_PREFIX_PATH=/home/ros2/ros2_rc/src/install/nav2_util:/home/ros2/ros2_rc/src/install/nav2_msgs:/home/ros2/ros2_rc/src/install/nav2_common:/home/ros2/ros2_rc/src/install/smartcar_msgs:/home/ros2/ros2_rc/src/install/smart_car:/home/ros2/ros2_rc/src/install/ros2_rc:/home/ros2/ros2_rc/src/install/nav2_system_tests:/home/ros2/ros2_rc/src/install/nav2_bringup:/home/ros2/ros2_rc/src/install/navigation2:/home/ros2/ros2_rc/src/install/nav2_smoother:/home/ros2/ros2_rc/src/install/nav2_graceful_controller:/home/ros2/ros2_rc/src/install/nav2_dwb_controller:/home/ros2/ros2_rc/src/install/nav2_controller:/home/ros2/ros2_rc/src/install/dwb_plugins:/home/ros2/ros2_rc/src/install/dwb_critics:/home/ros2/ros2_rc/src/install/dwb_core:/home/ros2/ros2_rc/src/install/nav_2d_utils:/home/ros2/ros2_rc/src/install/dwb_msgs:/home/ros2/ros2_rc/src/install/nav_2d_msgs:/home/ros2/ros2_rc/src/install/nav2_waypoint_follower:/home/ros2/ros2_rc/src/install/nav2_theta_star_planner:/home/ros2/ros2_rc/src/install/nav2_smac_planner:/home/ros2/ros2_rc/src/install/nav2_rotation_shim_controller:/home/ros2/ros2_rc/src/install/nav2_regulated_pure_pursuit_controller:/home/ros2/ros2_rc/src/install/nav2_planner:/home/ros2/ros2_rc/src/install/nav2_navfn_planner:/home/ros2/ros2_rc/src/install/nav2_mppi_controller:/home/ros2/ros2_rc/src/install/nav2_constrained_smoother:/home/ros2/ros2_rc/src/install/nav2_bt_navigator:/home/ros2/ros2_rc/src/install/nav2_behaviors:/home/ros2/ros2_rc/src/install/nav2_core:/home/ros2/ros2_rc/src/install/nav2_collision_monitor:/home/ros2/ros2_rc/src/install/costmap_queue:/home/ros2/ros2_rc/src/install/nav2_costmap_2d:/home/ros2/ros2_rc/src/install/nav2_voxel_grid:/home/ros2/ros2_rc/src/install/nav2_velocity_smoother:/home/ros2/ros2_rc/src/install/nav2_rviz_plugins:/home/ros2/ros2_rc/src/install/nav2_map_server:/home/ros2/ros2_rc/src/install/nav2_lifecycle_manager:/home/ros2/ros2_rc/src/install/nav2_behavior_tree:/home/ros2/ros2_rc/src/install/nav2_amcl:/home/ros2/ros2_rc/src/install/car_gazebo_plugin:/home/ros2/ros2_rc/install/smartcar_msgs:/home/ros2/ros2_rc/install/smart_car:/home/ros2/ros2_rc/install/ros2_rc:/home/ros2/ros2_rc/install/nav2_system_tests:/home/ros2/ros2_rc/install/nav2_bringup:/home/ros2/ros2_rc/install/navigation2:/home/ros2/ros2_rc/install/nav2_smoother:/home/ros2/ros2_rc/install/nav2_graceful_controller:/home/ros2/ros2_rc/install/nav2_dwb_controller:/home/ros2/ros2_rc/install/nav2_controller:/home/ros2/ros2_rc/install/dwb_plugins:/home/ros2/ros2_rc/install/dwb_critics:/home/ros2/ros2_rc/install/dwb_core:/home/ros2/ros2_rc/install/nav_2d_utils:/home/ros2/ros2_rc/install/dwb_msgs:/home/ros2/ros2_rc/install/nav_2d_msgs:/home/ros2/ros2_rc/install/nav2_waypoint_follower:/home/ros2/ros2_rc/install/nav2_theta_star_planner:/home/ros2/ros2_rc/install/nav2_smac_planner:/home/ros2/ros2_rc/install/nav2_rotation_shim_controller:/home/ros2/ros2_rc/install/nav2_regulated_pure_pursuit_controller:/home/ros2/ros2_rc/install/nav2_planner:/home/ros2/ros2_rc/install/nav2_navfn_planner:/home/ros2/ros2_rc/install/nav2_mppi_controller:/home/ros2/ros2_rc/install/nav2_constrained_smoother:/home/ros2/ros2_rc/install/nav2_bt_navigator:/home/ros2/ros2_rc/install/nav2_behaviors:/home/ros2/ros2_rc/install/nav2_core:/home/ros2/ros2_rc/install/nav2_collision_monitor:/home/ros2/ros2_rc/install/costmap_queue:/home/ros2/ros2_rc/install/nav2_costmap_2d:/home/ros2/ros2_rc/install/nav2_voxel_grid:/home/ros2/ros2_rc/install/nav2_velocity_smoother:/home/ros2/ros2_rc/install/nav2_rviz_plugins:/home/ros2/ros2_rc/install/nav2_map_server:/home/ros2/ros2_rc/install/nav2_lifecycle_manager:/home/ros2/ros2_rc/install/nav2_behavior_tree:/home/ros2/ros2_rc/install/nav2_amcl:/home/ros2/ros2_rc/install/nav2_util:/home/ros2/ros2_rc/install/nav2_msgs:/home/ros2/ros2_rc/install/nav2_common:/home/ros2/ros2_rc/install/car_gazebo_plugin:/home/ros2/ros2_rc/src/install/nav2_simple_commander:/home/ros2/ros2_rc/install/nav2_simple_commander:/opt/ros/humble LD_LIBRARY_PATH=/home/ros2/ros2_rc/src/install/nav2_util/lib:/home/ros2/ros2_rc/src/install/nav2_msgs/lib:/home/ros2/ros2_rc/src/install/smartcar_msgs/lib:/home/ros2/ros2_rc/src/install/nav2_smoother/lib:/home/ros2/ros2_rc/src/install/nav2_graceful_controller/lib:/home/ros2/ros2_rc/src/install/nav2_controller/lib:/home/ros2/ros2_rc/src/install/dwb_plugins/lib:/home/ros2/ros2_rc/src/install/dwb_critics/lib:/home/ros2/ros2_rc/src/install/dwb_core/lib:/home/ros2/ros2_rc/src/install/nav_2d_utils/lib:/home/ros2/ros2_rc/src/install/dwb_msgs/lib:/home/ros2/ros2_rc/src/install/nav_2d_msgs/lib:/home/ros2/ros2_rc/src/install/nav2_waypoint_follower/lib:/home/ros2/ros2_rc/src/install/nav2_theta_star_planner/lib:/home/ros2/ros2_rc/src/install/nav2_smac_planner/lib:/home/ros2/ros2_rc/src/install/nav2_rotation_shim_controller/lib:/home/ros2/ros2_rc/src/install/nav2_regulated_pure_pursuit_controller/lib:/home/ros2/ros2_rc/src/install/nav2_planner/lib:/home/ros2/ros2_rc/src/install/nav2_navfn_planner/lib:/home/ros2/ros2_rc/src/install/nav2_mppi_controller/lib:/home/ros2/ros2_rc/src/install/nav2_constrained_smoother/lib:/home/ros2/ros2_rc/src/install/nav2_bt_navigator/lib:/home/ros2/ros2_rc/src/install/nav2_behaviors/lib:/home/ros2/ros2_rc/src/install/nav2_collision_monitor/lib:/home/ros2/ros2_rc/src/install/costmap_queue/lib:/home/ros2/ros2_rc/src/install/nav2_costmap_2d/lib:/home/ros2/ros2_rc/src/install/nav2_voxel_grid/lib:/home/ros2/ros2_rc/src/install/nav2_velocity_smoother/lib:/home/ros2/ros2_rc/src/install/nav2_rviz_plugins/lib:/home/ros2/ros2_rc/src/install/nav2_map_server/lib:/home/ros2/ros2_rc/src/install/nav2_lifecycle_manager/lib:/home/ros2/ros2_rc/src/install/nav2_behavior_tree/lib:/home/ros2/ros2_rc/src/install/nav2_amcl/lib:/home/ros2/ros2_rc/src/install/car_gazebo_plugin/lib:/home/ros2/ros2_rc/install/smartcar_msgs/lib:/home/ros2/ros2_rc/install/nav2_smoother/lib:/home/ros2/ros2_rc/install/nav2_graceful_controller/lib:/home/ros2/ros2_rc/install/nav2_controller/lib:/home/ros2/ros2_rc/install/dwb_plugins/lib:/home/ros2/ros2_rc/install/dwb_critics/lib:/home/ros2/ros2_rc/install/dwb_core/lib:/home/ros2/ros2_rc/install/nav_2d_utils/lib:/home/ros2/ros2_rc/install/dwb_msgs/lib:/home/ros2/ros2_rc/install/nav_2d_msgs/lib:/home/ros2/ros2_rc/install/nav2_waypoint_follower/lib:/home/ros2/ros2_rc/install/nav2_theta_star_planner/lib:/home/ros2/ros2_rc/install/nav2_smac_planner/lib:/home/ros2/ros2_rc/install/nav2_rotation_shim_controller/lib:/home/ros2/ros2_rc/install/nav2_regulated_pure_pursuit_controller/lib:/home/ros2/ros2_rc/install/nav2_planner/lib:/home/ros2/ros2_rc/install/nav2_navfn_planner/lib:/home/ros2/ros2_rc/install/nav2_mppi_controller/lib:/home/ros2/ros2_rc/install/nav2_constrained_smoother/lib:/home/ros2/ros2_rc/install/nav2_bt_navigator/lib:/home/ros2/ros2_rc/install/nav2_behaviors/lib:/home/ros2/ros2_rc/install/nav2_collision_monitor/lib:/home/ros2/ros2_rc/install/costmap_queue/lib:/home/ros2/ros2_rc/install/nav2_costmap_2d/lib:/home/ros2/ros2_rc/install/nav2_voxel_grid/lib:/home/ros2/ros2_rc/install/nav2_velocity_smoother/lib:/home/ros2/ros2_rc/install/nav2_rviz_plugins/lib:/home/ros2/ros2_rc/install/nav2_map_server/lib:/home/ros2/ros2_rc/install/nav2_lifecycle_manager/lib:/home/ros2/ros2_rc/install/nav2_behavior_tree/lib:/home/ros2/ros2_rc/install/nav2_amcl/lib:/home/ros2/ros2_rc/install/nav2_util/lib:/home/ros2/ros2_rc/install/nav2_msgs/lib:/home/ros2/ros2_rc/install/car_gazebo_plugin/lib:/usr/lib/x86_64-linux-gnu/gazebo-11/plugins:/opt/ros/humble/opt/rviz_ogre_vendor/lib:/opt/ros/humble/lib/x86_64-linux-gnu:/opt/ros/humble/lib:/usr/lib/x86_64-linux-gnu/gazebo-11/plugins /usr/bin/cmake --install /home/ros2/ros2_rc/src/build/nav2_behavior_tree
[6.079s] -- Install configuration: "Release"
[6.079s] -- Up-to-date: /home/ros2/ros2_rc/src/install/nav2_behavior_tree/lib/libnav2_behavior_tree.so
[6.079s] -- Up-to-date: /home/ros2/ros2_rc/src/install/nav2_behavior_tree/lib/libnav2_compute_path_to_pose_action_bt_node.so
[6.079s] -- Up-to-date: /home/ros2/ros2_rc/src/install/nav2_behavior_tree/lib/libnav2_compute_path_through_poses_action_bt_node.so
[6.080s] -- Up-to-date: /home/ros2/ros2_rc/src/install/nav2_behavior_tree/lib/libnav2_controller_cancel_bt_node.so
[6.080s] -- Up-to-date: /home/ros2/ros2_rc/src/install/nav2_behavior_tree/lib/libnav2_wait_cancel_bt_node.so
[6.080s] -- Up-to-date: /home/ros2/ros2_rc/src/install/nav2_behavior_tree/lib/libnav2_spin_cancel_bt_node.so
[6.080s] -- Up-to-date: /home/ros2/ros2_rc/src/install/nav2_behavior_tree/lib/libnav2_back_up_cancel_bt_node.so
[6.080s] -- Up-to-date: /home/ros2/ros2_rc/src/install/nav2_behavior_tree/lib/libnav2_assisted_teleop_cancel_bt_node.so
[6.080s] -- Up-to-date: /home/ros2/ros2_rc/src/install/nav2_behavior_tree/lib/libnav2_drive_on_heading_cancel_bt_node.so
[6.080s] -- Up-to-date: /home/ros2/ros2_rc/src/install/nav2_behavior_tree/lib/libnav2_smooth_path_action_bt_node.so
[6.081s] -- Up-to-date: /home/ros2/ros2_rc/src/install/nav2_behavior_tree/lib/libnav2_follow_path_action_bt_node.so
[6.082s] -- Up-to-date: /home/ros2/ros2_rc/src/install/nav2_behavior_tree/lib/libnav2_back_up_action_bt_node.so
[6.082s] -- Up-to-date: /home/ros2/ros2_rc/src/install/nav2_behavior_tree/lib/libnav2_drive_on_heading_bt_node.so
[6.083s] -- Up-to-date: /home/ros2/ros2_rc/src/install/nav2_behavior_tree/lib/libnav2_spin_action_bt_node.so
[6.083s] -- Up-to-date: /home/ros2/ros2_rc/src/install/nav2_behavior_tree/lib/libnav2_wait_action_bt_node.so
[6.083s] -- Up-to-date: /home/ros2/ros2_rc/src/install/nav2_behavior_tree/lib/libnav2_assisted_teleop_action_bt_node.so
[6.084s] -- Up-to-date: /home/ros2/ros2_rc/src/install/nav2_behavior_tree/lib/libnav2_clear_costmap_service_bt_node.so
[6.084s] -- Up-to-date: /home/ros2/ros2_rc/src/install/nav2_behavior_tree/lib/libnav2_is_stuck_condition_bt_node.so
[6.085s] -- Up-to-date: /home/ros2/ros2_rc/src/install/nav2_behavior_tree/lib/libnav2_transform_available_condition_bt_node.so
[6.085s] -- Up-to-date: /home/ros2/ros2_rc/src/install/nav2_behavior_tree/lib/libnav2_goal_reached_condition_bt_node.so
[6.085s] -- Up-to-date: /home/ros2/ros2_rc/src/install/nav2_behavior_tree/lib/libnav2_globally_updated_goal_condition_bt_node.so
[6.085s] -- Up-to-date: /home/ros2/ros2_rc/src/install/nav2_behavior_tree/lib/libnav2_goal_updated_condition_bt_node.so
[6.085s] -- Up-to-date: /home/ros2/ros2_rc/src/install/nav2_behavior_tree/lib/libnav2_is_path_valid_condition_bt_node.so
[6.085s] -- Up-to-date: /home/ros2/ros2_rc/src/install/nav2_behavior_tree/lib/libnav2_time_expired_condition_bt_node.so
[6.085s] -- Up-to-date: /home/ros2/ros2_rc/src/install/nav2_behavior_tree/lib/libnav2_path_expiring_timer_condition.so
[6.085s] -- Up-to-date: /home/ros2/ros2_rc/src/install/nav2_behavior_tree/lib/libnav2_distance_traveled_condition_bt_node.so
[6.086s] -- Up-to-date: /home/ros2/ros2_rc/src/install/nav2_behavior_tree/lib/libnav2_initial_pose_received_condition_bt_node.so
[6.086s] -- Up-to-date: /home/ros2/ros2_rc/src/install/nav2_behavior_tree/lib/libnav2_is_battery_charging_condition_bt_node.so
[6.086s] -- Up-to-date: /home/ros2/ros2_rc/src/install/nav2_behavior_tree/lib/libnav2_is_battery_low_condition_bt_node.so
[6.087s] -- Up-to-date: /home/ros2/ros2_rc/src/install/nav2_behavior_tree/lib/libnav2_reinitialize_global_localization_service_bt_node.so
[6.087s] -- Up-to-date: /home/ros2/ros2_rc/src/install/nav2_behavior_tree/lib/libnav2_rate_controller_bt_node.so
[6.087s] -- Up-to-date: /home/ros2/ros2_rc/src/install/nav2_behavior_tree/lib/libnav2_distance_controller_bt_node.so
[6.088s] -- Up-to-date: /home/ros2/ros2_rc/src/install/nav2_behavior_tree/lib/libnav2_speed_controller_bt_node.so
[6.089s] -- Up-to-date: /home/ros2/ros2_rc/src/install/nav2_behavior_tree/lib/libnav2_truncate_path_action_bt_node.so
[6.090s] -- Up-to-date: /home/ros2/ros2_rc/src/install/nav2_behavior_tree/lib/libnav2_truncate_path_local_action_bt_node.so
[6.091s] -- Up-to-date: /home/ros2/ros2_rc/src/install/nav2_behavior_tree/lib/libnav2_goal_updater_node_bt_node.so
[6.091s] -- Up-to-date: /home/ros2/ros2_rc/src/install/nav2_behavior_tree/lib/libnav2_path_longer_on_approach_bt_node.so
[6.091s] -- Up-to-date: /home/ros2/ros2_rc/src/install/nav2_behavior_tree/lib/libnav2_recovery_node_bt_node.so
[6.092s] -- Up-to-date: /home/ros2/ros2_rc/src/install/nav2_behavior_tree/lib/libnav2_navigate_to_pose_action_bt_node.so
[6.092s] -- Up-to-date: /home/ros2/ros2_rc/src/install/nav2_behavior_tree/lib/libnav2_navigate_through_poses_action_bt_node.so
[6.092s] -- Up-to-date: /home/ros2/ros2_rc/src/install/nav2_behavior_tree/lib/libnav2_remove_passed_goals_action_bt_node.so
[6.093s] -- Up-to-date: /home/ros2/ros2_rc/src/install/nav2_behavior_tree/lib/libnav2_get_pose_from_path_action_bt_node.so
[6.093s] -- Up-to-date: /home/ros2/ros2_rc/src/install/nav2_behavior_tree/lib/libnav2_pipeline_sequence_bt_node.so
[6.094s] -- Up-to-date: /home/ros2/ros2_rc/src/install/nav2_behavior_tree/lib/libnav2_round_robin_node_bt_node.so
[6.094s] -- Up-to-date: /home/ros2/ros2_rc/src/install/nav2_behavior_tree/lib/libnav2_single_trigger_bt_node.so
[6.094s] -- Up-to-date: /home/ros2/ros2_rc/src/install/nav2_behavior_tree/lib/libnav2_planner_selector_bt_node.so
[6.095s] -- Up-to-date: /home/ros2/ros2_rc/src/install/nav2_behavior_tree/lib/libnav2_controller_selector_bt_node.so
[6.095s] -- Up-to-date: /home/ros2/ros2_rc/src/install/nav2_behavior_tree/lib/libnav2_smoother_selector_bt_node.so
[6.095s] -- Up-to-date: /home/ros2/ros2_rc/src/install/nav2_behavior_tree/lib/libnav2_goal_checker_selector_bt_node.so
[6.096s] -- Up-to-date: /home/ros2/ros2_rc/src/install/nav2_behavior_tree/lib/libnav2_progress_checker_selector_bt_node.so
[6.096s] -- Up-to-date: /home/ros2/ros2_rc/src/install/nav2_behavior_tree/lib/libnav2_goal_updated_controller_bt_node.so
[6.097s] -- Up-to-date: /home/ros2/ros2_rc/src/install/nav2_behavior_tree/include/
[6.097s] -- Up-to-date: /home/ros2/ros2_rc/src/install/nav2_behavior_tree/include//nav2_behavior_tree
[6.097s] -- Up-to-date: /home/ros2/ros2_rc/src/install/nav2_behavior_tree/include//nav2_behavior_tree/ros_topic_logger.hpp
[6.097s] -- Up-to-date: /home/ros2/ros2_rc/src/install/nav2_behavior_tree/include//nav2_behavior_tree/bt_action_node.hpp
[6.098s] -- Up-to-date: /home/ros2/ros2_rc/src/install/nav2_behavior_tree/include//nav2_behavior_tree/bt_service_node.hpp
[6.098s] -- Up-to-date: /home/ros2/ros2_rc/src/install/nav2_behavior_tree/include//nav2_behavior_tree/bt_action_server_impl.hpp
[6.099s] -- Up-to-date: /home/ros2/ros2_rc/src/install/nav2_behavior_tree/include//nav2_behavior_tree/bt_conversions.hpp
[6.099s] -- Up-to-date: /home/ros2/ros2_rc/src/install/nav2_behavior_tree/include//nav2_behavior_tree/bt_action_server.hpp
[6.099s] -- Up-to-date: /home/ros2/ros2_rc/src/install/nav2_behavior_tree/include//nav2_behavior_tree/plugins
[6.100s] -- Up-to-date: /home/ros2/ros2_rc/src/install/nav2_behavior_tree/include//nav2_behavior_tree/plugins/control
[6.101s] -- Up-to-date: /home/ros2/ros2_rc/src/install/nav2_behavior_tree/include//nav2_behavior_tree/plugins/control/recovery_node.hpp
[6.102s] -- Up-to-date: /home/ros2/ros2_rc/src/install/nav2_behavior_tree/include//nav2_behavior_tree/plugins/control/round_robin_node.hpp
[6.102s] -- Up-to-date: /home/ros2/ros2_rc/src/install/nav2_behavior_tree/include//nav2_behavior_tree/plugins/control/pipeline_sequence.hpp
[6.102s] -- Up-to-date: /home/ros2/ros2_rc/src/install/nav2_behavior_tree/include//nav2_behavior_tree/plugins/decorator
[6.102s] -- Up-to-date: /home/ros2/ros2_rc/src/install/nav2_behavior_tree/include//nav2_behavior_tree/plugins/decorator/goal_updated_controller.hpp
[6.102s] -- Up-to-date: /home/ros2/ros2_rc/src/install/nav2_behavior_tree/include//nav2_behavior_tree/plugins/decorator/rate_controller.hpp
[6.102s] -- Up-to-date: /home/ros2/ros2_rc/src/install/nav2_behavior_tree/include//nav2_behavior_tree/plugins/decorator/distance_controller.hpp
[6.102s] -- Up-to-date: /home/ros2/ros2_rc/src/install/nav2_behavior_tree/include//nav2_behavior_tree/plugins/decorator/single_trigger_node.hpp
[6.104s] -- Up-to-date: /home/ros2/ros2_rc/src/install/nav2_behavior_tree/include//nav2_behavior_tree/plugins/decorator/path_longer_on_approach.hpp
[6.105s] -- Up-to-date: /home/ros2/ros2_rc/src/install/nav2_behavior_tree/include//nav2_behavior_tree/plugins/decorator/speed_controller.hpp
[6.105s] -- Up-to-date: /home/ros2/ros2_rc/src/install/nav2_behavior_tree/include//nav2_behavior_tree/plugins/decorator/goal_updater_node.hpp
[6.105s] -- Up-to-date: /home/ros2/ros2_rc/src/install/nav2_behavior_tree/include//nav2_behavior_tree/plugins/condition
[6.106s] -- Up-to-date: /home/ros2/ros2_rc/src/install/nav2_behavior_tree/include//nav2_behavior_tree/plugins/condition/initial_pose_received_condition.hpp
[6.107s] -- Up-to-date: /home/ros2/ros2_rc/src/install/nav2_behavior_tree/include//nav2_behavior_tree/plugins/condition/globally_updated_goal_condition.hpp
[6.108s] -- Up-to-date: /home/ros2/ros2_rc/src/install/nav2_behavior_tree/include//nav2_behavior_tree/plugins/condition/is_battery_charging_condition.hpp
[6.109s] -- Up-to-date: /home/ros2/ros2_rc/src/install/nav2_behavior_tree/include//nav2_behavior_tree/plugins/condition/is_path_valid_condition.hpp
[6.110s] -- Up-to-date: /home/ros2/ros2_rc/src/install/nav2_behavior_tree/include//nav2_behavior_tree/plugins/condition/path_expiring_timer_condition.hpp
[6.111s] -- Up-to-date: /home/ros2/ros2_rc/src/install/nav2_behavior_tree/include//nav2_behavior_tree/plugins/condition/goal_reached_condition.hpp
[6.111s] -- Up-to-date: /home/ros2/ros2_rc/src/install/nav2_behavior_tree/include//nav2_behavior_tree/plugins/condition/distance_traveled_condition.hpp
[6.111s] -- Up-to-date: /home/ros2/ros2_rc/src/install/nav2_behavior_tree/include//nav2_behavior_tree/plugins/condition/time_expired_condition.hpp
[6.111s] -- Up-to-date: /home/ros2/ros2_rc/src/install/nav2_behavior_tree/include//nav2_behavior_tree/plugins/condition/is_battery_low_condition.hpp
[6.111s] -- Up-to-date: /home/ros2/ros2_rc/src/install/nav2_behavior_tree/include//nav2_behavior_tree/plugins/condition/goal_updated_condition.hpp
[6.111s] -- Up-to-date: /home/ros2/ros2_rc/src/install/nav2_behavior_tree/include//nav2_behavior_tree/plugins/condition/is_stuck_condition.hpp
[6.113s] -- Up-to-date: /home/ros2/ros2_rc/src/install/nav2_behavior_tree/include//nav2_behavior_tree/plugins/condition/transform_available_condition.hpp
[6.113s] -- Up-to-date: /home/ros2/ros2_rc/src/install/nav2_behavior_tree/include//nav2_behavior_tree/plugins/action
[6.114s] -- Up-to-date: /home/ros2/ros2_rc/src/install/nav2_behavior_tree/include//nav2_behavior_tree/plugins/action/remove_passed_goals_action.hpp
[6.114s] -- Up-to-date: /home/ros2/ros2_rc/src/install/nav2_behavior_tree/include//nav2_behavior_tree/plugins/action/drive_on_heading_action.hpp
[6.114s] -- Up-to-date: /home/ros2/ros2_rc/src/install/nav2_behavior_tree/include//nav2_behavior_tree/plugins/action/reinitialize_global_localization_service.hpp
[6.114s] -- Up-to-date: /home/ros2/ros2_rc/src/install/nav2_behavior_tree/include//nav2_behavior_tree/plugins/action/smoother_selector_node.hpp
[6.115s] -- Up-to-date: /home/ros2/ros2_rc/src/install/nav2_behavior_tree/include//nav2_behavior_tree/plugins/action/truncate_path_local_action.hpp
[6.115s] -- Up-to-date: /home/ros2/ros2_rc/src/install/nav2_behavior_tree/include//nav2_behavior_tree/plugins/action/drive_on_heading_cancel_node.hpp
[6.116s] -- Up-to-date: /home/ros2/ros2_rc/src/install/nav2_behavior_tree/include//nav2_behavior_tree/plugins/action/planner_selector_node.hpp
[6.116s] -- Up-to-date: /home/ros2/ros2_rc/src/install/nav2_behavior_tree/include//nav2_behavior_tree/plugins/action/controller_cancel_node.hpp
[6.117s] -- Up-to-date: /home/ros2/ros2_rc/src/install/nav2_behavior_tree/include//nav2_behavior_tree/plugins/action/wait_cancel_node.hpp
[6.117s] -- Up-to-date: /home/ros2/ros2_rc/src/install/nav2_behavior_tree/include//nav2_behavior_tree/plugins/action/assisted_teleop_cancel_node.hpp
[6.118s] -- Up-to-date: /home/ros2/ros2_rc/src/install/nav2_behavior_tree/include//nav2_behavior_tree/plugins/action/follow_path_action.hpp
[6.118s] -- Up-to-date: /home/ros2/ros2_rc/src/install/nav2_behavior_tree/include//nav2_behavior_tree/plugins/action/goal_checker_selector_node.hpp
[6.118s] -- Up-to-date: /home/ros2/ros2_rc/src/install/nav2_behavior_tree/include//nav2_behavior_tree/plugins/action/spin_action.hpp
[6.118s] -- Up-to-date: /home/ros2/ros2_rc/src/install/nav2_behavior_tree/include//nav2_behavior_tree/plugins/action/compute_path_to_pose_action.hpp
[6.119s] -- Up-to-date: /home/ros2/ros2_rc/src/install/nav2_behavior_tree/include//nav2_behavior_tree/plugins/action/smooth_path_action.hpp
[6.119s] -- Up-to-date: /home/ros2/ros2_rc/src/install/nav2_behavior_tree/include//nav2_behavior_tree/plugins/action/navigate_to_pose_action.hpp
[6.119s] -- Up-to-date: /home/ros2/ros2_rc/src/install/nav2_behavior_tree/include//nav2_behavior_tree/plugins/action/get_pose_from_path_action.hpp
[6.119s] -- Up-to-date: /home/ros2/ros2_rc/src/install/nav2_behavior_tree/include//nav2_behavior_tree/plugins/action/truncate_path_action.hpp
[6.119s] -- Up-to-date: /home/ros2/ros2_rc/src/install/nav2_behavior_tree/include//nav2_behavior_tree/plugins/action/controller_selector_node.hpp
[6.120s] -- Up-to-date: /home/ros2/ros2_rc/src/install/nav2_behavior_tree/include//nav2_behavior_tree/plugins/action/back_up_cancel_node.hpp
[6.120s] -- Up-to-date: /home/ros2/ros2_rc/src/install/nav2_behavior_tree/include//nav2_behavior_tree/plugins/action/compute_path_through_poses_action.hpp
[6.121s] -- Up-to-date: /home/ros2/ros2_rc/src/install/nav2_behavior_tree/include//nav2_behavior_tree/plugins/action/navigate_through_poses_action.hpp
[6.121s] -- Up-to-date: /home/ros2/ros2_rc/src/install/nav2_behavior_tree/include//nav2_behavior_tree/plugins/action/spin_cancel_node.hpp
[6.122s] -- Up-to-date: /home/ros2/ros2_rc/src/install/nav2_behavior_tree/include//nav2_behavior_tree/plugins/action/wait_action.hpp
[6.122s] -- Up-to-date: /home/ros2/ros2_rc/src/install/nav2_behavior_tree/include//nav2_behavior_tree/plugins/action/back_up_action.hpp
[6.122s] -- Up-to-date: /home/ros2/ros2_rc/src/install/nav2_behavior_tree/include//nav2_behavior_tree/plugins/action/progress_checker_selector_node.hpp
[6.122s] -- Up-to-date: /home/ros2/ros2_rc/src/install/nav2_behavior_tree/include//nav2_behavior_tree/plugins/action/clear_costmap_service.hpp
[6.123s] -- Up-to-date: /home/ros2/ros2_rc/src/install/nav2_behavior_tree/include//nav2_behavior_tree/plugins/action/assisted_teleop_action.hpp
[6.123s] -- Up-to-date: /home/ros2/ros2_rc/src/install/nav2_behavior_tree/include//nav2_behavior_tree/bt_cancel_action_node.hpp
[6.123s] -- Up-to-date: /home/ros2/ros2_rc/src/install/nav2_behavior_tree/include//nav2_behavior_tree/behavior_tree_engine.hpp
[6.124s] -- Up-to-date: /home/ros2/ros2_rc/src/install/nav2_behavior_tree/share/nav2_behavior_tree/nav2_tree_nodes.xml
[6.125s] -- Up-to-date: /home/ros2/ros2_rc/src/install/nav2_behavior_tree/share/nav2_behavior_tree/environment/library_path.sh
[6.126s] -- Up-to-date: /home/ros2/ros2_rc/src/install/nav2_behavior_tree/share/nav2_behavior_tree/environment/library_path.dsv
[6.126s] -- Up-to-date: /home/ros2/ros2_rc/src/install/nav2_behavior_tree/share/ament_index/resource_index/package_run_dependencies/nav2_behavior_tree
[6.127s] -- Up-to-date: /home/ros2/ros2_rc/src/install/nav2_behavior_tree/share/ament_index/resource_index/parent_prefix_path/nav2_behavior_tree
[6.127s] -- Up-to-date: /home/ros2/ros2_rc/src/install/nav2_behavior_tree/share/nav2_behavior_tree/environment/ament_prefix_path.sh
[6.127s] -- Up-to-date: /home/ros2/ros2_rc/src/install/nav2_behavior_tree/share/nav2_behavior_tree/environment/ament_prefix_path.dsv
[6.127s] -- Up-to-date: /home/ros2/ros2_rc/src/install/nav2_behavior_tree/share/nav2_behavior_tree/environment/path.sh
[6.127s] -- Up-to-date: /home/ros2/ros2_rc/src/install/nav2_behavior_tree/share/nav2_behavior_tree/environment/path.dsv
[6.129s] -- Up-to-date: /home/ros2/ros2_rc/src/install/nav2_behavior_tree/share/nav2_behavior_tree/local_setup.bash
[6.130s] -- Up-to-date: /home/ros2/ros2_rc/src/install/nav2_behavior_tree/share/nav2_behavior_tree/local_setup.sh
[6.130s] -- Up-to-date: /home/ros2/ros2_rc/src/install/nav2_behavior_tree/share/nav2_behavior_tree/local_setup.zsh
[6.130s] -- Up-to-date: /home/ros2/ros2_rc/src/install/nav2_behavior_tree/share/nav2_behavior_tree/local_setup.dsv
[6.130s] -- Installing: /home/ros2/ros2_rc/src/install/nav2_behavior_tree/share/nav2_behavior_tree/package.dsv
[6.131s] -- Up-to-date: /home/ros2/ros2_rc/src/install/nav2_behavior_tree/share/ament_index/resource_index/packages/nav2_behavior_tree
[6.131s] -- Up-to-date: /home/ros2/ros2_rc/src/install/nav2_behavior_tree/share/nav2_behavior_tree/cmake/ament_cmake_export_include_directories-extras.cmake
[6.131s] -- Up-to-date: /home/ros2/ros2_rc/src/install/nav2_behavior_tree/share/nav2_behavior_tree/cmake/ament_cmake_export_libraries-extras.cmake
[6.131s] -- Up-to-date: /home/ros2/ros2_rc/src/install/nav2_behavior_tree/share/nav2_behavior_tree/cmake/ament_cmake_export_dependencies-extras.cmake
[6.131s] -- Up-to-date: /home/ros2/ros2_rc/src/install/nav2_behavior_tree/share/nav2_behavior_tree/cmake/nav2_behavior_treeConfig.cmake
[6.131s] -- Up-to-date: /home/ros2/ros2_rc/src/install/nav2_behavior_tree/share/nav2_behavior_tree/cmake/nav2_behavior_treeConfig-version.cmake
[6.132s] -- Up-to-date: /home/ros2/ros2_rc/src/install/nav2_behavior_tree/share/nav2_behavior_tree/package.xml
[6.144s] Invoked command in '/home/ros2/ros2_rc/src/build/nav2_behavior_tree' returned '0': CMAKE_PREFIX_PATH=/home/ros2/ros2_rc/src/install/nav2_util:/home/ros2/ros2_rc/src/install/nav2_msgs:/home/ros2/ros2_rc/src/install/nav2_common:/home/ros2/ros2_rc/src/install/smartcar_msgs:/home/ros2/ros2_rc/src/install/smart_car:/home/ros2/ros2_rc/src/install/ros2_rc:/home/ros2/ros2_rc/src/install/nav2_system_tests:/home/ros2/ros2_rc/src/install/nav2_bringup:/home/ros2/ros2_rc/src/install/navigation2:/home/ros2/ros2_rc/src/install/nav2_smoother:/home/ros2/ros2_rc/src/install/nav2_graceful_controller:/home/ros2/ros2_rc/src/install/nav2_dwb_controller:/home/ros2/ros2_rc/src/install/nav2_controller:/home/ros2/ros2_rc/src/install/dwb_plugins:/home/ros2/ros2_rc/src/install/dwb_critics:/home/ros2/ros2_rc/src/install/dwb_core:/home/ros2/ros2_rc/src/install/nav_2d_utils:/home/ros2/ros2_rc/src/install/dwb_msgs:/home/ros2/ros2_rc/src/install/nav_2d_msgs:/home/ros2/ros2_rc/src/install/nav2_waypoint_follower:/home/ros2/ros2_rc/src/install/nav2_theta_star_planner:/home/ros2/ros2_rc/src/install/nav2_smac_planner:/home/ros2/ros2_rc/src/install/nav2_rotation_shim_controller:/home/ros2/ros2_rc/src/install/nav2_regulated_pure_pursuit_controller:/home/ros2/ros2_rc/src/install/nav2_planner:/home/ros2/ros2_rc/src/install/nav2_navfn_planner:/home/ros2/ros2_rc/src/install/nav2_mppi_controller:/home/ros2/ros2_rc/src/install/nav2_constrained_smoother:/home/ros2/ros2_rc/src/install/nav2_bt_navigator:/home/ros2/ros2_rc/src/install/nav2_behaviors:/home/ros2/ros2_rc/src/install/nav2_core:/home/ros2/ros2_rc/src/install/nav2_collision_monitor:/home/ros2/ros2_rc/src/install/costmap_queue:/home/ros2/ros2_rc/src/install/nav2_costmap_2d:/home/ros2/ros2_rc/src/install/nav2_voxel_grid:/home/ros2/ros2_rc/src/install/nav2_velocity_smoother:/home/ros2/ros2_rc/src/install/nav2_rviz_plugins:/home/ros2/ros2_rc/src/install/nav2_map_server:/home/ros2/ros2_rc/src/install/nav2_lifecycle_manager:/home/ros2/ros2_rc/src/install/nav2_behavior_tree:/home/ros2/ros2_rc/src/install/nav2_amcl:/home/ros2/ros2_rc/src/install/car_gazebo_plugin:/home/ros2/ros2_rc/install/smartcar_msgs:/home/ros2/ros2_rc/install/smart_car:/home/ros2/ros2_rc/install/ros2_rc:/home/ros2/ros2_rc/install/nav2_system_tests:/home/ros2/ros2_rc/install/nav2_bringup:/home/ros2/ros2_rc/install/navigation2:/home/ros2/ros2_rc/install/nav2_smoother:/home/ros2/ros2_rc/install/nav2_graceful_controller:/home/ros2/ros2_rc/install/nav2_dwb_controller:/home/ros2/ros2_rc/install/nav2_controller:/home/ros2/ros2_rc/install/dwb_plugins:/home/ros2/ros2_rc/install/dwb_critics:/home/ros2/ros2_rc/install/dwb_core:/home/ros2/ros2_rc/install/nav_2d_utils:/home/ros2/ros2_rc/install/dwb_msgs:/home/ros2/ros2_rc/install/nav_2d_msgs:/home/ros2/ros2_rc/install/nav2_waypoint_follower:/home/ros2/ros2_rc/install/nav2_theta_star_planner:/home/ros2/ros2_rc/install/nav2_smac_planner:/home/ros2/ros2_rc/install/nav2_rotation_shim_controller:/home/ros2/ros2_rc/install/nav2_regulated_pure_pursuit_controller:/home/ros2/ros2_rc/install/nav2_planner:/home/ros2/ros2_rc/install/nav2_navfn_planner:/home/ros2/ros2_rc/install/nav2_mppi_controller:/home/ros2/ros2_rc/install/nav2_constrained_smoother:/home/ros2/ros2_rc/install/nav2_bt_navigator:/home/ros2/ros2_rc/install/nav2_behaviors:/home/ros2/ros2_rc/install/nav2_core:/home/ros2/ros2_rc/install/nav2_collision_monitor:/home/ros2/ros2_rc/install/costmap_queue:/home/ros2/ros2_rc/install/nav2_costmap_2d:/home/ros2/ros2_rc/install/nav2_voxel_grid:/home/ros2/ros2_rc/install/nav2_velocity_smoother:/home/ros2/ros2_rc/install/nav2_rviz_plugins:/home/ros2/ros2_rc/install/nav2_map_server:/home/ros2/ros2_rc/install/nav2_lifecycle_manager:/home/ros2/ros2_rc/install/nav2_behavior_tree:/home/ros2/ros2_rc/install/nav2_amcl:/home/ros2/ros2_rc/install/nav2_util:/home/ros2/ros2_rc/install/nav2_msgs:/home/ros2/ros2_rc/install/nav2_common:/home/ros2/ros2_rc/install/car_gazebo_plugin:/home/ros2/ros2_rc/src/install/nav2_simple_commander:/home/ros2/ros2_rc/install/nav2_simple_commander:/opt/ros/humble LD_LIBRARY_PATH=/home/ros2/ros2_rc/src/install/nav2_util/lib:/home/ros2/ros2_rc/src/install/nav2_msgs/lib:/home/ros2/ros2_rc/src/install/smartcar_msgs/lib:/home/ros2/ros2_rc/src/install/nav2_smoother/lib:/home/ros2/ros2_rc/src/install/nav2_graceful_controller/lib:/home/ros2/ros2_rc/src/install/nav2_controller/lib:/home/ros2/ros2_rc/src/install/dwb_plugins/lib:/home/ros2/ros2_rc/src/install/dwb_critics/lib:/home/ros2/ros2_rc/src/install/dwb_core/lib:/home/ros2/ros2_rc/src/install/nav_2d_utils/lib:/home/ros2/ros2_rc/src/install/dwb_msgs/lib:/home/ros2/ros2_rc/src/install/nav_2d_msgs/lib:/home/ros2/ros2_rc/src/install/nav2_waypoint_follower/lib:/home/ros2/ros2_rc/src/install/nav2_theta_star_planner/lib:/home/ros2/ros2_rc/src/install/nav2_smac_planner/lib:/home/ros2/ros2_rc/src/install/nav2_rotation_shim_controller/lib:/home/ros2/ros2_rc/src/install/nav2_regulated_pure_pursuit_controller/lib:/home/ros2/ros2_rc/src/install/nav2_planner/lib:/home/ros2/ros2_rc/src/install/nav2_navfn_planner/lib:/home/ros2/ros2_rc/src/install/nav2_mppi_controller/lib:/home/ros2/ros2_rc/src/install/nav2_constrained_smoother/lib:/home/ros2/ros2_rc/src/install/nav2_bt_navigator/lib:/home/ros2/ros2_rc/src/install/nav2_behaviors/lib:/home/ros2/ros2_rc/src/install/nav2_collision_monitor/lib:/home/ros2/ros2_rc/src/install/costmap_queue/lib:/home/ros2/ros2_rc/src/install/nav2_costmap_2d/lib:/home/ros2/ros2_rc/src/install/nav2_voxel_grid/lib:/home/ros2/ros2_rc/src/install/nav2_velocity_smoother/lib:/home/ros2/ros2_rc/src/install/nav2_rviz_plugins/lib:/home/ros2/ros2_rc/src/install/nav2_map_server/lib:/home/ros2/ros2_rc/src/install/nav2_lifecycle_manager/lib:/home/ros2/ros2_rc/src/install/nav2_behavior_tree/lib:/home/ros2/ros2_rc/src/install/nav2_amcl/lib:/home/ros2/ros2_rc/src/install/car_gazebo_plugin/lib:/home/ros2/ros2_rc/install/smartcar_msgs/lib:/home/ros2/ros2_rc/install/nav2_smoother/lib:/home/ros2/ros2_rc/install/nav2_graceful_controller/lib:/home/ros2/ros2_rc/install/nav2_controller/lib:/home/ros2/ros2_rc/install/dwb_plugins/lib:/home/ros2/ros2_rc/install/dwb_critics/lib:/home/ros2/ros2_rc/install/dwb_core/lib:/home/ros2/ros2_rc/install/nav_2d_utils/lib:/home/ros2/ros2_rc/install/dwb_msgs/lib:/home/ros2/ros2_rc/install/nav_2d_msgs/lib:/home/ros2/ros2_rc/install/nav2_waypoint_follower/lib:/home/ros2/ros2_rc/install/nav2_theta_star_planner/lib:/home/ros2/ros2_rc/install/nav2_smac_planner/lib:/home/ros2/ros2_rc/install/nav2_rotation_shim_controller/lib:/home/ros2/ros2_rc/install/nav2_regulated_pure_pursuit_controller/lib:/home/ros2/ros2_rc/install/nav2_planner/lib:/home/ros2/ros2_rc/install/nav2_navfn_planner/lib:/home/ros2/ros2_rc/install/nav2_mppi_controller/lib:/home/ros2/ros2_rc/install/nav2_constrained_smoother/lib:/home/ros2/ros2_rc/install/nav2_bt_navigator/lib:/home/ros2/ros2_rc/install/nav2_behaviors/lib:/home/ros2/ros2_rc/install/nav2_collision_monitor/lib:/home/ros2/ros2_rc/install/costmap_queue/lib:/home/ros2/ros2_rc/install/nav2_costmap_2d/lib:/home/ros2/ros2_rc/install/nav2_voxel_grid/lib:/home/ros2/ros2_rc/install/nav2_velocity_smoother/lib:/home/ros2/ros2_rc/install/nav2_rviz_plugins/lib:/home/ros2/ros2_rc/install/nav2_map_server/lib:/home/ros2/ros2_rc/install/nav2_lifecycle_manager/lib:/home/ros2/ros2_rc/install/nav2_behavior_tree/lib:/home/ros2/ros2_rc/install/nav2_amcl/lib:/home/ros2/ros2_rc/install/nav2_util/lib:/home/ros2/ros2_rc/install/nav2_msgs/lib:/home/ros2/ros2_rc/install/car_gazebo_plugin/lib:/usr/lib/x86_64-linux-gnu/gazebo-11/plugins:/opt/ros/humble/opt/rviz_ogre_vendor/lib:/opt/ros/humble/lib/x86_64-linux-gnu:/opt/ros/humble/lib:/usr/lib/x86_64-linux-gnu/gazebo-11/plugins /usr/bin/cmake --install /home/ros2/ros2_rc/src/build/nav2_behavior_tree
