[0.071s] Invoking command in '/home/ros2/ros2_rc/src/build/smart_car': CMAKE_PREFIX_PATH=${CMAKE_PREFIX_PATH}:/home/ros2/ros2_rc/src/install/dwb_plugins:/home/ros2/ros2_rc/src/install/nav2_theta_star_planner:/home/ros2/ros2_rc/src/install/nav2_simple_commander:/home/ros2/ros2_rc/install/nav2_simple_commander:/opt/ros/humble /usr/bin/cmake --build /home/ros2/ros2_rc/src/build/smart_car -- -j10 -l10
[0.195s] -- Found ament_cmake: 1.3.10 (/opt/ros/humble/share/ament_cmake/cmake)
[0.554s] -- Found rclpy: 3.3.14 (/opt/ros/humble/share/rclpy/cmake)
[0.555s] -- Found sensor_msgs: 4.2.4 (/opt/ros/humble/share/sensor_msgs/cmake)
[0.605s] -- Found rosidl_generator_c: 3.1.5 (/opt/ros/humble/share/rosidl_generator_c/cmake)
[0.609s] -- Found rosidl_adapter: 3.1.5 (/opt/ros/humble/share/rosidl_adapter/cmake)
[0.621s] -- Found rosidl_generator_cpp: 3.1.5 (/opt/ros/humble/share/rosidl_generator_cpp/cmake)
[0.648s] -- Using all available rosidl_typesupport_c: rosidl_typesupport_fastrtps_c;rosidl_typesupport_introspection_c
[0.672s] -- Using all available rosidl_typesupport_cpp: rosidl_typesupport_fastrtps_cpp;rosidl_typesupport_introspection_cpp
[0.812s] -- Found ament_lint_auto: 0.12.11 (/opt/ros/humble/share/ament_lint_auto/cmake)
[1.018s] -- Added test 'cppcheck' to perform static code analysis on C / C++ code
[1.019s] -- Configured cppcheck include dirs: 
[1.019s] -- Configured cppcheck exclude dirs and/or files: 
[1.024s] -- Added test 'flake8' to check Python code syntax and style conventions
[1.035s] -- Added test 'lint_cmake' to check CMake code style
[1.041s] -- Added test 'pep257' to check Python code against some of the docstring style conventions in PEP 257
[1.077s] -- Added test 'uncrustify' to check C / C++ code style
[1.077s] -- Configured uncrustify additional arguments: 
[1.082s] -- Added test 'xmllint' to check XML markup files
[1.084s] -- Configuring done
[1.093s] -- Generating done
[1.096s] -- Build files have been written to: /home/ros2/ros2_rc/src/build/smart_car
[1.151s] Invoked command in '/home/ros2/ros2_rc/src/build/smart_car' returned '0': CMAKE_PREFIX_PATH=${CMAKE_PREFIX_PATH}:/home/ros2/ros2_rc/src/install/dwb_plugins:/home/ros2/ros2_rc/src/install/nav2_theta_star_planner:/home/ros2/ros2_rc/src/install/nav2_simple_commander:/home/ros2/ros2_rc/install/nav2_simple_commander:/opt/ros/humble /usr/bin/cmake --build /home/ros2/ros2_rc/src/build/smart_car -- -j10 -l10
[1.229s] Invoking command in '/home/ros2/ros2_rc/src/build/smart_car': CMAKE_PREFIX_PATH=${CMAKE_PREFIX_PATH}:/home/ros2/ros2_rc/src/install/dwb_plugins:/home/ros2/ros2_rc/src/install/nav2_theta_star_planner:/home/ros2/ros2_rc/src/install/nav2_simple_commander:/home/ros2/ros2_rc/install/nav2_simple_commander:/opt/ros/humble /usr/bin/cmake --install /home/ros2/ros2_rc/src/build/smart_car
[1.247s] -- Install configuration: ""
[1.248s] -- Up-to-date: /home/ros2/ros2_rc/src/install/smart_car/share/smart_car/launch
[1.248s] -- Up-to-date: /home/ros2/ros2_rc/src/install/smart_car/share/smart_car/launch/gazebo.launch.py
[1.249s] -- Up-to-date: /home/ros2/ros2_rc/src/install/smart_car/share/smart_car/launch/localization.launch.py
[1.249s] -- Up-to-date: /home/ros2/ros2_rc/src/install/smart_car/share/smart_car/launch/smartcar.launch.py
[1.249s] -- Up-to-date: /home/ros2/ros2_rc/src/install/smart_car/share/smart_car/launch/nav2.launch.py
[1.249s] -- Up-to-date: /home/ros2/ros2_rc/src/install/smart_car/share/smart_car/urdf
[1.249s] -- Up-to-date: /home/ros2/ros2_rc/src/install/smart_car/share/smart_car/urdf/smartcar.urdf.xacro
[1.250s] -- Up-to-date: /home/ros2/ros2_rc/src/install/smart_car/share/smart_car/urdf/smart_car.urdf
[1.250s] -- Up-to-date: /home/ros2/ros2_rc/src/install/smart_car/share/smart_car/urdf/.vscode
[1.250s] -- Up-to-date: /home/ros2/ros2_rc/src/install/smart_car/share/smart_car/urdf/.vscode/settings.json
[1.250s] -- Up-to-date: /home/ros2/ros2_rc/src/install/smart_car/share/smart_car/urdf/.vscode/c_cpp_properties.json
[1.251s] -- Up-to-date: /home/ros2/ros2_rc/src/install/smart_car/share/smart_car/urdf/smartcar.urdf
[1.251s] -- Up-to-date: /home/ros2/ros2_rc/src/install/smart_car/share/smart_car/world
[1.251s] -- Up-to-date: /home/ros2/ros2_rc/src/install/smart_car/share/smart_car/world/smalltown.world
[1.251s] -- Up-to-date: /home/ros2/ros2_rc/src/install/smart_car/share/smart_car/config
[1.252s] -- Up-to-date: /home/ros2/ros2_rc/src/install/smart_car/share/smart_car/config/ekf.yaml
[1.252s] -- Up-to-date: /home/ros2/ros2_rc/src/install/smart_car/share/smart_car/config/nav2_params.yaml
[1.252s] -- Installing: /home/ros2/ros2_rc/src/install/smart_car/share/smart_car/map/map
[1.252s] -- Installing: /home/ros2/ros2_rc/src/install/smart_car/share/smart_car/map/map/smalltown_world.yaml
[1.253s] -- Installing: /home/ros2/ros2_rc/src/install/smart_car/share/smart_car/map/map/smalltown_world.pgm
[1.309s] -- Up-to-date: /home/ros2/ros2_rc/src/install/smart_car/lib/smart_car/wheel_odom_node.py
[1.309s] -- Up-to-date: /home/ros2/ros2_rc/src/install/smart_car/lib/smart_car/joint_state_publisher.py
[1.309s] -- Up-to-date: /home/ros2/ros2_rc/src/install/smart_car/share/ament_index/resource_index/package_run_dependencies/smart_car
[1.309s] -- Installing: /home/ros2/ros2_rc/src/install/smart_car/share/ament_index/resource_index/parent_prefix_path/smart_car
[1.310s] -- Up-to-date: /home/ros2/ros2_rc/src/install/smart_car/share/smart_car/environment/ament_prefix_path.sh
[1.310s] -- Installing: /home/ros2/ros2_rc/src/install/smart_car/share/smart_car/environment/ament_prefix_path.dsv
[1.310s] -- Up-to-date: /home/ros2/ros2_rc/src/install/smart_car/share/smart_car/environment/path.sh
[1.310s] -- Installing: /home/ros2/ros2_rc/src/install/smart_car/share/smart_car/environment/path.dsv
[1.310s] -- Up-to-date: /home/ros2/ros2_rc/src/install/smart_car/share/smart_car/local_setup.bash
[1.316s] -- Up-to-date: /home/ros2/ros2_rc/src/install/smart_car/share/smart_car/local_setup.sh
[1.316s] -- Up-to-date: /home/ros2/ros2_rc/src/install/smart_car/share/smart_car/local_setup.zsh
[1.316s] -- Installing: /home/ros2/ros2_rc/src/install/smart_car/share/smart_car/local_setup.dsv
[1.316s] -- Installing: /home/ros2/ros2_rc/src/install/smart_car/share/smart_car/package.dsv
[1.317s] -- Up-to-date: /home/ros2/ros2_rc/src/install/smart_car/share/ament_index/resource_index/packages/smart_car
[1.318s] -- Up-to-date: /home/ros2/ros2_rc/src/install/smart_car/share/smart_car/cmake/smart_carConfig.cmake
[1.318s] -- Up-to-date: /home/ros2/ros2_rc/src/install/smart_car/share/smart_car/cmake/smart_carConfig-version.cmake
[1.318s] -- Up-to-date: /home/ros2/ros2_rc/src/install/smart_car/share/smart_car/package.xml
[1.321s] Invoked command in '/home/ros2/ros2_rc/src/build/smart_car' returned '0': CMAKE_PREFIX_PATH=${CMAKE_PREFIX_PATH}:/home/ros2/ros2_rc/src/install/dwb_plugins:/home/ros2/ros2_rc/src/install/nav2_theta_star_planner:/home/ros2/ros2_rc/src/install/nav2_simple_commander:/home/ros2/ros2_rc/install/nav2_simple_commander:/opt/ros/humble /usr/bin/cmake --install /home/ros2/ros2_rc/src/build/smart_car
