-- The C compiler identification is GNU 11.4.0
-- The CXX compiler identification is GNU 11.4.0
-- Detecting C compiler ABI info
-- Detecting C compiler ABI info - done
-- Check for working C compiler: /usr/lib/ccache/gcc - skipped
-- Detecting C compile features
-- Detecting C compile features - done
-- Detecting CXX compiler ABI info
-- Detecting CXX compiler ABI info - done
-- Check for working CXX compiler: /usr/lib/ccache/g++ - skipped
-- Detecting CXX compile features
-- Detecting CXX compile features - done
-- Found ament_cmake: 1.3.10 (/opt/ros/humble/share/ament_cmake/cmake)
-- Found Python3: /usr/bin/python3 (found version "3.10.12") found components: Interpreter 
-- Found ament_lint_auto: 0.12.11 (/opt/ros/humble/share/ament_lint_auto/cmake)
-- Added test 'lint_cmake' to check CMake code style
-- Added test 'xmllint' to check XML markup files
-- Configuring done
-- Generating done
-- Build files have been written to: /home/ros2/ros2_rc/build/ros2_rc
-- Install configuration: ""
-- Installing: /home/ros2/ros2_rc/install/ros2_rc/share/ament_index/resource_index/package_run_dependencies/ros2_rc
-- Installing: /home/ros2/ros2_rc/install/ros2_rc/share/ament_index/resource_index/parent_prefix_path/ros2_rc
-- Installing: /home/ros2/ros2_rc/install/ros2_rc/share/ros2_rc/environment/ament_prefix_path.sh
-- Installing: /home/ros2/ros2_rc/install/ros2_rc/share/ros2_rc/environment/ament_prefix_path.dsv
-- Installing: /home/ros2/ros2_rc/install/ros2_rc/share/ros2_rc/environment/path.sh
-- Installing: /home/ros2/ros2_rc/install/ros2_rc/share/ros2_rc/environment/path.dsv
-- Installing: /home/ros2/ros2_rc/install/ros2_rc/share/ros2_rc/local_setup.bash
-- Installing: /home/ros2/ros2_rc/install/ros2_rc/share/ros2_rc/local_setup.sh
-- Installing: /home/ros2/ros2_rc/install/ros2_rc/share/ros2_rc/local_setup.zsh
-- Installing: /home/ros2/ros2_rc/install/ros2_rc/share/ros2_rc/local_setup.dsv
-- Installing: /home/ros2/ros2_rc/install/ros2_rc/share/ros2_rc/package.dsv
-- Installing: /home/ros2/ros2_rc/install/ros2_rc/share/ament_index/resource_index/packages/ros2_rc
-- Installing: /home/ros2/ros2_rc/install/ros2_rc/share/ros2_rc/cmake/ros2_rcConfig.cmake
-- Installing: /home/ros2/ros2_rc/install/ros2_rc/share/ros2_rc/cmake/ros2_rcConfig-version.cmake
-- Installing: /home/ros2/ros2_rc/install/ros2_rc/share/ros2_rc/package.xml
