[0.062s] Invoking command in '/home/ros2/ros2_rc/build/ros2_rc': CMAKE_PREFIX_PATH=${CMAKE_PREFIX_PATH}:/home/ros2/ros2_rc/install/nav2_simple_commander:/opt/ros/humble /usr/bin/cmake /home/ros2/ros2_rc/src/ros2_rc -DCMAKE_INSTALL_PREFIX=/home/ros2/ros2_rc/install/ros2_rc
[0.239s] -- The C compiler identification is GNU 11.4.0
[0.426s] -- The CXX compiler identification is GNU 11.4.0
[0.453s] -- Detecting C compiler ABI info
[0.703s] -- Detecting C compiler ABI info - done
[0.724s] -- Check for working C compiler: /usr/lib/ccache/gcc - skipped
[0.724s] -- Detecting C compile features
[0.724s] -- Detecting C compile features - done
[0.737s] -- Detecting CXX compiler ABI info
[0.999s] -- Detecting CXX compiler ABI info - done
[1.023s] -- Check for working CXX compiler: /usr/lib/ccache/g++ - skipped
[1.023s] -- Detecting CXX compile features
[1.023s] -- Detecting CXX compile features - done
[1.024s] -- Found ament_cmake: 1.3.10 (/opt/ros/humble/share/ament_cmake/cmake)
[1.389s] -- Found Python3: /usr/bin/python3 (found version "3.10.12") found components: Interpreter 
[1.630s] -- Found ament_lint_auto: 0.12.11 (/opt/ros/humble/share/ament_lint_auto/cmake)
[1.783s] -- Added test 'lint_cmake' to check CMake code style
[1.785s] -- Added test 'xmllint' to check XML markup files
[1.791s] -- Configuring done
[1.793s] -- Generating done
[1.794s] -- Build files have been written to: /home/ros2/ros2_rc/build/ros2_rc
[1.801s] Invoked command in '/home/ros2/ros2_rc/build/ros2_rc' returned '0': CMAKE_PREFIX_PATH=${CMAKE_PREFIX_PATH}:/home/ros2/ros2_rc/install/nav2_simple_commander:/opt/ros/humble /usr/bin/cmake /home/ros2/ros2_rc/src/ros2_rc -DCMAKE_INSTALL_PREFIX=/home/ros2/ros2_rc/install/ros2_rc
[1.805s] Invoking command in '/home/ros2/ros2_rc/build/ros2_rc': CMAKE_PREFIX_PATH=${CMAKE_PREFIX_PATH}:/home/ros2/ros2_rc/install/nav2_simple_commander:/opt/ros/humble /usr/bin/cmake --build /home/ros2/ros2_rc/build/ros2_rc -- -j10 -l10
[1.909s] Invoked command in '/home/ros2/ros2_rc/build/ros2_rc' returned '0': CMAKE_PREFIX_PATH=${CMAKE_PREFIX_PATH}:/home/ros2/ros2_rc/install/nav2_simple_commander:/opt/ros/humble /usr/bin/cmake --build /home/ros2/ros2_rc/build/ros2_rc -- -j10 -l10
[2.032s] Invoking command in '/home/ros2/ros2_rc/build/ros2_rc': CMAKE_PREFIX_PATH=${CMAKE_PREFIX_PATH}:/home/ros2/ros2_rc/install/nav2_simple_commander:/opt/ros/humble /usr/bin/cmake --install /home/ros2/ros2_rc/build/ros2_rc
[2.056s] -- Install configuration: ""
[2.056s] -- Installing: /home/ros2/ros2_rc/install/ros2_rc/share/ament_index/resource_index/package_run_dependencies/ros2_rc
[2.057s] -- Installing: /home/ros2/ros2_rc/install/ros2_rc/share/ament_index/resource_index/parent_prefix_path/ros2_rc
[2.057s] -- Installing: /home/ros2/ros2_rc/install/ros2_rc/share/ros2_rc/environment/ament_prefix_path.sh
[2.058s] -- Installing: /home/ros2/ros2_rc/install/ros2_rc/share/ros2_rc/environment/ament_prefix_path.dsv
[2.058s] -- Installing: /home/ros2/ros2_rc/install/ros2_rc/share/ros2_rc/environment/path.sh
[2.058s] -- Installing: /home/ros2/ros2_rc/install/ros2_rc/share/ros2_rc/environment/path.dsv
[2.059s] -- Installing: /home/ros2/ros2_rc/install/ros2_rc/share/ros2_rc/local_setup.bash
[2.060s] -- Installing: /home/ros2/ros2_rc/install/ros2_rc/share/ros2_rc/local_setup.sh
[2.060s] -- Installing: /home/ros2/ros2_rc/install/ros2_rc/share/ros2_rc/local_setup.zsh
[2.061s] -- Installing: /home/ros2/ros2_rc/install/ros2_rc/share/ros2_rc/local_setup.dsv
[2.061s] -- Installing: /home/ros2/ros2_rc/install/ros2_rc/share/ros2_rc/package.dsv
[2.061s] -- Installing: /home/ros2/ros2_rc/install/ros2_rc/share/ament_index/resource_index/packages/ros2_rc
[2.061s] -- Installing: /home/ros2/ros2_rc/install/ros2_rc/share/ros2_rc/cmake/ros2_rcConfig.cmake
[2.061s] -- Installing: /home/ros2/ros2_rc/install/ros2_rc/share/ros2_rc/cmake/ros2_rcConfig-version.cmake
[2.061s] -- Installing: /home/ros2/ros2_rc/install/ros2_rc/share/ros2_rc/package.xml
[2.076s] Invoked command in '/home/ros2/ros2_rc/build/ros2_rc' returned '0': CMAKE_PREFIX_PATH=${CMAKE_PREFIX_PATH}:/home/ros2/ros2_rc/install/nav2_simple_commander:/opt/ros/humble /usr/bin/cmake --install /home/ros2/ros2_rc/build/ros2_rc
