[0.080s] Invoking command in '/home/ros2/ros2_rc/build/smartcar_msgs': CMAKE_PREFIX_PATH=${CMAKE_PREFIX_PATH}:/home/ros2/ros2_rc/install/nav2_simple_commander:/home/ros2/ros2_rc/src/install/nav2_simple_commander:/opt/ros/humble /usr/bin/cmake --build /home/ros2/ros2_rc/build/smartcar_msgs -- -j10 -l10
[0.257s] [  3%] Built target smartcar_msgs__cpp
[0.277s] [ 12%] Built target smartcar_msgs__rosidl_generator_c
[0.322s] [ 12%] Built target ament_cmake_python_copy_smartcar_msgs
[0.407s] [ 22%] Built target smartcar_msgs__rosidl_typesupport_c
[0.436s] [ 32%] Built target smartcar_msgs__rosidl_typesupport_fastrtps_cpp
[0.446s] [ 41%] Built target smartcar_msgs__rosidl_typesupport_cpp
[0.465s] [ 54%] Built target smartcar_msgs__rosidl_typesupport_fastrtps_c
[0.465s] [ 61%] Built target smartcar_msgs__rosidl_typesupport_introspection_cpp
[0.473s] [ 70%] Built target smartcar_msgs__rosidl_typesupport_introspection_c
[0.569s] [ 70%] Built target smartcar_msgs
[0.679s] [ 74%] Built target smartcar_msgs__py
[0.803s] [ 80%] Built target smartcar_msgs__rosidl_generator_py
[0.925s] [ 87%] Built target smartcar_msgs__rosidl_typesupport_fastrtps_c__pyext
[0.937s] [ 93%] Built target smartcar_msgs__rosidl_typesupport_c__pyext
[0.996s] [100%] Built target smartcar_msgs__rosidl_typesupport_introspection_c__pyext
[1.010s] running egg_info
[1.012s] writing smartcar_msgs.egg-info/PKG-INFO
[1.012s] writing dependency_links to smartcar_msgs.egg-info/dependency_links.txt
[1.015s] writing top-level names to smartcar_msgs.egg-info/top_level.txt
[1.020s] reading manifest file 'smartcar_msgs.egg-info/SOURCES.txt'
[1.021s] writing manifest file 'smartcar_msgs.egg-info/SOURCES.txt'
[1.125s] [100%] Built target ament_cmake_python_build_smartcar_msgs_egg
[1.160s] Invoked command in '/home/ros2/ros2_rc/build/smartcar_msgs' returned '0': CMAKE_PREFIX_PATH=${CMAKE_PREFIX_PATH}:/home/ros2/ros2_rc/install/nav2_simple_commander:/home/ros2/ros2_rc/src/install/nav2_simple_commander:/opt/ros/humble /usr/bin/cmake --build /home/ros2/ros2_rc/build/smartcar_msgs -- -j10 -l10
[1.500s] Invoking command in '/home/ros2/ros2_rc/build/smartcar_msgs': CMAKE_PREFIX_PATH=${CMAKE_PREFIX_PATH}:/home/ros2/ros2_rc/install/nav2_simple_commander:/home/ros2/ros2_rc/src/install/nav2_simple_commander:/opt/ros/humble /usr/bin/cmake --install /home/ros2/ros2_rc/build/smartcar_msgs
[1.525s] -- Install configuration: ""
[1.526s] -- Up-to-date: /home/ros2/ros2_rc/install/smartcar_msgs/share/ament_index/resource_index/rosidl_interfaces/smartcar_msgs
[1.526s] -- Up-to-date: /home/ros2/ros2_rc/install/smartcar_msgs/include/smartcar_msgs/smartcar_msgs
[1.526s] -- Up-to-date: /home/ros2/ros2_rc/install/smartcar_msgs/include/smartcar_msgs/smartcar_msgs/msg
[1.526s] -- Up-to-date: /home/ros2/ros2_rc/install/smartcar_msgs/include/smartcar_msgs/smartcar_msgs/msg/status.h
[1.536s] -- Up-to-date: /home/ros2/ros2_rc/install/smartcar_msgs/include/smartcar_msgs/smartcar_msgs/msg/rosidl_generator_c__visibility_control.h
[1.537s] -- Up-to-date: /home/ros2/ros2_rc/install/smartcar_msgs/include/smartcar_msgs/smartcar_msgs/msg/detail
[1.538s] -- Up-to-date: /home/ros2/ros2_rc/install/smartcar_msgs/include/smartcar_msgs/smartcar_msgs/msg/detail/status__type_support.h
[1.538s] -- Up-to-date: /home/ros2/ros2_rc/install/smartcar_msgs/include/smartcar_msgs/smartcar_msgs/msg/detail/status__functions.h
[1.538s] -- Up-to-date: /home/ros2/ros2_rc/install/smartcar_msgs/include/smartcar_msgs/smartcar_msgs/msg/detail/status__struct.h
[1.538s] -- Up-to-date: /home/ros2/ros2_rc/install/smartcar_msgs/include/smartcar_msgs/smartcar_msgs/msg/detail/status__functions.c
[1.538s] -- Up-to-date: /home/ros2/ros2_rc/install/smartcar_msgs/share/smartcar_msgs/environment/library_path.sh
[1.539s] -- Up-to-date: /home/ros2/ros2_rc/install/smartcar_msgs/share/smartcar_msgs/environment/library_path.dsv
[1.539s] -- Up-to-date: /home/ros2/ros2_rc/install/smartcar_msgs/lib/libsmartcar_msgs__rosidl_generator_c.so
[1.539s] -- Up-to-date: /home/ros2/ros2_rc/install/smartcar_msgs/include/smartcar_msgs/smartcar_msgs
[1.539s] -- Up-to-date: /home/ros2/ros2_rc/install/smartcar_msgs/include/smartcar_msgs/smartcar_msgs/msg
[1.539s] -- Up-to-date: /home/ros2/ros2_rc/install/smartcar_msgs/include/smartcar_msgs/smartcar_msgs/msg/rosidl_typesupport_fastrtps_c__visibility_control.h
[1.539s] -- Up-to-date: /home/ros2/ros2_rc/install/smartcar_msgs/include/smartcar_msgs/smartcar_msgs/msg/detail
[1.539s] -- Up-to-date: /home/ros2/ros2_rc/install/smartcar_msgs/include/smartcar_msgs/smartcar_msgs/msg/detail/status__rosidl_typesupport_fastrtps_c.h
[1.540s] -- Up-to-date: /home/ros2/ros2_rc/install/smartcar_msgs/lib/libsmartcar_msgs__rosidl_typesupport_fastrtps_c.so
[1.541s] -- Up-to-date: /home/ros2/ros2_rc/install/smartcar_msgs/include/smartcar_msgs/smartcar_msgs
[1.541s] -- Up-to-date: /home/ros2/ros2_rc/install/smartcar_msgs/include/smartcar_msgs/smartcar_msgs/msg
[1.541s] -- Up-to-date: /home/ros2/ros2_rc/install/smartcar_msgs/include/smartcar_msgs/smartcar_msgs/msg/detail
[1.541s] -- Up-to-date: /home/ros2/ros2_rc/install/smartcar_msgs/include/smartcar_msgs/smartcar_msgs/msg/detail/status__type_support.c
[1.541s] -- Up-to-date: /home/ros2/ros2_rc/install/smartcar_msgs/include/smartcar_msgs/smartcar_msgs/msg/detail/status__rosidl_typesupport_introspection_c.h
[1.541s] -- Up-to-date: /home/ros2/ros2_rc/install/smartcar_msgs/include/smartcar_msgs/smartcar_msgs/msg/rosidl_typesupport_introspection_c__visibility_control.h
[1.541s] -- Up-to-date: /home/ros2/ros2_rc/install/smartcar_msgs/lib/libsmartcar_msgs__rosidl_typesupport_introspection_c.so
[1.541s] -- Up-to-date: /home/ros2/ros2_rc/install/smartcar_msgs/lib/libsmartcar_msgs__rosidl_typesupport_c.so
[1.542s] -- Up-to-date: /home/ros2/ros2_rc/install/smartcar_msgs/include/smartcar_msgs/smartcar_msgs
[1.542s] -- Up-to-date: /home/ros2/ros2_rc/install/smartcar_msgs/include/smartcar_msgs/smartcar_msgs/msg
[1.542s] -- Up-to-date: /home/ros2/ros2_rc/install/smartcar_msgs/include/smartcar_msgs/smartcar_msgs/msg/detail
[1.552s] -- Up-to-date: /home/ros2/ros2_rc/install/smartcar_msgs/include/smartcar_msgs/smartcar_msgs/msg/detail/status__traits.hpp
[1.553s] -- Up-to-date: /home/ros2/ros2_rc/install/smartcar_msgs/include/smartcar_msgs/smartcar_msgs/msg/detail/status__struct.hpp
[1.553s] -- Up-to-date: /home/ros2/ros2_rc/install/smartcar_msgs/include/smartcar_msgs/smartcar_msgs/msg/detail/status__builder.hpp
[1.553s] -- Up-to-date: /home/ros2/ros2_rc/install/smartcar_msgs/include/smartcar_msgs/smartcar_msgs/msg/status.hpp
[1.553s] -- Up-to-date: /home/ros2/ros2_rc/install/smartcar_msgs/include/smartcar_msgs/smartcar_msgs
[1.553s] -- Up-to-date: /home/ros2/ros2_rc/install/smartcar_msgs/include/smartcar_msgs/smartcar_msgs/msg
[1.553s] -- Up-to-date: /home/ros2/ros2_rc/install/smartcar_msgs/include/smartcar_msgs/smartcar_msgs/msg/rosidl_typesupport_fastrtps_cpp__visibility_control.h
[1.553s] -- Up-to-date: /home/ros2/ros2_rc/install/smartcar_msgs/include/smartcar_msgs/smartcar_msgs/msg/detail
[1.553s] -- Up-to-date: /home/ros2/ros2_rc/install/smartcar_msgs/include/smartcar_msgs/smartcar_msgs/msg/detail/status__rosidl_typesupport_fastrtps_cpp.hpp
[1.554s] -- Up-to-date: /home/ros2/ros2_rc/install/smartcar_msgs/include/smartcar_msgs/smartcar_msgs/msg/detail/dds_fastrtps
[1.554s] -- Up-to-date: /home/ros2/ros2_rc/install/smartcar_msgs/lib/libsmartcar_msgs__rosidl_typesupport_fastrtps_cpp.so
[1.554s] -- Up-to-date: /home/ros2/ros2_rc/install/smartcar_msgs/include/smartcar_msgs/smartcar_msgs
[1.554s] -- Up-to-date: /home/ros2/ros2_rc/install/smartcar_msgs/include/smartcar_msgs/smartcar_msgs/msg
[1.554s] -- Up-to-date: /home/ros2/ros2_rc/install/smartcar_msgs/include/smartcar_msgs/smartcar_msgs/msg/detail
[1.554s] -- Up-to-date: /home/ros2/ros2_rc/install/smartcar_msgs/include/smartcar_msgs/smartcar_msgs/msg/detail/status__type_support.cpp
[1.554s] -- Up-to-date: /home/ros2/ros2_rc/install/smartcar_msgs/include/smartcar_msgs/smartcar_msgs/msg/detail/status__rosidl_typesupport_introspection_cpp.hpp
[1.554s] -- Up-to-date: /home/ros2/ros2_rc/install/smartcar_msgs/lib/libsmartcar_msgs__rosidl_typesupport_introspection_cpp.so
[1.554s] -- Up-to-date: /home/ros2/ros2_rc/install/smartcar_msgs/lib/libsmartcar_msgs__rosidl_typesupport_cpp.so
[1.555s] -- Up-to-date: /home/ros2/ros2_rc/install/smartcar_msgs/share/smartcar_msgs/environment/pythonpath.sh
[1.555s] -- Up-to-date: /home/ros2/ros2_rc/install/smartcar_msgs/share/smartcar_msgs/environment/pythonpath.dsv
[1.555s] -- Up-to-date: /home/ros2/ros2_rc/install/smartcar_msgs/local/lib/python3.10/dist-packages/smartcar_msgs-0.0.0-py3.10.egg-info
[1.555s] -- Installing: /home/ros2/ros2_rc/install/smartcar_msgs/local/lib/python3.10/dist-packages/smartcar_msgs-0.0.0-py3.10.egg-info/SOURCES.txt
[1.555s] -- Installing: /home/ros2/ros2_rc/install/smartcar_msgs/local/lib/python3.10/dist-packages/smartcar_msgs-0.0.0-py3.10.egg-info/PKG-INFO
[1.555s] -- Installing: /home/ros2/ros2_rc/install/smartcar_msgs/local/lib/python3.10/dist-packages/smartcar_msgs-0.0.0-py3.10.egg-info/top_level.txt
[1.555s] -- Installing: /home/ros2/ros2_rc/install/smartcar_msgs/local/lib/python3.10/dist-packages/smartcar_msgs-0.0.0-py3.10.egg-info/dependency_links.txt
[1.555s] -- Up-to-date: /home/ros2/ros2_rc/install/smartcar_msgs/local/lib/python3.10/dist-packages/smartcar_msgs
[1.555s] -- Up-to-date: /home/ros2/ros2_rc/install/smartcar_msgs/local/lib/python3.10/dist-packages/smartcar_msgs/__init__.py
[1.556s] -- Up-to-date: /home/ros2/ros2_rc/install/smartcar_msgs/local/lib/python3.10/dist-packages/smartcar_msgs/libsmartcar_msgs__rosidl_generator_py.so
[1.556s] -- Up-to-date: /home/ros2/ros2_rc/install/smartcar_msgs/local/lib/python3.10/dist-packages/smartcar_msgs/smartcar_msgs_s__rosidl_typesupport_introspection_c.cpython-310-x86_64-linux-gnu.so
[1.556s] -- Up-to-date: /home/ros2/ros2_rc/install/smartcar_msgs/local/lib/python3.10/dist-packages/smartcar_msgs/_smartcar_msgs_s.ep.rosidl_typesupport_c.c
[1.556s] -- Up-to-date: /home/ros2/ros2_rc/install/smartcar_msgs/local/lib/python3.10/dist-packages/smartcar_msgs/_smartcar_msgs_s.ep.rosidl_typesupport_fastrtps_c.c
[1.556s] -- Up-to-date: /home/ros2/ros2_rc/install/smartcar_msgs/local/lib/python3.10/dist-packages/smartcar_msgs/smartcar_msgs_s__rosidl_typesupport_fastrtps_c.cpython-310-x86_64-linux-gnu.so
[1.556s] -- Up-to-date: /home/ros2/ros2_rc/install/smartcar_msgs/local/lib/python3.10/dist-packages/smartcar_msgs/smartcar_msgs_s__rosidl_typesupport_c.cpython-310-x86_64-linux-gnu.so
[1.556s] -- Up-to-date: /home/ros2/ros2_rc/install/smartcar_msgs/local/lib/python3.10/dist-packages/smartcar_msgs/_smartcar_msgs_s.ep.rosidl_typesupport_introspection_c.c
[1.556s] -- Up-to-date: /home/ros2/ros2_rc/install/smartcar_msgs/local/lib/python3.10/dist-packages/smartcar_msgs/msg
[1.557s] -- Up-to-date: /home/ros2/ros2_rc/install/smartcar_msgs/local/lib/python3.10/dist-packages/smartcar_msgs/msg/__init__.py
[1.557s] -- Up-to-date: /home/ros2/ros2_rc/install/smartcar_msgs/local/lib/python3.10/dist-packages/smartcar_msgs/msg/_status_s.c
[1.557s] -- Up-to-date: /home/ros2/ros2_rc/install/smartcar_msgs/local/lib/python3.10/dist-packages/smartcar_msgs/msg/_status.py
[1.654s] Listing '/home/ros2/ros2_rc/install/smartcar_msgs/local/lib/python3.10/dist-packages/smartcar_msgs'...
[1.654s] Listing '/home/ros2/ros2_rc/install/smartcar_msgs/local/lib/python3.10/dist-packages/smartcar_msgs/msg'...
[1.667s] -- Up-to-date: /home/ros2/ros2_rc/install/smartcar_msgs/local/lib/python3.10/dist-packages/smartcar_msgs/smartcar_msgs_s__rosidl_typesupport_fastrtps_c.cpython-310-x86_64-linux-gnu.so
[1.669s] -- Up-to-date: /home/ros2/ros2_rc/install/smartcar_msgs/local/lib/python3.10/dist-packages/smartcar_msgs/smartcar_msgs_s__rosidl_typesupport_introspection_c.cpython-310-x86_64-linux-gnu.so
[1.669s] -- Up-to-date: /home/ros2/ros2_rc/install/smartcar_msgs/local/lib/python3.10/dist-packages/smartcar_msgs/smartcar_msgs_s__rosidl_typesupport_c.cpython-310-x86_64-linux-gnu.so
[1.682s] -- Up-to-date: /home/ros2/ros2_rc/install/smartcar_msgs/lib/libsmartcar_msgs__rosidl_generator_py.so
[1.682s] -- Up-to-date: /home/ros2/ros2_rc/install/smartcar_msgs/share/smartcar_msgs/msg/Status.idl
[1.683s] -- Up-to-date: /home/ros2/ros2_rc/install/smartcar_msgs/share/smartcar_msgs/msg/Status.msg
[1.683s] -- Up-to-date: /home/ros2/ros2_rc/install/smartcar_msgs/share/ament_index/resource_index/package_run_dependencies/smartcar_msgs
[1.683s] -- Up-to-date: /home/ros2/ros2_rc/install/smartcar_msgs/share/ament_index/resource_index/parent_prefix_path/smartcar_msgs
[1.683s] -- Up-to-date: /home/ros2/ros2_rc/install/smartcar_msgs/share/smartcar_msgs/environment/ament_prefix_path.sh
[1.683s] -- Up-to-date: /home/ros2/ros2_rc/install/smartcar_msgs/share/smartcar_msgs/environment/ament_prefix_path.dsv
[1.683s] -- Up-to-date: /home/ros2/ros2_rc/install/smartcar_msgs/share/smartcar_msgs/environment/path.sh
[1.683s] -- Up-to-date: /home/ros2/ros2_rc/install/smartcar_msgs/share/smartcar_msgs/environment/path.dsv
[1.683s] -- Up-to-date: /home/ros2/ros2_rc/install/smartcar_msgs/share/smartcar_msgs/local_setup.bash
[1.684s] -- Up-to-date: /home/ros2/ros2_rc/install/smartcar_msgs/share/smartcar_msgs/local_setup.sh
[1.684s] -- Up-to-date: /home/ros2/ros2_rc/install/smartcar_msgs/share/smartcar_msgs/local_setup.zsh
[1.684s] -- Up-to-date: /home/ros2/ros2_rc/install/smartcar_msgs/share/smartcar_msgs/local_setup.dsv
[1.684s] -- Installing: /home/ros2/ros2_rc/install/smartcar_msgs/share/smartcar_msgs/package.dsv
[1.684s] -- Up-to-date: /home/ros2/ros2_rc/install/smartcar_msgs/share/ament_index/resource_index/packages/smartcar_msgs
[1.684s] -- Up-to-date: /home/ros2/ros2_rc/install/smartcar_msgs/share/smartcar_msgs/cmake/export_smartcar_msgs__rosidl_generator_cExport.cmake
[1.684s] -- Up-to-date: /home/ros2/ros2_rc/install/smartcar_msgs/share/smartcar_msgs/cmake/export_smartcar_msgs__rosidl_generator_cExport-noconfig.cmake
[1.684s] -- Up-to-date: /home/ros2/ros2_rc/install/smartcar_msgs/share/smartcar_msgs/cmake/export_smartcar_msgs__rosidl_typesupport_fastrtps_cExport.cmake
[1.685s] -- Up-to-date: /home/ros2/ros2_rc/install/smartcar_msgs/share/smartcar_msgs/cmake/export_smartcar_msgs__rosidl_typesupport_fastrtps_cExport-noconfig.cmake
[1.685s] -- Up-to-date: /home/ros2/ros2_rc/install/smartcar_msgs/share/smartcar_msgs/cmake/smartcar_msgs__rosidl_typesupport_introspection_cExport.cmake
[1.685s] -- Up-to-date: /home/ros2/ros2_rc/install/smartcar_msgs/share/smartcar_msgs/cmake/smartcar_msgs__rosidl_typesupport_introspection_cExport-noconfig.cmake
[1.685s] -- Up-to-date: /home/ros2/ros2_rc/install/smartcar_msgs/share/smartcar_msgs/cmake/smartcar_msgs__rosidl_typesupport_cExport.cmake
[1.686s] -- Up-to-date: /home/ros2/ros2_rc/install/smartcar_msgs/share/smartcar_msgs/cmake/smartcar_msgs__rosidl_typesupport_cExport-noconfig.cmake
[1.686s] -- Up-to-date: /home/ros2/ros2_rc/install/smartcar_msgs/share/smartcar_msgs/cmake/export_smartcar_msgs__rosidl_generator_cppExport.cmake
[1.686s] -- Up-to-date: /home/ros2/ros2_rc/install/smartcar_msgs/share/smartcar_msgs/cmake/export_smartcar_msgs__rosidl_typesupport_fastrtps_cppExport.cmake
[1.686s] -- Up-to-date: /home/ros2/ros2_rc/install/smartcar_msgs/share/smartcar_msgs/cmake/export_smartcar_msgs__rosidl_typesupport_fastrtps_cppExport-noconfig.cmake
[1.687s] -- Up-to-date: /home/ros2/ros2_rc/install/smartcar_msgs/share/smartcar_msgs/cmake/smartcar_msgs__rosidl_typesupport_introspection_cppExport.cmake
[1.687s] -- Up-to-date: /home/ros2/ros2_rc/install/smartcar_msgs/share/smartcar_msgs/cmake/smartcar_msgs__rosidl_typesupport_introspection_cppExport-noconfig.cmake
[1.687s] -- Up-to-date: /home/ros2/ros2_rc/install/smartcar_msgs/share/smartcar_msgs/cmake/smartcar_msgs__rosidl_typesupport_cppExport.cmake
[1.687s] -- Up-to-date: /home/ros2/ros2_rc/install/smartcar_msgs/share/smartcar_msgs/cmake/smartcar_msgs__rosidl_typesupport_cppExport-noconfig.cmake
[1.687s] -- Up-to-date: /home/ros2/ros2_rc/install/smartcar_msgs/share/smartcar_msgs/cmake/export_smartcar_msgs__rosidl_generator_pyExport.cmake
[1.687s] -- Up-to-date: /home/ros2/ros2_rc/install/smartcar_msgs/share/smartcar_msgs/cmake/export_smartcar_msgs__rosidl_generator_pyExport-noconfig.cmake
[1.687s] -- Up-to-date: /home/ros2/ros2_rc/install/smartcar_msgs/share/smartcar_msgs/cmake/rosidl_cmake-extras.cmake
[1.687s] -- Up-to-date: /home/ros2/ros2_rc/install/smartcar_msgs/share/smartcar_msgs/cmake/ament_cmake_export_include_directories-extras.cmake
[1.687s] -- Up-to-date: /home/ros2/ros2_rc/install/smartcar_msgs/share/smartcar_msgs/cmake/ament_cmake_export_libraries-extras.cmake
[1.691s] -- Up-to-date: /home/ros2/ros2_rc/install/smartcar_msgs/share/smartcar_msgs/cmake/ament_cmake_export_targets-extras.cmake
[1.691s] -- Up-to-date: /home/ros2/ros2_rc/install/smartcar_msgs/share/smartcar_msgs/cmake/rosidl_cmake_export_typesupport_targets-extras.cmake
[1.691s] -- Up-to-date: /home/ros2/ros2_rc/install/smartcar_msgs/share/smartcar_msgs/cmake/ament_cmake_export_dependencies-extras.cmake
[1.691s] -- Up-to-date: /home/ros2/ros2_rc/install/smartcar_msgs/share/smartcar_msgs/cmake/rosidl_cmake_export_typesupport_libraries-extras.cmake
[1.692s] -- Up-to-date: /home/ros2/ros2_rc/install/smartcar_msgs/share/smartcar_msgs/cmake/smartcar_msgsConfig.cmake
[1.692s] -- Up-to-date: /home/ros2/ros2_rc/install/smartcar_msgs/share/smartcar_msgs/cmake/smartcar_msgsConfig-version.cmake
[1.692s] -- Up-to-date: /home/ros2/ros2_rc/install/smartcar_msgs/share/smartcar_msgs/package.xml
[1.692s] Invoked command in '/home/ros2/ros2_rc/build/smartcar_msgs' returned '0': CMAKE_PREFIX_PATH=${CMAKE_PREFIX_PATH}:/home/ros2/ros2_rc/install/nav2_simple_commander:/home/ros2/ros2_rc/src/install/nav2_simple_commander:/opt/ros/humble /usr/bin/cmake --install /home/ros2/ros2_rc/build/smartcar_msgs
