[0.040s] Invoking command in '/home/ros2/ros2_rc/src/build/ros2_rc': CMAKE_PREFIX_PATH=${CMAKE_PREFIX_PATH}:/opt/ros/humble /usr/bin/cmake --build /home/ros2/ros2_rc/src/build/ros2_rc -- -j9 -l9
[0.101s] Invoked command in '/home/ros2/ros2_rc/src/build/ros2_rc' returned '0': CMAKE_PREFIX_PATH=${CMAKE_PREFIX_PATH}:/opt/ros/humble /usr/bin/cmake --build /home/ros2/ros2_rc/src/build/ros2_rc -- -j9 -l9
[0.177s] Invoking command in '/home/ros2/ros2_rc/src/build/ros2_rc': CMAKE_PREFIX_PATH=${CMAKE_PREFIX_PATH}:/opt/ros/humble /usr/bin/cmake --install /home/ros2/ros2_rc/src/build/ros2_rc
[0.182s] -- Install configuration: ""
[0.183s] -- Up-to-date: /home/ros2/ros2_rc/src/install/ros2_rc/share/ament_index/resource_index/package_run_dependencies/ros2_rc
[0.183s] -- Up-to-date: /home/ros2/ros2_rc/src/install/ros2_rc/share/ament_index/resource_index/parent_prefix_path/ros2_rc
[0.186s] -- Up-to-date: /home/ros2/ros2_rc/src/install/ros2_rc/share/ros2_rc/environment/ament_prefix_path.sh
[0.187s] -- Up-to-date: /home/ros2/ros2_rc/src/install/ros2_rc/share/ros2_rc/environment/ament_prefix_path.dsv
[0.187s] -- Up-to-date: /home/ros2/ros2_rc/src/install/ros2_rc/share/ros2_rc/environment/path.sh
[0.188s] -- Up-to-date: /home/ros2/ros2_rc/src/install/ros2_rc/share/ros2_rc/environment/path.dsv
[0.188s] -- Up-to-date: /home/ros2/ros2_rc/src/install/ros2_rc/share/ros2_rc/local_setup.bash
[0.188s] -- Up-to-date: /home/ros2/ros2_rc/src/install/ros2_rc/share/ros2_rc/local_setup.sh
[0.188s] -- Up-to-date: /home/ros2/ros2_rc/src/install/ros2_rc/share/ros2_rc/local_setup.zsh
[0.189s] -- Up-to-date: /home/ros2/ros2_rc/src/install/ros2_rc/share/ros2_rc/local_setup.dsv
[0.189s] -- Installing: /home/ros2/ros2_rc/src/install/ros2_rc/share/ros2_rc/package.dsv
[0.189s] -- Up-to-date: /home/ros2/ros2_rc/src/install/ros2_rc/share/ament_index/resource_index/packages/ros2_rc
[0.189s] -- Up-to-date: /home/ros2/ros2_rc/src/install/ros2_rc/share/ros2_rc/cmake/ros2_rcConfig.cmake
[0.190s] -- Up-to-date: /home/ros2/ros2_rc/src/install/ros2_rc/share/ros2_rc/cmake/ros2_rcConfig-version.cmake
[0.190s] -- Up-to-date: /home/ros2/ros2_rc/src/install/ros2_rc/share/ros2_rc/package.xml
[0.198s] Invoked command in '/home/ros2/ros2_rc/src/build/ros2_rc' returned '0': CMAKE_PREFIX_PATH=${CMAKE_PREFIX_PATH}:/opt/ros/humble /usr/bin/cmake --install /home/ros2/ros2_rc/src/build/ros2_rc
