[0.143s] Invoking command in '/home/ros2/ros2_rc/src/build/nav2_behaviors': AMENT_PREFIX_PATH=/home/ros2/ros2_rc/src/install/nav2_core:/home/ros2/ros2_rc/src/install/nav2_costmap_2d:/home/ros2/ros2_rc/src/install/nav2_behavior_tree:${AMENT_PREFIX_PATH} CMAKE_PREFIX_PATH=/home/ros2/ros2_rc/src/install/nav2_core:/home/ros2/ros2_rc/src/install/nav2_costmap_2d:/home/ros2/ros2_rc/src/install/nav2_map_server:/home/ros2/ros2_rc/src/install/nav2_lifecycle_manager:/home/ros2/ros2_rc/src/install/nav2_behavior_tree:/home/ros2/ros2_rc/src/install/nav2_util:/home/ros2/ros2_rc/src/install/nav2_voxel_grid:/home/ros2/ros2_rc/src/install/nav2_msgs:/home/ros2/ros2_rc/src/install/nav2_common:/home/ros2/ros2_rc/src/install/smartcar_msgs:/home/ros2/ros2_rc/src/install/smart_car:/home/ros2/ros2_rc/src/install/ros2_rc:/home/ros2/ros2_rc/src/install/nav_2d_utils:/home/ros2/ros2_rc/src/install/dwb_msgs:/home/ros2/ros2_rc/src/install/nav_2d_msgs:/home/ros2/ros2_rc/src/install/nav2_velocity_smoother:/home/ros2/ros2_rc/src/install/nav2_rviz_plugins:/home/ros2/ros2_rc/src/install/nav2_amcl:/home/ros2/ros2_rc/src/install/car_gazebo_plugin:/home/ros2/ros2_rc/src/install/nav2_simple_commander:/opt/ros/humble LD_LIBRARY_PATH=/home/ros2/ros2_rc/src/install/nav2_costmap_2d/lib:/home/ros2/ros2_rc/src/install/nav2_map_server/lib:/home/ros2/ros2_rc/src/install/nav2_lifecycle_manager/lib:/home/ros2/ros2_rc/src/install/nav2_behavior_tree/lib:/home/ros2/ros2_rc/src/install/nav2_util/lib:/home/ros2/ros2_rc/src/install/nav2_voxel_grid/lib:/home/ros2/ros2_rc/src/install/nav2_msgs/lib:/home/ros2/ros2_rc/src/install/smartcar_msgs/lib:/home/ros2/ros2_rc/src/install/nav_2d_utils/lib:/home/ros2/ros2_rc/src/install/dwb_msgs/lib:/home/ros2/ros2_rc/src/install/nav_2d_msgs/lib:/home/ros2/ros2_rc/src/install/nav2_velocity_smoother/lib:/home/ros2/ros2_rc/src/install/nav2_rviz_plugins/lib:/home/ros2/ros2_rc/src/install/nav2_amcl/lib:/home/ros2/ros2_rc/src/install/car_gazebo_plugin/lib:/usr/lib/x86_64-linux-gnu/gazebo-11/plugins:/opt/ros/humble/opt/rviz_ogre_vendor/lib:/opt/ros/humble/lib/x86_64-linux-gnu:/opt/ros/humble/lib:/usr/lib/x86_64-linux-gnu/gazebo-11/plugins /usr/bin/cmake /home/ros2/ros2_rc/src/navigation2/nav2_behaviors -DCMAKE_INSTALL_PREFIX=/home/ros2/ros2_rc/src/install/nav2_behaviors
[0.299s] -- The C compiler identification is GNU 11.4.0
[0.472s] -- The CXX compiler identification is GNU 11.4.0
[0.501s] -- Detecting C compiler ABI info
[0.750s] -- Detecting C compiler ABI info - done
[0.770s] -- Check for working C compiler: /usr/lib/ccache/gcc - skipped
[0.770s] -- Detecting C compile features
[0.771s] -- Detecting C compile features - done
[0.776s] -- Detecting CXX compiler ABI info
[1.251s] -- Detecting CXX compiler ABI info - done
[1.274s] -- Check for working CXX compiler: /usr/lib/ccache/g++ - skipped
[1.274s] -- Detecting CXX compile features
[1.275s] -- Detecting CXX compile features - done
[1.275s] -- Found ament_cmake: 1.3.10 (/opt/ros/humble/share/ament_cmake/cmake)
[2.000s] -- Found Python3: /usr/bin/python3 (found version "3.10.12") found components: Interpreter 
[2.358s] -- Found nav2_common: 1.1.16 (/home/ros2/ros2_rc/src/install/nav2_common/share/nav2_common/cmake)
[2.364s] -- Found rclcpp: 16.0.10 (/opt/ros/humble/share/rclcpp/cmake)
[2.631s] -- Found rosidl_generator_c: 3.1.5 (/opt/ros/humble/share/rosidl_generator_c/cmake)
[2.646s] -- Found rosidl_adapter: 3.1.5 (/opt/ros/humble/share/rosidl_adapter/cmake)
[2.792s] -- Found rosidl_generator_cpp: 3.1.5 (/opt/ros/humble/share/rosidl_generator_cpp/cmake)
[2.832s] -- Using all available rosidl_typesupport_c: rosidl_typesupport_fastrtps_c;rosidl_typesupport_introspection_c
[2.941s] -- Using all available rosidl_typesupport_cpp: rosidl_typesupport_fastrtps_cpp;rosidl_typesupport_introspection_cpp
[3.174s] -- Found rmw_implementation_cmake: 6.1.2 (/opt/ros/humble/share/rmw_implementation_cmake/cmake)
[3.175s] -- Found rmw_cyclonedds_cpp: 1.3.4 (/opt/ros/humble/share/rmw_cyclonedds_cpp/cmake)
[3.316s] -- Using RMW implementation 'rmw_cyclonedds_cpp' as default
[3.355s] -- Looking for pthread.h
[3.728s] -- Looking for pthread.h - found
[3.731s] -- Performing Test CMAKE_HAVE_LIBC_PTHREAD
[4.194s] -- Performing Test CMAKE_HAVE_LIBC_PTHREAD - Success
[4.196s] -- Found Threads: TRUE  
[4.404s] -- Found rclcpp_action: 16.0.10 (/opt/ros/humble/share/rclcpp_action/cmake)
[4.500s] -- Found rclcpp_lifecycle: 16.0.10 (/opt/ros/humble/share/rclcpp_lifecycle/cmake)
[4.549s] -- Found rclcpp_components: 16.0.10 (/opt/ros/humble/share/rclcpp_components/cmake)
[4.613s] -- Found nav2_behavior_tree: 1.1.16 (/home/ros2/ros2_rc/src/install/nav2_behavior_tree/share/nav2_behavior_tree/cmake)
[5.332s] -- Found eigen3_cmake_module: 0.1.1 (/opt/ros/humble/share/eigen3_cmake_module/cmake)
[5.332s] -- Found Eigen3: TRUE (found version "3.4.0") 
[5.332s] -- Ensuring Eigen3 include directory is part of orocos-kdl CMake target
[5.416s] -- Found nav2_costmap_2d: 1.1.16 (/home/ros2/ros2_rc/src/install/nav2_costmap_2d/share/nav2_costmap_2d/cmake)
[5.738s] -- Found nav2_core: 1.1.16 (/home/ros2/ros2_rc/src/install/nav2_core/share/nav2_core/cmake)
[5.763s] -- Setting build type to Release as none was specified.
[8.887s] -- Found ament_lint_auto: 0.12.11 (/opt/ros/humble/share/ament_lint_auto/cmake)
[9.614s] -- Found gtest sources under '/opt/ros/humble/src/gtest_vendor': C++ tests using 'Google Test' will be built
[10.444s] -- Added test 'copyright' to check source files copyright and LICENSE
[10.474s] -- Added test 'cppcheck' to perform static code analysis on C / C++ code
[10.480s] -- Configured cppcheck include dirs: /home/ros2/ros2_rc/src/navigation2/nav2_behaviors/include
[10.480s] -- Configured cppcheck exclude dirs and/or files: 
[10.490s] -- Added test 'cpplint' to check C / C++ code against the Google style
[10.490s] -- Configured cpplint exclude dirs and/or files: 
[10.496s] -- Added test 'lint_cmake' to check CMake code style
[10.497s] -- Added test 'uncrustify' to check C / C++ code style
[10.497s] -- Configured uncrustify additional arguments: 
[10.499s] -- Added test 'xmllint' to check XML markup files
[10.543s] -- Configuring done
[12.940s] -- Generating done
[12.940s] -- Build files have been written to: /home/ros2/ros2_rc/src/build/nav2_behaviors
[13.094s] Invoked command in '/home/ros2/ros2_rc/src/build/nav2_behaviors' returned '0': AMENT_PREFIX_PATH=/home/ros2/ros2_rc/src/install/nav2_core:/home/ros2/ros2_rc/src/install/nav2_costmap_2d:/home/ros2/ros2_rc/src/install/nav2_behavior_tree:${AMENT_PREFIX_PATH} CMAKE_PREFIX_PATH=/home/ros2/ros2_rc/src/install/nav2_core:/home/ros2/ros2_rc/src/install/nav2_costmap_2d:/home/ros2/ros2_rc/src/install/nav2_map_server:/home/ros2/ros2_rc/src/install/nav2_lifecycle_manager:/home/ros2/ros2_rc/src/install/nav2_behavior_tree:/home/ros2/ros2_rc/src/install/nav2_util:/home/ros2/ros2_rc/src/install/nav2_voxel_grid:/home/ros2/ros2_rc/src/install/nav2_msgs:/home/ros2/ros2_rc/src/install/nav2_common:/home/ros2/ros2_rc/src/install/smartcar_msgs:/home/ros2/ros2_rc/src/install/smart_car:/home/ros2/ros2_rc/src/install/ros2_rc:/home/ros2/ros2_rc/src/install/nav_2d_utils:/home/ros2/ros2_rc/src/install/dwb_msgs:/home/ros2/ros2_rc/src/install/nav_2d_msgs:/home/ros2/ros2_rc/src/install/nav2_velocity_smoother:/home/ros2/ros2_rc/src/install/nav2_rviz_plugins:/home/ros2/ros2_rc/src/install/nav2_amcl:/home/ros2/ros2_rc/src/install/car_gazebo_plugin:/home/ros2/ros2_rc/src/install/nav2_simple_commander:/opt/ros/humble LD_LIBRARY_PATH=/home/ros2/ros2_rc/src/install/nav2_costmap_2d/lib:/home/ros2/ros2_rc/src/install/nav2_map_server/lib:/home/ros2/ros2_rc/src/install/nav2_lifecycle_manager/lib:/home/ros2/ros2_rc/src/install/nav2_behavior_tree/lib:/home/ros2/ros2_rc/src/install/nav2_util/lib:/home/ros2/ros2_rc/src/install/nav2_voxel_grid/lib:/home/ros2/ros2_rc/src/install/nav2_msgs/lib:/home/ros2/ros2_rc/src/install/smartcar_msgs/lib:/home/ros2/ros2_rc/src/install/nav_2d_utils/lib:/home/ros2/ros2_rc/src/install/dwb_msgs/lib:/home/ros2/ros2_rc/src/install/nav_2d_msgs/lib:/home/ros2/ros2_rc/src/install/nav2_velocity_smoother/lib:/home/ros2/ros2_rc/src/install/nav2_rviz_plugins/lib:/home/ros2/ros2_rc/src/install/nav2_amcl/lib:/home/ros2/ros2_rc/src/install/car_gazebo_plugin/lib:/usr/lib/x86_64-linux-gnu/gazebo-11/plugins:/opt/ros/humble/opt/rviz_ogre_vendor/lib:/opt/ros/humble/lib/x86_64-linux-gnu:/opt/ros/humble/lib:/usr/lib/x86_64-linux-gnu/gazebo-11/plugins /usr/bin/cmake /home/ros2/ros2_rc/src/navigation2/nav2_behaviors -DCMAKE_INSTALL_PREFIX=/home/ros2/ros2_rc/src/install/nav2_behaviors
[13.096s] Invoking command in '/home/ros2/ros2_rc/src/build/nav2_behaviors': AMENT_PREFIX_PATH=/home/ros2/ros2_rc/src/install/nav2_core:/home/ros2/ros2_rc/src/install/nav2_costmap_2d:/home/ros2/ros2_rc/src/install/nav2_behavior_tree:${AMENT_PREFIX_PATH} CMAKE_PREFIX_PATH=/home/ros2/ros2_rc/src/install/nav2_core:/home/ros2/ros2_rc/src/install/nav2_costmap_2d:/home/ros2/ros2_rc/src/install/nav2_map_server:/home/ros2/ros2_rc/src/install/nav2_lifecycle_manager:/home/ros2/ros2_rc/src/install/nav2_behavior_tree:/home/ros2/ros2_rc/src/install/nav2_util:/home/ros2/ros2_rc/src/install/nav2_voxel_grid:/home/ros2/ros2_rc/src/install/nav2_msgs:/home/ros2/ros2_rc/src/install/nav2_common:/home/ros2/ros2_rc/src/install/smartcar_msgs:/home/ros2/ros2_rc/src/install/smart_car:/home/ros2/ros2_rc/src/install/ros2_rc:/home/ros2/ros2_rc/src/install/nav_2d_utils:/home/ros2/ros2_rc/src/install/dwb_msgs:/home/ros2/ros2_rc/src/install/nav_2d_msgs:/home/ros2/ros2_rc/src/install/nav2_velocity_smoother:/home/ros2/ros2_rc/src/install/nav2_rviz_plugins:/home/ros2/ros2_rc/src/install/nav2_amcl:/home/ros2/ros2_rc/src/install/car_gazebo_plugin:/home/ros2/ros2_rc/src/install/nav2_simple_commander:/opt/ros/humble LD_LIBRARY_PATH=/home/ros2/ros2_rc/src/install/nav2_costmap_2d/lib:/home/ros2/ros2_rc/src/install/nav2_map_server/lib:/home/ros2/ros2_rc/src/install/nav2_lifecycle_manager/lib:/home/ros2/ros2_rc/src/install/nav2_behavior_tree/lib:/home/ros2/ros2_rc/src/install/nav2_util/lib:/home/ros2/ros2_rc/src/install/nav2_voxel_grid/lib:/home/ros2/ros2_rc/src/install/nav2_msgs/lib:/home/ros2/ros2_rc/src/install/smartcar_msgs/lib:/home/ros2/ros2_rc/src/install/nav_2d_utils/lib:/home/ros2/ros2_rc/src/install/dwb_msgs/lib:/home/ros2/ros2_rc/src/install/nav_2d_msgs/lib:/home/ros2/ros2_rc/src/install/nav2_velocity_smoother/lib:/home/ros2/ros2_rc/src/install/nav2_rviz_plugins/lib:/home/ros2/ros2_rc/src/install/nav2_amcl/lib:/home/ros2/ros2_rc/src/install/car_gazebo_plugin/lib:/usr/lib/x86_64-linux-gnu/gazebo-11/plugins:/opt/ros/humble/opt/rviz_ogre_vendor/lib:/opt/ros/humble/lib/x86_64-linux-gnu:/opt/ros/humble/lib:/usr/lib/x86_64-linux-gnu/gazebo-11/plugins /usr/bin/cmake --build /home/ros2/ros2_rc/src/build/nav2_behaviors -- -j9 -l9
[22.841s] [  5%] [32mBuilding CXX object CMakeFiles/nav2_spin_behavior.dir/plugins/spin.cpp.o[0m
[44.029s] [ 10%] [32m[1mLinking CXX shared library libnav2_spin_behavior.so[0m
[47.080s] [ 10%] Built target nav2_spin_behavior
[47.132s] [ 15%] [32mBuilding CXX object gtest/CMakeFiles/gtest.dir/src/gtest-all.cc.o[0m
[47.929s] [ 20%] [32m[1mLinking CXX static library libgtest.a[0m
[48.027s] [ 20%] Built target gtest
[48.068s] [ 25%] [32mBuilding CXX object gtest/CMakeFiles/gtest_main.dir/src/gtest_main.cc.o[0m
[48.301s] [ 30%] [32m[1mLinking CXX static library libgtest_main.a[0m
[48.485s] [ 30%] Built target gtest_main
[48.545s] [ 35%] [32mBuilding CXX object CMakeFiles/behavior_server_core.dir/src/behavior_server.cpp.o[0m
[69.177s] [ 40%] [32m[1mLinking CXX shared library libbehavior_server_core.so[0m
[70.485s] [ 40%] Built target behavior_server_core
[70.526s] [ 45%] [32mBuilding CXX object test/CMakeFiles/test_behaviors.dir/test_behaviors.cpp.o[0m
[93.580s] [ 50%] [32m[1mLinking CXX executable test_behaviors[0m
[95.544s] [ 50%] Built target test_behaviors
[95.597s] [ 55%] [32mBuilding CXX object CMakeFiles/behavior_server.dir/src/main.cpp.o[0m
[106.215s] [ 60%] [32m[1mLinking CXX executable behavior_server[0m
[107.358s] [ 60%] Built target behavior_server
[107.403s] [ 65%] [32mBuilding CXX object CMakeFiles/nav2_assisted_teleop_behavior.dir/plugins/assisted_teleop.cpp.o[0m
[148.408s] [ 70%] [32m[1mLinking CXX shared library libnav2_assisted_teleop_behavior.so[0m
[150.237s] [ 70%] Built target nav2_assisted_teleop_behavior
[150.296s] [ 75%] [32mBuilding CXX object CMakeFiles/nav2_drive_on_heading_behavior.dir/plugins/drive_on_heading.cpp.o[0m
[150.297s] [ 80%] [32mBuilding CXX object CMakeFiles/nav2_back_up_behavior.dir/plugins/back_up.cpp.o[0m
[170.393s] [ 85%] [32m[1mLinking CXX shared library libnav2_back_up_behavior.so[0m
[171.611s] [ 90%] [32m[1mLinking CXX shared library libnav2_drive_on_heading_behavior.so[0m
[172.550s] [ 90%] Built target nav2_back_up_behavior
[172.711s] [ 95%] [32mBuilding CXX object CMakeFiles/nav2_wait_behavior.dir/plugins/wait.cpp.o[0m
[173.435s] [ 95%] Built target nav2_drive_on_heading_behavior
[206.985s] [100%] [32m[1mLinking CXX shared library libnav2_wait_behavior.so[0m
[211.352s] [100%] Built target nav2_wait_behavior
[211.812s] Invoked command in '/home/ros2/ros2_rc/src/build/nav2_behaviors' returned '0': AMENT_PREFIX_PATH=/home/ros2/ros2_rc/src/install/nav2_core:/home/ros2/ros2_rc/src/install/nav2_costmap_2d:/home/ros2/ros2_rc/src/install/nav2_behavior_tree:${AMENT_PREFIX_PATH} CMAKE_PREFIX_PATH=/home/ros2/ros2_rc/src/install/nav2_core:/home/ros2/ros2_rc/src/install/nav2_costmap_2d:/home/ros2/ros2_rc/src/install/nav2_map_server:/home/ros2/ros2_rc/src/install/nav2_lifecycle_manager:/home/ros2/ros2_rc/src/install/nav2_behavior_tree:/home/ros2/ros2_rc/src/install/nav2_util:/home/ros2/ros2_rc/src/install/nav2_voxel_grid:/home/ros2/ros2_rc/src/install/nav2_msgs:/home/ros2/ros2_rc/src/install/nav2_common:/home/ros2/ros2_rc/src/install/smartcar_msgs:/home/ros2/ros2_rc/src/install/smart_car:/home/ros2/ros2_rc/src/install/ros2_rc:/home/ros2/ros2_rc/src/install/nav_2d_utils:/home/ros2/ros2_rc/src/install/dwb_msgs:/home/ros2/ros2_rc/src/install/nav_2d_msgs:/home/ros2/ros2_rc/src/install/nav2_velocity_smoother:/home/ros2/ros2_rc/src/install/nav2_rviz_plugins:/home/ros2/ros2_rc/src/install/nav2_amcl:/home/ros2/ros2_rc/src/install/car_gazebo_plugin:/home/ros2/ros2_rc/src/install/nav2_simple_commander:/opt/ros/humble LD_LIBRARY_PATH=/home/ros2/ros2_rc/src/install/nav2_costmap_2d/lib:/home/ros2/ros2_rc/src/install/nav2_map_server/lib:/home/ros2/ros2_rc/src/install/nav2_lifecycle_manager/lib:/home/ros2/ros2_rc/src/install/nav2_behavior_tree/lib:/home/ros2/ros2_rc/src/install/nav2_util/lib:/home/ros2/ros2_rc/src/install/nav2_voxel_grid/lib:/home/ros2/ros2_rc/src/install/nav2_msgs/lib:/home/ros2/ros2_rc/src/install/smartcar_msgs/lib:/home/ros2/ros2_rc/src/install/nav_2d_utils/lib:/home/ros2/ros2_rc/src/install/dwb_msgs/lib:/home/ros2/ros2_rc/src/install/nav_2d_msgs/lib:/home/ros2/ros2_rc/src/install/nav2_velocity_smoother/lib:/home/ros2/ros2_rc/src/install/nav2_rviz_plugins/lib:/home/ros2/ros2_rc/src/install/nav2_amcl/lib:/home/ros2/ros2_rc/src/install/car_gazebo_plugin/lib:/usr/lib/x86_64-linux-gnu/gazebo-11/plugins:/opt/ros/humble/opt/rviz_ogre_vendor/lib:/opt/ros/humble/lib/x86_64-linux-gnu:/opt/ros/humble/lib:/usr/lib/x86_64-linux-gnu/gazebo-11/plugins /usr/bin/cmake --build /home/ros2/ros2_rc/src/build/nav2_behaviors -- -j9 -l9
[212.615s] Invoking command in '/home/ros2/ros2_rc/src/build/nav2_behaviors': AMENT_PREFIX_PATH=/home/ros2/ros2_rc/src/install/nav2_core:/home/ros2/ros2_rc/src/install/nav2_costmap_2d:/home/ros2/ros2_rc/src/install/nav2_behavior_tree:${AMENT_PREFIX_PATH} CMAKE_PREFIX_PATH=/home/ros2/ros2_rc/src/install/nav2_core:/home/ros2/ros2_rc/src/install/nav2_costmap_2d:/home/ros2/ros2_rc/src/install/nav2_map_server:/home/ros2/ros2_rc/src/install/nav2_lifecycle_manager:/home/ros2/ros2_rc/src/install/nav2_behavior_tree:/home/ros2/ros2_rc/src/install/nav2_util:/home/ros2/ros2_rc/src/install/nav2_voxel_grid:/home/ros2/ros2_rc/src/install/nav2_msgs:/home/ros2/ros2_rc/src/install/nav2_common:/home/ros2/ros2_rc/src/install/smartcar_msgs:/home/ros2/ros2_rc/src/install/smart_car:/home/ros2/ros2_rc/src/install/ros2_rc:/home/ros2/ros2_rc/src/install/nav_2d_utils:/home/ros2/ros2_rc/src/install/dwb_msgs:/home/ros2/ros2_rc/src/install/nav_2d_msgs:/home/ros2/ros2_rc/src/install/nav2_velocity_smoother:/home/ros2/ros2_rc/src/install/nav2_rviz_plugins:/home/ros2/ros2_rc/src/install/nav2_amcl:/home/ros2/ros2_rc/src/install/car_gazebo_plugin:/home/ros2/ros2_rc/src/install/nav2_simple_commander:/opt/ros/humble LD_LIBRARY_PATH=/home/ros2/ros2_rc/src/install/nav2_costmap_2d/lib:/home/ros2/ros2_rc/src/install/nav2_map_server/lib:/home/ros2/ros2_rc/src/install/nav2_lifecycle_manager/lib:/home/ros2/ros2_rc/src/install/nav2_behavior_tree/lib:/home/ros2/ros2_rc/src/install/nav2_util/lib:/home/ros2/ros2_rc/src/install/nav2_voxel_grid/lib:/home/ros2/ros2_rc/src/install/nav2_msgs/lib:/home/ros2/ros2_rc/src/install/smartcar_msgs/lib:/home/ros2/ros2_rc/src/install/nav_2d_utils/lib:/home/ros2/ros2_rc/src/install/dwb_msgs/lib:/home/ros2/ros2_rc/src/install/nav_2d_msgs/lib:/home/ros2/ros2_rc/src/install/nav2_velocity_smoother/lib:/home/ros2/ros2_rc/src/install/nav2_rviz_plugins/lib:/home/ros2/ros2_rc/src/install/nav2_amcl/lib:/home/ros2/ros2_rc/src/install/car_gazebo_plugin/lib:/usr/lib/x86_64-linux-gnu/gazebo-11/plugins:/opt/ros/humble/opt/rviz_ogre_vendor/lib:/opt/ros/humble/lib/x86_64-linux-gnu:/opt/ros/humble/lib:/usr/lib/x86_64-linux-gnu/gazebo-11/plugins /usr/bin/cmake --install /home/ros2/ros2_rc/src/build/nav2_behaviors
[212.683s] -- Install configuration: "Release"
[212.684s] -- Installing: /home/ros2/ros2_rc/src/install/nav2_behaviors/share/nav2_behaviors/behavior_plugin.xml
[212.685s] -- Installing: /home/ros2/ros2_rc/src/install/nav2_behaviors/lib/libbehavior_server_core.so
[212.690s] -- Set runtime path of "/home/ros2/ros2_rc/src/install/nav2_behaviors/lib/libbehavior_server_core.so" to ""
[212.691s] -- Installing: /home/ros2/ros2_rc/src/install/nav2_behaviors/lib/libnav2_spin_behavior.so
[212.704s] -- Set runtime path of "/home/ros2/ros2_rc/src/install/nav2_behaviors/lib/libnav2_spin_behavior.so" to ""
[212.706s] -- Installing: /home/ros2/ros2_rc/src/install/nav2_behaviors/lib/libnav2_wait_behavior.so
[212.707s] -- Set runtime path of "/home/ros2/ros2_rc/src/install/nav2_behaviors/lib/libnav2_wait_behavior.so" to ""
[212.707s] -- Installing: /home/ros2/ros2_rc/src/install/nav2_behaviors/lib/libnav2_assisted_teleop_behavior.so
[212.745s] -- Set runtime path of "/home/ros2/ros2_rc/src/install/nav2_behaviors/lib/libnav2_assisted_teleop_behavior.so" to ""
[212.747s] -- Installing: /home/ros2/ros2_rc/src/install/nav2_behaviors/lib/libnav2_drive_on_heading_behavior.so
[212.748s] -- Set runtime path of "/home/ros2/ros2_rc/src/install/nav2_behaviors/lib/libnav2_drive_on_heading_behavior.so" to ""
[212.748s] -- Installing: /home/ros2/ros2_rc/src/install/nav2_behaviors/lib/libnav2_back_up_behavior.so
[212.748s] -- Set runtime path of "/home/ros2/ros2_rc/src/install/nav2_behaviors/lib/libnav2_back_up_behavior.so" to ""
[212.748s] -- Installing: /home/ros2/ros2_rc/src/install/nav2_behaviors/lib/nav2_behaviors/behavior_server
[212.761s] -- Set runtime path of "/home/ros2/ros2_rc/src/install/nav2_behaviors/lib/nav2_behaviors/behavior_server" to ""
[212.762s] -- Installing: /home/ros2/ros2_rc/src/install/nav2_behaviors/include/
[212.762s] -- Installing: /home/ros2/ros2_rc/src/install/nav2_behaviors/include//nav2_behaviors
[212.762s] -- Installing: /home/ros2/ros2_rc/src/install/nav2_behaviors/include//nav2_behaviors/behavior_server.hpp
[212.763s] -- Installing: /home/ros2/ros2_rc/src/install/nav2_behaviors/include//nav2_behaviors/timed_behavior.hpp
[212.763s] -- Installing: /home/ros2/ros2_rc/src/install/nav2_behaviors/include//nav2_behaviors/plugins
[212.764s] -- Installing: /home/ros2/ros2_rc/src/install/nav2_behaviors/include//nav2_behaviors/plugins/spin.hpp
[212.764s] -- Installing: /home/ros2/ros2_rc/src/install/nav2_behaviors/include//nav2_behaviors/plugins/drive_on_heading.hpp
[212.764s] -- Installing: /home/ros2/ros2_rc/src/install/nav2_behaviors/include//nav2_behaviors/plugins/back_up.hpp
[212.764s] -- Installing: /home/ros2/ros2_rc/src/install/nav2_behaviors/include//nav2_behaviors/plugins/wait.hpp
[212.764s] -- Installing: /home/ros2/ros2_rc/src/install/nav2_behaviors/include//nav2_behaviors/plugins/assisted_teleop.hpp
[212.768s] -- Up-to-date: /home/ros2/ros2_rc/src/install/nav2_behaviors/share/nav2_behaviors/behavior_plugin.xml
[212.768s] -- Installing: /home/ros2/ros2_rc/src/install/nav2_behaviors/share/nav2_behaviors/plugins/
[212.768s] -- Installing: /home/ros2/ros2_rc/src/install/nav2_behaviors/share/nav2_behaviors/plugins//wait.cpp
[212.807s] -- Installing: /home/ros2/ros2_rc/src/install/nav2_behaviors/share/nav2_behaviors/plugins//assisted_teleop.cpp
[212.808s] -- Installing: /home/ros2/ros2_rc/src/install/nav2_behaviors/share/nav2_behaviors/plugins//spin.cpp
[212.808s] -- Installing: /home/ros2/ros2_rc/src/install/nav2_behaviors/share/nav2_behaviors/plugins//back_up.cpp
[212.808s] -- Installing: /home/ros2/ros2_rc/src/install/nav2_behaviors/share/nav2_behaviors/plugins//drive_on_heading.cpp
[212.808s] -- Installing: /home/ros2/ros2_rc/src/install/nav2_behaviors/share/nav2_behaviors/environment/library_path.sh
[212.808s] -- Installing: /home/ros2/ros2_rc/src/install/nav2_behaviors/share/nav2_behaviors/environment/library_path.dsv
[212.814s] -- Installing: /home/ros2/ros2_rc/src/install/nav2_behaviors/share/ament_index/resource_index/package_run_dependencies/nav2_behaviors
[212.814s] -- Installing: /home/ros2/ros2_rc/src/install/nav2_behaviors/share/ament_index/resource_index/parent_prefix_path/nav2_behaviors
[212.824s] -- Installing: /home/ros2/ros2_rc/src/install/nav2_behaviors/share/nav2_behaviors/environment/ament_prefix_path.sh
[212.824s] -- Installing: /home/ros2/ros2_rc/src/install/nav2_behaviors/share/nav2_behaviors/environment/ament_prefix_path.dsv
[212.824s] -- Installing: /home/ros2/ros2_rc/src/install/nav2_behaviors/share/nav2_behaviors/environment/path.sh
[212.831s] -- Installing: /home/ros2/ros2_rc/src/install/nav2_behaviors/share/nav2_behaviors/environment/path.dsv
[212.831s] -- Installing: /home/ros2/ros2_rc/src/install/nav2_behaviors/share/nav2_behaviors/local_setup.bash
[212.831s] -- Installing: /home/ros2/ros2_rc/src/install/nav2_behaviors/share/nav2_behaviors/local_setup.sh
[212.832s] -- Installing: /home/ros2/ros2_rc/src/install/nav2_behaviors/share/nav2_behaviors/local_setup.zsh
[212.833s] -- Installing: /home/ros2/ros2_rc/src/install/nav2_behaviors/share/nav2_behaviors/local_setup.dsv
[212.834s] -- Installing: /home/ros2/ros2_rc/src/install/nav2_behaviors/share/nav2_behaviors/package.dsv
[212.836s] -- Installing: /home/ros2/ros2_rc/src/install/nav2_behaviors/share/ament_index/resource_index/packages/nav2_behaviors
[212.840s] -- Installing: /home/ros2/ros2_rc/src/install/nav2_behaviors/share/ament_index/resource_index/nav2_core__pluginlib__plugin/nav2_behaviors
[212.955s] -- Installing: /home/ros2/ros2_rc/src/install/nav2_behaviors/share/ament_index/resource_index/rclcpp_components/nav2_behaviors
[212.956s] -- Installing: /home/ros2/ros2_rc/src/install/nav2_behaviors/share/nav2_behaviors/cmake/ament_cmake_export_include_directories-extras.cmake
[212.956s] -- Installing: /home/ros2/ros2_rc/src/install/nav2_behaviors/share/nav2_behaviors/cmake/ament_cmake_export_libraries-extras.cmake
[212.958s] -- Installing: /home/ros2/ros2_rc/src/install/nav2_behaviors/share/nav2_behaviors/cmake/ament_cmake_export_dependencies-extras.cmake
[212.961s] -- Installing: /home/ros2/ros2_rc/src/install/nav2_behaviors/share/nav2_behaviors/cmake/nav2_behaviorsConfig.cmake
[212.963s] -- Installing: /home/ros2/ros2_rc/src/install/nav2_behaviors/share/nav2_behaviors/cmake/nav2_behaviorsConfig-version.cmake
[212.965s] -- Installing: /home/ros2/ros2_rc/src/install/nav2_behaviors/share/nav2_behaviors/package.xml
[213.149s] Invoked command in '/home/ros2/ros2_rc/src/build/nav2_behaviors' returned '0': AMENT_PREFIX_PATH=/home/ros2/ros2_rc/src/install/nav2_core:/home/ros2/ros2_rc/src/install/nav2_costmap_2d:/home/ros2/ros2_rc/src/install/nav2_behavior_tree:${AMENT_PREFIX_PATH} CMAKE_PREFIX_PATH=/home/ros2/ros2_rc/src/install/nav2_core:/home/ros2/ros2_rc/src/install/nav2_costmap_2d:/home/ros2/ros2_rc/src/install/nav2_map_server:/home/ros2/ros2_rc/src/install/nav2_lifecycle_manager:/home/ros2/ros2_rc/src/install/nav2_behavior_tree:/home/ros2/ros2_rc/src/install/nav2_util:/home/ros2/ros2_rc/src/install/nav2_voxel_grid:/home/ros2/ros2_rc/src/install/nav2_msgs:/home/ros2/ros2_rc/src/install/nav2_common:/home/ros2/ros2_rc/src/install/smartcar_msgs:/home/ros2/ros2_rc/src/install/smart_car:/home/ros2/ros2_rc/src/install/ros2_rc:/home/ros2/ros2_rc/src/install/nav_2d_utils:/home/ros2/ros2_rc/src/install/dwb_msgs:/home/ros2/ros2_rc/src/install/nav_2d_msgs:/home/ros2/ros2_rc/src/install/nav2_velocity_smoother:/home/ros2/ros2_rc/src/install/nav2_rviz_plugins:/home/ros2/ros2_rc/src/install/nav2_amcl:/home/ros2/ros2_rc/src/install/car_gazebo_plugin:/home/ros2/ros2_rc/src/install/nav2_simple_commander:/opt/ros/humble LD_LIBRARY_PATH=/home/ros2/ros2_rc/src/install/nav2_costmap_2d/lib:/home/ros2/ros2_rc/src/install/nav2_map_server/lib:/home/ros2/ros2_rc/src/install/nav2_lifecycle_manager/lib:/home/ros2/ros2_rc/src/install/nav2_behavior_tree/lib:/home/ros2/ros2_rc/src/install/nav2_util/lib:/home/ros2/ros2_rc/src/install/nav2_voxel_grid/lib:/home/ros2/ros2_rc/src/install/nav2_msgs/lib:/home/ros2/ros2_rc/src/install/smartcar_msgs/lib:/home/ros2/ros2_rc/src/install/nav_2d_utils/lib:/home/ros2/ros2_rc/src/install/dwb_msgs/lib:/home/ros2/ros2_rc/src/install/nav_2d_msgs/lib:/home/ros2/ros2_rc/src/install/nav2_velocity_smoother/lib:/home/ros2/ros2_rc/src/install/nav2_rviz_plugins/lib:/home/ros2/ros2_rc/src/install/nav2_amcl/lib:/home/ros2/ros2_rc/src/install/car_gazebo_plugin/lib:/usr/lib/x86_64-linux-gnu/gazebo-11/plugins:/opt/ros/humble/opt/rviz_ogre_vendor/lib:/opt/ros/humble/lib/x86_64-linux-gnu:/opt/ros/humble/lib:/usr/lib/x86_64-linux-gnu/gazebo-11/plugins /usr/bin/cmake --install /home/ros2/ros2_rc/src/build/nav2_behaviors
