[0.159s] DEBUG:colcon:Command line arguments: ['/usr/bin/colcon', 'build']
[0.159s] DEBUG:colcon:Parsed command line arguments: Namespace(log_base=None, log_level=None, verb_name='build', build_base='build', install_base='install', merge_install=False, symlink_install=False, test_result_base=None, continue_on_error=False, executor='parallel', parallel_workers=9, event_handlers=None, ignore_user_meta=False, metas=['./colcon.meta'], base_paths=['.'], packages_ignore=None, packages_ignore_regex=None, paths=None, packages_up_to=None, packages_up_to_regex=None, packages_above=None, packages_above_and_dependencies=None, packages_above_depth=None, packages_select_by_dep=None, packages_skip_by_dep=None, packages_skip_up_to=None, packages_select_build_failed=False, packages_skip_build_finished=False, packages_select_test_failures=False, packages_skip_test_passed=False, packages_select=None, packages_skip=None, packages_select_regex=None, packages_skip_regex=None, packages_start=None, packages_end=None, allow_overriding=[], cmake_args=None, cmake_target=None, cmake_target_skip_unavailable=False, cmake_clean_cache=False, cmake_clean_first=False, cmake_force_configure=False, ament_cmake_args=None, catkin_cmake_args=None, catkin_skip_building_tests=False, mixin_files=None, mixin=None, verb_parser=<colcon_mixin.mixin.mixin_argument.MixinArgumentDecorator object at 0x79931c040100>, verb_extension=<colcon_core.verb.build.BuildVerb object at 0x79931c144940>, main=<bound method BuildVerb.main of <colcon_core.verb.build.BuildVerb object at 0x79931c144940>>, mixin_verb=('build',))
[0.418s] Level 1:colcon.colcon_core.package_discovery:discover_packages(colcon_meta) check parameters
[0.418s] Level 1:colcon.colcon_core.package_discovery:discover_packages(recursive) check parameters
[0.418s] Level 1:colcon.colcon_core.package_discovery:discover_packages(ignore) check parameters
[0.418s] Level 1:colcon.colcon_core.package_discovery:discover_packages(path) check parameters
[0.418s] Level 1:colcon.colcon_core.package_discovery:discover_packages(colcon_meta) discover
[0.418s] Level 1:colcon.colcon_core.package_discovery:discover_packages(recursive) discover
[0.418s] INFO:colcon.colcon_core.package_discovery:Crawling recursively for packages in '/home/ros2/ros2_rc/src'
[0.419s] Level 1:colcon.colcon_core.package_identification:_identify(.) by extensions ['ignore', 'ignore_ament_install']
[0.419s] Level 1:colcon.colcon_core.package_identification:_identify(.) by extension 'ignore'
[0.419s] Level 1:colcon.colcon_core.package_identification:_identify(.) by extension 'ignore_ament_install'
[0.419s] Level 1:colcon.colcon_core.package_identification:_identify(.) by extensions ['colcon_pkg']
[0.419s] Level 1:colcon.colcon_core.package_identification:_identify(.) by extension 'colcon_pkg'
[0.419s] Level 1:colcon.colcon_core.package_identification:_identify(.) by extensions ['colcon_meta']
[0.419s] Level 1:colcon.colcon_core.package_identification:_identify(.) by extension 'colcon_meta'
[0.419s] Level 1:colcon.colcon_core.package_identification:_identify(.) by extensions ['ros']
[0.419s] Level 1:colcon.colcon_core.package_identification:_identify(.) by extension 'ros'
[0.436s] Level 1:colcon.colcon_core.package_identification:_identify(.) by extensions ['cmake', 'python']
[0.436s] Level 1:colcon.colcon_core.package_identification:_identify(.) by extension 'cmake'
[0.436s] Level 1:colcon.colcon_core.package_identification:_identify(.) by extension 'python'
[0.436s] Level 1:colcon.colcon_core.package_identification:_identify(.) by extensions ['python_setup_py']
[0.436s] Level 1:colcon.colcon_core.package_identification:_identify(.) by extension 'python_setup_py'
[0.437s] Level 1:colcon.colcon_core.package_identification:_identify(build) by extensions ['ignore', 'ignore_ament_install']
[0.437s] Level 1:colcon.colcon_core.package_identification:_identify(build) by extension 'ignore'
[0.437s] Level 1:colcon.colcon_core.package_identification:_identify(build) ignored
[0.437s] Level 1:colcon.colcon_core.package_identification:_identify(car_gazebo_plugin) by extensions ['ignore', 'ignore_ament_install']
[0.437s] Level 1:colcon.colcon_core.package_identification:_identify(car_gazebo_plugin) by extension 'ignore'
[0.437s] Level 1:colcon.colcon_core.package_identification:_identify(car_gazebo_plugin) by extension 'ignore_ament_install'
[0.437s] Level 1:colcon.colcon_core.package_identification:_identify(car_gazebo_plugin) by extensions ['colcon_pkg']
[0.437s] Level 1:colcon.colcon_core.package_identification:_identify(car_gazebo_plugin) by extension 'colcon_pkg'
[0.437s] Level 1:colcon.colcon_core.package_identification:_identify(car_gazebo_plugin) by extensions ['colcon_meta']
[0.437s] Level 1:colcon.colcon_core.package_identification:_identify(car_gazebo_plugin) by extension 'colcon_meta'
[0.437s] Level 1:colcon.colcon_core.package_identification:_identify(car_gazebo_plugin) by extensions ['ros']
[0.437s] Level 1:colcon.colcon_core.package_identification:_identify(car_gazebo_plugin) by extension 'ros'
[0.441s] DEBUG:colcon.colcon_core.package_identification:Package 'car_gazebo_plugin' with type 'ros.ament_cmake' and name 'car_gazebo_plugin'
[0.441s] Level 1:colcon.colcon_core.package_identification:_identify(install) by extensions ['ignore', 'ignore_ament_install']
[0.442s] Level 1:colcon.colcon_core.package_identification:_identify(install) by extension 'ignore'
[0.442s] Level 1:colcon.colcon_core.package_identification:_identify(install) ignored
[0.442s] Level 1:colcon.colcon_core.package_identification:_identify(log) by extensions ['ignore', 'ignore_ament_install']
[0.442s] Level 1:colcon.colcon_core.package_identification:_identify(log) by extension 'ignore'
[0.442s] Level 1:colcon.colcon_core.package_identification:_identify(log) ignored
[0.442s] Level 1:colcon.colcon_core.package_identification:_identify(ros2_rc) by extensions ['ignore', 'ignore_ament_install']
[0.443s] Level 1:colcon.colcon_core.package_identification:_identify(ros2_rc) by extension 'ignore'
[0.443s] Level 1:colcon.colcon_core.package_identification:_identify(ros2_rc) by extension 'ignore_ament_install'
[0.443s] Level 1:colcon.colcon_core.package_identification:_identify(ros2_rc) by extensions ['colcon_pkg']
[0.443s] Level 1:colcon.colcon_core.package_identification:_identify(ros2_rc) by extension 'colcon_pkg'
[0.443s] Level 1:colcon.colcon_core.package_identification:_identify(ros2_rc) by extensions ['colcon_meta']
[0.443s] Level 1:colcon.colcon_core.package_identification:_identify(ros2_rc) by extension 'colcon_meta'
[0.443s] Level 1:colcon.colcon_core.package_identification:_identify(ros2_rc) by extensions ['ros']
[0.443s] Level 1:colcon.colcon_core.package_identification:_identify(ros2_rc) by extension 'ros'
[0.444s] DEBUG:colcon.colcon_core.package_identification:Package 'ros2_rc' with type 'ros.ament_cmake' and name 'ros2_rc'
[0.444s] Level 1:colcon.colcon_core.package_identification:_identify(smart_car) by extensions ['ignore', 'ignore_ament_install']
[0.444s] Level 1:colcon.colcon_core.package_identification:_identify(smart_car) by extension 'ignore'
[0.444s] Level 1:colcon.colcon_core.package_identification:_identify(smart_car) by extension 'ignore_ament_install'
[0.444s] Level 1:colcon.colcon_core.package_identification:_identify(smart_car) by extensions ['colcon_pkg']
[0.444s] Level 1:colcon.colcon_core.package_identification:_identify(smart_car) by extension 'colcon_pkg'
[0.444s] Level 1:colcon.colcon_core.package_identification:_identify(smart_car) by extensions ['colcon_meta']
[0.444s] Level 1:colcon.colcon_core.package_identification:_identify(smart_car) by extension 'colcon_meta'
[0.445s] Level 1:colcon.colcon_core.package_identification:_identify(smart_car) by extensions ['ros']
[0.445s] Level 1:colcon.colcon_core.package_identification:_identify(smart_car) by extension 'ros'
[0.446s] DEBUG:colcon.colcon_core.package_identification:Package 'smart_car' with type 'ros.ament_cmake' and name 'smart_car'
[0.446s] Level 1:colcon.colcon_core.package_identification:_identify(smartcar_msgs) by extensions ['ignore', 'ignore_ament_install']
[0.446s] Level 1:colcon.colcon_core.package_identification:_identify(smartcar_msgs) by extension 'ignore'
[0.446s] Level 1:colcon.colcon_core.package_identification:_identify(smartcar_msgs) by extension 'ignore_ament_install'
[0.446s] Level 1:colcon.colcon_core.package_identification:_identify(smartcar_msgs) by extensions ['colcon_pkg']
[0.446s] Level 1:colcon.colcon_core.package_identification:_identify(smartcar_msgs) by extension 'colcon_pkg'
[0.446s] Level 1:colcon.colcon_core.package_identification:_identify(smartcar_msgs) by extensions ['colcon_meta']
[0.446s] Level 1:colcon.colcon_core.package_identification:_identify(smartcar_msgs) by extension 'colcon_meta'
[0.446s] Level 1:colcon.colcon_core.package_identification:_identify(smartcar_msgs) by extensions ['ros']
[0.446s] Level 1:colcon.colcon_core.package_identification:_identify(smartcar_msgs) by extension 'ros'
[0.447s] DEBUG:colcon.colcon_core.package_identification:Package 'smartcar_msgs' with type 'ros.ament_cmake' and name 'smartcar_msgs'
[0.448s] Level 1:colcon.colcon_core.package_identification:_identify(sudo apt install ros-humble-gazebo-ros-pkgs) by extensions ['ignore', 'ignore_ament_install']
[0.448s] Level 1:colcon.colcon_core.package_identification:_identify(sudo apt install ros-humble-gazebo-ros-pkgs) by extension 'ignore'
[0.448s] Level 1:colcon.colcon_core.package_identification:_identify(sudo apt install ros-humble-gazebo-ros-pkgs) by extension 'ignore_ament_install'
[0.448s] Level 1:colcon.colcon_core.package_identification:_identify(sudo apt install ros-humble-gazebo-ros-pkgs) by extensions ['colcon_pkg']
[0.448s] Level 1:colcon.colcon_core.package_identification:_identify(sudo apt install ros-humble-gazebo-ros-pkgs) by extension 'colcon_pkg'
[0.448s] Level 1:colcon.colcon_core.package_identification:_identify(sudo apt install ros-humble-gazebo-ros-pkgs) by extensions ['colcon_meta']
[0.448s] Level 1:colcon.colcon_core.package_identification:_identify(sudo apt install ros-humble-gazebo-ros-pkgs) by extension 'colcon_meta'
[0.448s] Level 1:colcon.colcon_core.package_identification:_identify(sudo apt install ros-humble-gazebo-ros-pkgs) by extensions ['ros']
[0.448s] Level 1:colcon.colcon_core.package_identification:_identify(sudo apt install ros-humble-gazebo-ros-pkgs) by extension 'ros'
[0.448s] Level 1:colcon.colcon_core.package_identification:_identify(sudo apt install ros-humble-gazebo-ros-pkgs) by extensions ['cmake', 'python']
[0.448s] Level 1:colcon.colcon_core.package_identification:_identify(sudo apt install ros-humble-gazebo-ros-pkgs) by extension 'cmake'
[0.448s] Level 1:colcon.colcon_core.package_identification:_identify(sudo apt install ros-humble-gazebo-ros-pkgs) by extension 'python'
[0.448s] Level 1:colcon.colcon_core.package_identification:_identify(sudo apt install ros-humble-gazebo-ros-pkgs) by extensions ['python_setup_py']
[0.448s] Level 1:colcon.colcon_core.package_identification:_identify(sudo apt install ros-humble-gazebo-ros-pkgs) by extension 'python_setup_py'
[0.448s] Level 1:colcon.colcon_core.package_discovery:discover_packages(recursive) using defaults
[0.449s] Level 1:colcon.colcon_core.package_discovery:discover_packages(ignore) discover
[0.449s] Level 1:colcon.colcon_core.package_discovery:discover_packages(ignore) using defaults
[0.449s] Level 1:colcon.colcon_core.package_discovery:discover_packages(path) discover
[0.449s] Level 1:colcon.colcon_core.package_discovery:discover_packages(path) using defaults
[0.497s] Level 1:colcon.colcon_core.package_discovery:discover_packages(prefix_path) check parameters
[0.497s] Level 1:colcon.colcon_core.package_discovery:discover_packages(prefix_path) discover
[0.500s] DEBUG:colcon.colcon_installed_package_information.package_discovery:Found 4 installed packages in /home/ros2/ros2_rc/src/install
[0.503s] DEBUG:colcon.colcon_installed_package_information.package_discovery:Found 335 installed packages in /opt/ros/humble
[0.506s] Level 1:colcon.colcon_core.package_discovery:discover_packages(prefix_path) using defaults
[0.572s] Level 5:colcon.colcon_core.verb:set package 'car_gazebo_plugin' build argument 'cmake_args' from command line to 'None'
[0.573s] Level 5:colcon.colcon_core.verb:set package 'car_gazebo_plugin' build argument 'cmake_target' from command line to 'None'
[0.573s] Level 5:colcon.colcon_core.verb:set package 'car_gazebo_plugin' build argument 'cmake_target_skip_unavailable' from command line to 'False'
[0.573s] Level 5:colcon.colcon_core.verb:set package 'car_gazebo_plugin' build argument 'cmake_clean_cache' from command line to 'False'
[0.573s] Level 5:colcon.colcon_core.verb:set package 'car_gazebo_plugin' build argument 'cmake_clean_first' from command line to 'False'
[0.573s] Level 5:colcon.colcon_core.verb:set package 'car_gazebo_plugin' build argument 'cmake_force_configure' from command line to 'False'
[0.573s] Level 5:colcon.colcon_core.verb:set package 'car_gazebo_plugin' build argument 'ament_cmake_args' from command line to 'None'
[0.573s] Level 5:colcon.colcon_core.verb:set package 'car_gazebo_plugin' build argument 'catkin_cmake_args' from command line to 'None'
[0.573s] Level 5:colcon.colcon_core.verb:set package 'car_gazebo_plugin' build argument 'catkin_skip_building_tests' from command line to 'False'
[0.573s] DEBUG:colcon.colcon_core.verb:Building package 'car_gazebo_plugin' with the following arguments: {'ament_cmake_args': None, 'build_base': '/home/ros2/ros2_rc/src/build/car_gazebo_plugin', 'catkin_cmake_args': None, 'catkin_skip_building_tests': False, 'cmake_args': None, 'cmake_clean_cache': False, 'cmake_clean_first': False, 'cmake_force_configure': False, 'cmake_target': None, 'cmake_target_skip_unavailable': False, 'install_base': '/home/ros2/ros2_rc/src/install/car_gazebo_plugin', 'merge_install': False, 'path': '/home/ros2/ros2_rc/src/car_gazebo_plugin', 'symlink_install': False, 'test_result_base': None}
[0.574s] Level 5:colcon.colcon_core.verb:set package 'ros2_rc' build argument 'cmake_args' from command line to 'None'
[0.574s] Level 5:colcon.colcon_core.verb:set package 'ros2_rc' build argument 'cmake_target' from command line to 'None'
[0.574s] Level 5:colcon.colcon_core.verb:set package 'ros2_rc' build argument 'cmake_target_skip_unavailable' from command line to 'False'
[0.574s] Level 5:colcon.colcon_core.verb:set package 'ros2_rc' build argument 'cmake_clean_cache' from command line to 'False'
[0.574s] Level 5:colcon.colcon_core.verb:set package 'ros2_rc' build argument 'cmake_clean_first' from command line to 'False'
[0.574s] Level 5:colcon.colcon_core.verb:set package 'ros2_rc' build argument 'cmake_force_configure' from command line to 'False'
[0.574s] Level 5:colcon.colcon_core.verb:set package 'ros2_rc' build argument 'ament_cmake_args' from command line to 'None'
[0.574s] Level 5:colcon.colcon_core.verb:set package 'ros2_rc' build argument 'catkin_cmake_args' from command line to 'None'
[0.574s] Level 5:colcon.colcon_core.verb:set package 'ros2_rc' build argument 'catkin_skip_building_tests' from command line to 'False'
[0.574s] DEBUG:colcon.colcon_core.verb:Building package 'ros2_rc' with the following arguments: {'ament_cmake_args': None, 'build_base': '/home/ros2/ros2_rc/src/build/ros2_rc', 'catkin_cmake_args': None, 'catkin_skip_building_tests': False, 'cmake_args': None, 'cmake_clean_cache': False, 'cmake_clean_first': False, 'cmake_force_configure': False, 'cmake_target': None, 'cmake_target_skip_unavailable': False, 'install_base': '/home/ros2/ros2_rc/src/install/ros2_rc', 'merge_install': False, 'path': '/home/ros2/ros2_rc/src/ros2_rc', 'symlink_install': False, 'test_result_base': None}
[0.574s] Level 5:colcon.colcon_core.verb:set package 'smart_car' build argument 'cmake_args' from command line to 'None'
[0.575s] Level 5:colcon.colcon_core.verb:set package 'smart_car' build argument 'cmake_target' from command line to 'None'
[0.575s] Level 5:colcon.colcon_core.verb:set package 'smart_car' build argument 'cmake_target_skip_unavailable' from command line to 'False'
[0.575s] Level 5:colcon.colcon_core.verb:set package 'smart_car' build argument 'cmake_clean_cache' from command line to 'False'
[0.575s] Level 5:colcon.colcon_core.verb:set package 'smart_car' build argument 'cmake_clean_first' from command line to 'False'
[0.575s] Level 5:colcon.colcon_core.verb:set package 'smart_car' build argument 'cmake_force_configure' from command line to 'False'
[0.575s] Level 5:colcon.colcon_core.verb:set package 'smart_car' build argument 'ament_cmake_args' from command line to 'None'
[0.575s] Level 5:colcon.colcon_core.verb:set package 'smart_car' build argument 'catkin_cmake_args' from command line to 'None'
[0.575s] Level 5:colcon.colcon_core.verb:set package 'smart_car' build argument 'catkin_skip_building_tests' from command line to 'False'
[0.575s] DEBUG:colcon.colcon_core.verb:Building package 'smart_car' with the following arguments: {'ament_cmake_args': None, 'build_base': '/home/ros2/ros2_rc/src/build/smart_car', 'catkin_cmake_args': None, 'catkin_skip_building_tests': False, 'cmake_args': None, 'cmake_clean_cache': False, 'cmake_clean_first': False, 'cmake_force_configure': False, 'cmake_target': None, 'cmake_target_skip_unavailable': False, 'install_base': '/home/ros2/ros2_rc/src/install/smart_car', 'merge_install': False, 'path': '/home/ros2/ros2_rc/src/smart_car', 'symlink_install': False, 'test_result_base': None}
[0.576s] Level 5:colcon.colcon_core.verb:set package 'smartcar_msgs' build argument 'cmake_args' from command line to 'None'
[0.576s] Level 5:colcon.colcon_core.verb:set package 'smartcar_msgs' build argument 'cmake_target' from command line to 'None'
[0.576s] Level 5:colcon.colcon_core.verb:set package 'smartcar_msgs' build argument 'cmake_target_skip_unavailable' from command line to 'False'
[0.576s] Level 5:colcon.colcon_core.verb:set package 'smartcar_msgs' build argument 'cmake_clean_cache' from command line to 'False'
[0.576s] Level 5:colcon.colcon_core.verb:set package 'smartcar_msgs' build argument 'cmake_clean_first' from command line to 'False'
[0.576s] Level 5:colcon.colcon_core.verb:set package 'smartcar_msgs' build argument 'cmake_force_configure' from command line to 'False'
[0.576s] Level 5:colcon.colcon_core.verb:set package 'smartcar_msgs' build argument 'ament_cmake_args' from command line to 'None'
[0.576s] Level 5:colcon.colcon_core.verb:set package 'smartcar_msgs' build argument 'catkin_cmake_args' from command line to 'None'
[0.576s] Level 5:colcon.colcon_core.verb:set package 'smartcar_msgs' build argument 'catkin_skip_building_tests' from command line to 'False'
[0.576s] DEBUG:colcon.colcon_core.verb:Building package 'smartcar_msgs' with the following arguments: {'ament_cmake_args': None, 'build_base': '/home/ros2/ros2_rc/src/build/smartcar_msgs', 'catkin_cmake_args': None, 'catkin_skip_building_tests': False, 'cmake_args': None, 'cmake_clean_cache': False, 'cmake_clean_first': False, 'cmake_force_configure': False, 'cmake_target': None, 'cmake_target_skip_unavailable': False, 'install_base': '/home/ros2/ros2_rc/src/install/smartcar_msgs', 'merge_install': False, 'path': '/home/ros2/ros2_rc/src/smartcar_msgs', 'symlink_install': False, 'test_result_base': None}
[0.577s] INFO:colcon.colcon_core.executor:Executing jobs using 'parallel' executor
[0.578s] DEBUG:colcon.colcon_parallel_executor.executor.parallel:run_until_complete
[0.579s] INFO:colcon.colcon_ros.task.ament_cmake.build:Building ROS package in '/home/ros2/ros2_rc/src/car_gazebo_plugin' with build type 'ament_cmake'
[0.579s] INFO:colcon.colcon_cmake.task.cmake.build:Building CMake package in '/home/ros2/ros2_rc/src/car_gazebo_plugin'
[0.582s] INFO:colcon.colcon_core.plugin_system:Skipping extension 'colcon_core.shell.bat': Not used on non-Windows systems
[0.582s] INFO:colcon.colcon_core.shell:Skip shell extension 'powershell' for command environment: Not usable outside of PowerShell
[0.582s] DEBUG:colcon.colcon_core.shell:Skip shell extension 'dsv' for command environment
[0.588s] INFO:colcon.colcon_ros.task.ament_cmake.build:Building ROS package in '/home/ros2/ros2_rc/src/ros2_rc' with build type 'ament_cmake'
[0.588s] INFO:colcon.colcon_cmake.task.cmake.build:Building CMake package in '/home/ros2/ros2_rc/src/ros2_rc'
[0.589s] INFO:colcon.colcon_core.shell:Skip shell extension 'powershell' for command environment: Not usable outside of PowerShell
[0.589s] DEBUG:colcon.colcon_core.shell:Skip shell extension 'dsv' for command environment
[0.595s] INFO:colcon.colcon_ros.task.ament_cmake.build:Building ROS package in '/home/ros2/ros2_rc/src/smart_car' with build type 'ament_cmake'
[0.595s] INFO:colcon.colcon_cmake.task.cmake.build:Building CMake package in '/home/ros2/ros2_rc/src/smart_car'
[0.596s] INFO:colcon.colcon_core.shell:Skip shell extension 'powershell' for command environment: Not usable outside of PowerShell
[0.596s] DEBUG:colcon.colcon_core.shell:Skip shell extension 'dsv' for command environment
[0.602s] INFO:colcon.colcon_ros.task.ament_cmake.build:Building ROS package in '/home/ros2/ros2_rc/src/smartcar_msgs' with build type 'ament_cmake'
[0.602s] INFO:colcon.colcon_cmake.task.cmake.build:Building CMake package in '/home/ros2/ros2_rc/src/smartcar_msgs'
[0.603s] INFO:colcon.colcon_core.shell:Skip shell extension 'powershell' for command environment: Not usable outside of PowerShell
[0.603s] DEBUG:colcon.colcon_core.shell:Skip shell extension 'dsv' for command environment
[0.621s] DEBUG:colcon.colcon_core.event_handler.log_command:Invoking command in '/home/ros2/ros2_rc/src/build/car_gazebo_plugin': CMAKE_PREFIX_PATH=${CMAKE_PREFIX_PATH}:/opt/ros/humble /usr/bin/cmake --build /home/ros2/ros2_rc/src/build/car_gazebo_plugin -- -j9 -l9
[0.629s] DEBUG:colcon.colcon_core.event_handler.log_command:Invoking command in '/home/ros2/ros2_rc/src/build/ros2_rc': CMAKE_PREFIX_PATH=${CMAKE_PREFIX_PATH}:/opt/ros/humble /usr/bin/cmake --build /home/ros2/ros2_rc/src/build/ros2_rc -- -j9 -l9
[0.638s] DEBUG:colcon.colcon_core.event_handler.log_command:Invoking command in '/home/ros2/ros2_rc/src/build/smart_car': CMAKE_PREFIX_PATH=${CMAKE_PREFIX_PATH}:/opt/ros/humble /usr/bin/cmake --build /home/ros2/ros2_rc/src/build/smart_car -- -j9 -l9
[0.647s] DEBUG:colcon.colcon_core.event_handler.log_command:Invoking command in '/home/ros2/ros2_rc/src/build/smartcar_msgs': CMAKE_PREFIX_PATH=${CMAKE_PREFIX_PATH}:/opt/ros/humble /usr/bin/cmake --build /home/ros2/ros2_rc/src/build/smartcar_msgs -- -j9 -l9
[0.689s] DEBUG:colcon.colcon_core.event_handler.log_command:Invoked command in '/home/ros2/ros2_rc/src/build/ros2_rc' returned '0': CMAKE_PREFIX_PATH=${CMAKE_PREFIX_PATH}:/opt/ros/humble /usr/bin/cmake --build /home/ros2/ros2_rc/src/build/ros2_rc -- -j9 -l9
[0.767s] DEBUG:colcon.colcon_core.event_handler.log_command:Invoking command in '/home/ros2/ros2_rc/src/build/ros2_rc': CMAKE_PREFIX_PATH=${CMAKE_PREFIX_PATH}:/opt/ros/humble /usr/bin/cmake --install /home/ros2/ros2_rc/src/build/ros2_rc
[0.793s] Level 1:colcon.colcon_core.environment:create_environment_scripts_only(ros2_rc)
[0.794s] DEBUG:colcon.colcon_core.event_handler.log_command:Invoked command in '/home/ros2/ros2_rc/src/build/ros2_rc' returned '0': CMAKE_PREFIX_PATH=${CMAKE_PREFIX_PATH}:/opt/ros/humble /usr/bin/cmake --install /home/ros2/ros2_rc/src/build/ros2_rc
[0.805s] Level 1:colcon.colcon_core.environment:checking '/home/ros2/ros2_rc/src/install/ros2_rc' for CMake module files
[0.806s] Level 1:colcon.colcon_core.environment:checking '/home/ros2/ros2_rc/src/install/ros2_rc' for CMake config files
[0.806s] Level 1:colcon.colcon_core.shell:create_environment_hook('ros2_rc', 'cmake_prefix_path')
[0.807s] INFO:colcon.colcon_core.shell:Creating environment hook '/home/ros2/ros2_rc/src/install/ros2_rc/share/ros2_rc/hook/cmake_prefix_path.ps1'
[0.808s] INFO:colcon.colcon_core.shell:Creating environment descriptor '/home/ros2/ros2_rc/src/install/ros2_rc/share/ros2_rc/hook/cmake_prefix_path.dsv'
[0.809s] INFO:colcon.colcon_core.shell:Creating environment hook '/home/ros2/ros2_rc/src/install/ros2_rc/share/ros2_rc/hook/cmake_prefix_path.sh'
[0.811s] Level 1:colcon.colcon_core.environment:checking '/home/ros2/ros2_rc/src/install/ros2_rc/bin'
[0.811s] Level 1:colcon.colcon_core.environment:checking '/home/ros2/ros2_rc/src/install/ros2_rc/lib/pkgconfig/ros2_rc.pc'
[0.812s] Level 1:colcon.colcon_core.environment:checking '/home/ros2/ros2_rc/src/install/ros2_rc/lib/python3.10/site-packages'
[0.812s] Level 1:colcon.colcon_core.environment:checking '/home/ros2/ros2_rc/src/install/ros2_rc/bin'
[0.813s] INFO:colcon.colcon_core.shell:Creating package script '/home/ros2/ros2_rc/src/install/ros2_rc/share/ros2_rc/package.ps1'
[0.815s] INFO:colcon.colcon_core.shell:Creating package descriptor '/home/ros2/ros2_rc/src/install/ros2_rc/share/ros2_rc/package.dsv'
[0.817s] INFO:colcon.colcon_core.shell:Creating package script '/home/ros2/ros2_rc/src/install/ros2_rc/share/ros2_rc/package.sh'
[0.819s] INFO:colcon.colcon_core.shell:Creating package script '/home/ros2/ros2_rc/src/install/ros2_rc/share/ros2_rc/package.bash'
[0.821s] INFO:colcon.colcon_core.shell:Creating package script '/home/ros2/ros2_rc/src/install/ros2_rc/share/ros2_rc/package.zsh'
[0.823s] Level 1:colcon.colcon_core.environment:create_file_with_runtime_dependencies(/home/ros2/ros2_rc/src/install/ros2_rc/share/colcon-core/packages/ros2_rc)
[0.832s] DEBUG:colcon.colcon_core.event_handler.log_command:Invoked command in '/home/ros2/ros2_rc/src/build/car_gazebo_plugin' returned '0': CMAKE_PREFIX_PATH=${CMAKE_PREFIX_PATH}:/opt/ros/humble /usr/bin/cmake --build /home/ros2/ros2_rc/src/build/car_gazebo_plugin -- -j9 -l9
[0.868s] Level 1:colcon.colcon_core.environment:create_environment_scripts_only(ros2_rc)
[0.869s] Level 1:colcon.colcon_core.environment:checking '/home/ros2/ros2_rc/src/install/ros2_rc' for CMake module files
[0.870s] Level 1:colcon.colcon_core.environment:checking '/home/ros2/ros2_rc/src/install/ros2_rc' for CMake config files
[0.871s] Level 1:colcon.colcon_core.shell:create_environment_hook('ros2_rc', 'cmake_prefix_path')
[0.872s] INFO:colcon.colcon_core.shell:Creating environment hook '/home/ros2/ros2_rc/src/install/ros2_rc/share/ros2_rc/hook/cmake_prefix_path.ps1'
[0.873s] INFO:colcon.colcon_core.shell:Creating environment descriptor '/home/ros2/ros2_rc/src/install/ros2_rc/share/ros2_rc/hook/cmake_prefix_path.dsv'
[0.874s] INFO:colcon.colcon_core.shell:Creating environment hook '/home/ros2/ros2_rc/src/install/ros2_rc/share/ros2_rc/hook/cmake_prefix_path.sh'
[0.877s] Level 1:colcon.colcon_core.environment:checking '/home/ros2/ros2_rc/src/install/ros2_rc/bin'
[0.877s] Level 1:colcon.colcon_core.environment:checking '/home/ros2/ros2_rc/src/install/ros2_rc/lib/pkgconfig/ros2_rc.pc'
[0.877s] Level 1:colcon.colcon_core.environment:checking '/home/ros2/ros2_rc/src/install/ros2_rc/lib/python3.10/site-packages'
[0.878s] Level 1:colcon.colcon_core.environment:checking '/home/ros2/ros2_rc/src/install/ros2_rc/bin'
[0.878s] INFO:colcon.colcon_core.shell:Creating package script '/home/ros2/ros2_rc/src/install/ros2_rc/share/ros2_rc/package.ps1'
[0.880s] INFO:colcon.colcon_core.shell:Creating package descriptor '/home/ros2/ros2_rc/src/install/ros2_rc/share/ros2_rc/package.dsv'
[0.881s] INFO:colcon.colcon_core.shell:Creating package script '/home/ros2/ros2_rc/src/install/ros2_rc/share/ros2_rc/package.sh'
[0.883s] INFO:colcon.colcon_core.shell:Creating package script '/home/ros2/ros2_rc/src/install/ros2_rc/share/ros2_rc/package.bash'
[0.884s] INFO:colcon.colcon_core.shell:Creating package script '/home/ros2/ros2_rc/src/install/ros2_rc/share/ros2_rc/package.zsh'
[0.885s] Level 1:colcon.colcon_core.environment:create_file_with_runtime_dependencies(/home/ros2/ros2_rc/src/install/ros2_rc/share/colcon-core/packages/ros2_rc)
[0.892s] DEBUG:colcon.colcon_core.event_handler.log_command:Invoking command in '/home/ros2/ros2_rc/src/build/car_gazebo_plugin': CMAKE_PREFIX_PATH=${CMAKE_PREFIX_PATH}:/opt/ros/humble /usr/bin/cmake --install /home/ros2/ros2_rc/src/build/car_gazebo_plugin
[0.909s] Level 1:colcon.colcon_core.environment:create_environment_scripts_only(car_gazebo_plugin)
[0.909s] Level 1:colcon.colcon_core.environment:checking '/home/ros2/ros2_rc/src/install/car_gazebo_plugin' for CMake module files
[0.911s] DEBUG:colcon.colcon_core.event_handler.log_command:Invoked command in '/home/ros2/ros2_rc/src/build/car_gazebo_plugin' returned '0': CMAKE_PREFIX_PATH=${CMAKE_PREFIX_PATH}:/opt/ros/humble /usr/bin/cmake --install /home/ros2/ros2_rc/src/build/car_gazebo_plugin
[0.911s] Level 1:colcon.colcon_core.environment:checking '/home/ros2/ros2_rc/src/install/car_gazebo_plugin' for CMake config files
[0.912s] Level 1:colcon.colcon_core.shell:create_environment_hook('car_gazebo_plugin', 'cmake_prefix_path')
[0.912s] INFO:colcon.colcon_core.shell:Creating environment hook '/home/ros2/ros2_rc/src/install/car_gazebo_plugin/share/car_gazebo_plugin/hook/cmake_prefix_path.ps1'
[0.913s] INFO:colcon.colcon_core.shell:Creating environment descriptor '/home/ros2/ros2_rc/src/install/car_gazebo_plugin/share/car_gazebo_plugin/hook/cmake_prefix_path.dsv'
[0.914s] INFO:colcon.colcon_core.shell:Creating environment hook '/home/ros2/ros2_rc/src/install/car_gazebo_plugin/share/car_gazebo_plugin/hook/cmake_prefix_path.sh'
[0.917s] Level 1:colcon.colcon_core.environment:checking '/home/ros2/ros2_rc/src/install/car_gazebo_plugin/lib'
[0.918s] Level 1:colcon.colcon_core.shell:create_environment_hook('car_gazebo_plugin', 'ld_library_path_lib')
[0.918s] INFO:colcon.colcon_core.shell:Creating environment hook '/home/ros2/ros2_rc/src/install/car_gazebo_plugin/share/car_gazebo_plugin/hook/ld_library_path_lib.ps1'
[0.919s] INFO:colcon.colcon_core.shell:Creating environment descriptor '/home/ros2/ros2_rc/src/install/car_gazebo_plugin/share/car_gazebo_plugin/hook/ld_library_path_lib.dsv'
[0.920s] INFO:colcon.colcon_core.shell:Creating environment hook '/home/ros2/ros2_rc/src/install/car_gazebo_plugin/share/car_gazebo_plugin/hook/ld_library_path_lib.sh'
[0.921s] Level 1:colcon.colcon_core.environment:checking '/home/ros2/ros2_rc/src/install/car_gazebo_plugin/bin'
[0.921s] Level 1:colcon.colcon_core.environment:checking '/home/ros2/ros2_rc/src/install/car_gazebo_plugin/lib/pkgconfig/car_gazebo_plugin.pc'
[0.921s] Level 1:colcon.colcon_core.environment:checking '/home/ros2/ros2_rc/src/install/car_gazebo_plugin/lib/python3.10/site-packages'
[0.921s] Level 1:colcon.colcon_core.environment:checking '/home/ros2/ros2_rc/src/install/car_gazebo_plugin/bin'
[0.922s] INFO:colcon.colcon_core.shell:Creating package script '/home/ros2/ros2_rc/src/install/car_gazebo_plugin/share/car_gazebo_plugin/package.ps1'
[0.923s] INFO:colcon.colcon_core.shell:Creating package descriptor '/home/ros2/ros2_rc/src/install/car_gazebo_plugin/share/car_gazebo_plugin/package.dsv'
[0.925s] INFO:colcon.colcon_core.shell:Creating package script '/home/ros2/ros2_rc/src/install/car_gazebo_plugin/share/car_gazebo_plugin/package.sh'
[0.927s] INFO:colcon.colcon_core.shell:Creating package script '/home/ros2/ros2_rc/src/install/car_gazebo_plugin/share/car_gazebo_plugin/package.bash'
[0.929s] INFO:colcon.colcon_core.shell:Creating package script '/home/ros2/ros2_rc/src/install/car_gazebo_plugin/share/car_gazebo_plugin/package.zsh'
[0.931s] Level 1:colcon.colcon_core.environment:create_file_with_runtime_dependencies(/home/ros2/ros2_rc/src/install/car_gazebo_plugin/share/colcon-core/packages/car_gazebo_plugin)
[0.990s] Level 1:colcon.colcon_core.environment:create_environment_scripts_only(car_gazebo_plugin)
[0.991s] Level 1:colcon.colcon_core.environment:checking '/home/ros2/ros2_rc/src/install/car_gazebo_plugin' for CMake module files
[0.992s] Level 1:colcon.colcon_core.environment:checking '/home/ros2/ros2_rc/src/install/car_gazebo_plugin' for CMake config files
[0.993s] Level 1:colcon.colcon_core.shell:create_environment_hook('car_gazebo_plugin', 'cmake_prefix_path')
[0.994s] INFO:colcon.colcon_core.shell:Creating environment hook '/home/ros2/ros2_rc/src/install/car_gazebo_plugin/share/car_gazebo_plugin/hook/cmake_prefix_path.ps1'
[0.995s] INFO:colcon.colcon_core.shell:Creating environment descriptor '/home/ros2/ros2_rc/src/install/car_gazebo_plugin/share/car_gazebo_plugin/hook/cmake_prefix_path.dsv'
[0.996s] INFO:colcon.colcon_core.shell:Creating environment hook '/home/ros2/ros2_rc/src/install/car_gazebo_plugin/share/car_gazebo_plugin/hook/cmake_prefix_path.sh'
[0.997s] Level 1:colcon.colcon_core.environment:checking '/home/ros2/ros2_rc/src/install/car_gazebo_plugin/lib'
[0.997s] Level 1:colcon.colcon_core.shell:create_environment_hook('car_gazebo_plugin', 'ld_library_path_lib')
[0.998s] INFO:colcon.colcon_core.shell:Creating environment hook '/home/ros2/ros2_rc/src/install/car_gazebo_plugin/share/car_gazebo_plugin/hook/ld_library_path_lib.ps1'
[0.999s] INFO:colcon.colcon_core.shell:Creating environment descriptor '/home/ros2/ros2_rc/src/install/car_gazebo_plugin/share/car_gazebo_plugin/hook/ld_library_path_lib.dsv'
[1.000s] INFO:colcon.colcon_core.shell:Creating environment hook '/home/ros2/ros2_rc/src/install/car_gazebo_plugin/share/car_gazebo_plugin/hook/ld_library_path_lib.sh'
[1.001s] Level 1:colcon.colcon_core.environment:checking '/home/ros2/ros2_rc/src/install/car_gazebo_plugin/bin'
[1.001s] Level 1:colcon.colcon_core.environment:checking '/home/ros2/ros2_rc/src/install/car_gazebo_plugin/lib/pkgconfig/car_gazebo_plugin.pc'
[1.002s] Level 1:colcon.colcon_core.environment:checking '/home/ros2/ros2_rc/src/install/car_gazebo_plugin/lib/python3.10/site-packages'
[1.002s] Level 1:colcon.colcon_core.environment:checking '/home/ros2/ros2_rc/src/install/car_gazebo_plugin/bin'
[1.003s] INFO:colcon.colcon_core.shell:Creating package script '/home/ros2/ros2_rc/src/install/car_gazebo_plugin/share/car_gazebo_plugin/package.ps1'
[1.005s] INFO:colcon.colcon_core.shell:Creating package descriptor '/home/ros2/ros2_rc/src/install/car_gazebo_plugin/share/car_gazebo_plugin/package.dsv'
[1.006s] INFO:colcon.colcon_core.shell:Creating package script '/home/ros2/ros2_rc/src/install/car_gazebo_plugin/share/car_gazebo_plugin/package.sh'
[1.007s] INFO:colcon.colcon_core.shell:Creating package script '/home/ros2/ros2_rc/src/install/car_gazebo_plugin/share/car_gazebo_plugin/package.bash'
[1.008s] INFO:colcon.colcon_core.shell:Creating package script '/home/ros2/ros2_rc/src/install/car_gazebo_plugin/share/car_gazebo_plugin/package.zsh'
[1.008s] Level 1:colcon.colcon_core.environment:create_file_with_runtime_dependencies(/home/ros2/ros2_rc/src/install/car_gazebo_plugin/share/colcon-core/packages/car_gazebo_plugin)
[1.368s] DEBUG:colcon.colcon_core.event_handler.log_command:Invoked command in '/home/ros2/ros2_rc/src/build/smartcar_msgs' returned '0': CMAKE_PREFIX_PATH=${CMAKE_PREFIX_PATH}:/opt/ros/humble /usr/bin/cmake --build /home/ros2/ros2_rc/src/build/smartcar_msgs -- -j9 -l9
[1.482s] DEBUG:colcon.colcon_core.event_handler.log_command:Invoking command in '/home/ros2/ros2_rc/src/build/smartcar_msgs': CMAKE_PREFIX_PATH=${CMAKE_PREFIX_PATH}:/opt/ros/humble /usr/bin/cmake --install /home/ros2/ros2_rc/src/build/smartcar_msgs
[1.572s] Level 1:colcon.colcon_core.environment:create_environment_scripts_only(smartcar_msgs)
[1.573s] Level 1:colcon.colcon_core.environment:checking '/home/ros2/ros2_rc/src/install/smartcar_msgs' for CMake module files
[1.574s] DEBUG:colcon.colcon_core.event_handler.log_command:Invoked command in '/home/ros2/ros2_rc/src/build/smartcar_msgs' returned '0': CMAKE_PREFIX_PATH=${CMAKE_PREFIX_PATH}:/opt/ros/humble /usr/bin/cmake --install /home/ros2/ros2_rc/src/build/smartcar_msgs
[1.575s] Level 1:colcon.colcon_core.environment:checking '/home/ros2/ros2_rc/src/install/smartcar_msgs' for CMake config files
[1.575s] Level 1:colcon.colcon_core.shell:create_environment_hook('smartcar_msgs', 'cmake_prefix_path')
[1.576s] INFO:colcon.colcon_core.shell:Creating environment hook '/home/ros2/ros2_rc/src/install/smartcar_msgs/share/smartcar_msgs/hook/cmake_prefix_path.ps1'
[1.577s] INFO:colcon.colcon_core.shell:Creating environment descriptor '/home/ros2/ros2_rc/src/install/smartcar_msgs/share/smartcar_msgs/hook/cmake_prefix_path.dsv'
[1.578s] INFO:colcon.colcon_core.shell:Creating environment hook '/home/ros2/ros2_rc/src/install/smartcar_msgs/share/smartcar_msgs/hook/cmake_prefix_path.sh'
[1.579s] Level 1:colcon.colcon_core.environment:checking '/home/ros2/ros2_rc/src/install/smartcar_msgs/lib'
[1.580s] Level 1:colcon.colcon_core.shell:create_environment_hook('smartcar_msgs', 'ld_library_path_lib')
[1.580s] INFO:colcon.colcon_core.shell:Creating environment hook '/home/ros2/ros2_rc/src/install/smartcar_msgs/share/smartcar_msgs/hook/ld_library_path_lib.ps1'
[1.581s] INFO:colcon.colcon_core.shell:Creating environment descriptor '/home/ros2/ros2_rc/src/install/smartcar_msgs/share/smartcar_msgs/hook/ld_library_path_lib.dsv'
[1.582s] INFO:colcon.colcon_core.shell:Creating environment hook '/home/ros2/ros2_rc/src/install/smartcar_msgs/share/smartcar_msgs/hook/ld_library_path_lib.sh'
[1.582s] Level 1:colcon.colcon_core.environment:checking '/home/ros2/ros2_rc/src/install/smartcar_msgs/bin'
[1.582s] Level 1:colcon.colcon_core.environment:checking '/home/ros2/ros2_rc/src/install/smartcar_msgs/lib/pkgconfig/smartcar_msgs.pc'
[1.583s] Level 1:colcon.colcon_core.environment:checking '/home/ros2/ros2_rc/src/install/smartcar_msgs/lib/python3.10/site-packages'
[1.583s] Level 1:colcon.colcon_core.environment:checking '/home/ros2/ros2_rc/src/install/smartcar_msgs/bin'
[1.583s] INFO:colcon.colcon_core.shell:Creating package script '/home/ros2/ros2_rc/src/install/smartcar_msgs/share/smartcar_msgs/package.ps1'
[1.585s] INFO:colcon.colcon_core.shell:Creating package descriptor '/home/ros2/ros2_rc/src/install/smartcar_msgs/share/smartcar_msgs/package.dsv'
[1.586s] INFO:colcon.colcon_core.shell:Creating package script '/home/ros2/ros2_rc/src/install/smartcar_msgs/share/smartcar_msgs/package.sh'
[1.587s] INFO:colcon.colcon_core.shell:Creating package script '/home/ros2/ros2_rc/src/install/smartcar_msgs/share/smartcar_msgs/package.bash'
[1.588s] INFO:colcon.colcon_core.shell:Creating package script '/home/ros2/ros2_rc/src/install/smartcar_msgs/share/smartcar_msgs/package.zsh'
[1.589s] Level 1:colcon.colcon_core.environment:create_file_with_runtime_dependencies(/home/ros2/ros2_rc/src/install/smartcar_msgs/share/colcon-core/packages/smartcar_msgs)
[1.661s] DEBUG:colcon.colcon_core.event_handler.log_command:Invoked command in '/home/ros2/ros2_rc/src/build/smart_car' returned '0': CMAKE_PREFIX_PATH=${CMAKE_PREFIX_PATH}:/opt/ros/humble /usr/bin/cmake --build /home/ros2/ros2_rc/src/build/smart_car -- -j9 -l9
[1.697s] Level 1:colcon.colcon_core.environment:create_environment_scripts_only(smartcar_msgs)
[1.697s] Level 1:colcon.colcon_core.environment:checking '/home/ros2/ros2_rc/src/install/smartcar_msgs' for CMake module files
[1.698s] Level 1:colcon.colcon_core.environment:checking '/home/ros2/ros2_rc/src/install/smartcar_msgs' for CMake config files
[1.699s] Level 1:colcon.colcon_core.shell:create_environment_hook('smartcar_msgs', 'cmake_prefix_path')
[1.699s] INFO:colcon.colcon_core.shell:Creating environment hook '/home/ros2/ros2_rc/src/install/smartcar_msgs/share/smartcar_msgs/hook/cmake_prefix_path.ps1'
[1.700s] INFO:colcon.colcon_core.shell:Creating environment descriptor '/home/ros2/ros2_rc/src/install/smartcar_msgs/share/smartcar_msgs/hook/cmake_prefix_path.dsv'
[1.701s] INFO:colcon.colcon_core.shell:Creating environment hook '/home/ros2/ros2_rc/src/install/smartcar_msgs/share/smartcar_msgs/hook/cmake_prefix_path.sh'
[1.703s] Level 1:colcon.colcon_core.environment:checking '/home/ros2/ros2_rc/src/install/smartcar_msgs/lib'
[1.703s] Level 1:colcon.colcon_core.shell:create_environment_hook('smartcar_msgs', 'ld_library_path_lib')
[1.704s] INFO:colcon.colcon_core.shell:Creating environment hook '/home/ros2/ros2_rc/src/install/smartcar_msgs/share/smartcar_msgs/hook/ld_library_path_lib.ps1'
[1.704s] INFO:colcon.colcon_core.shell:Creating environment descriptor '/home/ros2/ros2_rc/src/install/smartcar_msgs/share/smartcar_msgs/hook/ld_library_path_lib.dsv'
[1.705s] INFO:colcon.colcon_core.shell:Creating environment hook '/home/ros2/ros2_rc/src/install/smartcar_msgs/share/smartcar_msgs/hook/ld_library_path_lib.sh'
[1.706s] Level 1:colcon.colcon_core.environment:checking '/home/ros2/ros2_rc/src/install/smartcar_msgs/bin'
[1.706s] Level 1:colcon.colcon_core.environment:checking '/home/ros2/ros2_rc/src/install/smartcar_msgs/lib/pkgconfig/smartcar_msgs.pc'
[1.706s] Level 1:colcon.colcon_core.environment:checking '/home/ros2/ros2_rc/src/install/smartcar_msgs/lib/python3.10/site-packages'
[1.707s] Level 1:colcon.colcon_core.environment:checking '/home/ros2/ros2_rc/src/install/smartcar_msgs/bin'
[1.708s] INFO:colcon.colcon_core.shell:Creating package script '/home/ros2/ros2_rc/src/install/smartcar_msgs/share/smartcar_msgs/package.ps1'
[1.709s] INFO:colcon.colcon_core.shell:Creating package descriptor '/home/ros2/ros2_rc/src/install/smartcar_msgs/share/smartcar_msgs/package.dsv'
[1.710s] INFO:colcon.colcon_core.shell:Creating package script '/home/ros2/ros2_rc/src/install/smartcar_msgs/share/smartcar_msgs/package.sh'
[1.711s] INFO:colcon.colcon_core.shell:Creating package script '/home/ros2/ros2_rc/src/install/smartcar_msgs/share/smartcar_msgs/package.bash'
[1.712s] INFO:colcon.colcon_core.shell:Creating package script '/home/ros2/ros2_rc/src/install/smartcar_msgs/share/smartcar_msgs/package.zsh'
[1.712s] Level 1:colcon.colcon_core.environment:create_file_with_runtime_dependencies(/home/ros2/ros2_rc/src/install/smartcar_msgs/share/colcon-core/packages/smartcar_msgs)
[1.717s] DEBUG:colcon.colcon_core.event_handler.log_command:Invoking command in '/home/ros2/ros2_rc/src/build/smart_car': CMAKE_PREFIX_PATH=${CMAKE_PREFIX_PATH}:/opt/ros/humble /usr/bin/cmake --install /home/ros2/ros2_rc/src/build/smart_car
[1.734s] Level 1:colcon.colcon_core.environment:create_environment_scripts_only(smart_car)
[1.735s] Level 1:colcon.colcon_core.environment:checking '/home/ros2/ros2_rc/src/install/smart_car' for CMake module files
[1.736s] DEBUG:colcon.colcon_core.event_handler.log_command:Invoked command in '/home/ros2/ros2_rc/src/build/smart_car' returned '0': CMAKE_PREFIX_PATH=${CMAKE_PREFIX_PATH}:/opt/ros/humble /usr/bin/cmake --install /home/ros2/ros2_rc/src/build/smart_car
[1.737s] Level 1:colcon.colcon_core.environment:checking '/home/ros2/ros2_rc/src/install/smart_car' for CMake config files
[1.737s] Level 1:colcon.colcon_core.shell:create_environment_hook('smart_car', 'cmake_prefix_path')
[1.737s] INFO:colcon.colcon_core.shell:Creating environment hook '/home/ros2/ros2_rc/src/install/smart_car/share/smart_car/hook/cmake_prefix_path.ps1'
[1.738s] INFO:colcon.colcon_core.shell:Creating environment descriptor '/home/ros2/ros2_rc/src/install/smart_car/share/smart_car/hook/cmake_prefix_path.dsv'
[1.739s] INFO:colcon.colcon_core.shell:Creating environment hook '/home/ros2/ros2_rc/src/install/smart_car/share/smart_car/hook/cmake_prefix_path.sh'
[1.740s] Level 1:colcon.colcon_core.environment:checking '/home/ros2/ros2_rc/src/install/smart_car/lib'
[1.740s] Level 1:colcon.colcon_core.environment:checking '/home/ros2/ros2_rc/src/install/smart_car/bin'
[1.740s] Level 1:colcon.colcon_core.environment:checking '/home/ros2/ros2_rc/src/install/smart_car/lib/pkgconfig/smart_car.pc'
[1.741s] Level 1:colcon.colcon_core.environment:checking '/home/ros2/ros2_rc/src/install/smart_car/lib/python3.10/site-packages'
[1.741s] Level 1:colcon.colcon_core.environment:checking '/home/ros2/ros2_rc/src/install/smart_car/bin'
[1.742s] INFO:colcon.colcon_core.shell:Creating package script '/home/ros2/ros2_rc/src/install/smart_car/share/smart_car/package.ps1'
[1.743s] INFO:colcon.colcon_core.shell:Creating package descriptor '/home/ros2/ros2_rc/src/install/smart_car/share/smart_car/package.dsv'
[1.744s] INFO:colcon.colcon_core.shell:Creating package script '/home/ros2/ros2_rc/src/install/smart_car/share/smart_car/package.sh'
[1.745s] INFO:colcon.colcon_core.shell:Creating package script '/home/ros2/ros2_rc/src/install/smart_car/share/smart_car/package.bash'
[1.746s] INFO:colcon.colcon_core.shell:Creating package script '/home/ros2/ros2_rc/src/install/smart_car/share/smart_car/package.zsh'
[1.746s] Level 1:colcon.colcon_core.environment:create_file_with_runtime_dependencies(/home/ros2/ros2_rc/src/install/smart_car/share/colcon-core/packages/smart_car)
[1.783s] Level 1:colcon.colcon_core.environment:create_environment_scripts_only(smart_car)
[1.783s] Level 1:colcon.colcon_core.environment:checking '/home/ros2/ros2_rc/src/install/smart_car' for CMake module files
[1.784s] Level 1:colcon.colcon_core.environment:checking '/home/ros2/ros2_rc/src/install/smart_car' for CMake config files
[1.785s] Level 1:colcon.colcon_core.shell:create_environment_hook('smart_car', 'cmake_prefix_path')
[1.786s] INFO:colcon.colcon_core.shell:Creating environment hook '/home/ros2/ros2_rc/src/install/smart_car/share/smart_car/hook/cmake_prefix_path.ps1'
[1.787s] INFO:colcon.colcon_core.shell:Creating environment descriptor '/home/ros2/ros2_rc/src/install/smart_car/share/smart_car/hook/cmake_prefix_path.dsv'
[1.788s] INFO:colcon.colcon_core.shell:Creating environment hook '/home/ros2/ros2_rc/src/install/smart_car/share/smart_car/hook/cmake_prefix_path.sh'
[1.790s] Level 1:colcon.colcon_core.environment:checking '/home/ros2/ros2_rc/src/install/smart_car/lib'
[1.790s] Level 1:colcon.colcon_core.environment:checking '/home/ros2/ros2_rc/src/install/smart_car/bin'
[1.790s] Level 1:colcon.colcon_core.environment:checking '/home/ros2/ros2_rc/src/install/smart_car/lib/pkgconfig/smart_car.pc'
[1.790s] Level 1:colcon.colcon_core.environment:checking '/home/ros2/ros2_rc/src/install/smart_car/lib/python3.10/site-packages'
[1.791s] Level 1:colcon.colcon_core.environment:checking '/home/ros2/ros2_rc/src/install/smart_car/bin'
[1.791s] INFO:colcon.colcon_core.shell:Creating package script '/home/ros2/ros2_rc/src/install/smart_car/share/smart_car/package.ps1'
[1.792s] INFO:colcon.colcon_core.shell:Creating package descriptor '/home/ros2/ros2_rc/src/install/smart_car/share/smart_car/package.dsv'
[1.793s] INFO:colcon.colcon_core.shell:Creating package script '/home/ros2/ros2_rc/src/install/smart_car/share/smart_car/package.sh'
[1.794s] INFO:colcon.colcon_core.shell:Creating package script '/home/ros2/ros2_rc/src/install/smart_car/share/smart_car/package.bash'
[1.795s] INFO:colcon.colcon_core.shell:Creating package script '/home/ros2/ros2_rc/src/install/smart_car/share/smart_car/package.zsh'
[1.796s] Level 1:colcon.colcon_core.environment:create_file_with_runtime_dependencies(/home/ros2/ros2_rc/src/install/smart_car/share/colcon-core/packages/smart_car)
[1.796s] DEBUG:colcon.colcon_parallel_executor.executor.parallel:closing loop
[1.797s] DEBUG:colcon.colcon_parallel_executor.executor.parallel:loop closed
[1.797s] DEBUG:colcon.colcon_parallel_executor.executor.parallel:run_until_complete finished with '0'
[1.798s] DEBUG:colcon.colcon_core.event_reactor:joining thread
[1.804s] INFO:colcon.colcon_core.plugin_system:Skipping extension 'colcon_notification.desktop_notification.terminal_notifier': Not used on non-Darwin systems
[1.804s] INFO:colcon.colcon_core.plugin_system:Skipping extension 'colcon_notification.desktop_notification.win32': Not used on non-Windows systems
[1.804s] INFO:colcon.colcon_notification.desktop_notification:Sending desktop notification using 'notify2'
[1.833s] DEBUG:colcon.colcon_core.event_reactor:joined thread
[1.833s] INFO:colcon.colcon_core.shell:Creating prefix script '/home/ros2/ros2_rc/src/install/local_setup.ps1'
[1.835s] INFO:colcon.colcon_core.shell:Creating prefix util module '/home/ros2/ros2_rc/src/install/_local_setup_util_ps1.py'
[1.838s] INFO:colcon.colcon_core.shell:Creating prefix chain script '/home/ros2/ros2_rc/src/install/setup.ps1'
[1.839s] INFO:colcon.colcon_core.shell:Creating prefix script '/home/ros2/ros2_rc/src/install/local_setup.sh'
[1.840s] INFO:colcon.colcon_core.shell:Creating prefix util module '/home/ros2/ros2_rc/src/install/_local_setup_util_sh.py'
[1.841s] INFO:colcon.colcon_core.shell:Creating prefix chain script '/home/ros2/ros2_rc/src/install/setup.sh'
[1.843s] INFO:colcon.colcon_core.shell:Creating prefix script '/home/ros2/ros2_rc/src/install/local_setup.bash'
[1.845s] INFO:colcon.colcon_core.shell:Creating prefix chain script '/home/ros2/ros2_rc/src/install/setup.bash'
[1.848s] INFO:colcon.colcon_core.shell:Creating prefix script '/home/ros2/ros2_rc/src/install/local_setup.zsh'
[1.850s] INFO:colcon.colcon_core.shell:Creating prefix chain script '/home/ros2/ros2_rc/src/install/setup.zsh'
