[0.114s] Invoking command in '/home/ros2/ros2_rc/build/nav_2d_msgs': CMAKE_PREFIX_PATH=${CMAKE_PREFIX_PATH}:/home/ros2/ros2_rc/install/nav2_simple_commander:/home/ros2/ros2_rc/src/install/nav2_simple_commander:/opt/ros/humble /usr/bin/cmake --build /home/ros2/ros2_rc/build/nav_2d_msgs -- -j10 -l10
[0.327s] [ 11%] Built target nav_2d_msgs__rosidl_generator_c
[0.348s] [ 12%] Built target nav_2d_msgs__cpp
[0.379s] [ 12%] Built target ament_cmake_python_copy_nav_2d_msgs
[0.468s] [ 23%] Built target nav_2d_msgs__rosidl_typesupport_fastrtps_c
[0.478s] [ 35%] Built target nav_2d_msgs__rosidl_typesupport_introspection_c
[0.490s] [ 46%] Built target nav_2d_msgs__rosidl_typesupport_c
[0.492s] [ 57%] Built target nav_2d_msgs__rosidl_typesupport_cpp
[0.535s] [ 69%] Built target nav_2d_msgs__rosidl_typesupport_fastrtps_cpp
[0.535s] [ 80%] Built target nav_2d_msgs__rosidl_typesupport_introspection_cpp
[0.619s] [ 80%] Built target nav_2d_msgs
[0.732s] [ 81%] Built target nav_2d_msgs__py
[0.855s] [ 91%] Built target nav_2d_msgs__rosidl_generator_py
[0.981s] [ 94%] Built target nav_2d_msgs__rosidl_typesupport_c__pyext
[0.993s] [ 97%] Built target nav_2d_msgs__rosidl_typesupport_introspection_c__pyext
[0.997s] [100%] Built target nav_2d_msgs__rosidl_typesupport_fastrtps_c__pyext
[1.095s] running egg_info
[1.097s] writing nav_2d_msgs.egg-info/PKG-INFO
[1.098s] writing dependency_links to nav_2d_msgs.egg-info/dependency_links.txt
[1.098s] writing top-level names to nav_2d_msgs.egg-info/top_level.txt
[1.104s] reading manifest file 'nav_2d_msgs.egg-info/SOURCES.txt'
[1.106s] writing manifest file 'nav_2d_msgs.egg-info/SOURCES.txt'
[1.241s] [100%] Built target ament_cmake_python_build_nav_2d_msgs_egg
[1.305s] Invoked command in '/home/ros2/ros2_rc/build/nav_2d_msgs' returned '0': CMAKE_PREFIX_PATH=${CMAKE_PREFIX_PATH}:/home/ros2/ros2_rc/install/nav2_simple_commander:/home/ros2/ros2_rc/src/install/nav2_simple_commander:/opt/ros/humble /usr/bin/cmake --build /home/ros2/ros2_rc/build/nav_2d_msgs -- -j10 -l10
[2.568s] Invoking command in '/home/ros2/ros2_rc/build/nav_2d_msgs': CMAKE_PREFIX_PATH=${CMAKE_PREFIX_PATH}:/home/ros2/ros2_rc/install/nav2_simple_commander:/home/ros2/ros2_rc/src/install/nav2_simple_commander:/opt/ros/humble /usr/bin/cmake --install /home/ros2/ros2_rc/build/nav_2d_msgs
[2.604s] -- Install configuration: ""
[2.607s] -- Up-to-date: /home/ros2/ros2_rc/install/nav_2d_msgs/share/ament_index/resource_index/rosidl_interfaces/nav_2d_msgs
[2.607s] -- Up-to-date: /home/ros2/ros2_rc/install/nav_2d_msgs/include/nav_2d_msgs/nav_2d_msgs
[2.607s] -- Up-to-date: /home/ros2/ros2_rc/install/nav_2d_msgs/include/nav_2d_msgs/nav_2d_msgs/msg
[2.607s] -- Up-to-date: /home/ros2/ros2_rc/install/nav_2d_msgs/include/nav_2d_msgs/nav_2d_msgs/msg/rosidl_generator_c__visibility_control.h
[2.607s] -- Up-to-date: /home/ros2/ros2_rc/install/nav_2d_msgs/include/nav_2d_msgs/nav_2d_msgs/msg/pose2_d_stamped.h
[2.607s] -- Up-to-date: /home/ros2/ros2_rc/install/nav_2d_msgs/include/nav_2d_msgs/nav_2d_msgs/msg/detail
[2.608s] -- Up-to-date: /home/ros2/ros2_rc/install/nav_2d_msgs/include/nav_2d_msgs/nav_2d_msgs/msg/detail/twist2_d32__struct.h
[2.608s] -- Up-to-date: /home/ros2/ros2_rc/install/nav_2d_msgs/include/nav_2d_msgs/nav_2d_msgs/msg/detail/path2_d__struct.h
[2.608s] -- Up-to-date: /home/ros2/ros2_rc/install/nav_2d_msgs/include/nav_2d_msgs/nav_2d_msgs/msg/detail/twist2_d_stamped__functions.h
[2.608s] -- Up-to-date: /home/ros2/ros2_rc/install/nav_2d_msgs/include/nav_2d_msgs/nav_2d_msgs/msg/detail/path2_d__functions.c
[2.608s] -- Up-to-date: /home/ros2/ros2_rc/install/nav_2d_msgs/include/nav_2d_msgs/nav_2d_msgs/msg/detail/pose2_d_stamped__functions.c
[2.608s] -- Up-to-date: /home/ros2/ros2_rc/install/nav_2d_msgs/include/nav_2d_msgs/nav_2d_msgs/msg/detail/pose2_d_stamped__struct.h
[2.608s] -- Up-to-date: /home/ros2/ros2_rc/install/nav_2d_msgs/include/nav_2d_msgs/nav_2d_msgs/msg/detail/twist2_d__functions.c
[2.608s] -- Up-to-date: /home/ros2/ros2_rc/install/nav_2d_msgs/include/nav_2d_msgs/nav_2d_msgs/msg/detail/pose2_d_stamped__type_support.h
[2.608s] -- Up-to-date: /home/ros2/ros2_rc/install/nav_2d_msgs/include/nav_2d_msgs/nav_2d_msgs/msg/detail/twist2_d32__functions.c
[2.608s] -- Up-to-date: /home/ros2/ros2_rc/install/nav_2d_msgs/include/nav_2d_msgs/nav_2d_msgs/msg/detail/twist2_d32__type_support.h
[2.609s] -- Up-to-date: /home/ros2/ros2_rc/install/nav_2d_msgs/include/nav_2d_msgs/nav_2d_msgs/msg/detail/twist2_d_stamped__struct.h
[2.609s] -- Up-to-date: /home/ros2/ros2_rc/install/nav_2d_msgs/include/nav_2d_msgs/nav_2d_msgs/msg/detail/twist2_d_stamped__type_support.h
[2.609s] -- Up-to-date: /home/ros2/ros2_rc/install/nav_2d_msgs/include/nav_2d_msgs/nav_2d_msgs/msg/detail/pose2_d32__functions.c
[2.609s] -- Up-to-date: /home/ros2/ros2_rc/install/nav_2d_msgs/include/nav_2d_msgs/nav_2d_msgs/msg/detail/path2_d__functions.h
[2.609s] -- Up-to-date: /home/ros2/ros2_rc/install/nav_2d_msgs/include/nav_2d_msgs/nav_2d_msgs/msg/detail/twist2_d_stamped__functions.c
[2.609s] -- Up-to-date: /home/ros2/ros2_rc/install/nav_2d_msgs/include/nav_2d_msgs/nav_2d_msgs/msg/detail/path2_d__type_support.h
[2.609s] -- Up-to-date: /home/ros2/ros2_rc/install/nav_2d_msgs/include/nav_2d_msgs/nav_2d_msgs/msg/detail/twist2_d__type_support.h
[2.609s] -- Up-to-date: /home/ros2/ros2_rc/install/nav_2d_msgs/include/nav_2d_msgs/nav_2d_msgs/msg/detail/pose2_d32__struct.h
[2.609s] -- Up-to-date: /home/ros2/ros2_rc/install/nav_2d_msgs/include/nav_2d_msgs/nav_2d_msgs/msg/detail/twist2_d32__functions.h
[2.609s] -- Up-to-date: /home/ros2/ros2_rc/install/nav_2d_msgs/include/nav_2d_msgs/nav_2d_msgs/msg/detail/twist2_d__functions.h
[2.609s] -- Up-to-date: /home/ros2/ros2_rc/install/nav_2d_msgs/include/nav_2d_msgs/nav_2d_msgs/msg/detail/pose2_d32__functions.h
[2.610s] -- Up-to-date: /home/ros2/ros2_rc/install/nav_2d_msgs/include/nav_2d_msgs/nav_2d_msgs/msg/detail/twist2_d__struct.h
[2.610s] -- Up-to-date: /home/ros2/ros2_rc/install/nav_2d_msgs/include/nav_2d_msgs/nav_2d_msgs/msg/detail/pose2_d_stamped__functions.h
[2.610s] -- Up-to-date: /home/ros2/ros2_rc/install/nav_2d_msgs/include/nav_2d_msgs/nav_2d_msgs/msg/detail/pose2_d32__type_support.h
[2.610s] -- Up-to-date: /home/ros2/ros2_rc/install/nav_2d_msgs/include/nav_2d_msgs/nav_2d_msgs/msg/path2_d.h
[2.610s] -- Up-to-date: /home/ros2/ros2_rc/install/nav_2d_msgs/include/nav_2d_msgs/nav_2d_msgs/msg/twist2_d_stamped.h
[2.610s] -- Up-to-date: /home/ros2/ros2_rc/install/nav_2d_msgs/include/nav_2d_msgs/nav_2d_msgs/msg/twist2_d32.h
[2.610s] -- Up-to-date: /home/ros2/ros2_rc/install/nav_2d_msgs/include/nav_2d_msgs/nav_2d_msgs/msg/twist2_d.h
[2.610s] -- Up-to-date: /home/ros2/ros2_rc/install/nav_2d_msgs/include/nav_2d_msgs/nav_2d_msgs/msg/pose2_d32.h
[2.610s] -- Up-to-date: /home/ros2/ros2_rc/install/nav_2d_msgs/share/nav_2d_msgs/environment/library_path.sh
[2.610s] -- Up-to-date: /home/ros2/ros2_rc/install/nav_2d_msgs/share/nav_2d_msgs/environment/library_path.dsv
[2.610s] -- Up-to-date: /home/ros2/ros2_rc/install/nav_2d_msgs/lib/libnav_2d_msgs__rosidl_generator_c.so
[2.611s] -- Up-to-date: /home/ros2/ros2_rc/install/nav_2d_msgs/include/nav_2d_msgs/nav_2d_msgs
[2.611s] -- Up-to-date: /home/ros2/ros2_rc/install/nav_2d_msgs/include/nav_2d_msgs/nav_2d_msgs/msg
[2.611s] -- Up-to-date: /home/ros2/ros2_rc/install/nav_2d_msgs/include/nav_2d_msgs/nav_2d_msgs/msg/rosidl_typesupport_fastrtps_c__visibility_control.h
[2.612s] -- Up-to-date: /home/ros2/ros2_rc/install/nav_2d_msgs/include/nav_2d_msgs/nav_2d_msgs/msg/detail
[2.612s] -- Up-to-date: /home/ros2/ros2_rc/install/nav_2d_msgs/include/nav_2d_msgs/nav_2d_msgs/msg/detail/pose2_d32__rosidl_typesupport_fastrtps_c.h
[2.613s] -- Up-to-date: /home/ros2/ros2_rc/install/nav_2d_msgs/include/nav_2d_msgs/nav_2d_msgs/msg/detail/twist2_d32__rosidl_typesupport_fastrtps_c.h
[2.613s] -- Up-to-date: /home/ros2/ros2_rc/install/nav_2d_msgs/include/nav_2d_msgs/nav_2d_msgs/msg/detail/twist2_d__rosidl_typesupport_fastrtps_c.h
[2.613s] -- Up-to-date: /home/ros2/ros2_rc/install/nav_2d_msgs/include/nav_2d_msgs/nav_2d_msgs/msg/detail/path2_d__rosidl_typesupport_fastrtps_c.h
[2.613s] -- Up-to-date: /home/ros2/ros2_rc/install/nav_2d_msgs/include/nav_2d_msgs/nav_2d_msgs/msg/detail/pose2_d_stamped__rosidl_typesupport_fastrtps_c.h
[2.613s] -- Up-to-date: /home/ros2/ros2_rc/install/nav_2d_msgs/include/nav_2d_msgs/nav_2d_msgs/msg/detail/twist2_d_stamped__rosidl_typesupport_fastrtps_c.h
[2.613s] -- Up-to-date: /home/ros2/ros2_rc/install/nav_2d_msgs/lib/libnav_2d_msgs__rosidl_typesupport_fastrtps_c.so
[2.614s] -- Up-to-date: /home/ros2/ros2_rc/install/nav_2d_msgs/include/nav_2d_msgs/nav_2d_msgs
[2.614s] -- Up-to-date: /home/ros2/ros2_rc/install/nav_2d_msgs/include/nav_2d_msgs/nav_2d_msgs/msg
[2.614s] -- Up-to-date: /home/ros2/ros2_rc/install/nav_2d_msgs/include/nav_2d_msgs/nav_2d_msgs/msg/path2_d.hpp
[2.614s] -- Up-to-date: /home/ros2/ros2_rc/install/nav_2d_msgs/include/nav_2d_msgs/nav_2d_msgs/msg/twist2_d_stamped.hpp
[2.615s] -- Up-to-date: /home/ros2/ros2_rc/install/nav_2d_msgs/include/nav_2d_msgs/nav_2d_msgs/msg/pose2_d32.hpp
[2.615s] -- Up-to-date: /home/ros2/ros2_rc/install/nav_2d_msgs/include/nav_2d_msgs/nav_2d_msgs/msg/twist2_d.hpp
[2.615s] -- Up-to-date: /home/ros2/ros2_rc/install/nav_2d_msgs/include/nav_2d_msgs/nav_2d_msgs/msg/twist2_d32.hpp
[2.615s] -- Up-to-date: /home/ros2/ros2_rc/install/nav_2d_msgs/include/nav_2d_msgs/nav_2d_msgs/msg/detail
[2.616s] -- Up-to-date: /home/ros2/ros2_rc/install/nav_2d_msgs/include/nav_2d_msgs/nav_2d_msgs/msg/detail/pose2_d32__traits.hpp
[2.617s] -- Up-to-date: /home/ros2/ros2_rc/install/nav_2d_msgs/include/nav_2d_msgs/nav_2d_msgs/msg/detail/twist2_d32__struct.hpp
[2.617s] -- Up-to-date: /home/ros2/ros2_rc/install/nav_2d_msgs/include/nav_2d_msgs/nav_2d_msgs/msg/detail/path2_d__struct.hpp
[2.617s] -- Up-to-date: /home/ros2/ros2_rc/install/nav_2d_msgs/include/nav_2d_msgs/nav_2d_msgs/msg/detail/twist2_d_stamped__builder.hpp
[2.618s] -- Up-to-date: /home/ros2/ros2_rc/install/nav_2d_msgs/include/nav_2d_msgs/nav_2d_msgs/msg/detail/twist2_d__struct.hpp
[2.618s] -- Up-to-date: /home/ros2/ros2_rc/install/nav_2d_msgs/include/nav_2d_msgs/nav_2d_msgs/msg/detail/pose2_d32__builder.hpp
[2.618s] -- Up-to-date: /home/ros2/ros2_rc/install/nav_2d_msgs/include/nav_2d_msgs/nav_2d_msgs/msg/detail/twist2_d32__builder.hpp
[2.618s] -- Up-to-date: /home/ros2/ros2_rc/install/nav_2d_msgs/include/nav_2d_msgs/nav_2d_msgs/msg/detail/twist2_d32__traits.hpp
[2.618s] -- Up-to-date: /home/ros2/ros2_rc/install/nav_2d_msgs/include/nav_2d_msgs/nav_2d_msgs/msg/detail/twist2_d_stamped__traits.hpp
[2.619s] -- Up-to-date: /home/ros2/ros2_rc/install/nav_2d_msgs/include/nav_2d_msgs/nav_2d_msgs/msg/detail/path2_d__builder.hpp
[2.619s] -- Up-to-date: /home/ros2/ros2_rc/install/nav_2d_msgs/include/nav_2d_msgs/nav_2d_msgs/msg/detail/pose2_d_stamped__traits.hpp
[2.619s] -- Up-to-date: /home/ros2/ros2_rc/install/nav_2d_msgs/include/nav_2d_msgs/nav_2d_msgs/msg/detail/pose2_d_stamped__builder.hpp
[2.619s] -- Up-to-date: /home/ros2/ros2_rc/install/nav_2d_msgs/include/nav_2d_msgs/nav_2d_msgs/msg/detail/pose2_d32__struct.hpp
[2.619s] -- Up-to-date: /home/ros2/ros2_rc/install/nav_2d_msgs/include/nav_2d_msgs/nav_2d_msgs/msg/detail/twist2_d_stamped__struct.hpp
[2.619s] -- Up-to-date: /home/ros2/ros2_rc/install/nav_2d_msgs/include/nav_2d_msgs/nav_2d_msgs/msg/detail/twist2_d__traits.hpp
[2.619s] -- Up-to-date: /home/ros2/ros2_rc/install/nav_2d_msgs/include/nav_2d_msgs/nav_2d_msgs/msg/detail/path2_d__traits.hpp
[2.619s] -- Up-to-date: /home/ros2/ros2_rc/install/nav_2d_msgs/include/nav_2d_msgs/nav_2d_msgs/msg/detail/pose2_d_stamped__struct.hpp
[2.620s] -- Up-to-date: /home/ros2/ros2_rc/install/nav_2d_msgs/include/nav_2d_msgs/nav_2d_msgs/msg/detail/twist2_d__builder.hpp
[2.620s] -- Up-to-date: /home/ros2/ros2_rc/install/nav_2d_msgs/include/nav_2d_msgs/nav_2d_msgs/msg/pose2_d_stamped.hpp
[2.620s] -- Up-to-date: /home/ros2/ros2_rc/install/nav_2d_msgs/include/nav_2d_msgs/nav_2d_msgs
[2.621s] -- Up-to-date: /home/ros2/ros2_rc/install/nav_2d_msgs/include/nav_2d_msgs/nav_2d_msgs/msg
[2.621s] -- Up-to-date: /home/ros2/ros2_rc/install/nav_2d_msgs/include/nav_2d_msgs/nav_2d_msgs/msg/rosidl_typesupport_fastrtps_cpp__visibility_control.h
[2.622s] -- Up-to-date: /home/ros2/ros2_rc/install/nav_2d_msgs/include/nav_2d_msgs/nav_2d_msgs/msg/detail
[2.622s] -- Up-to-date: /home/ros2/ros2_rc/install/nav_2d_msgs/include/nav_2d_msgs/nav_2d_msgs/msg/detail/twist2_d32__rosidl_typesupport_fastrtps_cpp.hpp
[2.622s] -- Up-to-date: /home/ros2/ros2_rc/install/nav_2d_msgs/include/nav_2d_msgs/nav_2d_msgs/msg/detail/pose2_d32__rosidl_typesupport_fastrtps_cpp.hpp
[2.622s] -- Up-to-date: /home/ros2/ros2_rc/install/nav_2d_msgs/include/nav_2d_msgs/nav_2d_msgs/msg/detail/pose2_d_stamped__rosidl_typesupport_fastrtps_cpp.hpp
[2.622s] -- Up-to-date: /home/ros2/ros2_rc/install/nav_2d_msgs/include/nav_2d_msgs/nav_2d_msgs/msg/detail/twist2_d_stamped__rosidl_typesupport_fastrtps_cpp.hpp
[2.622s] -- Up-to-date: /home/ros2/ros2_rc/install/nav_2d_msgs/include/nav_2d_msgs/nav_2d_msgs/msg/detail/path2_d__rosidl_typesupport_fastrtps_cpp.hpp
[2.623s] -- Up-to-date: /home/ros2/ros2_rc/install/nav_2d_msgs/include/nav_2d_msgs/nav_2d_msgs/msg/detail/dds_fastrtps
[2.623s] -- Up-to-date: /home/ros2/ros2_rc/install/nav_2d_msgs/include/nav_2d_msgs/nav_2d_msgs/msg/detail/twist2_d__rosidl_typesupport_fastrtps_cpp.hpp
[2.623s] -- Up-to-date: /home/ros2/ros2_rc/install/nav_2d_msgs/lib/libnav_2d_msgs__rosidl_typesupport_fastrtps_cpp.so
[2.623s] -- Up-to-date: /home/ros2/ros2_rc/install/nav_2d_msgs/include/nav_2d_msgs/nav_2d_msgs
[2.623s] -- Up-to-date: /home/ros2/ros2_rc/install/nav_2d_msgs/include/nav_2d_msgs/nav_2d_msgs/msg
[2.623s] -- Up-to-date: /home/ros2/ros2_rc/install/nav_2d_msgs/include/nav_2d_msgs/nav_2d_msgs/msg/detail
[2.623s] -- Up-to-date: /home/ros2/ros2_rc/install/nav_2d_msgs/include/nav_2d_msgs/nav_2d_msgs/msg/detail/pose2_d32__type_support.c
[2.623s] -- Up-to-date: /home/ros2/ros2_rc/install/nav_2d_msgs/include/nav_2d_msgs/nav_2d_msgs/msg/detail/twist2_d_stamped__type_support.c
[2.623s] -- Up-to-date: /home/ros2/ros2_rc/install/nav_2d_msgs/include/nav_2d_msgs/nav_2d_msgs/msg/detail/twist2_d__rosidl_typesupport_introspection_c.h
[2.623s] -- Up-to-date: /home/ros2/ros2_rc/install/nav_2d_msgs/include/nav_2d_msgs/nav_2d_msgs/msg/detail/pose2_d_stamped__rosidl_typesupport_introspection_c.h
[2.623s] -- Up-to-date: /home/ros2/ros2_rc/install/nav_2d_msgs/include/nav_2d_msgs/nav_2d_msgs/msg/detail/twist2_d32__rosidl_typesupport_introspection_c.h
[2.623s] -- Up-to-date: /home/ros2/ros2_rc/install/nav_2d_msgs/include/nav_2d_msgs/nav_2d_msgs/msg/detail/twist2_d__type_support.c
[2.624s] -- Up-to-date: /home/ros2/ros2_rc/install/nav_2d_msgs/include/nav_2d_msgs/nav_2d_msgs/msg/detail/path2_d__type_support.c
[2.624s] -- Up-to-date: /home/ros2/ros2_rc/install/nav_2d_msgs/include/nav_2d_msgs/nav_2d_msgs/msg/detail/path2_d__rosidl_typesupport_introspection_c.h
[2.624s] -- Up-to-date: /home/ros2/ros2_rc/install/nav_2d_msgs/include/nav_2d_msgs/nav_2d_msgs/msg/detail/pose2_d_stamped__type_support.c
[2.624s] -- Up-to-date: /home/ros2/ros2_rc/install/nav_2d_msgs/include/nav_2d_msgs/nav_2d_msgs/msg/detail/pose2_d32__rosidl_typesupport_introspection_c.h
[2.624s] -- Up-to-date: /home/ros2/ros2_rc/install/nav_2d_msgs/include/nav_2d_msgs/nav_2d_msgs/msg/detail/twist2_d32__type_support.c
[2.624s] -- Up-to-date: /home/ros2/ros2_rc/install/nav_2d_msgs/include/nav_2d_msgs/nav_2d_msgs/msg/detail/twist2_d_stamped__rosidl_typesupport_introspection_c.h
[2.624s] -- Up-to-date: /home/ros2/ros2_rc/install/nav_2d_msgs/include/nav_2d_msgs/nav_2d_msgs/msg/rosidl_typesupport_introspection_c__visibility_control.h
[2.624s] -- Up-to-date: /home/ros2/ros2_rc/install/nav_2d_msgs/lib/libnav_2d_msgs__rosidl_typesupport_introspection_c.so
[2.624s] -- Up-to-date: /home/ros2/ros2_rc/install/nav_2d_msgs/lib/libnav_2d_msgs__rosidl_typesupport_c.so
[2.624s] -- Up-to-date: /home/ros2/ros2_rc/install/nav_2d_msgs/include/nav_2d_msgs/nav_2d_msgs
[2.624s] -- Up-to-date: /home/ros2/ros2_rc/install/nav_2d_msgs/include/nav_2d_msgs/nav_2d_msgs/msg
[2.624s] -- Up-to-date: /home/ros2/ros2_rc/install/nav_2d_msgs/include/nav_2d_msgs/nav_2d_msgs/msg/detail
[2.624s] -- Up-to-date: /home/ros2/ros2_rc/install/nav_2d_msgs/include/nav_2d_msgs/nav_2d_msgs/msg/detail/path2_d__rosidl_typesupport_introspection_cpp.hpp
[2.625s] -- Up-to-date: /home/ros2/ros2_rc/install/nav_2d_msgs/include/nav_2d_msgs/nav_2d_msgs/msg/detail/pose2_d_stamped__type_support.cpp
[2.625s] -- Up-to-date: /home/ros2/ros2_rc/install/nav_2d_msgs/include/nav_2d_msgs/nav_2d_msgs/msg/detail/pose2_d32__rosidl_typesupport_introspection_cpp.hpp
[2.625s] -- Up-to-date: /home/ros2/ros2_rc/install/nav_2d_msgs/include/nav_2d_msgs/nav_2d_msgs/msg/detail/twist2_d32__rosidl_typesupport_introspection_cpp.hpp
[2.625s] -- Up-to-date: /home/ros2/ros2_rc/install/nav_2d_msgs/include/nav_2d_msgs/nav_2d_msgs/msg/detail/path2_d__type_support.cpp
[2.625s] -- Up-to-date: /home/ros2/ros2_rc/install/nav_2d_msgs/include/nav_2d_msgs/nav_2d_msgs/msg/detail/twist2_d__rosidl_typesupport_introspection_cpp.hpp
[2.625s] -- Up-to-date: /home/ros2/ros2_rc/install/nav_2d_msgs/include/nav_2d_msgs/nav_2d_msgs/msg/detail/pose2_d32__type_support.cpp
[2.625s] -- Up-to-date: /home/ros2/ros2_rc/install/nav_2d_msgs/include/nav_2d_msgs/nav_2d_msgs/msg/detail/twist2_d32__type_support.cpp
[2.625s] -- Up-to-date: /home/ros2/ros2_rc/install/nav_2d_msgs/include/nav_2d_msgs/nav_2d_msgs/msg/detail/twist2_d_stamped__type_support.cpp
[2.625s] -- Up-to-date: /home/ros2/ros2_rc/install/nav_2d_msgs/include/nav_2d_msgs/nav_2d_msgs/msg/detail/twist2_d__type_support.cpp
[2.625s] -- Up-to-date: /home/ros2/ros2_rc/install/nav_2d_msgs/include/nav_2d_msgs/nav_2d_msgs/msg/detail/twist2_d_stamped__rosidl_typesupport_introspection_cpp.hpp
[2.625s] -- Up-to-date: /home/ros2/ros2_rc/install/nav_2d_msgs/include/nav_2d_msgs/nav_2d_msgs/msg/detail/pose2_d_stamped__rosidl_typesupport_introspection_cpp.hpp
[2.625s] -- Up-to-date: /home/ros2/ros2_rc/install/nav_2d_msgs/lib/libnav_2d_msgs__rosidl_typesupport_introspection_cpp.so
[2.625s] -- Up-to-date: /home/ros2/ros2_rc/install/nav_2d_msgs/lib/libnav_2d_msgs__rosidl_typesupport_cpp.so
[2.626s] -- Up-to-date: /home/ros2/ros2_rc/install/nav_2d_msgs/share/nav_2d_msgs/environment/pythonpath.sh
[2.626s] -- Up-to-date: /home/ros2/ros2_rc/install/nav_2d_msgs/share/nav_2d_msgs/environment/pythonpath.dsv
[2.626s] -- Up-to-date: /home/ros2/ros2_rc/install/nav_2d_msgs/local/lib/python3.10/dist-packages/nav_2d_msgs-1.1.16-py3.10.egg-info
[2.626s] -- Installing: /home/ros2/ros2_rc/install/nav_2d_msgs/local/lib/python3.10/dist-packages/nav_2d_msgs-1.1.16-py3.10.egg-info/SOURCES.txt
[2.626s] -- Installing: /home/ros2/ros2_rc/install/nav_2d_msgs/local/lib/python3.10/dist-packages/nav_2d_msgs-1.1.16-py3.10.egg-info/PKG-INFO
[2.626s] -- Installing: /home/ros2/ros2_rc/install/nav_2d_msgs/local/lib/python3.10/dist-packages/nav_2d_msgs-1.1.16-py3.10.egg-info/top_level.txt
[2.626s] -- Installing: /home/ros2/ros2_rc/install/nav_2d_msgs/local/lib/python3.10/dist-packages/nav_2d_msgs-1.1.16-py3.10.egg-info/dependency_links.txt
[2.626s] -- Up-to-date: /home/ros2/ros2_rc/install/nav_2d_msgs/local/lib/python3.10/dist-packages/nav_2d_msgs
[2.626s] -- Up-to-date: /home/ros2/ros2_rc/install/nav_2d_msgs/local/lib/python3.10/dist-packages/nav_2d_msgs/__init__.py
[2.626s] -- Up-to-date: /home/ros2/ros2_rc/install/nav_2d_msgs/local/lib/python3.10/dist-packages/nav_2d_msgs/nav_2d_msgs_s__rosidl_typesupport_introspection_c.cpython-310-x86_64-linux-gnu.so
[2.626s] -- Up-to-date: /home/ros2/ros2_rc/install/nav_2d_msgs/local/lib/python3.10/dist-packages/nav_2d_msgs/_nav_2d_msgs_s.ep.rosidl_typesupport_fastrtps_c.c
[2.626s] -- Up-to-date: /home/ros2/ros2_rc/install/nav_2d_msgs/local/lib/python3.10/dist-packages/nav_2d_msgs/_nav_2d_msgs_s.ep.rosidl_typesupport_introspection_c.c
[2.626s] -- Up-to-date: /home/ros2/ros2_rc/install/nav_2d_msgs/local/lib/python3.10/dist-packages/nav_2d_msgs/nav_2d_msgs_s__rosidl_typesupport_fastrtps_c.cpython-310-x86_64-linux-gnu.so
[2.627s] -- Up-to-date: /home/ros2/ros2_rc/install/nav_2d_msgs/local/lib/python3.10/dist-packages/nav_2d_msgs/libnav_2d_msgs__rosidl_generator_py.so
[2.627s] -- Up-to-date: /home/ros2/ros2_rc/install/nav_2d_msgs/local/lib/python3.10/dist-packages/nav_2d_msgs/msg
[2.627s] -- Up-to-date: /home/ros2/ros2_rc/install/nav_2d_msgs/local/lib/python3.10/dist-packages/nav_2d_msgs/msg/__init__.py
[2.627s] -- Up-to-date: /home/ros2/ros2_rc/install/nav_2d_msgs/local/lib/python3.10/dist-packages/nav_2d_msgs/msg/_twist2_d.py
[2.627s] -- Up-to-date: /home/ros2/ros2_rc/install/nav_2d_msgs/local/lib/python3.10/dist-packages/nav_2d_msgs/msg/_pose2_d32_s.c
[2.627s] -- Up-to-date: /home/ros2/ros2_rc/install/nav_2d_msgs/local/lib/python3.10/dist-packages/nav_2d_msgs/msg/_pose2_d_stamped_s.c
[2.627s] -- Up-to-date: /home/ros2/ros2_rc/install/nav_2d_msgs/local/lib/python3.10/dist-packages/nav_2d_msgs/msg/_pose2_d32.py
[2.627s] -- Up-to-date: /home/ros2/ros2_rc/install/nav_2d_msgs/local/lib/python3.10/dist-packages/nav_2d_msgs/msg/_twist2_d32.py
[2.627s] -- Up-to-date: /home/ros2/ros2_rc/install/nav_2d_msgs/local/lib/python3.10/dist-packages/nav_2d_msgs/msg/_twist2_d_stamped.py
[2.627s] -- Up-to-date: /home/ros2/ros2_rc/install/nav_2d_msgs/local/lib/python3.10/dist-packages/nav_2d_msgs/msg/_twist2_d32_s.c
[2.627s] -- Up-to-date: /home/ros2/ros2_rc/install/nav_2d_msgs/local/lib/python3.10/dist-packages/nav_2d_msgs/msg/_path2_d.py
[2.627s] -- Up-to-date: /home/ros2/ros2_rc/install/nav_2d_msgs/local/lib/python3.10/dist-packages/nav_2d_msgs/msg/_twist2_d_stamped_s.c
[2.628s] -- Up-to-date: /home/ros2/ros2_rc/install/nav_2d_msgs/local/lib/python3.10/dist-packages/nav_2d_msgs/msg/_pose2_d_stamped.py
[2.628s] -- Up-to-date: /home/ros2/ros2_rc/install/nav_2d_msgs/local/lib/python3.10/dist-packages/nav_2d_msgs/msg/_path2_d_s.c
[2.628s] -- Up-to-date: /home/ros2/ros2_rc/install/nav_2d_msgs/local/lib/python3.10/dist-packages/nav_2d_msgs/msg/_twist2_d_s.c
[2.628s] -- Up-to-date: /home/ros2/ros2_rc/install/nav_2d_msgs/local/lib/python3.10/dist-packages/nav_2d_msgs/nav_2d_msgs_s__rosidl_typesupport_c.cpython-310-x86_64-linux-gnu.so
[2.628s] -- Up-to-date: /home/ros2/ros2_rc/install/nav_2d_msgs/local/lib/python3.10/dist-packages/nav_2d_msgs/_nav_2d_msgs_s.ep.rosidl_typesupport_c.c
[2.714s] Listing '/home/ros2/ros2_rc/install/nav_2d_msgs/local/lib/python3.10/dist-packages/nav_2d_msgs'...
[2.714s] Listing '/home/ros2/ros2_rc/install/nav_2d_msgs/local/lib/python3.10/dist-packages/nav_2d_msgs/msg'...
[2.729s] -- Up-to-date: /home/ros2/ros2_rc/install/nav_2d_msgs/local/lib/python3.10/dist-packages/nav_2d_msgs/nav_2d_msgs_s__rosidl_typesupport_fastrtps_c.cpython-310-x86_64-linux-gnu.so
[2.732s] -- Up-to-date: /home/ros2/ros2_rc/install/nav_2d_msgs/local/lib/python3.10/dist-packages/nav_2d_msgs/nav_2d_msgs_s__rosidl_typesupport_introspection_c.cpython-310-x86_64-linux-gnu.so
[2.733s] -- Up-to-date: /home/ros2/ros2_rc/install/nav_2d_msgs/local/lib/python3.10/dist-packages/nav_2d_msgs/nav_2d_msgs_s__rosidl_typesupport_c.cpython-310-x86_64-linux-gnu.so
[2.733s] -- Up-to-date: /home/ros2/ros2_rc/install/nav_2d_msgs/lib/libnav_2d_msgs__rosidl_generator_py.so
[2.733s] -- Up-to-date: /home/ros2/ros2_rc/install/nav_2d_msgs/share/nav_2d_msgs/msg/Path2D.idl
[2.733s] -- Up-to-date: /home/ros2/ros2_rc/install/nav_2d_msgs/share/nav_2d_msgs/msg/Pose2D32.idl
[2.733s] -- Up-to-date: /home/ros2/ros2_rc/install/nav_2d_msgs/share/nav_2d_msgs/msg/Pose2DStamped.idl
[2.734s] -- Up-to-date: /home/ros2/ros2_rc/install/nav_2d_msgs/share/nav_2d_msgs/msg/Twist2D.idl
[2.734s] -- Up-to-date: /home/ros2/ros2_rc/install/nav_2d_msgs/share/nav_2d_msgs/msg/Twist2D32.idl
[2.734s] -- Up-to-date: /home/ros2/ros2_rc/install/nav_2d_msgs/share/nav_2d_msgs/msg/Twist2DStamped.idl
[2.739s] -- Up-to-date: /home/ros2/ros2_rc/install/nav_2d_msgs/share/nav_2d_msgs/msg/Path2D.msg
[2.740s] -- Up-to-date: /home/ros2/ros2_rc/install/nav_2d_msgs/share/nav_2d_msgs/msg/Pose2D32.msg
[2.740s] -- Up-to-date: /home/ros2/ros2_rc/install/nav_2d_msgs/share/nav_2d_msgs/msg/Pose2DStamped.msg
[2.740s] -- Up-to-date: /home/ros2/ros2_rc/install/nav_2d_msgs/share/nav_2d_msgs/msg/Twist2D.msg
[2.740s] -- Up-to-date: /home/ros2/ros2_rc/install/nav_2d_msgs/share/nav_2d_msgs/msg/Twist2D32.msg
[2.740s] -- Up-to-date: /home/ros2/ros2_rc/install/nav_2d_msgs/share/nav_2d_msgs/msg/Twist2DStamped.msg
[2.741s] -- Up-to-date: /home/ros2/ros2_rc/install/nav_2d_msgs/share/ament_index/resource_index/package_run_dependencies/nav_2d_msgs
[2.741s] -- Up-to-date: /home/ros2/ros2_rc/install/nav_2d_msgs/share/ament_index/resource_index/parent_prefix_path/nav_2d_msgs
[2.742s] -- Up-to-date: /home/ros2/ros2_rc/install/nav_2d_msgs/share/nav_2d_msgs/environment/ament_prefix_path.sh
[2.742s] -- Up-to-date: /home/ros2/ros2_rc/install/nav_2d_msgs/share/nav_2d_msgs/environment/ament_prefix_path.dsv
[2.743s] -- Up-to-date: /home/ros2/ros2_rc/install/nav_2d_msgs/share/nav_2d_msgs/environment/path.sh
[2.743s] -- Up-to-date: /home/ros2/ros2_rc/install/nav_2d_msgs/share/nav_2d_msgs/environment/path.dsv
[2.745s] -- Up-to-date: /home/ros2/ros2_rc/install/nav_2d_msgs/share/nav_2d_msgs/local_setup.bash
[2.746s] -- Up-to-date: /home/ros2/ros2_rc/install/nav_2d_msgs/share/nav_2d_msgs/local_setup.sh
[2.746s] -- Up-to-date: /home/ros2/ros2_rc/install/nav_2d_msgs/share/nav_2d_msgs/local_setup.zsh
[2.746s] -- Up-to-date: /home/ros2/ros2_rc/install/nav_2d_msgs/share/nav_2d_msgs/local_setup.dsv
[2.747s] -- Installing: /home/ros2/ros2_rc/install/nav_2d_msgs/share/nav_2d_msgs/package.dsv
[2.747s] -- Up-to-date: /home/ros2/ros2_rc/install/nav_2d_msgs/share/ament_index/resource_index/packages/nav_2d_msgs
[2.747s] -- Up-to-date: /home/ros2/ros2_rc/install/nav_2d_msgs/share/nav_2d_msgs/cmake/export_nav_2d_msgs__rosidl_generator_cExport.cmake
[2.747s] -- Up-to-date: /home/ros2/ros2_rc/install/nav_2d_msgs/share/nav_2d_msgs/cmake/export_nav_2d_msgs__rosidl_generator_cExport-noconfig.cmake
[2.748s] -- Up-to-date: /home/ros2/ros2_rc/install/nav_2d_msgs/share/nav_2d_msgs/cmake/export_nav_2d_msgs__rosidl_typesupport_fastrtps_cExport.cmake
[2.748s] -- Up-to-date: /home/ros2/ros2_rc/install/nav_2d_msgs/share/nav_2d_msgs/cmake/export_nav_2d_msgs__rosidl_typesupport_fastrtps_cExport-noconfig.cmake
[2.748s] -- Up-to-date: /home/ros2/ros2_rc/install/nav_2d_msgs/share/nav_2d_msgs/cmake/export_nav_2d_msgs__rosidl_generator_cppExport.cmake
[2.748s] -- Up-to-date: /home/ros2/ros2_rc/install/nav_2d_msgs/share/nav_2d_msgs/cmake/export_nav_2d_msgs__rosidl_typesupport_fastrtps_cppExport.cmake
[2.748s] -- Up-to-date: /home/ros2/ros2_rc/install/nav_2d_msgs/share/nav_2d_msgs/cmake/export_nav_2d_msgs__rosidl_typesupport_fastrtps_cppExport-noconfig.cmake
[2.748s] -- Up-to-date: /home/ros2/ros2_rc/install/nav_2d_msgs/share/nav_2d_msgs/cmake/nav_2d_msgs__rosidl_typesupport_introspection_cExport.cmake
[2.748s] -- Up-to-date: /home/ros2/ros2_rc/install/nav_2d_msgs/share/nav_2d_msgs/cmake/nav_2d_msgs__rosidl_typesupport_introspection_cExport-noconfig.cmake
[2.749s] -- Up-to-date: /home/ros2/ros2_rc/install/nav_2d_msgs/share/nav_2d_msgs/cmake/nav_2d_msgs__rosidl_typesupport_cExport.cmake
[2.749s] -- Up-to-date: /home/ros2/ros2_rc/install/nav_2d_msgs/share/nav_2d_msgs/cmake/nav_2d_msgs__rosidl_typesupport_cExport-noconfig.cmake
[2.749s] -- Up-to-date: /home/ros2/ros2_rc/install/nav_2d_msgs/share/nav_2d_msgs/cmake/nav_2d_msgs__rosidl_typesupport_introspection_cppExport.cmake
[2.750s] -- Up-to-date: /home/ros2/ros2_rc/install/nav_2d_msgs/share/nav_2d_msgs/cmake/nav_2d_msgs__rosidl_typesupport_introspection_cppExport-noconfig.cmake
[2.750s] -- Up-to-date: /home/ros2/ros2_rc/install/nav_2d_msgs/share/nav_2d_msgs/cmake/nav_2d_msgs__rosidl_typesupport_cppExport.cmake
[2.750s] -- Up-to-date: /home/ros2/ros2_rc/install/nav_2d_msgs/share/nav_2d_msgs/cmake/nav_2d_msgs__rosidl_typesupport_cppExport-noconfig.cmake
[2.750s] -- Up-to-date: /home/ros2/ros2_rc/install/nav_2d_msgs/share/nav_2d_msgs/cmake/export_nav_2d_msgs__rosidl_generator_pyExport.cmake
[2.750s] -- Up-to-date: /home/ros2/ros2_rc/install/nav_2d_msgs/share/nav_2d_msgs/cmake/export_nav_2d_msgs__rosidl_generator_pyExport-noconfig.cmake
[2.750s] -- Up-to-date: /home/ros2/ros2_rc/install/nav_2d_msgs/share/nav_2d_msgs/cmake/rosidl_cmake-extras.cmake
[2.751s] -- Up-to-date: /home/ros2/ros2_rc/install/nav_2d_msgs/share/nav_2d_msgs/cmake/ament_cmake_export_dependencies-extras.cmake
[2.751s] -- Up-to-date: /home/ros2/ros2_rc/install/nav_2d_msgs/share/nav_2d_msgs/cmake/ament_cmake_export_include_directories-extras.cmake
[2.751s] -- Up-to-date: /home/ros2/ros2_rc/install/nav_2d_msgs/share/nav_2d_msgs/cmake/ament_cmake_export_libraries-extras.cmake
[2.751s] -- Up-to-date: /home/ros2/ros2_rc/install/nav_2d_msgs/share/nav_2d_msgs/cmake/ament_cmake_export_targets-extras.cmake
[2.752s] -- Up-to-date: /home/ros2/ros2_rc/install/nav_2d_msgs/share/nav_2d_msgs/cmake/rosidl_cmake_export_typesupport_targets-extras.cmake
[2.752s] -- Up-to-date: /home/ros2/ros2_rc/install/nav_2d_msgs/share/nav_2d_msgs/cmake/rosidl_cmake_export_typesupport_libraries-extras.cmake
[2.752s] -- Up-to-date: /home/ros2/ros2_rc/install/nav_2d_msgs/share/nav_2d_msgs/cmake/nav_2d_msgsConfig.cmake
[2.752s] -- Up-to-date: /home/ros2/ros2_rc/install/nav_2d_msgs/share/nav_2d_msgs/cmake/nav_2d_msgsConfig-version.cmake
[2.752s] -- Up-to-date: /home/ros2/ros2_rc/install/nav_2d_msgs/share/nav_2d_msgs/package.xml
[2.753s] Invoked command in '/home/ros2/ros2_rc/build/nav_2d_msgs' returned '0': CMAKE_PREFIX_PATH=${CMAKE_PREFIX_PATH}:/home/ros2/ros2_rc/install/nav2_simple_commander:/home/ros2/ros2_rc/src/install/nav2_simple_commander:/opt/ros/humble /usr/bin/cmake --install /home/ros2/ros2_rc/build/nav_2d_msgs
