[0.137s] Invoking command in '/home/ros2/ros2_rc/src/build/ros2_rc': CMAKE_PREFIX_PATH=${CMAKE_PREFIX_PATH}:/home/ros2/ros2_rc/src/install/nav2_simple_commander:/home/ros2/ros2_rc/install/nav2_simple_commander:/opt/ros/humble /usr/bin/cmake --build /home/ros2/ros2_rc/src/build/ros2_rc -- -j10 -l10
[0.402s] Invoked command in '/home/ros2/ros2_rc/src/build/ros2_rc' returned '0': CMAKE_PREFIX_PATH=${CMAKE_PREFIX_PATH}:/home/ros2/ros2_rc/src/install/nav2_simple_commander:/home/ros2/ros2_rc/install/nav2_simple_commander:/opt/ros/humble /usr/bin/cmake --build /home/ros2/ros2_rc/src/build/ros2_rc -- -j10 -l10
[1.313s] Invoking command in '/home/ros2/ros2_rc/src/build/ros2_rc': CMAKE_PREFIX_PATH=${CMAKE_PREFIX_PATH}:/home/ros2/ros2_rc/src/install/nav2_simple_commander:/home/ros2/ros2_rc/install/nav2_simple_commander:/opt/ros/humble /usr/bin/cmake --install /home/ros2/ros2_rc/src/build/ros2_rc
[1.417s] -- Install configuration: ""
[1.418s] -- Up-to-date: /home/ros2/ros2_rc/src/install/ros2_rc/share/ament_index/resource_index/package_run_dependencies/ros2_rc
[1.418s] -- Up-to-date: /home/ros2/ros2_rc/src/install/ros2_rc/share/ament_index/resource_index/parent_prefix_path/ros2_rc
[1.418s] -- Up-to-date: /home/ros2/ros2_rc/src/install/ros2_rc/share/ros2_rc/environment/ament_prefix_path.sh
[1.418s] -- Up-to-date: /home/ros2/ros2_rc/src/install/ros2_rc/share/ros2_rc/environment/ament_prefix_path.dsv
[1.451s] -- Up-to-date: /home/ros2/ros2_rc/src/install/ros2_rc/share/ros2_rc/environment/path.sh
[1.453s] -- Up-to-date: /home/ros2/ros2_rc/src/install/ros2_rc/share/ros2_rc/environment/path.dsv
[1.454s] -- Up-to-date: /home/ros2/ros2_rc/src/install/ros2_rc/share/ros2_rc/local_setup.bash
[1.455s] -- Up-to-date: /home/ros2/ros2_rc/src/install/ros2_rc/share/ros2_rc/local_setup.sh
[1.456s] -- Up-to-date: /home/ros2/ros2_rc/src/install/ros2_rc/share/ros2_rc/local_setup.zsh
[1.456s] -- Up-to-date: /home/ros2/ros2_rc/src/install/ros2_rc/share/ros2_rc/local_setup.dsv
[1.457s] -- Installing: /home/ros2/ros2_rc/src/install/ros2_rc/share/ros2_rc/package.dsv
[1.458s] -- Up-to-date: /home/ros2/ros2_rc/src/install/ros2_rc/share/ament_index/resource_index/packages/ros2_rc
[1.459s] -- Up-to-date: /home/ros2/ros2_rc/src/install/ros2_rc/share/ros2_rc/cmake/ros2_rcConfig.cmake
[1.459s] -- Up-to-date: /home/ros2/ros2_rc/src/install/ros2_rc/share/ros2_rc/cmake/ros2_rcConfig-version.cmake
[1.460s] -- Up-to-date: /home/ros2/ros2_rc/src/install/ros2_rc/share/ros2_rc/package.xml
[1.551s] Invoked command in '/home/ros2/ros2_rc/src/build/ros2_rc' returned '0': CMAKE_PREFIX_PATH=${CMAKE_PREFIX_PATH}:/home/ros2/ros2_rc/src/install/nav2_simple_commander:/home/ros2/ros2_rc/install/nav2_simple_commander:/opt/ros/humble /usr/bin/cmake --install /home/ros2/ros2_rc/src/build/ros2_rc
