[0.134s] Invoking command in '/home/ros2/ros2_rc/src/build/nav2_behavior_tree': CMAKE_PREFIX_PATH=/home/ros2/ros2_rc/src/install/nav2_util:/home/ros2/ros2_rc/src/install/nav2_msgs:/home/ros2/ros2_rc/src/install/nav2_common:/home/ros2/ros2_rc/src/install/nav2_system_tests:/home/ros2/ros2_rc/src/install/nav2_bringup:/home/ros2/ros2_rc/src/install/navigation2:/home/ros2/ros2_rc/src/install/nav2_smoother:/home/ros2/ros2_rc/src/install/nav2_graceful_controller:/home/ros2/ros2_rc/src/install/nav2_dwb_controller:/home/ros2/ros2_rc/src/install/dwb_plugins:/home/ros2/ros2_rc/src/install/dwb_critics:/home/ros2/ros2_rc/src/install/nav2_waypoint_follower:/home/ros2/ros2_rc/src/install/nav2_theta_star_planner:/home/ros2/ros2_rc/src/install/nav2_smac_planner:/home/ros2/ros2_rc/src/install/nav2_rotation_shim_controller:/home/ros2/ros2_rc/src/install/nav2_mppi_controller:/home/ros2/ros2_rc/src/install/smartcar_msgs:/home/ros2/ros2_rc/src/install/smart_car:/home/ros2/ros2_rc/src/install/ros2_rc:/home/ros2/ros2_rc/src/install/nav2_controller:/home/ros2/ros2_rc/src/install/dwb_core:/home/ros2/ros2_rc/src/install/nav_2d_utils:/home/ros2/ros2_rc/src/install/dwb_msgs:/home/ros2/ros2_rc/src/install/nav_2d_msgs:/home/ros2/ros2_rc/src/install/nav2_regulated_pure_pursuit_controller:/home/ros2/ros2_rc/src/install/nav2_planner:/home/ros2/ros2_rc/src/install/nav2_navfn_planner:/home/ros2/ros2_rc/src/install/nav2_constrained_smoother:/home/ros2/ros2_rc/src/install/nav2_bt_navigator:/home/ros2/ros2_rc/src/install/nav2_behaviors:/home/ros2/ros2_rc/src/install/nav2_core:/home/ros2/ros2_rc/src/install/nav2_collision_monitor:/home/ros2/ros2_rc/src/install/costmap_queue:/home/ros2/ros2_rc/src/install/nav2_costmap_2d:/home/ros2/ros2_rc/src/install/nav2_voxel_grid:/home/ros2/ros2_rc/src/install/nav2_velocity_smoother:/home/ros2/ros2_rc/src/install/nav2_rviz_plugins:/home/ros2/ros2_rc/src/install/nav2_map_server:/home/ros2/ros2_rc/src/install/nav2_lifecycle_manager:/home/ros2/ros2_rc/src/install/nav2_behavior_tree:/home/ros2/ros2_rc/src/install/nav2_amcl:/home/ros2/ros2_rc/src/install/car_gazebo_plugin:/home/ros2/ros2_rc/install/smartcar_msgs:/home/ros2/ros2_rc/install/smart_car:/home/ros2/ros2_rc/install/ros2_rc:/home/ros2/ros2_rc/install/nav2_system_tests:/home/ros2/ros2_rc/install/nav2_bringup:/home/ros2/ros2_rc/install/navigation2:/home/ros2/ros2_rc/install/nav2_smoother:/home/ros2/ros2_rc/install/nav2_graceful_controller:/home/ros2/ros2_rc/install/nav2_dwb_controller:/home/ros2/ros2_rc/install/nav2_controller:/home/ros2/ros2_rc/install/dwb_plugins:/home/ros2/ros2_rc/install/dwb_critics:/home/ros2/ros2_rc/install/dwb_core:/home/ros2/ros2_rc/install/nav_2d_utils:/home/ros2/ros2_rc/install/dwb_msgs:/home/ros2/ros2_rc/install/nav_2d_msgs:/home/ros2/ros2_rc/install/nav2_waypoint_follower:/home/ros2/ros2_rc/install/nav2_theta_star_planner:/home/ros2/ros2_rc/install/nav2_smac_planner:/home/ros2/ros2_rc/install/nav2_rotation_shim_controller:/home/ros2/ros2_rc/install/nav2_regulated_pure_pursuit_controller:/home/ros2/ros2_rc/install/nav2_planner:/home/ros2/ros2_rc/install/nav2_navfn_planner:/home/ros2/ros2_rc/install/nav2_mppi_controller:/home/ros2/ros2_rc/install/nav2_constrained_smoother:/home/ros2/ros2_rc/install/nav2_bt_navigator:/home/ros2/ros2_rc/install/nav2_behaviors:/home/ros2/ros2_rc/install/nav2_core:/home/ros2/ros2_rc/install/nav2_collision_monitor:/home/ros2/ros2_rc/install/costmap_queue:/home/ros2/ros2_rc/install/nav2_costmap_2d:/home/ros2/ros2_rc/install/nav2_voxel_grid:/home/ros2/ros2_rc/install/nav2_velocity_smoother:/home/ros2/ros2_rc/install/nav2_rviz_plugins:/home/ros2/ros2_rc/install/nav2_map_server:/home/ros2/ros2_rc/install/nav2_lifecycle_manager:/home/ros2/ros2_rc/install/nav2_behavior_tree:/home/ros2/ros2_rc/install/nav2_amcl:/home/ros2/ros2_rc/install/nav2_util:/home/ros2/ros2_rc/install/nav2_msgs:/home/ros2/ros2_rc/install/nav2_common:/home/ros2/ros2_rc/install/car_gazebo_plugin:/home/ros2/ros2_rc/src/install/nav2_simple_commander:/home/ros2/ros2_rc/install/nav2_simple_commander:/opt/ros/humble LD_LIBRARY_PATH=/home/ros2/ros2_rc/src/install/nav2_util/lib:/home/ros2/ros2_rc/src/install/nav2_msgs/lib:/home/ros2/ros2_rc/src/install/nav2_smoother/lib:/home/ros2/ros2_rc/src/install/nav2_graceful_controller/lib:/home/ros2/ros2_rc/src/install/dwb_critics/lib:/home/ros2/ros2_rc/src/install/nav2_waypoint_follower/lib:/home/ros2/ros2_rc/src/install/nav2_smac_planner/lib:/home/ros2/ros2_rc/src/install/nav2_rotation_shim_controller/lib:/home/ros2/ros2_rc/src/install/nav2_mppi_controller/lib:/home/ros2/ros2_rc/src/install/smartcar_msgs/lib:/home/ros2/ros2_rc/src/install/nav2_controller/lib:/home/ros2/ros2_rc/src/install/dwb_plugins/lib:/home/ros2/ros2_rc/src/install/dwb_core/lib:/home/ros2/ros2_rc/src/install/nav_2d_utils/lib:/home/ros2/ros2_rc/src/install/dwb_msgs/lib:/home/ros2/ros2_rc/src/install/nav_2d_msgs/lib:/home/ros2/ros2_rc/src/install/nav2_theta_star_planner/lib:/home/ros2/ros2_rc/src/install/nav2_regulated_pure_pursuit_controller/lib:/home/ros2/ros2_rc/src/install/nav2_planner/lib:/home/ros2/ros2_rc/src/install/nav2_navfn_planner/lib:/home/ros2/ros2_rc/src/install/nav2_constrained_smoother/lib:/home/ros2/ros2_rc/src/install/nav2_bt_navigator/lib:/home/ros2/ros2_rc/src/install/nav2_behaviors/lib:/home/ros2/ros2_rc/src/install/nav2_collision_monitor/lib:/home/ros2/ros2_rc/src/install/costmap_queue/lib:/home/ros2/ros2_rc/src/install/nav2_costmap_2d/lib:/home/ros2/ros2_rc/src/install/nav2_voxel_grid/lib:/home/ros2/ros2_rc/src/install/nav2_velocity_smoother/lib:/home/ros2/ros2_rc/src/install/nav2_rviz_plugins/lib:/home/ros2/ros2_rc/src/install/nav2_map_server/lib:/home/ros2/ros2_rc/src/install/nav2_lifecycle_manager/lib:/home/ros2/ros2_rc/src/install/nav2_behavior_tree/lib:/home/ros2/ros2_rc/src/install/nav2_amcl/lib:/home/ros2/ros2_rc/src/install/car_gazebo_plugin/lib:/home/ros2/ros2_rc/install/smartcar_msgs/lib:/home/ros2/ros2_rc/install/nav2_smoother/lib:/home/ros2/ros2_rc/install/nav2_graceful_controller/lib:/home/ros2/ros2_rc/install/nav2_controller/lib:/home/ros2/ros2_rc/install/dwb_plugins/lib:/home/ros2/ros2_rc/install/dwb_critics/lib:/home/ros2/ros2_rc/install/dwb_core/lib:/home/ros2/ros2_rc/install/nav_2d_utils/lib:/home/ros2/ros2_rc/install/dwb_msgs/lib:/home/ros2/ros2_rc/install/nav_2d_msgs/lib:/home/ros2/ros2_rc/install/nav2_waypoint_follower/lib:/home/ros2/ros2_rc/install/nav2_theta_star_planner/lib:/home/ros2/ros2_rc/install/nav2_smac_planner/lib:/home/ros2/ros2_rc/install/nav2_rotation_shim_controller/lib:/home/ros2/ros2_rc/install/nav2_regulated_pure_pursuit_controller/lib:/home/ros2/ros2_rc/install/nav2_planner/lib:/home/ros2/ros2_rc/install/nav2_navfn_planner/lib:/home/ros2/ros2_rc/install/nav2_mppi_controller/lib:/home/ros2/ros2_rc/install/nav2_constrained_smoother/lib:/home/ros2/ros2_rc/install/nav2_bt_navigator/lib:/home/ros2/ros2_rc/install/nav2_behaviors/lib:/home/ros2/ros2_rc/install/nav2_collision_monitor/lib:/home/ros2/ros2_rc/install/costmap_queue/lib:/home/ros2/ros2_rc/install/nav2_costmap_2d/lib:/home/ros2/ros2_rc/install/nav2_voxel_grid/lib:/home/ros2/ros2_rc/install/nav2_velocity_smoother/lib:/home/ros2/ros2_rc/install/nav2_rviz_plugins/lib:/home/ros2/ros2_rc/install/nav2_map_server/lib:/home/ros2/ros2_rc/install/nav2_lifecycle_manager/lib:/home/ros2/ros2_rc/install/nav2_behavior_tree/lib:/home/ros2/ros2_rc/install/nav2_amcl/lib:/home/ros2/ros2_rc/install/nav2_util/lib:/home/ros2/ros2_rc/install/nav2_msgs/lib:/home/ros2/ros2_rc/install/car_gazebo_plugin/lib:/usr/lib/x86_64-linux-gnu/gazebo-11/plugins:/opt/ros/humble/opt/rviz_ogre_vendor/lib:/opt/ros/humble/lib/x86_64-linux-gnu:/opt/ros/humble/lib:/usr/lib/x86_64-linux-gnu/gazebo-11/plugins /usr/bin/cmake --build /home/ros2/ros2_rc/src/build/nav2_behavior_tree -- -j10 -l10
[0.622s] [  1%] Built target nav2_back_up_cancel_bt_node
[0.655s] [  2%] Built target nav2_compute_path_through_poses_action_bt_node
[0.720s] [  3%] Built target nav2_behavior_tree
[0.728s] [  4%] Built target nav2_assisted_teleop_cancel_bt_node
[0.728s] [  5%] Built target nav2_controller_cancel_bt_node
[0.805s] [  6%] Built target nav2_spin_cancel_bt_node
[0.847s] [  7%] Built target nav2_wait_cancel_bt_node
[0.889s] [  8%] Built target nav2_smooth_path_action_bt_node
[0.894s] [  9%] Built target nav2_drive_on_heading_cancel_bt_node
[0.897s] [  9%] Built target nav2_compute_path_to_pose_action_bt_node
[0.931s] [ 10%] Built target nav2_follow_path_action_bt_node
[0.999s] [ 11%] Built target nav2_wait_action_bt_node
[1.059s] [ 12%] Built target nav2_drive_on_heading_bt_node
[1.107s] [ 13%] Built target nav2_assisted_teleop_action_bt_node
[1.120s] [ 14%] Built target nav2_spin_action_bt_node
[1.124s] [ 15%] Built target nav2_clear_costmap_service_bt_node
[1.159s] [ 16%] Built target nav2_back_up_action_bt_node
[1.180s] [ 17%] Built target nav2_transform_available_condition_bt_node
[1.199s] [ 18%] Built target nav2_is_stuck_condition_bt_node
[1.220s] [ 18%] Built target nav2_goal_updated_condition_bt_node
[1.243s] [ 19%] Built target nav2_globally_updated_goal_condition_bt_node
[1.270s] [ 20%] Built target nav2_is_path_valid_condition_bt_node
[1.291s] [ 21%] Built target nav2_goal_reached_condition_bt_node
[1.313s] [ 22%] Built target nav2_time_expired_condition_bt_node
[1.313s] [ 24%] Built target nav2_path_expiring_timer_condition
[1.316s] [ 24%] Built target nav2_initial_pose_received_condition_bt_node
[1.444s] [ 25%] Built target nav2_is_battery_charging_condition_bt_node
[1.559s] [ 26%] Built target nav2_reinitialize_global_localization_service_bt_node
[1.584s] [ 27%] Built target nav2_distance_traveled_condition_bt_node
[1.607s] [ 28%] Built target nav2_is_battery_low_condition_bt_node
[1.609s] [ 29%] Built target nav2_truncate_path_action_bt_node
[1.620s] [ 31%] Built target nav2_distance_controller_bt_node
[1.622s] [ 30%] Built target nav2_truncate_path_local_action_bt_node
[1.622s] [ 32%] Built target nav2_speed_controller_bt_node
[1.645s] [ 33%] Built target nav2_goal_updater_node_bt_node
[1.645s] [ 34%] Built target nav2_rate_controller_bt_node
[1.675s] [ 35%] Built target nav2_path_longer_on_approach_bt_node
[1.693s] [ 36%] Built target nav2_recovery_node_bt_node
[1.750s] [ 37%] Built target nav2_pipeline_sequence_bt_node
[1.795s] [ 38%] Built target nav2_navigate_to_pose_action_bt_node
[1.795s] [ 39%] Built target nav2_remove_passed_goals_action_bt_node
[1.838s] [ 40%] Built target nav2_round_robin_node_bt_node
[1.840s] [ 41%] Built target nav2_navigate_through_poses_action_bt_node
[1.857s] [ 42%] Built target nav2_planner_selector_bt_node
[1.859s] [ 43%] Built target nav2_single_trigger_bt_node
[1.861s] [ 44%] Built target nav2_get_pose_from_path_action_bt_node
[1.879s] [ 45%] Built target nav2_controller_selector_bt_node
[1.945s] [ 46%] Built target nav2_goal_checker_selector_bt_node
[1.945s] [ 47%] Built target nav2_smoother_selector_bt_node
[1.993s] [ 48%] Built target nav2_progress_checker_selector_bt_node
[1.998s] [ 48%] Built target gtest
[2.007s] [ 49%] Built target nav2_goal_updated_controller_bt_node
[2.045s] [ 50%] Built target gtest_main
[2.225s] [ 50%] Built target test_condition_time_expired
[2.225s] [ 51%] Built target test_bt_conversions
[2.226s] [ 53%] Built target test_condition_globally_updated_goal
[2.226s] [ 54%] Built target test_condition_is_stuck
[2.226s] [ 52%] Built target test_condition_goal_updated
[2.230s] [ 55%] Built target test_condition_distance_traveled
[2.256s] [ 56%] Built target test_condition_transform_available
[2.256s] [ 57%] Built target test_condition_goal_reached
[2.256s] [ 58%] Built target test_condition_path_expiring_timer
[2.294s] [ 59%] Built target test_condition_initial_pose_received
[2.387s] [ 60%] Built target test_condition_is_battery_low
[2.409s] [ 61%] Built target test_condition_is_path_valid
[2.462s] [ 62%] Built target test_decorator_rate_controller
[2.462s] [ 63%] Built target test_condition_is_battery_charging
[2.462s] [ 64%] Built target test_goal_updated_controller
[2.462s] [ 65%] Built target test_goal_updater_node
[2.480s] [ 66%] Built target test_decorator_speed_controller
[2.502s] [ 67%] Built target test_decorator_distance_controller
[2.508s] [ 68%] Built target test_decorator_path_longer_on_approach
[2.533s] [ 69%] Built target test_single_trigger_node
[2.597s] [ 70%] Built target test_control_recovery_node
[2.641s] [ 71%] Built target test_control_round_robin_node
[2.649s] [ 72%] Built target test_action_spin_action
[2.665s] [ 73%] Built target test_bt_action_node
[2.666s] [ 74%] Built target test_control_pipeline_sequence
[2.679s] [ 75%] Built target test_action_assisted_teleop_action
[2.683s] [ 76%] Built target test_action_wait_action
[2.685s] [ 77%] Built target test_action_controller_cancel_action
[2.697s] [ 78%] Built target test_action_back_up_action
[2.717s] [ 79%] Built target test_action_drive_on_heading
[2.842s] [ 80%] Built target test_action_wait_cancel_action
[2.884s] [ 82%] Built target test_action_clear_costmap_service
[2.884s] [ 82%] Built target test_action_back_up_cancel_action
[2.890s] [ 83%] Built target test_action_assisted_teleop_cancel_action
[2.922s] [ 85%] Built target test_action_drive_on_heading_cancel_action
[2.927s] [ 86%] Built target test_action_spin_cancel_action
[2.928s] [ 86%] Built target test_action_compute_path_to_pose_action
[2.956s] [ 88%] Built target test_action_compute_path_through_poses_action
[2.957s] [ 88%] Built target test_action_reinitialize_global_localization_service
[2.995s] [ 88%] Built target test_action_follow_path_action
[2.996s] [ 89%] Built target test_action_navigate_to_pose_action
[3.029s] [ 90%] Built target test_action_smooth_path_action
[3.055s] [ 91%] Built target test_action_navigate_through_poses_action
[3.088s] [ 93%] Built target test_planner_selector_node
[3.089s] [ 93%] Built target test_truncate_path_action
[3.095s] [ 94%] Built target test_get_pose_from_path_action
[3.097s] [ 95%] Built target test_controller_selector_node
[3.104s] [ 96%] Built target test_truncate_path_local_action
[3.110s] [ 97%] Built target test_remove_passed_goals_action
[3.142s] [ 98%] Built target test_smoother_selector_node
[3.154s] [ 99%] Built target test_goal_checker_selector_node
[3.161s] [100%] Built target test_progress_checker_selector_node
[3.203s] Invoked command in '/home/ros2/ros2_rc/src/build/nav2_behavior_tree' returned '0': CMAKE_PREFIX_PATH=/home/ros2/ros2_rc/src/install/nav2_util:/home/ros2/ros2_rc/src/install/nav2_msgs:/home/ros2/ros2_rc/src/install/nav2_common:/home/ros2/ros2_rc/src/install/nav2_system_tests:/home/ros2/ros2_rc/src/install/nav2_bringup:/home/ros2/ros2_rc/src/install/navigation2:/home/ros2/ros2_rc/src/install/nav2_smoother:/home/ros2/ros2_rc/src/install/nav2_graceful_controller:/home/ros2/ros2_rc/src/install/nav2_dwb_controller:/home/ros2/ros2_rc/src/install/dwb_plugins:/home/ros2/ros2_rc/src/install/dwb_critics:/home/ros2/ros2_rc/src/install/nav2_waypoint_follower:/home/ros2/ros2_rc/src/install/nav2_theta_star_planner:/home/ros2/ros2_rc/src/install/nav2_smac_planner:/home/ros2/ros2_rc/src/install/nav2_rotation_shim_controller:/home/ros2/ros2_rc/src/install/nav2_mppi_controller:/home/ros2/ros2_rc/src/install/smartcar_msgs:/home/ros2/ros2_rc/src/install/smart_car:/home/ros2/ros2_rc/src/install/ros2_rc:/home/ros2/ros2_rc/src/install/nav2_controller:/home/ros2/ros2_rc/src/install/dwb_core:/home/ros2/ros2_rc/src/install/nav_2d_utils:/home/ros2/ros2_rc/src/install/dwb_msgs:/home/ros2/ros2_rc/src/install/nav_2d_msgs:/home/ros2/ros2_rc/src/install/nav2_regulated_pure_pursuit_controller:/home/ros2/ros2_rc/src/install/nav2_planner:/home/ros2/ros2_rc/src/install/nav2_navfn_planner:/home/ros2/ros2_rc/src/install/nav2_constrained_smoother:/home/ros2/ros2_rc/src/install/nav2_bt_navigator:/home/ros2/ros2_rc/src/install/nav2_behaviors:/home/ros2/ros2_rc/src/install/nav2_core:/home/ros2/ros2_rc/src/install/nav2_collision_monitor:/home/ros2/ros2_rc/src/install/costmap_queue:/home/ros2/ros2_rc/src/install/nav2_costmap_2d:/home/ros2/ros2_rc/src/install/nav2_voxel_grid:/home/ros2/ros2_rc/src/install/nav2_velocity_smoother:/home/ros2/ros2_rc/src/install/nav2_rviz_plugins:/home/ros2/ros2_rc/src/install/nav2_map_server:/home/ros2/ros2_rc/src/install/nav2_lifecycle_manager:/home/ros2/ros2_rc/src/install/nav2_behavior_tree:/home/ros2/ros2_rc/src/install/nav2_amcl:/home/ros2/ros2_rc/src/install/car_gazebo_plugin:/home/ros2/ros2_rc/install/smartcar_msgs:/home/ros2/ros2_rc/install/smart_car:/home/ros2/ros2_rc/install/ros2_rc:/home/ros2/ros2_rc/install/nav2_system_tests:/home/ros2/ros2_rc/install/nav2_bringup:/home/ros2/ros2_rc/install/navigation2:/home/ros2/ros2_rc/install/nav2_smoother:/home/ros2/ros2_rc/install/nav2_graceful_controller:/home/ros2/ros2_rc/install/nav2_dwb_controller:/home/ros2/ros2_rc/install/nav2_controller:/home/ros2/ros2_rc/install/dwb_plugins:/home/ros2/ros2_rc/install/dwb_critics:/home/ros2/ros2_rc/install/dwb_core:/home/ros2/ros2_rc/install/nav_2d_utils:/home/ros2/ros2_rc/install/dwb_msgs:/home/ros2/ros2_rc/install/nav_2d_msgs:/home/ros2/ros2_rc/install/nav2_waypoint_follower:/home/ros2/ros2_rc/install/nav2_theta_star_planner:/home/ros2/ros2_rc/install/nav2_smac_planner:/home/ros2/ros2_rc/install/nav2_rotation_shim_controller:/home/ros2/ros2_rc/install/nav2_regulated_pure_pursuit_controller:/home/ros2/ros2_rc/install/nav2_planner:/home/ros2/ros2_rc/install/nav2_navfn_planner:/home/ros2/ros2_rc/install/nav2_mppi_controller:/home/ros2/ros2_rc/install/nav2_constrained_smoother:/home/ros2/ros2_rc/install/nav2_bt_navigator:/home/ros2/ros2_rc/install/nav2_behaviors:/home/ros2/ros2_rc/install/nav2_core:/home/ros2/ros2_rc/install/nav2_collision_monitor:/home/ros2/ros2_rc/install/costmap_queue:/home/ros2/ros2_rc/install/nav2_costmap_2d:/home/ros2/ros2_rc/install/nav2_voxel_grid:/home/ros2/ros2_rc/install/nav2_velocity_smoother:/home/ros2/ros2_rc/install/nav2_rviz_plugins:/home/ros2/ros2_rc/install/nav2_map_server:/home/ros2/ros2_rc/install/nav2_lifecycle_manager:/home/ros2/ros2_rc/install/nav2_behavior_tree:/home/ros2/ros2_rc/install/nav2_amcl:/home/ros2/ros2_rc/install/nav2_util:/home/ros2/ros2_rc/install/nav2_msgs:/home/ros2/ros2_rc/install/nav2_common:/home/ros2/ros2_rc/install/car_gazebo_plugin:/home/ros2/ros2_rc/src/install/nav2_simple_commander:/home/ros2/ros2_rc/install/nav2_simple_commander:/opt/ros/humble LD_LIBRARY_PATH=/home/ros2/ros2_rc/src/install/nav2_util/lib:/home/ros2/ros2_rc/src/install/nav2_msgs/lib:/home/ros2/ros2_rc/src/install/nav2_smoother/lib:/home/ros2/ros2_rc/src/install/nav2_graceful_controller/lib:/home/ros2/ros2_rc/src/install/dwb_critics/lib:/home/ros2/ros2_rc/src/install/nav2_waypoint_follower/lib:/home/ros2/ros2_rc/src/install/nav2_smac_planner/lib:/home/ros2/ros2_rc/src/install/nav2_rotation_shim_controller/lib:/home/ros2/ros2_rc/src/install/nav2_mppi_controller/lib:/home/ros2/ros2_rc/src/install/smartcar_msgs/lib:/home/ros2/ros2_rc/src/install/nav2_controller/lib:/home/ros2/ros2_rc/src/install/dwb_plugins/lib:/home/ros2/ros2_rc/src/install/dwb_core/lib:/home/ros2/ros2_rc/src/install/nav_2d_utils/lib:/home/ros2/ros2_rc/src/install/dwb_msgs/lib:/home/ros2/ros2_rc/src/install/nav_2d_msgs/lib:/home/ros2/ros2_rc/src/install/nav2_theta_star_planner/lib:/home/ros2/ros2_rc/src/install/nav2_regulated_pure_pursuit_controller/lib:/home/ros2/ros2_rc/src/install/nav2_planner/lib:/home/ros2/ros2_rc/src/install/nav2_navfn_planner/lib:/home/ros2/ros2_rc/src/install/nav2_constrained_smoother/lib:/home/ros2/ros2_rc/src/install/nav2_bt_navigator/lib:/home/ros2/ros2_rc/src/install/nav2_behaviors/lib:/home/ros2/ros2_rc/src/install/nav2_collision_monitor/lib:/home/ros2/ros2_rc/src/install/costmap_queue/lib:/home/ros2/ros2_rc/src/install/nav2_costmap_2d/lib:/home/ros2/ros2_rc/src/install/nav2_voxel_grid/lib:/home/ros2/ros2_rc/src/install/nav2_velocity_smoother/lib:/home/ros2/ros2_rc/src/install/nav2_rviz_plugins/lib:/home/ros2/ros2_rc/src/install/nav2_map_server/lib:/home/ros2/ros2_rc/src/install/nav2_lifecycle_manager/lib:/home/ros2/ros2_rc/src/install/nav2_behavior_tree/lib:/home/ros2/ros2_rc/src/install/nav2_amcl/lib:/home/ros2/ros2_rc/src/install/car_gazebo_plugin/lib:/home/ros2/ros2_rc/install/smartcar_msgs/lib:/home/ros2/ros2_rc/install/nav2_smoother/lib:/home/ros2/ros2_rc/install/nav2_graceful_controller/lib:/home/ros2/ros2_rc/install/nav2_controller/lib:/home/ros2/ros2_rc/install/dwb_plugins/lib:/home/ros2/ros2_rc/install/dwb_critics/lib:/home/ros2/ros2_rc/install/dwb_core/lib:/home/ros2/ros2_rc/install/nav_2d_utils/lib:/home/ros2/ros2_rc/install/dwb_msgs/lib:/home/ros2/ros2_rc/install/nav_2d_msgs/lib:/home/ros2/ros2_rc/install/nav2_waypoint_follower/lib:/home/ros2/ros2_rc/install/nav2_theta_star_planner/lib:/home/ros2/ros2_rc/install/nav2_smac_planner/lib:/home/ros2/ros2_rc/install/nav2_rotation_shim_controller/lib:/home/ros2/ros2_rc/install/nav2_regulated_pure_pursuit_controller/lib:/home/ros2/ros2_rc/install/nav2_planner/lib:/home/ros2/ros2_rc/install/nav2_navfn_planner/lib:/home/ros2/ros2_rc/install/nav2_mppi_controller/lib:/home/ros2/ros2_rc/install/nav2_constrained_smoother/lib:/home/ros2/ros2_rc/install/nav2_bt_navigator/lib:/home/ros2/ros2_rc/install/nav2_behaviors/lib:/home/ros2/ros2_rc/install/nav2_collision_monitor/lib:/home/ros2/ros2_rc/install/costmap_queue/lib:/home/ros2/ros2_rc/install/nav2_costmap_2d/lib:/home/ros2/ros2_rc/install/nav2_voxel_grid/lib:/home/ros2/ros2_rc/install/nav2_velocity_smoother/lib:/home/ros2/ros2_rc/install/nav2_rviz_plugins/lib:/home/ros2/ros2_rc/install/nav2_map_server/lib:/home/ros2/ros2_rc/install/nav2_lifecycle_manager/lib:/home/ros2/ros2_rc/install/nav2_behavior_tree/lib:/home/ros2/ros2_rc/install/nav2_amcl/lib:/home/ros2/ros2_rc/install/nav2_util/lib:/home/ros2/ros2_rc/install/nav2_msgs/lib:/home/ros2/ros2_rc/install/car_gazebo_plugin/lib:/usr/lib/x86_64-linux-gnu/gazebo-11/plugins:/opt/ros/humble/opt/rviz_ogre_vendor/lib:/opt/ros/humble/lib/x86_64-linux-gnu:/opt/ros/humble/lib:/usr/lib/x86_64-linux-gnu/gazebo-11/plugins /usr/bin/cmake --build /home/ros2/ros2_rc/src/build/nav2_behavior_tree -- -j10 -l10
[4.808s] Invoking command in '/home/ros2/ros2_rc/src/build/nav2_behavior_tree': CMAKE_PREFIX_PATH=/home/ros2/ros2_rc/src/install/nav2_util:/home/ros2/ros2_rc/src/install/nav2_msgs:/home/ros2/ros2_rc/src/install/nav2_common:/home/ros2/ros2_rc/src/install/nav2_system_tests:/home/ros2/ros2_rc/src/install/nav2_bringup:/home/ros2/ros2_rc/src/install/navigation2:/home/ros2/ros2_rc/src/install/nav2_smoother:/home/ros2/ros2_rc/src/install/nav2_graceful_controller:/home/ros2/ros2_rc/src/install/nav2_dwb_controller:/home/ros2/ros2_rc/src/install/dwb_plugins:/home/ros2/ros2_rc/src/install/dwb_critics:/home/ros2/ros2_rc/src/install/nav2_waypoint_follower:/home/ros2/ros2_rc/src/install/nav2_theta_star_planner:/home/ros2/ros2_rc/src/install/nav2_smac_planner:/home/ros2/ros2_rc/src/install/nav2_rotation_shim_controller:/home/ros2/ros2_rc/src/install/nav2_mppi_controller:/home/ros2/ros2_rc/src/install/smartcar_msgs:/home/ros2/ros2_rc/src/install/smart_car:/home/ros2/ros2_rc/src/install/ros2_rc:/home/ros2/ros2_rc/src/install/nav2_controller:/home/ros2/ros2_rc/src/install/dwb_core:/home/ros2/ros2_rc/src/install/nav_2d_utils:/home/ros2/ros2_rc/src/install/dwb_msgs:/home/ros2/ros2_rc/src/install/nav_2d_msgs:/home/ros2/ros2_rc/src/install/nav2_regulated_pure_pursuit_controller:/home/ros2/ros2_rc/src/install/nav2_planner:/home/ros2/ros2_rc/src/install/nav2_navfn_planner:/home/ros2/ros2_rc/src/install/nav2_constrained_smoother:/home/ros2/ros2_rc/src/install/nav2_bt_navigator:/home/ros2/ros2_rc/src/install/nav2_behaviors:/home/ros2/ros2_rc/src/install/nav2_core:/home/ros2/ros2_rc/src/install/nav2_collision_monitor:/home/ros2/ros2_rc/src/install/costmap_queue:/home/ros2/ros2_rc/src/install/nav2_costmap_2d:/home/ros2/ros2_rc/src/install/nav2_voxel_grid:/home/ros2/ros2_rc/src/install/nav2_velocity_smoother:/home/ros2/ros2_rc/src/install/nav2_rviz_plugins:/home/ros2/ros2_rc/src/install/nav2_map_server:/home/ros2/ros2_rc/src/install/nav2_lifecycle_manager:/home/ros2/ros2_rc/src/install/nav2_behavior_tree:/home/ros2/ros2_rc/src/install/nav2_amcl:/home/ros2/ros2_rc/src/install/car_gazebo_plugin:/home/ros2/ros2_rc/install/smartcar_msgs:/home/ros2/ros2_rc/install/smart_car:/home/ros2/ros2_rc/install/ros2_rc:/home/ros2/ros2_rc/install/nav2_system_tests:/home/ros2/ros2_rc/install/nav2_bringup:/home/ros2/ros2_rc/install/navigation2:/home/ros2/ros2_rc/install/nav2_smoother:/home/ros2/ros2_rc/install/nav2_graceful_controller:/home/ros2/ros2_rc/install/nav2_dwb_controller:/home/ros2/ros2_rc/install/nav2_controller:/home/ros2/ros2_rc/install/dwb_plugins:/home/ros2/ros2_rc/install/dwb_critics:/home/ros2/ros2_rc/install/dwb_core:/home/ros2/ros2_rc/install/nav_2d_utils:/home/ros2/ros2_rc/install/dwb_msgs:/home/ros2/ros2_rc/install/nav_2d_msgs:/home/ros2/ros2_rc/install/nav2_waypoint_follower:/home/ros2/ros2_rc/install/nav2_theta_star_planner:/home/ros2/ros2_rc/install/nav2_smac_planner:/home/ros2/ros2_rc/install/nav2_rotation_shim_controller:/home/ros2/ros2_rc/install/nav2_regulated_pure_pursuit_controller:/home/ros2/ros2_rc/install/nav2_planner:/home/ros2/ros2_rc/install/nav2_navfn_planner:/home/ros2/ros2_rc/install/nav2_mppi_controller:/home/ros2/ros2_rc/install/nav2_constrained_smoother:/home/ros2/ros2_rc/install/nav2_bt_navigator:/home/ros2/ros2_rc/install/nav2_behaviors:/home/ros2/ros2_rc/install/nav2_core:/home/ros2/ros2_rc/install/nav2_collision_monitor:/home/ros2/ros2_rc/install/costmap_queue:/home/ros2/ros2_rc/install/nav2_costmap_2d:/home/ros2/ros2_rc/install/nav2_voxel_grid:/home/ros2/ros2_rc/install/nav2_velocity_smoother:/home/ros2/ros2_rc/install/nav2_rviz_plugins:/home/ros2/ros2_rc/install/nav2_map_server:/home/ros2/ros2_rc/install/nav2_lifecycle_manager:/home/ros2/ros2_rc/install/nav2_behavior_tree:/home/ros2/ros2_rc/install/nav2_amcl:/home/ros2/ros2_rc/install/nav2_util:/home/ros2/ros2_rc/install/nav2_msgs:/home/ros2/ros2_rc/install/nav2_common:/home/ros2/ros2_rc/install/car_gazebo_plugin:/home/ros2/ros2_rc/src/install/nav2_simple_commander:/home/ros2/ros2_rc/install/nav2_simple_commander:/opt/ros/humble LD_LIBRARY_PATH=/home/ros2/ros2_rc/src/install/nav2_util/lib:/home/ros2/ros2_rc/src/install/nav2_msgs/lib:/home/ros2/ros2_rc/src/install/nav2_smoother/lib:/home/ros2/ros2_rc/src/install/nav2_graceful_controller/lib:/home/ros2/ros2_rc/src/install/dwb_critics/lib:/home/ros2/ros2_rc/src/install/nav2_waypoint_follower/lib:/home/ros2/ros2_rc/src/install/nav2_smac_planner/lib:/home/ros2/ros2_rc/src/install/nav2_rotation_shim_controller/lib:/home/ros2/ros2_rc/src/install/nav2_mppi_controller/lib:/home/ros2/ros2_rc/src/install/smartcar_msgs/lib:/home/ros2/ros2_rc/src/install/nav2_controller/lib:/home/ros2/ros2_rc/src/install/dwb_plugins/lib:/home/ros2/ros2_rc/src/install/dwb_core/lib:/home/ros2/ros2_rc/src/install/nav_2d_utils/lib:/home/ros2/ros2_rc/src/install/dwb_msgs/lib:/home/ros2/ros2_rc/src/install/nav_2d_msgs/lib:/home/ros2/ros2_rc/src/install/nav2_theta_star_planner/lib:/home/ros2/ros2_rc/src/install/nav2_regulated_pure_pursuit_controller/lib:/home/ros2/ros2_rc/src/install/nav2_planner/lib:/home/ros2/ros2_rc/src/install/nav2_navfn_planner/lib:/home/ros2/ros2_rc/src/install/nav2_constrained_smoother/lib:/home/ros2/ros2_rc/src/install/nav2_bt_navigator/lib:/home/ros2/ros2_rc/src/install/nav2_behaviors/lib:/home/ros2/ros2_rc/src/install/nav2_collision_monitor/lib:/home/ros2/ros2_rc/src/install/costmap_queue/lib:/home/ros2/ros2_rc/src/install/nav2_costmap_2d/lib:/home/ros2/ros2_rc/src/install/nav2_voxel_grid/lib:/home/ros2/ros2_rc/src/install/nav2_velocity_smoother/lib:/home/ros2/ros2_rc/src/install/nav2_rviz_plugins/lib:/home/ros2/ros2_rc/src/install/nav2_map_server/lib:/home/ros2/ros2_rc/src/install/nav2_lifecycle_manager/lib:/home/ros2/ros2_rc/src/install/nav2_behavior_tree/lib:/home/ros2/ros2_rc/src/install/nav2_amcl/lib:/home/ros2/ros2_rc/src/install/car_gazebo_plugin/lib:/home/ros2/ros2_rc/install/smartcar_msgs/lib:/home/ros2/ros2_rc/install/nav2_smoother/lib:/home/ros2/ros2_rc/install/nav2_graceful_controller/lib:/home/ros2/ros2_rc/install/nav2_controller/lib:/home/ros2/ros2_rc/install/dwb_plugins/lib:/home/ros2/ros2_rc/install/dwb_critics/lib:/home/ros2/ros2_rc/install/dwb_core/lib:/home/ros2/ros2_rc/install/nav_2d_utils/lib:/home/ros2/ros2_rc/install/dwb_msgs/lib:/home/ros2/ros2_rc/install/nav_2d_msgs/lib:/home/ros2/ros2_rc/install/nav2_waypoint_follower/lib:/home/ros2/ros2_rc/install/nav2_theta_star_planner/lib:/home/ros2/ros2_rc/install/nav2_smac_planner/lib:/home/ros2/ros2_rc/install/nav2_rotation_shim_controller/lib:/home/ros2/ros2_rc/install/nav2_regulated_pure_pursuit_controller/lib:/home/ros2/ros2_rc/install/nav2_planner/lib:/home/ros2/ros2_rc/install/nav2_navfn_planner/lib:/home/ros2/ros2_rc/install/nav2_mppi_controller/lib:/home/ros2/ros2_rc/install/nav2_constrained_smoother/lib:/home/ros2/ros2_rc/install/nav2_bt_navigator/lib:/home/ros2/ros2_rc/install/nav2_behaviors/lib:/home/ros2/ros2_rc/install/nav2_collision_monitor/lib:/home/ros2/ros2_rc/install/costmap_queue/lib:/home/ros2/ros2_rc/install/nav2_costmap_2d/lib:/home/ros2/ros2_rc/install/nav2_voxel_grid/lib:/home/ros2/ros2_rc/install/nav2_velocity_smoother/lib:/home/ros2/ros2_rc/install/nav2_rviz_plugins/lib:/home/ros2/ros2_rc/install/nav2_map_server/lib:/home/ros2/ros2_rc/install/nav2_lifecycle_manager/lib:/home/ros2/ros2_rc/install/nav2_behavior_tree/lib:/home/ros2/ros2_rc/install/nav2_amcl/lib:/home/ros2/ros2_rc/install/nav2_util/lib:/home/ros2/ros2_rc/install/nav2_msgs/lib:/home/ros2/ros2_rc/install/car_gazebo_plugin/lib:/usr/lib/x86_64-linux-gnu/gazebo-11/plugins:/opt/ros/humble/opt/rviz_ogre_vendor/lib:/opt/ros/humble/lib/x86_64-linux-gnu:/opt/ros/humble/lib:/usr/lib/x86_64-linux-gnu/gazebo-11/plugins /usr/bin/cmake --install /home/ros2/ros2_rc/src/build/nav2_behavior_tree
[4.833s] -- Install configuration: "Release"
[4.833s] -- Up-to-date: /home/ros2/ros2_rc/src/install/nav2_behavior_tree/lib/libnav2_behavior_tree.so
[4.834s] -- Up-to-date: /home/ros2/ros2_rc/src/install/nav2_behavior_tree/lib/libnav2_compute_path_to_pose_action_bt_node.so
[4.834s] -- Up-to-date: /home/ros2/ros2_rc/src/install/nav2_behavior_tree/lib/libnav2_compute_path_through_poses_action_bt_node.so
[4.836s] -- Up-to-date: /home/ros2/ros2_rc/src/install/nav2_behavior_tree/lib/libnav2_controller_cancel_bt_node.so
[4.837s] -- Up-to-date: /home/ros2/ros2_rc/src/install/nav2_behavior_tree/lib/libnav2_wait_cancel_bt_node.so
[4.837s] -- Up-to-date: /home/ros2/ros2_rc/src/install/nav2_behavior_tree/lib/libnav2_spin_cancel_bt_node.so
[4.838s] -- Up-to-date: /home/ros2/ros2_rc/src/install/nav2_behavior_tree/lib/libnav2_back_up_cancel_bt_node.so
[4.838s] -- Up-to-date: /home/ros2/ros2_rc/src/install/nav2_behavior_tree/lib/libnav2_assisted_teleop_cancel_bt_node.so
[4.839s] -- Up-to-date: /home/ros2/ros2_rc/src/install/nav2_behavior_tree/lib/libnav2_drive_on_heading_cancel_bt_node.so
[4.839s] -- Up-to-date: /home/ros2/ros2_rc/src/install/nav2_behavior_tree/lib/libnav2_smooth_path_action_bt_node.so
[4.839s] -- Up-to-date: /home/ros2/ros2_rc/src/install/nav2_behavior_tree/lib/libnav2_follow_path_action_bt_node.so
[4.840s] -- Up-to-date: /home/ros2/ros2_rc/src/install/nav2_behavior_tree/lib/libnav2_back_up_action_bt_node.so
[4.840s] -- Up-to-date: /home/ros2/ros2_rc/src/install/nav2_behavior_tree/lib/libnav2_drive_on_heading_bt_node.so
[4.841s] -- Up-to-date: /home/ros2/ros2_rc/src/install/nav2_behavior_tree/lib/libnav2_spin_action_bt_node.so
[4.841s] -- Up-to-date: /home/ros2/ros2_rc/src/install/nav2_behavior_tree/lib/libnav2_wait_action_bt_node.so
[4.842s] -- Up-to-date: /home/ros2/ros2_rc/src/install/nav2_behavior_tree/lib/libnav2_assisted_teleop_action_bt_node.so
[4.842s] -- Up-to-date: /home/ros2/ros2_rc/src/install/nav2_behavior_tree/lib/libnav2_clear_costmap_service_bt_node.so
[4.843s] -- Up-to-date: /home/ros2/ros2_rc/src/install/nav2_behavior_tree/lib/libnav2_is_stuck_condition_bt_node.so
[4.843s] -- Up-to-date: /home/ros2/ros2_rc/src/install/nav2_behavior_tree/lib/libnav2_transform_available_condition_bt_node.so
[4.846s] -- Up-to-date: /home/ros2/ros2_rc/src/install/nav2_behavior_tree/lib/libnav2_goal_reached_condition_bt_node.so
[4.847s] -- Up-to-date: /home/ros2/ros2_rc/src/install/nav2_behavior_tree/lib/libnav2_globally_updated_goal_condition_bt_node.so
[4.858s] -- Up-to-date: /home/ros2/ros2_rc/src/install/nav2_behavior_tree/lib/libnav2_goal_updated_condition_bt_node.so
[4.858s] -- Up-to-date: /home/ros2/ros2_rc/src/install/nav2_behavior_tree/lib/libnav2_is_path_valid_condition_bt_node.so
[4.858s] -- Up-to-date: /home/ros2/ros2_rc/src/install/nav2_behavior_tree/lib/libnav2_time_expired_condition_bt_node.so
[4.858s] -- Up-to-date: /home/ros2/ros2_rc/src/install/nav2_behavior_tree/lib/libnav2_path_expiring_timer_condition.so
[4.859s] -- Up-to-date: /home/ros2/ros2_rc/src/install/nav2_behavior_tree/lib/libnav2_distance_traveled_condition_bt_node.so
[4.859s] -- Up-to-date: /home/ros2/ros2_rc/src/install/nav2_behavior_tree/lib/libnav2_initial_pose_received_condition_bt_node.so
[4.859s] -- Up-to-date: /home/ros2/ros2_rc/src/install/nav2_behavior_tree/lib/libnav2_is_battery_charging_condition_bt_node.so
[4.859s] -- Up-to-date: /home/ros2/ros2_rc/src/install/nav2_behavior_tree/lib/libnav2_is_battery_low_condition_bt_node.so
[4.859s] -- Up-to-date: /home/ros2/ros2_rc/src/install/nav2_behavior_tree/lib/libnav2_reinitialize_global_localization_service_bt_node.so
[4.859s] -- Up-to-date: /home/ros2/ros2_rc/src/install/nav2_behavior_tree/lib/libnav2_rate_controller_bt_node.so
[4.859s] -- Up-to-date: /home/ros2/ros2_rc/src/install/nav2_behavior_tree/lib/libnav2_distance_controller_bt_node.so
[4.859s] -- Up-to-date: /home/ros2/ros2_rc/src/install/nav2_behavior_tree/lib/libnav2_speed_controller_bt_node.so
[4.859s] -- Up-to-date: /home/ros2/ros2_rc/src/install/nav2_behavior_tree/lib/libnav2_truncate_path_action_bt_node.so
[4.859s] -- Up-to-date: /home/ros2/ros2_rc/src/install/nav2_behavior_tree/lib/libnav2_truncate_path_local_action_bt_node.so
[4.859s] -- Up-to-date: /home/ros2/ros2_rc/src/install/nav2_behavior_tree/lib/libnav2_goal_updater_node_bt_node.so
[4.860s] -- Up-to-date: /home/ros2/ros2_rc/src/install/nav2_behavior_tree/lib/libnav2_path_longer_on_approach_bt_node.so
[4.860s] -- Up-to-date: /home/ros2/ros2_rc/src/install/nav2_behavior_tree/lib/libnav2_recovery_node_bt_node.so
[4.860s] -- Up-to-date: /home/ros2/ros2_rc/src/install/nav2_behavior_tree/lib/libnav2_navigate_to_pose_action_bt_node.so
[4.860s] -- Up-to-date: /home/ros2/ros2_rc/src/install/nav2_behavior_tree/lib/libnav2_navigate_through_poses_action_bt_node.so
[4.860s] -- Up-to-date: /home/ros2/ros2_rc/src/install/nav2_behavior_tree/lib/libnav2_remove_passed_goals_action_bt_node.so
[4.860s] -- Up-to-date: /home/ros2/ros2_rc/src/install/nav2_behavior_tree/lib/libnav2_get_pose_from_path_action_bt_node.so
[4.860s] -- Up-to-date: /home/ros2/ros2_rc/src/install/nav2_behavior_tree/lib/libnav2_pipeline_sequence_bt_node.so
[4.861s] -- Up-to-date: /home/ros2/ros2_rc/src/install/nav2_behavior_tree/lib/libnav2_round_robin_node_bt_node.so
[4.861s] -- Up-to-date: /home/ros2/ros2_rc/src/install/nav2_behavior_tree/lib/libnav2_single_trigger_bt_node.so
[4.863s] -- Up-to-date: /home/ros2/ros2_rc/src/install/nav2_behavior_tree/lib/libnav2_planner_selector_bt_node.so
[4.863s] -- Up-to-date: /home/ros2/ros2_rc/src/install/nav2_behavior_tree/lib/libnav2_controller_selector_bt_node.so
[4.865s] -- Up-to-date: /home/ros2/ros2_rc/src/install/nav2_behavior_tree/lib/libnav2_smoother_selector_bt_node.so
[4.865s] -- Up-to-date: /home/ros2/ros2_rc/src/install/nav2_behavior_tree/lib/libnav2_goal_checker_selector_bt_node.so
[4.865s] -- Up-to-date: /home/ros2/ros2_rc/src/install/nav2_behavior_tree/lib/libnav2_progress_checker_selector_bt_node.so
[4.865s] -- Up-to-date: /home/ros2/ros2_rc/src/install/nav2_behavior_tree/lib/libnav2_goal_updated_controller_bt_node.so
[4.865s] -- Up-to-date: /home/ros2/ros2_rc/src/install/nav2_behavior_tree/include/
[4.866s] -- Up-to-date: /home/ros2/ros2_rc/src/install/nav2_behavior_tree/include//nav2_behavior_tree
[4.866s] -- Up-to-date: /home/ros2/ros2_rc/src/install/nav2_behavior_tree/include//nav2_behavior_tree/ros_topic_logger.hpp
[4.866s] -- Up-to-date: /home/ros2/ros2_rc/src/install/nav2_behavior_tree/include//nav2_behavior_tree/bt_action_node.hpp
[4.866s] -- Up-to-date: /home/ros2/ros2_rc/src/install/nav2_behavior_tree/include//nav2_behavior_tree/bt_service_node.hpp
[4.867s] -- Up-to-date: /home/ros2/ros2_rc/src/install/nav2_behavior_tree/include//nav2_behavior_tree/bt_action_server_impl.hpp
[4.867s] -- Up-to-date: /home/ros2/ros2_rc/src/install/nav2_behavior_tree/include//nav2_behavior_tree/bt_conversions.hpp
[4.867s] -- Up-to-date: /home/ros2/ros2_rc/src/install/nav2_behavior_tree/include//nav2_behavior_tree/bt_action_server.hpp
[4.867s] -- Up-to-date: /home/ros2/ros2_rc/src/install/nav2_behavior_tree/include//nav2_behavior_tree/plugins
[4.867s] -- Up-to-date: /home/ros2/ros2_rc/src/install/nav2_behavior_tree/include//nav2_behavior_tree/plugins/control
[4.867s] -- Up-to-date: /home/ros2/ros2_rc/src/install/nav2_behavior_tree/include//nav2_behavior_tree/plugins/control/recovery_node.hpp
[4.867s] -- Up-to-date: /home/ros2/ros2_rc/src/install/nav2_behavior_tree/include//nav2_behavior_tree/plugins/control/round_robin_node.hpp
[4.867s] -- Up-to-date: /home/ros2/ros2_rc/src/install/nav2_behavior_tree/include//nav2_behavior_tree/plugins/control/pipeline_sequence.hpp
[4.868s] -- Up-to-date: /home/ros2/ros2_rc/src/install/nav2_behavior_tree/include//nav2_behavior_tree/plugins/decorator
[4.868s] -- Up-to-date: /home/ros2/ros2_rc/src/install/nav2_behavior_tree/include//nav2_behavior_tree/plugins/decorator/goal_updated_controller.hpp
[4.869s] -- Up-to-date: /home/ros2/ros2_rc/src/install/nav2_behavior_tree/include//nav2_behavior_tree/plugins/decorator/rate_controller.hpp
[4.869s] -- Up-to-date: /home/ros2/ros2_rc/src/install/nav2_behavior_tree/include//nav2_behavior_tree/plugins/decorator/distance_controller.hpp
[4.869s] -- Up-to-date: /home/ros2/ros2_rc/src/install/nav2_behavior_tree/include//nav2_behavior_tree/plugins/decorator/single_trigger_node.hpp
[4.869s] -- Up-to-date: /home/ros2/ros2_rc/src/install/nav2_behavior_tree/include//nav2_behavior_tree/plugins/decorator/path_longer_on_approach.hpp
[4.869s] -- Up-to-date: /home/ros2/ros2_rc/src/install/nav2_behavior_tree/include//nav2_behavior_tree/plugins/decorator/speed_controller.hpp
[4.869s] -- Up-to-date: /home/ros2/ros2_rc/src/install/nav2_behavior_tree/include//nav2_behavior_tree/plugins/decorator/goal_updater_node.hpp
[4.869s] -- Up-to-date: /home/ros2/ros2_rc/src/install/nav2_behavior_tree/include//nav2_behavior_tree/plugins/condition
[4.869s] -- Up-to-date: /home/ros2/ros2_rc/src/install/nav2_behavior_tree/include//nav2_behavior_tree/plugins/condition/initial_pose_received_condition.hpp
[4.869s] -- Up-to-date: /home/ros2/ros2_rc/src/install/nav2_behavior_tree/include//nav2_behavior_tree/plugins/condition/globally_updated_goal_condition.hpp
[4.869s] -- Up-to-date: /home/ros2/ros2_rc/src/install/nav2_behavior_tree/include//nav2_behavior_tree/plugins/condition/is_battery_charging_condition.hpp
[4.869s] -- Up-to-date: /home/ros2/ros2_rc/src/install/nav2_behavior_tree/include//nav2_behavior_tree/plugins/condition/is_path_valid_condition.hpp
[4.870s] -- Up-to-date: /home/ros2/ros2_rc/src/install/nav2_behavior_tree/include//nav2_behavior_tree/plugins/condition/path_expiring_timer_condition.hpp
[4.870s] -- Up-to-date: /home/ros2/ros2_rc/src/install/nav2_behavior_tree/include//nav2_behavior_tree/plugins/condition/goal_reached_condition.hpp
[4.870s] -- Up-to-date: /home/ros2/ros2_rc/src/install/nav2_behavior_tree/include//nav2_behavior_tree/plugins/condition/distance_traveled_condition.hpp
[4.870s] -- Up-to-date: /home/ros2/ros2_rc/src/install/nav2_behavior_tree/include//nav2_behavior_tree/plugins/condition/time_expired_condition.hpp
[4.870s] -- Up-to-date: /home/ros2/ros2_rc/src/install/nav2_behavior_tree/include//nav2_behavior_tree/plugins/condition/is_battery_low_condition.hpp
[4.870s] -- Up-to-date: /home/ros2/ros2_rc/src/install/nav2_behavior_tree/include//nav2_behavior_tree/plugins/condition/goal_updated_condition.hpp
[4.870s] -- Up-to-date: /home/ros2/ros2_rc/src/install/nav2_behavior_tree/include//nav2_behavior_tree/plugins/condition/is_stuck_condition.hpp
[4.870s] -- Up-to-date: /home/ros2/ros2_rc/src/install/nav2_behavior_tree/include//nav2_behavior_tree/plugins/condition/transform_available_condition.hpp
[4.870s] -- Up-to-date: /home/ros2/ros2_rc/src/install/nav2_behavior_tree/include//nav2_behavior_tree/plugins/action
[4.870s] -- Up-to-date: /home/ros2/ros2_rc/src/install/nav2_behavior_tree/include//nav2_behavior_tree/plugins/action/remove_passed_goals_action.hpp
[4.870s] -- Up-to-date: /home/ros2/ros2_rc/src/install/nav2_behavior_tree/include//nav2_behavior_tree/plugins/action/drive_on_heading_action.hpp
[4.871s] -- Up-to-date: /home/ros2/ros2_rc/src/install/nav2_behavior_tree/include//nav2_behavior_tree/plugins/action/reinitialize_global_localization_service.hpp
[4.871s] -- Up-to-date: /home/ros2/ros2_rc/src/install/nav2_behavior_tree/include//nav2_behavior_tree/plugins/action/smoother_selector_node.hpp
[4.871s] -- Up-to-date: /home/ros2/ros2_rc/src/install/nav2_behavior_tree/include//nav2_behavior_tree/plugins/action/truncate_path_local_action.hpp
[4.871s] -- Up-to-date: /home/ros2/ros2_rc/src/install/nav2_behavior_tree/include//nav2_behavior_tree/plugins/action/drive_on_heading_cancel_node.hpp
[4.872s] -- Up-to-date: /home/ros2/ros2_rc/src/install/nav2_behavior_tree/include//nav2_behavior_tree/plugins/action/planner_selector_node.hpp
[4.872s] -- Up-to-date: /home/ros2/ros2_rc/src/install/nav2_behavior_tree/include//nav2_behavior_tree/plugins/action/controller_cancel_node.hpp
[4.872s] -- Up-to-date: /home/ros2/ros2_rc/src/install/nav2_behavior_tree/include//nav2_behavior_tree/plugins/action/wait_cancel_node.hpp
[4.872s] -- Up-to-date: /home/ros2/ros2_rc/src/install/nav2_behavior_tree/include//nav2_behavior_tree/plugins/action/assisted_teleop_cancel_node.hpp
[4.872s] -- Up-to-date: /home/ros2/ros2_rc/src/install/nav2_behavior_tree/include//nav2_behavior_tree/plugins/action/follow_path_action.hpp
[4.872s] -- Up-to-date: /home/ros2/ros2_rc/src/install/nav2_behavior_tree/include//nav2_behavior_tree/plugins/action/goal_checker_selector_node.hpp
[4.872s] -- Up-to-date: /home/ros2/ros2_rc/src/install/nav2_behavior_tree/include//nav2_behavior_tree/plugins/action/spin_action.hpp
[4.872s] -- Up-to-date: /home/ros2/ros2_rc/src/install/nav2_behavior_tree/include//nav2_behavior_tree/plugins/action/compute_path_to_pose_action.hpp
[4.872s] -- Up-to-date: /home/ros2/ros2_rc/src/install/nav2_behavior_tree/include//nav2_behavior_tree/plugins/action/smooth_path_action.hpp
[4.873s] -- Up-to-date: /home/ros2/ros2_rc/src/install/nav2_behavior_tree/include//nav2_behavior_tree/plugins/action/navigate_to_pose_action.hpp
[4.873s] -- Up-to-date: /home/ros2/ros2_rc/src/install/nav2_behavior_tree/include//nav2_behavior_tree/plugins/action/get_pose_from_path_action.hpp
[4.873s] -- Up-to-date: /home/ros2/ros2_rc/src/install/nav2_behavior_tree/include//nav2_behavior_tree/plugins/action/truncate_path_action.hpp
[4.874s] -- Up-to-date: /home/ros2/ros2_rc/src/install/nav2_behavior_tree/include//nav2_behavior_tree/plugins/action/controller_selector_node.hpp
[4.874s] -- Up-to-date: /home/ros2/ros2_rc/src/install/nav2_behavior_tree/include//nav2_behavior_tree/plugins/action/back_up_cancel_node.hpp
[4.874s] -- Up-to-date: /home/ros2/ros2_rc/src/install/nav2_behavior_tree/include//nav2_behavior_tree/plugins/action/compute_path_through_poses_action.hpp
[4.874s] -- Up-to-date: /home/ros2/ros2_rc/src/install/nav2_behavior_tree/include//nav2_behavior_tree/plugins/action/navigate_through_poses_action.hpp
[4.874s] -- Up-to-date: /home/ros2/ros2_rc/src/install/nav2_behavior_tree/include//nav2_behavior_tree/plugins/action/spin_cancel_node.hpp
[4.874s] -- Up-to-date: /home/ros2/ros2_rc/src/install/nav2_behavior_tree/include//nav2_behavior_tree/plugins/action/wait_action.hpp
[4.875s] -- Up-to-date: /home/ros2/ros2_rc/src/install/nav2_behavior_tree/include//nav2_behavior_tree/plugins/action/back_up_action.hpp
[4.875s] -- Up-to-date: /home/ros2/ros2_rc/src/install/nav2_behavior_tree/include//nav2_behavior_tree/plugins/action/progress_checker_selector_node.hpp
[4.875s] -- Up-to-date: /home/ros2/ros2_rc/src/install/nav2_behavior_tree/include//nav2_behavior_tree/plugins/action/clear_costmap_service.hpp
[4.876s] -- Up-to-date: /home/ros2/ros2_rc/src/install/nav2_behavior_tree/include//nav2_behavior_tree/plugins/action/assisted_teleop_action.hpp
[4.886s] -- Up-to-date: /home/ros2/ros2_rc/src/install/nav2_behavior_tree/include//nav2_behavior_tree/bt_cancel_action_node.hpp
[4.886s] -- Up-to-date: /home/ros2/ros2_rc/src/install/nav2_behavior_tree/include//nav2_behavior_tree/behavior_tree_engine.hpp
[4.886s] -- Up-to-date: /home/ros2/ros2_rc/src/install/nav2_behavior_tree/share/nav2_behavior_tree/nav2_tree_nodes.xml
[4.886s] -- Up-to-date: /home/ros2/ros2_rc/src/install/nav2_behavior_tree/share/nav2_behavior_tree/environment/library_path.sh
[4.886s] -- Up-to-date: /home/ros2/ros2_rc/src/install/nav2_behavior_tree/share/nav2_behavior_tree/environment/library_path.dsv
[4.887s] -- Up-to-date: /home/ros2/ros2_rc/src/install/nav2_behavior_tree/share/ament_index/resource_index/package_run_dependencies/nav2_behavior_tree
[4.887s] -- Up-to-date: /home/ros2/ros2_rc/src/install/nav2_behavior_tree/share/ament_index/resource_index/parent_prefix_path/nav2_behavior_tree
[4.888s] -- Up-to-date: /home/ros2/ros2_rc/src/install/nav2_behavior_tree/share/nav2_behavior_tree/environment/ament_prefix_path.sh
[4.888s] -- Up-to-date: /home/ros2/ros2_rc/src/install/nav2_behavior_tree/share/nav2_behavior_tree/environment/ament_prefix_path.dsv
[4.888s] -- Up-to-date: /home/ros2/ros2_rc/src/install/nav2_behavior_tree/share/nav2_behavior_tree/environment/path.sh
[4.888s] -- Up-to-date: /home/ros2/ros2_rc/src/install/nav2_behavior_tree/share/nav2_behavior_tree/environment/path.dsv
[4.888s] -- Up-to-date: /home/ros2/ros2_rc/src/install/nav2_behavior_tree/share/nav2_behavior_tree/local_setup.bash
[4.889s] -- Up-to-date: /home/ros2/ros2_rc/src/install/nav2_behavior_tree/share/nav2_behavior_tree/local_setup.sh
[4.889s] -- Up-to-date: /home/ros2/ros2_rc/src/install/nav2_behavior_tree/share/nav2_behavior_tree/local_setup.zsh
[4.889s] -- Up-to-date: /home/ros2/ros2_rc/src/install/nav2_behavior_tree/share/nav2_behavior_tree/local_setup.dsv
[4.889s] -- Installing: /home/ros2/ros2_rc/src/install/nav2_behavior_tree/share/nav2_behavior_tree/package.dsv
[4.889s] -- Up-to-date: /home/ros2/ros2_rc/src/install/nav2_behavior_tree/share/ament_index/resource_index/packages/nav2_behavior_tree
[4.889s] -- Up-to-date: /home/ros2/ros2_rc/src/install/nav2_behavior_tree/share/nav2_behavior_tree/cmake/ament_cmake_export_include_directories-extras.cmake
[4.889s] -- Up-to-date: /home/ros2/ros2_rc/src/install/nav2_behavior_tree/share/nav2_behavior_tree/cmake/ament_cmake_export_libraries-extras.cmake
[4.890s] -- Up-to-date: /home/ros2/ros2_rc/src/install/nav2_behavior_tree/share/nav2_behavior_tree/cmake/ament_cmake_export_dependencies-extras.cmake
[4.890s] -- Up-to-date: /home/ros2/ros2_rc/src/install/nav2_behavior_tree/share/nav2_behavior_tree/cmake/nav2_behavior_treeConfig.cmake
[4.890s] -- Up-to-date: /home/ros2/ros2_rc/src/install/nav2_behavior_tree/share/nav2_behavior_tree/cmake/nav2_behavior_treeConfig-version.cmake
[4.890s] -- Up-to-date: /home/ros2/ros2_rc/src/install/nav2_behavior_tree/share/nav2_behavior_tree/package.xml
[4.890s] Invoked command in '/home/ros2/ros2_rc/src/build/nav2_behavior_tree' returned '0': CMAKE_PREFIX_PATH=/home/ros2/ros2_rc/src/install/nav2_util:/home/ros2/ros2_rc/src/install/nav2_msgs:/home/ros2/ros2_rc/src/install/nav2_common:/home/ros2/ros2_rc/src/install/nav2_system_tests:/home/ros2/ros2_rc/src/install/nav2_bringup:/home/ros2/ros2_rc/src/install/navigation2:/home/ros2/ros2_rc/src/install/nav2_smoother:/home/ros2/ros2_rc/src/install/nav2_graceful_controller:/home/ros2/ros2_rc/src/install/nav2_dwb_controller:/home/ros2/ros2_rc/src/install/dwb_plugins:/home/ros2/ros2_rc/src/install/dwb_critics:/home/ros2/ros2_rc/src/install/nav2_waypoint_follower:/home/ros2/ros2_rc/src/install/nav2_theta_star_planner:/home/ros2/ros2_rc/src/install/nav2_smac_planner:/home/ros2/ros2_rc/src/install/nav2_rotation_shim_controller:/home/ros2/ros2_rc/src/install/nav2_mppi_controller:/home/ros2/ros2_rc/src/install/smartcar_msgs:/home/ros2/ros2_rc/src/install/smart_car:/home/ros2/ros2_rc/src/install/ros2_rc:/home/ros2/ros2_rc/src/install/nav2_controller:/home/ros2/ros2_rc/src/install/dwb_core:/home/ros2/ros2_rc/src/install/nav_2d_utils:/home/ros2/ros2_rc/src/install/dwb_msgs:/home/ros2/ros2_rc/src/install/nav_2d_msgs:/home/ros2/ros2_rc/src/install/nav2_regulated_pure_pursuit_controller:/home/ros2/ros2_rc/src/install/nav2_planner:/home/ros2/ros2_rc/src/install/nav2_navfn_planner:/home/ros2/ros2_rc/src/install/nav2_constrained_smoother:/home/ros2/ros2_rc/src/install/nav2_bt_navigator:/home/ros2/ros2_rc/src/install/nav2_behaviors:/home/ros2/ros2_rc/src/install/nav2_core:/home/ros2/ros2_rc/src/install/nav2_collision_monitor:/home/ros2/ros2_rc/src/install/costmap_queue:/home/ros2/ros2_rc/src/install/nav2_costmap_2d:/home/ros2/ros2_rc/src/install/nav2_voxel_grid:/home/ros2/ros2_rc/src/install/nav2_velocity_smoother:/home/ros2/ros2_rc/src/install/nav2_rviz_plugins:/home/ros2/ros2_rc/src/install/nav2_map_server:/home/ros2/ros2_rc/src/install/nav2_lifecycle_manager:/home/ros2/ros2_rc/src/install/nav2_behavior_tree:/home/ros2/ros2_rc/src/install/nav2_amcl:/home/ros2/ros2_rc/src/install/car_gazebo_plugin:/home/ros2/ros2_rc/install/smartcar_msgs:/home/ros2/ros2_rc/install/smart_car:/home/ros2/ros2_rc/install/ros2_rc:/home/ros2/ros2_rc/install/nav2_system_tests:/home/ros2/ros2_rc/install/nav2_bringup:/home/ros2/ros2_rc/install/navigation2:/home/ros2/ros2_rc/install/nav2_smoother:/home/ros2/ros2_rc/install/nav2_graceful_controller:/home/ros2/ros2_rc/install/nav2_dwb_controller:/home/ros2/ros2_rc/install/nav2_controller:/home/ros2/ros2_rc/install/dwb_plugins:/home/ros2/ros2_rc/install/dwb_critics:/home/ros2/ros2_rc/install/dwb_core:/home/ros2/ros2_rc/install/nav_2d_utils:/home/ros2/ros2_rc/install/dwb_msgs:/home/ros2/ros2_rc/install/nav_2d_msgs:/home/ros2/ros2_rc/install/nav2_waypoint_follower:/home/ros2/ros2_rc/install/nav2_theta_star_planner:/home/ros2/ros2_rc/install/nav2_smac_planner:/home/ros2/ros2_rc/install/nav2_rotation_shim_controller:/home/ros2/ros2_rc/install/nav2_regulated_pure_pursuit_controller:/home/ros2/ros2_rc/install/nav2_planner:/home/ros2/ros2_rc/install/nav2_navfn_planner:/home/ros2/ros2_rc/install/nav2_mppi_controller:/home/ros2/ros2_rc/install/nav2_constrained_smoother:/home/ros2/ros2_rc/install/nav2_bt_navigator:/home/ros2/ros2_rc/install/nav2_behaviors:/home/ros2/ros2_rc/install/nav2_core:/home/ros2/ros2_rc/install/nav2_collision_monitor:/home/ros2/ros2_rc/install/costmap_queue:/home/ros2/ros2_rc/install/nav2_costmap_2d:/home/ros2/ros2_rc/install/nav2_voxel_grid:/home/ros2/ros2_rc/install/nav2_velocity_smoother:/home/ros2/ros2_rc/install/nav2_rviz_plugins:/home/ros2/ros2_rc/install/nav2_map_server:/home/ros2/ros2_rc/install/nav2_lifecycle_manager:/home/ros2/ros2_rc/install/nav2_behavior_tree:/home/ros2/ros2_rc/install/nav2_amcl:/home/ros2/ros2_rc/install/nav2_util:/home/ros2/ros2_rc/install/nav2_msgs:/home/ros2/ros2_rc/install/nav2_common:/home/ros2/ros2_rc/install/car_gazebo_plugin:/home/ros2/ros2_rc/src/install/nav2_simple_commander:/home/ros2/ros2_rc/install/nav2_simple_commander:/opt/ros/humble LD_LIBRARY_PATH=/home/ros2/ros2_rc/src/install/nav2_util/lib:/home/ros2/ros2_rc/src/install/nav2_msgs/lib:/home/ros2/ros2_rc/src/install/nav2_smoother/lib:/home/ros2/ros2_rc/src/install/nav2_graceful_controller/lib:/home/ros2/ros2_rc/src/install/dwb_critics/lib:/home/ros2/ros2_rc/src/install/nav2_waypoint_follower/lib:/home/ros2/ros2_rc/src/install/nav2_smac_planner/lib:/home/ros2/ros2_rc/src/install/nav2_rotation_shim_controller/lib:/home/ros2/ros2_rc/src/install/nav2_mppi_controller/lib:/home/ros2/ros2_rc/src/install/smartcar_msgs/lib:/home/ros2/ros2_rc/src/install/nav2_controller/lib:/home/ros2/ros2_rc/src/install/dwb_plugins/lib:/home/ros2/ros2_rc/src/install/dwb_core/lib:/home/ros2/ros2_rc/src/install/nav_2d_utils/lib:/home/ros2/ros2_rc/src/install/dwb_msgs/lib:/home/ros2/ros2_rc/src/install/nav_2d_msgs/lib:/home/ros2/ros2_rc/src/install/nav2_theta_star_planner/lib:/home/ros2/ros2_rc/src/install/nav2_regulated_pure_pursuit_controller/lib:/home/ros2/ros2_rc/src/install/nav2_planner/lib:/home/ros2/ros2_rc/src/install/nav2_navfn_planner/lib:/home/ros2/ros2_rc/src/install/nav2_constrained_smoother/lib:/home/ros2/ros2_rc/src/install/nav2_bt_navigator/lib:/home/ros2/ros2_rc/src/install/nav2_behaviors/lib:/home/ros2/ros2_rc/src/install/nav2_collision_monitor/lib:/home/ros2/ros2_rc/src/install/costmap_queue/lib:/home/ros2/ros2_rc/src/install/nav2_costmap_2d/lib:/home/ros2/ros2_rc/src/install/nav2_voxel_grid/lib:/home/ros2/ros2_rc/src/install/nav2_velocity_smoother/lib:/home/ros2/ros2_rc/src/install/nav2_rviz_plugins/lib:/home/ros2/ros2_rc/src/install/nav2_map_server/lib:/home/ros2/ros2_rc/src/install/nav2_lifecycle_manager/lib:/home/ros2/ros2_rc/src/install/nav2_behavior_tree/lib:/home/ros2/ros2_rc/src/install/nav2_amcl/lib:/home/ros2/ros2_rc/src/install/car_gazebo_plugin/lib:/home/ros2/ros2_rc/install/smartcar_msgs/lib:/home/ros2/ros2_rc/install/nav2_smoother/lib:/home/ros2/ros2_rc/install/nav2_graceful_controller/lib:/home/ros2/ros2_rc/install/nav2_controller/lib:/home/ros2/ros2_rc/install/dwb_plugins/lib:/home/ros2/ros2_rc/install/dwb_critics/lib:/home/ros2/ros2_rc/install/dwb_core/lib:/home/ros2/ros2_rc/install/nav_2d_utils/lib:/home/ros2/ros2_rc/install/dwb_msgs/lib:/home/ros2/ros2_rc/install/nav_2d_msgs/lib:/home/ros2/ros2_rc/install/nav2_waypoint_follower/lib:/home/ros2/ros2_rc/install/nav2_theta_star_planner/lib:/home/ros2/ros2_rc/install/nav2_smac_planner/lib:/home/ros2/ros2_rc/install/nav2_rotation_shim_controller/lib:/home/ros2/ros2_rc/install/nav2_regulated_pure_pursuit_controller/lib:/home/ros2/ros2_rc/install/nav2_planner/lib:/home/ros2/ros2_rc/install/nav2_navfn_planner/lib:/home/ros2/ros2_rc/install/nav2_mppi_controller/lib:/home/ros2/ros2_rc/install/nav2_constrained_smoother/lib:/home/ros2/ros2_rc/install/nav2_bt_navigator/lib:/home/ros2/ros2_rc/install/nav2_behaviors/lib:/home/ros2/ros2_rc/install/nav2_collision_monitor/lib:/home/ros2/ros2_rc/install/costmap_queue/lib:/home/ros2/ros2_rc/install/nav2_costmap_2d/lib:/home/ros2/ros2_rc/install/nav2_voxel_grid/lib:/home/ros2/ros2_rc/install/nav2_velocity_smoother/lib:/home/ros2/ros2_rc/install/nav2_rviz_plugins/lib:/home/ros2/ros2_rc/install/nav2_map_server/lib:/home/ros2/ros2_rc/install/nav2_lifecycle_manager/lib:/home/ros2/ros2_rc/install/nav2_behavior_tree/lib:/home/ros2/ros2_rc/install/nav2_amcl/lib:/home/ros2/ros2_rc/install/nav2_util/lib:/home/ros2/ros2_rc/install/nav2_msgs/lib:/home/ros2/ros2_rc/install/car_gazebo_plugin/lib:/usr/lib/x86_64-linux-gnu/gazebo-11/plugins:/opt/ros/humble/opt/rviz_ogre_vendor/lib:/opt/ros/humble/lib/x86_64-linux-gnu:/opt/ros/humble/lib:/usr/lib/x86_64-linux-gnu/gazebo-11/plugins /usr/bin/cmake --install /home/ros2/ros2_rc/src/build/nav2_behavior_tree
