[0.316s] Invoking command in '/home/ros2/ros2_rc/src/build/nav2_common': CMAKE_PREFIX_PATH=${CMAKE_PREFIX_PATH}:/home/ros2/ros2_rc/src/install/nav2_simple_commander:/home/ros2/ros2_rc/install/nav2_simple_commander:/opt/ros/humble /usr/bin/cmake --build /home/ros2/ros2_rc/src/build/nav2_common -- -j10 -l10
[0.802s] Built target ament_cmake_python_copy_nav2_common
[2.578s] running egg_info
[2.588s] writing nav2_common.egg-info/PKG-INFO
[2.588s] writing dependency_links to nav2_common.egg-info/dependency_links.txt
[2.589s] writing top-level names to nav2_common.egg-info/top_level.txt
[2.604s] reading manifest file 'nav2_common.egg-info/SOURCES.txt'
[2.606s] writing manifest file 'nav2_common.egg-info/SOURCES.txt'
[2.813s] Built target ament_cmake_python_build_nav2_common_egg
[2.864s] Invoked command in '/home/ros2/ros2_rc/src/build/nav2_common' returned '0': CMAKE_PREFIX_PATH=${CMAKE_PREFIX_PATH}:/home/ros2/ros2_rc/src/install/nav2_simple_commander:/home/ros2/ros2_rc/install/nav2_simple_commander:/opt/ros/humble /usr/bin/cmake --build /home/ros2/ros2_rc/src/build/nav2_common -- -j10 -l10
[3.083s] Invoking command in '/home/ros2/ros2_rc/src/build/nav2_common': CMAKE_PREFIX_PATH=${CMAKE_PREFIX_PATH}:/home/ros2/ros2_rc/src/install/nav2_simple_commander:/home/ros2/ros2_rc/install/nav2_simple_commander:/opt/ros/humble /usr/bin/cmake --install /home/ros2/ros2_rc/src/build/nav2_common
[3.094s] -- Install configuration: ""
[3.094s] -- Up-to-date: /home/ros2/ros2_rc/src/install/nav2_common/share/nav2_common/environment/pythonpath.sh
[3.095s] -- Up-to-date: /home/ros2/ros2_rc/src/install/nav2_common/share/nav2_common/environment/pythonpath.dsv
[3.095s] -- Up-to-date: /home/ros2/ros2_rc/src/install/nav2_common/local/lib/python3.10/dist-packages/nav2_common-1.1.16-py3.10.egg-info
[3.095s] -- Installing: /home/ros2/ros2_rc/src/install/nav2_common/local/lib/python3.10/dist-packages/nav2_common-1.1.16-py3.10.egg-info/SOURCES.txt
[3.095s] -- Installing: /home/ros2/ros2_rc/src/install/nav2_common/local/lib/python3.10/dist-packages/nav2_common-1.1.16-py3.10.egg-info/PKG-INFO
[3.095s] -- Installing: /home/ros2/ros2_rc/src/install/nav2_common/local/lib/python3.10/dist-packages/nav2_common-1.1.16-py3.10.egg-info/top_level.txt
[3.095s] -- Installing: /home/ros2/ros2_rc/src/install/nav2_common/local/lib/python3.10/dist-packages/nav2_common-1.1.16-py3.10.egg-info/dependency_links.txt
[3.095s] -- Up-to-date: /home/ros2/ros2_rc/src/install/nav2_common/local/lib/python3.10/dist-packages/nav2_common
[3.095s] -- Up-to-date: /home/ros2/ros2_rc/src/install/nav2_common/local/lib/python3.10/dist-packages/nav2_common/__init__.py
[3.095s] -- Up-to-date: /home/ros2/ros2_rc/src/install/nav2_common/local/lib/python3.10/dist-packages/nav2_common/launch
[3.095s] -- Up-to-date: /home/ros2/ros2_rc/src/install/nav2_common/local/lib/python3.10/dist-packages/nav2_common/launch/__init__.py
[3.096s] -- Up-to-date: /home/ros2/ros2_rc/src/install/nav2_common/local/lib/python3.10/dist-packages/nav2_common/launch/rewritten_yaml.py
[3.099s] -- Up-to-date: /home/ros2/ros2_rc/src/install/nav2_common/local/lib/python3.10/dist-packages/nav2_common/launch/has_node_params.py
[3.099s] -- Up-to-date: /home/ros2/ros2_rc/src/install/nav2_common/local/lib/python3.10/dist-packages/nav2_common/launch/parse_multirobot_pose.py
[3.099s] -- Up-to-date: /home/ros2/ros2_rc/src/install/nav2_common/local/lib/python3.10/dist-packages/nav2_common/launch/replace_string.py
[3.217s] Listing '/home/ros2/ros2_rc/src/install/nav2_common/local/lib/python3.10/dist-packages/nav2_common'...
[3.217s] Listing '/home/ros2/ros2_rc/src/install/nav2_common/local/lib/python3.10/dist-packages/nav2_common/launch'...
[3.248s] -- Up-to-date: /home/ros2/ros2_rc/src/install/nav2_common/share/ament_index/resource_index/package_run_dependencies/nav2_common
[3.248s] -- Up-to-date: /home/ros2/ros2_rc/src/install/nav2_common/share/ament_index/resource_index/parent_prefix_path/nav2_common
[3.248s] -- Up-to-date: /home/ros2/ros2_rc/src/install/nav2_common/share/nav2_common/environment/ament_prefix_path.sh
[3.248s] -- Up-to-date: /home/ros2/ros2_rc/src/install/nav2_common/share/nav2_common/environment/ament_prefix_path.dsv
[3.248s] -- Up-to-date: /home/ros2/ros2_rc/src/install/nav2_common/share/nav2_common/environment/path.sh
[3.248s] -- Up-to-date: /home/ros2/ros2_rc/src/install/nav2_common/share/nav2_common/environment/path.dsv
[3.248s] -- Up-to-date: /home/ros2/ros2_rc/src/install/nav2_common/share/nav2_common/local_setup.bash
[3.248s] -- Up-to-date: /home/ros2/ros2_rc/src/install/nav2_common/share/nav2_common/local_setup.sh
[3.249s] -- Up-to-date: /home/ros2/ros2_rc/src/install/nav2_common/share/nav2_common/local_setup.zsh
[3.249s] -- Up-to-date: /home/ros2/ros2_rc/src/install/nav2_common/share/nav2_common/local_setup.dsv
[3.249s] -- Installing: /home/ros2/ros2_rc/src/install/nav2_common/share/nav2_common/package.dsv
[3.249s] -- Up-to-date: /home/ros2/ros2_rc/src/install/nav2_common/share/ament_index/resource_index/packages/nav2_common
[3.249s] -- Up-to-date: /home/ros2/ros2_rc/src/install/nav2_common/share/nav2_common/cmake/nav2_common-extras.cmake
[3.249s] -- Up-to-date: /home/ros2/ros2_rc/src/install/nav2_common/share/nav2_common/cmake/nav2_commonConfig.cmake
[3.249s] -- Up-to-date: /home/ros2/ros2_rc/src/install/nav2_common/share/nav2_common/cmake/nav2_commonConfig-version.cmake
[3.249s] -- Up-to-date: /home/ros2/ros2_rc/src/install/nav2_common/share/nav2_common/package.xml
[3.250s] -- Up-to-date: /home/ros2/ros2_rc/src/install/nav2_common/share/nav2_common/cmake
[3.252s] -- Up-to-date: /home/ros2/ros2_rc/src/install/nav2_common/share/nav2_common/cmake/nav2_package.cmake
[3.259s] Invoked command in '/home/ros2/ros2_rc/src/build/nav2_common' returned '0': CMAKE_PREFIX_PATH=${CMAKE_PREFIX_PATH}:/home/ros2/ros2_rc/src/install/nav2_simple_commander:/home/ros2/ros2_rc/install/nav2_simple_commander:/opt/ros/humble /usr/bin/cmake --install /home/ros2/ros2_rc/src/build/nav2_common
