[0.040s] Invoking command in '/home/ros2/ros2_rc/src/build/smart_car': CMAKE_PREFIX_PATH=${CMAKE_PREFIX_PATH}:/opt/ros/humble /usr/bin/cmake --build /home/ros2/ros2_rc/src/build/smart_car -- -j9 -l9
[0.113s] Invoked command in '/home/ros2/ros2_rc/src/build/smart_car' returned '0': CMAKE_PREFIX_PATH=${CMAKE_PREFIX_PATH}:/opt/ros/humble /usr/bin/cmake --build /home/ros2/ros2_rc/src/build/smart_car -- -j9 -l9
[0.192s] Invoking command in '/home/ros2/ros2_rc/src/build/smart_car': CMAKE_PREFIX_PATH=${CMAKE_PREFIX_PATH}:/opt/ros/humble /usr/bin/cmake --install /home/ros2/ros2_rc/src/build/smart_car
[0.203s] -- Install configuration: ""
[0.203s] -- Up-to-date: /home/ros2/ros2_rc/src/install/smart_car/share/smart_car/launch
[0.203s] -- Up-to-date: /home/ros2/ros2_rc/src/install/smart_car/share/smart_car/launch/gazebo.launch.py
[0.204s] -- Up-to-date: /home/ros2/ros2_rc/src/install/smart_car/share/smart_car/launch/smartcar.launch.py
[0.204s] -- Up-to-date: /home/ros2/ros2_rc/src/install/smart_car/share/smart_car/urdf
[0.204s] -- Up-to-date: /home/ros2/ros2_rc/src/install/smart_car/share/smart_car/urdf/smartcar.urdf.xacro
[0.205s] -- Up-to-date: /home/ros2/ros2_rc/src/install/smart_car/share/smart_car/urdf/smart_car.urdf
[0.205s] -- Up-to-date: /home/ros2/ros2_rc/src/install/smart_car/share/smart_car/urdf/.vscode
[0.205s] -- Up-to-date: /home/ros2/ros2_rc/src/install/smart_car/share/smart_car/urdf/.vscode/settings.json
[0.206s] -- Up-to-date: /home/ros2/ros2_rc/src/install/smart_car/share/smart_car/urdf/.vscode/c_cpp_properties.json
[0.206s] -- Up-to-date: /home/ros2/ros2_rc/src/install/smart_car/share/smart_car/urdf/smartcar.urdf
[0.206s] -- Up-to-date: /home/ros2/ros2_rc/src/install/smart_car/share/smart_car/world
[0.207s] -- Up-to-date: /home/ros2/ros2_rc/src/install/smart_car/share/smart_car/world/smalltown.world
[0.207s] -- Up-to-date: /home/ros2/ros2_rc/src/install/smart_car/share/ament_index/resource_index/package_run_dependencies/smart_car
[0.207s] -- Up-to-date: /home/ros2/ros2_rc/src/install/smart_car/share/ament_index/resource_index/parent_prefix_path/smart_car
[0.207s] -- Up-to-date: /home/ros2/ros2_rc/src/install/smart_car/share/smart_car/environment/ament_prefix_path.sh
[0.208s] -- Up-to-date: /home/ros2/ros2_rc/src/install/smart_car/share/smart_car/environment/ament_prefix_path.dsv
[0.208s] -- Up-to-date: /home/ros2/ros2_rc/src/install/smart_car/share/smart_car/environment/path.sh
[0.208s] -- Up-to-date: /home/ros2/ros2_rc/src/install/smart_car/share/smart_car/environment/path.dsv
[0.208s] -- Up-to-date: /home/ros2/ros2_rc/src/install/smart_car/share/smart_car/local_setup.bash
[0.209s] -- Up-to-date: /home/ros2/ros2_rc/src/install/smart_car/share/smart_car/local_setup.sh
[0.209s] -- Up-to-date: /home/ros2/ros2_rc/src/install/smart_car/share/smart_car/local_setup.zsh
[0.209s] -- Up-to-date: /home/ros2/ros2_rc/src/install/smart_car/share/smart_car/local_setup.dsv
[0.209s] -- Installing: /home/ros2/ros2_rc/src/install/smart_car/share/smart_car/package.dsv
[0.210s] -- Up-to-date: /home/ros2/ros2_rc/src/install/smart_car/share/ament_index/resource_index/packages/smart_car
[0.211s] -- Up-to-date: /home/ros2/ros2_rc/src/install/smart_car/share/smart_car/cmake/smart_carConfig.cmake
[0.211s] -- Up-to-date: /home/ros2/ros2_rc/src/install/smart_car/share/smart_car/cmake/smart_carConfig-version.cmake
[0.212s] -- Up-to-date: /home/ros2/ros2_rc/src/install/smart_car/share/smart_car/package.xml
[0.241s] Invoked command in '/home/ros2/ros2_rc/src/build/smart_car' returned '0': CMAKE_PREFIX_PATH=${CMAKE_PREFIX_PATH}:/opt/ros/humble /usr/bin/cmake --install /home/ros2/ros2_rc/src/build/smart_car
