[0.027s] Invoking command in '/home/ros2/ros2_rc/src/build/dwb_msgs': CMAKE_PREFIX_PATH=/home/ros2/ros2_rc/src/install/nav_2d_msgs:/home/ros2/ros2_rc/src/install/smartcar_msgs:/home/ros2/ros2_rc/src/install/smart_car:/home/ros2/ros2_rc/src/install/ros2_rc:/home/ros2/ros2_rc/src/install/nav2_controller:/home/ros2/ros2_rc/src/install/dwb_plugins:/home/ros2/ros2_rc/src/install/dwb_core:/home/ros2/ros2_rc/src/install/nav_2d_utils:/home/ros2/ros2_rc/src/install/dwb_msgs:/home/ros2/ros2_rc/src/install/nav2_theta_star_planner:/home/ros2/ros2_rc/src/install/nav2_regulated_pure_pursuit_controller:/home/ros2/ros2_rc/src/install/nav2_planner:/home/ros2/ros2_rc/src/install/nav2_navfn_planner:/home/ros2/ros2_rc/src/install/nav2_constrained_smoother:/home/ros2/ros2_rc/src/install/nav2_bt_navigator:/home/ros2/ros2_rc/src/install/nav2_behaviors:/home/ros2/ros2_rc/src/install/nav2_core:/home/ros2/ros2_rc/src/install/nav2_collision_monitor:/home/ros2/ros2_rc/src/install/costmap_queue:/home/ros2/ros2_rc/src/install/nav2_costmap_2d:/home/ros2/ros2_rc/src/install/nav2_voxel_grid:/home/ros2/ros2_rc/src/install/nav2_velocity_smoother:/home/ros2/ros2_rc/src/install/nav2_rviz_plugins:/home/ros2/ros2_rc/src/install/nav2_map_server:/home/ros2/ros2_rc/src/install/nav2_lifecycle_manager:/home/ros2/ros2_rc/src/install/nav2_behavior_tree:/home/ros2/ros2_rc/src/install/nav2_amcl:/home/ros2/ros2_rc/src/install/nav2_util:/home/ros2/ros2_rc/src/install/nav2_msgs:/home/ros2/ros2_rc/src/install/nav2_common:/home/ros2/ros2_rc/src/install/car_gazebo_plugin:/home/ros2/ros2_rc/src/install/nav2_simple_commander:/opt/ros/humble LD_LIBRARY_PATH=/home/ros2/ros2_rc/src/install/nav_2d_msgs/lib:/home/ros2/ros2_rc/src/install/smartcar_msgs/lib:/home/ros2/ros2_rc/src/install/nav2_controller/lib:/home/ros2/ros2_rc/src/install/dwb_plugins/lib:/home/ros2/ros2_rc/src/install/dwb_core/lib:/home/ros2/ros2_rc/src/install/nav_2d_utils/lib:/home/ros2/ros2_rc/src/install/dwb_msgs/lib:/home/ros2/ros2_rc/src/install/nav2_theta_star_planner/lib:/home/ros2/ros2_rc/src/install/nav2_regulated_pure_pursuit_controller/lib:/home/ros2/ros2_rc/src/install/nav2_planner/lib:/home/ros2/ros2_rc/src/install/nav2_navfn_planner/lib:/home/ros2/ros2_rc/src/install/nav2_constrained_smoother/lib:/home/ros2/ros2_rc/src/install/nav2_bt_navigator/lib:/home/ros2/ros2_rc/src/install/nav2_behaviors/lib:/home/ros2/ros2_rc/src/install/nav2_collision_monitor/lib:/home/ros2/ros2_rc/src/install/costmap_queue/lib:/home/ros2/ros2_rc/src/install/nav2_costmap_2d/lib:/home/ros2/ros2_rc/src/install/nav2_voxel_grid/lib:/home/ros2/ros2_rc/src/install/nav2_velocity_smoother/lib:/home/ros2/ros2_rc/src/install/nav2_rviz_plugins/lib:/home/ros2/ros2_rc/src/install/nav2_map_server/lib:/home/ros2/ros2_rc/src/install/nav2_lifecycle_manager/lib:/home/ros2/ros2_rc/src/install/nav2_behavior_tree/lib:/home/ros2/ros2_rc/src/install/nav2_amcl/lib:/home/ros2/ros2_rc/src/install/nav2_util/lib:/home/ros2/ros2_rc/src/install/nav2_msgs/lib:/home/ros2/ros2_rc/src/install/car_gazebo_plugin/lib:/usr/lib/x86_64-linux-gnu/gazebo-11/plugins:/opt/ros/humble/opt/rviz_ogre_vendor/lib:/opt/ros/humble/lib/x86_64-linux-gnu:/opt/ros/humble/lib:/usr/lib/x86_64-linux-gnu/gazebo-11/plugins /usr/bin/cmake --build /home/ros2/ros2_rc/src/build/dwb_msgs -- -j9 -l9
[0.143s] [  1%] Built target dwb_msgs__cpp
[0.151s] [ 12%] Built target dwb_msgs__rosidl_generator_c
[0.183s] [ 12%] Built target ament_cmake_python_copy_dwb_msgs
[0.211s] [ 24%] Built target dwb_msgs__rosidl_typesupport_cpp
[0.218s] [ 35%] Built target dwb_msgs__rosidl_typesupport_c
[0.220s] [ 58%] Built target dwb_msgs__rosidl_typesupport_fastrtps_cpp
[0.220s] [ 58%] Built target dwb_msgs__rosidl_typesupport_introspection_c
[0.220s] [ 70%] Built target dwb_msgs__rosidl_typesupport_introspection_cpp
[0.222s] [ 82%] Built target dwb_msgs__rosidl_typesupport_fastrtps_c
[0.263s] [ 82%] Built target dwb_msgs
[0.305s] [ 83%] Built target dwb_msgs__py
[0.357s] [ 93%] Built target dwb_msgs__rosidl_generator_py
[0.406s] [100%] Built target dwb_msgs__rosidl_typesupport_introspection_c__pyext
[0.406s] [100%] Built target dwb_msgs__rosidl_typesupport_c__pyext
[0.406s] [100%] Built target dwb_msgs__rosidl_typesupport_fastrtps_c__pyext
[0.600s] running egg_info
[0.601s] writing dwb_msgs.egg-info/PKG-INFO
[0.601s] writing dependency_links to dwb_msgs.egg-info/dependency_links.txt
[0.602s] writing top-level names to dwb_msgs.egg-info/top_level.txt
[0.606s] reading manifest file 'dwb_msgs.egg-info/SOURCES.txt'
[0.608s] writing manifest file 'dwb_msgs.egg-info/SOURCES.txt'
[0.670s] [100%] Built target ament_cmake_python_build_dwb_msgs_egg
[0.693s] Invoked command in '/home/ros2/ros2_rc/src/build/dwb_msgs' returned '0': CMAKE_PREFIX_PATH=/home/ros2/ros2_rc/src/install/nav_2d_msgs:/home/ros2/ros2_rc/src/install/smartcar_msgs:/home/ros2/ros2_rc/src/install/smart_car:/home/ros2/ros2_rc/src/install/ros2_rc:/home/ros2/ros2_rc/src/install/nav2_controller:/home/ros2/ros2_rc/src/install/dwb_plugins:/home/ros2/ros2_rc/src/install/dwb_core:/home/ros2/ros2_rc/src/install/nav_2d_utils:/home/ros2/ros2_rc/src/install/dwb_msgs:/home/ros2/ros2_rc/src/install/nav2_theta_star_planner:/home/ros2/ros2_rc/src/install/nav2_regulated_pure_pursuit_controller:/home/ros2/ros2_rc/src/install/nav2_planner:/home/ros2/ros2_rc/src/install/nav2_navfn_planner:/home/ros2/ros2_rc/src/install/nav2_constrained_smoother:/home/ros2/ros2_rc/src/install/nav2_bt_navigator:/home/ros2/ros2_rc/src/install/nav2_behaviors:/home/ros2/ros2_rc/src/install/nav2_core:/home/ros2/ros2_rc/src/install/nav2_collision_monitor:/home/ros2/ros2_rc/src/install/costmap_queue:/home/ros2/ros2_rc/src/install/nav2_costmap_2d:/home/ros2/ros2_rc/src/install/nav2_voxel_grid:/home/ros2/ros2_rc/src/install/nav2_velocity_smoother:/home/ros2/ros2_rc/src/install/nav2_rviz_plugins:/home/ros2/ros2_rc/src/install/nav2_map_server:/home/ros2/ros2_rc/src/install/nav2_lifecycle_manager:/home/ros2/ros2_rc/src/install/nav2_behavior_tree:/home/ros2/ros2_rc/src/install/nav2_amcl:/home/ros2/ros2_rc/src/install/nav2_util:/home/ros2/ros2_rc/src/install/nav2_msgs:/home/ros2/ros2_rc/src/install/nav2_common:/home/ros2/ros2_rc/src/install/car_gazebo_plugin:/home/ros2/ros2_rc/src/install/nav2_simple_commander:/opt/ros/humble LD_LIBRARY_PATH=/home/ros2/ros2_rc/src/install/nav_2d_msgs/lib:/home/ros2/ros2_rc/src/install/smartcar_msgs/lib:/home/ros2/ros2_rc/src/install/nav2_controller/lib:/home/ros2/ros2_rc/src/install/dwb_plugins/lib:/home/ros2/ros2_rc/src/install/dwb_core/lib:/home/ros2/ros2_rc/src/install/nav_2d_utils/lib:/home/ros2/ros2_rc/src/install/dwb_msgs/lib:/home/ros2/ros2_rc/src/install/nav2_theta_star_planner/lib:/home/ros2/ros2_rc/src/install/nav2_regulated_pure_pursuit_controller/lib:/home/ros2/ros2_rc/src/install/nav2_planner/lib:/home/ros2/ros2_rc/src/install/nav2_navfn_planner/lib:/home/ros2/ros2_rc/src/install/nav2_constrained_smoother/lib:/home/ros2/ros2_rc/src/install/nav2_bt_navigator/lib:/home/ros2/ros2_rc/src/install/nav2_behaviors/lib:/home/ros2/ros2_rc/src/install/nav2_collision_monitor/lib:/home/ros2/ros2_rc/src/install/costmap_queue/lib:/home/ros2/ros2_rc/src/install/nav2_costmap_2d/lib:/home/ros2/ros2_rc/src/install/nav2_voxel_grid/lib:/home/ros2/ros2_rc/src/install/nav2_velocity_smoother/lib:/home/ros2/ros2_rc/src/install/nav2_rviz_plugins/lib:/home/ros2/ros2_rc/src/install/nav2_map_server/lib:/home/ros2/ros2_rc/src/install/nav2_lifecycle_manager/lib:/home/ros2/ros2_rc/src/install/nav2_behavior_tree/lib:/home/ros2/ros2_rc/src/install/nav2_amcl/lib:/home/ros2/ros2_rc/src/install/nav2_util/lib:/home/ros2/ros2_rc/src/install/nav2_msgs/lib:/home/ros2/ros2_rc/src/install/car_gazebo_plugin/lib:/usr/lib/x86_64-linux-gnu/gazebo-11/plugins:/opt/ros/humble/opt/rviz_ogre_vendor/lib:/opt/ros/humble/lib/x86_64-linux-gnu:/opt/ros/humble/lib:/usr/lib/x86_64-linux-gnu/gazebo-11/plugins /usr/bin/cmake --build /home/ros2/ros2_rc/src/build/dwb_msgs -- -j9 -l9
[1.270s] Invoking command in '/home/ros2/ros2_rc/src/build/dwb_msgs': CMAKE_PREFIX_PATH=/home/ros2/ros2_rc/src/install/nav_2d_msgs:/home/ros2/ros2_rc/src/install/smartcar_msgs:/home/ros2/ros2_rc/src/install/smart_car:/home/ros2/ros2_rc/src/install/ros2_rc:/home/ros2/ros2_rc/src/install/nav2_controller:/home/ros2/ros2_rc/src/install/dwb_plugins:/home/ros2/ros2_rc/src/install/dwb_core:/home/ros2/ros2_rc/src/install/nav_2d_utils:/home/ros2/ros2_rc/src/install/dwb_msgs:/home/ros2/ros2_rc/src/install/nav2_theta_star_planner:/home/ros2/ros2_rc/src/install/nav2_regulated_pure_pursuit_controller:/home/ros2/ros2_rc/src/install/nav2_planner:/home/ros2/ros2_rc/src/install/nav2_navfn_planner:/home/ros2/ros2_rc/src/install/nav2_constrained_smoother:/home/ros2/ros2_rc/src/install/nav2_bt_navigator:/home/ros2/ros2_rc/src/install/nav2_behaviors:/home/ros2/ros2_rc/src/install/nav2_core:/home/ros2/ros2_rc/src/install/nav2_collision_monitor:/home/ros2/ros2_rc/src/install/costmap_queue:/home/ros2/ros2_rc/src/install/nav2_costmap_2d:/home/ros2/ros2_rc/src/install/nav2_voxel_grid:/home/ros2/ros2_rc/src/install/nav2_velocity_smoother:/home/ros2/ros2_rc/src/install/nav2_rviz_plugins:/home/ros2/ros2_rc/src/install/nav2_map_server:/home/ros2/ros2_rc/src/install/nav2_lifecycle_manager:/home/ros2/ros2_rc/src/install/nav2_behavior_tree:/home/ros2/ros2_rc/src/install/nav2_amcl:/home/ros2/ros2_rc/src/install/nav2_util:/home/ros2/ros2_rc/src/install/nav2_msgs:/home/ros2/ros2_rc/src/install/nav2_common:/home/ros2/ros2_rc/src/install/car_gazebo_plugin:/home/ros2/ros2_rc/src/install/nav2_simple_commander:/opt/ros/humble LD_LIBRARY_PATH=/home/ros2/ros2_rc/src/install/nav_2d_msgs/lib:/home/ros2/ros2_rc/src/install/smartcar_msgs/lib:/home/ros2/ros2_rc/src/install/nav2_controller/lib:/home/ros2/ros2_rc/src/install/dwb_plugins/lib:/home/ros2/ros2_rc/src/install/dwb_core/lib:/home/ros2/ros2_rc/src/install/nav_2d_utils/lib:/home/ros2/ros2_rc/src/install/dwb_msgs/lib:/home/ros2/ros2_rc/src/install/nav2_theta_star_planner/lib:/home/ros2/ros2_rc/src/install/nav2_regulated_pure_pursuit_controller/lib:/home/ros2/ros2_rc/src/install/nav2_planner/lib:/home/ros2/ros2_rc/src/install/nav2_navfn_planner/lib:/home/ros2/ros2_rc/src/install/nav2_constrained_smoother/lib:/home/ros2/ros2_rc/src/install/nav2_bt_navigator/lib:/home/ros2/ros2_rc/src/install/nav2_behaviors/lib:/home/ros2/ros2_rc/src/install/nav2_collision_monitor/lib:/home/ros2/ros2_rc/src/install/costmap_queue/lib:/home/ros2/ros2_rc/src/install/nav2_costmap_2d/lib:/home/ros2/ros2_rc/src/install/nav2_voxel_grid/lib:/home/ros2/ros2_rc/src/install/nav2_velocity_smoother/lib:/home/ros2/ros2_rc/src/install/nav2_rviz_plugins/lib:/home/ros2/ros2_rc/src/install/nav2_map_server/lib:/home/ros2/ros2_rc/src/install/nav2_lifecycle_manager/lib:/home/ros2/ros2_rc/src/install/nav2_behavior_tree/lib:/home/ros2/ros2_rc/src/install/nav2_amcl/lib:/home/ros2/ros2_rc/src/install/nav2_util/lib:/home/ros2/ros2_rc/src/install/nav2_msgs/lib:/home/ros2/ros2_rc/src/install/car_gazebo_plugin/lib:/usr/lib/x86_64-linux-gnu/gazebo-11/plugins:/opt/ros/humble/opt/rviz_ogre_vendor/lib:/opt/ros/humble/lib/x86_64-linux-gnu:/opt/ros/humble/lib:/usr/lib/x86_64-linux-gnu/gazebo-11/plugins /usr/bin/cmake --install /home/ros2/ros2_rc/src/build/dwb_msgs
[1.286s] -- Install configuration: ""
[1.286s] -- Up-to-date: /home/ros2/ros2_rc/src/install/dwb_msgs/share/ament_index/resource_index/rosidl_interfaces/dwb_msgs
[1.287s] -- Up-to-date: /home/ros2/ros2_rc/src/install/dwb_msgs/include/dwb_msgs/dwb_msgs
[1.288s] -- Up-to-date: /home/ros2/ros2_rc/src/install/dwb_msgs/include/dwb_msgs/dwb_msgs/srv
[1.288s] -- Up-to-date: /home/ros2/ros2_rc/src/install/dwb_msgs/include/dwb_msgs/dwb_msgs/srv/score_trajectory.h
[1.288s] -- Up-to-date: /home/ros2/ros2_rc/src/install/dwb_msgs/include/dwb_msgs/dwb_msgs/srv/generate_twists.h
[1.288s] -- Up-to-date: /home/ros2/ros2_rc/src/install/dwb_msgs/include/dwb_msgs/dwb_msgs/srv/get_critic_score.h
[1.288s] -- Up-to-date: /home/ros2/ros2_rc/src/install/dwb_msgs/include/dwb_msgs/dwb_msgs/srv/detail
[1.289s] -- Up-to-date: /home/ros2/ros2_rc/src/install/dwb_msgs/include/dwb_msgs/dwb_msgs/srv/detail/get_critic_score__struct.h
[1.289s] -- Up-to-date: /home/ros2/ros2_rc/src/install/dwb_msgs/include/dwb_msgs/dwb_msgs/srv/detail/score_trajectory__functions.c
[1.289s] -- Up-to-date: /home/ros2/ros2_rc/src/install/dwb_msgs/include/dwb_msgs/dwb_msgs/srv/detail/debug_local_plan__functions.c
[1.290s] -- Up-to-date: /home/ros2/ros2_rc/src/install/dwb_msgs/include/dwb_msgs/dwb_msgs/srv/detail/get_critic_score__type_support.h
[1.290s] -- Up-to-date: /home/ros2/ros2_rc/src/install/dwb_msgs/include/dwb_msgs/dwb_msgs/srv/detail/generate_trajectory__type_support.h
[1.290s] -- Up-to-date: /home/ros2/ros2_rc/src/install/dwb_msgs/include/dwb_msgs/dwb_msgs/srv/detail/generate_twists__functions.c
[1.290s] -- Up-to-date: /home/ros2/ros2_rc/src/install/dwb_msgs/include/dwb_msgs/dwb_msgs/srv/detail/score_trajectory__functions.h
[1.290s] -- Up-to-date: /home/ros2/ros2_rc/src/install/dwb_msgs/include/dwb_msgs/dwb_msgs/srv/detail/generate_trajectory__struct.h
[1.291s] -- Up-to-date: /home/ros2/ros2_rc/src/install/dwb_msgs/include/dwb_msgs/dwb_msgs/srv/detail/generate_twists__struct.h
[1.291s] -- Up-to-date: /home/ros2/ros2_rc/src/install/dwb_msgs/include/dwb_msgs/dwb_msgs/srv/detail/score_trajectory__struct.h
[1.291s] -- Up-to-date: /home/ros2/ros2_rc/src/install/dwb_msgs/include/dwb_msgs/dwb_msgs/srv/detail/debug_local_plan__type_support.h
[1.291s] -- Up-to-date: /home/ros2/ros2_rc/src/install/dwb_msgs/include/dwb_msgs/dwb_msgs/srv/detail/get_critic_score__functions.c
[1.291s] -- Up-to-date: /home/ros2/ros2_rc/src/install/dwb_msgs/include/dwb_msgs/dwb_msgs/srv/detail/debug_local_plan__functions.h
[1.292s] -- Up-to-date: /home/ros2/ros2_rc/src/install/dwb_msgs/include/dwb_msgs/dwb_msgs/srv/detail/generate_trajectory__functions.c
[1.292s] -- Up-to-date: /home/ros2/ros2_rc/src/install/dwb_msgs/include/dwb_msgs/dwb_msgs/srv/detail/generate_twists__type_support.h
[1.292s] -- Up-to-date: /home/ros2/ros2_rc/src/install/dwb_msgs/include/dwb_msgs/dwb_msgs/srv/detail/generate_twists__functions.h
[1.293s] -- Up-to-date: /home/ros2/ros2_rc/src/install/dwb_msgs/include/dwb_msgs/dwb_msgs/srv/detail/score_trajectory__type_support.h
[1.293s] -- Up-to-date: /home/ros2/ros2_rc/src/install/dwb_msgs/include/dwb_msgs/dwb_msgs/srv/detail/generate_trajectory__functions.h
[1.293s] -- Up-to-date: /home/ros2/ros2_rc/src/install/dwb_msgs/include/dwb_msgs/dwb_msgs/srv/detail/debug_local_plan__struct.h
[1.293s] -- Up-to-date: /home/ros2/ros2_rc/src/install/dwb_msgs/include/dwb_msgs/dwb_msgs/srv/detail/get_critic_score__functions.h
[1.293s] -- Up-to-date: /home/ros2/ros2_rc/src/install/dwb_msgs/include/dwb_msgs/dwb_msgs/srv/generate_trajectory.h
[1.293s] -- Up-to-date: /home/ros2/ros2_rc/src/install/dwb_msgs/include/dwb_msgs/dwb_msgs/srv/debug_local_plan.h
[1.293s] -- Up-to-date: /home/ros2/ros2_rc/src/install/dwb_msgs/include/dwb_msgs/dwb_msgs/msg
[1.293s] -- Up-to-date: /home/ros2/ros2_rc/src/install/dwb_msgs/include/dwb_msgs/dwb_msgs/msg/critic_score.h
[1.293s] -- Up-to-date: /home/ros2/ros2_rc/src/install/dwb_msgs/include/dwb_msgs/dwb_msgs/msg/trajectory2_d.h
[1.293s] -- Up-to-date: /home/ros2/ros2_rc/src/install/dwb_msgs/include/dwb_msgs/dwb_msgs/msg/rosidl_generator_c__visibility_control.h
[1.293s] -- Up-to-date: /home/ros2/ros2_rc/src/install/dwb_msgs/include/dwb_msgs/dwb_msgs/msg/trajectory_score.h
[1.293s] -- Up-to-date: /home/ros2/ros2_rc/src/install/dwb_msgs/include/dwb_msgs/dwb_msgs/msg/detail
[1.293s] -- Up-to-date: /home/ros2/ros2_rc/src/install/dwb_msgs/include/dwb_msgs/dwb_msgs/msg/detail/critic_score__functions.h
[1.293s] -- Up-to-date: /home/ros2/ros2_rc/src/install/dwb_msgs/include/dwb_msgs/dwb_msgs/msg/detail/trajectory2_d__struct.h
[1.294s] -- Up-to-date: /home/ros2/ros2_rc/src/install/dwb_msgs/include/dwb_msgs/dwb_msgs/msg/detail/critic_score__functions.c
[1.294s] -- Up-to-date: /home/ros2/ros2_rc/src/install/dwb_msgs/include/dwb_msgs/dwb_msgs/msg/detail/critic_score__struct.h
[1.294s] -- Up-to-date: /home/ros2/ros2_rc/src/install/dwb_msgs/include/dwb_msgs/dwb_msgs/msg/detail/local_plan_evaluation__functions.h
[1.294s] -- Up-to-date: /home/ros2/ros2_rc/src/install/dwb_msgs/include/dwb_msgs/dwb_msgs/msg/detail/trajectory2_d__type_support.h
[1.294s] -- Up-to-date: /home/ros2/ros2_rc/src/install/dwb_msgs/include/dwb_msgs/dwb_msgs/msg/detail/trajectory_score__type_support.h
[1.294s] -- Up-to-date: /home/ros2/ros2_rc/src/install/dwb_msgs/include/dwb_msgs/dwb_msgs/msg/detail/trajectory_score__struct.h
[1.294s] -- Up-to-date: /home/ros2/ros2_rc/src/install/dwb_msgs/include/dwb_msgs/dwb_msgs/msg/detail/trajectory_score__functions.h
[1.294s] -- Up-to-date: /home/ros2/ros2_rc/src/install/dwb_msgs/include/dwb_msgs/dwb_msgs/msg/detail/trajectory2_d__functions.c
[1.294s] -- Up-to-date: /home/ros2/ros2_rc/src/install/dwb_msgs/include/dwb_msgs/dwb_msgs/msg/detail/trajectory2_d__functions.h
[1.294s] -- Up-to-date: /home/ros2/ros2_rc/src/install/dwb_msgs/include/dwb_msgs/dwb_msgs/msg/detail/critic_score__type_support.h
[1.294s] -- Up-to-date: /home/ros2/ros2_rc/src/install/dwb_msgs/include/dwb_msgs/dwb_msgs/msg/detail/trajectory_score__functions.c
[1.294s] -- Up-to-date: /home/ros2/ros2_rc/src/install/dwb_msgs/include/dwb_msgs/dwb_msgs/msg/detail/local_plan_evaluation__type_support.h
[1.295s] -- Up-to-date: /home/ros2/ros2_rc/src/install/dwb_msgs/include/dwb_msgs/dwb_msgs/msg/detail/local_plan_evaluation__functions.c
[1.295s] -- Up-to-date: /home/ros2/ros2_rc/src/install/dwb_msgs/include/dwb_msgs/dwb_msgs/msg/detail/local_plan_evaluation__struct.h
[1.296s] -- Up-to-date: /home/ros2/ros2_rc/src/install/dwb_msgs/include/dwb_msgs/dwb_msgs/msg/local_plan_evaluation.h
[1.296s] -- Up-to-date: /home/ros2/ros2_rc/src/install/dwb_msgs/share/dwb_msgs/environment/library_path.sh
[1.296s] -- Up-to-date: /home/ros2/ros2_rc/src/install/dwb_msgs/share/dwb_msgs/environment/library_path.dsv
[1.296s] -- Up-to-date: /home/ros2/ros2_rc/src/install/dwb_msgs/lib/libdwb_msgs__rosidl_generator_c.so
[1.296s] -- Up-to-date: /home/ros2/ros2_rc/src/install/dwb_msgs/include/dwb_msgs/dwb_msgs
[1.296s] -- Up-to-date: /home/ros2/ros2_rc/src/install/dwb_msgs/include/dwb_msgs/dwb_msgs/srv
[1.296s] -- Up-to-date: /home/ros2/ros2_rc/src/install/dwb_msgs/include/dwb_msgs/dwb_msgs/srv/detail
[1.296s] -- Up-to-date: /home/ros2/ros2_rc/src/install/dwb_msgs/include/dwb_msgs/dwb_msgs/srv/detail/score_trajectory__rosidl_typesupport_fastrtps_c.h
[1.296s] -- Up-to-date: /home/ros2/ros2_rc/src/install/dwb_msgs/include/dwb_msgs/dwb_msgs/srv/detail/generate_trajectory__rosidl_typesupport_fastrtps_c.h
[1.297s] -- Up-to-date: /home/ros2/ros2_rc/src/install/dwb_msgs/include/dwb_msgs/dwb_msgs/srv/detail/debug_local_plan__rosidl_typesupport_fastrtps_c.h
[1.297s] -- Up-to-date: /home/ros2/ros2_rc/src/install/dwb_msgs/include/dwb_msgs/dwb_msgs/srv/detail/generate_twists__rosidl_typesupport_fastrtps_c.h
[1.297s] -- Up-to-date: /home/ros2/ros2_rc/src/install/dwb_msgs/include/dwb_msgs/dwb_msgs/srv/detail/get_critic_score__rosidl_typesupport_fastrtps_c.h
[1.297s] -- Up-to-date: /home/ros2/ros2_rc/src/install/dwb_msgs/include/dwb_msgs/dwb_msgs/msg
[1.297s] -- Up-to-date: /home/ros2/ros2_rc/src/install/dwb_msgs/include/dwb_msgs/dwb_msgs/msg/rosidl_typesupport_fastrtps_c__visibility_control.h
[1.297s] -- Up-to-date: /home/ros2/ros2_rc/src/install/dwb_msgs/include/dwb_msgs/dwb_msgs/msg/detail
[1.298s] -- Up-to-date: /home/ros2/ros2_rc/src/install/dwb_msgs/include/dwb_msgs/dwb_msgs/msg/detail/trajectory_score__rosidl_typesupport_fastrtps_c.h
[1.298s] -- Up-to-date: /home/ros2/ros2_rc/src/install/dwb_msgs/include/dwb_msgs/dwb_msgs/msg/detail/critic_score__rosidl_typesupport_fastrtps_c.h
[1.298s] -- Up-to-date: /home/ros2/ros2_rc/src/install/dwb_msgs/include/dwb_msgs/dwb_msgs/msg/detail/trajectory2_d__rosidl_typesupport_fastrtps_c.h
[1.298s] -- Up-to-date: /home/ros2/ros2_rc/src/install/dwb_msgs/include/dwb_msgs/dwb_msgs/msg/detail/local_plan_evaluation__rosidl_typesupport_fastrtps_c.h
[1.298s] -- Up-to-date: /home/ros2/ros2_rc/src/install/dwb_msgs/lib/libdwb_msgs__rosidl_typesupport_fastrtps_c.so
[1.299s] -- Up-to-date: /home/ros2/ros2_rc/src/install/dwb_msgs/include/dwb_msgs/dwb_msgs
[1.300s] -- Up-to-date: /home/ros2/ros2_rc/src/install/dwb_msgs/include/dwb_msgs/dwb_msgs/srv
[1.300s] -- Up-to-date: /home/ros2/ros2_rc/src/install/dwb_msgs/include/dwb_msgs/dwb_msgs/srv/generate_trajectory.hpp
[1.300s] -- Up-to-date: /home/ros2/ros2_rc/src/install/dwb_msgs/include/dwb_msgs/dwb_msgs/srv/score_trajectory.hpp
[1.301s] -- Up-to-date: /home/ros2/ros2_rc/src/install/dwb_msgs/include/dwb_msgs/dwb_msgs/srv/get_critic_score.hpp
[1.301s] -- Up-to-date: /home/ros2/ros2_rc/src/install/dwb_msgs/include/dwb_msgs/dwb_msgs/srv/debug_local_plan.hpp
[1.301s] -- Up-to-date: /home/ros2/ros2_rc/src/install/dwb_msgs/include/dwb_msgs/dwb_msgs/srv/generate_twists.hpp
[1.301s] -- Up-to-date: /home/ros2/ros2_rc/src/install/dwb_msgs/include/dwb_msgs/dwb_msgs/srv/detail
[1.301s] -- Up-to-date: /home/ros2/ros2_rc/src/install/dwb_msgs/include/dwb_msgs/dwb_msgs/srv/detail/generate_twists__builder.hpp
[1.301s] -- Up-to-date: /home/ros2/ros2_rc/src/install/dwb_msgs/include/dwb_msgs/dwb_msgs/srv/detail/score_trajectory__traits.hpp
[1.302s] -- Up-to-date: /home/ros2/ros2_rc/src/install/dwb_msgs/include/dwb_msgs/dwb_msgs/srv/detail/debug_local_plan__traits.hpp
[1.302s] -- Up-to-date: /home/ros2/ros2_rc/src/install/dwb_msgs/include/dwb_msgs/dwb_msgs/srv/detail/get_critic_score__traits.hpp
[1.302s] -- Up-to-date: /home/ros2/ros2_rc/src/install/dwb_msgs/include/dwb_msgs/dwb_msgs/srv/detail/generate_twists__struct.hpp
[1.302s] -- Up-to-date: /home/ros2/ros2_rc/src/install/dwb_msgs/include/dwb_msgs/dwb_msgs/srv/detail/score_trajectory__builder.hpp
[1.302s] -- Up-to-date: /home/ros2/ros2_rc/src/install/dwb_msgs/include/dwb_msgs/dwb_msgs/srv/detail/generate_trajectory__builder.hpp
[1.303s] -- Up-to-date: /home/ros2/ros2_rc/src/install/dwb_msgs/include/dwb_msgs/dwb_msgs/srv/detail/generate_trajectory__struct.hpp
[1.303s] -- Up-to-date: /home/ros2/ros2_rc/src/install/dwb_msgs/include/dwb_msgs/dwb_msgs/srv/detail/debug_local_plan__builder.hpp
[1.303s] -- Up-to-date: /home/ros2/ros2_rc/src/install/dwb_msgs/include/dwb_msgs/dwb_msgs/srv/detail/score_trajectory__struct.hpp
[1.303s] -- Up-to-date: /home/ros2/ros2_rc/src/install/dwb_msgs/include/dwb_msgs/dwb_msgs/srv/detail/get_critic_score__struct.hpp
[1.303s] -- Up-to-date: /home/ros2/ros2_rc/src/install/dwb_msgs/include/dwb_msgs/dwb_msgs/srv/detail/get_critic_score__builder.hpp
[1.303s] -- Up-to-date: /home/ros2/ros2_rc/src/install/dwb_msgs/include/dwb_msgs/dwb_msgs/srv/detail/debug_local_plan__struct.hpp
[1.304s] -- Up-to-date: /home/ros2/ros2_rc/src/install/dwb_msgs/include/dwb_msgs/dwb_msgs/srv/detail/generate_trajectory__traits.hpp
[1.304s] -- Up-to-date: /home/ros2/ros2_rc/src/install/dwb_msgs/include/dwb_msgs/dwb_msgs/srv/detail/generate_twists__traits.hpp
[1.304s] -- Up-to-date: /home/ros2/ros2_rc/src/install/dwb_msgs/include/dwb_msgs/dwb_msgs/msg
[1.304s] -- Up-to-date: /home/ros2/ros2_rc/src/install/dwb_msgs/include/dwb_msgs/dwb_msgs/msg/trajectory2_d.hpp
[1.304s] -- Up-to-date: /home/ros2/ros2_rc/src/install/dwb_msgs/include/dwb_msgs/dwb_msgs/msg/critic_score.hpp
[1.305s] -- Up-to-date: /home/ros2/ros2_rc/src/install/dwb_msgs/include/dwb_msgs/dwb_msgs/msg/trajectory_score.hpp
[1.305s] -- Up-to-date: /home/ros2/ros2_rc/src/install/dwb_msgs/include/dwb_msgs/dwb_msgs/msg/local_plan_evaluation.hpp
[1.305s] -- Up-to-date: /home/ros2/ros2_rc/src/install/dwb_msgs/include/dwb_msgs/dwb_msgs/msg/detail
[1.305s] -- Up-to-date: /home/ros2/ros2_rc/src/install/dwb_msgs/include/dwb_msgs/dwb_msgs/msg/detail/trajectory_score__traits.hpp
[1.305s] -- Up-to-date: /home/ros2/ros2_rc/src/install/dwb_msgs/include/dwb_msgs/dwb_msgs/msg/detail/trajectory_score__struct.hpp
[1.305s] -- Up-to-date: /home/ros2/ros2_rc/src/install/dwb_msgs/include/dwb_msgs/dwb_msgs/msg/detail/critic_score__builder.hpp
[1.305s] -- Up-to-date: /home/ros2/ros2_rc/src/install/dwb_msgs/include/dwb_msgs/dwb_msgs/msg/detail/trajectory_score__builder.hpp
[1.306s] -- Up-to-date: /home/ros2/ros2_rc/src/install/dwb_msgs/include/dwb_msgs/dwb_msgs/msg/detail/local_plan_evaluation__builder.hpp
[1.306s] -- Up-to-date: /home/ros2/ros2_rc/src/install/dwb_msgs/include/dwb_msgs/dwb_msgs/msg/detail/local_plan_evaluation__struct.hpp
[1.306s] -- Up-to-date: /home/ros2/ros2_rc/src/install/dwb_msgs/include/dwb_msgs/dwb_msgs/msg/detail/trajectory2_d__struct.hpp
[1.306s] -- Up-to-date: /home/ros2/ros2_rc/src/install/dwb_msgs/include/dwb_msgs/dwb_msgs/msg/detail/local_plan_evaluation__traits.hpp
[1.306s] -- Up-to-date: /home/ros2/ros2_rc/src/install/dwb_msgs/include/dwb_msgs/dwb_msgs/msg/detail/trajectory2_d__builder.hpp
[1.306s] -- Up-to-date: /home/ros2/ros2_rc/src/install/dwb_msgs/include/dwb_msgs/dwb_msgs/msg/detail/critic_score__traits.hpp
[1.306s] -- Up-to-date: /home/ros2/ros2_rc/src/install/dwb_msgs/include/dwb_msgs/dwb_msgs/msg/detail/critic_score__struct.hpp
[1.307s] -- Up-to-date: /home/ros2/ros2_rc/src/install/dwb_msgs/include/dwb_msgs/dwb_msgs/msg/detail/trajectory2_d__traits.hpp
[1.307s] -- Up-to-date: /home/ros2/ros2_rc/src/install/dwb_msgs/include/dwb_msgs/dwb_msgs
[1.307s] -- Up-to-date: /home/ros2/ros2_rc/src/install/dwb_msgs/include/dwb_msgs/dwb_msgs/srv
[1.307s] -- Up-to-date: /home/ros2/ros2_rc/src/install/dwb_msgs/include/dwb_msgs/dwb_msgs/srv/detail
[1.307s] -- Up-to-date: /home/ros2/ros2_rc/src/install/dwb_msgs/include/dwb_msgs/dwb_msgs/srv/detail/generate_trajectory__rosidl_typesupport_fastrtps_cpp.hpp
[1.307s] -- Up-to-date: /home/ros2/ros2_rc/src/install/dwb_msgs/include/dwb_msgs/dwb_msgs/srv/detail/debug_local_plan__rosidl_typesupport_fastrtps_cpp.hpp
[1.307s] -- Up-to-date: /home/ros2/ros2_rc/src/install/dwb_msgs/include/dwb_msgs/dwb_msgs/srv/detail/get_critic_score__rosidl_typesupport_fastrtps_cpp.hpp
[1.307s] -- Up-to-date: /home/ros2/ros2_rc/src/install/dwb_msgs/include/dwb_msgs/dwb_msgs/srv/detail/generate_twists__rosidl_typesupport_fastrtps_cpp.hpp
[1.307s] -- Up-to-date: /home/ros2/ros2_rc/src/install/dwb_msgs/include/dwb_msgs/dwb_msgs/srv/detail/dds_fastrtps
[1.307s] -- Up-to-date: /home/ros2/ros2_rc/src/install/dwb_msgs/include/dwb_msgs/dwb_msgs/srv/detail/score_trajectory__rosidl_typesupport_fastrtps_cpp.hpp
[1.308s] -- Up-to-date: /home/ros2/ros2_rc/src/install/dwb_msgs/include/dwb_msgs/dwb_msgs/msg
[1.308s] -- Up-to-date: /home/ros2/ros2_rc/src/install/dwb_msgs/include/dwb_msgs/dwb_msgs/msg/rosidl_typesupport_fastrtps_cpp__visibility_control.h
[1.308s] -- Up-to-date: /home/ros2/ros2_rc/src/install/dwb_msgs/include/dwb_msgs/dwb_msgs/msg/detail
[1.308s] -- Up-to-date: /home/ros2/ros2_rc/src/install/dwb_msgs/include/dwb_msgs/dwb_msgs/msg/detail/critic_score__rosidl_typesupport_fastrtps_cpp.hpp
[1.308s] -- Up-to-date: /home/ros2/ros2_rc/src/install/dwb_msgs/include/dwb_msgs/dwb_msgs/msg/detail/local_plan_evaluation__rosidl_typesupport_fastrtps_cpp.hpp
[1.309s] -- Up-to-date: /home/ros2/ros2_rc/src/install/dwb_msgs/include/dwb_msgs/dwb_msgs/msg/detail/trajectory2_d__rosidl_typesupport_fastrtps_cpp.hpp
[1.309s] -- Up-to-date: /home/ros2/ros2_rc/src/install/dwb_msgs/include/dwb_msgs/dwb_msgs/msg/detail/trajectory_score__rosidl_typesupport_fastrtps_cpp.hpp
[1.309s] -- Up-to-date: /home/ros2/ros2_rc/src/install/dwb_msgs/include/dwb_msgs/dwb_msgs/msg/detail/dds_fastrtps
[1.309s] -- Up-to-date: /home/ros2/ros2_rc/src/install/dwb_msgs/lib/libdwb_msgs__rosidl_typesupport_fastrtps_cpp.so
[1.310s] -- Up-to-date: /home/ros2/ros2_rc/src/install/dwb_msgs/include/dwb_msgs/dwb_msgs
[1.310s] -- Up-to-date: /home/ros2/ros2_rc/src/install/dwb_msgs/include/dwb_msgs/dwb_msgs/srv
[1.310s] -- Up-to-date: /home/ros2/ros2_rc/src/install/dwb_msgs/include/dwb_msgs/dwb_msgs/srv/detail
[1.310s] -- Up-to-date: /home/ros2/ros2_rc/src/install/dwb_msgs/include/dwb_msgs/dwb_msgs/srv/detail/score_trajectory__type_support.c
[1.310s] -- Up-to-date: /home/ros2/ros2_rc/src/install/dwb_msgs/include/dwb_msgs/dwb_msgs/srv/detail/get_critic_score__rosidl_typesupport_introspection_c.h
[1.311s] -- Up-to-date: /home/ros2/ros2_rc/src/install/dwb_msgs/include/dwb_msgs/dwb_msgs/srv/detail/debug_local_plan__rosidl_typesupport_introspection_c.h
[1.311s] -- Up-to-date: /home/ros2/ros2_rc/src/install/dwb_msgs/include/dwb_msgs/dwb_msgs/srv/detail/generate_twists__type_support.c
[1.311s] -- Up-to-date: /home/ros2/ros2_rc/src/install/dwb_msgs/include/dwb_msgs/dwb_msgs/srv/detail/generate_trajectory__type_support.c
[1.311s] -- Up-to-date: /home/ros2/ros2_rc/src/install/dwb_msgs/include/dwb_msgs/dwb_msgs/srv/detail/generate_trajectory__rosidl_typesupport_introspection_c.h
[1.311s] -- Up-to-date: /home/ros2/ros2_rc/src/install/dwb_msgs/include/dwb_msgs/dwb_msgs/srv/detail/debug_local_plan__type_support.c
[1.311s] -- Up-to-date: /home/ros2/ros2_rc/src/install/dwb_msgs/include/dwb_msgs/dwb_msgs/srv/detail/generate_twists__rosidl_typesupport_introspection_c.h
[1.311s] -- Up-to-date: /home/ros2/ros2_rc/src/install/dwb_msgs/include/dwb_msgs/dwb_msgs/srv/detail/score_trajectory__rosidl_typesupport_introspection_c.h
[1.311s] -- Up-to-date: /home/ros2/ros2_rc/src/install/dwb_msgs/include/dwb_msgs/dwb_msgs/srv/detail/get_critic_score__type_support.c
[1.311s] -- Up-to-date: /home/ros2/ros2_rc/src/install/dwb_msgs/include/dwb_msgs/dwb_msgs/msg
[1.312s] -- Up-to-date: /home/ros2/ros2_rc/src/install/dwb_msgs/include/dwb_msgs/dwb_msgs/msg/detail
[1.312s] -- Up-to-date: /home/ros2/ros2_rc/src/install/dwb_msgs/include/dwb_msgs/dwb_msgs/msg/detail/trajectory_score__type_support.c
[1.312s] -- Up-to-date: /home/ros2/ros2_rc/src/install/dwb_msgs/include/dwb_msgs/dwb_msgs/msg/detail/trajectory2_d__rosidl_typesupport_introspection_c.h
[1.312s] -- Up-to-date: /home/ros2/ros2_rc/src/install/dwb_msgs/include/dwb_msgs/dwb_msgs/msg/detail/trajectory_score__rosidl_typesupport_introspection_c.h
[1.312s] -- Up-to-date: /home/ros2/ros2_rc/src/install/dwb_msgs/include/dwb_msgs/dwb_msgs/msg/detail/critic_score__rosidl_typesupport_introspection_c.h
[1.312s] -- Up-to-date: /home/ros2/ros2_rc/src/install/dwb_msgs/include/dwb_msgs/dwb_msgs/msg/detail/critic_score__type_support.c
[1.312s] -- Up-to-date: /home/ros2/ros2_rc/src/install/dwb_msgs/include/dwb_msgs/dwb_msgs/msg/detail/trajectory2_d__type_support.c
[1.312s] -- Up-to-date: /home/ros2/ros2_rc/src/install/dwb_msgs/include/dwb_msgs/dwb_msgs/msg/detail/local_plan_evaluation__rosidl_typesupport_introspection_c.h
[1.313s] -- Up-to-date: /home/ros2/ros2_rc/src/install/dwb_msgs/include/dwb_msgs/dwb_msgs/msg/detail/local_plan_evaluation__type_support.c
[1.313s] -- Up-to-date: /home/ros2/ros2_rc/src/install/dwb_msgs/include/dwb_msgs/dwb_msgs/msg/rosidl_typesupport_introspection_c__visibility_control.h
[1.313s] -- Up-to-date: /home/ros2/ros2_rc/src/install/dwb_msgs/lib/libdwb_msgs__rosidl_typesupport_introspection_c.so
[1.313s] -- Up-to-date: /home/ros2/ros2_rc/src/install/dwb_msgs/lib/libdwb_msgs__rosidl_typesupport_c.so
[1.313s] -- Up-to-date: /home/ros2/ros2_rc/src/install/dwb_msgs/include/dwb_msgs/dwb_msgs
[1.313s] -- Up-to-date: /home/ros2/ros2_rc/src/install/dwb_msgs/include/dwb_msgs/dwb_msgs/srv
[1.313s] -- Up-to-date: /home/ros2/ros2_rc/src/install/dwb_msgs/include/dwb_msgs/dwb_msgs/srv/detail
[1.314s] -- Up-to-date: /home/ros2/ros2_rc/src/install/dwb_msgs/include/dwb_msgs/dwb_msgs/srv/detail/generate_trajectory__type_support.cpp
[1.314s] -- Up-to-date: /home/ros2/ros2_rc/src/install/dwb_msgs/include/dwb_msgs/dwb_msgs/srv/detail/generate_trajectory__rosidl_typesupport_introspection_cpp.hpp
[1.314s] -- Up-to-date: /home/ros2/ros2_rc/src/install/dwb_msgs/include/dwb_msgs/dwb_msgs/srv/detail/get_critic_score__type_support.cpp
[1.314s] -- Up-to-date: /home/ros2/ros2_rc/src/install/dwb_msgs/include/dwb_msgs/dwb_msgs/srv/detail/generate_twists__rosidl_typesupport_introspection_cpp.hpp
[1.314s] -- Up-to-date: /home/ros2/ros2_rc/src/install/dwb_msgs/include/dwb_msgs/dwb_msgs/srv/detail/debug_local_plan__rosidl_typesupport_introspection_cpp.hpp
[1.315s] -- Up-to-date: /home/ros2/ros2_rc/src/install/dwb_msgs/include/dwb_msgs/dwb_msgs/srv/detail/score_trajectory__rosidl_typesupport_introspection_cpp.hpp
[1.315s] -- Up-to-date: /home/ros2/ros2_rc/src/install/dwb_msgs/include/dwb_msgs/dwb_msgs/srv/detail/debug_local_plan__type_support.cpp
[1.315s] -- Up-to-date: /home/ros2/ros2_rc/src/install/dwb_msgs/include/dwb_msgs/dwb_msgs/srv/detail/generate_twists__type_support.cpp
[1.315s] -- Up-to-date: /home/ros2/ros2_rc/src/install/dwb_msgs/include/dwb_msgs/dwb_msgs/srv/detail/score_trajectory__type_support.cpp
[1.315s] -- Up-to-date: /home/ros2/ros2_rc/src/install/dwb_msgs/include/dwb_msgs/dwb_msgs/srv/detail/get_critic_score__rosidl_typesupport_introspection_cpp.hpp
[1.315s] -- Up-to-date: /home/ros2/ros2_rc/src/install/dwb_msgs/include/dwb_msgs/dwb_msgs/msg
[1.315s] -- Up-to-date: /home/ros2/ros2_rc/src/install/dwb_msgs/include/dwb_msgs/dwb_msgs/msg/detail
[1.316s] -- Up-to-date: /home/ros2/ros2_rc/src/install/dwb_msgs/include/dwb_msgs/dwb_msgs/msg/detail/trajectory_score__rosidl_typesupport_introspection_cpp.hpp
[1.316s] -- Up-to-date: /home/ros2/ros2_rc/src/install/dwb_msgs/include/dwb_msgs/dwb_msgs/msg/detail/trajectory_score__type_support.cpp
[1.316s] -- Up-to-date: /home/ros2/ros2_rc/src/install/dwb_msgs/include/dwb_msgs/dwb_msgs/msg/detail/local_plan_evaluation__rosidl_typesupport_introspection_cpp.hpp
[1.316s] -- Up-to-date: /home/ros2/ros2_rc/src/install/dwb_msgs/include/dwb_msgs/dwb_msgs/msg/detail/critic_score__rosidl_typesupport_introspection_cpp.hpp
[1.316s] -- Up-to-date: /home/ros2/ros2_rc/src/install/dwb_msgs/include/dwb_msgs/dwb_msgs/msg/detail/local_plan_evaluation__type_support.cpp
[1.316s] -- Up-to-date: /home/ros2/ros2_rc/src/install/dwb_msgs/include/dwb_msgs/dwb_msgs/msg/detail/trajectory2_d__rosidl_typesupport_introspection_cpp.hpp
[1.317s] -- Up-to-date: /home/ros2/ros2_rc/src/install/dwb_msgs/include/dwb_msgs/dwb_msgs/msg/detail/critic_score__type_support.cpp
[1.317s] -- Up-to-date: /home/ros2/ros2_rc/src/install/dwb_msgs/include/dwb_msgs/dwb_msgs/msg/detail/trajectory2_d__type_support.cpp
[1.317s] -- Up-to-date: /home/ros2/ros2_rc/src/install/dwb_msgs/lib/libdwb_msgs__rosidl_typesupport_introspection_cpp.so
[1.318s] -- Up-to-date: /home/ros2/ros2_rc/src/install/dwb_msgs/lib/libdwb_msgs__rosidl_typesupport_cpp.so
[1.318s] -- Up-to-date: /home/ros2/ros2_rc/src/install/dwb_msgs/share/dwb_msgs/environment/pythonpath.sh
[1.318s] -- Up-to-date: /home/ros2/ros2_rc/src/install/dwb_msgs/share/dwb_msgs/environment/pythonpath.dsv
[1.318s] -- Up-to-date: /home/ros2/ros2_rc/src/install/dwb_msgs/local/lib/python3.10/dist-packages/dwb_msgs-1.1.16-py3.10.egg-info
[1.318s] -- Installing: /home/ros2/ros2_rc/src/install/dwb_msgs/local/lib/python3.10/dist-packages/dwb_msgs-1.1.16-py3.10.egg-info/SOURCES.txt
[1.319s] -- Installing: /home/ros2/ros2_rc/src/install/dwb_msgs/local/lib/python3.10/dist-packages/dwb_msgs-1.1.16-py3.10.egg-info/PKG-INFO
[1.319s] -- Installing: /home/ros2/ros2_rc/src/install/dwb_msgs/local/lib/python3.10/dist-packages/dwb_msgs-1.1.16-py3.10.egg-info/top_level.txt
[1.319s] -- Installing: /home/ros2/ros2_rc/src/install/dwb_msgs/local/lib/python3.10/dist-packages/dwb_msgs-1.1.16-py3.10.egg-info/dependency_links.txt
[1.319s] -- Up-to-date: /home/ros2/ros2_rc/src/install/dwb_msgs/local/lib/python3.10/dist-packages/dwb_msgs
[1.319s] -- Up-to-date: /home/ros2/ros2_rc/src/install/dwb_msgs/local/lib/python3.10/dist-packages/dwb_msgs/__init__.py
[1.319s] -- Up-to-date: /home/ros2/ros2_rc/src/install/dwb_msgs/local/lib/python3.10/dist-packages/dwb_msgs/srv
[1.320s] -- Up-to-date: /home/ros2/ros2_rc/src/install/dwb_msgs/local/lib/python3.10/dist-packages/dwb_msgs/srv/__init__.py
[1.320s] -- Up-to-date: /home/ros2/ros2_rc/src/install/dwb_msgs/local/lib/python3.10/dist-packages/dwb_msgs/srv/_generate_twists.py
[1.320s] -- Up-to-date: /home/ros2/ros2_rc/src/install/dwb_msgs/local/lib/python3.10/dist-packages/dwb_msgs/srv/_score_trajectory_s.c
[1.320s] -- Up-to-date: /home/ros2/ros2_rc/src/install/dwb_msgs/local/lib/python3.10/dist-packages/dwb_msgs/srv/_get_critic_score.py
[1.320s] -- Up-to-date: /home/ros2/ros2_rc/src/install/dwb_msgs/local/lib/python3.10/dist-packages/dwb_msgs/srv/_generate_twists_s.c
[1.320s] -- Up-to-date: /home/ros2/ros2_rc/src/install/dwb_msgs/local/lib/python3.10/dist-packages/dwb_msgs/srv/_get_critic_score_s.c
[1.320s] -- Up-to-date: /home/ros2/ros2_rc/src/install/dwb_msgs/local/lib/python3.10/dist-packages/dwb_msgs/srv/_generate_trajectory.py
[1.320s] -- Up-to-date: /home/ros2/ros2_rc/src/install/dwb_msgs/local/lib/python3.10/dist-packages/dwb_msgs/srv/_debug_local_plan.py
[1.320s] -- Up-to-date: /home/ros2/ros2_rc/src/install/dwb_msgs/local/lib/python3.10/dist-packages/dwb_msgs/srv/_debug_local_plan_s.c
[1.320s] -- Up-to-date: /home/ros2/ros2_rc/src/install/dwb_msgs/local/lib/python3.10/dist-packages/dwb_msgs/srv/_score_trajectory.py
[1.320s] -- Up-to-date: /home/ros2/ros2_rc/src/install/dwb_msgs/local/lib/python3.10/dist-packages/dwb_msgs/srv/_generate_trajectory_s.c
[1.320s] -- Up-to-date: /home/ros2/ros2_rc/src/install/dwb_msgs/local/lib/python3.10/dist-packages/dwb_msgs/_dwb_msgs_s.ep.rosidl_typesupport_c.c
[1.321s] -- Up-to-date: /home/ros2/ros2_rc/src/install/dwb_msgs/local/lib/python3.10/dist-packages/dwb_msgs/dwb_msgs_s__rosidl_typesupport_c.cpython-310-x86_64-linux-gnu.so
[1.321s] -- Up-to-date: /home/ros2/ros2_rc/src/install/dwb_msgs/local/lib/python3.10/dist-packages/dwb_msgs/libdwb_msgs__rosidl_generator_py.so
[1.321s] -- Up-to-date: /home/ros2/ros2_rc/src/install/dwb_msgs/local/lib/python3.10/dist-packages/dwb_msgs/_dwb_msgs_s.ep.rosidl_typesupport_introspection_c.c
[1.321s] -- Up-to-date: /home/ros2/ros2_rc/src/install/dwb_msgs/local/lib/python3.10/dist-packages/dwb_msgs/_dwb_msgs_s.ep.rosidl_typesupport_fastrtps_c.c
[1.321s] -- Up-to-date: /home/ros2/ros2_rc/src/install/dwb_msgs/local/lib/python3.10/dist-packages/dwb_msgs/dwb_msgs_s__rosidl_typesupport_introspection_c.cpython-310-x86_64-linux-gnu.so
[1.321s] -- Up-to-date: /home/ros2/ros2_rc/src/install/dwb_msgs/local/lib/python3.10/dist-packages/dwb_msgs/dwb_msgs_s__rosidl_typesupport_fastrtps_c.cpython-310-x86_64-linux-gnu.so
[1.321s] -- Up-to-date: /home/ros2/ros2_rc/src/install/dwb_msgs/local/lib/python3.10/dist-packages/dwb_msgs/msg
[1.321s] -- Up-to-date: /home/ros2/ros2_rc/src/install/dwb_msgs/local/lib/python3.10/dist-packages/dwb_msgs/msg/_trajectory2_d.py
[1.322s] -- Up-to-date: /home/ros2/ros2_rc/src/install/dwb_msgs/local/lib/python3.10/dist-packages/dwb_msgs/msg/__init__.py
[1.322s] -- Up-to-date: /home/ros2/ros2_rc/src/install/dwb_msgs/local/lib/python3.10/dist-packages/dwb_msgs/msg/_trajectory_score.py
[1.322s] -- Up-to-date: /home/ros2/ros2_rc/src/install/dwb_msgs/local/lib/python3.10/dist-packages/dwb_msgs/msg/_local_plan_evaluation.py
[1.322s] -- Up-to-date: /home/ros2/ros2_rc/src/install/dwb_msgs/local/lib/python3.10/dist-packages/dwb_msgs/msg/_trajectory_score_s.c
[1.323s] -- Up-to-date: /home/ros2/ros2_rc/src/install/dwb_msgs/local/lib/python3.10/dist-packages/dwb_msgs/msg/_trajectory2_d_s.c
[1.323s] -- Up-to-date: /home/ros2/ros2_rc/src/install/dwb_msgs/local/lib/python3.10/dist-packages/dwb_msgs/msg/_local_plan_evaluation_s.c
[1.323s] -- Up-to-date: /home/ros2/ros2_rc/src/install/dwb_msgs/local/lib/python3.10/dist-packages/dwb_msgs/msg/_critic_score_s.c
[1.323s] -- Up-to-date: /home/ros2/ros2_rc/src/install/dwb_msgs/local/lib/python3.10/dist-packages/dwb_msgs/msg/_critic_score.py
[1.378s] Listing '/home/ros2/ros2_rc/src/install/dwb_msgs/local/lib/python3.10/dist-packages/dwb_msgs'...
[1.378s] Listing '/home/ros2/ros2_rc/src/install/dwb_msgs/local/lib/python3.10/dist-packages/dwb_msgs/msg'...
[1.378s] Listing '/home/ros2/ros2_rc/src/install/dwb_msgs/local/lib/python3.10/dist-packages/dwb_msgs/srv'...
[1.389s] -- Up-to-date: /home/ros2/ros2_rc/src/install/dwb_msgs/local/lib/python3.10/dist-packages/dwb_msgs/dwb_msgs_s__rosidl_typesupport_fastrtps_c.cpython-310-x86_64-linux-gnu.so
[1.391s] -- Up-to-date: /home/ros2/ros2_rc/src/install/dwb_msgs/local/lib/python3.10/dist-packages/dwb_msgs/dwb_msgs_s__rosidl_typesupport_introspection_c.cpython-310-x86_64-linux-gnu.so
[1.392s] -- Up-to-date: /home/ros2/ros2_rc/src/install/dwb_msgs/local/lib/python3.10/dist-packages/dwb_msgs/dwb_msgs_s__rosidl_typesupport_c.cpython-310-x86_64-linux-gnu.so
[1.394s] -- Up-to-date: /home/ros2/ros2_rc/src/install/dwb_msgs/lib/libdwb_msgs__rosidl_generator_py.so
[1.394s] -- Up-to-date: /home/ros2/ros2_rc/src/install/dwb_msgs/share/dwb_msgs/msg/CriticScore.idl
[1.395s] -- Up-to-date: /home/ros2/ros2_rc/src/install/dwb_msgs/share/dwb_msgs/msg/LocalPlanEvaluation.idl
[1.395s] -- Up-to-date: /home/ros2/ros2_rc/src/install/dwb_msgs/share/dwb_msgs/msg/Trajectory2D.idl
[1.395s] -- Up-to-date: /home/ros2/ros2_rc/src/install/dwb_msgs/share/dwb_msgs/msg/TrajectoryScore.idl
[1.395s] -- Up-to-date: /home/ros2/ros2_rc/src/install/dwb_msgs/share/dwb_msgs/srv/DebugLocalPlan.idl
[1.395s] -- Up-to-date: /home/ros2/ros2_rc/src/install/dwb_msgs/share/dwb_msgs/srv/GenerateTrajectory.idl
[1.395s] -- Up-to-date: /home/ros2/ros2_rc/src/install/dwb_msgs/share/dwb_msgs/srv/GenerateTwists.idl
[1.396s] -- Up-to-date: /home/ros2/ros2_rc/src/install/dwb_msgs/share/dwb_msgs/srv/GetCriticScore.idl
[1.396s] -- Up-to-date: /home/ros2/ros2_rc/src/install/dwb_msgs/share/dwb_msgs/srv/ScoreTrajectory.idl
[1.396s] -- Up-to-date: /home/ros2/ros2_rc/src/install/dwb_msgs/share/dwb_msgs/msg/CriticScore.msg
[1.396s] -- Up-to-date: /home/ros2/ros2_rc/src/install/dwb_msgs/share/dwb_msgs/msg/LocalPlanEvaluation.msg
[1.396s] -- Up-to-date: /home/ros2/ros2_rc/src/install/dwb_msgs/share/dwb_msgs/msg/Trajectory2D.msg
[1.397s] -- Up-to-date: /home/ros2/ros2_rc/src/install/dwb_msgs/share/dwb_msgs/msg/TrajectoryScore.msg
[1.397s] -- Up-to-date: /home/ros2/ros2_rc/src/install/dwb_msgs/share/dwb_msgs/srv/DebugLocalPlan.srv
[1.397s] -- Up-to-date: /home/ros2/ros2_rc/src/install/dwb_msgs/share/dwb_msgs/srv/DebugLocalPlan_Request.msg
[1.397s] -- Up-to-date: /home/ros2/ros2_rc/src/install/dwb_msgs/share/dwb_msgs/srv/DebugLocalPlan_Response.msg
[1.397s] -- Up-to-date: /home/ros2/ros2_rc/src/install/dwb_msgs/share/dwb_msgs/srv/GenerateTrajectory.srv
[1.398s] -- Up-to-date: /home/ros2/ros2_rc/src/install/dwb_msgs/share/dwb_msgs/srv/GenerateTrajectory_Request.msg
[1.398s] -- Up-to-date: /home/ros2/ros2_rc/src/install/dwb_msgs/share/dwb_msgs/srv/GenerateTrajectory_Response.msg
[1.399s] -- Up-to-date: /home/ros2/ros2_rc/src/install/dwb_msgs/share/dwb_msgs/srv/GenerateTwists.srv
[1.399s] -- Up-to-date: /home/ros2/ros2_rc/src/install/dwb_msgs/share/dwb_msgs/srv/GenerateTwists_Request.msg
[1.400s] -- Up-to-date: /home/ros2/ros2_rc/src/install/dwb_msgs/share/dwb_msgs/srv/GenerateTwists_Response.msg
[1.401s] -- Up-to-date: /home/ros2/ros2_rc/src/install/dwb_msgs/share/dwb_msgs/srv/GetCriticScore.srv
[1.401s] -- Up-to-date: /home/ros2/ros2_rc/src/install/dwb_msgs/share/dwb_msgs/srv/GetCriticScore_Request.msg
[1.401s] -- Up-to-date: /home/ros2/ros2_rc/src/install/dwb_msgs/share/dwb_msgs/srv/GetCriticScore_Response.msg
[1.401s] -- Up-to-date: /home/ros2/ros2_rc/src/install/dwb_msgs/share/dwb_msgs/srv/ScoreTrajectory.srv
[1.401s] -- Up-to-date: /home/ros2/ros2_rc/src/install/dwb_msgs/share/dwb_msgs/srv/ScoreTrajectory_Request.msg
[1.401s] -- Up-to-date: /home/ros2/ros2_rc/src/install/dwb_msgs/share/dwb_msgs/srv/ScoreTrajectory_Response.msg
[1.402s] -- Up-to-date: /home/ros2/ros2_rc/src/install/dwb_msgs/share/ament_index/resource_index/package_run_dependencies/dwb_msgs
[1.402s] -- Up-to-date: /home/ros2/ros2_rc/src/install/dwb_msgs/share/ament_index/resource_index/parent_prefix_path/dwb_msgs
[1.402s] -- Up-to-date: /home/ros2/ros2_rc/src/install/dwb_msgs/share/dwb_msgs/environment/ament_prefix_path.sh
[1.402s] -- Up-to-date: /home/ros2/ros2_rc/src/install/dwb_msgs/share/dwb_msgs/environment/ament_prefix_path.dsv
[1.402s] -- Up-to-date: /home/ros2/ros2_rc/src/install/dwb_msgs/share/dwb_msgs/environment/path.sh
[1.402s] -- Up-to-date: /home/ros2/ros2_rc/src/install/dwb_msgs/share/dwb_msgs/environment/path.dsv
[1.402s] -- Up-to-date: /home/ros2/ros2_rc/src/install/dwb_msgs/share/dwb_msgs/local_setup.bash
[1.402s] -- Up-to-date: /home/ros2/ros2_rc/src/install/dwb_msgs/share/dwb_msgs/local_setup.sh
[1.402s] -- Up-to-date: /home/ros2/ros2_rc/src/install/dwb_msgs/share/dwb_msgs/local_setup.zsh
[1.402s] -- Up-to-date: /home/ros2/ros2_rc/src/install/dwb_msgs/share/dwb_msgs/local_setup.dsv
[1.402s] -- Installing: /home/ros2/ros2_rc/src/install/dwb_msgs/share/dwb_msgs/package.dsv
[1.402s] -- Up-to-date: /home/ros2/ros2_rc/src/install/dwb_msgs/share/ament_index/resource_index/packages/dwb_msgs
[1.404s] -- Up-to-date: /home/ros2/ros2_rc/src/install/dwb_msgs/share/dwb_msgs/cmake/export_dwb_msgs__rosidl_generator_cExport.cmake
[1.404s] -- Up-to-date: /home/ros2/ros2_rc/src/install/dwb_msgs/share/dwb_msgs/cmake/export_dwb_msgs__rosidl_generator_cExport-noconfig.cmake
[1.405s] -- Up-to-date: /home/ros2/ros2_rc/src/install/dwb_msgs/share/dwb_msgs/cmake/export_dwb_msgs__rosidl_typesupport_fastrtps_cExport.cmake
[1.405s] -- Up-to-date: /home/ros2/ros2_rc/src/install/dwb_msgs/share/dwb_msgs/cmake/export_dwb_msgs__rosidl_typesupport_fastrtps_cExport-noconfig.cmake
[1.406s] -- Up-to-date: /home/ros2/ros2_rc/src/install/dwb_msgs/share/dwb_msgs/cmake/export_dwb_msgs__rosidl_generator_cppExport.cmake
[1.408s] -- Up-to-date: /home/ros2/ros2_rc/src/install/dwb_msgs/share/dwb_msgs/cmake/export_dwb_msgs__rosidl_typesupport_fastrtps_cppExport.cmake
[1.408s] -- Up-to-date: /home/ros2/ros2_rc/src/install/dwb_msgs/share/dwb_msgs/cmake/export_dwb_msgs__rosidl_typesupport_fastrtps_cppExport-noconfig.cmake
[1.409s] -- Up-to-date: /home/ros2/ros2_rc/src/install/dwb_msgs/share/dwb_msgs/cmake/dwb_msgs__rosidl_typesupport_introspection_cExport.cmake
[1.409s] -- Up-to-date: /home/ros2/ros2_rc/src/install/dwb_msgs/share/dwb_msgs/cmake/dwb_msgs__rosidl_typesupport_introspection_cExport-noconfig.cmake
[1.410s] -- Up-to-date: /home/ros2/ros2_rc/src/install/dwb_msgs/share/dwb_msgs/cmake/dwb_msgs__rosidl_typesupport_cExport.cmake
[1.411s] -- Up-to-date: /home/ros2/ros2_rc/src/install/dwb_msgs/share/dwb_msgs/cmake/dwb_msgs__rosidl_typesupport_cExport-noconfig.cmake
[1.412s] -- Up-to-date: /home/ros2/ros2_rc/src/install/dwb_msgs/share/dwb_msgs/cmake/dwb_msgs__rosidl_typesupport_introspection_cppExport.cmake
[1.412s] -- Up-to-date: /home/ros2/ros2_rc/src/install/dwb_msgs/share/dwb_msgs/cmake/dwb_msgs__rosidl_typesupport_introspection_cppExport-noconfig.cmake
[1.413s] -- Up-to-date: /home/ros2/ros2_rc/src/install/dwb_msgs/share/dwb_msgs/cmake/dwb_msgs__rosidl_typesupport_cppExport.cmake
[1.413s] -- Up-to-date: /home/ros2/ros2_rc/src/install/dwb_msgs/share/dwb_msgs/cmake/dwb_msgs__rosidl_typesupport_cppExport-noconfig.cmake
[1.414s] -- Up-to-date: /home/ros2/ros2_rc/src/install/dwb_msgs/share/dwb_msgs/cmake/export_dwb_msgs__rosidl_generator_pyExport.cmake
[1.414s] -- Up-to-date: /home/ros2/ros2_rc/src/install/dwb_msgs/share/dwb_msgs/cmake/export_dwb_msgs__rosidl_generator_pyExport-noconfig.cmake
[1.415s] -- Up-to-date: /home/ros2/ros2_rc/src/install/dwb_msgs/share/dwb_msgs/cmake/rosidl_cmake-extras.cmake
[1.415s] -- Up-to-date: /home/ros2/ros2_rc/src/install/dwb_msgs/share/dwb_msgs/cmake/ament_cmake_export_dependencies-extras.cmake
[1.416s] -- Up-to-date: /home/ros2/ros2_rc/src/install/dwb_msgs/share/dwb_msgs/cmake/ament_cmake_export_include_directories-extras.cmake
[1.416s] -- Up-to-date: /home/ros2/ros2_rc/src/install/dwb_msgs/share/dwb_msgs/cmake/ament_cmake_export_libraries-extras.cmake
[1.416s] -- Up-to-date: /home/ros2/ros2_rc/src/install/dwb_msgs/share/dwb_msgs/cmake/ament_cmake_export_targets-extras.cmake
[1.416s] -- Up-to-date: /home/ros2/ros2_rc/src/install/dwb_msgs/share/dwb_msgs/cmake/rosidl_cmake_export_typesupport_targets-extras.cmake
[1.416s] -- Up-to-date: /home/ros2/ros2_rc/src/install/dwb_msgs/share/dwb_msgs/cmake/rosidl_cmake_export_typesupport_libraries-extras.cmake
[1.416s] -- Up-to-date: /home/ros2/ros2_rc/src/install/dwb_msgs/share/dwb_msgs/cmake/dwb_msgsConfig.cmake
[1.416s] -- Up-to-date: /home/ros2/ros2_rc/src/install/dwb_msgs/share/dwb_msgs/cmake/dwb_msgsConfig-version.cmake
[1.416s] -- Up-to-date: /home/ros2/ros2_rc/src/install/dwb_msgs/share/dwb_msgs/package.xml
[1.422s] Invoked command in '/home/ros2/ros2_rc/src/build/dwb_msgs' returned '0': CMAKE_PREFIX_PATH=/home/ros2/ros2_rc/src/install/nav_2d_msgs:/home/ros2/ros2_rc/src/install/smartcar_msgs:/home/ros2/ros2_rc/src/install/smart_car:/home/ros2/ros2_rc/src/install/ros2_rc:/home/ros2/ros2_rc/src/install/nav2_controller:/home/ros2/ros2_rc/src/install/dwb_plugins:/home/ros2/ros2_rc/src/install/dwb_core:/home/ros2/ros2_rc/src/install/nav_2d_utils:/home/ros2/ros2_rc/src/install/dwb_msgs:/home/ros2/ros2_rc/src/install/nav2_theta_star_planner:/home/ros2/ros2_rc/src/install/nav2_regulated_pure_pursuit_controller:/home/ros2/ros2_rc/src/install/nav2_planner:/home/ros2/ros2_rc/src/install/nav2_navfn_planner:/home/ros2/ros2_rc/src/install/nav2_constrained_smoother:/home/ros2/ros2_rc/src/install/nav2_bt_navigator:/home/ros2/ros2_rc/src/install/nav2_behaviors:/home/ros2/ros2_rc/src/install/nav2_core:/home/ros2/ros2_rc/src/install/nav2_collision_monitor:/home/ros2/ros2_rc/src/install/costmap_queue:/home/ros2/ros2_rc/src/install/nav2_costmap_2d:/home/ros2/ros2_rc/src/install/nav2_voxel_grid:/home/ros2/ros2_rc/src/install/nav2_velocity_smoother:/home/ros2/ros2_rc/src/install/nav2_rviz_plugins:/home/ros2/ros2_rc/src/install/nav2_map_server:/home/ros2/ros2_rc/src/install/nav2_lifecycle_manager:/home/ros2/ros2_rc/src/install/nav2_behavior_tree:/home/ros2/ros2_rc/src/install/nav2_amcl:/home/ros2/ros2_rc/src/install/nav2_util:/home/ros2/ros2_rc/src/install/nav2_msgs:/home/ros2/ros2_rc/src/install/nav2_common:/home/ros2/ros2_rc/src/install/car_gazebo_plugin:/home/ros2/ros2_rc/src/install/nav2_simple_commander:/opt/ros/humble LD_LIBRARY_PATH=/home/ros2/ros2_rc/src/install/nav_2d_msgs/lib:/home/ros2/ros2_rc/src/install/smartcar_msgs/lib:/home/ros2/ros2_rc/src/install/nav2_controller/lib:/home/ros2/ros2_rc/src/install/dwb_plugins/lib:/home/ros2/ros2_rc/src/install/dwb_core/lib:/home/ros2/ros2_rc/src/install/nav_2d_utils/lib:/home/ros2/ros2_rc/src/install/dwb_msgs/lib:/home/ros2/ros2_rc/src/install/nav2_theta_star_planner/lib:/home/ros2/ros2_rc/src/install/nav2_regulated_pure_pursuit_controller/lib:/home/ros2/ros2_rc/src/install/nav2_planner/lib:/home/ros2/ros2_rc/src/install/nav2_navfn_planner/lib:/home/ros2/ros2_rc/src/install/nav2_constrained_smoother/lib:/home/ros2/ros2_rc/src/install/nav2_bt_navigator/lib:/home/ros2/ros2_rc/src/install/nav2_behaviors/lib:/home/ros2/ros2_rc/src/install/nav2_collision_monitor/lib:/home/ros2/ros2_rc/src/install/costmap_queue/lib:/home/ros2/ros2_rc/src/install/nav2_costmap_2d/lib:/home/ros2/ros2_rc/src/install/nav2_voxel_grid/lib:/home/ros2/ros2_rc/src/install/nav2_velocity_smoother/lib:/home/ros2/ros2_rc/src/install/nav2_rviz_plugins/lib:/home/ros2/ros2_rc/src/install/nav2_map_server/lib:/home/ros2/ros2_rc/src/install/nav2_lifecycle_manager/lib:/home/ros2/ros2_rc/src/install/nav2_behavior_tree/lib:/home/ros2/ros2_rc/src/install/nav2_amcl/lib:/home/ros2/ros2_rc/src/install/nav2_util/lib:/home/ros2/ros2_rc/src/install/nav2_msgs/lib:/home/ros2/ros2_rc/src/install/car_gazebo_plugin/lib:/usr/lib/x86_64-linux-gnu/gazebo-11/plugins:/opt/ros/humble/opt/rviz_ogre_vendor/lib:/opt/ros/humble/lib/x86_64-linux-gnu:/opt/ros/humble/lib:/usr/lib/x86_64-linux-gnu/gazebo-11/plugins /usr/bin/cmake --install /home/ros2/ros2_rc/src/build/dwb_msgs
