[0.203s] Invoking command in '/home/ros2/ros2_rc/src/build/nav2_common': CMAKE_PREFIX_PATH=${CMAKE_PREFIX_PATH}:/home/ros2/ros2_rc/src/install/nav2_simple_commander:/home/ros2/ros2_rc/install/nav2_simple_commander:/opt/ros/humble /usr/bin/cmake --build /home/ros2/ros2_rc/src/build/nav2_common -- -j10 -l10
[0.574s] Built target ament_cmake_python_copy_nav2_common
[1.774s] running egg_info
[1.776s] writing nav2_common.egg-info/PKG-INFO
[1.780s] writing dependency_links to nav2_common.egg-info/dependency_links.txt
[1.780s] writing top-level names to nav2_common.egg-info/top_level.txt
[1.784s] reading manifest file 'nav2_common.egg-info/SOURCES.txt'
[1.786s] writing manifest file 'nav2_common.egg-info/SOURCES.txt'
[1.908s] Built target ament_cmake_python_build_nav2_common_egg
[1.955s] Invoked command in '/home/ros2/ros2_rc/src/build/nav2_common' returned '0': CMAKE_PREFIX_PATH=${CMAKE_PREFIX_PATH}:/home/ros2/ros2_rc/src/install/nav2_simple_commander:/home/ros2/ros2_rc/install/nav2_simple_commander:/opt/ros/humble /usr/bin/cmake --build /home/ros2/ros2_rc/src/build/nav2_common -- -j10 -l10
[2.068s] Invoking command in '/home/ros2/ros2_rc/src/build/nav2_common': CMAKE_PREFIX_PATH=${CMAKE_PREFIX_PATH}:/home/ros2/ros2_rc/src/install/nav2_simple_commander:/home/ros2/ros2_rc/install/nav2_simple_commander:/opt/ros/humble /usr/bin/cmake --install /home/ros2/ros2_rc/src/build/nav2_common
[2.099s] -- Install configuration: ""
[2.105s] -- Up-to-date: /home/ros2/ros2_rc/src/install/nav2_common/share/nav2_common/environment/pythonpath.sh
[2.105s] -- Up-to-date: /home/ros2/ros2_rc/src/install/nav2_common/share/nav2_common/environment/pythonpath.dsv
[2.106s] -- Up-to-date: /home/ros2/ros2_rc/src/install/nav2_common/local/lib/python3.10/dist-packages/nav2_common-1.1.16-py3.10.egg-info
[2.106s] -- Installing: /home/ros2/ros2_rc/src/install/nav2_common/local/lib/python3.10/dist-packages/nav2_common-1.1.16-py3.10.egg-info/SOURCES.txt
[2.106s] -- Installing: /home/ros2/ros2_rc/src/install/nav2_common/local/lib/python3.10/dist-packages/nav2_common-1.1.16-py3.10.egg-info/PKG-INFO
[2.106s] -- Installing: /home/ros2/ros2_rc/src/install/nav2_common/local/lib/python3.10/dist-packages/nav2_common-1.1.16-py3.10.egg-info/top_level.txt
[2.106s] -- Installing: /home/ros2/ros2_rc/src/install/nav2_common/local/lib/python3.10/dist-packages/nav2_common-1.1.16-py3.10.egg-info/dependency_links.txt
[2.107s] -- Up-to-date: /home/ros2/ros2_rc/src/install/nav2_common/local/lib/python3.10/dist-packages/nav2_common
[2.107s] -- Up-to-date: /home/ros2/ros2_rc/src/install/nav2_common/local/lib/python3.10/dist-packages/nav2_common/__init__.py
[2.107s] -- Up-to-date: /home/ros2/ros2_rc/src/install/nav2_common/local/lib/python3.10/dist-packages/nav2_common/launch
[2.107s] -- Up-to-date: /home/ros2/ros2_rc/src/install/nav2_common/local/lib/python3.10/dist-packages/nav2_common/launch/__init__.py
[2.107s] -- Up-to-date: /home/ros2/ros2_rc/src/install/nav2_common/local/lib/python3.10/dist-packages/nav2_common/launch/rewritten_yaml.py
[2.107s] -- Up-to-date: /home/ros2/ros2_rc/src/install/nav2_common/local/lib/python3.10/dist-packages/nav2_common/launch/has_node_params.py
[2.107s] -- Up-to-date: /home/ros2/ros2_rc/src/install/nav2_common/local/lib/python3.10/dist-packages/nav2_common/launch/parse_multirobot_pose.py
[2.107s] -- Up-to-date: /home/ros2/ros2_rc/src/install/nav2_common/local/lib/python3.10/dist-packages/nav2_common/launch/replace_string.py
[2.180s] Listing '/home/ros2/ros2_rc/src/install/nav2_common/local/lib/python3.10/dist-packages/nav2_common'...
[2.180s] Listing '/home/ros2/ros2_rc/src/install/nav2_common/local/lib/python3.10/dist-packages/nav2_common/launch'...
[2.194s] -- Up-to-date: /home/ros2/ros2_rc/src/install/nav2_common/share/ament_index/resource_index/package_run_dependencies/nav2_common
[2.194s] -- Up-to-date: /home/ros2/ros2_rc/src/install/nav2_common/share/ament_index/resource_index/parent_prefix_path/nav2_common
[2.202s] -- Up-to-date: /home/ros2/ros2_rc/src/install/nav2_common/share/nav2_common/environment/ament_prefix_path.sh
[2.204s] -- Up-to-date: /home/ros2/ros2_rc/src/install/nav2_common/share/nav2_common/environment/ament_prefix_path.dsv
[2.204s] -- Up-to-date: /home/ros2/ros2_rc/src/install/nav2_common/share/nav2_common/environment/path.sh
[2.205s] -- Up-to-date: /home/ros2/ros2_rc/src/install/nav2_common/share/nav2_common/environment/path.dsv
[2.205s] -- Up-to-date: /home/ros2/ros2_rc/src/install/nav2_common/share/nav2_common/local_setup.bash
[2.205s] -- Up-to-date: /home/ros2/ros2_rc/src/install/nav2_common/share/nav2_common/local_setup.sh
[2.205s] -- Up-to-date: /home/ros2/ros2_rc/src/install/nav2_common/share/nav2_common/local_setup.zsh
[2.205s] -- Up-to-date: /home/ros2/ros2_rc/src/install/nav2_common/share/nav2_common/local_setup.dsv
[2.205s] -- Installing: /home/ros2/ros2_rc/src/install/nav2_common/share/nav2_common/package.dsv
[2.205s] -- Up-to-date: /home/ros2/ros2_rc/src/install/nav2_common/share/ament_index/resource_index/packages/nav2_common
[2.205s] -- Up-to-date: /home/ros2/ros2_rc/src/install/nav2_common/share/nav2_common/cmake/nav2_common-extras.cmake
[2.205s] -- Up-to-date: /home/ros2/ros2_rc/src/install/nav2_common/share/nav2_common/cmake/nav2_commonConfig.cmake
[2.205s] -- Up-to-date: /home/ros2/ros2_rc/src/install/nav2_common/share/nav2_common/cmake/nav2_commonConfig-version.cmake
[2.206s] -- Up-to-date: /home/ros2/ros2_rc/src/install/nav2_common/share/nav2_common/package.xml
[2.206s] -- Up-to-date: /home/ros2/ros2_rc/src/install/nav2_common/share/nav2_common/cmake
[2.206s] -- Up-to-date: /home/ros2/ros2_rc/src/install/nav2_common/share/nav2_common/cmake/nav2_package.cmake
[2.217s] Invoked command in '/home/ros2/ros2_rc/src/build/nav2_common' returned '0': CMAKE_PREFIX_PATH=${CMAKE_PREFIX_PATH}:/home/ros2/ros2_rc/src/install/nav2_simple_commander:/home/ros2/ros2_rc/install/nav2_simple_commander:/opt/ros/humble /usr/bin/cmake --install /home/ros2/ros2_rc/src/build/nav2_common
