-- Install configuration: ""
-- Up-to-date: /home/ros2/ros2_rc/install/smart_car/share/smart_car/launch
-- Up-to-date: /home/ros2/ros2_rc/install/smart_car/share/smart_car/launch/gazebo.launch.py
-- Installing: /home/ros2/ros2_rc/install/smart_car/share/smart_car/launch/rviz_.launch.py
-- Installing: /home/ros2/ros2_rc/install/smart_car/share/smart_car/launch/localization.launch.py
-- Up-to-date: /home/ros2/ros2_rc/install/smart_car/share/smart_car/launch/smartcar.launch.py
-- Installing: /home/ros2/ros2_rc/install/smart_car/share/smart_car/launch/nav2.launch.py
-- Installing: /home/ros2/ros2_rc/install/smart_car/share/smart_car/launch/bringup_launch.py
-- Up-to-date: /home/ros2/ros2_rc/install/smart_car/share/smart_car/urdf
-- Up-to-date: /home/ros2/ros2_rc/install/smart_car/share/smart_car/urdf/smartcar.urdf.xacro
-- Up-to-date: /home/ros2/ros2_rc/install/smart_car/share/smart_car/urdf/smart_car.urdf
-- Up-to-date: /home/ros2/ros2_rc/install/smart_car/share/smart_car/urdf/.vscode
-- Up-to-date: /home/ros2/ros2_rc/install/smart_car/share/smart_car/urdf/.vscode/settings.json
-- Up-to-date: /home/ros2/ros2_rc/install/smart_car/share/smart_car/urdf/.vscode/c_cpp_properties.json
-- Up-to-date: /home/ros2/ros2_rc/install/smart_car/share/smart_car/urdf/smartcar.urdf
-- Up-to-date: /home/ros2/ros2_rc/install/smart_car/share/smart_car/world
-- Up-to-date: /home/ros2/ros2_rc/install/smart_car/share/smart_car/world/smalltown.world
-- Up-to-date: /home/ros2/ros2_rc/install/smart_car/share/smart_car/config
-- Up-to-date: /home/ros2/ros2_rc/install/smart_car/share/smart_car/config/ekf.yaml
-- Installing: /home/ros2/ros2_rc/install/smart_car/share/smart_car/config/nav2_params.yaml
-- Installing: /home/ros2/ros2_rc/install/smart_car/share/smart_car/config/rviz_config.rviz
-- Installing: /home/ros2/ros2_rc/install/smart_car/share/smart_car/config/bt_nav2.xml
-- Installing: /home/ros2/ros2_rc/install/smart_car/share/smart_car/map/map
-- Installing: /home/ros2/ros2_rc/install/smart_car/share/smart_car/map/map/smalltown_world.yaml
-- Installing: /home/ros2/ros2_rc/install/smart_car/share/smart_car/map/map/smalltown_world.pgm
-- Up-to-date: /home/ros2/ros2_rc/install/smart_car/lib/smart_car/wheel_odom_node.py
-- Up-to-date: /home/ros2/ros2_rc/install/smart_car/lib/smart_car/joint_state_publisher.py
-- Up-to-date: /home/ros2/ros2_rc/install/smart_car/share/ament_index/resource_index/package_run_dependencies/smart_car
-- Installing: /home/ros2/ros2_rc/install/smart_car/share/ament_index/resource_index/parent_prefix_path/smart_car
-- Up-to-date: /home/ros2/ros2_rc/install/smart_car/share/smart_car/environment/ament_prefix_path.sh
-- Installing: /home/ros2/ros2_rc/install/smart_car/share/smart_car/environment/ament_prefix_path.dsv
-- Up-to-date: /home/ros2/ros2_rc/install/smart_car/share/smart_car/environment/path.sh
-- Installing: /home/ros2/ros2_rc/install/smart_car/share/smart_car/environment/path.dsv
-- Up-to-date: /home/ros2/ros2_rc/install/smart_car/share/smart_car/local_setup.bash
-- Up-to-date: /home/ros2/ros2_rc/install/smart_car/share/smart_car/local_setup.sh
-- Up-to-date: /home/ros2/ros2_rc/install/smart_car/share/smart_car/local_setup.zsh
-- Installing: /home/ros2/ros2_rc/install/smart_car/share/smart_car/local_setup.dsv
-- Installing: /home/ros2/ros2_rc/install/smart_car/share/smart_car/package.dsv
-- Up-to-date: /home/ros2/ros2_rc/install/smart_car/share/ament_index/resource_index/packages/smart_car
-- Up-to-date: /home/ros2/ros2_rc/install/smart_car/share/smart_car/cmake/smart_carConfig.cmake
-- Up-to-date: /home/ros2/ros2_rc/install/smart_car/share/smart_car/cmake/smart_carConfig-version.cmake
-- Up-to-date: /home/ros2/ros2_rc/install/smart_car/share/smart_car/package.xml
