-- Found ament_cmake: 1.3.10 (/opt/ros/humble/share/ament_cmake/cmake)
-- Found nav2_common: 1.1.16 (/home/ros2/ros2_rc/src/install/nav2_common/share/nav2_common/cmake)
-- Found angles: 1.15.0 (/opt/ros/humble/share/angles/cmake)
-- Found nav2_costmap_2d: 1.1.16 (/home/ros2/ros2_rc/src/install/nav2_costmap_2d/share/nav2_costmap_2d/cmake)
-- Found rosidl_generator_c: 3.1.5 (/opt/ros/humble/share/rosidl_generator_c/cmake)
-- Found rosidl_adapter: 3.1.5 (/opt/ros/humble/share/rosidl_adapter/cmake)
-- Found rosidl_generator_cpp: 3.1.5 (/opt/ros/humble/share/rosidl_generator_cpp/cmake)
-- Using all available rosidl_typesupport_c: rosidl_typesupport_fastrtps_c;rosidl_typesupport_introspection_c
-- Using all available rosidl_typesupport_cpp: rosidl_typesupport_fastrtps_cpp;rosidl_typesupport_introspection_cpp
-- Found rmw_implementation_cmake: 6.1.2 (/opt/ros/humble/share/rmw_implementation_cmake/cmake)
-- Found rmw_cyclonedds_cpp: 1.3.4 (/opt/ros/humble/share/rmw_cyclonedds_cpp/cmake)
-- Using RMW implementation 'rmw_cyclonedds_cpp' as default
-- Ensuring Eigen3 include directory is part of orocos-kdl CMake target
-- Found costmap_queue: 1.1.16 (/home/ros2/ros2_rc/src/install/costmap_queue/share/costmap_queue/cmake)
-- Found dwb_core: 1.1.16 (/home/ros2/ros2_rc/src/install/dwb_core/share/dwb_core/cmake)
-- Found ament_lint_auto: 0.12.11 (/opt/ros/humble/share/ament_lint_auto/cmake)
-- Found gtest sources under '/opt/ros/humble/src/gtest_vendor': C++ tests using 'Google Test' will be built
-- Added test 'cppcheck' to perform static code analysis on C / C++ code
-- Configured cppcheck include dirs: /home/ros2/ros2_rc/src/navigation2/nav2_dwb_controller/dwb_critics/include
-- Configured cppcheck exclude dirs and/or files: 
-- Added test 'cpplint' to check C / C++ code against the Google style
-- Configured cpplint exclude dirs and/or files: 
-- Added test 'lint_cmake' to check CMake code style
-- Added test 'uncrustify' to check C / C++ code style
-- Configured uncrustify additional arguments: 
-- Added test 'xmllint' to check XML markup files
-- Configuring done
-- Generating done
-- Build files have been written to: /home/ros2/ros2_rc/src/build/dwb_critics
[35m[1mConsolidate compiler generated dependencies of target gtest_main[0m
[35m[1mConsolidate compiler generated dependencies of target gtest[0m
[  7%] Built target gtest_main
[35m[1mConsolidate compiler generated dependencies of target dwb_critics[0m
[ 14%] Built target gtest
[ 18%] [32mBuilding CXX object CMakeFiles/dwb_critics.dir/src/alignment_util.cpp.o[0m
[ 22%] [32mBuilding CXX object CMakeFiles/dwb_critics.dir/src/prefer_forward.cpp.o[0m
[ 25%] [32mBuilding CXX object CMakeFiles/dwb_critics.dir/src/rotate_to_goal.cpp.o[0m
[ 29%] [32mBuilding CXX object CMakeFiles/dwb_critics.dir/src/twirling.cpp.o[0m
[ 33%] [32mBuilding CXX object CMakeFiles/dwb_critics.dir/src/oscillation.cpp.o[0m
[ 37%] [32mBuilding CXX object CMakeFiles/dwb_critics.dir/src/obstacle_footprint.cpp.o[0m
[ 40%] [32mBuilding CXX object CMakeFiles/dwb_critics.dir/src/base_obstacle.cpp.o[0m
[ 44%] [32mBuilding CXX object CMakeFiles/dwb_critics.dir/src/path_align.cpp.o[0m
[ 48%] [32mBuilding CXX object CMakeFiles/dwb_critics.dir/src/goal_align.cpp.o[0m
[ 51%] [32mBuilding CXX object CMakeFiles/dwb_critics.dir/src/path_dist.cpp.o[0m
[ 55%] [32mBuilding CXX object CMakeFiles/dwb_critics.dir/src/goal_dist.cpp.o[0m
[ 59%] [32mBuilding CXX object CMakeFiles/dwb_critics.dir/src/map_grid.cpp.o[0m
[ 62%] [32m[1mLinking CXX shared library libdwb_critics.so[0m
[ 62%] Built target dwb_critics
[35m[1mConsolidate compiler generated dependencies of target prefer_forward_tests[0m
[ 66%] [32mBuilding CXX object test/CMakeFiles/prefer_forward_tests.dir/prefer_forward_test.cpp.o[0m
[ 70%] [32m[1mLinking CXX executable prefer_forward_tests[0m
[ 70%] Built target prefer_forward_tests
[35m[1mConsolidate compiler generated dependencies of target twirling_tests[0m
[ 74%] [32mBuilding CXX object test/CMakeFiles/twirling_tests.dir/twirling_test.cpp.o[0m
[ 77%] [32m[1mLinking CXX executable twirling_tests[0m
[ 77%] Built target twirling_tests
[35m[1mConsolidate compiler generated dependencies of target alignment_util_tests[0m
[ 81%] [32mBuilding CXX object test/CMakeFiles/alignment_util_tests.dir/alignment_util_test.cpp.o[0m
[ 85%] [32m[1mLinking CXX executable alignment_util_tests[0m
[ 85%] Built target alignment_util_tests
[ 88%] [32mBuilding CXX object test/CMakeFiles/obstacle_footprint_tests.dir/obstacle_footprint_test.cpp.o[0m
[ 92%] [32m[1mLinking CXX executable obstacle_footprint_tests[0m
[ 92%] Built target obstacle_footprint_tests
[ 96%] [32mBuilding CXX object test/CMakeFiles/base_obstacle_tests.dir/base_obstacle_test.cpp.o[0m
[100%] [32m[1mLinking CXX executable base_obstacle_tests[0m
[100%] Built target base_obstacle_tests
-- Install configuration: "Release"
-- Installing: /home/ros2/ros2_rc/src/install/dwb_critics/lib/libdwb_critics.so
-- Set runtime path of "/home/ros2/ros2_rc/src/install/dwb_critics/lib/libdwb_critics.so" to ""
-- Installing: /home/ros2/ros2_rc/src/install/dwb_critics/include/
-- Installing: /home/ros2/ros2_rc/src/install/dwb_critics/include//dwb_critics
-- Installing: /home/ros2/ros2_rc/src/install/dwb_critics/include//dwb_critics/path_dist.hpp
-- Installing: /home/ros2/ros2_rc/src/install/dwb_critics/include//dwb_critics/line_iterator.hpp
-- Installing: /home/ros2/ros2_rc/src/install/dwb_critics/include//dwb_critics/oscillation.hpp
-- Installing: /home/ros2/ros2_rc/src/install/dwb_critics/include//dwb_critics/base_obstacle.hpp
-- Installing: /home/ros2/ros2_rc/src/install/dwb_critics/include//dwb_critics/map_grid.hpp
-- Installing: /home/ros2/ros2_rc/src/install/dwb_critics/include//dwb_critics/prefer_forward.hpp
-- Installing: /home/ros2/ros2_rc/src/install/dwb_critics/include//dwb_critics/path_align.hpp
-- Installing: /home/ros2/ros2_rc/src/install/dwb_critics/include//dwb_critics/alignment_util.hpp
-- Installing: /home/ros2/ros2_rc/src/install/dwb_critics/include//dwb_critics/goal_align.hpp
-- Installing: /home/ros2/ros2_rc/src/install/dwb_critics/include//dwb_critics/rotate_to_goal.hpp
-- Installing: /home/ros2/ros2_rc/src/install/dwb_critics/include//dwb_critics/twirling.hpp
-- Installing: /home/ros2/ros2_rc/src/install/dwb_critics/include//dwb_critics/goal_dist.hpp
-- Installing: /home/ros2/ros2_rc/src/install/dwb_critics/include//dwb_critics/obstacle_footprint.hpp
-- Installing: /home/ros2/ros2_rc/src/install/dwb_critics/share/dwb_critics/default_critics.xml
-- Installing: /home/ros2/ros2_rc/src/install/dwb_critics/share/dwb_critics/environment/library_path.sh
-- Installing: /home/ros2/ros2_rc/src/install/dwb_critics/share/dwb_critics/environment/library_path.dsv
-- Up-to-date: /home/ros2/ros2_rc/src/install/dwb_critics/share/dwb_critics/default_critics.xml
-- Installing: /home/ros2/ros2_rc/src/install/dwb_critics/share/ament_index/resource_index/package_run_dependencies/dwb_critics
-- Installing: /home/ros2/ros2_rc/src/install/dwb_critics/share/ament_index/resource_index/parent_prefix_path/dwb_critics
-- Installing: /home/ros2/ros2_rc/src/install/dwb_critics/share/dwb_critics/environment/ament_prefix_path.sh
-- Installing: /home/ros2/ros2_rc/src/install/dwb_critics/share/dwb_critics/environment/ament_prefix_path.dsv
-- Installing: /home/ros2/ros2_rc/src/install/dwb_critics/share/dwb_critics/environment/path.sh
-- Installing: /home/ros2/ros2_rc/src/install/dwb_critics/share/dwb_critics/environment/path.dsv
-- Installing: /home/ros2/ros2_rc/src/install/dwb_critics/share/dwb_critics/local_setup.bash
-- Installing: /home/ros2/ros2_rc/src/install/dwb_critics/share/dwb_critics/local_setup.sh
-- Installing: /home/ros2/ros2_rc/src/install/dwb_critics/share/dwb_critics/local_setup.zsh
-- Installing: /home/ros2/ros2_rc/src/install/dwb_critics/share/dwb_critics/local_setup.dsv
-- Installing: /home/ros2/ros2_rc/src/install/dwb_critics/share/dwb_critics/package.dsv
-- Installing: /home/ros2/ros2_rc/src/install/dwb_critics/share/ament_index/resource_index/packages/dwb_critics
-- Installing: /home/ros2/ros2_rc/src/install/dwb_critics/share/ament_index/resource_index/dwb_core__pluginlib__plugin/dwb_critics
-- Installing: /home/ros2/ros2_rc/src/install/dwb_critics/share/dwb_critics/cmake/ament_cmake_export_include_directories-extras.cmake
-- Installing: /home/ros2/ros2_rc/src/install/dwb_critics/share/dwb_critics/cmake/ament_cmake_export_libraries-extras.cmake
-- Installing: /home/ros2/ros2_rc/src/install/dwb_critics/share/dwb_critics/cmake/ament_cmake_export_dependencies-extras.cmake
-- Installing: /home/ros2/ros2_rc/src/install/dwb_critics/share/dwb_critics/cmake/dwb_criticsConfig.cmake
-- Installing: /home/ros2/ros2_rc/src/install/dwb_critics/share/dwb_critics/cmake/dwb_criticsConfig-version.cmake
-- Installing: /home/ros2/ros2_rc/src/install/dwb_critics/share/dwb_critics/package.xml
