[0.104s] Invoking command in '/home/ros2/ros2_rc/src/build/nav_2d_msgs': CMAKE_PREFIX_PATH=${CMAKE_PREFIX_PATH}:/home/ros2/ros2_rc/src/install/nav2_simple_commander:/home/ros2/ros2_rc/install/nav2_simple_commander:/opt/ros/humble /usr/bin/cmake --build /home/ros2/ros2_rc/src/build/nav_2d_msgs -- -j10 -l10
[0.275s] [ 11%] Built target nav_2d_msgs__rosidl_generator_c
[0.275s] [ 12%] Built target nav_2d_msgs__cpp
[0.348s] [ 12%] Built target ament_cmake_python_copy_nav_2d_msgs
[0.464s] [ 23%] Built target nav_2d_msgs__rosidl_typesupport_cpp
[0.464s] [ 35%] Built target nav_2d_msgs__rosidl_typesupport_introspection_c
[0.464s] [ 46%] Built target nav_2d_msgs__rosidl_typesupport_fastrtps_cpp
[0.496s] [ 57%] Built target nav_2d_msgs__rosidl_typesupport_c
[0.496s] [ 69%] Built target nav_2d_msgs__rosidl_typesupport_introspection_cpp
[0.503s] [ 80%] Built target nav_2d_msgs__rosidl_typesupport_fastrtps_c
[0.619s] [ 80%] Built target nav_2d_msgs
[0.726s] [ 81%] Built target nav_2d_msgs__py
[0.841s] [ 91%] Built target nav_2d_msgs__rosidl_generator_py
[0.935s] [ 94%] Built target nav_2d_msgs__rosidl_typesupport_c__pyext
[0.941s] [ 97%] Built target nav_2d_msgs__rosidl_typesupport_fastrtps_c__pyext
[0.977s] [100%] Built target nav_2d_msgs__rosidl_typesupport_introspection_c__pyext
[1.133s] running egg_info
[1.135s] writing nav_2d_msgs.egg-info/PKG-INFO
[1.136s] writing dependency_links to nav_2d_msgs.egg-info/dependency_links.txt
[1.136s] writing top-level names to nav_2d_msgs.egg-info/top_level.txt
[1.140s] reading manifest file 'nav_2d_msgs.egg-info/SOURCES.txt'
[1.141s] writing manifest file 'nav_2d_msgs.egg-info/SOURCES.txt'
[1.223s] [100%] Built target ament_cmake_python_build_nav_2d_msgs_egg
[1.261s] Invoked command in '/home/ros2/ros2_rc/src/build/nav_2d_msgs' returned '0': CMAKE_PREFIX_PATH=${CMAKE_PREFIX_PATH}:/home/ros2/ros2_rc/src/install/nav2_simple_commander:/home/ros2/ros2_rc/install/nav2_simple_commander:/opt/ros/humble /usr/bin/cmake --build /home/ros2/ros2_rc/src/build/nav_2d_msgs -- -j10 -l10
[2.370s] Invoking command in '/home/ros2/ros2_rc/src/build/nav_2d_msgs': CMAKE_PREFIX_PATH=${CMAKE_PREFIX_PATH}:/home/ros2/ros2_rc/src/install/nav2_simple_commander:/home/ros2/ros2_rc/install/nav2_simple_commander:/opt/ros/humble /usr/bin/cmake --install /home/ros2/ros2_rc/src/build/nav_2d_msgs
[2.398s] -- Install configuration: ""
[2.398s] -- Up-to-date: /home/ros2/ros2_rc/src/install/nav_2d_msgs/share/ament_index/resource_index/rosidl_interfaces/nav_2d_msgs
[2.399s] -- Up-to-date: /home/ros2/ros2_rc/src/install/nav_2d_msgs/include/nav_2d_msgs/nav_2d_msgs
[2.399s] -- Up-to-date: /home/ros2/ros2_rc/src/install/nav_2d_msgs/include/nav_2d_msgs/nav_2d_msgs/msg
[2.400s] -- Up-to-date: /home/ros2/ros2_rc/src/install/nav_2d_msgs/include/nav_2d_msgs/nav_2d_msgs/msg/rosidl_generator_c__visibility_control.h
[2.400s] -- Up-to-date: /home/ros2/ros2_rc/src/install/nav_2d_msgs/include/nav_2d_msgs/nav_2d_msgs/msg/pose2_d_stamped.h
[2.400s] -- Up-to-date: /home/ros2/ros2_rc/src/install/nav_2d_msgs/include/nav_2d_msgs/nav_2d_msgs/msg/detail
[2.400s] -- Up-to-date: /home/ros2/ros2_rc/src/install/nav_2d_msgs/include/nav_2d_msgs/nav_2d_msgs/msg/detail/twist2_d32__struct.h
[2.400s] -- Up-to-date: /home/ros2/ros2_rc/src/install/nav_2d_msgs/include/nav_2d_msgs/nav_2d_msgs/msg/detail/path2_d__struct.h
[2.401s] -- Up-to-date: /home/ros2/ros2_rc/src/install/nav_2d_msgs/include/nav_2d_msgs/nav_2d_msgs/msg/detail/twist2_d_stamped__functions.h
[2.401s] -- Up-to-date: /home/ros2/ros2_rc/src/install/nav_2d_msgs/include/nav_2d_msgs/nav_2d_msgs/msg/detail/path2_d__functions.c
[2.401s] -- Up-to-date: /home/ros2/ros2_rc/src/install/nav_2d_msgs/include/nav_2d_msgs/nav_2d_msgs/msg/detail/pose2_d_stamped__functions.c
[2.401s] -- Up-to-date: /home/ros2/ros2_rc/src/install/nav_2d_msgs/include/nav_2d_msgs/nav_2d_msgs/msg/detail/pose2_d_stamped__struct.h
[2.402s] -- Up-to-date: /home/ros2/ros2_rc/src/install/nav_2d_msgs/include/nav_2d_msgs/nav_2d_msgs/msg/detail/twist2_d__functions.c
[2.402s] -- Up-to-date: /home/ros2/ros2_rc/src/install/nav_2d_msgs/include/nav_2d_msgs/nav_2d_msgs/msg/detail/pose2_d_stamped__type_support.h
[2.402s] -- Up-to-date: /home/ros2/ros2_rc/src/install/nav_2d_msgs/include/nav_2d_msgs/nav_2d_msgs/msg/detail/twist2_d32__functions.c
[2.403s] -- Up-to-date: /home/ros2/ros2_rc/src/install/nav_2d_msgs/include/nav_2d_msgs/nav_2d_msgs/msg/detail/twist2_d32__type_support.h
[2.403s] -- Up-to-date: /home/ros2/ros2_rc/src/install/nav_2d_msgs/include/nav_2d_msgs/nav_2d_msgs/msg/detail/twist2_d_stamped__struct.h
[2.404s] -- Up-to-date: /home/ros2/ros2_rc/src/install/nav_2d_msgs/include/nav_2d_msgs/nav_2d_msgs/msg/detail/twist2_d_stamped__type_support.h
[2.404s] -- Up-to-date: /home/ros2/ros2_rc/src/install/nav_2d_msgs/include/nav_2d_msgs/nav_2d_msgs/msg/detail/pose2_d32__functions.c
[2.405s] -- Up-to-date: /home/ros2/ros2_rc/src/install/nav_2d_msgs/include/nav_2d_msgs/nav_2d_msgs/msg/detail/path2_d__functions.h
[2.405s] -- Up-to-date: /home/ros2/ros2_rc/src/install/nav_2d_msgs/include/nav_2d_msgs/nav_2d_msgs/msg/detail/twist2_d_stamped__functions.c
[2.405s] -- Up-to-date: /home/ros2/ros2_rc/src/install/nav_2d_msgs/include/nav_2d_msgs/nav_2d_msgs/msg/detail/path2_d__type_support.h
[2.406s] -- Up-to-date: /home/ros2/ros2_rc/src/install/nav_2d_msgs/include/nav_2d_msgs/nav_2d_msgs/msg/detail/twist2_d__type_support.h
[2.406s] -- Up-to-date: /home/ros2/ros2_rc/src/install/nav_2d_msgs/include/nav_2d_msgs/nav_2d_msgs/msg/detail/pose2_d32__struct.h
[2.407s] -- Up-to-date: /home/ros2/ros2_rc/src/install/nav_2d_msgs/include/nav_2d_msgs/nav_2d_msgs/msg/detail/twist2_d32__functions.h
[2.407s] -- Up-to-date: /home/ros2/ros2_rc/src/install/nav_2d_msgs/include/nav_2d_msgs/nav_2d_msgs/msg/detail/twist2_d__functions.h
[2.407s] -- Up-to-date: /home/ros2/ros2_rc/src/install/nav_2d_msgs/include/nav_2d_msgs/nav_2d_msgs/msg/detail/pose2_d32__functions.h
[2.407s] -- Up-to-date: /home/ros2/ros2_rc/src/install/nav_2d_msgs/include/nav_2d_msgs/nav_2d_msgs/msg/detail/twist2_d__struct.h
[2.407s] -- Up-to-date: /home/ros2/ros2_rc/src/install/nav_2d_msgs/include/nav_2d_msgs/nav_2d_msgs/msg/detail/pose2_d_stamped__functions.h
[2.407s] -- Up-to-date: /home/ros2/ros2_rc/src/install/nav_2d_msgs/include/nav_2d_msgs/nav_2d_msgs/msg/detail/pose2_d32__type_support.h
[2.407s] -- Up-to-date: /home/ros2/ros2_rc/src/install/nav_2d_msgs/include/nav_2d_msgs/nav_2d_msgs/msg/path2_d.h
[2.408s] -- Up-to-date: /home/ros2/ros2_rc/src/install/nav_2d_msgs/include/nav_2d_msgs/nav_2d_msgs/msg/twist2_d_stamped.h
[2.408s] -- Up-to-date: /home/ros2/ros2_rc/src/install/nav_2d_msgs/include/nav_2d_msgs/nav_2d_msgs/msg/twist2_d32.h
[2.409s] -- Up-to-date: /home/ros2/ros2_rc/src/install/nav_2d_msgs/include/nav_2d_msgs/nav_2d_msgs/msg/twist2_d.h
[2.409s] -- Up-to-date: /home/ros2/ros2_rc/src/install/nav_2d_msgs/include/nav_2d_msgs/nav_2d_msgs/msg/pose2_d32.h
[2.409s] -- Up-to-date: /home/ros2/ros2_rc/src/install/nav_2d_msgs/share/nav_2d_msgs/environment/library_path.sh
[2.409s] -- Up-to-date: /home/ros2/ros2_rc/src/install/nav_2d_msgs/share/nav_2d_msgs/environment/library_path.dsv
[2.409s] -- Up-to-date: /home/ros2/ros2_rc/src/install/nav_2d_msgs/lib/libnav_2d_msgs__rosidl_generator_c.so
[2.409s] -- Up-to-date: /home/ros2/ros2_rc/src/install/nav_2d_msgs/include/nav_2d_msgs/nav_2d_msgs
[2.409s] -- Up-to-date: /home/ros2/ros2_rc/src/install/nav_2d_msgs/include/nav_2d_msgs/nav_2d_msgs/msg
[2.410s] -- Up-to-date: /home/ros2/ros2_rc/src/install/nav_2d_msgs/include/nav_2d_msgs/nav_2d_msgs/msg/rosidl_typesupport_fastrtps_c__visibility_control.h
[2.410s] -- Up-to-date: /home/ros2/ros2_rc/src/install/nav_2d_msgs/include/nav_2d_msgs/nav_2d_msgs/msg/detail
[2.410s] -- Up-to-date: /home/ros2/ros2_rc/src/install/nav_2d_msgs/include/nav_2d_msgs/nav_2d_msgs/msg/detail/pose2_d32__rosidl_typesupport_fastrtps_c.h
[2.411s] -- Up-to-date: /home/ros2/ros2_rc/src/install/nav_2d_msgs/include/nav_2d_msgs/nav_2d_msgs/msg/detail/twist2_d32__rosidl_typesupport_fastrtps_c.h
[2.411s] -- Up-to-date: /home/ros2/ros2_rc/src/install/nav_2d_msgs/include/nav_2d_msgs/nav_2d_msgs/msg/detail/twist2_d__rosidl_typesupport_fastrtps_c.h
[2.411s] -- Up-to-date: /home/ros2/ros2_rc/src/install/nav_2d_msgs/include/nav_2d_msgs/nav_2d_msgs/msg/detail/path2_d__rosidl_typesupport_fastrtps_c.h
[2.411s] -- Up-to-date: /home/ros2/ros2_rc/src/install/nav_2d_msgs/include/nav_2d_msgs/nav_2d_msgs/msg/detail/pose2_d_stamped__rosidl_typesupport_fastrtps_c.h
[2.411s] -- Up-to-date: /home/ros2/ros2_rc/src/install/nav_2d_msgs/include/nav_2d_msgs/nav_2d_msgs/msg/detail/twist2_d_stamped__rosidl_typesupport_fastrtps_c.h
[2.412s] -- Up-to-date: /home/ros2/ros2_rc/src/install/nav_2d_msgs/lib/libnav_2d_msgs__rosidl_typesupport_fastrtps_c.so
[2.412s] -- Up-to-date: /home/ros2/ros2_rc/src/install/nav_2d_msgs/include/nav_2d_msgs/nav_2d_msgs
[2.412s] -- Up-to-date: /home/ros2/ros2_rc/src/install/nav_2d_msgs/include/nav_2d_msgs/nav_2d_msgs/msg
[2.413s] -- Up-to-date: /home/ros2/ros2_rc/src/install/nav_2d_msgs/include/nav_2d_msgs/nav_2d_msgs/msg/path2_d.hpp
[2.413s] -- Up-to-date: /home/ros2/ros2_rc/src/install/nav_2d_msgs/include/nav_2d_msgs/nav_2d_msgs/msg/twist2_d_stamped.hpp
[2.413s] -- Up-to-date: /home/ros2/ros2_rc/src/install/nav_2d_msgs/include/nav_2d_msgs/nav_2d_msgs/msg/pose2_d32.hpp
[2.414s] -- Up-to-date: /home/ros2/ros2_rc/src/install/nav_2d_msgs/include/nav_2d_msgs/nav_2d_msgs/msg/twist2_d.hpp
[2.414s] -- Up-to-date: /home/ros2/ros2_rc/src/install/nav_2d_msgs/include/nav_2d_msgs/nav_2d_msgs/msg/twist2_d32.hpp
[2.414s] -- Up-to-date: /home/ros2/ros2_rc/src/install/nav_2d_msgs/include/nav_2d_msgs/nav_2d_msgs/msg/detail
[2.414s] -- Up-to-date: /home/ros2/ros2_rc/src/install/nav_2d_msgs/include/nav_2d_msgs/nav_2d_msgs/msg/detail/pose2_d32__traits.hpp
[2.414s] -- Up-to-date: /home/ros2/ros2_rc/src/install/nav_2d_msgs/include/nav_2d_msgs/nav_2d_msgs/msg/detail/twist2_d32__struct.hpp
[2.414s] -- Up-to-date: /home/ros2/ros2_rc/src/install/nav_2d_msgs/include/nav_2d_msgs/nav_2d_msgs/msg/detail/path2_d__struct.hpp
[2.414s] -- Up-to-date: /home/ros2/ros2_rc/src/install/nav_2d_msgs/include/nav_2d_msgs/nav_2d_msgs/msg/detail/twist2_d_stamped__builder.hpp
[2.415s] -- Up-to-date: /home/ros2/ros2_rc/src/install/nav_2d_msgs/include/nav_2d_msgs/nav_2d_msgs/msg/detail/twist2_d__struct.hpp
[2.415s] -- Up-to-date: /home/ros2/ros2_rc/src/install/nav_2d_msgs/include/nav_2d_msgs/nav_2d_msgs/msg/detail/pose2_d32__builder.hpp
[2.415s] -- Up-to-date: /home/ros2/ros2_rc/src/install/nav_2d_msgs/include/nav_2d_msgs/nav_2d_msgs/msg/detail/twist2_d32__builder.hpp
[2.415s] -- Up-to-date: /home/ros2/ros2_rc/src/install/nav_2d_msgs/include/nav_2d_msgs/nav_2d_msgs/msg/detail/twist2_d32__traits.hpp
[2.415s] -- Up-to-date: /home/ros2/ros2_rc/src/install/nav_2d_msgs/include/nav_2d_msgs/nav_2d_msgs/msg/detail/twist2_d_stamped__traits.hpp
[2.415s] -- Up-to-date: /home/ros2/ros2_rc/src/install/nav_2d_msgs/include/nav_2d_msgs/nav_2d_msgs/msg/detail/path2_d__builder.hpp
[2.415s] -- Up-to-date: /home/ros2/ros2_rc/src/install/nav_2d_msgs/include/nav_2d_msgs/nav_2d_msgs/msg/detail/pose2_d_stamped__traits.hpp
[2.415s] -- Up-to-date: /home/ros2/ros2_rc/src/install/nav_2d_msgs/include/nav_2d_msgs/nav_2d_msgs/msg/detail/pose2_d_stamped__builder.hpp
[2.415s] -- Up-to-date: /home/ros2/ros2_rc/src/install/nav_2d_msgs/include/nav_2d_msgs/nav_2d_msgs/msg/detail/pose2_d32__struct.hpp
[2.415s] -- Up-to-date: /home/ros2/ros2_rc/src/install/nav_2d_msgs/include/nav_2d_msgs/nav_2d_msgs/msg/detail/twist2_d_stamped__struct.hpp
[2.415s] -- Up-to-date: /home/ros2/ros2_rc/src/install/nav_2d_msgs/include/nav_2d_msgs/nav_2d_msgs/msg/detail/twist2_d__traits.hpp
[2.415s] -- Up-to-date: /home/ros2/ros2_rc/src/install/nav_2d_msgs/include/nav_2d_msgs/nav_2d_msgs/msg/detail/path2_d__traits.hpp
[2.415s] -- Up-to-date: /home/ros2/ros2_rc/src/install/nav_2d_msgs/include/nav_2d_msgs/nav_2d_msgs/msg/detail/pose2_d_stamped__struct.hpp
[2.415s] -- Up-to-date: /home/ros2/ros2_rc/src/install/nav_2d_msgs/include/nav_2d_msgs/nav_2d_msgs/msg/detail/twist2_d__builder.hpp
[2.416s] -- Up-to-date: /home/ros2/ros2_rc/src/install/nav_2d_msgs/include/nav_2d_msgs/nav_2d_msgs/msg/pose2_d_stamped.hpp
[2.416s] -- Up-to-date: /home/ros2/ros2_rc/src/install/nav_2d_msgs/include/nav_2d_msgs/nav_2d_msgs
[2.416s] -- Up-to-date: /home/ros2/ros2_rc/src/install/nav_2d_msgs/include/nav_2d_msgs/nav_2d_msgs/msg
[2.416s] -- Up-to-date: /home/ros2/ros2_rc/src/install/nav_2d_msgs/include/nav_2d_msgs/nav_2d_msgs/msg/rosidl_typesupport_fastrtps_cpp__visibility_control.h
[2.416s] -- Up-to-date: /home/ros2/ros2_rc/src/install/nav_2d_msgs/include/nav_2d_msgs/nav_2d_msgs/msg/detail
[2.416s] -- Up-to-date: /home/ros2/ros2_rc/src/install/nav_2d_msgs/include/nav_2d_msgs/nav_2d_msgs/msg/detail/twist2_d32__rosidl_typesupport_fastrtps_cpp.hpp
[2.416s] -- Up-to-date: /home/ros2/ros2_rc/src/install/nav_2d_msgs/include/nav_2d_msgs/nav_2d_msgs/msg/detail/pose2_d32__rosidl_typesupport_fastrtps_cpp.hpp
[2.416s] -- Up-to-date: /home/ros2/ros2_rc/src/install/nav_2d_msgs/include/nav_2d_msgs/nav_2d_msgs/msg/detail/pose2_d_stamped__rosidl_typesupport_fastrtps_cpp.hpp
[2.416s] -- Up-to-date: /home/ros2/ros2_rc/src/install/nav_2d_msgs/include/nav_2d_msgs/nav_2d_msgs/msg/detail/twist2_d_stamped__rosidl_typesupport_fastrtps_cpp.hpp
[2.416s] -- Up-to-date: /home/ros2/ros2_rc/src/install/nav_2d_msgs/include/nav_2d_msgs/nav_2d_msgs/msg/detail/path2_d__rosidl_typesupport_fastrtps_cpp.hpp
[2.416s] -- Up-to-date: /home/ros2/ros2_rc/src/install/nav_2d_msgs/include/nav_2d_msgs/nav_2d_msgs/msg/detail/dds_fastrtps
[2.416s] -- Up-to-date: /home/ros2/ros2_rc/src/install/nav_2d_msgs/include/nav_2d_msgs/nav_2d_msgs/msg/detail/twist2_d__rosidl_typesupport_fastrtps_cpp.hpp
[2.416s] -- Up-to-date: /home/ros2/ros2_rc/src/install/nav_2d_msgs/lib/libnav_2d_msgs__rosidl_typesupport_fastrtps_cpp.so
[2.417s] -- Up-to-date: /home/ros2/ros2_rc/src/install/nav_2d_msgs/include/nav_2d_msgs/nav_2d_msgs
[2.417s] -- Up-to-date: /home/ros2/ros2_rc/src/install/nav_2d_msgs/include/nav_2d_msgs/nav_2d_msgs/msg
[2.417s] -- Up-to-date: /home/ros2/ros2_rc/src/install/nav_2d_msgs/include/nav_2d_msgs/nav_2d_msgs/msg/detail
[2.417s] -- Up-to-date: /home/ros2/ros2_rc/src/install/nav_2d_msgs/include/nav_2d_msgs/nav_2d_msgs/msg/detail/pose2_d32__type_support.c
[2.417s] -- Up-to-date: /home/ros2/ros2_rc/src/install/nav_2d_msgs/include/nav_2d_msgs/nav_2d_msgs/msg/detail/twist2_d_stamped__type_support.c
[2.417s] -- Up-to-date: /home/ros2/ros2_rc/src/install/nav_2d_msgs/include/nav_2d_msgs/nav_2d_msgs/msg/detail/twist2_d__rosidl_typesupport_introspection_c.h
[2.417s] -- Up-to-date: /home/ros2/ros2_rc/src/install/nav_2d_msgs/include/nav_2d_msgs/nav_2d_msgs/msg/detail/pose2_d_stamped__rosidl_typesupport_introspection_c.h
[2.417s] -- Up-to-date: /home/ros2/ros2_rc/src/install/nav_2d_msgs/include/nav_2d_msgs/nav_2d_msgs/msg/detail/twist2_d32__rosidl_typesupport_introspection_c.h
[2.417s] -- Up-to-date: /home/ros2/ros2_rc/src/install/nav_2d_msgs/include/nav_2d_msgs/nav_2d_msgs/msg/detail/twist2_d__type_support.c
[2.417s] -- Up-to-date: /home/ros2/ros2_rc/src/install/nav_2d_msgs/include/nav_2d_msgs/nav_2d_msgs/msg/detail/path2_d__type_support.c
[2.417s] -- Up-to-date: /home/ros2/ros2_rc/src/install/nav_2d_msgs/include/nav_2d_msgs/nav_2d_msgs/msg/detail/path2_d__rosidl_typesupport_introspection_c.h
[2.417s] -- Up-to-date: /home/ros2/ros2_rc/src/install/nav_2d_msgs/include/nav_2d_msgs/nav_2d_msgs/msg/detail/pose2_d_stamped__type_support.c
[2.418s] -- Up-to-date: /home/ros2/ros2_rc/src/install/nav_2d_msgs/include/nav_2d_msgs/nav_2d_msgs/msg/detail/pose2_d32__rosidl_typesupport_introspection_c.h
[2.418s] -- Up-to-date: /home/ros2/ros2_rc/src/install/nav_2d_msgs/include/nav_2d_msgs/nav_2d_msgs/msg/detail/twist2_d32__type_support.c
[2.418s] -- Up-to-date: /home/ros2/ros2_rc/src/install/nav_2d_msgs/include/nav_2d_msgs/nav_2d_msgs/msg/detail/twist2_d_stamped__rosidl_typesupport_introspection_c.h
[2.418s] -- Up-to-date: /home/ros2/ros2_rc/src/install/nav_2d_msgs/include/nav_2d_msgs/nav_2d_msgs/msg/rosidl_typesupport_introspection_c__visibility_control.h
[2.418s] -- Up-to-date: /home/ros2/ros2_rc/src/install/nav_2d_msgs/lib/libnav_2d_msgs__rosidl_typesupport_introspection_c.so
[2.418s] -- Up-to-date: /home/ros2/ros2_rc/src/install/nav_2d_msgs/lib/libnav_2d_msgs__rosidl_typesupport_c.so
[2.418s] -- Up-to-date: /home/ros2/ros2_rc/src/install/nav_2d_msgs/include/nav_2d_msgs/nav_2d_msgs
[2.418s] -- Up-to-date: /home/ros2/ros2_rc/src/install/nav_2d_msgs/include/nav_2d_msgs/nav_2d_msgs/msg
[2.418s] -- Up-to-date: /home/ros2/ros2_rc/src/install/nav_2d_msgs/include/nav_2d_msgs/nav_2d_msgs/msg/detail
[2.419s] -- Up-to-date: /home/ros2/ros2_rc/src/install/nav_2d_msgs/include/nav_2d_msgs/nav_2d_msgs/msg/detail/path2_d__rosidl_typesupport_introspection_cpp.hpp
[2.419s] -- Up-to-date: /home/ros2/ros2_rc/src/install/nav_2d_msgs/include/nav_2d_msgs/nav_2d_msgs/msg/detail/pose2_d_stamped__type_support.cpp
[2.419s] -- Up-to-date: /home/ros2/ros2_rc/src/install/nav_2d_msgs/include/nav_2d_msgs/nav_2d_msgs/msg/detail/pose2_d32__rosidl_typesupport_introspection_cpp.hpp
[2.419s] -- Up-to-date: /home/ros2/ros2_rc/src/install/nav_2d_msgs/include/nav_2d_msgs/nav_2d_msgs/msg/detail/twist2_d32__rosidl_typesupport_introspection_cpp.hpp
[2.419s] -- Up-to-date: /home/ros2/ros2_rc/src/install/nav_2d_msgs/include/nav_2d_msgs/nav_2d_msgs/msg/detail/path2_d__type_support.cpp
[2.419s] -- Up-to-date: /home/ros2/ros2_rc/src/install/nav_2d_msgs/include/nav_2d_msgs/nav_2d_msgs/msg/detail/twist2_d__rosidl_typesupport_introspection_cpp.hpp
[2.419s] -- Up-to-date: /home/ros2/ros2_rc/src/install/nav_2d_msgs/include/nav_2d_msgs/nav_2d_msgs/msg/detail/pose2_d32__type_support.cpp
[2.420s] -- Up-to-date: /home/ros2/ros2_rc/src/install/nav_2d_msgs/include/nav_2d_msgs/nav_2d_msgs/msg/detail/twist2_d32__type_support.cpp
[2.420s] -- Up-to-date: /home/ros2/ros2_rc/src/install/nav_2d_msgs/include/nav_2d_msgs/nav_2d_msgs/msg/detail/twist2_d_stamped__type_support.cpp
[2.420s] -- Up-to-date: /home/ros2/ros2_rc/src/install/nav_2d_msgs/include/nav_2d_msgs/nav_2d_msgs/msg/detail/twist2_d__type_support.cpp
[2.420s] -- Up-to-date: /home/ros2/ros2_rc/src/install/nav_2d_msgs/include/nav_2d_msgs/nav_2d_msgs/msg/detail/twist2_d_stamped__rosidl_typesupport_introspection_cpp.hpp
[2.420s] -- Up-to-date: /home/ros2/ros2_rc/src/install/nav_2d_msgs/include/nav_2d_msgs/nav_2d_msgs/msg/detail/pose2_d_stamped__rosidl_typesupport_introspection_cpp.hpp
[2.420s] -- Up-to-date: /home/ros2/ros2_rc/src/install/nav_2d_msgs/lib/libnav_2d_msgs__rosidl_typesupport_introspection_cpp.so
[2.420s] -- Up-to-date: /home/ros2/ros2_rc/src/install/nav_2d_msgs/lib/libnav_2d_msgs__rosidl_typesupport_cpp.so
[2.420s] -- Up-to-date: /home/ros2/ros2_rc/src/install/nav_2d_msgs/share/nav_2d_msgs/environment/pythonpath.sh
[2.421s] -- Up-to-date: /home/ros2/ros2_rc/src/install/nav_2d_msgs/share/nav_2d_msgs/environment/pythonpath.dsv
[2.421s] -- Up-to-date: /home/ros2/ros2_rc/src/install/nav_2d_msgs/local/lib/python3.10/dist-packages/nav_2d_msgs-1.1.16-py3.10.egg-info
[2.421s] -- Installing: /home/ros2/ros2_rc/src/install/nav_2d_msgs/local/lib/python3.10/dist-packages/nav_2d_msgs-1.1.16-py3.10.egg-info/SOURCES.txt
[2.421s] -- Installing: /home/ros2/ros2_rc/src/install/nav_2d_msgs/local/lib/python3.10/dist-packages/nav_2d_msgs-1.1.16-py3.10.egg-info/PKG-INFO
[2.421s] -- Installing: /home/ros2/ros2_rc/src/install/nav_2d_msgs/local/lib/python3.10/dist-packages/nav_2d_msgs-1.1.16-py3.10.egg-info/top_level.txt
[2.421s] -- Installing: /home/ros2/ros2_rc/src/install/nav_2d_msgs/local/lib/python3.10/dist-packages/nav_2d_msgs-1.1.16-py3.10.egg-info/dependency_links.txt
[2.421s] -- Up-to-date: /home/ros2/ros2_rc/src/install/nav_2d_msgs/local/lib/python3.10/dist-packages/nav_2d_msgs
[2.421s] -- Up-to-date: /home/ros2/ros2_rc/src/install/nav_2d_msgs/local/lib/python3.10/dist-packages/nav_2d_msgs/__init__.py
[2.421s] -- Up-to-date: /home/ros2/ros2_rc/src/install/nav_2d_msgs/local/lib/python3.10/dist-packages/nav_2d_msgs/nav_2d_msgs_s__rosidl_typesupport_introspection_c.cpython-310-x86_64-linux-gnu.so
[2.421s] -- Up-to-date: /home/ros2/ros2_rc/src/install/nav_2d_msgs/local/lib/python3.10/dist-packages/nav_2d_msgs/_nav_2d_msgs_s.ep.rosidl_typesupport_fastrtps_c.c
[2.422s] -- Up-to-date: /home/ros2/ros2_rc/src/install/nav_2d_msgs/local/lib/python3.10/dist-packages/nav_2d_msgs/_nav_2d_msgs_s.ep.rosidl_typesupport_introspection_c.c
[2.422s] -- Up-to-date: /home/ros2/ros2_rc/src/install/nav_2d_msgs/local/lib/python3.10/dist-packages/nav_2d_msgs/nav_2d_msgs_s__rosidl_typesupport_fastrtps_c.cpython-310-x86_64-linux-gnu.so
[2.422s] -- Up-to-date: /home/ros2/ros2_rc/src/install/nav_2d_msgs/local/lib/python3.10/dist-packages/nav_2d_msgs/libnav_2d_msgs__rosidl_generator_py.so
[2.422s] -- Up-to-date: /home/ros2/ros2_rc/src/install/nav_2d_msgs/local/lib/python3.10/dist-packages/nav_2d_msgs/msg
[2.422s] -- Up-to-date: /home/ros2/ros2_rc/src/install/nav_2d_msgs/local/lib/python3.10/dist-packages/nav_2d_msgs/msg/__init__.py
[2.422s] -- Up-to-date: /home/ros2/ros2_rc/src/install/nav_2d_msgs/local/lib/python3.10/dist-packages/nav_2d_msgs/msg/_twist2_d.py
[2.422s] -- Up-to-date: /home/ros2/ros2_rc/src/install/nav_2d_msgs/local/lib/python3.10/dist-packages/nav_2d_msgs/msg/_pose2_d32_s.c
[2.422s] -- Up-to-date: /home/ros2/ros2_rc/src/install/nav_2d_msgs/local/lib/python3.10/dist-packages/nav_2d_msgs/msg/_pose2_d_stamped_s.c
[2.422s] -- Up-to-date: /home/ros2/ros2_rc/src/install/nav_2d_msgs/local/lib/python3.10/dist-packages/nav_2d_msgs/msg/_pose2_d32.py
[2.422s] -- Up-to-date: /home/ros2/ros2_rc/src/install/nav_2d_msgs/local/lib/python3.10/dist-packages/nav_2d_msgs/msg/_twist2_d32.py
[2.422s] -- Up-to-date: /home/ros2/ros2_rc/src/install/nav_2d_msgs/local/lib/python3.10/dist-packages/nav_2d_msgs/msg/_twist2_d_stamped.py
[2.423s] -- Up-to-date: /home/ros2/ros2_rc/src/install/nav_2d_msgs/local/lib/python3.10/dist-packages/nav_2d_msgs/msg/_twist2_d32_s.c
[2.423s] -- Up-to-date: /home/ros2/ros2_rc/src/install/nav_2d_msgs/local/lib/python3.10/dist-packages/nav_2d_msgs/msg/_path2_d.py
[2.423s] -- Up-to-date: /home/ros2/ros2_rc/src/install/nav_2d_msgs/local/lib/python3.10/dist-packages/nav_2d_msgs/msg/_twist2_d_stamped_s.c
[2.423s] -- Up-to-date: /home/ros2/ros2_rc/src/install/nav_2d_msgs/local/lib/python3.10/dist-packages/nav_2d_msgs/msg/_pose2_d_stamped.py
[2.423s] -- Up-to-date: /home/ros2/ros2_rc/src/install/nav_2d_msgs/local/lib/python3.10/dist-packages/nav_2d_msgs/msg/_path2_d_s.c
[2.423s] -- Up-to-date: /home/ros2/ros2_rc/src/install/nav_2d_msgs/local/lib/python3.10/dist-packages/nav_2d_msgs/msg/_twist2_d_s.c
[2.423s] -- Up-to-date: /home/ros2/ros2_rc/src/install/nav_2d_msgs/local/lib/python3.10/dist-packages/nav_2d_msgs/nav_2d_msgs_s__rosidl_typesupport_c.cpython-310-x86_64-linux-gnu.so
[2.423s] -- Up-to-date: /home/ros2/ros2_rc/src/install/nav_2d_msgs/local/lib/python3.10/dist-packages/nav_2d_msgs/_nav_2d_msgs_s.ep.rosidl_typesupport_c.c
[2.485s] Listing '/home/ros2/ros2_rc/src/install/nav_2d_msgs/local/lib/python3.10/dist-packages/nav_2d_msgs'...
[2.485s] Listing '/home/ros2/ros2_rc/src/install/nav_2d_msgs/local/lib/python3.10/dist-packages/nav_2d_msgs/msg'...
[2.493s] -- Up-to-date: /home/ros2/ros2_rc/src/install/nav_2d_msgs/local/lib/python3.10/dist-packages/nav_2d_msgs/nav_2d_msgs_s__rosidl_typesupport_fastrtps_c.cpython-310-x86_64-linux-gnu.so
[2.493s] -- Up-to-date: /home/ros2/ros2_rc/src/install/nav_2d_msgs/local/lib/python3.10/dist-packages/nav_2d_msgs/nav_2d_msgs_s__rosidl_typesupport_introspection_c.cpython-310-x86_64-linux-gnu.so
[2.494s] -- Up-to-date: /home/ros2/ros2_rc/src/install/nav_2d_msgs/local/lib/python3.10/dist-packages/nav_2d_msgs/nav_2d_msgs_s__rosidl_typesupport_c.cpython-310-x86_64-linux-gnu.so
[2.494s] -- Up-to-date: /home/ros2/ros2_rc/src/install/nav_2d_msgs/lib/libnav_2d_msgs__rosidl_generator_py.so
[2.494s] -- Up-to-date: /home/ros2/ros2_rc/src/install/nav_2d_msgs/share/nav_2d_msgs/msg/Path2D.idl
[2.495s] -- Up-to-date: /home/ros2/ros2_rc/src/install/nav_2d_msgs/share/nav_2d_msgs/msg/Pose2D32.idl
[2.495s] -- Up-to-date: /home/ros2/ros2_rc/src/install/nav_2d_msgs/share/nav_2d_msgs/msg/Pose2DStamped.idl
[2.495s] -- Up-to-date: /home/ros2/ros2_rc/src/install/nav_2d_msgs/share/nav_2d_msgs/msg/Twist2D.idl
[2.495s] -- Up-to-date: /home/ros2/ros2_rc/src/install/nav_2d_msgs/share/nav_2d_msgs/msg/Twist2D32.idl
[2.495s] -- Up-to-date: /home/ros2/ros2_rc/src/install/nav_2d_msgs/share/nav_2d_msgs/msg/Twist2DStamped.idl
[2.495s] -- Up-to-date: /home/ros2/ros2_rc/src/install/nav_2d_msgs/share/nav_2d_msgs/msg/Path2D.msg
[2.496s] -- Up-to-date: /home/ros2/ros2_rc/src/install/nav_2d_msgs/share/nav_2d_msgs/msg/Pose2D32.msg
[2.496s] -- Up-to-date: /home/ros2/ros2_rc/src/install/nav_2d_msgs/share/nav_2d_msgs/msg/Pose2DStamped.msg
[2.496s] -- Up-to-date: /home/ros2/ros2_rc/src/install/nav_2d_msgs/share/nav_2d_msgs/msg/Twist2D.msg
[2.496s] -- Up-to-date: /home/ros2/ros2_rc/src/install/nav_2d_msgs/share/nav_2d_msgs/msg/Twist2D32.msg
[2.496s] -- Up-to-date: /home/ros2/ros2_rc/src/install/nav_2d_msgs/share/nav_2d_msgs/msg/Twist2DStamped.msg
[2.496s] -- Up-to-date: /home/ros2/ros2_rc/src/install/nav_2d_msgs/share/ament_index/resource_index/package_run_dependencies/nav_2d_msgs
[2.497s] -- Up-to-date: /home/ros2/ros2_rc/src/install/nav_2d_msgs/share/ament_index/resource_index/parent_prefix_path/nav_2d_msgs
[2.497s] -- Up-to-date: /home/ros2/ros2_rc/src/install/nav_2d_msgs/share/nav_2d_msgs/environment/ament_prefix_path.sh
[2.497s] -- Up-to-date: /home/ros2/ros2_rc/src/install/nav_2d_msgs/share/nav_2d_msgs/environment/ament_prefix_path.dsv
[2.497s] -- Up-to-date: /home/ros2/ros2_rc/src/install/nav_2d_msgs/share/nav_2d_msgs/environment/path.sh
[2.497s] -- Up-to-date: /home/ros2/ros2_rc/src/install/nav_2d_msgs/share/nav_2d_msgs/environment/path.dsv
[2.498s] -- Up-to-date: /home/ros2/ros2_rc/src/install/nav_2d_msgs/share/nav_2d_msgs/local_setup.bash
[2.498s] -- Up-to-date: /home/ros2/ros2_rc/src/install/nav_2d_msgs/share/nav_2d_msgs/local_setup.sh
[2.498s] -- Up-to-date: /home/ros2/ros2_rc/src/install/nav_2d_msgs/share/nav_2d_msgs/local_setup.zsh
[2.498s] -- Up-to-date: /home/ros2/ros2_rc/src/install/nav_2d_msgs/share/nav_2d_msgs/local_setup.dsv
[2.499s] -- Installing: /home/ros2/ros2_rc/src/install/nav_2d_msgs/share/nav_2d_msgs/package.dsv
[2.499s] -- Up-to-date: /home/ros2/ros2_rc/src/install/nav_2d_msgs/share/ament_index/resource_index/packages/nav_2d_msgs
[2.499s] -- Up-to-date: /home/ros2/ros2_rc/src/install/nav_2d_msgs/share/nav_2d_msgs/cmake/export_nav_2d_msgs__rosidl_generator_cExport.cmake
[2.499s] -- Up-to-date: /home/ros2/ros2_rc/src/install/nav_2d_msgs/share/nav_2d_msgs/cmake/export_nav_2d_msgs__rosidl_generator_cExport-noconfig.cmake
[2.499s] -- Up-to-date: /home/ros2/ros2_rc/src/install/nav_2d_msgs/share/nav_2d_msgs/cmake/export_nav_2d_msgs__rosidl_typesupport_fastrtps_cExport.cmake
[2.499s] -- Up-to-date: /home/ros2/ros2_rc/src/install/nav_2d_msgs/share/nav_2d_msgs/cmake/export_nav_2d_msgs__rosidl_typesupport_fastrtps_cExport-noconfig.cmake
[2.500s] -- Up-to-date: /home/ros2/ros2_rc/src/install/nav_2d_msgs/share/nav_2d_msgs/cmake/export_nav_2d_msgs__rosidl_generator_cppExport.cmake
[2.500s] -- Up-to-date: /home/ros2/ros2_rc/src/install/nav_2d_msgs/share/nav_2d_msgs/cmake/export_nav_2d_msgs__rosidl_typesupport_fastrtps_cppExport.cmake
[2.500s] -- Up-to-date: /home/ros2/ros2_rc/src/install/nav_2d_msgs/share/nav_2d_msgs/cmake/export_nav_2d_msgs__rosidl_typesupport_fastrtps_cppExport-noconfig.cmake
[2.500s] -- Up-to-date: /home/ros2/ros2_rc/src/install/nav_2d_msgs/share/nav_2d_msgs/cmake/nav_2d_msgs__rosidl_typesupport_introspection_cExport.cmake
[2.500s] -- Up-to-date: /home/ros2/ros2_rc/src/install/nav_2d_msgs/share/nav_2d_msgs/cmake/nav_2d_msgs__rosidl_typesupport_introspection_cExport-noconfig.cmake
[2.500s] -- Up-to-date: /home/ros2/ros2_rc/src/install/nav_2d_msgs/share/nav_2d_msgs/cmake/nav_2d_msgs__rosidl_typesupport_cExport.cmake
[2.500s] -- Up-to-date: /home/ros2/ros2_rc/src/install/nav_2d_msgs/share/nav_2d_msgs/cmake/nav_2d_msgs__rosidl_typesupport_cExport-noconfig.cmake
[2.500s] -- Up-to-date: /home/ros2/ros2_rc/src/install/nav_2d_msgs/share/nav_2d_msgs/cmake/nav_2d_msgs__rosidl_typesupport_introspection_cppExport.cmake
[2.501s] -- Up-to-date: /home/ros2/ros2_rc/src/install/nav_2d_msgs/share/nav_2d_msgs/cmake/nav_2d_msgs__rosidl_typesupport_introspection_cppExport-noconfig.cmake
[2.501s] -- Up-to-date: /home/ros2/ros2_rc/src/install/nav_2d_msgs/share/nav_2d_msgs/cmake/nav_2d_msgs__rosidl_typesupport_cppExport.cmake
[2.501s] -- Up-to-date: /home/ros2/ros2_rc/src/install/nav_2d_msgs/share/nav_2d_msgs/cmake/nav_2d_msgs__rosidl_typesupport_cppExport-noconfig.cmake
[2.501s] -- Up-to-date: /home/ros2/ros2_rc/src/install/nav_2d_msgs/share/nav_2d_msgs/cmake/export_nav_2d_msgs__rosidl_generator_pyExport.cmake
[2.501s] -- Up-to-date: /home/ros2/ros2_rc/src/install/nav_2d_msgs/share/nav_2d_msgs/cmake/export_nav_2d_msgs__rosidl_generator_pyExport-noconfig.cmake
[2.501s] -- Up-to-date: /home/ros2/ros2_rc/src/install/nav_2d_msgs/share/nav_2d_msgs/cmake/rosidl_cmake-extras.cmake
[2.501s] -- Up-to-date: /home/ros2/ros2_rc/src/install/nav_2d_msgs/share/nav_2d_msgs/cmake/ament_cmake_export_dependencies-extras.cmake
[2.501s] -- Up-to-date: /home/ros2/ros2_rc/src/install/nav_2d_msgs/share/nav_2d_msgs/cmake/ament_cmake_export_include_directories-extras.cmake
[2.502s] -- Up-to-date: /home/ros2/ros2_rc/src/install/nav_2d_msgs/share/nav_2d_msgs/cmake/ament_cmake_export_libraries-extras.cmake
[2.502s] -- Up-to-date: /home/ros2/ros2_rc/src/install/nav_2d_msgs/share/nav_2d_msgs/cmake/ament_cmake_export_targets-extras.cmake
[2.503s] -- Up-to-date: /home/ros2/ros2_rc/src/install/nav_2d_msgs/share/nav_2d_msgs/cmake/rosidl_cmake_export_typesupport_targets-extras.cmake
[2.503s] -- Up-to-date: /home/ros2/ros2_rc/src/install/nav_2d_msgs/share/nav_2d_msgs/cmake/rosidl_cmake_export_typesupport_libraries-extras.cmake
[2.504s] -- Up-to-date: /home/ros2/ros2_rc/src/install/nav_2d_msgs/share/nav_2d_msgs/cmake/nav_2d_msgsConfig.cmake
[2.504s] -- Up-to-date: /home/ros2/ros2_rc/src/install/nav_2d_msgs/share/nav_2d_msgs/cmake/nav_2d_msgsConfig-version.cmake
[2.505s] -- Up-to-date: /home/ros2/ros2_rc/src/install/nav_2d_msgs/share/nav_2d_msgs/package.xml
[2.505s] Invoked command in '/home/ros2/ros2_rc/src/build/nav_2d_msgs' returned '0': CMAKE_PREFIX_PATH=${CMAKE_PREFIX_PATH}:/home/ros2/ros2_rc/src/install/nav2_simple_commander:/home/ros2/ros2_rc/install/nav2_simple_commander:/opt/ros/humble /usr/bin/cmake --install /home/ros2/ros2_rc/src/build/nav_2d_msgs
