[0.059s] Invoking command in '/home/ros2/ros2_rc/src/build/dwb_msgs': CMAKE_PREFIX_PATH=/home/ros2/ros2_rc/src/install/nav_2d_msgs:/home/ros2/ros2_rc/src/install/smartcar_msgs:/home/ros2/ros2_rc/src/install/smart_car:/home/ros2/ros2_rc/src/install/ros2_rc:/home/ros2/ros2_rc/src/install/nav2_system_tests:/home/ros2/ros2_rc/src/install/nav2_bringup:/home/ros2/ros2_rc/src/install/navigation2:/home/ros2/ros2_rc/src/install/nav2_smoother:/home/ros2/ros2_rc/src/install/nav2_graceful_controller:/home/ros2/ros2_rc/src/install/nav2_dwb_controller:/home/ros2/ros2_rc/src/install/nav2_controller:/home/ros2/ros2_rc/src/install/dwb_plugins:/home/ros2/ros2_rc/src/install/dwb_critics:/home/ros2/ros2_rc/src/install/dwb_core:/home/ros2/ros2_rc/src/install/nav_2d_utils:/home/ros2/ros2_rc/src/install/dwb_msgs:/home/ros2/ros2_rc/src/install/nav2_waypoint_follower:/home/ros2/ros2_rc/src/install/nav2_theta_star_planner:/home/ros2/ros2_rc/src/install/nav2_smac_planner:/home/ros2/ros2_rc/src/install/nav2_rotation_shim_controller:/home/ros2/ros2_rc/src/install/nav2_regulated_pure_pursuit_controller:/home/ros2/ros2_rc/src/install/nav2_planner:/home/ros2/ros2_rc/src/install/nav2_navfn_planner:/home/ros2/ros2_rc/src/install/nav2_mppi_controller:/home/ros2/ros2_rc/src/install/nav2_constrained_smoother:/home/ros2/ros2_rc/src/install/nav2_bt_navigator:/home/ros2/ros2_rc/src/install/nav2_behaviors:/home/ros2/ros2_rc/src/install/nav2_core:/home/ros2/ros2_rc/src/install/nav2_collision_monitor:/home/ros2/ros2_rc/src/install/costmap_queue:/home/ros2/ros2_rc/src/install/nav2_costmap_2d:/home/ros2/ros2_rc/src/install/nav2_voxel_grid:/home/ros2/ros2_rc/src/install/nav2_velocity_smoother:/home/ros2/ros2_rc/src/install/nav2_rviz_plugins:/home/ros2/ros2_rc/src/install/nav2_map_server:/home/ros2/ros2_rc/src/install/nav2_lifecycle_manager:/home/ros2/ros2_rc/src/install/nav2_behavior_tree:/home/ros2/ros2_rc/src/install/nav2_amcl:/home/ros2/ros2_rc/src/install/nav2_util:/home/ros2/ros2_rc/src/install/nav2_msgs:/home/ros2/ros2_rc/src/install/nav2_common:/home/ros2/ros2_rc/src/install/car_gazebo_plugin:/home/ros2/ros2_rc/install/smartcar_msgs:/home/ros2/ros2_rc/install/smart_car:/home/ros2/ros2_rc/install/ros2_rc:/home/ros2/ros2_rc/install/nav2_system_tests:/home/ros2/ros2_rc/install/nav2_bringup:/home/ros2/ros2_rc/install/navigation2:/home/ros2/ros2_rc/install/nav2_smoother:/home/ros2/ros2_rc/install/nav2_graceful_controller:/home/ros2/ros2_rc/install/nav2_dwb_controller:/home/ros2/ros2_rc/install/nav2_controller:/home/ros2/ros2_rc/install/dwb_plugins:/home/ros2/ros2_rc/install/dwb_critics:/home/ros2/ros2_rc/install/dwb_core:/home/ros2/ros2_rc/install/nav_2d_utils:/home/ros2/ros2_rc/install/dwb_msgs:/home/ros2/ros2_rc/install/nav_2d_msgs:/home/ros2/ros2_rc/install/nav2_waypoint_follower:/home/ros2/ros2_rc/install/nav2_theta_star_planner:/home/ros2/ros2_rc/install/nav2_smac_planner:/home/ros2/ros2_rc/install/nav2_rotation_shim_controller:/home/ros2/ros2_rc/install/nav2_regulated_pure_pursuit_controller:/home/ros2/ros2_rc/install/nav2_planner:/home/ros2/ros2_rc/install/nav2_navfn_planner:/home/ros2/ros2_rc/install/nav2_mppi_controller:/home/ros2/ros2_rc/install/nav2_constrained_smoother:/home/ros2/ros2_rc/install/nav2_bt_navigator:/home/ros2/ros2_rc/install/nav2_behaviors:/home/ros2/ros2_rc/install/nav2_core:/home/ros2/ros2_rc/install/nav2_collision_monitor:/home/ros2/ros2_rc/install/costmap_queue:/home/ros2/ros2_rc/install/nav2_costmap_2d:/home/ros2/ros2_rc/install/nav2_voxel_grid:/home/ros2/ros2_rc/install/nav2_velocity_smoother:/home/ros2/ros2_rc/install/nav2_rviz_plugins:/home/ros2/ros2_rc/install/nav2_map_server:/home/ros2/ros2_rc/install/nav2_lifecycle_manager:/home/ros2/ros2_rc/install/nav2_behavior_tree:/home/ros2/ros2_rc/install/nav2_amcl:/home/ros2/ros2_rc/install/nav2_util:/home/ros2/ros2_rc/install/nav2_msgs:/home/ros2/ros2_rc/install/nav2_common:/home/ros2/ros2_rc/install/car_gazebo_plugin:/home/ros2/ros2_rc/src/install/nav2_simple_commander:/home/ros2/ros2_rc/install/nav2_simple_commander:/opt/ros/humble LD_LIBRARY_PATH=/home/ros2/ros2_rc/src/install/nav_2d_msgs/lib:/home/ros2/ros2_rc/src/install/smartcar_msgs/lib:/home/ros2/ros2_rc/src/install/nav2_smoother/lib:/home/ros2/ros2_rc/src/install/nav2_graceful_controller/lib:/home/ros2/ros2_rc/src/install/nav2_controller/lib:/home/ros2/ros2_rc/src/install/dwb_plugins/lib:/home/ros2/ros2_rc/src/install/dwb_critics/lib:/home/ros2/ros2_rc/src/install/dwb_core/lib:/home/ros2/ros2_rc/src/install/nav_2d_utils/lib:/home/ros2/ros2_rc/src/install/dwb_msgs/lib:/home/ros2/ros2_rc/src/install/nav2_waypoint_follower/lib:/home/ros2/ros2_rc/src/install/nav2_theta_star_planner/lib:/home/ros2/ros2_rc/src/install/nav2_smac_planner/lib:/home/ros2/ros2_rc/src/install/nav2_rotation_shim_controller/lib:/home/ros2/ros2_rc/src/install/nav2_regulated_pure_pursuit_controller/lib:/home/ros2/ros2_rc/src/install/nav2_planner/lib:/home/ros2/ros2_rc/src/install/nav2_navfn_planner/lib:/home/ros2/ros2_rc/src/install/nav2_mppi_controller/lib:/home/ros2/ros2_rc/src/install/nav2_constrained_smoother/lib:/home/ros2/ros2_rc/src/install/nav2_bt_navigator/lib:/home/ros2/ros2_rc/src/install/nav2_behaviors/lib:/home/ros2/ros2_rc/src/install/nav2_collision_monitor/lib:/home/ros2/ros2_rc/src/install/costmap_queue/lib:/home/ros2/ros2_rc/src/install/nav2_costmap_2d/lib:/home/ros2/ros2_rc/src/install/nav2_voxel_grid/lib:/home/ros2/ros2_rc/src/install/nav2_velocity_smoother/lib:/home/ros2/ros2_rc/src/install/nav2_rviz_plugins/lib:/home/ros2/ros2_rc/src/install/nav2_map_server/lib:/home/ros2/ros2_rc/src/install/nav2_lifecycle_manager/lib:/home/ros2/ros2_rc/src/install/nav2_behavior_tree/lib:/home/ros2/ros2_rc/src/install/nav2_amcl/lib:/home/ros2/ros2_rc/src/install/nav2_util/lib:/home/ros2/ros2_rc/src/install/nav2_msgs/lib:/home/ros2/ros2_rc/src/install/car_gazebo_plugin/lib:/home/ros2/ros2_rc/install/smartcar_msgs/lib:/home/ros2/ros2_rc/install/nav2_smoother/lib:/home/ros2/ros2_rc/install/nav2_graceful_controller/lib:/home/ros2/ros2_rc/install/nav2_controller/lib:/home/ros2/ros2_rc/install/dwb_plugins/lib:/home/ros2/ros2_rc/install/dwb_critics/lib:/home/ros2/ros2_rc/install/dwb_core/lib:/home/ros2/ros2_rc/install/nav_2d_utils/lib:/home/ros2/ros2_rc/install/dwb_msgs/lib:/home/ros2/ros2_rc/install/nav_2d_msgs/lib:/home/ros2/ros2_rc/install/nav2_waypoint_follower/lib:/home/ros2/ros2_rc/install/nav2_theta_star_planner/lib:/home/ros2/ros2_rc/install/nav2_smac_planner/lib:/home/ros2/ros2_rc/install/nav2_rotation_shim_controller/lib:/home/ros2/ros2_rc/install/nav2_regulated_pure_pursuit_controller/lib:/home/ros2/ros2_rc/install/nav2_planner/lib:/home/ros2/ros2_rc/install/nav2_navfn_planner/lib:/home/ros2/ros2_rc/install/nav2_mppi_controller/lib:/home/ros2/ros2_rc/install/nav2_constrained_smoother/lib:/home/ros2/ros2_rc/install/nav2_bt_navigator/lib:/home/ros2/ros2_rc/install/nav2_behaviors/lib:/home/ros2/ros2_rc/install/nav2_collision_monitor/lib:/home/ros2/ros2_rc/install/costmap_queue/lib:/home/ros2/ros2_rc/install/nav2_costmap_2d/lib:/home/ros2/ros2_rc/install/nav2_voxel_grid/lib:/home/ros2/ros2_rc/install/nav2_velocity_smoother/lib:/home/ros2/ros2_rc/install/nav2_rviz_plugins/lib:/home/ros2/ros2_rc/install/nav2_map_server/lib:/home/ros2/ros2_rc/install/nav2_lifecycle_manager/lib:/home/ros2/ros2_rc/install/nav2_behavior_tree/lib:/home/ros2/ros2_rc/install/nav2_amcl/lib:/home/ros2/ros2_rc/install/nav2_util/lib:/home/ros2/ros2_rc/install/nav2_msgs/lib:/home/ros2/ros2_rc/install/car_gazebo_plugin/lib:/usr/lib/x86_64-linux-gnu/gazebo-11/plugins:/opt/ros/humble/opt/rviz_ogre_vendor/lib:/opt/ros/humble/lib/x86_64-linux-gnu:/opt/ros/humble/lib:/usr/lib/x86_64-linux-gnu/gazebo-11/plugins /usr/bin/cmake --build /home/ros2/ros2_rc/src/build/dwb_msgs -- -j10 -l10
[0.240s] [ 11%] Built target dwb_msgs__rosidl_generator_c
[0.241s] [ 12%] Built target dwb_msgs__cpp
[0.274s] [ 12%] Built target ament_cmake_python_copy_dwb_msgs
[0.346s] [ 24%] Built target dwb_msgs__rosidl_typesupport_c
[0.357s] [ 36%] Built target dwb_msgs__rosidl_typesupport_cpp
[0.366s] [ 47%] Built target dwb_msgs__rosidl_typesupport_fastrtps_c
[0.367s] [ 58%] Built target dwb_msgs__rosidl_typesupport_introspection_cpp
[0.368s] [ 70%] Built target dwb_msgs__rosidl_typesupport_introspection_c
[0.373s] [ 82%] Built target dwb_msgs__rosidl_typesupport_fastrtps_cpp
[0.441s] [ 82%] Built target dwb_msgs
[0.514s] [ 83%] Built target dwb_msgs__py
[0.578s] [ 93%] Built target dwb_msgs__rosidl_generator_py
[0.646s] [ 95%] Built target dwb_msgs__rosidl_typesupport_fastrtps_c__pyext
[0.651s] [ 97%] Built target dwb_msgs__rosidl_typesupport_c__pyext
[0.663s] [100%] Built target dwb_msgs__rosidl_typesupport_introspection_c__pyext
[0.750s] running egg_info
[0.791s] writing dwb_msgs.egg-info/PKG-INFO
[0.792s] writing dependency_links to dwb_msgs.egg-info/dependency_links.txt
[0.793s] writing top-level names to dwb_msgs.egg-info/top_level.txt
[0.798s] reading manifest file 'dwb_msgs.egg-info/SOURCES.txt'
[0.800s] writing manifest file 'dwb_msgs.egg-info/SOURCES.txt'
[0.906s] [100%] Built target ament_cmake_python_build_dwb_msgs_egg
[1.009s] Invoked command in '/home/ros2/ros2_rc/src/build/dwb_msgs' returned '0': CMAKE_PREFIX_PATH=/home/ros2/ros2_rc/src/install/nav_2d_msgs:/home/ros2/ros2_rc/src/install/smartcar_msgs:/home/ros2/ros2_rc/src/install/smart_car:/home/ros2/ros2_rc/src/install/ros2_rc:/home/ros2/ros2_rc/src/install/nav2_system_tests:/home/ros2/ros2_rc/src/install/nav2_bringup:/home/ros2/ros2_rc/src/install/navigation2:/home/ros2/ros2_rc/src/install/nav2_smoother:/home/ros2/ros2_rc/src/install/nav2_graceful_controller:/home/ros2/ros2_rc/src/install/nav2_dwb_controller:/home/ros2/ros2_rc/src/install/nav2_controller:/home/ros2/ros2_rc/src/install/dwb_plugins:/home/ros2/ros2_rc/src/install/dwb_critics:/home/ros2/ros2_rc/src/install/dwb_core:/home/ros2/ros2_rc/src/install/nav_2d_utils:/home/ros2/ros2_rc/src/install/dwb_msgs:/home/ros2/ros2_rc/src/install/nav2_waypoint_follower:/home/ros2/ros2_rc/src/install/nav2_theta_star_planner:/home/ros2/ros2_rc/src/install/nav2_smac_planner:/home/ros2/ros2_rc/src/install/nav2_rotation_shim_controller:/home/ros2/ros2_rc/src/install/nav2_regulated_pure_pursuit_controller:/home/ros2/ros2_rc/src/install/nav2_planner:/home/ros2/ros2_rc/src/install/nav2_navfn_planner:/home/ros2/ros2_rc/src/install/nav2_mppi_controller:/home/ros2/ros2_rc/src/install/nav2_constrained_smoother:/home/ros2/ros2_rc/src/install/nav2_bt_navigator:/home/ros2/ros2_rc/src/install/nav2_behaviors:/home/ros2/ros2_rc/src/install/nav2_core:/home/ros2/ros2_rc/src/install/nav2_collision_monitor:/home/ros2/ros2_rc/src/install/costmap_queue:/home/ros2/ros2_rc/src/install/nav2_costmap_2d:/home/ros2/ros2_rc/src/install/nav2_voxel_grid:/home/ros2/ros2_rc/src/install/nav2_velocity_smoother:/home/ros2/ros2_rc/src/install/nav2_rviz_plugins:/home/ros2/ros2_rc/src/install/nav2_map_server:/home/ros2/ros2_rc/src/install/nav2_lifecycle_manager:/home/ros2/ros2_rc/src/install/nav2_behavior_tree:/home/ros2/ros2_rc/src/install/nav2_amcl:/home/ros2/ros2_rc/src/install/nav2_util:/home/ros2/ros2_rc/src/install/nav2_msgs:/home/ros2/ros2_rc/src/install/nav2_common:/home/ros2/ros2_rc/src/install/car_gazebo_plugin:/home/ros2/ros2_rc/install/smartcar_msgs:/home/ros2/ros2_rc/install/smart_car:/home/ros2/ros2_rc/install/ros2_rc:/home/ros2/ros2_rc/install/nav2_system_tests:/home/ros2/ros2_rc/install/nav2_bringup:/home/ros2/ros2_rc/install/navigation2:/home/ros2/ros2_rc/install/nav2_smoother:/home/ros2/ros2_rc/install/nav2_graceful_controller:/home/ros2/ros2_rc/install/nav2_dwb_controller:/home/ros2/ros2_rc/install/nav2_controller:/home/ros2/ros2_rc/install/dwb_plugins:/home/ros2/ros2_rc/install/dwb_critics:/home/ros2/ros2_rc/install/dwb_core:/home/ros2/ros2_rc/install/nav_2d_utils:/home/ros2/ros2_rc/install/dwb_msgs:/home/ros2/ros2_rc/install/nav_2d_msgs:/home/ros2/ros2_rc/install/nav2_waypoint_follower:/home/ros2/ros2_rc/install/nav2_theta_star_planner:/home/ros2/ros2_rc/install/nav2_smac_planner:/home/ros2/ros2_rc/install/nav2_rotation_shim_controller:/home/ros2/ros2_rc/install/nav2_regulated_pure_pursuit_controller:/home/ros2/ros2_rc/install/nav2_planner:/home/ros2/ros2_rc/install/nav2_navfn_planner:/home/ros2/ros2_rc/install/nav2_mppi_controller:/home/ros2/ros2_rc/install/nav2_constrained_smoother:/home/ros2/ros2_rc/install/nav2_bt_navigator:/home/ros2/ros2_rc/install/nav2_behaviors:/home/ros2/ros2_rc/install/nav2_core:/home/ros2/ros2_rc/install/nav2_collision_monitor:/home/ros2/ros2_rc/install/costmap_queue:/home/ros2/ros2_rc/install/nav2_costmap_2d:/home/ros2/ros2_rc/install/nav2_voxel_grid:/home/ros2/ros2_rc/install/nav2_velocity_smoother:/home/ros2/ros2_rc/install/nav2_rviz_plugins:/home/ros2/ros2_rc/install/nav2_map_server:/home/ros2/ros2_rc/install/nav2_lifecycle_manager:/home/ros2/ros2_rc/install/nav2_behavior_tree:/home/ros2/ros2_rc/install/nav2_amcl:/home/ros2/ros2_rc/install/nav2_util:/home/ros2/ros2_rc/install/nav2_msgs:/home/ros2/ros2_rc/install/nav2_common:/home/ros2/ros2_rc/install/car_gazebo_plugin:/home/ros2/ros2_rc/src/install/nav2_simple_commander:/home/ros2/ros2_rc/install/nav2_simple_commander:/opt/ros/humble LD_LIBRARY_PATH=/home/ros2/ros2_rc/src/install/nav_2d_msgs/lib:/home/ros2/ros2_rc/src/install/smartcar_msgs/lib:/home/ros2/ros2_rc/src/install/nav2_smoother/lib:/home/ros2/ros2_rc/src/install/nav2_graceful_controller/lib:/home/ros2/ros2_rc/src/install/nav2_controller/lib:/home/ros2/ros2_rc/src/install/dwb_plugins/lib:/home/ros2/ros2_rc/src/install/dwb_critics/lib:/home/ros2/ros2_rc/src/install/dwb_core/lib:/home/ros2/ros2_rc/src/install/nav_2d_utils/lib:/home/ros2/ros2_rc/src/install/dwb_msgs/lib:/home/ros2/ros2_rc/src/install/nav2_waypoint_follower/lib:/home/ros2/ros2_rc/src/install/nav2_theta_star_planner/lib:/home/ros2/ros2_rc/src/install/nav2_smac_planner/lib:/home/ros2/ros2_rc/src/install/nav2_rotation_shim_controller/lib:/home/ros2/ros2_rc/src/install/nav2_regulated_pure_pursuit_controller/lib:/home/ros2/ros2_rc/src/install/nav2_planner/lib:/home/ros2/ros2_rc/src/install/nav2_navfn_planner/lib:/home/ros2/ros2_rc/src/install/nav2_mppi_controller/lib:/home/ros2/ros2_rc/src/install/nav2_constrained_smoother/lib:/home/ros2/ros2_rc/src/install/nav2_bt_navigator/lib:/home/ros2/ros2_rc/src/install/nav2_behaviors/lib:/home/ros2/ros2_rc/src/install/nav2_collision_monitor/lib:/home/ros2/ros2_rc/src/install/costmap_queue/lib:/home/ros2/ros2_rc/src/install/nav2_costmap_2d/lib:/home/ros2/ros2_rc/src/install/nav2_voxel_grid/lib:/home/ros2/ros2_rc/src/install/nav2_velocity_smoother/lib:/home/ros2/ros2_rc/src/install/nav2_rviz_plugins/lib:/home/ros2/ros2_rc/src/install/nav2_map_server/lib:/home/ros2/ros2_rc/src/install/nav2_lifecycle_manager/lib:/home/ros2/ros2_rc/src/install/nav2_behavior_tree/lib:/home/ros2/ros2_rc/src/install/nav2_amcl/lib:/home/ros2/ros2_rc/src/install/nav2_util/lib:/home/ros2/ros2_rc/src/install/nav2_msgs/lib:/home/ros2/ros2_rc/src/install/car_gazebo_plugin/lib:/home/ros2/ros2_rc/install/smartcar_msgs/lib:/home/ros2/ros2_rc/install/nav2_smoother/lib:/home/ros2/ros2_rc/install/nav2_graceful_controller/lib:/home/ros2/ros2_rc/install/nav2_controller/lib:/home/ros2/ros2_rc/install/dwb_plugins/lib:/home/ros2/ros2_rc/install/dwb_critics/lib:/home/ros2/ros2_rc/install/dwb_core/lib:/home/ros2/ros2_rc/install/nav_2d_utils/lib:/home/ros2/ros2_rc/install/dwb_msgs/lib:/home/ros2/ros2_rc/install/nav_2d_msgs/lib:/home/ros2/ros2_rc/install/nav2_waypoint_follower/lib:/home/ros2/ros2_rc/install/nav2_theta_star_planner/lib:/home/ros2/ros2_rc/install/nav2_smac_planner/lib:/home/ros2/ros2_rc/install/nav2_rotation_shim_controller/lib:/home/ros2/ros2_rc/install/nav2_regulated_pure_pursuit_controller/lib:/home/ros2/ros2_rc/install/nav2_planner/lib:/home/ros2/ros2_rc/install/nav2_navfn_planner/lib:/home/ros2/ros2_rc/install/nav2_mppi_controller/lib:/home/ros2/ros2_rc/install/nav2_constrained_smoother/lib:/home/ros2/ros2_rc/install/nav2_bt_navigator/lib:/home/ros2/ros2_rc/install/nav2_behaviors/lib:/home/ros2/ros2_rc/install/nav2_collision_monitor/lib:/home/ros2/ros2_rc/install/costmap_queue/lib:/home/ros2/ros2_rc/install/nav2_costmap_2d/lib:/home/ros2/ros2_rc/install/nav2_voxel_grid/lib:/home/ros2/ros2_rc/install/nav2_velocity_smoother/lib:/home/ros2/ros2_rc/install/nav2_rviz_plugins/lib:/home/ros2/ros2_rc/install/nav2_map_server/lib:/home/ros2/ros2_rc/install/nav2_lifecycle_manager/lib:/home/ros2/ros2_rc/install/nav2_behavior_tree/lib:/home/ros2/ros2_rc/install/nav2_amcl/lib:/home/ros2/ros2_rc/install/nav2_util/lib:/home/ros2/ros2_rc/install/nav2_msgs/lib:/home/ros2/ros2_rc/install/car_gazebo_plugin/lib:/usr/lib/x86_64-linux-gnu/gazebo-11/plugins:/opt/ros/humble/opt/rviz_ogre_vendor/lib:/opt/ros/humble/lib/x86_64-linux-gnu:/opt/ros/humble/lib:/usr/lib/x86_64-linux-gnu/gazebo-11/plugins /usr/bin/cmake --build /home/ros2/ros2_rc/src/build/dwb_msgs -- -j10 -l10
[2.195s] Invoking command in '/home/ros2/ros2_rc/src/build/dwb_msgs': CMAKE_PREFIX_PATH=/home/ros2/ros2_rc/src/install/nav_2d_msgs:/home/ros2/ros2_rc/src/install/smartcar_msgs:/home/ros2/ros2_rc/src/install/smart_car:/home/ros2/ros2_rc/src/install/ros2_rc:/home/ros2/ros2_rc/src/install/nav2_system_tests:/home/ros2/ros2_rc/src/install/nav2_bringup:/home/ros2/ros2_rc/src/install/navigation2:/home/ros2/ros2_rc/src/install/nav2_smoother:/home/ros2/ros2_rc/src/install/nav2_graceful_controller:/home/ros2/ros2_rc/src/install/nav2_dwb_controller:/home/ros2/ros2_rc/src/install/nav2_controller:/home/ros2/ros2_rc/src/install/dwb_plugins:/home/ros2/ros2_rc/src/install/dwb_critics:/home/ros2/ros2_rc/src/install/dwb_core:/home/ros2/ros2_rc/src/install/nav_2d_utils:/home/ros2/ros2_rc/src/install/dwb_msgs:/home/ros2/ros2_rc/src/install/nav2_waypoint_follower:/home/ros2/ros2_rc/src/install/nav2_theta_star_planner:/home/ros2/ros2_rc/src/install/nav2_smac_planner:/home/ros2/ros2_rc/src/install/nav2_rotation_shim_controller:/home/ros2/ros2_rc/src/install/nav2_regulated_pure_pursuit_controller:/home/ros2/ros2_rc/src/install/nav2_planner:/home/ros2/ros2_rc/src/install/nav2_navfn_planner:/home/ros2/ros2_rc/src/install/nav2_mppi_controller:/home/ros2/ros2_rc/src/install/nav2_constrained_smoother:/home/ros2/ros2_rc/src/install/nav2_bt_navigator:/home/ros2/ros2_rc/src/install/nav2_behaviors:/home/ros2/ros2_rc/src/install/nav2_core:/home/ros2/ros2_rc/src/install/nav2_collision_monitor:/home/ros2/ros2_rc/src/install/costmap_queue:/home/ros2/ros2_rc/src/install/nav2_costmap_2d:/home/ros2/ros2_rc/src/install/nav2_voxel_grid:/home/ros2/ros2_rc/src/install/nav2_velocity_smoother:/home/ros2/ros2_rc/src/install/nav2_rviz_plugins:/home/ros2/ros2_rc/src/install/nav2_map_server:/home/ros2/ros2_rc/src/install/nav2_lifecycle_manager:/home/ros2/ros2_rc/src/install/nav2_behavior_tree:/home/ros2/ros2_rc/src/install/nav2_amcl:/home/ros2/ros2_rc/src/install/nav2_util:/home/ros2/ros2_rc/src/install/nav2_msgs:/home/ros2/ros2_rc/src/install/nav2_common:/home/ros2/ros2_rc/src/install/car_gazebo_plugin:/home/ros2/ros2_rc/install/smartcar_msgs:/home/ros2/ros2_rc/install/smart_car:/home/ros2/ros2_rc/install/ros2_rc:/home/ros2/ros2_rc/install/nav2_system_tests:/home/ros2/ros2_rc/install/nav2_bringup:/home/ros2/ros2_rc/install/navigation2:/home/ros2/ros2_rc/install/nav2_smoother:/home/ros2/ros2_rc/install/nav2_graceful_controller:/home/ros2/ros2_rc/install/nav2_dwb_controller:/home/ros2/ros2_rc/install/nav2_controller:/home/ros2/ros2_rc/install/dwb_plugins:/home/ros2/ros2_rc/install/dwb_critics:/home/ros2/ros2_rc/install/dwb_core:/home/ros2/ros2_rc/install/nav_2d_utils:/home/ros2/ros2_rc/install/dwb_msgs:/home/ros2/ros2_rc/install/nav_2d_msgs:/home/ros2/ros2_rc/install/nav2_waypoint_follower:/home/ros2/ros2_rc/install/nav2_theta_star_planner:/home/ros2/ros2_rc/install/nav2_smac_planner:/home/ros2/ros2_rc/install/nav2_rotation_shim_controller:/home/ros2/ros2_rc/install/nav2_regulated_pure_pursuit_controller:/home/ros2/ros2_rc/install/nav2_planner:/home/ros2/ros2_rc/install/nav2_navfn_planner:/home/ros2/ros2_rc/install/nav2_mppi_controller:/home/ros2/ros2_rc/install/nav2_constrained_smoother:/home/ros2/ros2_rc/install/nav2_bt_navigator:/home/ros2/ros2_rc/install/nav2_behaviors:/home/ros2/ros2_rc/install/nav2_core:/home/ros2/ros2_rc/install/nav2_collision_monitor:/home/ros2/ros2_rc/install/costmap_queue:/home/ros2/ros2_rc/install/nav2_costmap_2d:/home/ros2/ros2_rc/install/nav2_voxel_grid:/home/ros2/ros2_rc/install/nav2_velocity_smoother:/home/ros2/ros2_rc/install/nav2_rviz_plugins:/home/ros2/ros2_rc/install/nav2_map_server:/home/ros2/ros2_rc/install/nav2_lifecycle_manager:/home/ros2/ros2_rc/install/nav2_behavior_tree:/home/ros2/ros2_rc/install/nav2_amcl:/home/ros2/ros2_rc/install/nav2_util:/home/ros2/ros2_rc/install/nav2_msgs:/home/ros2/ros2_rc/install/nav2_common:/home/ros2/ros2_rc/install/car_gazebo_plugin:/home/ros2/ros2_rc/src/install/nav2_simple_commander:/home/ros2/ros2_rc/install/nav2_simple_commander:/opt/ros/humble LD_LIBRARY_PATH=/home/ros2/ros2_rc/src/install/nav_2d_msgs/lib:/home/ros2/ros2_rc/src/install/smartcar_msgs/lib:/home/ros2/ros2_rc/src/install/nav2_smoother/lib:/home/ros2/ros2_rc/src/install/nav2_graceful_controller/lib:/home/ros2/ros2_rc/src/install/nav2_controller/lib:/home/ros2/ros2_rc/src/install/dwb_plugins/lib:/home/ros2/ros2_rc/src/install/dwb_critics/lib:/home/ros2/ros2_rc/src/install/dwb_core/lib:/home/ros2/ros2_rc/src/install/nav_2d_utils/lib:/home/ros2/ros2_rc/src/install/dwb_msgs/lib:/home/ros2/ros2_rc/src/install/nav2_waypoint_follower/lib:/home/ros2/ros2_rc/src/install/nav2_theta_star_planner/lib:/home/ros2/ros2_rc/src/install/nav2_smac_planner/lib:/home/ros2/ros2_rc/src/install/nav2_rotation_shim_controller/lib:/home/ros2/ros2_rc/src/install/nav2_regulated_pure_pursuit_controller/lib:/home/ros2/ros2_rc/src/install/nav2_planner/lib:/home/ros2/ros2_rc/src/install/nav2_navfn_planner/lib:/home/ros2/ros2_rc/src/install/nav2_mppi_controller/lib:/home/ros2/ros2_rc/src/install/nav2_constrained_smoother/lib:/home/ros2/ros2_rc/src/install/nav2_bt_navigator/lib:/home/ros2/ros2_rc/src/install/nav2_behaviors/lib:/home/ros2/ros2_rc/src/install/nav2_collision_monitor/lib:/home/ros2/ros2_rc/src/install/costmap_queue/lib:/home/ros2/ros2_rc/src/install/nav2_costmap_2d/lib:/home/ros2/ros2_rc/src/install/nav2_voxel_grid/lib:/home/ros2/ros2_rc/src/install/nav2_velocity_smoother/lib:/home/ros2/ros2_rc/src/install/nav2_rviz_plugins/lib:/home/ros2/ros2_rc/src/install/nav2_map_server/lib:/home/ros2/ros2_rc/src/install/nav2_lifecycle_manager/lib:/home/ros2/ros2_rc/src/install/nav2_behavior_tree/lib:/home/ros2/ros2_rc/src/install/nav2_amcl/lib:/home/ros2/ros2_rc/src/install/nav2_util/lib:/home/ros2/ros2_rc/src/install/nav2_msgs/lib:/home/ros2/ros2_rc/src/install/car_gazebo_plugin/lib:/home/ros2/ros2_rc/install/smartcar_msgs/lib:/home/ros2/ros2_rc/install/nav2_smoother/lib:/home/ros2/ros2_rc/install/nav2_graceful_controller/lib:/home/ros2/ros2_rc/install/nav2_controller/lib:/home/ros2/ros2_rc/install/dwb_plugins/lib:/home/ros2/ros2_rc/install/dwb_critics/lib:/home/ros2/ros2_rc/install/dwb_core/lib:/home/ros2/ros2_rc/install/nav_2d_utils/lib:/home/ros2/ros2_rc/install/dwb_msgs/lib:/home/ros2/ros2_rc/install/nav_2d_msgs/lib:/home/ros2/ros2_rc/install/nav2_waypoint_follower/lib:/home/ros2/ros2_rc/install/nav2_theta_star_planner/lib:/home/ros2/ros2_rc/install/nav2_smac_planner/lib:/home/ros2/ros2_rc/install/nav2_rotation_shim_controller/lib:/home/ros2/ros2_rc/install/nav2_regulated_pure_pursuit_controller/lib:/home/ros2/ros2_rc/install/nav2_planner/lib:/home/ros2/ros2_rc/install/nav2_navfn_planner/lib:/home/ros2/ros2_rc/install/nav2_mppi_controller/lib:/home/ros2/ros2_rc/install/nav2_constrained_smoother/lib:/home/ros2/ros2_rc/install/nav2_bt_navigator/lib:/home/ros2/ros2_rc/install/nav2_behaviors/lib:/home/ros2/ros2_rc/install/nav2_collision_monitor/lib:/home/ros2/ros2_rc/install/costmap_queue/lib:/home/ros2/ros2_rc/install/nav2_costmap_2d/lib:/home/ros2/ros2_rc/install/nav2_voxel_grid/lib:/home/ros2/ros2_rc/install/nav2_velocity_smoother/lib:/home/ros2/ros2_rc/install/nav2_rviz_plugins/lib:/home/ros2/ros2_rc/install/nav2_map_server/lib:/home/ros2/ros2_rc/install/nav2_lifecycle_manager/lib:/home/ros2/ros2_rc/install/nav2_behavior_tree/lib:/home/ros2/ros2_rc/install/nav2_amcl/lib:/home/ros2/ros2_rc/install/nav2_util/lib:/home/ros2/ros2_rc/install/nav2_msgs/lib:/home/ros2/ros2_rc/install/car_gazebo_plugin/lib:/usr/lib/x86_64-linux-gnu/gazebo-11/plugins:/opt/ros/humble/opt/rviz_ogre_vendor/lib:/opt/ros/humble/lib/x86_64-linux-gnu:/opt/ros/humble/lib:/usr/lib/x86_64-linux-gnu/gazebo-11/plugins /usr/bin/cmake --install /home/ros2/ros2_rc/src/build/dwb_msgs
[2.222s] -- Install configuration: ""
[2.222s] -- Up-to-date: /home/ros2/ros2_rc/src/install/dwb_msgs/share/ament_index/resource_index/rosidl_interfaces/dwb_msgs
[2.222s] -- Up-to-date: /home/ros2/ros2_rc/src/install/dwb_msgs/include/dwb_msgs/dwb_msgs
[2.223s] -- Up-to-date: /home/ros2/ros2_rc/src/install/dwb_msgs/include/dwb_msgs/dwb_msgs/srv
[2.223s] -- Up-to-date: /home/ros2/ros2_rc/src/install/dwb_msgs/include/dwb_msgs/dwb_msgs/srv/score_trajectory.h
[2.224s] -- Up-to-date: /home/ros2/ros2_rc/src/install/dwb_msgs/include/dwb_msgs/dwb_msgs/srv/generate_twists.h
[2.224s] -- Up-to-date: /home/ros2/ros2_rc/src/install/dwb_msgs/include/dwb_msgs/dwb_msgs/srv/get_critic_score.h
[2.224s] -- Up-to-date: /home/ros2/ros2_rc/src/install/dwb_msgs/include/dwb_msgs/dwb_msgs/srv/detail
[2.225s] -- Up-to-date: /home/ros2/ros2_rc/src/install/dwb_msgs/include/dwb_msgs/dwb_msgs/srv/detail/get_critic_score__struct.h
[2.225s] -- Up-to-date: /home/ros2/ros2_rc/src/install/dwb_msgs/include/dwb_msgs/dwb_msgs/srv/detail/score_trajectory__functions.c
[2.226s] -- Up-to-date: /home/ros2/ros2_rc/src/install/dwb_msgs/include/dwb_msgs/dwb_msgs/srv/detail/debug_local_plan__functions.c
[2.226s] -- Up-to-date: /home/ros2/ros2_rc/src/install/dwb_msgs/include/dwb_msgs/dwb_msgs/srv/detail/get_critic_score__type_support.h
[2.226s] -- Up-to-date: /home/ros2/ros2_rc/src/install/dwb_msgs/include/dwb_msgs/dwb_msgs/srv/detail/generate_trajectory__type_support.h
[2.227s] -- Up-to-date: /home/ros2/ros2_rc/src/install/dwb_msgs/include/dwb_msgs/dwb_msgs/srv/detail/generate_twists__functions.c
[2.228s] -- Up-to-date: /home/ros2/ros2_rc/src/install/dwb_msgs/include/dwb_msgs/dwb_msgs/srv/detail/score_trajectory__functions.h
[2.228s] -- Up-to-date: /home/ros2/ros2_rc/src/install/dwb_msgs/include/dwb_msgs/dwb_msgs/srv/detail/generate_trajectory__struct.h
[2.229s] -- Up-to-date: /home/ros2/ros2_rc/src/install/dwb_msgs/include/dwb_msgs/dwb_msgs/srv/detail/generate_twists__struct.h
[2.229s] -- Up-to-date: /home/ros2/ros2_rc/src/install/dwb_msgs/include/dwb_msgs/dwb_msgs/srv/detail/score_trajectory__struct.h
[2.229s] -- Up-to-date: /home/ros2/ros2_rc/src/install/dwb_msgs/include/dwb_msgs/dwb_msgs/srv/detail/debug_local_plan__type_support.h
[2.230s] -- Up-to-date: /home/ros2/ros2_rc/src/install/dwb_msgs/include/dwb_msgs/dwb_msgs/srv/detail/get_critic_score__functions.c
[2.230s] -- Up-to-date: /home/ros2/ros2_rc/src/install/dwb_msgs/include/dwb_msgs/dwb_msgs/srv/detail/debug_local_plan__functions.h
[2.231s] -- Up-to-date: /home/ros2/ros2_rc/src/install/dwb_msgs/include/dwb_msgs/dwb_msgs/srv/detail/generate_trajectory__functions.c
[2.231s] -- Up-to-date: /home/ros2/ros2_rc/src/install/dwb_msgs/include/dwb_msgs/dwb_msgs/srv/detail/generate_twists__type_support.h
[2.231s] -- Up-to-date: /home/ros2/ros2_rc/src/install/dwb_msgs/include/dwb_msgs/dwb_msgs/srv/detail/generate_twists__functions.h
[2.231s] -- Up-to-date: /home/ros2/ros2_rc/src/install/dwb_msgs/include/dwb_msgs/dwb_msgs/srv/detail/score_trajectory__type_support.h
[2.232s] -- Up-to-date: /home/ros2/ros2_rc/src/install/dwb_msgs/include/dwb_msgs/dwb_msgs/srv/detail/generate_trajectory__functions.h
[2.232s] -- Up-to-date: /home/ros2/ros2_rc/src/install/dwb_msgs/include/dwb_msgs/dwb_msgs/srv/detail/debug_local_plan__struct.h
[2.232s] -- Up-to-date: /home/ros2/ros2_rc/src/install/dwb_msgs/include/dwb_msgs/dwb_msgs/srv/detail/get_critic_score__functions.h
[2.232s] -- Up-to-date: /home/ros2/ros2_rc/src/install/dwb_msgs/include/dwb_msgs/dwb_msgs/srv/generate_trajectory.h
[2.232s] -- Up-to-date: /home/ros2/ros2_rc/src/install/dwb_msgs/include/dwb_msgs/dwb_msgs/srv/debug_local_plan.h
[2.233s] -- Up-to-date: /home/ros2/ros2_rc/src/install/dwb_msgs/include/dwb_msgs/dwb_msgs/msg
[2.233s] -- Up-to-date: /home/ros2/ros2_rc/src/install/dwb_msgs/include/dwb_msgs/dwb_msgs/msg/critic_score.h
[2.233s] -- Up-to-date: /home/ros2/ros2_rc/src/install/dwb_msgs/include/dwb_msgs/dwb_msgs/msg/trajectory2_d.h
[2.233s] -- Up-to-date: /home/ros2/ros2_rc/src/install/dwb_msgs/include/dwb_msgs/dwb_msgs/msg/rosidl_generator_c__visibility_control.h
[2.234s] -- Up-to-date: /home/ros2/ros2_rc/src/install/dwb_msgs/include/dwb_msgs/dwb_msgs/msg/trajectory_score.h
[2.234s] -- Up-to-date: /home/ros2/ros2_rc/src/install/dwb_msgs/include/dwb_msgs/dwb_msgs/msg/detail
[2.234s] -- Up-to-date: /home/ros2/ros2_rc/src/install/dwb_msgs/include/dwb_msgs/dwb_msgs/msg/detail/critic_score__functions.h
[2.234s] -- Up-to-date: /home/ros2/ros2_rc/src/install/dwb_msgs/include/dwb_msgs/dwb_msgs/msg/detail/trajectory2_d__struct.h
[2.235s] -- Up-to-date: /home/ros2/ros2_rc/src/install/dwb_msgs/include/dwb_msgs/dwb_msgs/msg/detail/critic_score__functions.c
[2.235s] -- Up-to-date: /home/ros2/ros2_rc/src/install/dwb_msgs/include/dwb_msgs/dwb_msgs/msg/detail/critic_score__struct.h
[2.235s] -- Up-to-date: /home/ros2/ros2_rc/src/install/dwb_msgs/include/dwb_msgs/dwb_msgs/msg/detail/local_plan_evaluation__functions.h
[2.235s] -- Up-to-date: /home/ros2/ros2_rc/src/install/dwb_msgs/include/dwb_msgs/dwb_msgs/msg/detail/trajectory2_d__type_support.h
[2.236s] -- Up-to-date: /home/ros2/ros2_rc/src/install/dwb_msgs/include/dwb_msgs/dwb_msgs/msg/detail/trajectory_score__type_support.h
[2.236s] -- Up-to-date: /home/ros2/ros2_rc/src/install/dwb_msgs/include/dwb_msgs/dwb_msgs/msg/detail/trajectory_score__struct.h
[2.236s] -- Up-to-date: /home/ros2/ros2_rc/src/install/dwb_msgs/include/dwb_msgs/dwb_msgs/msg/detail/trajectory_score__functions.h
[2.236s] -- Up-to-date: /home/ros2/ros2_rc/src/install/dwb_msgs/include/dwb_msgs/dwb_msgs/msg/detail/trajectory2_d__functions.c
[2.237s] -- Up-to-date: /home/ros2/ros2_rc/src/install/dwb_msgs/include/dwb_msgs/dwb_msgs/msg/detail/trajectory2_d__functions.h
[2.237s] -- Up-to-date: /home/ros2/ros2_rc/src/install/dwb_msgs/include/dwb_msgs/dwb_msgs/msg/detail/critic_score__type_support.h
[2.237s] -- Up-to-date: /home/ros2/ros2_rc/src/install/dwb_msgs/include/dwb_msgs/dwb_msgs/msg/detail/trajectory_score__functions.c
[2.237s] -- Up-to-date: /home/ros2/ros2_rc/src/install/dwb_msgs/include/dwb_msgs/dwb_msgs/msg/detail/local_plan_evaluation__type_support.h
[2.238s] -- Up-to-date: /home/ros2/ros2_rc/src/install/dwb_msgs/include/dwb_msgs/dwb_msgs/msg/detail/local_plan_evaluation__functions.c
[2.238s] -- Up-to-date: /home/ros2/ros2_rc/src/install/dwb_msgs/include/dwb_msgs/dwb_msgs/msg/detail/local_plan_evaluation__struct.h
[2.238s] -- Up-to-date: /home/ros2/ros2_rc/src/install/dwb_msgs/include/dwb_msgs/dwb_msgs/msg/local_plan_evaluation.h
[2.238s] -- Up-to-date: /home/ros2/ros2_rc/src/install/dwb_msgs/share/dwb_msgs/environment/library_path.sh
[2.238s] -- Up-to-date: /home/ros2/ros2_rc/src/install/dwb_msgs/share/dwb_msgs/environment/library_path.dsv
[2.238s] -- Up-to-date: /home/ros2/ros2_rc/src/install/dwb_msgs/lib/libdwb_msgs__rosidl_generator_c.so
[2.239s] -- Up-to-date: /home/ros2/ros2_rc/src/install/dwb_msgs/include/dwb_msgs/dwb_msgs
[2.239s] -- Up-to-date: /home/ros2/ros2_rc/src/install/dwb_msgs/include/dwb_msgs/dwb_msgs/srv
[2.240s] -- Up-to-date: /home/ros2/ros2_rc/src/install/dwb_msgs/include/dwb_msgs/dwb_msgs/srv/detail
[2.240s] -- Up-to-date: /home/ros2/ros2_rc/src/install/dwb_msgs/include/dwb_msgs/dwb_msgs/srv/detail/score_trajectory__rosidl_typesupport_fastrtps_c.h
[2.240s] -- Up-to-date: /home/ros2/ros2_rc/src/install/dwb_msgs/include/dwb_msgs/dwb_msgs/srv/detail/generate_trajectory__rosidl_typesupport_fastrtps_c.h
[2.240s] -- Up-to-date: /home/ros2/ros2_rc/src/install/dwb_msgs/include/dwb_msgs/dwb_msgs/srv/detail/debug_local_plan__rosidl_typesupport_fastrtps_c.h
[2.240s] -- Up-to-date: /home/ros2/ros2_rc/src/install/dwb_msgs/include/dwb_msgs/dwb_msgs/srv/detail/generate_twists__rosidl_typesupport_fastrtps_c.h
[2.241s] -- Up-to-date: /home/ros2/ros2_rc/src/install/dwb_msgs/include/dwb_msgs/dwb_msgs/srv/detail/get_critic_score__rosidl_typesupport_fastrtps_c.h
[2.241s] -- Up-to-date: /home/ros2/ros2_rc/src/install/dwb_msgs/include/dwb_msgs/dwb_msgs/msg
[2.241s] -- Up-to-date: /home/ros2/ros2_rc/src/install/dwb_msgs/include/dwb_msgs/dwb_msgs/msg/rosidl_typesupport_fastrtps_c__visibility_control.h
[2.241s] -- Up-to-date: /home/ros2/ros2_rc/src/install/dwb_msgs/include/dwb_msgs/dwb_msgs/msg/detail
[2.241s] -- Up-to-date: /home/ros2/ros2_rc/src/install/dwb_msgs/include/dwb_msgs/dwb_msgs/msg/detail/trajectory_score__rosidl_typesupport_fastrtps_c.h
[2.241s] -- Up-to-date: /home/ros2/ros2_rc/src/install/dwb_msgs/include/dwb_msgs/dwb_msgs/msg/detail/critic_score__rosidl_typesupport_fastrtps_c.h
[2.242s] -- Up-to-date: /home/ros2/ros2_rc/src/install/dwb_msgs/include/dwb_msgs/dwb_msgs/msg/detail/trajectory2_d__rosidl_typesupport_fastrtps_c.h
[2.242s] -- Up-to-date: /home/ros2/ros2_rc/src/install/dwb_msgs/include/dwb_msgs/dwb_msgs/msg/detail/local_plan_evaluation__rosidl_typesupport_fastrtps_c.h
[2.242s] -- Up-to-date: /home/ros2/ros2_rc/src/install/dwb_msgs/lib/libdwb_msgs__rosidl_typesupport_fastrtps_c.so
[2.242s] -- Up-to-date: /home/ros2/ros2_rc/src/install/dwb_msgs/include/dwb_msgs/dwb_msgs
[2.242s] -- Up-to-date: /home/ros2/ros2_rc/src/install/dwb_msgs/include/dwb_msgs/dwb_msgs/srv
[2.242s] -- Up-to-date: /home/ros2/ros2_rc/src/install/dwb_msgs/include/dwb_msgs/dwb_msgs/srv/generate_trajectory.hpp
[2.242s] -- Up-to-date: /home/ros2/ros2_rc/src/install/dwb_msgs/include/dwb_msgs/dwb_msgs/srv/score_trajectory.hpp
[2.242s] -- Up-to-date: /home/ros2/ros2_rc/src/install/dwb_msgs/include/dwb_msgs/dwb_msgs/srv/get_critic_score.hpp
[2.242s] -- Up-to-date: /home/ros2/ros2_rc/src/install/dwb_msgs/include/dwb_msgs/dwb_msgs/srv/debug_local_plan.hpp
[2.242s] -- Up-to-date: /home/ros2/ros2_rc/src/install/dwb_msgs/include/dwb_msgs/dwb_msgs/srv/generate_twists.hpp
[2.242s] -- Up-to-date: /home/ros2/ros2_rc/src/install/dwb_msgs/include/dwb_msgs/dwb_msgs/srv/detail
[2.243s] -- Up-to-date: /home/ros2/ros2_rc/src/install/dwb_msgs/include/dwb_msgs/dwb_msgs/srv/detail/generate_twists__builder.hpp
[2.243s] -- Up-to-date: /home/ros2/ros2_rc/src/install/dwb_msgs/include/dwb_msgs/dwb_msgs/srv/detail/score_trajectory__traits.hpp
[2.243s] -- Up-to-date: /home/ros2/ros2_rc/src/install/dwb_msgs/include/dwb_msgs/dwb_msgs/srv/detail/debug_local_plan__traits.hpp
[2.243s] -- Up-to-date: /home/ros2/ros2_rc/src/install/dwb_msgs/include/dwb_msgs/dwb_msgs/srv/detail/get_critic_score__traits.hpp
[2.243s] -- Up-to-date: /home/ros2/ros2_rc/src/install/dwb_msgs/include/dwb_msgs/dwb_msgs/srv/detail/generate_twists__struct.hpp
[2.244s] -- Up-to-date: /home/ros2/ros2_rc/src/install/dwb_msgs/include/dwb_msgs/dwb_msgs/srv/detail/score_trajectory__builder.hpp
[2.244s] -- Up-to-date: /home/ros2/ros2_rc/src/install/dwb_msgs/include/dwb_msgs/dwb_msgs/srv/detail/generate_trajectory__builder.hpp
[2.244s] -- Up-to-date: /home/ros2/ros2_rc/src/install/dwb_msgs/include/dwb_msgs/dwb_msgs/srv/detail/generate_trajectory__struct.hpp
[2.244s] -- Up-to-date: /home/ros2/ros2_rc/src/install/dwb_msgs/include/dwb_msgs/dwb_msgs/srv/detail/debug_local_plan__builder.hpp
[2.245s] -- Up-to-date: /home/ros2/ros2_rc/src/install/dwb_msgs/include/dwb_msgs/dwb_msgs/srv/detail/score_trajectory__struct.hpp
[2.245s] -- Up-to-date: /home/ros2/ros2_rc/src/install/dwb_msgs/include/dwb_msgs/dwb_msgs/srv/detail/get_critic_score__struct.hpp
[2.245s] -- Up-to-date: /home/ros2/ros2_rc/src/install/dwb_msgs/include/dwb_msgs/dwb_msgs/srv/detail/get_critic_score__builder.hpp
[2.245s] -- Up-to-date: /home/ros2/ros2_rc/src/install/dwb_msgs/include/dwb_msgs/dwb_msgs/srv/detail/debug_local_plan__struct.hpp
[2.245s] -- Up-to-date: /home/ros2/ros2_rc/src/install/dwb_msgs/include/dwb_msgs/dwb_msgs/srv/detail/generate_trajectory__traits.hpp
[2.245s] -- Up-to-date: /home/ros2/ros2_rc/src/install/dwb_msgs/include/dwb_msgs/dwb_msgs/srv/detail/generate_twists__traits.hpp
[2.245s] -- Up-to-date: /home/ros2/ros2_rc/src/install/dwb_msgs/include/dwb_msgs/dwb_msgs/msg
[2.245s] -- Up-to-date: /home/ros2/ros2_rc/src/install/dwb_msgs/include/dwb_msgs/dwb_msgs/msg/trajectory2_d.hpp
[2.246s] -- Up-to-date: /home/ros2/ros2_rc/src/install/dwb_msgs/include/dwb_msgs/dwb_msgs/msg/critic_score.hpp
[2.246s] -- Up-to-date: /home/ros2/ros2_rc/src/install/dwb_msgs/include/dwb_msgs/dwb_msgs/msg/trajectory_score.hpp
[2.246s] -- Up-to-date: /home/ros2/ros2_rc/src/install/dwb_msgs/include/dwb_msgs/dwb_msgs/msg/local_plan_evaluation.hpp
[2.246s] -- Up-to-date: /home/ros2/ros2_rc/src/install/dwb_msgs/include/dwb_msgs/dwb_msgs/msg/detail
[2.246s] -- Up-to-date: /home/ros2/ros2_rc/src/install/dwb_msgs/include/dwb_msgs/dwb_msgs/msg/detail/trajectory_score__traits.hpp
[2.246s] -- Up-to-date: /home/ros2/ros2_rc/src/install/dwb_msgs/include/dwb_msgs/dwb_msgs/msg/detail/trajectory_score__struct.hpp
[2.246s] -- Up-to-date: /home/ros2/ros2_rc/src/install/dwb_msgs/include/dwb_msgs/dwb_msgs/msg/detail/critic_score__builder.hpp
[2.247s] -- Up-to-date: /home/ros2/ros2_rc/src/install/dwb_msgs/include/dwb_msgs/dwb_msgs/msg/detail/trajectory_score__builder.hpp
[2.247s] -- Up-to-date: /home/ros2/ros2_rc/src/install/dwb_msgs/include/dwb_msgs/dwb_msgs/msg/detail/local_plan_evaluation__builder.hpp
[2.247s] -- Up-to-date: /home/ros2/ros2_rc/src/install/dwb_msgs/include/dwb_msgs/dwb_msgs/msg/detail/local_plan_evaluation__struct.hpp
[2.247s] -- Up-to-date: /home/ros2/ros2_rc/src/install/dwb_msgs/include/dwb_msgs/dwb_msgs/msg/detail/trajectory2_d__struct.hpp
[2.247s] -- Up-to-date: /home/ros2/ros2_rc/src/install/dwb_msgs/include/dwb_msgs/dwb_msgs/msg/detail/local_plan_evaluation__traits.hpp
[2.247s] -- Up-to-date: /home/ros2/ros2_rc/src/install/dwb_msgs/include/dwb_msgs/dwb_msgs/msg/detail/trajectory2_d__builder.hpp
[2.247s] -- Up-to-date: /home/ros2/ros2_rc/src/install/dwb_msgs/include/dwb_msgs/dwb_msgs/msg/detail/critic_score__traits.hpp
[2.248s] -- Up-to-date: /home/ros2/ros2_rc/src/install/dwb_msgs/include/dwb_msgs/dwb_msgs/msg/detail/critic_score__struct.hpp
[2.248s] -- Up-to-date: /home/ros2/ros2_rc/src/install/dwb_msgs/include/dwb_msgs/dwb_msgs/msg/detail/trajectory2_d__traits.hpp
[2.248s] -- Up-to-date: /home/ros2/ros2_rc/src/install/dwb_msgs/include/dwb_msgs/dwb_msgs
[2.248s] -- Up-to-date: /home/ros2/ros2_rc/src/install/dwb_msgs/include/dwb_msgs/dwb_msgs/srv
[2.248s] -- Up-to-date: /home/ros2/ros2_rc/src/install/dwb_msgs/include/dwb_msgs/dwb_msgs/srv/detail
[2.248s] -- Up-to-date: /home/ros2/ros2_rc/src/install/dwb_msgs/include/dwb_msgs/dwb_msgs/srv/detail/generate_trajectory__rosidl_typesupport_fastrtps_cpp.hpp
[2.249s] -- Up-to-date: /home/ros2/ros2_rc/src/install/dwb_msgs/include/dwb_msgs/dwb_msgs/srv/detail/debug_local_plan__rosidl_typesupport_fastrtps_cpp.hpp
[2.249s] -- Up-to-date: /home/ros2/ros2_rc/src/install/dwb_msgs/include/dwb_msgs/dwb_msgs/srv/detail/get_critic_score__rosidl_typesupport_fastrtps_cpp.hpp
[2.249s] -- Up-to-date: /home/ros2/ros2_rc/src/install/dwb_msgs/include/dwb_msgs/dwb_msgs/srv/detail/generate_twists__rosidl_typesupport_fastrtps_cpp.hpp
[2.249s] -- Up-to-date: /home/ros2/ros2_rc/src/install/dwb_msgs/include/dwb_msgs/dwb_msgs/srv/detail/dds_fastrtps
[2.249s] -- Up-to-date: /home/ros2/ros2_rc/src/install/dwb_msgs/include/dwb_msgs/dwb_msgs/srv/detail/score_trajectory__rosidl_typesupport_fastrtps_cpp.hpp
[2.249s] -- Up-to-date: /home/ros2/ros2_rc/src/install/dwb_msgs/include/dwb_msgs/dwb_msgs/msg
[2.250s] -- Up-to-date: /home/ros2/ros2_rc/src/install/dwb_msgs/include/dwb_msgs/dwb_msgs/msg/rosidl_typesupport_fastrtps_cpp__visibility_control.h
[2.250s] -- Up-to-date: /home/ros2/ros2_rc/src/install/dwb_msgs/include/dwb_msgs/dwb_msgs/msg/detail
[2.250s] -- Up-to-date: /home/ros2/ros2_rc/src/install/dwb_msgs/include/dwb_msgs/dwb_msgs/msg/detail/critic_score__rosidl_typesupport_fastrtps_cpp.hpp
[2.250s] -- Up-to-date: /home/ros2/ros2_rc/src/install/dwb_msgs/include/dwb_msgs/dwb_msgs/msg/detail/local_plan_evaluation__rosidl_typesupport_fastrtps_cpp.hpp
[2.250s] -- Up-to-date: /home/ros2/ros2_rc/src/install/dwb_msgs/include/dwb_msgs/dwb_msgs/msg/detail/trajectory2_d__rosidl_typesupport_fastrtps_cpp.hpp
[2.250s] -- Up-to-date: /home/ros2/ros2_rc/src/install/dwb_msgs/include/dwb_msgs/dwb_msgs/msg/detail/trajectory_score__rosidl_typesupport_fastrtps_cpp.hpp
[2.250s] -- Up-to-date: /home/ros2/ros2_rc/src/install/dwb_msgs/include/dwb_msgs/dwb_msgs/msg/detail/dds_fastrtps
[2.250s] -- Up-to-date: /home/ros2/ros2_rc/src/install/dwb_msgs/lib/libdwb_msgs__rosidl_typesupport_fastrtps_cpp.so
[2.251s] -- Up-to-date: /home/ros2/ros2_rc/src/install/dwb_msgs/include/dwb_msgs/dwb_msgs
[2.251s] -- Up-to-date: /home/ros2/ros2_rc/src/install/dwb_msgs/include/dwb_msgs/dwb_msgs/srv
[2.251s] -- Up-to-date: /home/ros2/ros2_rc/src/install/dwb_msgs/include/dwb_msgs/dwb_msgs/srv/detail
[2.251s] -- Up-to-date: /home/ros2/ros2_rc/src/install/dwb_msgs/include/dwb_msgs/dwb_msgs/srv/detail/score_trajectory__type_support.c
[2.251s] -- Up-to-date: /home/ros2/ros2_rc/src/install/dwb_msgs/include/dwb_msgs/dwb_msgs/srv/detail/get_critic_score__rosidl_typesupport_introspection_c.h
[2.251s] -- Up-to-date: /home/ros2/ros2_rc/src/install/dwb_msgs/include/dwb_msgs/dwb_msgs/srv/detail/debug_local_plan__rosidl_typesupport_introspection_c.h
[2.251s] -- Up-to-date: /home/ros2/ros2_rc/src/install/dwb_msgs/include/dwb_msgs/dwb_msgs/srv/detail/generate_twists__type_support.c
[2.252s] -- Up-to-date: /home/ros2/ros2_rc/src/install/dwb_msgs/include/dwb_msgs/dwb_msgs/srv/detail/generate_trajectory__type_support.c
[2.252s] -- Up-to-date: /home/ros2/ros2_rc/src/install/dwb_msgs/include/dwb_msgs/dwb_msgs/srv/detail/generate_trajectory__rosidl_typesupport_introspection_c.h
[2.252s] -- Up-to-date: /home/ros2/ros2_rc/src/install/dwb_msgs/include/dwb_msgs/dwb_msgs/srv/detail/debug_local_plan__type_support.c
[2.252s] -- Up-to-date: /home/ros2/ros2_rc/src/install/dwb_msgs/include/dwb_msgs/dwb_msgs/srv/detail/generate_twists__rosidl_typesupport_introspection_c.h
[2.252s] -- Up-to-date: /home/ros2/ros2_rc/src/install/dwb_msgs/include/dwb_msgs/dwb_msgs/srv/detail/score_trajectory__rosidl_typesupport_introspection_c.h
[2.252s] -- Up-to-date: /home/ros2/ros2_rc/src/install/dwb_msgs/include/dwb_msgs/dwb_msgs/srv/detail/get_critic_score__type_support.c
[2.252s] -- Up-to-date: /home/ros2/ros2_rc/src/install/dwb_msgs/include/dwb_msgs/dwb_msgs/msg
[2.252s] -- Up-to-date: /home/ros2/ros2_rc/src/install/dwb_msgs/include/dwb_msgs/dwb_msgs/msg/detail
[2.252s] -- Up-to-date: /home/ros2/ros2_rc/src/install/dwb_msgs/include/dwb_msgs/dwb_msgs/msg/detail/trajectory_score__type_support.c
[2.253s] -- Up-to-date: /home/ros2/ros2_rc/src/install/dwb_msgs/include/dwb_msgs/dwb_msgs/msg/detail/trajectory2_d__rosidl_typesupport_introspection_c.h
[2.253s] -- Up-to-date: /home/ros2/ros2_rc/src/install/dwb_msgs/include/dwb_msgs/dwb_msgs/msg/detail/trajectory_score__rosidl_typesupport_introspection_c.h
[2.253s] -- Up-to-date: /home/ros2/ros2_rc/src/install/dwb_msgs/include/dwb_msgs/dwb_msgs/msg/detail/critic_score__rosidl_typesupport_introspection_c.h
[2.253s] -- Up-to-date: /home/ros2/ros2_rc/src/install/dwb_msgs/include/dwb_msgs/dwb_msgs/msg/detail/critic_score__type_support.c
[2.253s] -- Up-to-date: /home/ros2/ros2_rc/src/install/dwb_msgs/include/dwb_msgs/dwb_msgs/msg/detail/trajectory2_d__type_support.c
[2.253s] -- Up-to-date: /home/ros2/ros2_rc/src/install/dwb_msgs/include/dwb_msgs/dwb_msgs/msg/detail/local_plan_evaluation__rosidl_typesupport_introspection_c.h
[2.253s] -- Up-to-date: /home/ros2/ros2_rc/src/install/dwb_msgs/include/dwb_msgs/dwb_msgs/msg/detail/local_plan_evaluation__type_support.c
[2.253s] -- Up-to-date: /home/ros2/ros2_rc/src/install/dwb_msgs/include/dwb_msgs/dwb_msgs/msg/rosidl_typesupport_introspection_c__visibility_control.h
[2.253s] -- Up-to-date: /home/ros2/ros2_rc/src/install/dwb_msgs/lib/libdwb_msgs__rosidl_typesupport_introspection_c.so
[2.253s] -- Up-to-date: /home/ros2/ros2_rc/src/install/dwb_msgs/lib/libdwb_msgs__rosidl_typesupport_c.so
[2.253s] -- Up-to-date: /home/ros2/ros2_rc/src/install/dwb_msgs/include/dwb_msgs/dwb_msgs
[2.253s] -- Up-to-date: /home/ros2/ros2_rc/src/install/dwb_msgs/include/dwb_msgs/dwb_msgs/srv
[2.253s] -- Up-to-date: /home/ros2/ros2_rc/src/install/dwb_msgs/include/dwb_msgs/dwb_msgs/srv/detail
[2.253s] -- Up-to-date: /home/ros2/ros2_rc/src/install/dwb_msgs/include/dwb_msgs/dwb_msgs/srv/detail/generate_trajectory__type_support.cpp
[2.253s] -- Up-to-date: /home/ros2/ros2_rc/src/install/dwb_msgs/include/dwb_msgs/dwb_msgs/srv/detail/generate_trajectory__rosidl_typesupport_introspection_cpp.hpp
[2.254s] -- Up-to-date: /home/ros2/ros2_rc/src/install/dwb_msgs/include/dwb_msgs/dwb_msgs/srv/detail/get_critic_score__type_support.cpp
[2.254s] -- Up-to-date: /home/ros2/ros2_rc/src/install/dwb_msgs/include/dwb_msgs/dwb_msgs/srv/detail/generate_twists__rosidl_typesupport_introspection_cpp.hpp
[2.254s] -- Up-to-date: /home/ros2/ros2_rc/src/install/dwb_msgs/include/dwb_msgs/dwb_msgs/srv/detail/debug_local_plan__rosidl_typesupport_introspection_cpp.hpp
[2.254s] -- Up-to-date: /home/ros2/ros2_rc/src/install/dwb_msgs/include/dwb_msgs/dwb_msgs/srv/detail/score_trajectory__rosidl_typesupport_introspection_cpp.hpp
[2.254s] -- Up-to-date: /home/ros2/ros2_rc/src/install/dwb_msgs/include/dwb_msgs/dwb_msgs/srv/detail/debug_local_plan__type_support.cpp
[2.254s] -- Up-to-date: /home/ros2/ros2_rc/src/install/dwb_msgs/include/dwb_msgs/dwb_msgs/srv/detail/generate_twists__type_support.cpp
[2.254s] -- Up-to-date: /home/ros2/ros2_rc/src/install/dwb_msgs/include/dwb_msgs/dwb_msgs/srv/detail/score_trajectory__type_support.cpp
[2.254s] -- Up-to-date: /home/ros2/ros2_rc/src/install/dwb_msgs/include/dwb_msgs/dwb_msgs/srv/detail/get_critic_score__rosidl_typesupport_introspection_cpp.hpp
[2.254s] -- Up-to-date: /home/ros2/ros2_rc/src/install/dwb_msgs/include/dwb_msgs/dwb_msgs/msg
[2.254s] -- Up-to-date: /home/ros2/ros2_rc/src/install/dwb_msgs/include/dwb_msgs/dwb_msgs/msg/detail
[2.254s] -- Up-to-date: /home/ros2/ros2_rc/src/install/dwb_msgs/include/dwb_msgs/dwb_msgs/msg/detail/trajectory_score__rosidl_typesupport_introspection_cpp.hpp
[2.254s] -- Up-to-date: /home/ros2/ros2_rc/src/install/dwb_msgs/include/dwb_msgs/dwb_msgs/msg/detail/trajectory_score__type_support.cpp
[2.254s] -- Up-to-date: /home/ros2/ros2_rc/src/install/dwb_msgs/include/dwb_msgs/dwb_msgs/msg/detail/local_plan_evaluation__rosidl_typesupport_introspection_cpp.hpp
[2.254s] -- Up-to-date: /home/ros2/ros2_rc/src/install/dwb_msgs/include/dwb_msgs/dwb_msgs/msg/detail/critic_score__rosidl_typesupport_introspection_cpp.hpp
[2.255s] -- Up-to-date: /home/ros2/ros2_rc/src/install/dwb_msgs/include/dwb_msgs/dwb_msgs/msg/detail/local_plan_evaluation__type_support.cpp
[2.255s] -- Up-to-date: /home/ros2/ros2_rc/src/install/dwb_msgs/include/dwb_msgs/dwb_msgs/msg/detail/trajectory2_d__rosidl_typesupport_introspection_cpp.hpp
[2.255s] -- Up-to-date: /home/ros2/ros2_rc/src/install/dwb_msgs/include/dwb_msgs/dwb_msgs/msg/detail/critic_score__type_support.cpp
[2.255s] -- Up-to-date: /home/ros2/ros2_rc/src/install/dwb_msgs/include/dwb_msgs/dwb_msgs/msg/detail/trajectory2_d__type_support.cpp
[2.255s] -- Up-to-date: /home/ros2/ros2_rc/src/install/dwb_msgs/lib/libdwb_msgs__rosidl_typesupport_introspection_cpp.so
[2.255s] -- Up-to-date: /home/ros2/ros2_rc/src/install/dwb_msgs/lib/libdwb_msgs__rosidl_typesupport_cpp.so
[2.255s] -- Up-to-date: /home/ros2/ros2_rc/src/install/dwb_msgs/share/dwb_msgs/environment/pythonpath.sh
[2.255s] -- Up-to-date: /home/ros2/ros2_rc/src/install/dwb_msgs/share/dwb_msgs/environment/pythonpath.dsv
[2.255s] -- Up-to-date: /home/ros2/ros2_rc/src/install/dwb_msgs/local/lib/python3.10/dist-packages/dwb_msgs-1.1.16-py3.10.egg-info
[2.255s] -- Installing: /home/ros2/ros2_rc/src/install/dwb_msgs/local/lib/python3.10/dist-packages/dwb_msgs-1.1.16-py3.10.egg-info/SOURCES.txt
[2.255s] -- Installing: /home/ros2/ros2_rc/src/install/dwb_msgs/local/lib/python3.10/dist-packages/dwb_msgs-1.1.16-py3.10.egg-info/PKG-INFO
[2.255s] -- Installing: /home/ros2/ros2_rc/src/install/dwb_msgs/local/lib/python3.10/dist-packages/dwb_msgs-1.1.16-py3.10.egg-info/top_level.txt
[2.255s] -- Installing: /home/ros2/ros2_rc/src/install/dwb_msgs/local/lib/python3.10/dist-packages/dwb_msgs-1.1.16-py3.10.egg-info/dependency_links.txt
[2.255s] -- Up-to-date: /home/ros2/ros2_rc/src/install/dwb_msgs/local/lib/python3.10/dist-packages/dwb_msgs
[2.256s] -- Up-to-date: /home/ros2/ros2_rc/src/install/dwb_msgs/local/lib/python3.10/dist-packages/dwb_msgs/__init__.py
[2.256s] -- Up-to-date: /home/ros2/ros2_rc/src/install/dwb_msgs/local/lib/python3.10/dist-packages/dwb_msgs/srv
[2.256s] -- Up-to-date: /home/ros2/ros2_rc/src/install/dwb_msgs/local/lib/python3.10/dist-packages/dwb_msgs/srv/__init__.py
[2.256s] -- Up-to-date: /home/ros2/ros2_rc/src/install/dwb_msgs/local/lib/python3.10/dist-packages/dwb_msgs/srv/_generate_twists.py
[2.256s] -- Up-to-date: /home/ros2/ros2_rc/src/install/dwb_msgs/local/lib/python3.10/dist-packages/dwb_msgs/srv/_score_trajectory_s.c
[2.256s] -- Up-to-date: /home/ros2/ros2_rc/src/install/dwb_msgs/local/lib/python3.10/dist-packages/dwb_msgs/srv/_get_critic_score.py
[2.256s] -- Up-to-date: /home/ros2/ros2_rc/src/install/dwb_msgs/local/lib/python3.10/dist-packages/dwb_msgs/srv/_generate_twists_s.c
[2.257s] -- Up-to-date: /home/ros2/ros2_rc/src/install/dwb_msgs/local/lib/python3.10/dist-packages/dwb_msgs/srv/_get_critic_score_s.c
[2.257s] -- Up-to-date: /home/ros2/ros2_rc/src/install/dwb_msgs/local/lib/python3.10/dist-packages/dwb_msgs/srv/_generate_trajectory.py
[2.257s] -- Up-to-date: /home/ros2/ros2_rc/src/install/dwb_msgs/local/lib/python3.10/dist-packages/dwb_msgs/srv/_debug_local_plan.py
[2.258s] -- Up-to-date: /home/ros2/ros2_rc/src/install/dwb_msgs/local/lib/python3.10/dist-packages/dwb_msgs/srv/_debug_local_plan_s.c
[2.258s] -- Up-to-date: /home/ros2/ros2_rc/src/install/dwb_msgs/local/lib/python3.10/dist-packages/dwb_msgs/srv/_score_trajectory.py
[2.258s] -- Up-to-date: /home/ros2/ros2_rc/src/install/dwb_msgs/local/lib/python3.10/dist-packages/dwb_msgs/srv/_generate_trajectory_s.c
[2.258s] -- Up-to-date: /home/ros2/ros2_rc/src/install/dwb_msgs/local/lib/python3.10/dist-packages/dwb_msgs/_dwb_msgs_s.ep.rosidl_typesupport_c.c
[2.258s] -- Up-to-date: /home/ros2/ros2_rc/src/install/dwb_msgs/local/lib/python3.10/dist-packages/dwb_msgs/dwb_msgs_s__rosidl_typesupport_c.cpython-310-x86_64-linux-gnu.so
[2.258s] -- Up-to-date: /home/ros2/ros2_rc/src/install/dwb_msgs/local/lib/python3.10/dist-packages/dwb_msgs/libdwb_msgs__rosidl_generator_py.so
[2.258s] -- Up-to-date: /home/ros2/ros2_rc/src/install/dwb_msgs/local/lib/python3.10/dist-packages/dwb_msgs/_dwb_msgs_s.ep.rosidl_typesupport_introspection_c.c
[2.258s] -- Up-to-date: /home/ros2/ros2_rc/src/install/dwb_msgs/local/lib/python3.10/dist-packages/dwb_msgs/_dwb_msgs_s.ep.rosidl_typesupport_fastrtps_c.c
[2.258s] -- Up-to-date: /home/ros2/ros2_rc/src/install/dwb_msgs/local/lib/python3.10/dist-packages/dwb_msgs/dwb_msgs_s__rosidl_typesupport_introspection_c.cpython-310-x86_64-linux-gnu.so
[2.258s] -- Up-to-date: /home/ros2/ros2_rc/src/install/dwb_msgs/local/lib/python3.10/dist-packages/dwb_msgs/dwb_msgs_s__rosidl_typesupport_fastrtps_c.cpython-310-x86_64-linux-gnu.so
[2.258s] -- Up-to-date: /home/ros2/ros2_rc/src/install/dwb_msgs/local/lib/python3.10/dist-packages/dwb_msgs/msg
[2.258s] -- Up-to-date: /home/ros2/ros2_rc/src/install/dwb_msgs/local/lib/python3.10/dist-packages/dwb_msgs/msg/_trajectory2_d.py
[2.258s] -- Up-to-date: /home/ros2/ros2_rc/src/install/dwb_msgs/local/lib/python3.10/dist-packages/dwb_msgs/msg/__init__.py
[2.258s] -- Up-to-date: /home/ros2/ros2_rc/src/install/dwb_msgs/local/lib/python3.10/dist-packages/dwb_msgs/msg/_trajectory_score.py
[2.259s] -- Up-to-date: /home/ros2/ros2_rc/src/install/dwb_msgs/local/lib/python3.10/dist-packages/dwb_msgs/msg/_local_plan_evaluation.py
[2.259s] -- Up-to-date: /home/ros2/ros2_rc/src/install/dwb_msgs/local/lib/python3.10/dist-packages/dwb_msgs/msg/_trajectory_score_s.c
[2.259s] -- Up-to-date: /home/ros2/ros2_rc/src/install/dwb_msgs/local/lib/python3.10/dist-packages/dwb_msgs/msg/_trajectory2_d_s.c
[2.259s] -- Up-to-date: /home/ros2/ros2_rc/src/install/dwb_msgs/local/lib/python3.10/dist-packages/dwb_msgs/msg/_local_plan_evaluation_s.c
[2.259s] -- Up-to-date: /home/ros2/ros2_rc/src/install/dwb_msgs/local/lib/python3.10/dist-packages/dwb_msgs/msg/_critic_score_s.c
[2.259s] -- Up-to-date: /home/ros2/ros2_rc/src/install/dwb_msgs/local/lib/python3.10/dist-packages/dwb_msgs/msg/_critic_score.py
[2.313s] Listing '/home/ros2/ros2_rc/src/install/dwb_msgs/local/lib/python3.10/dist-packages/dwb_msgs'...
[2.314s] Listing '/home/ros2/ros2_rc/src/install/dwb_msgs/local/lib/python3.10/dist-packages/dwb_msgs/msg'...
[2.314s] Listing '/home/ros2/ros2_rc/src/install/dwb_msgs/local/lib/python3.10/dist-packages/dwb_msgs/srv'...
[2.324s] -- Up-to-date: /home/ros2/ros2_rc/src/install/dwb_msgs/local/lib/python3.10/dist-packages/dwb_msgs/dwb_msgs_s__rosidl_typesupport_fastrtps_c.cpython-310-x86_64-linux-gnu.so
[2.324s] -- Up-to-date: /home/ros2/ros2_rc/src/install/dwb_msgs/local/lib/python3.10/dist-packages/dwb_msgs/dwb_msgs_s__rosidl_typesupport_introspection_c.cpython-310-x86_64-linux-gnu.so
[2.324s] -- Up-to-date: /home/ros2/ros2_rc/src/install/dwb_msgs/local/lib/python3.10/dist-packages/dwb_msgs/dwb_msgs_s__rosidl_typesupport_c.cpython-310-x86_64-linux-gnu.so
[2.325s] -- Up-to-date: /home/ros2/ros2_rc/src/install/dwb_msgs/lib/libdwb_msgs__rosidl_generator_py.so
[2.325s] -- Up-to-date: /home/ros2/ros2_rc/src/install/dwb_msgs/share/dwb_msgs/msg/CriticScore.idl
[2.325s] -- Up-to-date: /home/ros2/ros2_rc/src/install/dwb_msgs/share/dwb_msgs/msg/LocalPlanEvaluation.idl
[2.326s] -- Up-to-date: /home/ros2/ros2_rc/src/install/dwb_msgs/share/dwb_msgs/msg/Trajectory2D.idl
[2.326s] -- Up-to-date: /home/ros2/ros2_rc/src/install/dwb_msgs/share/dwb_msgs/msg/TrajectoryScore.idl
[2.326s] -- Up-to-date: /home/ros2/ros2_rc/src/install/dwb_msgs/share/dwb_msgs/srv/DebugLocalPlan.idl
[2.326s] -- Up-to-date: /home/ros2/ros2_rc/src/install/dwb_msgs/share/dwb_msgs/srv/GenerateTrajectory.idl
[2.327s] -- Up-to-date: /home/ros2/ros2_rc/src/install/dwb_msgs/share/dwb_msgs/srv/GenerateTwists.idl
[2.327s] -- Up-to-date: /home/ros2/ros2_rc/src/install/dwb_msgs/share/dwb_msgs/srv/GetCriticScore.idl
[2.327s] -- Up-to-date: /home/ros2/ros2_rc/src/install/dwb_msgs/share/dwb_msgs/srv/ScoreTrajectory.idl
[2.328s] -- Up-to-date: /home/ros2/ros2_rc/src/install/dwb_msgs/share/dwb_msgs/msg/CriticScore.msg
[2.328s] -- Up-to-date: /home/ros2/ros2_rc/src/install/dwb_msgs/share/dwb_msgs/msg/LocalPlanEvaluation.msg
[2.329s] -- Up-to-date: /home/ros2/ros2_rc/src/install/dwb_msgs/share/dwb_msgs/msg/Trajectory2D.msg
[2.329s] -- Up-to-date: /home/ros2/ros2_rc/src/install/dwb_msgs/share/dwb_msgs/msg/TrajectoryScore.msg
[2.329s] -- Up-to-date: /home/ros2/ros2_rc/src/install/dwb_msgs/share/dwb_msgs/srv/DebugLocalPlan.srv
[2.330s] -- Up-to-date: /home/ros2/ros2_rc/src/install/dwb_msgs/share/dwb_msgs/srv/DebugLocalPlan_Request.msg
[2.331s] -- Up-to-date: /home/ros2/ros2_rc/src/install/dwb_msgs/share/dwb_msgs/srv/DebugLocalPlan_Response.msg
[2.331s] -- Up-to-date: /home/ros2/ros2_rc/src/install/dwb_msgs/share/dwb_msgs/srv/GenerateTrajectory.srv
[2.332s] -- Up-to-date: /home/ros2/ros2_rc/src/install/dwb_msgs/share/dwb_msgs/srv/GenerateTrajectory_Request.msg
[2.332s] -- Up-to-date: /home/ros2/ros2_rc/src/install/dwb_msgs/share/dwb_msgs/srv/GenerateTrajectory_Response.msg
[2.332s] -- Up-to-date: /home/ros2/ros2_rc/src/install/dwb_msgs/share/dwb_msgs/srv/GenerateTwists.srv
[2.332s] -- Up-to-date: /home/ros2/ros2_rc/src/install/dwb_msgs/share/dwb_msgs/srv/GenerateTwists_Request.msg
[2.332s] -- Up-to-date: /home/ros2/ros2_rc/src/install/dwb_msgs/share/dwb_msgs/srv/GenerateTwists_Response.msg
[2.333s] -- Up-to-date: /home/ros2/ros2_rc/src/install/dwb_msgs/share/dwb_msgs/srv/GetCriticScore.srv
[2.333s] -- Up-to-date: /home/ros2/ros2_rc/src/install/dwb_msgs/share/dwb_msgs/srv/GetCriticScore_Request.msg
[2.333s] -- Up-to-date: /home/ros2/ros2_rc/src/install/dwb_msgs/share/dwb_msgs/srv/GetCriticScore_Response.msg
[2.334s] -- Up-to-date: /home/ros2/ros2_rc/src/install/dwb_msgs/share/dwb_msgs/srv/ScoreTrajectory.srv
[2.334s] -- Up-to-date: /home/ros2/ros2_rc/src/install/dwb_msgs/share/dwb_msgs/srv/ScoreTrajectory_Request.msg
[2.334s] -- Up-to-date: /home/ros2/ros2_rc/src/install/dwb_msgs/share/dwb_msgs/srv/ScoreTrajectory_Response.msg
[2.334s] -- Up-to-date: /home/ros2/ros2_rc/src/install/dwb_msgs/share/ament_index/resource_index/package_run_dependencies/dwb_msgs
[2.334s] -- Up-to-date: /home/ros2/ros2_rc/src/install/dwb_msgs/share/ament_index/resource_index/parent_prefix_path/dwb_msgs
[2.334s] -- Up-to-date: /home/ros2/ros2_rc/src/install/dwb_msgs/share/dwb_msgs/environment/ament_prefix_path.sh
[2.334s] -- Up-to-date: /home/ros2/ros2_rc/src/install/dwb_msgs/share/dwb_msgs/environment/ament_prefix_path.dsv
[2.334s] -- Up-to-date: /home/ros2/ros2_rc/src/install/dwb_msgs/share/dwb_msgs/environment/path.sh
[2.334s] -- Up-to-date: /home/ros2/ros2_rc/src/install/dwb_msgs/share/dwb_msgs/environment/path.dsv
[2.334s] -- Up-to-date: /home/ros2/ros2_rc/src/install/dwb_msgs/share/dwb_msgs/local_setup.bash
[2.334s] -- Up-to-date: /home/ros2/ros2_rc/src/install/dwb_msgs/share/dwb_msgs/local_setup.sh
[2.334s] -- Up-to-date: /home/ros2/ros2_rc/src/install/dwb_msgs/share/dwb_msgs/local_setup.zsh
[2.335s] -- Up-to-date: /home/ros2/ros2_rc/src/install/dwb_msgs/share/dwb_msgs/local_setup.dsv
[2.335s] -- Installing: /home/ros2/ros2_rc/src/install/dwb_msgs/share/dwb_msgs/package.dsv
[2.335s] -- Up-to-date: /home/ros2/ros2_rc/src/install/dwb_msgs/share/ament_index/resource_index/packages/dwb_msgs
[2.335s] -- Up-to-date: /home/ros2/ros2_rc/src/install/dwb_msgs/share/dwb_msgs/cmake/export_dwb_msgs__rosidl_generator_cExport.cmake
[2.335s] -- Up-to-date: /home/ros2/ros2_rc/src/install/dwb_msgs/share/dwb_msgs/cmake/export_dwb_msgs__rosidl_generator_cExport-noconfig.cmake
[2.335s] -- Up-to-date: /home/ros2/ros2_rc/src/install/dwb_msgs/share/dwb_msgs/cmake/export_dwb_msgs__rosidl_typesupport_fastrtps_cExport.cmake
[2.335s] -- Up-to-date: /home/ros2/ros2_rc/src/install/dwb_msgs/share/dwb_msgs/cmake/export_dwb_msgs__rosidl_typesupport_fastrtps_cExport-noconfig.cmake
[2.335s] -- Up-to-date: /home/ros2/ros2_rc/src/install/dwb_msgs/share/dwb_msgs/cmake/export_dwb_msgs__rosidl_generator_cppExport.cmake
[2.335s] -- Up-to-date: /home/ros2/ros2_rc/src/install/dwb_msgs/share/dwb_msgs/cmake/export_dwb_msgs__rosidl_typesupport_fastrtps_cppExport.cmake
[2.335s] -- Up-to-date: /home/ros2/ros2_rc/src/install/dwb_msgs/share/dwb_msgs/cmake/export_dwb_msgs__rosidl_typesupport_fastrtps_cppExport-noconfig.cmake
[2.335s] -- Up-to-date: /home/ros2/ros2_rc/src/install/dwb_msgs/share/dwb_msgs/cmake/dwb_msgs__rosidl_typesupport_introspection_cExport.cmake
[2.335s] -- Up-to-date: /home/ros2/ros2_rc/src/install/dwb_msgs/share/dwb_msgs/cmake/dwb_msgs__rosidl_typesupport_introspection_cExport-noconfig.cmake
[2.335s] -- Up-to-date: /home/ros2/ros2_rc/src/install/dwb_msgs/share/dwb_msgs/cmake/dwb_msgs__rosidl_typesupport_cExport.cmake
[2.335s] -- Up-to-date: /home/ros2/ros2_rc/src/install/dwb_msgs/share/dwb_msgs/cmake/dwb_msgs__rosidl_typesupport_cExport-noconfig.cmake
[2.336s] -- Up-to-date: /home/ros2/ros2_rc/src/install/dwb_msgs/share/dwb_msgs/cmake/dwb_msgs__rosidl_typesupport_introspection_cppExport.cmake
[2.336s] -- Up-to-date: /home/ros2/ros2_rc/src/install/dwb_msgs/share/dwb_msgs/cmake/dwb_msgs__rosidl_typesupport_introspection_cppExport-noconfig.cmake
[2.336s] -- Up-to-date: /home/ros2/ros2_rc/src/install/dwb_msgs/share/dwb_msgs/cmake/dwb_msgs__rosidl_typesupport_cppExport.cmake
[2.336s] -- Up-to-date: /home/ros2/ros2_rc/src/install/dwb_msgs/share/dwb_msgs/cmake/dwb_msgs__rosidl_typesupport_cppExport-noconfig.cmake
[2.337s] -- Up-to-date: /home/ros2/ros2_rc/src/install/dwb_msgs/share/dwb_msgs/cmake/export_dwb_msgs__rosidl_generator_pyExport.cmake
[2.337s] -- Up-to-date: /home/ros2/ros2_rc/src/install/dwb_msgs/share/dwb_msgs/cmake/export_dwb_msgs__rosidl_generator_pyExport-noconfig.cmake
[2.338s] -- Up-to-date: /home/ros2/ros2_rc/src/install/dwb_msgs/share/dwb_msgs/cmake/rosidl_cmake-extras.cmake
[2.338s] -- Up-to-date: /home/ros2/ros2_rc/src/install/dwb_msgs/share/dwb_msgs/cmake/ament_cmake_export_dependencies-extras.cmake
[2.340s] -- Up-to-date: /home/ros2/ros2_rc/src/install/dwb_msgs/share/dwb_msgs/cmake/ament_cmake_export_include_directories-extras.cmake
[2.340s] -- Up-to-date: /home/ros2/ros2_rc/src/install/dwb_msgs/share/dwb_msgs/cmake/ament_cmake_export_libraries-extras.cmake
[2.341s] -- Up-to-date: /home/ros2/ros2_rc/src/install/dwb_msgs/share/dwb_msgs/cmake/ament_cmake_export_targets-extras.cmake
[2.341s] -- Up-to-date: /home/ros2/ros2_rc/src/install/dwb_msgs/share/dwb_msgs/cmake/rosidl_cmake_export_typesupport_targets-extras.cmake
[2.341s] -- Up-to-date: /home/ros2/ros2_rc/src/install/dwb_msgs/share/dwb_msgs/cmake/rosidl_cmake_export_typesupport_libraries-extras.cmake
[2.342s] -- Up-to-date: /home/ros2/ros2_rc/src/install/dwb_msgs/share/dwb_msgs/cmake/dwb_msgsConfig.cmake
[2.342s] -- Up-to-date: /home/ros2/ros2_rc/src/install/dwb_msgs/share/dwb_msgs/cmake/dwb_msgsConfig-version.cmake
[2.342s] -- Up-to-date: /home/ros2/ros2_rc/src/install/dwb_msgs/share/dwb_msgs/package.xml
[2.343s] Invoked command in '/home/ros2/ros2_rc/src/build/dwb_msgs' returned '0': CMAKE_PREFIX_PATH=/home/ros2/ros2_rc/src/install/nav_2d_msgs:/home/ros2/ros2_rc/src/install/smartcar_msgs:/home/ros2/ros2_rc/src/install/smart_car:/home/ros2/ros2_rc/src/install/ros2_rc:/home/ros2/ros2_rc/src/install/nav2_system_tests:/home/ros2/ros2_rc/src/install/nav2_bringup:/home/ros2/ros2_rc/src/install/navigation2:/home/ros2/ros2_rc/src/install/nav2_smoother:/home/ros2/ros2_rc/src/install/nav2_graceful_controller:/home/ros2/ros2_rc/src/install/nav2_dwb_controller:/home/ros2/ros2_rc/src/install/nav2_controller:/home/ros2/ros2_rc/src/install/dwb_plugins:/home/ros2/ros2_rc/src/install/dwb_critics:/home/ros2/ros2_rc/src/install/dwb_core:/home/ros2/ros2_rc/src/install/nav_2d_utils:/home/ros2/ros2_rc/src/install/dwb_msgs:/home/ros2/ros2_rc/src/install/nav2_waypoint_follower:/home/ros2/ros2_rc/src/install/nav2_theta_star_planner:/home/ros2/ros2_rc/src/install/nav2_smac_planner:/home/ros2/ros2_rc/src/install/nav2_rotation_shim_controller:/home/ros2/ros2_rc/src/install/nav2_regulated_pure_pursuit_controller:/home/ros2/ros2_rc/src/install/nav2_planner:/home/ros2/ros2_rc/src/install/nav2_navfn_planner:/home/ros2/ros2_rc/src/install/nav2_mppi_controller:/home/ros2/ros2_rc/src/install/nav2_constrained_smoother:/home/ros2/ros2_rc/src/install/nav2_bt_navigator:/home/ros2/ros2_rc/src/install/nav2_behaviors:/home/ros2/ros2_rc/src/install/nav2_core:/home/ros2/ros2_rc/src/install/nav2_collision_monitor:/home/ros2/ros2_rc/src/install/costmap_queue:/home/ros2/ros2_rc/src/install/nav2_costmap_2d:/home/ros2/ros2_rc/src/install/nav2_voxel_grid:/home/ros2/ros2_rc/src/install/nav2_velocity_smoother:/home/ros2/ros2_rc/src/install/nav2_rviz_plugins:/home/ros2/ros2_rc/src/install/nav2_map_server:/home/ros2/ros2_rc/src/install/nav2_lifecycle_manager:/home/ros2/ros2_rc/src/install/nav2_behavior_tree:/home/ros2/ros2_rc/src/install/nav2_amcl:/home/ros2/ros2_rc/src/install/nav2_util:/home/ros2/ros2_rc/src/install/nav2_msgs:/home/ros2/ros2_rc/src/install/nav2_common:/home/ros2/ros2_rc/src/install/car_gazebo_plugin:/home/ros2/ros2_rc/install/smartcar_msgs:/home/ros2/ros2_rc/install/smart_car:/home/ros2/ros2_rc/install/ros2_rc:/home/ros2/ros2_rc/install/nav2_system_tests:/home/ros2/ros2_rc/install/nav2_bringup:/home/ros2/ros2_rc/install/navigation2:/home/ros2/ros2_rc/install/nav2_smoother:/home/ros2/ros2_rc/install/nav2_graceful_controller:/home/ros2/ros2_rc/install/nav2_dwb_controller:/home/ros2/ros2_rc/install/nav2_controller:/home/ros2/ros2_rc/install/dwb_plugins:/home/ros2/ros2_rc/install/dwb_critics:/home/ros2/ros2_rc/install/dwb_core:/home/ros2/ros2_rc/install/nav_2d_utils:/home/ros2/ros2_rc/install/dwb_msgs:/home/ros2/ros2_rc/install/nav_2d_msgs:/home/ros2/ros2_rc/install/nav2_waypoint_follower:/home/ros2/ros2_rc/install/nav2_theta_star_planner:/home/ros2/ros2_rc/install/nav2_smac_planner:/home/ros2/ros2_rc/install/nav2_rotation_shim_controller:/home/ros2/ros2_rc/install/nav2_regulated_pure_pursuit_controller:/home/ros2/ros2_rc/install/nav2_planner:/home/ros2/ros2_rc/install/nav2_navfn_planner:/home/ros2/ros2_rc/install/nav2_mppi_controller:/home/ros2/ros2_rc/install/nav2_constrained_smoother:/home/ros2/ros2_rc/install/nav2_bt_navigator:/home/ros2/ros2_rc/install/nav2_behaviors:/home/ros2/ros2_rc/install/nav2_core:/home/ros2/ros2_rc/install/nav2_collision_monitor:/home/ros2/ros2_rc/install/costmap_queue:/home/ros2/ros2_rc/install/nav2_costmap_2d:/home/ros2/ros2_rc/install/nav2_voxel_grid:/home/ros2/ros2_rc/install/nav2_velocity_smoother:/home/ros2/ros2_rc/install/nav2_rviz_plugins:/home/ros2/ros2_rc/install/nav2_map_server:/home/ros2/ros2_rc/install/nav2_lifecycle_manager:/home/ros2/ros2_rc/install/nav2_behavior_tree:/home/ros2/ros2_rc/install/nav2_amcl:/home/ros2/ros2_rc/install/nav2_util:/home/ros2/ros2_rc/install/nav2_msgs:/home/ros2/ros2_rc/install/nav2_common:/home/ros2/ros2_rc/install/car_gazebo_plugin:/home/ros2/ros2_rc/src/install/nav2_simple_commander:/home/ros2/ros2_rc/install/nav2_simple_commander:/opt/ros/humble LD_LIBRARY_PATH=/home/ros2/ros2_rc/src/install/nav_2d_msgs/lib:/home/ros2/ros2_rc/src/install/smartcar_msgs/lib:/home/ros2/ros2_rc/src/install/nav2_smoother/lib:/home/ros2/ros2_rc/src/install/nav2_graceful_controller/lib:/home/ros2/ros2_rc/src/install/nav2_controller/lib:/home/ros2/ros2_rc/src/install/dwb_plugins/lib:/home/ros2/ros2_rc/src/install/dwb_critics/lib:/home/ros2/ros2_rc/src/install/dwb_core/lib:/home/ros2/ros2_rc/src/install/nav_2d_utils/lib:/home/ros2/ros2_rc/src/install/dwb_msgs/lib:/home/ros2/ros2_rc/src/install/nav2_waypoint_follower/lib:/home/ros2/ros2_rc/src/install/nav2_theta_star_planner/lib:/home/ros2/ros2_rc/src/install/nav2_smac_planner/lib:/home/ros2/ros2_rc/src/install/nav2_rotation_shim_controller/lib:/home/ros2/ros2_rc/src/install/nav2_regulated_pure_pursuit_controller/lib:/home/ros2/ros2_rc/src/install/nav2_planner/lib:/home/ros2/ros2_rc/src/install/nav2_navfn_planner/lib:/home/ros2/ros2_rc/src/install/nav2_mppi_controller/lib:/home/ros2/ros2_rc/src/install/nav2_constrained_smoother/lib:/home/ros2/ros2_rc/src/install/nav2_bt_navigator/lib:/home/ros2/ros2_rc/src/install/nav2_behaviors/lib:/home/ros2/ros2_rc/src/install/nav2_collision_monitor/lib:/home/ros2/ros2_rc/src/install/costmap_queue/lib:/home/ros2/ros2_rc/src/install/nav2_costmap_2d/lib:/home/ros2/ros2_rc/src/install/nav2_voxel_grid/lib:/home/ros2/ros2_rc/src/install/nav2_velocity_smoother/lib:/home/ros2/ros2_rc/src/install/nav2_rviz_plugins/lib:/home/ros2/ros2_rc/src/install/nav2_map_server/lib:/home/ros2/ros2_rc/src/install/nav2_lifecycle_manager/lib:/home/ros2/ros2_rc/src/install/nav2_behavior_tree/lib:/home/ros2/ros2_rc/src/install/nav2_amcl/lib:/home/ros2/ros2_rc/src/install/nav2_util/lib:/home/ros2/ros2_rc/src/install/nav2_msgs/lib:/home/ros2/ros2_rc/src/install/car_gazebo_plugin/lib:/home/ros2/ros2_rc/install/smartcar_msgs/lib:/home/ros2/ros2_rc/install/nav2_smoother/lib:/home/ros2/ros2_rc/install/nav2_graceful_controller/lib:/home/ros2/ros2_rc/install/nav2_controller/lib:/home/ros2/ros2_rc/install/dwb_plugins/lib:/home/ros2/ros2_rc/install/dwb_critics/lib:/home/ros2/ros2_rc/install/dwb_core/lib:/home/ros2/ros2_rc/install/nav_2d_utils/lib:/home/ros2/ros2_rc/install/dwb_msgs/lib:/home/ros2/ros2_rc/install/nav_2d_msgs/lib:/home/ros2/ros2_rc/install/nav2_waypoint_follower/lib:/home/ros2/ros2_rc/install/nav2_theta_star_planner/lib:/home/ros2/ros2_rc/install/nav2_smac_planner/lib:/home/ros2/ros2_rc/install/nav2_rotation_shim_controller/lib:/home/ros2/ros2_rc/install/nav2_regulated_pure_pursuit_controller/lib:/home/ros2/ros2_rc/install/nav2_planner/lib:/home/ros2/ros2_rc/install/nav2_navfn_planner/lib:/home/ros2/ros2_rc/install/nav2_mppi_controller/lib:/home/ros2/ros2_rc/install/nav2_constrained_smoother/lib:/home/ros2/ros2_rc/install/nav2_bt_navigator/lib:/home/ros2/ros2_rc/install/nav2_behaviors/lib:/home/ros2/ros2_rc/install/nav2_collision_monitor/lib:/home/ros2/ros2_rc/install/costmap_queue/lib:/home/ros2/ros2_rc/install/nav2_costmap_2d/lib:/home/ros2/ros2_rc/install/nav2_voxel_grid/lib:/home/ros2/ros2_rc/install/nav2_velocity_smoother/lib:/home/ros2/ros2_rc/install/nav2_rviz_plugins/lib:/home/ros2/ros2_rc/install/nav2_map_server/lib:/home/ros2/ros2_rc/install/nav2_lifecycle_manager/lib:/home/ros2/ros2_rc/install/nav2_behavior_tree/lib:/home/ros2/ros2_rc/install/nav2_amcl/lib:/home/ros2/ros2_rc/install/nav2_util/lib:/home/ros2/ros2_rc/install/nav2_msgs/lib:/home/ros2/ros2_rc/install/car_gazebo_plugin/lib:/usr/lib/x86_64-linux-gnu/gazebo-11/plugins:/opt/ros/humble/opt/rviz_ogre_vendor/lib:/opt/ros/humble/lib/x86_64-linux-gnu:/opt/ros/humble/lib:/usr/lib/x86_64-linux-gnu/gazebo-11/plugins /usr/bin/cmake --install /home/ros2/ros2_rc/src/build/dwb_msgs
