[0.084s] Invoking command in '/home/ros2/ros2_rc/src/build/nav_2d_utils': AMENT_PREFIX_PATH=/home/ros2/ros2_rc/src/install/nav2_util:/home/ros2/ros2_rc/src/install/nav2_msgs:/home/ros2/ros2_rc/src/install/nav_2d_msgs:/home/ros2/ros2_rc/src/install/nav2_common:${AMENT_PREFIX_PATH} CMAKE_PREFIX_PATH=/home/ros2/ros2_rc/src/install/nav2_util:/home/ros2/ros2_rc/src/install/nav2_msgs:/home/ros2/ros2_rc/src/install/nav_2d_msgs:/home/ros2/ros2_rc/src/install/nav2_common:/home/ros2/ros2_rc/install/dwb_msgs:/home/ros2/ros2_rc/install/nav_2d_msgs:/home/ros2/ros2_rc/install/nav2_voxel_grid:/home/ros2/ros2_rc/install/nav2_msgs:/home/ros2/ros2_rc/install/nav2_common:/home/ros2/ros2_rc/install/smartcar_msgs:/home/ros2/ros2_rc/install/smart_car:/home/ros2/ros2_rc/install/ros2_rc:/home/ros2/ros2_rc/install/car_gazebo_plugin:/home/ros2/ros2_rc/src/install/smartcar_msgs:/home/ros2/ros2_rc/src/install/smart_car:/home/ros2/ros2_rc/src/install/ros2_rc:/home/ros2/ros2_rc/src/install/car_gazebo_plugin:/home/ros2/ros2_rc/install/nav2_simple_commander:/opt/ros/humble LD_LIBRARY_PATH=/home/ros2/ros2_rc/src/install/nav2_util/lib:/home/ros2/ros2_rc/src/install/nav2_msgs/lib:/home/ros2/ros2_rc/src/install/nav_2d_msgs/lib:/home/ros2/ros2_rc/install/dwb_msgs/lib:/home/ros2/ros2_rc/install/nav_2d_msgs/lib:/home/ros2/ros2_rc/install/nav2_voxel_grid/lib:/home/ros2/ros2_rc/install/nav2_msgs/lib:/home/ros2/ros2_rc/install/smartcar_msgs/lib:/home/ros2/ros2_rc/install/car_gazebo_plugin/lib:/home/ros2/ros2_rc/src/install/smartcar_msgs/lib:/home/ros2/ros2_rc/src/install/car_gazebo_plugin/lib:/usr/lib/x86_64-linux-gnu/gazebo-11/plugins:/opt/ros/humble/opt/rviz_ogre_vendor/lib:/opt/ros/humble/lib/x86_64-linux-gnu:/opt/ros/humble/lib:/usr/lib/x86_64-linux-gnu/gazebo-11/plugins PYTHONPATH=/home/ros2/ros2_rc/src/install/nav2_msgs/local/lib/python3.10/dist-packages:/home/ros2/ros2_rc/src/install/nav_2d_msgs/local/lib/python3.10/dist-packages:/home/ros2/ros2_rc/src/install/nav2_common/local/lib/python3.10/dist-packages:${PYTHONPATH} /usr/bin/cmake /home/ros2/ros2_rc/src/navigation2/nav2_dwb_controller/nav_2d_utils -DCMAKE_INSTALL_PREFIX=/home/ros2/ros2_rc/src/install/nav_2d_utils
[0.227s] -- The C compiler identification is GNU 11.4.0
[0.391s] -- The CXX compiler identification is GNU 11.4.0
[0.410s] -- Detecting C compiler ABI info
[0.571s] -- Detecting C compiler ABI info - done
[0.585s] -- Check for working C compiler: /usr/lib/ccache/gcc - skipped
[0.594s] -- Detecting C compile features
[0.594s] -- Detecting C compile features - done
[0.597s] -- Detecting CXX compiler ABI info
[0.828s] -- Detecting CXX compiler ABI info - done
[0.847s] -- Check for working CXX compiler: /usr/lib/ccache/g++ - skipped
[0.848s] -- Detecting CXX compile features
[0.852s] -- Detecting CXX compile features - done
[0.869s] -- Found ament_cmake: 1.3.10 (/opt/ros/humble/share/ament_cmake/cmake)
[1.284s] -- Found Python3: /usr/bin/python3 (found version "3.10.12") found components: Interpreter 
[1.530s] -- Found nav2_common: 1.1.16 (/home/ros2/ros2_rc/src/install/nav2_common/share/nav2_common/cmake)
[1.532s] -- Found geometry_msgs: 4.2.4 (/opt/ros/humble/share/geometry_msgs/cmake)
[1.626s] -- Found rosidl_generator_c: 3.1.5 (/opt/ros/humble/share/rosidl_generator_c/cmake)
[1.639s] -- Found rosidl_adapter: 3.1.5 (/opt/ros/humble/share/rosidl_adapter/cmake)
[1.664s] -- Found rosidl_generator_cpp: 3.1.5 (/opt/ros/humble/share/rosidl_generator_cpp/cmake)
[1.694s] -- Using all available rosidl_typesupport_c: rosidl_typesupport_fastrtps_c;rosidl_typesupport_introspection_c
[1.737s] -- Using all available rosidl_typesupport_cpp: rosidl_typesupport_fastrtps_cpp;rosidl_typesupport_introspection_cpp
[1.831s] -- Found nav_2d_msgs: 1.1.16 (/home/ros2/ros2_rc/src/install/nav_2d_msgs/share/nav_2d_msgs/cmake)
[1.860s] -- Found nav_msgs: 4.2.4 (/opt/ros/humble/share/nav_msgs/cmake)
[1.894s] -- Found rclcpp: 16.0.10 (/opt/ros/humble/share/rclcpp/cmake)
[1.995s] -- Found rmw_implementation_cmake: 6.1.2 (/opt/ros/humble/share/rmw_implementation_cmake/cmake)
[2.006s] -- Found rmw_cyclonedds_cpp: 1.3.4 (/opt/ros/humble/share/rmw_cyclonedds_cpp/cmake)
[2.064s] -- Using RMW implementation 'rmw_cyclonedds_cpp' as default
[2.085s] -- Looking for pthread.h
[2.310s] -- Looking for pthread.h - found
[2.311s] -- Performing Test CMAKE_HAVE_LIBC_PTHREAD
[2.521s] -- Performing Test CMAKE_HAVE_LIBC_PTHREAD - Success
[2.523s] -- Found Threads: TRUE  
[2.608s] -- Found tf2: 0.25.8 (/opt/ros/humble/share/tf2/cmake)
[2.629s] -- Found tf2_geometry_msgs: 0.25.8 (/opt/ros/humble/share/tf2_geometry_msgs/cmake)
[2.665s] -- Found eigen3_cmake_module: 0.1.1 (/opt/ros/humble/share/eigen3_cmake_module/cmake)
[2.678s] -- Found Eigen3: TRUE (found version "3.4.0") 
[2.679s] -- Ensuring Eigen3 include directory is part of orocos-kdl CMake target
[2.905s] -- Found nav2_msgs: 1.1.16 (/home/ros2/ros2_rc/src/install/nav2_msgs/share/nav2_msgs/cmake)
[2.962s] -- Found nav2_util: 1.1.16 (/home/ros2/ros2_rc/src/install/nav2_util/share/nav2_util/cmake)
[3.132s] -- Setting build type to Release as none was specified.
[3.266s] -- Found ament_lint_auto: 0.12.11 (/opt/ros/humble/share/ament_lint_auto/cmake)
[3.450s] -- Found gtest sources under '/opt/ros/humble/src/gtest_vendor': C++ tests using 'Google Test' will be built
[3.473s] -- Added test 'cppcheck' to perform static code analysis on C / C++ code
[3.474s] -- Configured cppcheck include dirs: /home/ros2/ros2_rc/src/navigation2/nav2_dwb_controller/nav_2d_utils/include
[3.474s] -- Configured cppcheck exclude dirs and/or files: 
[3.493s] -- Added test 'cpplint' to check C / C++ code against the Google style
[3.493s] -- Configured cpplint exclude dirs and/or files: 
[3.493s] -- Added test 'lint_cmake' to check CMake code style
[3.496s] -- Added test 'uncrustify' to check C / C++ code style
[3.496s] -- Configured uncrustify additional arguments: 
[3.498s] -- Added test 'xmllint' to check XML markup files
[3.503s] -- Configuring done
[3.782s] -- Generating done
[3.782s] -- Build files have been written to: /home/ros2/ros2_rc/src/build/nav_2d_utils
[3.815s] Invoked command in '/home/ros2/ros2_rc/src/build/nav_2d_utils' returned '0': AMENT_PREFIX_PATH=/home/ros2/ros2_rc/src/install/nav2_util:/home/ros2/ros2_rc/src/install/nav2_msgs:/home/ros2/ros2_rc/src/install/nav_2d_msgs:/home/ros2/ros2_rc/src/install/nav2_common:${AMENT_PREFIX_PATH} CMAKE_PREFIX_PATH=/home/ros2/ros2_rc/src/install/nav2_util:/home/ros2/ros2_rc/src/install/nav2_msgs:/home/ros2/ros2_rc/src/install/nav_2d_msgs:/home/ros2/ros2_rc/src/install/nav2_common:/home/ros2/ros2_rc/install/dwb_msgs:/home/ros2/ros2_rc/install/nav_2d_msgs:/home/ros2/ros2_rc/install/nav2_voxel_grid:/home/ros2/ros2_rc/install/nav2_msgs:/home/ros2/ros2_rc/install/nav2_common:/home/ros2/ros2_rc/install/smartcar_msgs:/home/ros2/ros2_rc/install/smart_car:/home/ros2/ros2_rc/install/ros2_rc:/home/ros2/ros2_rc/install/car_gazebo_plugin:/home/ros2/ros2_rc/src/install/smartcar_msgs:/home/ros2/ros2_rc/src/install/smart_car:/home/ros2/ros2_rc/src/install/ros2_rc:/home/ros2/ros2_rc/src/install/car_gazebo_plugin:/home/ros2/ros2_rc/install/nav2_simple_commander:/opt/ros/humble LD_LIBRARY_PATH=/home/ros2/ros2_rc/src/install/nav2_util/lib:/home/ros2/ros2_rc/src/install/nav2_msgs/lib:/home/ros2/ros2_rc/src/install/nav_2d_msgs/lib:/home/ros2/ros2_rc/install/dwb_msgs/lib:/home/ros2/ros2_rc/install/nav_2d_msgs/lib:/home/ros2/ros2_rc/install/nav2_voxel_grid/lib:/home/ros2/ros2_rc/install/nav2_msgs/lib:/home/ros2/ros2_rc/install/smartcar_msgs/lib:/home/ros2/ros2_rc/install/car_gazebo_plugin/lib:/home/ros2/ros2_rc/src/install/smartcar_msgs/lib:/home/ros2/ros2_rc/src/install/car_gazebo_plugin/lib:/usr/lib/x86_64-linux-gnu/gazebo-11/plugins:/opt/ros/humble/opt/rviz_ogre_vendor/lib:/opt/ros/humble/lib/x86_64-linux-gnu:/opt/ros/humble/lib:/usr/lib/x86_64-linux-gnu/gazebo-11/plugins PYTHONPATH=/home/ros2/ros2_rc/src/install/nav2_msgs/local/lib/python3.10/dist-packages:/home/ros2/ros2_rc/src/install/nav_2d_msgs/local/lib/python3.10/dist-packages:/home/ros2/ros2_rc/src/install/nav2_common/local/lib/python3.10/dist-packages:${PYTHONPATH} /usr/bin/cmake /home/ros2/ros2_rc/src/navigation2/nav2_dwb_controller/nav_2d_utils -DCMAKE_INSTALL_PREFIX=/home/ros2/ros2_rc/src/install/nav_2d_utils
[3.828s] Invoking command in '/home/ros2/ros2_rc/src/build/nav_2d_utils': AMENT_PREFIX_PATH=/home/ros2/ros2_rc/src/install/nav2_util:/home/ros2/ros2_rc/src/install/nav2_msgs:/home/ros2/ros2_rc/src/install/nav_2d_msgs:/home/ros2/ros2_rc/src/install/nav2_common:${AMENT_PREFIX_PATH} CMAKE_PREFIX_PATH=/home/ros2/ros2_rc/src/install/nav2_util:/home/ros2/ros2_rc/src/install/nav2_msgs:/home/ros2/ros2_rc/src/install/nav_2d_msgs:/home/ros2/ros2_rc/src/install/nav2_common:/home/ros2/ros2_rc/install/dwb_msgs:/home/ros2/ros2_rc/install/nav_2d_msgs:/home/ros2/ros2_rc/install/nav2_voxel_grid:/home/ros2/ros2_rc/install/nav2_msgs:/home/ros2/ros2_rc/install/nav2_common:/home/ros2/ros2_rc/install/smartcar_msgs:/home/ros2/ros2_rc/install/smart_car:/home/ros2/ros2_rc/install/ros2_rc:/home/ros2/ros2_rc/install/car_gazebo_plugin:/home/ros2/ros2_rc/src/install/smartcar_msgs:/home/ros2/ros2_rc/src/install/smart_car:/home/ros2/ros2_rc/src/install/ros2_rc:/home/ros2/ros2_rc/src/install/car_gazebo_plugin:/home/ros2/ros2_rc/install/nav2_simple_commander:/opt/ros/humble LD_LIBRARY_PATH=/home/ros2/ros2_rc/src/install/nav2_util/lib:/home/ros2/ros2_rc/src/install/nav2_msgs/lib:/home/ros2/ros2_rc/src/install/nav_2d_msgs/lib:/home/ros2/ros2_rc/install/dwb_msgs/lib:/home/ros2/ros2_rc/install/nav_2d_msgs/lib:/home/ros2/ros2_rc/install/nav2_voxel_grid/lib:/home/ros2/ros2_rc/install/nav2_msgs/lib:/home/ros2/ros2_rc/install/smartcar_msgs/lib:/home/ros2/ros2_rc/install/car_gazebo_plugin/lib:/home/ros2/ros2_rc/src/install/smartcar_msgs/lib:/home/ros2/ros2_rc/src/install/car_gazebo_plugin/lib:/usr/lib/x86_64-linux-gnu/gazebo-11/plugins:/opt/ros/humble/opt/rviz_ogre_vendor/lib:/opt/ros/humble/lib/x86_64-linux-gnu:/opt/ros/humble/lib:/usr/lib/x86_64-linux-gnu/gazebo-11/plugins PYTHONPATH=/home/ros2/ros2_rc/src/install/nav2_msgs/local/lib/python3.10/dist-packages:/home/ros2/ros2_rc/src/install/nav_2d_msgs/local/lib/python3.10/dist-packages:/home/ros2/ros2_rc/src/install/nav2_common/local/lib/python3.10/dist-packages:${PYTHONPATH} /usr/bin/cmake --build /home/ros2/ros2_rc/src/build/nav_2d_utils -- -j9 -l9
[4.059s] [  6%] [32mBuilding CXX object gtest/CMakeFiles/gtest.dir/src/gtest-all.cc.o[0m
[4.091s] [ 12%] [32mBuilding CXX object CMakeFiles/path_ops.dir/src/path_ops.cpp.o[0m
[4.114s] [ 18%] [32mBuilding CXX object gtest/CMakeFiles/gtest_main.dir/src/gtest_main.cc.o[0m
[4.161s] [ 25%] [32mBuilding CXX object CMakeFiles/conversions.dir/src/conversions.cpp.o[0m
[4.707s] [ 31%] [32m[1mLinking CXX static library libgtest_main.a[0m
[4.707s] [ 37%] [32m[1mLinking CXX static library libgtest.a[0m
[4.818s] [ 37%] Built target gtest
[4.978s] [ 37%] Built target gtest_main
[7.130s] [ 43%] [32m[1mLinking CXX shared library libpath_ops.so[0m
[14.400s] [ 50%] [32m[1mLinking CXX shared library libconversions.so[0m
[15.353s] [ 50%] Built target conversions
[15.598s] [ 62%] [32mBuilding CXX object test/CMakeFiles/2d_utils_tests.dir/2d_utils_test.cpp.o[0m
[15.598s] [ 62%] [32mBuilding CXX object CMakeFiles/tf_help.dir/src/tf_help.cpp.o[0m
[16.616s] [ 62%] Built target path_ops
[16.819s] [ 68%] [32mBuilding CXX object test/CMakeFiles/path_ops_tests.dir/path_ops_test.cpp.o[0m
[21.492s] [ 75%] [32m[1mLinking CXX executable path_ops_tests[0m
[25.058s] [ 75%] Built target path_ops_tests
[34.705s] [ 81%] [32m[1mLinking CXX shared library libtf_help.so[0m
[40.704s] [ 87%] [32m[1mLinking CXX executable 2d_utils_tests[0m
[40.742s] [ 87%] Built target tf_help
[50.637s] [ 87%] Built target 2d_utils_tests
[50.758s] [ 93%] [32mBuilding CXX object test/CMakeFiles/tf_help_tests.dir/tf_help_test.cpp.o[0m
[71.650s] [100%] [32m[1mLinking CXX executable tf_help_tests[0m
[72.581s] [100%] Built target tf_help_tests
[73.309s] Invoked command in '/home/ros2/ros2_rc/src/build/nav_2d_utils' returned '0': AMENT_PREFIX_PATH=/home/ros2/ros2_rc/src/install/nav2_util:/home/ros2/ros2_rc/src/install/nav2_msgs:/home/ros2/ros2_rc/src/install/nav_2d_msgs:/home/ros2/ros2_rc/src/install/nav2_common:${AMENT_PREFIX_PATH} CMAKE_PREFIX_PATH=/home/ros2/ros2_rc/src/install/nav2_util:/home/ros2/ros2_rc/src/install/nav2_msgs:/home/ros2/ros2_rc/src/install/nav_2d_msgs:/home/ros2/ros2_rc/src/install/nav2_common:/home/ros2/ros2_rc/install/dwb_msgs:/home/ros2/ros2_rc/install/nav_2d_msgs:/home/ros2/ros2_rc/install/nav2_voxel_grid:/home/ros2/ros2_rc/install/nav2_msgs:/home/ros2/ros2_rc/install/nav2_common:/home/ros2/ros2_rc/install/smartcar_msgs:/home/ros2/ros2_rc/install/smart_car:/home/ros2/ros2_rc/install/ros2_rc:/home/ros2/ros2_rc/install/car_gazebo_plugin:/home/ros2/ros2_rc/src/install/smartcar_msgs:/home/ros2/ros2_rc/src/install/smart_car:/home/ros2/ros2_rc/src/install/ros2_rc:/home/ros2/ros2_rc/src/install/car_gazebo_plugin:/home/ros2/ros2_rc/install/nav2_simple_commander:/opt/ros/humble LD_LIBRARY_PATH=/home/ros2/ros2_rc/src/install/nav2_util/lib:/home/ros2/ros2_rc/src/install/nav2_msgs/lib:/home/ros2/ros2_rc/src/install/nav_2d_msgs/lib:/home/ros2/ros2_rc/install/dwb_msgs/lib:/home/ros2/ros2_rc/install/nav_2d_msgs/lib:/home/ros2/ros2_rc/install/nav2_voxel_grid/lib:/home/ros2/ros2_rc/install/nav2_msgs/lib:/home/ros2/ros2_rc/install/smartcar_msgs/lib:/home/ros2/ros2_rc/install/car_gazebo_plugin/lib:/home/ros2/ros2_rc/src/install/smartcar_msgs/lib:/home/ros2/ros2_rc/src/install/car_gazebo_plugin/lib:/usr/lib/x86_64-linux-gnu/gazebo-11/plugins:/opt/ros/humble/opt/rviz_ogre_vendor/lib:/opt/ros/humble/lib/x86_64-linux-gnu:/opt/ros/humble/lib:/usr/lib/x86_64-linux-gnu/gazebo-11/plugins PYTHONPATH=/home/ros2/ros2_rc/src/install/nav2_msgs/local/lib/python3.10/dist-packages:/home/ros2/ros2_rc/src/install/nav_2d_msgs/local/lib/python3.10/dist-packages:/home/ros2/ros2_rc/src/install/nav2_common/local/lib/python3.10/dist-packages:${PYTHONPATH} /usr/bin/cmake --build /home/ros2/ros2_rc/src/build/nav_2d_utils -- -j9 -l9
[73.632s] Invoking command in '/home/ros2/ros2_rc/src/build/nav_2d_utils': AMENT_PREFIX_PATH=/home/ros2/ros2_rc/src/install/nav2_util:/home/ros2/ros2_rc/src/install/nav2_msgs:/home/ros2/ros2_rc/src/install/nav_2d_msgs:/home/ros2/ros2_rc/src/install/nav2_common:${AMENT_PREFIX_PATH} CMAKE_PREFIX_PATH=/home/ros2/ros2_rc/src/install/nav2_util:/home/ros2/ros2_rc/src/install/nav2_msgs:/home/ros2/ros2_rc/src/install/nav_2d_msgs:/home/ros2/ros2_rc/src/install/nav2_common:/home/ros2/ros2_rc/install/dwb_msgs:/home/ros2/ros2_rc/install/nav_2d_msgs:/home/ros2/ros2_rc/install/nav2_voxel_grid:/home/ros2/ros2_rc/install/nav2_msgs:/home/ros2/ros2_rc/install/nav2_common:/home/ros2/ros2_rc/install/smartcar_msgs:/home/ros2/ros2_rc/install/smart_car:/home/ros2/ros2_rc/install/ros2_rc:/home/ros2/ros2_rc/install/car_gazebo_plugin:/home/ros2/ros2_rc/src/install/smartcar_msgs:/home/ros2/ros2_rc/src/install/smart_car:/home/ros2/ros2_rc/src/install/ros2_rc:/home/ros2/ros2_rc/src/install/car_gazebo_plugin:/home/ros2/ros2_rc/install/nav2_simple_commander:/opt/ros/humble LD_LIBRARY_PATH=/home/ros2/ros2_rc/src/install/nav2_util/lib:/home/ros2/ros2_rc/src/install/nav2_msgs/lib:/home/ros2/ros2_rc/src/install/nav_2d_msgs/lib:/home/ros2/ros2_rc/install/dwb_msgs/lib:/home/ros2/ros2_rc/install/nav_2d_msgs/lib:/home/ros2/ros2_rc/install/nav2_voxel_grid/lib:/home/ros2/ros2_rc/install/nav2_msgs/lib:/home/ros2/ros2_rc/install/smartcar_msgs/lib:/home/ros2/ros2_rc/install/car_gazebo_plugin/lib:/home/ros2/ros2_rc/src/install/smartcar_msgs/lib:/home/ros2/ros2_rc/src/install/car_gazebo_plugin/lib:/usr/lib/x86_64-linux-gnu/gazebo-11/plugins:/opt/ros/humble/opt/rviz_ogre_vendor/lib:/opt/ros/humble/lib/x86_64-linux-gnu:/opt/ros/humble/lib:/usr/lib/x86_64-linux-gnu/gazebo-11/plugins PYTHONPATH=/home/ros2/ros2_rc/src/install/nav2_msgs/local/lib/python3.10/dist-packages:/home/ros2/ros2_rc/src/install/nav_2d_msgs/local/lib/python3.10/dist-packages:/home/ros2/ros2_rc/src/install/nav2_common/local/lib/python3.10/dist-packages:${PYTHONPATH} /usr/bin/cmake --install /home/ros2/ros2_rc/src/build/nav_2d_utils
[73.663s] -- Install configuration: "Release"
[73.666s] -- Installing: /home/ros2/ros2_rc/src/install/nav_2d_utils/lib/libconversions.so
[73.667s] -- Set runtime path of "/home/ros2/ros2_rc/src/install/nav_2d_utils/lib/libconversions.so" to ""
[73.668s] -- Installing: /home/ros2/ros2_rc/src/install/nav_2d_utils/lib/libpath_ops.so
[73.670s] -- Set runtime path of "/home/ros2/ros2_rc/src/install/nav_2d_utils/lib/libpath_ops.so" to ""
[73.670s] -- Installing: /home/ros2/ros2_rc/src/install/nav_2d_utils/lib/libtf_help.so
[73.670s] -- Set runtime path of "/home/ros2/ros2_rc/src/install/nav_2d_utils/lib/libtf_help.so" to ""
[73.673s] -- Installing: /home/ros2/ros2_rc/src/install/nav_2d_utils/include/
[73.673s] -- Installing: /home/ros2/ros2_rc/src/install/nav_2d_utils/include//nav_2d_utils
[73.673s] -- Installing: /home/ros2/ros2_rc/src/install/nav_2d_utils/include//nav_2d_utils/conversions.hpp
[73.673s] -- Installing: /home/ros2/ros2_rc/src/install/nav_2d_utils/include//nav_2d_utils/odom_subscriber.hpp
[73.677s] -- Installing: /home/ros2/ros2_rc/src/install/nav_2d_utils/include//nav_2d_utils/parameters.hpp
[73.677s] -- Installing: /home/ros2/ros2_rc/src/install/nav_2d_utils/include//nav_2d_utils/path_ops.hpp
[73.677s] -- Installing: /home/ros2/ros2_rc/src/install/nav_2d_utils/include//nav_2d_utils/tf_help.hpp
[73.680s] -- Installing: /home/ros2/ros2_rc/src/install/nav_2d_utils/share/nav_2d_utils/environment/library_path.sh
[73.684s] -- Installing: /home/ros2/ros2_rc/src/install/nav_2d_utils/share/nav_2d_utils/environment/library_path.dsv
[73.689s] -- Installing: /home/ros2/ros2_rc/src/install/nav_2d_utils/share/ament_index/resource_index/package_run_dependencies/nav_2d_utils
[73.696s] -- Installing: /home/ros2/ros2_rc/src/install/nav_2d_utils/share/ament_index/resource_index/parent_prefix_path/nav_2d_utils
[73.701s] -- Installing: /home/ros2/ros2_rc/src/install/nav_2d_utils/share/nav_2d_utils/environment/ament_prefix_path.sh
[73.702s] -- Installing: /home/ros2/ros2_rc/src/install/nav_2d_utils/share/nav_2d_utils/environment/ament_prefix_path.dsv
[73.702s] -- Installing: /home/ros2/ros2_rc/src/install/nav_2d_utils/share/nav_2d_utils/environment/path.sh
[73.704s] -- Installing: /home/ros2/ros2_rc/src/install/nav_2d_utils/share/nav_2d_utils/environment/path.dsv
[73.704s] -- Installing: /home/ros2/ros2_rc/src/install/nav_2d_utils/share/nav_2d_utils/local_setup.bash
[73.706s] -- Installing: /home/ros2/ros2_rc/src/install/nav_2d_utils/share/nav_2d_utils/local_setup.sh
[73.707s] -- Installing: /home/ros2/ros2_rc/src/install/nav_2d_utils/share/nav_2d_utils/local_setup.zsh
[73.707s] -- Installing: /home/ros2/ros2_rc/src/install/nav_2d_utils/share/nav_2d_utils/local_setup.dsv
[73.709s] -- Installing: /home/ros2/ros2_rc/src/install/nav_2d_utils/share/nav_2d_utils/package.dsv
[73.710s] -- Installing: /home/ros2/ros2_rc/src/install/nav_2d_utils/share/ament_index/resource_index/packages/nav_2d_utils
[73.712s] -- Installing: /home/ros2/ros2_rc/src/install/nav_2d_utils/share/nav_2d_utils/cmake/ament_cmake_export_include_directories-extras.cmake
[73.712s] -- Installing: /home/ros2/ros2_rc/src/install/nav_2d_utils/share/nav_2d_utils/cmake/ament_cmake_export_libraries-extras.cmake
[73.717s] -- Installing: /home/ros2/ros2_rc/src/install/nav_2d_utils/share/nav_2d_utils/cmake/ament_cmake_export_dependencies-extras.cmake
[73.719s] -- Installing: /home/ros2/ros2_rc/src/install/nav_2d_utils/share/nav_2d_utils/cmake/nav_2d_utilsConfig.cmake
[73.719s] -- Installing: /home/ros2/ros2_rc/src/install/nav_2d_utils/share/nav_2d_utils/cmake/nav_2d_utilsConfig-version.cmake
[73.719s] -- Installing: /home/ros2/ros2_rc/src/install/nav_2d_utils/share/nav_2d_utils/package.xml
[73.814s] Invoked command in '/home/ros2/ros2_rc/src/build/nav_2d_utils' returned '0': AMENT_PREFIX_PATH=/home/ros2/ros2_rc/src/install/nav2_util:/home/ros2/ros2_rc/src/install/nav2_msgs:/home/ros2/ros2_rc/src/install/nav_2d_msgs:/home/ros2/ros2_rc/src/install/nav2_common:${AMENT_PREFIX_PATH} CMAKE_PREFIX_PATH=/home/ros2/ros2_rc/src/install/nav2_util:/home/ros2/ros2_rc/src/install/nav2_msgs:/home/ros2/ros2_rc/src/install/nav_2d_msgs:/home/ros2/ros2_rc/src/install/nav2_common:/home/ros2/ros2_rc/install/dwb_msgs:/home/ros2/ros2_rc/install/nav_2d_msgs:/home/ros2/ros2_rc/install/nav2_voxel_grid:/home/ros2/ros2_rc/install/nav2_msgs:/home/ros2/ros2_rc/install/nav2_common:/home/ros2/ros2_rc/install/smartcar_msgs:/home/ros2/ros2_rc/install/smart_car:/home/ros2/ros2_rc/install/ros2_rc:/home/ros2/ros2_rc/install/car_gazebo_plugin:/home/ros2/ros2_rc/src/install/smartcar_msgs:/home/ros2/ros2_rc/src/install/smart_car:/home/ros2/ros2_rc/src/install/ros2_rc:/home/ros2/ros2_rc/src/install/car_gazebo_plugin:/home/ros2/ros2_rc/install/nav2_simple_commander:/opt/ros/humble LD_LIBRARY_PATH=/home/ros2/ros2_rc/src/install/nav2_util/lib:/home/ros2/ros2_rc/src/install/nav2_msgs/lib:/home/ros2/ros2_rc/src/install/nav_2d_msgs/lib:/home/ros2/ros2_rc/install/dwb_msgs/lib:/home/ros2/ros2_rc/install/nav_2d_msgs/lib:/home/ros2/ros2_rc/install/nav2_voxel_grid/lib:/home/ros2/ros2_rc/install/nav2_msgs/lib:/home/ros2/ros2_rc/install/smartcar_msgs/lib:/home/ros2/ros2_rc/install/car_gazebo_plugin/lib:/home/ros2/ros2_rc/src/install/smartcar_msgs/lib:/home/ros2/ros2_rc/src/install/car_gazebo_plugin/lib:/usr/lib/x86_64-linux-gnu/gazebo-11/plugins:/opt/ros/humble/opt/rviz_ogre_vendor/lib:/opt/ros/humble/lib/x86_64-linux-gnu:/opt/ros/humble/lib:/usr/lib/x86_64-linux-gnu/gazebo-11/plugins PYTHONPATH=/home/ros2/ros2_rc/src/install/nav2_msgs/local/lib/python3.10/dist-packages:/home/ros2/ros2_rc/src/install/nav_2d_msgs/local/lib/python3.10/dist-packages:/home/ros2/ros2_rc/src/install/nav2_common/local/lib/python3.10/dist-packages:${PYTHONPATH} /usr/bin/cmake --install /home/ros2/ros2_rc/src/build/nav_2d_utils
