[0.032s] Invoking command in '/home/ros2/ros2_rc/src/build/nav2_voxel_grid': AMENT_PREFIX_PATH=/home/ros2/ros2_rc/src/install/nav2_common:${AMENT_PREFIX_PATH} CMAKE_PREFIX_PATH=/home/ros2/ros2_rc/src/install/nav2_common:/home/ros2/ros2_rc/install/dwb_msgs:/home/ros2/ros2_rc/install/nav_2d_msgs:/home/ros2/ros2_rc/install/nav2_voxel_grid:/home/ros2/ros2_rc/install/nav2_msgs:/home/ros2/ros2_rc/install/nav2_common:/home/ros2/ros2_rc/install/smartcar_msgs:/home/ros2/ros2_rc/install/smart_car:/home/ros2/ros2_rc/install/ros2_rc:/home/ros2/ros2_rc/install/car_gazebo_plugin:/home/ros2/ros2_rc/src/install/smartcar_msgs:/home/ros2/ros2_rc/src/install/smart_car:/home/ros2/ros2_rc/src/install/ros2_rc:/home/ros2/ros2_rc/src/install/car_gazebo_plugin:/home/ros2/ros2_rc/install/nav2_simple_commander:/opt/ros/humble PYTHONPATH=/home/ros2/ros2_rc/src/install/nav2_common/local/lib/python3.10/dist-packages:${PYTHONPATH} /usr/bin/cmake /home/ros2/ros2_rc/src/navigation2/nav2_voxel_grid -DCMAKE_INSTALL_PREFIX=/home/ros2/ros2_rc/src/install/nav2_voxel_grid
[0.181s] -- The C compiler identification is GNU 11.4.0
[0.361s] -- The CXX compiler identification is GNU 11.4.0
[0.381s] -- Detecting C compiler ABI info
[0.528s] -- Detecting C compiler ABI info - done
[0.542s] -- Check for working C compiler: /usr/lib/ccache/gcc - skipped
[0.542s] -- Detecting C compile features
[0.546s] -- Detecting C compile features - done
[0.549s] -- Detecting CXX compiler ABI info
[0.724s] -- Detecting CXX compiler ABI info - done
[0.747s] -- Check for working CXX compiler: /usr/lib/ccache/g++ - skipped
[0.747s] -- Detecting CXX compile features
[0.748s] -- Detecting CXX compile features - done
[0.768s] -- Found ament_cmake: 1.3.10 (/opt/ros/humble/share/ament_cmake/cmake)
[1.115s] -- Found Python3: /usr/bin/python3 (found version "3.10.12") found components: Interpreter 
[1.380s] -- Found nav2_common: 1.1.16 (/home/ros2/ros2_rc/src/install/nav2_common/share/nav2_common/cmake)
[1.384s] -- Found rclcpp: 16.0.10 (/opt/ros/humble/share/rclcpp/cmake)
[1.573s] -- Found rosidl_generator_c: 3.1.5 (/opt/ros/humble/share/rosidl_generator_c/cmake)
[1.588s] -- Found rosidl_adapter: 3.1.5 (/opt/ros/humble/share/rosidl_adapter/cmake)
[1.625s] -- Found rosidl_generator_cpp: 3.1.5 (/opt/ros/humble/share/rosidl_generator_cpp/cmake)
[1.656s] -- Using all available rosidl_typesupport_c: rosidl_typesupport_fastrtps_c;rosidl_typesupport_introspection_c
[1.699s] -- Using all available rosidl_typesupport_cpp: rosidl_typesupport_fastrtps_cpp;rosidl_typesupport_introspection_cpp
[1.889s] -- Found rmw_implementation_cmake: 6.1.2 (/opt/ros/humble/share/rmw_implementation_cmake/cmake)
[1.908s] -- Found rmw_cyclonedds_cpp: 1.3.4 (/opt/ros/humble/share/rmw_cyclonedds_cpp/cmake)
[2.073s] -- Using RMW implementation 'rmw_cyclonedds_cpp' as default
[2.112s] -- Looking for pthread.h
[2.354s] -- Looking for pthread.h - found
[2.355s] -- Performing Test CMAKE_HAVE_LIBC_PTHREAD
[2.618s] -- Performing Test CMAKE_HAVE_LIBC_PTHREAD - Success
[2.620s] -- Found Threads: TRUE  
[2.872s] -- Setting build type to Release as none was specified.
[2.882s] -- Found ament_lint_auto: 0.12.11 (/opt/ros/humble/share/ament_lint_auto/cmake)
[3.182s] -- Found gtest sources under '/opt/ros/humble/src/gtest_vendor': C++ tests using 'Google Test' will be built
[3.207s] -- Added test 'cppcheck' to perform static code analysis on C / C++ code
[3.207s] -- Configured cppcheck include dirs: /home/ros2/ros2_rc/src/navigation2/nav2_voxel_grid/include
[3.208s] -- Configured cppcheck exclude dirs and/or files: 
[3.208s] -- Added test 'cpplint' to check C / C++ code against the Google style
[3.208s] -- Configured cpplint exclude dirs and/or files: 
[3.210s] -- Added test 'lint_cmake' to check CMake code style
[3.220s] -- Added test 'uncrustify' to check C / C++ code style
[3.221s] -- Configured uncrustify additional arguments: 
[3.221s] -- Added test 'xmllint' to check XML markup files
[3.228s] -- Configuring done
[3.357s] -- Generating done
[3.357s] -- Build files have been written to: /home/ros2/ros2_rc/src/build/nav2_voxel_grid
[3.412s] Invoked command in '/home/ros2/ros2_rc/src/build/nav2_voxel_grid' returned '0': AMENT_PREFIX_PATH=/home/ros2/ros2_rc/src/install/nav2_common:${AMENT_PREFIX_PATH} CMAKE_PREFIX_PATH=/home/ros2/ros2_rc/src/install/nav2_common:/home/ros2/ros2_rc/install/dwb_msgs:/home/ros2/ros2_rc/install/nav_2d_msgs:/home/ros2/ros2_rc/install/nav2_voxel_grid:/home/ros2/ros2_rc/install/nav2_msgs:/home/ros2/ros2_rc/install/nav2_common:/home/ros2/ros2_rc/install/smartcar_msgs:/home/ros2/ros2_rc/install/smart_car:/home/ros2/ros2_rc/install/ros2_rc:/home/ros2/ros2_rc/install/car_gazebo_plugin:/home/ros2/ros2_rc/src/install/smartcar_msgs:/home/ros2/ros2_rc/src/install/smart_car:/home/ros2/ros2_rc/src/install/ros2_rc:/home/ros2/ros2_rc/src/install/car_gazebo_plugin:/home/ros2/ros2_rc/install/nav2_simple_commander:/opt/ros/humble PYTHONPATH=/home/ros2/ros2_rc/src/install/nav2_common/local/lib/python3.10/dist-packages:${PYTHONPATH} /usr/bin/cmake /home/ros2/ros2_rc/src/navigation2/nav2_voxel_grid -DCMAKE_INSTALL_PREFIX=/home/ros2/ros2_rc/src/install/nav2_voxel_grid
[3.414s] Invoking command in '/home/ros2/ros2_rc/src/build/nav2_voxel_grid': AMENT_PREFIX_PATH=/home/ros2/ros2_rc/src/install/nav2_common:${AMENT_PREFIX_PATH} CMAKE_PREFIX_PATH=/home/ros2/ros2_rc/src/install/nav2_common:/home/ros2/ros2_rc/install/dwb_msgs:/home/ros2/ros2_rc/install/nav_2d_msgs:/home/ros2/ros2_rc/install/nav2_voxel_grid:/home/ros2/ros2_rc/install/nav2_msgs:/home/ros2/ros2_rc/install/nav2_common:/home/ros2/ros2_rc/install/smartcar_msgs:/home/ros2/ros2_rc/install/smart_car:/home/ros2/ros2_rc/install/ros2_rc:/home/ros2/ros2_rc/install/car_gazebo_plugin:/home/ros2/ros2_rc/src/install/smartcar_msgs:/home/ros2/ros2_rc/src/install/smart_car:/home/ros2/ros2_rc/src/install/ros2_rc:/home/ros2/ros2_rc/src/install/car_gazebo_plugin:/home/ros2/ros2_rc/install/nav2_simple_commander:/opt/ros/humble PYTHONPATH=/home/ros2/ros2_rc/src/install/nav2_common/local/lib/python3.10/dist-packages:${PYTHONPATH} /usr/bin/cmake --build /home/ros2/ros2_rc/src/build/nav2_voxel_grid -- -j9 -l9
[3.611s] [ 10%] [32mBuilding CXX object CMakeFiles/voxel_grid.dir/src/voxel_grid.cpp.o[0m
[3.648s] [ 20%] [32mBuilding CXX object gtest/CMakeFiles/gtest.dir/src/gtest-all.cc.o[0m
[3.662s] [ 30%] [32mBuilding CXX object gtest/CMakeFiles/gtest_main.dir/src/gtest_main.cc.o[0m
[3.690s] [ 40%] [32m[1mLinking CXX shared library libvoxel_grid.so[0m
[3.732s] [ 50%] [32m[1mLinking CXX static library libgtest_main.a[0m
[3.749s] [ 60%] [32m[1mLinking CXX static library libgtest.a[0m
[3.856s] [ 60%] Built target gtest_main
[3.966s] [ 60%] Built target gtest
[4.338s] [ 60%] Built target voxel_grid
[4.430s] [ 70%] [32mBuilding CXX object test/CMakeFiles/voxel_grid_tests.dir/voxel_grid_tests.cpp.o[0m
[4.458s] [ 80%] [32mBuilding CXX object test/CMakeFiles/voxel_grid_bresenham_3d.dir/voxel_grid_bresenham_3d.cpp.o[0m
[4.614s] [ 90%] [32m[1mLinking CXX executable voxel_grid_bresenham_3d[0m
[4.621s] [100%] [32m[1mLinking CXX executable voxel_grid_tests[0m
[5.503s] [100%] Built target voxel_grid_bresenham_3d
[5.535s] [100%] Built target voxel_grid_tests
[5.601s] Invoked command in '/home/ros2/ros2_rc/src/build/nav2_voxel_grid' returned '0': AMENT_PREFIX_PATH=/home/ros2/ros2_rc/src/install/nav2_common:${AMENT_PREFIX_PATH} CMAKE_PREFIX_PATH=/home/ros2/ros2_rc/src/install/nav2_common:/home/ros2/ros2_rc/install/dwb_msgs:/home/ros2/ros2_rc/install/nav_2d_msgs:/home/ros2/ros2_rc/install/nav2_voxel_grid:/home/ros2/ros2_rc/install/nav2_msgs:/home/ros2/ros2_rc/install/nav2_common:/home/ros2/ros2_rc/install/smartcar_msgs:/home/ros2/ros2_rc/install/smart_car:/home/ros2/ros2_rc/install/ros2_rc:/home/ros2/ros2_rc/install/car_gazebo_plugin:/home/ros2/ros2_rc/src/install/smartcar_msgs:/home/ros2/ros2_rc/src/install/smart_car:/home/ros2/ros2_rc/src/install/ros2_rc:/home/ros2/ros2_rc/src/install/car_gazebo_plugin:/home/ros2/ros2_rc/install/nav2_simple_commander:/opt/ros/humble PYTHONPATH=/home/ros2/ros2_rc/src/install/nav2_common/local/lib/python3.10/dist-packages:${PYTHONPATH} /usr/bin/cmake --build /home/ros2/ros2_rc/src/build/nav2_voxel_grid -- -j9 -l9
[5.976s] Invoking command in '/home/ros2/ros2_rc/src/build/nav2_voxel_grid': AMENT_PREFIX_PATH=/home/ros2/ros2_rc/src/install/nav2_common:${AMENT_PREFIX_PATH} CMAKE_PREFIX_PATH=/home/ros2/ros2_rc/src/install/nav2_common:/home/ros2/ros2_rc/install/dwb_msgs:/home/ros2/ros2_rc/install/nav_2d_msgs:/home/ros2/ros2_rc/install/nav2_voxel_grid:/home/ros2/ros2_rc/install/nav2_msgs:/home/ros2/ros2_rc/install/nav2_common:/home/ros2/ros2_rc/install/smartcar_msgs:/home/ros2/ros2_rc/install/smart_car:/home/ros2/ros2_rc/install/ros2_rc:/home/ros2/ros2_rc/install/car_gazebo_plugin:/home/ros2/ros2_rc/src/install/smartcar_msgs:/home/ros2/ros2_rc/src/install/smart_car:/home/ros2/ros2_rc/src/install/ros2_rc:/home/ros2/ros2_rc/src/install/car_gazebo_plugin:/home/ros2/ros2_rc/install/nav2_simple_commander:/opt/ros/humble PYTHONPATH=/home/ros2/ros2_rc/src/install/nav2_common/local/lib/python3.10/dist-packages:${PYTHONPATH} /usr/bin/cmake --install /home/ros2/ros2_rc/src/build/nav2_voxel_grid
[6.068s] -- Install configuration: "Release"
[6.069s] -- Installing: /home/ros2/ros2_rc/src/install/nav2_voxel_grid/lib/libvoxel_grid.so
[6.070s] -- Set runtime path of "/home/ros2/ros2_rc/src/install/nav2_voxel_grid/lib/libvoxel_grid.so" to ""
[6.071s] -- Installing: /home/ros2/ros2_rc/src/install/nav2_voxel_grid/include
[6.072s] -- Installing: /home/ros2/ros2_rc/src/install/nav2_voxel_grid/include/nav2_voxel_grid
[6.073s] -- Installing: /home/ros2/ros2_rc/src/install/nav2_voxel_grid/include/nav2_voxel_grid/voxel_grid.hpp
[6.077s] -- Installing: /home/ros2/ros2_rc/src/install/nav2_voxel_grid/share/nav2_voxel_grid/environment/library_path.sh
[6.079s] -- Installing: /home/ros2/ros2_rc/src/install/nav2_voxel_grid/share/nav2_voxel_grid/environment/library_path.dsv
[6.080s] -- Installing: /home/ros2/ros2_rc/src/install/nav2_voxel_grid/share/ament_index/resource_index/package_run_dependencies/nav2_voxel_grid
[6.081s] -- Installing: /home/ros2/ros2_rc/src/install/nav2_voxel_grid/share/ament_index/resource_index/parent_prefix_path/nav2_voxel_grid
[6.086s] -- Installing: /home/ros2/ros2_rc/src/install/nav2_voxel_grid/share/nav2_voxel_grid/environment/ament_prefix_path.sh
[6.087s] -- Installing: /home/ros2/ros2_rc/src/install/nav2_voxel_grid/share/nav2_voxel_grid/environment/ament_prefix_path.dsv
[6.087s] -- Installing: /home/ros2/ros2_rc/src/install/nav2_voxel_grid/share/nav2_voxel_grid/environment/path.sh
[6.087s] -- Installing: /home/ros2/ros2_rc/src/install/nav2_voxel_grid/share/nav2_voxel_grid/environment/path.dsv
[6.087s] -- Installing: /home/ros2/ros2_rc/src/install/nav2_voxel_grid/share/nav2_voxel_grid/local_setup.bash
[6.087s] -- Installing: /home/ros2/ros2_rc/src/install/nav2_voxel_grid/share/nav2_voxel_grid/local_setup.sh
[6.087s] -- Installing: /home/ros2/ros2_rc/src/install/nav2_voxel_grid/share/nav2_voxel_grid/local_setup.zsh
[6.087s] -- Installing: /home/ros2/ros2_rc/src/install/nav2_voxel_grid/share/nav2_voxel_grid/local_setup.dsv
[6.087s] -- Installing: /home/ros2/ros2_rc/src/install/nav2_voxel_grid/share/nav2_voxel_grid/package.dsv
[6.087s] -- Installing: /home/ros2/ros2_rc/src/install/nav2_voxel_grid/share/ament_index/resource_index/packages/nav2_voxel_grid
[6.088s] -- Installing: /home/ros2/ros2_rc/src/install/nav2_voxel_grid/share/nav2_voxel_grid/cmake/ament_cmake_export_dependencies-extras.cmake
[6.088s] -- Installing: /home/ros2/ros2_rc/src/install/nav2_voxel_grid/share/nav2_voxel_grid/cmake/ament_cmake_export_include_directories-extras.cmake
[6.088s] -- Installing: /home/ros2/ros2_rc/src/install/nav2_voxel_grid/share/nav2_voxel_grid/cmake/ament_cmake_export_libraries-extras.cmake
[6.088s] -- Installing: /home/ros2/ros2_rc/src/install/nav2_voxel_grid/share/nav2_voxel_grid/cmake/nav2_voxel_gridConfig.cmake
[6.088s] -- Installing: /home/ros2/ros2_rc/src/install/nav2_voxel_grid/share/nav2_voxel_grid/cmake/nav2_voxel_gridConfig-version.cmake
[6.088s] -- Installing: /home/ros2/ros2_rc/src/install/nav2_voxel_grid/share/nav2_voxel_grid/package.xml
[6.088s] Invoked command in '/home/ros2/ros2_rc/src/build/nav2_voxel_grid' returned '0': AMENT_PREFIX_PATH=/home/ros2/ros2_rc/src/install/nav2_common:${AMENT_PREFIX_PATH} CMAKE_PREFIX_PATH=/home/ros2/ros2_rc/src/install/nav2_common:/home/ros2/ros2_rc/install/dwb_msgs:/home/ros2/ros2_rc/install/nav_2d_msgs:/home/ros2/ros2_rc/install/nav2_voxel_grid:/home/ros2/ros2_rc/install/nav2_msgs:/home/ros2/ros2_rc/install/nav2_common:/home/ros2/ros2_rc/install/smartcar_msgs:/home/ros2/ros2_rc/install/smart_car:/home/ros2/ros2_rc/install/ros2_rc:/home/ros2/ros2_rc/install/car_gazebo_plugin:/home/ros2/ros2_rc/src/install/smartcar_msgs:/home/ros2/ros2_rc/src/install/smart_car:/home/ros2/ros2_rc/src/install/ros2_rc:/home/ros2/ros2_rc/src/install/car_gazebo_plugin:/home/ros2/ros2_rc/install/nav2_simple_commander:/opt/ros/humble PYTHONPATH=/home/ros2/ros2_rc/src/install/nav2_common/local/lib/python3.10/dist-packages:${PYTHONPATH} /usr/bin/cmake --install /home/ros2/ros2_rc/src/build/nav2_voxel_grid
