[0.123s] Invoking command in '/home/ros2/ros2_rc/src/build/ros2_rc': CMAKE_PREFIX_PATH=${CMAKE_PREFIX_PATH}:/home/ros2/ros2_rc/src/install/nav2_simple_commander:/home/ros2/ros2_rc/install/nav2_simple_commander:/opt/ros/humble /usr/bin/cmake --build /home/ros2/ros2_rc/src/build/ros2_rc -- -j10 -l10
[0.410s] Invoked command in '/home/ros2/ros2_rc/src/build/ros2_rc' returned '0': CMAKE_PREFIX_PATH=${CMAKE_PREFIX_PATH}:/home/ros2/ros2_rc/src/install/nav2_simple_commander:/home/ros2/ros2_rc/install/nav2_simple_commander:/opt/ros/humble /usr/bin/cmake --build /home/ros2/ros2_rc/src/build/ros2_rc -- -j10 -l10
[0.623s] Invoking command in '/home/ros2/ros2_rc/src/build/ros2_rc': CMAKE_PREFIX_PATH=${CMAKE_PREFIX_PATH}:/home/ros2/ros2_rc/src/install/nav2_simple_commander:/home/ros2/ros2_rc/install/nav2_simple_commander:/opt/ros/humble /usr/bin/cmake --install /home/ros2/ros2_rc/src/build/ros2_rc
[0.652s] -- Install configuration: ""
[0.654s] -- Up-to-date: /home/ros2/ros2_rc/src/install/ros2_rc/share/ament_index/resource_index/package_run_dependencies/ros2_rc
[0.654s] -- Up-to-date: /home/ros2/ros2_rc/src/install/ros2_rc/share/ament_index/resource_index/parent_prefix_path/ros2_rc
[0.654s] -- Up-to-date: /home/ros2/ros2_rc/src/install/ros2_rc/share/ros2_rc/environment/ament_prefix_path.sh
[0.654s] -- Up-to-date: /home/ros2/ros2_rc/src/install/ros2_rc/share/ros2_rc/environment/ament_prefix_path.dsv
[0.654s] -- Up-to-date: /home/ros2/ros2_rc/src/install/ros2_rc/share/ros2_rc/environment/path.sh
[0.654s] -- Up-to-date: /home/ros2/ros2_rc/src/install/ros2_rc/share/ros2_rc/environment/path.dsv
[0.654s] -- Up-to-date: /home/ros2/ros2_rc/src/install/ros2_rc/share/ros2_rc/local_setup.bash
[0.655s] -- Up-to-date: /home/ros2/ros2_rc/src/install/ros2_rc/share/ros2_rc/local_setup.sh
[0.655s] -- Up-to-date: /home/ros2/ros2_rc/src/install/ros2_rc/share/ros2_rc/local_setup.zsh
[0.655s] -- Up-to-date: /home/ros2/ros2_rc/src/install/ros2_rc/share/ros2_rc/local_setup.dsv
[0.655s] -- Installing: /home/ros2/ros2_rc/src/install/ros2_rc/share/ros2_rc/package.dsv
[0.655s] -- Up-to-date: /home/ros2/ros2_rc/src/install/ros2_rc/share/ament_index/resource_index/packages/ros2_rc
[0.655s] -- Up-to-date: /home/ros2/ros2_rc/src/install/ros2_rc/share/ros2_rc/cmake/ros2_rcConfig.cmake
[0.655s] -- Up-to-date: /home/ros2/ros2_rc/src/install/ros2_rc/share/ros2_rc/cmake/ros2_rcConfig-version.cmake
[0.655s] -- Up-to-date: /home/ros2/ros2_rc/src/install/ros2_rc/share/ros2_rc/package.xml
[0.680s] Invoked command in '/home/ros2/ros2_rc/src/build/ros2_rc' returned '0': CMAKE_PREFIX_PATH=${CMAKE_PREFIX_PATH}:/home/ros2/ros2_rc/src/install/nav2_simple_commander:/home/ros2/ros2_rc/install/nav2_simple_commander:/opt/ros/humble /usr/bin/cmake --install /home/ros2/ros2_rc/src/build/ros2_rc
