[0.046s] Invoking command in '/home/ros2/ros2_rc/src/build/car_gazebo_plugin': CMAKE_PREFIX_PATH=${CMAKE_PREFIX_PATH}:/opt/ros/humble /usr/bin/cmake --build /home/ros2/ros2_rc/src/build/car_gazebo_plugin -- -j9 -l9
[0.209s] [100%] Built target car_gazebo_plugin
[0.243s] Invoked command in '/home/ros2/ros2_rc/src/build/car_gazebo_plugin' returned '0': CMAKE_PREFIX_PATH=${CMAKE_PREFIX_PATH}:/opt/ros/humble /usr/bin/cmake --build /home/ros2/ros2_rc/src/build/car_gazebo_plugin -- -j9 -l9
[0.337s] Invoking command in '/home/ros2/ros2_rc/src/build/car_gazebo_plugin': CMAKE_PREFIX_PATH=${CMAKE_PREFIX_PATH}:/opt/ros/humble /usr/bin/cmake --install /home/ros2/ros2_rc/src/build/car_gazebo_plugin
[0.354s] -- Install configuration: ""
[0.357s] -- Up-to-date: /home/ros2/ros2_rc/src/install/car_gazebo_plugin/share/car_gazebo_plugin/environment/library_path.sh
[0.357s] -- Up-to-date: /home/ros2/ros2_rc/src/install/car_gazebo_plugin/share/car_gazebo_plugin/environment/library_path.dsv
[0.357s] -- Up-to-date: /home/ros2/ros2_rc/src/install/car_gazebo_plugin/share/ament_index/resource_index/package_run_dependencies/car_gazebo_plugin
[0.357s] -- Up-to-date: /home/ros2/ros2_rc/src/install/car_gazebo_plugin/share/ament_index/resource_index/parent_prefix_path/car_gazebo_plugin
[0.357s] -- Up-to-date: /home/ros2/ros2_rc/src/install/car_gazebo_plugin/share/car_gazebo_plugin/environment/ament_prefix_path.sh
[0.358s] -- Up-to-date: /home/ros2/ros2_rc/src/install/car_gazebo_plugin/share/car_gazebo_plugin/environment/ament_prefix_path.dsv
[0.358s] -- Up-to-date: /home/ros2/ros2_rc/src/install/car_gazebo_plugin/share/car_gazebo_plugin/environment/path.sh
[0.358s] -- Up-to-date: /home/ros2/ros2_rc/src/install/car_gazebo_plugin/share/car_gazebo_plugin/environment/path.dsv
[0.358s] -- Up-to-date: /home/ros2/ros2_rc/src/install/car_gazebo_plugin/share/car_gazebo_plugin/local_setup.bash
[0.358s] -- Up-to-date: /home/ros2/ros2_rc/src/install/car_gazebo_plugin/share/car_gazebo_plugin/local_setup.sh
[0.359s] -- Up-to-date: /home/ros2/ros2_rc/src/install/car_gazebo_plugin/share/car_gazebo_plugin/local_setup.zsh
[0.359s] -- Up-to-date: /home/ros2/ros2_rc/src/install/car_gazebo_plugin/share/car_gazebo_plugin/local_setup.dsv
[0.359s] -- Installing: /home/ros2/ros2_rc/src/install/car_gazebo_plugin/share/car_gazebo_plugin/package.dsv
[0.359s] -- Up-to-date: /home/ros2/ros2_rc/src/install/car_gazebo_plugin/share/ament_index/resource_index/packages/car_gazebo_plugin
[0.359s] -- Up-to-date: /home/ros2/ros2_rc/src/install/car_gazebo_plugin/share/car_gazebo_plugin/cmake/ament_cmake_export_libraries-extras.cmake
[0.359s] -- Up-to-date: /home/ros2/ros2_rc/src/install/car_gazebo_plugin/share/car_gazebo_plugin/cmake/ament_cmake_export_include_directories-extras.cmake
[0.359s] -- Up-to-date: /home/ros2/ros2_rc/src/install/car_gazebo_plugin/share/car_gazebo_plugin/cmake/ament_cmake_export_dependencies-extras.cmake
[0.359s] -- Up-to-date: /home/ros2/ros2_rc/src/install/car_gazebo_plugin/share/car_gazebo_plugin/cmake/car_gazebo_pluginConfig.cmake
[0.359s] -- Up-to-date: /home/ros2/ros2_rc/src/install/car_gazebo_plugin/share/car_gazebo_plugin/cmake/car_gazebo_pluginConfig-version.cmake
[0.360s] -- Up-to-date: /home/ros2/ros2_rc/src/install/car_gazebo_plugin/share/car_gazebo_plugin/package.xml
[0.360s] -- Up-to-date: /home/ros2/ros2_rc/src/install/car_gazebo_plugin/lib/libcar_gazebo_plugin.so
[0.360s] Invoked command in '/home/ros2/ros2_rc/src/build/car_gazebo_plugin' returned '0': CMAKE_PREFIX_PATH=${CMAKE_PREFIX_PATH}:/opt/ros/humble /usr/bin/cmake --install /home/ros2/ros2_rc/src/build/car_gazebo_plugin
