[0.057s] Invoking command in '/home/ros2/ros2_rc/src/build/smartcar_msgs': CMAKE_PREFIX_PATH=${CMAKE_PREFIX_PATH}:/opt/ros/humble /usr/bin/cmake --build /home/ros2/ros2_rc/src/build/smartcar_msgs -- -j9 -l9
[0.155s] [  3%] Built target smartcar_msgs__cpp
[0.180s] [ 12%] Built target smartcar_msgs__rosidl_generator_c
[0.220s] [ 22%] Built target smartcar_msgs__rosidl_typesupport_cpp
[0.229s] [ 32%] Built target smartcar_msgs__rosidl_typesupport_fastrtps_cpp
[0.230s] [ 41%] Built target smartcar_msgs__rosidl_typesupport_fastrtps_c
[0.232s] [ 51%] Built target smartcar_msgs__rosidl_typesupport_introspection_c
[0.254s] [ 51%] Built target ament_cmake_python_copy_smartcar_msgs
[0.254s] [ 61%] Built target smartcar_msgs__rosidl_typesupport_introspection_cpp
[0.255s] [ 70%] Built target smartcar_msgs__rosidl_typesupport_c
[0.290s] [ 70%] Built target smartcar_msgs
[0.326s] [ 74%] Built target smartcar_msgs__py
[0.361s] [ 80%] Built target smartcar_msgs__rosidl_generator_py
[0.392s] [ 87%] Built target smartcar_msgs__rosidl_typesupport_introspection_c__pyext
[0.393s] [100%] Built target smartcar_msgs__rosidl_typesupport_fastrtps_c__pyext
[0.393s] [100%] Built target smartcar_msgs__rosidl_typesupport_c__pyext
[0.658s] running egg_info
[0.660s] writing smartcar_msgs.egg-info/PKG-INFO
[0.661s] writing dependency_links to smartcar_msgs.egg-info/dependency_links.txt
[0.664s] writing top-level names to smartcar_msgs.egg-info/top_level.txt
[0.672s] reading manifest file 'smartcar_msgs.egg-info/SOURCES.txt'
[0.673s] writing manifest file 'smartcar_msgs.egg-info/SOURCES.txt'
[0.727s] [100%] Built target ament_cmake_python_build_smartcar_msgs_egg
[0.751s] Invoked command in '/home/ros2/ros2_rc/src/build/smartcar_msgs' returned '0': CMAKE_PREFIX_PATH=${CMAKE_PREFIX_PATH}:/opt/ros/humble /usr/bin/cmake --build /home/ros2/ros2_rc/src/build/smartcar_msgs -- -j9 -l9
[0.863s] Invoking command in '/home/ros2/ros2_rc/src/build/smartcar_msgs': CMAKE_PREFIX_PATH=${CMAKE_PREFIX_PATH}:/opt/ros/humble /usr/bin/cmake --install /home/ros2/ros2_rc/src/build/smartcar_msgs
[0.876s] -- Install configuration: ""
[0.877s] -- Up-to-date: /home/ros2/ros2_rc/src/install/smartcar_msgs/share/ament_index/resource_index/rosidl_interfaces/smartcar_msgs
[0.878s] -- Up-to-date: /home/ros2/ros2_rc/src/install/smartcar_msgs/include/smartcar_msgs/smartcar_msgs
[0.878s] -- Up-to-date: /home/ros2/ros2_rc/src/install/smartcar_msgs/include/smartcar_msgs/smartcar_msgs/msg
[0.878s] -- Up-to-date: /home/ros2/ros2_rc/src/install/smartcar_msgs/include/smartcar_msgs/smartcar_msgs/msg/status.h
[0.878s] -- Up-to-date: /home/ros2/ros2_rc/src/install/smartcar_msgs/include/smartcar_msgs/smartcar_msgs/msg/rosidl_generator_c__visibility_control.h
[0.879s] -- Up-to-date: /home/ros2/ros2_rc/src/install/smartcar_msgs/include/smartcar_msgs/smartcar_msgs/msg/detail
[0.879s] -- Up-to-date: /home/ros2/ros2_rc/src/install/smartcar_msgs/include/smartcar_msgs/smartcar_msgs/msg/detail/status__type_support.h
[0.879s] -- Up-to-date: /home/ros2/ros2_rc/src/install/smartcar_msgs/include/smartcar_msgs/smartcar_msgs/msg/detail/status__functions.h
[0.879s] -- Up-to-date: /home/ros2/ros2_rc/src/install/smartcar_msgs/include/smartcar_msgs/smartcar_msgs/msg/detail/status__struct.h
[0.879s] -- Up-to-date: /home/ros2/ros2_rc/src/install/smartcar_msgs/include/smartcar_msgs/smartcar_msgs/msg/detail/status__functions.c
[0.880s] -- Up-to-date: /home/ros2/ros2_rc/src/install/smartcar_msgs/share/smartcar_msgs/environment/library_path.sh
[0.880s] -- Up-to-date: /home/ros2/ros2_rc/src/install/smartcar_msgs/share/smartcar_msgs/environment/library_path.dsv
[0.880s] -- Up-to-date: /home/ros2/ros2_rc/src/install/smartcar_msgs/lib/libsmartcar_msgs__rosidl_generator_c.so
[0.880s] -- Up-to-date: /home/ros2/ros2_rc/src/install/smartcar_msgs/include/smartcar_msgs/smartcar_msgs
[0.880s] -- Up-to-date: /home/ros2/ros2_rc/src/install/smartcar_msgs/include/smartcar_msgs/smartcar_msgs/msg
[0.880s] -- Up-to-date: /home/ros2/ros2_rc/src/install/smartcar_msgs/include/smartcar_msgs/smartcar_msgs/msg/rosidl_typesupport_fastrtps_c__visibility_control.h
[0.881s] -- Up-to-date: /home/ros2/ros2_rc/src/install/smartcar_msgs/include/smartcar_msgs/smartcar_msgs/msg/detail
[0.881s] -- Up-to-date: /home/ros2/ros2_rc/src/install/smartcar_msgs/include/smartcar_msgs/smartcar_msgs/msg/detail/status__rosidl_typesupport_fastrtps_c.h
[0.881s] -- Up-to-date: /home/ros2/ros2_rc/src/install/smartcar_msgs/lib/libsmartcar_msgs__rosidl_typesupport_fastrtps_c.so
[0.881s] -- Up-to-date: /home/ros2/ros2_rc/src/install/smartcar_msgs/include/smartcar_msgs/smartcar_msgs
[0.881s] -- Up-to-date: /home/ros2/ros2_rc/src/install/smartcar_msgs/include/smartcar_msgs/smartcar_msgs/msg
[0.881s] -- Up-to-date: /home/ros2/ros2_rc/src/install/smartcar_msgs/include/smartcar_msgs/smartcar_msgs/msg/detail
[0.882s] -- Up-to-date: /home/ros2/ros2_rc/src/install/smartcar_msgs/include/smartcar_msgs/smartcar_msgs/msg/detail/status__type_support.c
[0.882s] -- Up-to-date: /home/ros2/ros2_rc/src/install/smartcar_msgs/include/smartcar_msgs/smartcar_msgs/msg/detail/status__rosidl_typesupport_introspection_c.h
[0.883s] -- Up-to-date: /home/ros2/ros2_rc/src/install/smartcar_msgs/include/smartcar_msgs/smartcar_msgs/msg/rosidl_typesupport_introspection_c__visibility_control.h
[0.883s] -- Up-to-date: /home/ros2/ros2_rc/src/install/smartcar_msgs/lib/libsmartcar_msgs__rosidl_typesupport_introspection_c.so
[0.883s] -- Up-to-date: /home/ros2/ros2_rc/src/install/smartcar_msgs/lib/libsmartcar_msgs__rosidl_typesupport_c.so
[0.883s] -- Up-to-date: /home/ros2/ros2_rc/src/install/smartcar_msgs/include/smartcar_msgs/smartcar_msgs
[0.883s] -- Up-to-date: /home/ros2/ros2_rc/src/install/smartcar_msgs/include/smartcar_msgs/smartcar_msgs/msg
[0.883s] -- Up-to-date: /home/ros2/ros2_rc/src/install/smartcar_msgs/include/smartcar_msgs/smartcar_msgs/msg/detail
[0.883s] -- Up-to-date: /home/ros2/ros2_rc/src/install/smartcar_msgs/include/smartcar_msgs/smartcar_msgs/msg/detail/status__traits.hpp
[0.884s] -- Up-to-date: /home/ros2/ros2_rc/src/install/smartcar_msgs/include/smartcar_msgs/smartcar_msgs/msg/detail/status__struct.hpp
[0.884s] -- Up-to-date: /home/ros2/ros2_rc/src/install/smartcar_msgs/include/smartcar_msgs/smartcar_msgs/msg/detail/status__builder.hpp
[0.884s] -- Up-to-date: /home/ros2/ros2_rc/src/install/smartcar_msgs/include/smartcar_msgs/smartcar_msgs/msg/status.hpp
[0.884s] -- Up-to-date: /home/ros2/ros2_rc/src/install/smartcar_msgs/include/smartcar_msgs/smartcar_msgs
[0.884s] -- Up-to-date: /home/ros2/ros2_rc/src/install/smartcar_msgs/include/smartcar_msgs/smartcar_msgs/msg
[0.884s] -- Up-to-date: /home/ros2/ros2_rc/src/install/smartcar_msgs/include/smartcar_msgs/smartcar_msgs/msg/rosidl_typesupport_fastrtps_cpp__visibility_control.h
[0.884s] -- Up-to-date: /home/ros2/ros2_rc/src/install/smartcar_msgs/include/smartcar_msgs/smartcar_msgs/msg/detail
[0.885s] -- Up-to-date: /home/ros2/ros2_rc/src/install/smartcar_msgs/include/smartcar_msgs/smartcar_msgs/msg/detail/status__rosidl_typesupport_fastrtps_cpp.hpp
[0.885s] -- Up-to-date: /home/ros2/ros2_rc/src/install/smartcar_msgs/include/smartcar_msgs/smartcar_msgs/msg/detail/dds_fastrtps
[0.885s] -- Up-to-date: /home/ros2/ros2_rc/src/install/smartcar_msgs/lib/libsmartcar_msgs__rosidl_typesupport_fastrtps_cpp.so
[0.885s] -- Up-to-date: /home/ros2/ros2_rc/src/install/smartcar_msgs/include/smartcar_msgs/smartcar_msgs
[0.885s] -- Up-to-date: /home/ros2/ros2_rc/src/install/smartcar_msgs/include/smartcar_msgs/smartcar_msgs/msg
[0.886s] -- Up-to-date: /home/ros2/ros2_rc/src/install/smartcar_msgs/include/smartcar_msgs/smartcar_msgs/msg/detail
[0.886s] -- Up-to-date: /home/ros2/ros2_rc/src/install/smartcar_msgs/include/smartcar_msgs/smartcar_msgs/msg/detail/status__type_support.cpp
[0.886s] -- Up-to-date: /home/ros2/ros2_rc/src/install/smartcar_msgs/include/smartcar_msgs/smartcar_msgs/msg/detail/status__rosidl_typesupport_introspection_cpp.hpp
[0.886s] -- Up-to-date: /home/ros2/ros2_rc/src/install/smartcar_msgs/lib/libsmartcar_msgs__rosidl_typesupport_introspection_cpp.so
[0.886s] -- Up-to-date: /home/ros2/ros2_rc/src/install/smartcar_msgs/lib/libsmartcar_msgs__rosidl_typesupport_cpp.so
[0.886s] -- Up-to-date: /home/ros2/ros2_rc/src/install/smartcar_msgs/share/smartcar_msgs/environment/pythonpath.sh
[0.886s] -- Up-to-date: /home/ros2/ros2_rc/src/install/smartcar_msgs/share/smartcar_msgs/environment/pythonpath.dsv
[0.887s] -- Up-to-date: /home/ros2/ros2_rc/src/install/smartcar_msgs/local/lib/python3.10/dist-packages/smartcar_msgs-0.0.0-py3.10.egg-info
[0.887s] -- Installing: /home/ros2/ros2_rc/src/install/smartcar_msgs/local/lib/python3.10/dist-packages/smartcar_msgs-0.0.0-py3.10.egg-info/SOURCES.txt
[0.887s] -- Installing: /home/ros2/ros2_rc/src/install/smartcar_msgs/local/lib/python3.10/dist-packages/smartcar_msgs-0.0.0-py3.10.egg-info/PKG-INFO
[0.887s] -- Installing: /home/ros2/ros2_rc/src/install/smartcar_msgs/local/lib/python3.10/dist-packages/smartcar_msgs-0.0.0-py3.10.egg-info/top_level.txt
[0.887s] -- Installing: /home/ros2/ros2_rc/src/install/smartcar_msgs/local/lib/python3.10/dist-packages/smartcar_msgs-0.0.0-py3.10.egg-info/dependency_links.txt
[0.887s] -- Up-to-date: /home/ros2/ros2_rc/src/install/smartcar_msgs/local/lib/python3.10/dist-packages/smartcar_msgs
[0.887s] -- Up-to-date: /home/ros2/ros2_rc/src/install/smartcar_msgs/local/lib/python3.10/dist-packages/smartcar_msgs/__init__.py
[0.887s] -- Up-to-date: /home/ros2/ros2_rc/src/install/smartcar_msgs/local/lib/python3.10/dist-packages/smartcar_msgs/libsmartcar_msgs__rosidl_generator_py.so
[0.888s] -- Up-to-date: /home/ros2/ros2_rc/src/install/smartcar_msgs/local/lib/python3.10/dist-packages/smartcar_msgs/smartcar_msgs_s__rosidl_typesupport_introspection_c.cpython-310-x86_64-linux-gnu.so
[0.888s] -- Up-to-date: /home/ros2/ros2_rc/src/install/smartcar_msgs/local/lib/python3.10/dist-packages/smartcar_msgs/_smartcar_msgs_s.ep.rosidl_typesupport_c.c
[0.888s] -- Up-to-date: /home/ros2/ros2_rc/src/install/smartcar_msgs/local/lib/python3.10/dist-packages/smartcar_msgs/_smartcar_msgs_s.ep.rosidl_typesupport_fastrtps_c.c
[0.888s] -- Up-to-date: /home/ros2/ros2_rc/src/install/smartcar_msgs/local/lib/python3.10/dist-packages/smartcar_msgs/smartcar_msgs_s__rosidl_typesupport_fastrtps_c.cpython-310-x86_64-linux-gnu.so
[0.888s] -- Up-to-date: /home/ros2/ros2_rc/src/install/smartcar_msgs/local/lib/python3.10/dist-packages/smartcar_msgs/smartcar_msgs_s__rosidl_typesupport_c.cpython-310-x86_64-linux-gnu.so
[0.888s] -- Up-to-date: /home/ros2/ros2_rc/src/install/smartcar_msgs/local/lib/python3.10/dist-packages/smartcar_msgs/_smartcar_msgs_s.ep.rosidl_typesupport_introspection_c.c
[0.888s] -- Up-to-date: /home/ros2/ros2_rc/src/install/smartcar_msgs/local/lib/python3.10/dist-packages/smartcar_msgs/msg
[0.888s] -- Up-to-date: /home/ros2/ros2_rc/src/install/smartcar_msgs/local/lib/python3.10/dist-packages/smartcar_msgs/msg/__init__.py
[0.888s] -- Up-to-date: /home/ros2/ros2_rc/src/install/smartcar_msgs/local/lib/python3.10/dist-packages/smartcar_msgs/msg/_status_s.c
[0.888s] -- Up-to-date: /home/ros2/ros2_rc/src/install/smartcar_msgs/local/lib/python3.10/dist-packages/smartcar_msgs/msg/_status.py
[0.934s] Listing '/home/ros2/ros2_rc/src/install/smartcar_msgs/local/lib/python3.10/dist-packages/smartcar_msgs'...
[0.934s] Listing '/home/ros2/ros2_rc/src/install/smartcar_msgs/local/lib/python3.10/dist-packages/smartcar_msgs/msg'...
[0.944s] -- Up-to-date: /home/ros2/ros2_rc/src/install/smartcar_msgs/local/lib/python3.10/dist-packages/smartcar_msgs/smartcar_msgs_s__rosidl_typesupport_fastrtps_c.cpython-310-x86_64-linux-gnu.so
[0.944s] -- Up-to-date: /home/ros2/ros2_rc/src/install/smartcar_msgs/local/lib/python3.10/dist-packages/smartcar_msgs/smartcar_msgs_s__rosidl_typesupport_introspection_c.cpython-310-x86_64-linux-gnu.so
[0.945s] -- Up-to-date: /home/ros2/ros2_rc/src/install/smartcar_msgs/local/lib/python3.10/dist-packages/smartcar_msgs/smartcar_msgs_s__rosidl_typesupport_c.cpython-310-x86_64-linux-gnu.so
[0.946s] -- Up-to-date: /home/ros2/ros2_rc/src/install/smartcar_msgs/lib/libsmartcar_msgs__rosidl_generator_py.so
[0.946s] -- Up-to-date: /home/ros2/ros2_rc/src/install/smartcar_msgs/share/smartcar_msgs/msg/Status.idl
[0.946s] -- Up-to-date: /home/ros2/ros2_rc/src/install/smartcar_msgs/share/smartcar_msgs/msg/Status.msg
[0.946s] -- Up-to-date: /home/ros2/ros2_rc/src/install/smartcar_msgs/share/ament_index/resource_index/package_run_dependencies/smartcar_msgs
[0.947s] -- Up-to-date: /home/ros2/ros2_rc/src/install/smartcar_msgs/share/ament_index/resource_index/parent_prefix_path/smartcar_msgs
[0.947s] -- Up-to-date: /home/ros2/ros2_rc/src/install/smartcar_msgs/share/smartcar_msgs/environment/ament_prefix_path.sh
[0.947s] -- Up-to-date: /home/ros2/ros2_rc/src/install/smartcar_msgs/share/smartcar_msgs/environment/ament_prefix_path.dsv
[0.947s] -- Up-to-date: /home/ros2/ros2_rc/src/install/smartcar_msgs/share/smartcar_msgs/environment/path.sh
[0.948s] -- Up-to-date: /home/ros2/ros2_rc/src/install/smartcar_msgs/share/smartcar_msgs/environment/path.dsv
[0.948s] -- Up-to-date: /home/ros2/ros2_rc/src/install/smartcar_msgs/share/smartcar_msgs/local_setup.bash
[0.948s] -- Up-to-date: /home/ros2/ros2_rc/src/install/smartcar_msgs/share/smartcar_msgs/local_setup.sh
[0.948s] -- Up-to-date: /home/ros2/ros2_rc/src/install/smartcar_msgs/share/smartcar_msgs/local_setup.zsh
[0.949s] -- Up-to-date: /home/ros2/ros2_rc/src/install/smartcar_msgs/share/smartcar_msgs/local_setup.dsv
[0.949s] -- Installing: /home/ros2/ros2_rc/src/install/smartcar_msgs/share/smartcar_msgs/package.dsv
[0.949s] -- Up-to-date: /home/ros2/ros2_rc/src/install/smartcar_msgs/share/ament_index/resource_index/packages/smartcar_msgs
[0.949s] -- Up-to-date: /home/ros2/ros2_rc/src/install/smartcar_msgs/share/smartcar_msgs/cmake/export_smartcar_msgs__rosidl_generator_cExport.cmake
[0.949s] -- Up-to-date: /home/ros2/ros2_rc/src/install/smartcar_msgs/share/smartcar_msgs/cmake/export_smartcar_msgs__rosidl_generator_cExport-noconfig.cmake
[0.950s] -- Up-to-date: /home/ros2/ros2_rc/src/install/smartcar_msgs/share/smartcar_msgs/cmake/export_smartcar_msgs__rosidl_typesupport_fastrtps_cExport.cmake
[0.950s] -- Up-to-date: /home/ros2/ros2_rc/src/install/smartcar_msgs/share/smartcar_msgs/cmake/export_smartcar_msgs__rosidl_typesupport_fastrtps_cExport-noconfig.cmake
[0.950s] -- Up-to-date: /home/ros2/ros2_rc/src/install/smartcar_msgs/share/smartcar_msgs/cmake/smartcar_msgs__rosidl_typesupport_introspection_cExport.cmake
[0.951s] -- Up-to-date: /home/ros2/ros2_rc/src/install/smartcar_msgs/share/smartcar_msgs/cmake/smartcar_msgs__rosidl_typesupport_introspection_cExport-noconfig.cmake
[0.951s] -- Up-to-date: /home/ros2/ros2_rc/src/install/smartcar_msgs/share/smartcar_msgs/cmake/smartcar_msgs__rosidl_typesupport_cExport.cmake
[0.951s] -- Up-to-date: /home/ros2/ros2_rc/src/install/smartcar_msgs/share/smartcar_msgs/cmake/smartcar_msgs__rosidl_typesupport_cExport-noconfig.cmake
[0.951s] -- Up-to-date: /home/ros2/ros2_rc/src/install/smartcar_msgs/share/smartcar_msgs/cmake/export_smartcar_msgs__rosidl_generator_cppExport.cmake
[0.951s] -- Up-to-date: /home/ros2/ros2_rc/src/install/smartcar_msgs/share/smartcar_msgs/cmake/export_smartcar_msgs__rosidl_typesupport_fastrtps_cppExport.cmake
[0.952s] -- Up-to-date: /home/ros2/ros2_rc/src/install/smartcar_msgs/share/smartcar_msgs/cmake/export_smartcar_msgs__rosidl_typesupport_fastrtps_cppExport-noconfig.cmake
[0.953s] -- Up-to-date: /home/ros2/ros2_rc/src/install/smartcar_msgs/share/smartcar_msgs/cmake/smartcar_msgs__rosidl_typesupport_introspection_cppExport.cmake
[0.954s] -- Up-to-date: /home/ros2/ros2_rc/src/install/smartcar_msgs/share/smartcar_msgs/cmake/smartcar_msgs__rosidl_typesupport_introspection_cppExport-noconfig.cmake
[0.955s] -- Up-to-date: /home/ros2/ros2_rc/src/install/smartcar_msgs/share/smartcar_msgs/cmake/smartcar_msgs__rosidl_typesupport_cppExport.cmake
[0.955s] -- Up-to-date: /home/ros2/ros2_rc/src/install/smartcar_msgs/share/smartcar_msgs/cmake/smartcar_msgs__rosidl_typesupport_cppExport-noconfig.cmake
[0.955s] -- Up-to-date: /home/ros2/ros2_rc/src/install/smartcar_msgs/share/smartcar_msgs/cmake/export_smartcar_msgs__rosidl_generator_pyExport.cmake
[0.955s] -- Up-to-date: /home/ros2/ros2_rc/src/install/smartcar_msgs/share/smartcar_msgs/cmake/export_smartcar_msgs__rosidl_generator_pyExport-noconfig.cmake
[0.955s] -- Up-to-date: /home/ros2/ros2_rc/src/install/smartcar_msgs/share/smartcar_msgs/cmake/rosidl_cmake-extras.cmake
[0.955s] -- Up-to-date: /home/ros2/ros2_rc/src/install/smartcar_msgs/share/smartcar_msgs/cmake/ament_cmake_export_include_directories-extras.cmake
[0.955s] -- Up-to-date: /home/ros2/ros2_rc/src/install/smartcar_msgs/share/smartcar_msgs/cmake/ament_cmake_export_libraries-extras.cmake
[0.955s] -- Up-to-date: /home/ros2/ros2_rc/src/install/smartcar_msgs/share/smartcar_msgs/cmake/ament_cmake_export_targets-extras.cmake
[0.955s] -- Up-to-date: /home/ros2/ros2_rc/src/install/smartcar_msgs/share/smartcar_msgs/cmake/rosidl_cmake_export_typesupport_targets-extras.cmake
[0.956s] -- Up-to-date: /home/ros2/ros2_rc/src/install/smartcar_msgs/share/smartcar_msgs/cmake/ament_cmake_export_dependencies-extras.cmake
[0.956s] -- Up-to-date: /home/ros2/ros2_rc/src/install/smartcar_msgs/share/smartcar_msgs/cmake/rosidl_cmake_export_typesupport_libraries-extras.cmake
[0.956s] -- Up-to-date: /home/ros2/ros2_rc/src/install/smartcar_msgs/share/smartcar_msgs/cmake/smartcar_msgsConfig.cmake
[0.956s] -- Up-to-date: /home/ros2/ros2_rc/src/install/smartcar_msgs/share/smartcar_msgs/cmake/smartcar_msgsConfig-version.cmake
[0.957s] -- Up-to-date: /home/ros2/ros2_rc/src/install/smartcar_msgs/share/smartcar_msgs/package.xml
[0.959s] Invoked command in '/home/ros2/ros2_rc/src/build/smartcar_msgs' returned '0': CMAKE_PREFIX_PATH=${CMAKE_PREFIX_PATH}:/opt/ros/humble /usr/bin/cmake --install /home/ros2/ros2_rc/src/build/smartcar_msgs
