[0.027s] Invoking command in '/home/ros2/ros2_rc/src/build/nav2_voxel_grid': CMAKE_PREFIX_PATH=/home/ros2/ros2_rc/src/install/nav2_common:/home/ros2/ros2_rc/src/install/smartcar_msgs:/home/ros2/ros2_rc/src/install/smart_car:/home/ros2/ros2_rc/src/install/ros2_rc:/home/ros2/ros2_rc/src/install/nav_2d_utils:/home/ros2/ros2_rc/src/install/dwb_msgs:/home/ros2/ros2_rc/src/install/nav_2d_msgs:/home/ros2/ros2_rc/src/install/nav2_voxel_grid:/home/ros2/ros2_rc/src/install/nav2_velocity_smoother:/home/ros2/ros2_rc/src/install/nav2_rviz_plugins:/home/ros2/ros2_rc/src/install/nav2_map_server:/home/ros2/ros2_rc/src/install/nav2_lifecycle_manager:/home/ros2/ros2_rc/src/install/nav2_amcl:/home/ros2/ros2_rc/src/install/nav2_util:/home/ros2/ros2_rc/src/install/nav2_msgs:/home/ros2/ros2_rc/src/install/car_gazebo_plugin:/home/ros2/ros2_rc/src/install/nav2_simple_commander:/opt/ros/humble /usr/bin/cmake --build /home/ros2/ros2_rc/src/build/nav2_voxel_grid -- -j9 -l9
[0.122s] [35m[1mConsolidate compiler generated dependencies of target gtest[0m
[0.122s] [35m[1mConsolidate compiler generated dependencies of target gtest_main[0m
[0.122s] [35m[1mConsolidate compiler generated dependencies of target voxel_grid[0m
[0.154s] [ 20%] Built target gtest_main
[0.155s] [ 40%] Built target gtest
[0.159s] [ 60%] Built target voxel_grid
[0.189s] [35m[1mConsolidate compiler generated dependencies of target voxel_grid_tests[0m
[0.196s] [35m[1mConsolidate compiler generated dependencies of target voxel_grid_bresenham_3d[0m
[0.236s] [ 80%] Built target voxel_grid_tests
[0.239s] [100%] Built target voxel_grid_bresenham_3d
[0.293s] Invoked command in '/home/ros2/ros2_rc/src/build/nav2_voxel_grid' returned '0': CMAKE_PREFIX_PATH=/home/ros2/ros2_rc/src/install/nav2_common:/home/ros2/ros2_rc/src/install/smartcar_msgs:/home/ros2/ros2_rc/src/install/smart_car:/home/ros2/ros2_rc/src/install/ros2_rc:/home/ros2/ros2_rc/src/install/nav_2d_utils:/home/ros2/ros2_rc/src/install/dwb_msgs:/home/ros2/ros2_rc/src/install/nav_2d_msgs:/home/ros2/ros2_rc/src/install/nav2_voxel_grid:/home/ros2/ros2_rc/src/install/nav2_velocity_smoother:/home/ros2/ros2_rc/src/install/nav2_rviz_plugins:/home/ros2/ros2_rc/src/install/nav2_map_server:/home/ros2/ros2_rc/src/install/nav2_lifecycle_manager:/home/ros2/ros2_rc/src/install/nav2_amcl:/home/ros2/ros2_rc/src/install/nav2_util:/home/ros2/ros2_rc/src/install/nav2_msgs:/home/ros2/ros2_rc/src/install/car_gazebo_plugin:/home/ros2/ros2_rc/src/install/nav2_simple_commander:/opt/ros/humble /usr/bin/cmake --build /home/ros2/ros2_rc/src/build/nav2_voxel_grid -- -j9 -l9
[0.383s] Invoking command in '/home/ros2/ros2_rc/src/build/nav2_voxel_grid': CMAKE_PREFIX_PATH=/home/ros2/ros2_rc/src/install/nav2_common:/home/ros2/ros2_rc/src/install/smartcar_msgs:/home/ros2/ros2_rc/src/install/smart_car:/home/ros2/ros2_rc/src/install/ros2_rc:/home/ros2/ros2_rc/src/install/nav_2d_utils:/home/ros2/ros2_rc/src/install/dwb_msgs:/home/ros2/ros2_rc/src/install/nav_2d_msgs:/home/ros2/ros2_rc/src/install/nav2_voxel_grid:/home/ros2/ros2_rc/src/install/nav2_velocity_smoother:/home/ros2/ros2_rc/src/install/nav2_rviz_plugins:/home/ros2/ros2_rc/src/install/nav2_map_server:/home/ros2/ros2_rc/src/install/nav2_lifecycle_manager:/home/ros2/ros2_rc/src/install/nav2_amcl:/home/ros2/ros2_rc/src/install/nav2_util:/home/ros2/ros2_rc/src/install/nav2_msgs:/home/ros2/ros2_rc/src/install/car_gazebo_plugin:/home/ros2/ros2_rc/src/install/nav2_simple_commander:/opt/ros/humble /usr/bin/cmake --install /home/ros2/ros2_rc/src/build/nav2_voxel_grid
[0.409s] -- Install configuration: "Release"
[0.412s] -- Up-to-date: /home/ros2/ros2_rc/src/install/nav2_voxel_grid/lib/libvoxel_grid.so
[0.413s] -- Up-to-date: /home/ros2/ros2_rc/src/install/nav2_voxel_grid/include
[0.413s] -- Up-to-date: /home/ros2/ros2_rc/src/install/nav2_voxel_grid/include/nav2_voxel_grid
[0.414s] -- Up-to-date: /home/ros2/ros2_rc/src/install/nav2_voxel_grid/include/nav2_voxel_grid/voxel_grid.hpp
[0.414s] -- Up-to-date: /home/ros2/ros2_rc/src/install/nav2_voxel_grid/share/nav2_voxel_grid/environment/library_path.sh
[0.414s] -- Up-to-date: /home/ros2/ros2_rc/src/install/nav2_voxel_grid/share/nav2_voxel_grid/environment/library_path.dsv
[0.415s] -- Up-to-date: /home/ros2/ros2_rc/src/install/nav2_voxel_grid/share/ament_index/resource_index/package_run_dependencies/nav2_voxel_grid
[0.416s] -- Up-to-date: /home/ros2/ros2_rc/src/install/nav2_voxel_grid/share/ament_index/resource_index/parent_prefix_path/nav2_voxel_grid
[0.416s] -- Up-to-date: /home/ros2/ros2_rc/src/install/nav2_voxel_grid/share/nav2_voxel_grid/environment/ament_prefix_path.sh
[0.417s] -- Up-to-date: /home/ros2/ros2_rc/src/install/nav2_voxel_grid/share/nav2_voxel_grid/environment/ament_prefix_path.dsv
[0.417s] -- Up-to-date: /home/ros2/ros2_rc/src/install/nav2_voxel_grid/share/nav2_voxel_grid/environment/path.sh
[0.418s] -- Up-to-date: /home/ros2/ros2_rc/src/install/nav2_voxel_grid/share/nav2_voxel_grid/environment/path.dsv
[0.418s] -- Up-to-date: /home/ros2/ros2_rc/src/install/nav2_voxel_grid/share/nav2_voxel_grid/local_setup.bash
[0.418s] -- Up-to-date: /home/ros2/ros2_rc/src/install/nav2_voxel_grid/share/nav2_voxel_grid/local_setup.sh
[0.418s] -- Up-to-date: /home/ros2/ros2_rc/src/install/nav2_voxel_grid/share/nav2_voxel_grid/local_setup.zsh
[0.419s] -- Up-to-date: /home/ros2/ros2_rc/src/install/nav2_voxel_grid/share/nav2_voxel_grid/local_setup.dsv
[0.419s] -- Installing: /home/ros2/ros2_rc/src/install/nav2_voxel_grid/share/nav2_voxel_grid/package.dsv
[0.420s] -- Up-to-date: /home/ros2/ros2_rc/src/install/nav2_voxel_grid/share/ament_index/resource_index/packages/nav2_voxel_grid
[0.420s] -- Up-to-date: /home/ros2/ros2_rc/src/install/nav2_voxel_grid/share/nav2_voxel_grid/cmake/ament_cmake_export_dependencies-extras.cmake
[0.420s] -- Up-to-date: /home/ros2/ros2_rc/src/install/nav2_voxel_grid/share/nav2_voxel_grid/cmake/ament_cmake_export_include_directories-extras.cmake
[0.420s] -- Up-to-date: /home/ros2/ros2_rc/src/install/nav2_voxel_grid/share/nav2_voxel_grid/cmake/ament_cmake_export_libraries-extras.cmake
[0.420s] -- Up-to-date: /home/ros2/ros2_rc/src/install/nav2_voxel_grid/share/nav2_voxel_grid/cmake/nav2_voxel_gridConfig.cmake
[0.420s] -- Up-to-date: /home/ros2/ros2_rc/src/install/nav2_voxel_grid/share/nav2_voxel_grid/cmake/nav2_voxel_gridConfig-version.cmake
[0.421s] -- Up-to-date: /home/ros2/ros2_rc/src/install/nav2_voxel_grid/share/nav2_voxel_grid/package.xml
[0.441s] Invoked command in '/home/ros2/ros2_rc/src/build/nav2_voxel_grid' returned '0': CMAKE_PREFIX_PATH=/home/ros2/ros2_rc/src/install/nav2_common:/home/ros2/ros2_rc/src/install/smartcar_msgs:/home/ros2/ros2_rc/src/install/smart_car:/home/ros2/ros2_rc/src/install/ros2_rc:/home/ros2/ros2_rc/src/install/nav_2d_utils:/home/ros2/ros2_rc/src/install/dwb_msgs:/home/ros2/ros2_rc/src/install/nav_2d_msgs:/home/ros2/ros2_rc/src/install/nav2_voxel_grid:/home/ros2/ros2_rc/src/install/nav2_velocity_smoother:/home/ros2/ros2_rc/src/install/nav2_rviz_plugins:/home/ros2/ros2_rc/src/install/nav2_map_server:/home/ros2/ros2_rc/src/install/nav2_lifecycle_manager:/home/ros2/ros2_rc/src/install/nav2_amcl:/home/ros2/ros2_rc/src/install/nav2_util:/home/ros2/ros2_rc/src/install/nav2_msgs:/home/ros2/ros2_rc/src/install/car_gazebo_plugin:/home/ros2/ros2_rc/src/install/nav2_simple_commander:/opt/ros/humble /usr/bin/cmake --install /home/ros2/ros2_rc/src/build/nav2_voxel_grid
