[0.112s] Invoking command in '/home/ros2/ros2_rc/src/build/smart_car': CMAKE_PREFIX_PATH=${CMAKE_PREFIX_PATH}:/home/ros2/ros2_rc/src/install/nav2_simple_commander:/home/ros2/ros2_rc/install/nav2_simple_commander:/opt/ros/humble /usr/bin/cmake --build /home/ros2/ros2_rc/src/build/smart_car -- -j10 -l10
[0.422s] Invoked command in '/home/ros2/ros2_rc/src/build/smart_car' returned '0': CMAKE_PREFIX_PATH=${CMAKE_PREFIX_PATH}:/home/ros2/ros2_rc/src/install/nav2_simple_commander:/home/ros2/ros2_rc/install/nav2_simple_commander:/opt/ros/humble /usr/bin/cmake --build /home/ros2/ros2_rc/src/build/smart_car -- -j10 -l10
[0.766s] Invoking command in '/home/ros2/ros2_rc/src/build/smart_car': CMAKE_PREFIX_PATH=${CMAKE_PREFIX_PATH}:/home/ros2/ros2_rc/src/install/nav2_simple_commander:/home/ros2/ros2_rc/install/nav2_simple_commander:/opt/ros/humble /usr/bin/cmake --install /home/ros2/ros2_rc/src/build/smart_car
[0.894s] -- Install configuration: ""
[0.895s] -- Up-to-date: /home/ros2/ros2_rc/src/install/smart_car/share/smart_car/launch
[0.895s] -- Up-to-date: /home/ros2/ros2_rc/src/install/smart_car/share/smart_car/launch/gazebo.launch.py
[0.896s] -- Up-to-date: /home/ros2/ros2_rc/src/install/smart_car/share/smart_car/launch/localization.launch.py
[0.896s] -- Up-to-date: /home/ros2/ros2_rc/src/install/smart_car/share/smart_car/launch/smartcar.launch.py
[0.896s] -- Up-to-date: /home/ros2/ros2_rc/src/install/smart_car/share/smart_car/launch/nav2.launch.py
[0.896s] -- Up-to-date: /home/ros2/ros2_rc/src/install/smart_car/share/smart_car/launch/bringup_launch.py
[0.896s] -- Up-to-date: /home/ros2/ros2_rc/src/install/smart_car/share/smart_car/launch/rviz_launch.py
[0.897s] -- Up-to-date: /home/ros2/ros2_rc/src/install/smart_car/share/smart_car/urdf
[0.897s] -- Up-to-date: /home/ros2/ros2_rc/src/install/smart_car/share/smart_car/urdf/smartcar.urdf.xacro
[0.897s] -- Up-to-date: /home/ros2/ros2_rc/src/install/smart_car/share/smart_car/urdf/smart_car.urdf
[0.897s] -- Up-to-date: /home/ros2/ros2_rc/src/install/smart_car/share/smart_car/urdf/.vscode
[0.900s] -- Up-to-date: /home/ros2/ros2_rc/src/install/smart_car/share/smart_car/urdf/.vscode/settings.json
[0.912s] -- Up-to-date: /home/ros2/ros2_rc/src/install/smart_car/share/smart_car/urdf/.vscode/c_cpp_properties.json
[0.913s] -- Up-to-date: /home/ros2/ros2_rc/src/install/smart_car/share/smart_car/urdf/smartcar.urdf
[0.913s] -- Up-to-date: /home/ros2/ros2_rc/src/install/smart_car/share/smart_car/world
[0.913s] -- Up-to-date: /home/ros2/ros2_rc/src/install/smart_car/share/smart_car/world/smalltown.world
[0.913s] -- Up-to-date: /home/ros2/ros2_rc/src/install/smart_car/share/smart_car/config
[0.914s] -- Up-to-date: /home/ros2/ros2_rc/src/install/smart_car/share/smart_car/config/ekf.yaml
[0.914s] -- Up-to-date: /home/ros2/ros2_rc/src/install/smart_car/share/smart_car/config/nav2_params.yaml
[0.914s] -- Up-to-date: /home/ros2/ros2_rc/src/install/smart_car/share/smart_car/config/rviz_config.rviz
[0.914s] -- Up-to-date: /home/ros2/ros2_rc/src/install/smart_car/share/smart_car/map/map
[0.915s] -- Up-to-date: /home/ros2/ros2_rc/src/install/smart_car/share/smart_car/map/map/smalltown_world.yaml
[0.915s] -- Up-to-date: /home/ros2/ros2_rc/src/install/smart_car/share/smart_car/map/map/smalltown_world.pgm
[0.915s] -- Up-to-date: /home/ros2/ros2_rc/src/install/smart_car/lib/smart_car/wheel_odom_node.py
[0.917s] -- Up-to-date: /home/ros2/ros2_rc/src/install/smart_car/lib/smart_car/joint_state_publisher.py
[0.918s] -- Up-to-date: /home/ros2/ros2_rc/src/install/smart_car/share/ament_index/resource_index/package_run_dependencies/smart_car
[0.918s] -- Up-to-date: /home/ros2/ros2_rc/src/install/smart_car/share/ament_index/resource_index/parent_prefix_path/smart_car
[0.918s] -- Up-to-date: /home/ros2/ros2_rc/src/install/smart_car/share/smart_car/environment/ament_prefix_path.sh
[0.918s] -- Up-to-date: /home/ros2/ros2_rc/src/install/smart_car/share/smart_car/environment/ament_prefix_path.dsv
[0.920s] -- Up-to-date: /home/ros2/ros2_rc/src/install/smart_car/share/smart_car/environment/path.sh
[0.920s] -- Up-to-date: /home/ros2/ros2_rc/src/install/smart_car/share/smart_car/environment/path.dsv
[0.921s] -- Up-to-date: /home/ros2/ros2_rc/src/install/smart_car/share/smart_car/local_setup.bash
[0.921s] -- Up-to-date: /home/ros2/ros2_rc/src/install/smart_car/share/smart_car/local_setup.sh
[0.921s] -- Up-to-date: /home/ros2/ros2_rc/src/install/smart_car/share/smart_car/local_setup.zsh
[0.921s] -- Up-to-date: /home/ros2/ros2_rc/src/install/smart_car/share/smart_car/local_setup.dsv
[0.922s] -- Installing: /home/ros2/ros2_rc/src/install/smart_car/share/smart_car/package.dsv
[0.922s] -- Up-to-date: /home/ros2/ros2_rc/src/install/smart_car/share/ament_index/resource_index/packages/smart_car
[0.922s] -- Up-to-date: /home/ros2/ros2_rc/src/install/smart_car/share/smart_car/cmake/smart_carConfig.cmake
[0.922s] -- Up-to-date: /home/ros2/ros2_rc/src/install/smart_car/share/smart_car/cmake/smart_carConfig-version.cmake
[0.922s] -- Up-to-date: /home/ros2/ros2_rc/src/install/smart_car/share/smart_car/package.xml
[0.977s] Invoked command in '/home/ros2/ros2_rc/src/build/smart_car' returned '0': CMAKE_PREFIX_PATH=${CMAKE_PREFIX_PATH}:/home/ros2/ros2_rc/src/install/nav2_simple_commander:/home/ros2/ros2_rc/install/nav2_simple_commander:/opt/ros/humble /usr/bin/cmake --install /home/ros2/ros2_rc/src/build/smart_car
