[0.108s] Invoking command in '/home/ros2/ros2_rc/build/nav_2d_msgs': CMAKE_PREFIX_PATH=${CMAKE_PREFIX_PATH}:/home/ros2/ros2_rc/install/nav2_simple_commander:/home/ros2/ros2_rc/src/install/nav2_simple_commander:/opt/ros/humble /usr/bin/cmake --build /home/ros2/ros2_rc/build/nav_2d_msgs -- -j10 -l10
[0.296s] [ 12%] Built target nav_2d_msgs__rosidl_generator_c
[0.297s] [ 12%] Built target nav_2d_msgs__cpp
[0.345s] [ 12%] Built target ament_cmake_python_copy_nav_2d_msgs
[0.443s] [ 23%] Built target nav_2d_msgs__rosidl_typesupport_introspection_cpp
[0.512s] [ 35%] Built target nav_2d_msgs__rosidl_typesupport_cpp
[0.512s] [ 46%] Built target nav_2d_msgs__rosidl_typesupport_fastrtps_cpp
[0.512s] [ 57%] Built target nav_2d_msgs__rosidl_typesupport_fastrtps_c
[0.512s] [ 69%] Built target nav_2d_msgs__rosidl_typesupport_c
[0.512s] [ 80%] Built target nav_2d_msgs__rosidl_typesupport_introspection_c
[0.619s] [ 80%] Built target nav_2d_msgs
[0.693s] [ 81%] Built target nav_2d_msgs__py
[0.817s] [ 91%] Built target nav_2d_msgs__rosidl_generator_py
[0.956s] [ 94%] Built target nav_2d_msgs__rosidl_typesupport_introspection_c__pyext
[0.967s] [ 98%] Built target nav_2d_msgs__rosidl_typesupport_c__pyext
[0.967s] [100%] Built target nav_2d_msgs__rosidl_typesupport_fastrtps_c__pyext
[1.051s] running egg_info
[1.053s] writing nav_2d_msgs.egg-info/PKG-INFO
[1.054s] writing dependency_links to nav_2d_msgs.egg-info/dependency_links.txt
[1.055s] writing top-level names to nav_2d_msgs.egg-info/top_level.txt
[1.060s] reading manifest file 'nav_2d_msgs.egg-info/SOURCES.txt'
[1.062s] writing manifest file 'nav_2d_msgs.egg-info/SOURCES.txt'
[1.155s] [100%] Built target ament_cmake_python_build_nav_2d_msgs_egg
[1.195s] Invoked command in '/home/ros2/ros2_rc/build/nav_2d_msgs' returned '0': CMAKE_PREFIX_PATH=${CMAKE_PREFIX_PATH}:/home/ros2/ros2_rc/install/nav2_simple_commander:/home/ros2/ros2_rc/src/install/nav2_simple_commander:/opt/ros/humble /usr/bin/cmake --build /home/ros2/ros2_rc/build/nav_2d_msgs -- -j10 -l10
[2.240s] Invoking command in '/home/ros2/ros2_rc/build/nav_2d_msgs': CMAKE_PREFIX_PATH=${CMAKE_PREFIX_PATH}:/home/ros2/ros2_rc/install/nav2_simple_commander:/home/ros2/ros2_rc/src/install/nav2_simple_commander:/opt/ros/humble /usr/bin/cmake --install /home/ros2/ros2_rc/build/nav_2d_msgs
[2.270s] -- Install configuration: ""
[2.272s] -- Up-to-date: /home/ros2/ros2_rc/install/nav_2d_msgs/share/ament_index/resource_index/rosidl_interfaces/nav_2d_msgs
[2.273s] -- Up-to-date: /home/ros2/ros2_rc/install/nav_2d_msgs/include/nav_2d_msgs/nav_2d_msgs
[2.273s] -- Up-to-date: /home/ros2/ros2_rc/install/nav_2d_msgs/include/nav_2d_msgs/nav_2d_msgs/msg
[2.274s] -- Up-to-date: /home/ros2/ros2_rc/install/nav_2d_msgs/include/nav_2d_msgs/nav_2d_msgs/msg/rosidl_generator_c__visibility_control.h
[2.274s] -- Up-to-date: /home/ros2/ros2_rc/install/nav_2d_msgs/include/nav_2d_msgs/nav_2d_msgs/msg/pose2_d_stamped.h
[2.274s] -- Up-to-date: /home/ros2/ros2_rc/install/nav_2d_msgs/include/nav_2d_msgs/nav_2d_msgs/msg/detail
[2.274s] -- Up-to-date: /home/ros2/ros2_rc/install/nav_2d_msgs/include/nav_2d_msgs/nav_2d_msgs/msg/detail/twist2_d32__struct.h
[2.274s] -- Up-to-date: /home/ros2/ros2_rc/install/nav_2d_msgs/include/nav_2d_msgs/nav_2d_msgs/msg/detail/path2_d__struct.h
[2.275s] -- Up-to-date: /home/ros2/ros2_rc/install/nav_2d_msgs/include/nav_2d_msgs/nav_2d_msgs/msg/detail/twist2_d_stamped__functions.h
[2.275s] -- Up-to-date: /home/ros2/ros2_rc/install/nav_2d_msgs/include/nav_2d_msgs/nav_2d_msgs/msg/detail/path2_d__functions.c
[2.275s] -- Up-to-date: /home/ros2/ros2_rc/install/nav_2d_msgs/include/nav_2d_msgs/nav_2d_msgs/msg/detail/pose2_d_stamped__functions.c
[2.275s] -- Up-to-date: /home/ros2/ros2_rc/install/nav_2d_msgs/include/nav_2d_msgs/nav_2d_msgs/msg/detail/pose2_d_stamped__struct.h
[2.275s] -- Up-to-date: /home/ros2/ros2_rc/install/nav_2d_msgs/include/nav_2d_msgs/nav_2d_msgs/msg/detail/twist2_d__functions.c
[2.275s] -- Up-to-date: /home/ros2/ros2_rc/install/nav_2d_msgs/include/nav_2d_msgs/nav_2d_msgs/msg/detail/pose2_d_stamped__type_support.h
[2.275s] -- Up-to-date: /home/ros2/ros2_rc/install/nav_2d_msgs/include/nav_2d_msgs/nav_2d_msgs/msg/detail/twist2_d32__functions.c
[2.276s] -- Up-to-date: /home/ros2/ros2_rc/install/nav_2d_msgs/include/nav_2d_msgs/nav_2d_msgs/msg/detail/twist2_d32__type_support.h
[2.277s] -- Up-to-date: /home/ros2/ros2_rc/install/nav_2d_msgs/include/nav_2d_msgs/nav_2d_msgs/msg/detail/twist2_d_stamped__struct.h
[2.278s] -- Up-to-date: /home/ros2/ros2_rc/install/nav_2d_msgs/include/nav_2d_msgs/nav_2d_msgs/msg/detail/twist2_d_stamped__type_support.h
[2.278s] -- Up-to-date: /home/ros2/ros2_rc/install/nav_2d_msgs/include/nav_2d_msgs/nav_2d_msgs/msg/detail/pose2_d32__functions.c
[2.278s] -- Up-to-date: /home/ros2/ros2_rc/install/nav_2d_msgs/include/nav_2d_msgs/nav_2d_msgs/msg/detail/path2_d__functions.h
[2.278s] -- Up-to-date: /home/ros2/ros2_rc/install/nav_2d_msgs/include/nav_2d_msgs/nav_2d_msgs/msg/detail/twist2_d_stamped__functions.c
[2.279s] -- Up-to-date: /home/ros2/ros2_rc/install/nav_2d_msgs/include/nav_2d_msgs/nav_2d_msgs/msg/detail/path2_d__type_support.h
[2.279s] -- Up-to-date: /home/ros2/ros2_rc/install/nav_2d_msgs/include/nav_2d_msgs/nav_2d_msgs/msg/detail/twist2_d__type_support.h
[2.280s] -- Up-to-date: /home/ros2/ros2_rc/install/nav_2d_msgs/include/nav_2d_msgs/nav_2d_msgs/msg/detail/pose2_d32__struct.h
[2.280s] -- Up-to-date: /home/ros2/ros2_rc/install/nav_2d_msgs/include/nav_2d_msgs/nav_2d_msgs/msg/detail/twist2_d32__functions.h
[2.281s] -- Up-to-date: /home/ros2/ros2_rc/install/nav_2d_msgs/include/nav_2d_msgs/nav_2d_msgs/msg/detail/twist2_d__functions.h
[2.281s] -- Up-to-date: /home/ros2/ros2_rc/install/nav_2d_msgs/include/nav_2d_msgs/nav_2d_msgs/msg/detail/pose2_d32__functions.h
[2.282s] -- Up-to-date: /home/ros2/ros2_rc/install/nav_2d_msgs/include/nav_2d_msgs/nav_2d_msgs/msg/detail/twist2_d__struct.h
[2.282s] -- Up-to-date: /home/ros2/ros2_rc/install/nav_2d_msgs/include/nav_2d_msgs/nav_2d_msgs/msg/detail/pose2_d_stamped__functions.h
[2.282s] -- Up-to-date: /home/ros2/ros2_rc/install/nav_2d_msgs/include/nav_2d_msgs/nav_2d_msgs/msg/detail/pose2_d32__type_support.h
[2.282s] -- Up-to-date: /home/ros2/ros2_rc/install/nav_2d_msgs/include/nav_2d_msgs/nav_2d_msgs/msg/path2_d.h
[2.282s] -- Up-to-date: /home/ros2/ros2_rc/install/nav_2d_msgs/include/nav_2d_msgs/nav_2d_msgs/msg/twist2_d_stamped.h
[2.283s] -- Up-to-date: /home/ros2/ros2_rc/install/nav_2d_msgs/include/nav_2d_msgs/nav_2d_msgs/msg/twist2_d32.h
[2.283s] -- Up-to-date: /home/ros2/ros2_rc/install/nav_2d_msgs/include/nav_2d_msgs/nav_2d_msgs/msg/twist2_d.h
[2.284s] -- Up-to-date: /home/ros2/ros2_rc/install/nav_2d_msgs/include/nav_2d_msgs/nav_2d_msgs/msg/pose2_d32.h
[2.284s] -- Up-to-date: /home/ros2/ros2_rc/install/nav_2d_msgs/share/nav_2d_msgs/environment/library_path.sh
[2.285s] -- Up-to-date: /home/ros2/ros2_rc/install/nav_2d_msgs/share/nav_2d_msgs/environment/library_path.dsv
[2.286s] -- Up-to-date: /home/ros2/ros2_rc/install/nav_2d_msgs/lib/libnav_2d_msgs__rosidl_generator_c.so
[2.286s] -- Up-to-date: /home/ros2/ros2_rc/install/nav_2d_msgs/include/nav_2d_msgs/nav_2d_msgs
[2.286s] -- Up-to-date: /home/ros2/ros2_rc/install/nav_2d_msgs/include/nav_2d_msgs/nav_2d_msgs/msg
[2.287s] -- Up-to-date: /home/ros2/ros2_rc/install/nav_2d_msgs/include/nav_2d_msgs/nav_2d_msgs/msg/rosidl_typesupport_fastrtps_c__visibility_control.h
[2.287s] -- Up-to-date: /home/ros2/ros2_rc/install/nav_2d_msgs/include/nav_2d_msgs/nav_2d_msgs/msg/detail
[2.288s] -- Up-to-date: /home/ros2/ros2_rc/install/nav_2d_msgs/include/nav_2d_msgs/nav_2d_msgs/msg/detail/pose2_d32__rosidl_typesupport_fastrtps_c.h
[2.289s] -- Up-to-date: /home/ros2/ros2_rc/install/nav_2d_msgs/include/nav_2d_msgs/nav_2d_msgs/msg/detail/twist2_d32__rosidl_typesupport_fastrtps_c.h
[2.289s] -- Up-to-date: /home/ros2/ros2_rc/install/nav_2d_msgs/include/nav_2d_msgs/nav_2d_msgs/msg/detail/twist2_d__rosidl_typesupport_fastrtps_c.h
[2.290s] -- Up-to-date: /home/ros2/ros2_rc/install/nav_2d_msgs/include/nav_2d_msgs/nav_2d_msgs/msg/detail/path2_d__rosidl_typesupport_fastrtps_c.h
[2.290s] -- Up-to-date: /home/ros2/ros2_rc/install/nav_2d_msgs/include/nav_2d_msgs/nav_2d_msgs/msg/detail/pose2_d_stamped__rosidl_typesupport_fastrtps_c.h
[2.290s] -- Up-to-date: /home/ros2/ros2_rc/install/nav_2d_msgs/include/nav_2d_msgs/nav_2d_msgs/msg/detail/twist2_d_stamped__rosidl_typesupport_fastrtps_c.h
[2.292s] -- Up-to-date: /home/ros2/ros2_rc/install/nav_2d_msgs/lib/libnav_2d_msgs__rosidl_typesupport_fastrtps_c.so
[2.293s] -- Up-to-date: /home/ros2/ros2_rc/install/nav_2d_msgs/include/nav_2d_msgs/nav_2d_msgs
[2.293s] -- Up-to-date: /home/ros2/ros2_rc/install/nav_2d_msgs/include/nav_2d_msgs/nav_2d_msgs/msg
[2.295s] -- Up-to-date: /home/ros2/ros2_rc/install/nav_2d_msgs/include/nav_2d_msgs/nav_2d_msgs/msg/path2_d.hpp
[2.296s] -- Up-to-date: /home/ros2/ros2_rc/install/nav_2d_msgs/include/nav_2d_msgs/nav_2d_msgs/msg/twist2_d_stamped.hpp
[2.296s] -- Up-to-date: /home/ros2/ros2_rc/install/nav_2d_msgs/include/nav_2d_msgs/nav_2d_msgs/msg/pose2_d32.hpp
[2.296s] -- Up-to-date: /home/ros2/ros2_rc/install/nav_2d_msgs/include/nav_2d_msgs/nav_2d_msgs/msg/twist2_d.hpp
[2.296s] -- Up-to-date: /home/ros2/ros2_rc/install/nav_2d_msgs/include/nav_2d_msgs/nav_2d_msgs/msg/twist2_d32.hpp
[2.297s] -- Up-to-date: /home/ros2/ros2_rc/install/nav_2d_msgs/include/nav_2d_msgs/nav_2d_msgs/msg/detail
[2.297s] -- Up-to-date: /home/ros2/ros2_rc/install/nav_2d_msgs/include/nav_2d_msgs/nav_2d_msgs/msg/detail/pose2_d32__traits.hpp
[2.297s] -- Up-to-date: /home/ros2/ros2_rc/install/nav_2d_msgs/include/nav_2d_msgs/nav_2d_msgs/msg/detail/twist2_d32__struct.hpp
[2.298s] -- Up-to-date: /home/ros2/ros2_rc/install/nav_2d_msgs/include/nav_2d_msgs/nav_2d_msgs/msg/detail/path2_d__struct.hpp
[2.298s] -- Up-to-date: /home/ros2/ros2_rc/install/nav_2d_msgs/include/nav_2d_msgs/nav_2d_msgs/msg/detail/twist2_d_stamped__builder.hpp
[2.299s] -- Up-to-date: /home/ros2/ros2_rc/install/nav_2d_msgs/include/nav_2d_msgs/nav_2d_msgs/msg/detail/twist2_d__struct.hpp
[2.299s] -- Up-to-date: /home/ros2/ros2_rc/install/nav_2d_msgs/include/nav_2d_msgs/nav_2d_msgs/msg/detail/pose2_d32__builder.hpp
[2.299s] -- Up-to-date: /home/ros2/ros2_rc/install/nav_2d_msgs/include/nav_2d_msgs/nav_2d_msgs/msg/detail/twist2_d32__builder.hpp
[2.299s] -- Up-to-date: /home/ros2/ros2_rc/install/nav_2d_msgs/include/nav_2d_msgs/nav_2d_msgs/msg/detail/twist2_d32__traits.hpp
[2.299s] -- Up-to-date: /home/ros2/ros2_rc/install/nav_2d_msgs/include/nav_2d_msgs/nav_2d_msgs/msg/detail/twist2_d_stamped__traits.hpp
[2.299s] -- Up-to-date: /home/ros2/ros2_rc/install/nav_2d_msgs/include/nav_2d_msgs/nav_2d_msgs/msg/detail/path2_d__builder.hpp
[2.299s] -- Up-to-date: /home/ros2/ros2_rc/install/nav_2d_msgs/include/nav_2d_msgs/nav_2d_msgs/msg/detail/pose2_d_stamped__traits.hpp
[2.299s] -- Up-to-date: /home/ros2/ros2_rc/install/nav_2d_msgs/include/nav_2d_msgs/nav_2d_msgs/msg/detail/pose2_d_stamped__builder.hpp
[2.299s] -- Up-to-date: /home/ros2/ros2_rc/install/nav_2d_msgs/include/nav_2d_msgs/nav_2d_msgs/msg/detail/pose2_d32__struct.hpp
[2.299s] -- Up-to-date: /home/ros2/ros2_rc/install/nav_2d_msgs/include/nav_2d_msgs/nav_2d_msgs/msg/detail/twist2_d_stamped__struct.hpp
[2.299s] -- Up-to-date: /home/ros2/ros2_rc/install/nav_2d_msgs/include/nav_2d_msgs/nav_2d_msgs/msg/detail/twist2_d__traits.hpp
[2.299s] -- Up-to-date: /home/ros2/ros2_rc/install/nav_2d_msgs/include/nav_2d_msgs/nav_2d_msgs/msg/detail/path2_d__traits.hpp
[2.299s] -- Up-to-date: /home/ros2/ros2_rc/install/nav_2d_msgs/include/nav_2d_msgs/nav_2d_msgs/msg/detail/pose2_d_stamped__struct.hpp
[2.300s] -- Up-to-date: /home/ros2/ros2_rc/install/nav_2d_msgs/include/nav_2d_msgs/nav_2d_msgs/msg/detail/twist2_d__builder.hpp
[2.300s] -- Up-to-date: /home/ros2/ros2_rc/install/nav_2d_msgs/include/nav_2d_msgs/nav_2d_msgs/msg/pose2_d_stamped.hpp
[2.300s] -- Up-to-date: /home/ros2/ros2_rc/install/nav_2d_msgs/include/nav_2d_msgs/nav_2d_msgs
[2.300s] -- Up-to-date: /home/ros2/ros2_rc/install/nav_2d_msgs/include/nav_2d_msgs/nav_2d_msgs/msg
[2.300s] -- Up-to-date: /home/ros2/ros2_rc/install/nav_2d_msgs/include/nav_2d_msgs/nav_2d_msgs/msg/rosidl_typesupport_fastrtps_cpp__visibility_control.h
[2.300s] -- Up-to-date: /home/ros2/ros2_rc/install/nav_2d_msgs/include/nav_2d_msgs/nav_2d_msgs/msg/detail
[2.300s] -- Up-to-date: /home/ros2/ros2_rc/install/nav_2d_msgs/include/nav_2d_msgs/nav_2d_msgs/msg/detail/twist2_d32__rosidl_typesupport_fastrtps_cpp.hpp
[2.300s] -- Up-to-date: /home/ros2/ros2_rc/install/nav_2d_msgs/include/nav_2d_msgs/nav_2d_msgs/msg/detail/pose2_d32__rosidl_typesupport_fastrtps_cpp.hpp
[2.300s] -- Up-to-date: /home/ros2/ros2_rc/install/nav_2d_msgs/include/nav_2d_msgs/nav_2d_msgs/msg/detail/pose2_d_stamped__rosidl_typesupport_fastrtps_cpp.hpp
[2.300s] -- Up-to-date: /home/ros2/ros2_rc/install/nav_2d_msgs/include/nav_2d_msgs/nav_2d_msgs/msg/detail/twist2_d_stamped__rosidl_typesupport_fastrtps_cpp.hpp
[2.301s] -- Up-to-date: /home/ros2/ros2_rc/install/nav_2d_msgs/include/nav_2d_msgs/nav_2d_msgs/msg/detail/path2_d__rosidl_typesupport_fastrtps_cpp.hpp
[2.301s] -- Up-to-date: /home/ros2/ros2_rc/install/nav_2d_msgs/include/nav_2d_msgs/nav_2d_msgs/msg/detail/dds_fastrtps
[2.301s] -- Up-to-date: /home/ros2/ros2_rc/install/nav_2d_msgs/include/nav_2d_msgs/nav_2d_msgs/msg/detail/twist2_d__rosidl_typesupport_fastrtps_cpp.hpp
[2.301s] -- Up-to-date: /home/ros2/ros2_rc/install/nav_2d_msgs/lib/libnav_2d_msgs__rosidl_typesupport_fastrtps_cpp.so
[2.301s] -- Up-to-date: /home/ros2/ros2_rc/install/nav_2d_msgs/include/nav_2d_msgs/nav_2d_msgs
[2.301s] -- Up-to-date: /home/ros2/ros2_rc/install/nav_2d_msgs/include/nav_2d_msgs/nav_2d_msgs/msg
[2.301s] -- Up-to-date: /home/ros2/ros2_rc/install/nav_2d_msgs/include/nav_2d_msgs/nav_2d_msgs/msg/detail
[2.301s] -- Up-to-date: /home/ros2/ros2_rc/install/nav_2d_msgs/include/nav_2d_msgs/nav_2d_msgs/msg/detail/pose2_d32__type_support.c
[2.301s] -- Up-to-date: /home/ros2/ros2_rc/install/nav_2d_msgs/include/nav_2d_msgs/nav_2d_msgs/msg/detail/twist2_d_stamped__type_support.c
[2.301s] -- Up-to-date: /home/ros2/ros2_rc/install/nav_2d_msgs/include/nav_2d_msgs/nav_2d_msgs/msg/detail/twist2_d__rosidl_typesupport_introspection_c.h
[2.301s] -- Up-to-date: /home/ros2/ros2_rc/install/nav_2d_msgs/include/nav_2d_msgs/nav_2d_msgs/msg/detail/pose2_d_stamped__rosidl_typesupport_introspection_c.h
[2.301s] -- Up-to-date: /home/ros2/ros2_rc/install/nav_2d_msgs/include/nav_2d_msgs/nav_2d_msgs/msg/detail/twist2_d32__rosidl_typesupport_introspection_c.h
[2.301s] -- Up-to-date: /home/ros2/ros2_rc/install/nav_2d_msgs/include/nav_2d_msgs/nav_2d_msgs/msg/detail/twist2_d__type_support.c
[2.302s] -- Up-to-date: /home/ros2/ros2_rc/install/nav_2d_msgs/include/nav_2d_msgs/nav_2d_msgs/msg/detail/path2_d__type_support.c
[2.302s] -- Up-to-date: /home/ros2/ros2_rc/install/nav_2d_msgs/include/nav_2d_msgs/nav_2d_msgs/msg/detail/path2_d__rosidl_typesupport_introspection_c.h
[2.302s] -- Up-to-date: /home/ros2/ros2_rc/install/nav_2d_msgs/include/nav_2d_msgs/nav_2d_msgs/msg/detail/pose2_d_stamped__type_support.c
[2.302s] -- Up-to-date: /home/ros2/ros2_rc/install/nav_2d_msgs/include/nav_2d_msgs/nav_2d_msgs/msg/detail/pose2_d32__rosidl_typesupport_introspection_c.h
[2.302s] -- Up-to-date: /home/ros2/ros2_rc/install/nav_2d_msgs/include/nav_2d_msgs/nav_2d_msgs/msg/detail/twist2_d32__type_support.c
[2.302s] -- Up-to-date: /home/ros2/ros2_rc/install/nav_2d_msgs/include/nav_2d_msgs/nav_2d_msgs/msg/detail/twist2_d_stamped__rosidl_typesupport_introspection_c.h
[2.302s] -- Up-to-date: /home/ros2/ros2_rc/install/nav_2d_msgs/include/nav_2d_msgs/nav_2d_msgs/msg/rosidl_typesupport_introspection_c__visibility_control.h
[2.302s] -- Up-to-date: /home/ros2/ros2_rc/install/nav_2d_msgs/lib/libnav_2d_msgs__rosidl_typesupport_introspection_c.so
[2.302s] -- Up-to-date: /home/ros2/ros2_rc/install/nav_2d_msgs/lib/libnav_2d_msgs__rosidl_typesupport_c.so
[2.302s] -- Up-to-date: /home/ros2/ros2_rc/install/nav_2d_msgs/include/nav_2d_msgs/nav_2d_msgs
[2.302s] -- Up-to-date: /home/ros2/ros2_rc/install/nav_2d_msgs/include/nav_2d_msgs/nav_2d_msgs/msg
[2.303s] -- Up-to-date: /home/ros2/ros2_rc/install/nav_2d_msgs/include/nav_2d_msgs/nav_2d_msgs/msg/detail
[2.303s] -- Up-to-date: /home/ros2/ros2_rc/install/nav_2d_msgs/include/nav_2d_msgs/nav_2d_msgs/msg/detail/path2_d__rosidl_typesupport_introspection_cpp.hpp
[2.303s] -- Up-to-date: /home/ros2/ros2_rc/install/nav_2d_msgs/include/nav_2d_msgs/nav_2d_msgs/msg/detail/pose2_d_stamped__type_support.cpp
[2.303s] -- Up-to-date: /home/ros2/ros2_rc/install/nav_2d_msgs/include/nav_2d_msgs/nav_2d_msgs/msg/detail/pose2_d32__rosidl_typesupport_introspection_cpp.hpp
[2.303s] -- Up-to-date: /home/ros2/ros2_rc/install/nav_2d_msgs/include/nav_2d_msgs/nav_2d_msgs/msg/detail/twist2_d32__rosidl_typesupport_introspection_cpp.hpp
[2.303s] -- Up-to-date: /home/ros2/ros2_rc/install/nav_2d_msgs/include/nav_2d_msgs/nav_2d_msgs/msg/detail/path2_d__type_support.cpp
[2.303s] -- Up-to-date: /home/ros2/ros2_rc/install/nav_2d_msgs/include/nav_2d_msgs/nav_2d_msgs/msg/detail/twist2_d__rosidl_typesupport_introspection_cpp.hpp
[2.303s] -- Up-to-date: /home/ros2/ros2_rc/install/nav_2d_msgs/include/nav_2d_msgs/nav_2d_msgs/msg/detail/pose2_d32__type_support.cpp
[2.303s] -- Up-to-date: /home/ros2/ros2_rc/install/nav_2d_msgs/include/nav_2d_msgs/nav_2d_msgs/msg/detail/twist2_d32__type_support.cpp
[2.303s] -- Up-to-date: /home/ros2/ros2_rc/install/nav_2d_msgs/include/nav_2d_msgs/nav_2d_msgs/msg/detail/twist2_d_stamped__type_support.cpp
[2.304s] -- Up-to-date: /home/ros2/ros2_rc/install/nav_2d_msgs/include/nav_2d_msgs/nav_2d_msgs/msg/detail/twist2_d__type_support.cpp
[2.304s] -- Up-to-date: /home/ros2/ros2_rc/install/nav_2d_msgs/include/nav_2d_msgs/nav_2d_msgs/msg/detail/twist2_d_stamped__rosidl_typesupport_introspection_cpp.hpp
[2.304s] -- Up-to-date: /home/ros2/ros2_rc/install/nav_2d_msgs/include/nav_2d_msgs/nav_2d_msgs/msg/detail/pose2_d_stamped__rosidl_typesupport_introspection_cpp.hpp
[2.304s] -- Up-to-date: /home/ros2/ros2_rc/install/nav_2d_msgs/lib/libnav_2d_msgs__rosidl_typesupport_introspection_cpp.so
[2.304s] -- Up-to-date: /home/ros2/ros2_rc/install/nav_2d_msgs/lib/libnav_2d_msgs__rosidl_typesupport_cpp.so
[2.304s] -- Up-to-date: /home/ros2/ros2_rc/install/nav_2d_msgs/share/nav_2d_msgs/environment/pythonpath.sh
[2.304s] -- Up-to-date: /home/ros2/ros2_rc/install/nav_2d_msgs/share/nav_2d_msgs/environment/pythonpath.dsv
[2.305s] -- Up-to-date: /home/ros2/ros2_rc/install/nav_2d_msgs/local/lib/python3.10/dist-packages/nav_2d_msgs-1.1.16-py3.10.egg-info
[2.305s] -- Installing: /home/ros2/ros2_rc/install/nav_2d_msgs/local/lib/python3.10/dist-packages/nav_2d_msgs-1.1.16-py3.10.egg-info/SOURCES.txt
[2.305s] -- Installing: /home/ros2/ros2_rc/install/nav_2d_msgs/local/lib/python3.10/dist-packages/nav_2d_msgs-1.1.16-py3.10.egg-info/PKG-INFO
[2.305s] -- Installing: /home/ros2/ros2_rc/install/nav_2d_msgs/local/lib/python3.10/dist-packages/nav_2d_msgs-1.1.16-py3.10.egg-info/top_level.txt
[2.305s] -- Installing: /home/ros2/ros2_rc/install/nav_2d_msgs/local/lib/python3.10/dist-packages/nav_2d_msgs-1.1.16-py3.10.egg-info/dependency_links.txt
[2.305s] -- Up-to-date: /home/ros2/ros2_rc/install/nav_2d_msgs/local/lib/python3.10/dist-packages/nav_2d_msgs
[2.305s] -- Up-to-date: /home/ros2/ros2_rc/install/nav_2d_msgs/local/lib/python3.10/dist-packages/nav_2d_msgs/__init__.py
[2.305s] -- Up-to-date: /home/ros2/ros2_rc/install/nav_2d_msgs/local/lib/python3.10/dist-packages/nav_2d_msgs/nav_2d_msgs_s__rosidl_typesupport_introspection_c.cpython-310-x86_64-linux-gnu.so
[2.305s] -- Up-to-date: /home/ros2/ros2_rc/install/nav_2d_msgs/local/lib/python3.10/dist-packages/nav_2d_msgs/_nav_2d_msgs_s.ep.rosidl_typesupport_fastrtps_c.c
[2.306s] -- Up-to-date: /home/ros2/ros2_rc/install/nav_2d_msgs/local/lib/python3.10/dist-packages/nav_2d_msgs/_nav_2d_msgs_s.ep.rosidl_typesupport_introspection_c.c
[2.306s] -- Up-to-date: /home/ros2/ros2_rc/install/nav_2d_msgs/local/lib/python3.10/dist-packages/nav_2d_msgs/nav_2d_msgs_s__rosidl_typesupport_fastrtps_c.cpython-310-x86_64-linux-gnu.so
[2.306s] -- Up-to-date: /home/ros2/ros2_rc/install/nav_2d_msgs/local/lib/python3.10/dist-packages/nav_2d_msgs/libnav_2d_msgs__rosidl_generator_py.so
[2.306s] -- Up-to-date: /home/ros2/ros2_rc/install/nav_2d_msgs/local/lib/python3.10/dist-packages/nav_2d_msgs/msg
[2.306s] -- Up-to-date: /home/ros2/ros2_rc/install/nav_2d_msgs/local/lib/python3.10/dist-packages/nav_2d_msgs/msg/__init__.py
[2.306s] -- Up-to-date: /home/ros2/ros2_rc/install/nav_2d_msgs/local/lib/python3.10/dist-packages/nav_2d_msgs/msg/_twist2_d.py
[2.306s] -- Up-to-date: /home/ros2/ros2_rc/install/nav_2d_msgs/local/lib/python3.10/dist-packages/nav_2d_msgs/msg/_pose2_d32_s.c
[2.306s] -- Up-to-date: /home/ros2/ros2_rc/install/nav_2d_msgs/local/lib/python3.10/dist-packages/nav_2d_msgs/msg/_pose2_d_stamped_s.c
[2.306s] -- Up-to-date: /home/ros2/ros2_rc/install/nav_2d_msgs/local/lib/python3.10/dist-packages/nav_2d_msgs/msg/_pose2_d32.py
[2.307s] -- Up-to-date: /home/ros2/ros2_rc/install/nav_2d_msgs/local/lib/python3.10/dist-packages/nav_2d_msgs/msg/_twist2_d32.py
[2.307s] -- Up-to-date: /home/ros2/ros2_rc/install/nav_2d_msgs/local/lib/python3.10/dist-packages/nav_2d_msgs/msg/_twist2_d_stamped.py
[2.307s] -- Up-to-date: /home/ros2/ros2_rc/install/nav_2d_msgs/local/lib/python3.10/dist-packages/nav_2d_msgs/msg/_twist2_d32_s.c
[2.307s] -- Up-to-date: /home/ros2/ros2_rc/install/nav_2d_msgs/local/lib/python3.10/dist-packages/nav_2d_msgs/msg/_path2_d.py
[2.307s] -- Up-to-date: /home/ros2/ros2_rc/install/nav_2d_msgs/local/lib/python3.10/dist-packages/nav_2d_msgs/msg/_twist2_d_stamped_s.c
[2.307s] -- Up-to-date: /home/ros2/ros2_rc/install/nav_2d_msgs/local/lib/python3.10/dist-packages/nav_2d_msgs/msg/_pose2_d_stamped.py
[2.307s] -- Up-to-date: /home/ros2/ros2_rc/install/nav_2d_msgs/local/lib/python3.10/dist-packages/nav_2d_msgs/msg/_path2_d_s.c
[2.307s] -- Up-to-date: /home/ros2/ros2_rc/install/nav_2d_msgs/local/lib/python3.10/dist-packages/nav_2d_msgs/msg/_twist2_d_s.c
[2.307s] -- Up-to-date: /home/ros2/ros2_rc/install/nav_2d_msgs/local/lib/python3.10/dist-packages/nav_2d_msgs/nav_2d_msgs_s__rosidl_typesupport_c.cpython-310-x86_64-linux-gnu.so
[2.308s] -- Up-to-date: /home/ros2/ros2_rc/install/nav_2d_msgs/local/lib/python3.10/dist-packages/nav_2d_msgs/_nav_2d_msgs_s.ep.rosidl_typesupport_c.c
[2.379s] Listing '/home/ros2/ros2_rc/install/nav_2d_msgs/local/lib/python3.10/dist-packages/nav_2d_msgs'...
[2.379s] Listing '/home/ros2/ros2_rc/install/nav_2d_msgs/local/lib/python3.10/dist-packages/nav_2d_msgs/msg'...
[2.390s] -- Up-to-date: /home/ros2/ros2_rc/install/nav_2d_msgs/local/lib/python3.10/dist-packages/nav_2d_msgs/nav_2d_msgs_s__rosidl_typesupport_fastrtps_c.cpython-310-x86_64-linux-gnu.so
[2.391s] -- Up-to-date: /home/ros2/ros2_rc/install/nav_2d_msgs/local/lib/python3.10/dist-packages/nav_2d_msgs/nav_2d_msgs_s__rosidl_typesupport_introspection_c.cpython-310-x86_64-linux-gnu.so
[2.392s] -- Up-to-date: /home/ros2/ros2_rc/install/nav_2d_msgs/local/lib/python3.10/dist-packages/nav_2d_msgs/nav_2d_msgs_s__rosidl_typesupport_c.cpython-310-x86_64-linux-gnu.so
[2.394s] -- Up-to-date: /home/ros2/ros2_rc/install/nav_2d_msgs/lib/libnav_2d_msgs__rosidl_generator_py.so
[2.394s] -- Up-to-date: /home/ros2/ros2_rc/install/nav_2d_msgs/share/nav_2d_msgs/msg/Path2D.idl
[2.395s] -- Up-to-date: /home/ros2/ros2_rc/install/nav_2d_msgs/share/nav_2d_msgs/msg/Pose2D32.idl
[2.395s] -- Up-to-date: /home/ros2/ros2_rc/install/nav_2d_msgs/share/nav_2d_msgs/msg/Pose2DStamped.idl
[2.395s] -- Up-to-date: /home/ros2/ros2_rc/install/nav_2d_msgs/share/nav_2d_msgs/msg/Twist2D.idl
[2.395s] -- Up-to-date: /home/ros2/ros2_rc/install/nav_2d_msgs/share/nav_2d_msgs/msg/Twist2D32.idl
[2.396s] -- Up-to-date: /home/ros2/ros2_rc/install/nav_2d_msgs/share/nav_2d_msgs/msg/Twist2DStamped.idl
[2.396s] -- Up-to-date: /home/ros2/ros2_rc/install/nav_2d_msgs/share/nav_2d_msgs/msg/Path2D.msg
[2.396s] -- Up-to-date: /home/ros2/ros2_rc/install/nav_2d_msgs/share/nav_2d_msgs/msg/Pose2D32.msg
[2.396s] -- Up-to-date: /home/ros2/ros2_rc/install/nav_2d_msgs/share/nav_2d_msgs/msg/Pose2DStamped.msg
[2.396s] -- Up-to-date: /home/ros2/ros2_rc/install/nav_2d_msgs/share/nav_2d_msgs/msg/Twist2D.msg
[2.396s] -- Up-to-date: /home/ros2/ros2_rc/install/nav_2d_msgs/share/nav_2d_msgs/msg/Twist2D32.msg
[2.396s] -- Up-to-date: /home/ros2/ros2_rc/install/nav_2d_msgs/share/nav_2d_msgs/msg/Twist2DStamped.msg
[2.396s] -- Up-to-date: /home/ros2/ros2_rc/install/nav_2d_msgs/share/ament_index/resource_index/package_run_dependencies/nav_2d_msgs
[2.397s] -- Up-to-date: /home/ros2/ros2_rc/install/nav_2d_msgs/share/ament_index/resource_index/parent_prefix_path/nav_2d_msgs
[2.397s] -- Up-to-date: /home/ros2/ros2_rc/install/nav_2d_msgs/share/nav_2d_msgs/environment/ament_prefix_path.sh
[2.397s] -- Up-to-date: /home/ros2/ros2_rc/install/nav_2d_msgs/share/nav_2d_msgs/environment/ament_prefix_path.dsv
[2.397s] -- Up-to-date: /home/ros2/ros2_rc/install/nav_2d_msgs/share/nav_2d_msgs/environment/path.sh
[2.397s] -- Up-to-date: /home/ros2/ros2_rc/install/nav_2d_msgs/share/nav_2d_msgs/environment/path.dsv
[2.397s] -- Up-to-date: /home/ros2/ros2_rc/install/nav_2d_msgs/share/nav_2d_msgs/local_setup.bash
[2.397s] -- Up-to-date: /home/ros2/ros2_rc/install/nav_2d_msgs/share/nav_2d_msgs/local_setup.sh
[2.398s] -- Up-to-date: /home/ros2/ros2_rc/install/nav_2d_msgs/share/nav_2d_msgs/local_setup.zsh
[2.398s] -- Up-to-date: /home/ros2/ros2_rc/install/nav_2d_msgs/share/nav_2d_msgs/local_setup.dsv
[2.398s] -- Installing: /home/ros2/ros2_rc/install/nav_2d_msgs/share/nav_2d_msgs/package.dsv
[2.398s] -- Up-to-date: /home/ros2/ros2_rc/install/nav_2d_msgs/share/ament_index/resource_index/packages/nav_2d_msgs
[2.398s] -- Up-to-date: /home/ros2/ros2_rc/install/nav_2d_msgs/share/nav_2d_msgs/cmake/export_nav_2d_msgs__rosidl_generator_cExport.cmake
[2.399s] -- Up-to-date: /home/ros2/ros2_rc/install/nav_2d_msgs/share/nav_2d_msgs/cmake/export_nav_2d_msgs__rosidl_generator_cExport-noconfig.cmake
[2.400s] -- Up-to-date: /home/ros2/ros2_rc/install/nav_2d_msgs/share/nav_2d_msgs/cmake/export_nav_2d_msgs__rosidl_typesupport_fastrtps_cExport.cmake
[2.400s] -- Up-to-date: /home/ros2/ros2_rc/install/nav_2d_msgs/share/nav_2d_msgs/cmake/export_nav_2d_msgs__rosidl_typesupport_fastrtps_cExport-noconfig.cmake
[2.402s] -- Up-to-date: /home/ros2/ros2_rc/install/nav_2d_msgs/share/nav_2d_msgs/cmake/export_nav_2d_msgs__rosidl_generator_cppExport.cmake
[2.403s] -- Up-to-date: /home/ros2/ros2_rc/install/nav_2d_msgs/share/nav_2d_msgs/cmake/export_nav_2d_msgs__rosidl_typesupport_fastrtps_cppExport.cmake
[2.403s] -- Up-to-date: /home/ros2/ros2_rc/install/nav_2d_msgs/share/nav_2d_msgs/cmake/export_nav_2d_msgs__rosidl_typesupport_fastrtps_cppExport-noconfig.cmake
[2.405s] -- Up-to-date: /home/ros2/ros2_rc/install/nav_2d_msgs/share/nav_2d_msgs/cmake/nav_2d_msgs__rosidl_typesupport_introspection_cExport.cmake
[2.405s] -- Up-to-date: /home/ros2/ros2_rc/install/nav_2d_msgs/share/nav_2d_msgs/cmake/nav_2d_msgs__rosidl_typesupport_introspection_cExport-noconfig.cmake
[2.406s] -- Up-to-date: /home/ros2/ros2_rc/install/nav_2d_msgs/share/nav_2d_msgs/cmake/nav_2d_msgs__rosidl_typesupport_cExport.cmake
[2.406s] -- Up-to-date: /home/ros2/ros2_rc/install/nav_2d_msgs/share/nav_2d_msgs/cmake/nav_2d_msgs__rosidl_typesupport_cExport-noconfig.cmake
[2.407s] -- Up-to-date: /home/ros2/ros2_rc/install/nav_2d_msgs/share/nav_2d_msgs/cmake/nav_2d_msgs__rosidl_typesupport_introspection_cppExport.cmake
[2.408s] -- Up-to-date: /home/ros2/ros2_rc/install/nav_2d_msgs/share/nav_2d_msgs/cmake/nav_2d_msgs__rosidl_typesupport_introspection_cppExport-noconfig.cmake
[2.409s] -- Up-to-date: /home/ros2/ros2_rc/install/nav_2d_msgs/share/nav_2d_msgs/cmake/nav_2d_msgs__rosidl_typesupport_cppExport.cmake
[2.409s] -- Up-to-date: /home/ros2/ros2_rc/install/nav_2d_msgs/share/nav_2d_msgs/cmake/nav_2d_msgs__rosidl_typesupport_cppExport-noconfig.cmake
[2.410s] -- Up-to-date: /home/ros2/ros2_rc/install/nav_2d_msgs/share/nav_2d_msgs/cmake/export_nav_2d_msgs__rosidl_generator_pyExport.cmake
[2.410s] -- Up-to-date: /home/ros2/ros2_rc/install/nav_2d_msgs/share/nav_2d_msgs/cmake/export_nav_2d_msgs__rosidl_generator_pyExport-noconfig.cmake
[2.411s] -- Up-to-date: /home/ros2/ros2_rc/install/nav_2d_msgs/share/nav_2d_msgs/cmake/rosidl_cmake-extras.cmake
[2.411s] -- Up-to-date: /home/ros2/ros2_rc/install/nav_2d_msgs/share/nav_2d_msgs/cmake/ament_cmake_export_dependencies-extras.cmake
[2.411s] -- Up-to-date: /home/ros2/ros2_rc/install/nav_2d_msgs/share/nav_2d_msgs/cmake/ament_cmake_export_include_directories-extras.cmake
[2.411s] -- Up-to-date: /home/ros2/ros2_rc/install/nav_2d_msgs/share/nav_2d_msgs/cmake/ament_cmake_export_libraries-extras.cmake
[2.411s] -- Up-to-date: /home/ros2/ros2_rc/install/nav_2d_msgs/share/nav_2d_msgs/cmake/ament_cmake_export_targets-extras.cmake
[2.412s] -- Up-to-date: /home/ros2/ros2_rc/install/nav_2d_msgs/share/nav_2d_msgs/cmake/rosidl_cmake_export_typesupport_targets-extras.cmake
[2.412s] -- Up-to-date: /home/ros2/ros2_rc/install/nav_2d_msgs/share/nav_2d_msgs/cmake/rosidl_cmake_export_typesupport_libraries-extras.cmake
[2.412s] -- Up-to-date: /home/ros2/ros2_rc/install/nav_2d_msgs/share/nav_2d_msgs/cmake/nav_2d_msgsConfig.cmake
[2.412s] -- Up-to-date: /home/ros2/ros2_rc/install/nav_2d_msgs/share/nav_2d_msgs/cmake/nav_2d_msgsConfig-version.cmake
[2.412s] -- Up-to-date: /home/ros2/ros2_rc/install/nav_2d_msgs/share/nav_2d_msgs/package.xml
[2.418s] Invoked command in '/home/ros2/ros2_rc/build/nav_2d_msgs' returned '0': CMAKE_PREFIX_PATH=${CMAKE_PREFIX_PATH}:/home/ros2/ros2_rc/install/nav2_simple_commander:/home/ros2/ros2_rc/src/install/nav2_simple_commander:/opt/ros/humble /usr/bin/cmake --install /home/ros2/ros2_rc/build/nav_2d_msgs
