[0.076s] Invoking command in '/home/ros2/ros2_rc/build/smartcar_msgs': CMAKE_PREFIX_PATH=${CMAKE_PREFIX_PATH}:/home/ros2/ros2_rc/install/nav2_simple_commander:/home/ros2/ros2_rc/src/install/nav2_simple_commander:/opt/ros/humble /usr/bin/cmake --build /home/ros2/ros2_rc/build/smartcar_msgs -- -j10 -l10
[0.295s] [  3%] Built target smartcar_msgs__cpp
[0.304s] [ 12%] Built target smartcar_msgs__rosidl_generator_c
[0.437s] [ 22%] Built target smartcar_msgs__rosidl_typesupport_cpp
[0.439s] [ 22%] Built target ament_cmake_python_copy_smartcar_msgs
[0.447s] [ 32%] Built target smartcar_msgs__rosidl_typesupport_fastrtps_cpp
[0.472s] [ 45%] Built target smartcar_msgs__rosidl_typesupport_c
[0.478s] [ 51%] Built target smartcar_msgs__rosidl_typesupport_introspection_c
[0.495s] [ 61%] Built target smartcar_msgs__rosidl_typesupport_fastrtps_c
[0.509s] [ 70%] Built target smartcar_msgs__rosidl_typesupport_introspection_cpp
[0.621s] [ 70%] Built target smartcar_msgs
[0.690s] [ 74%] Built target smartcar_msgs__py
[0.801s] [ 80%] Built target smartcar_msgs__rosidl_generator_py
[0.900s] [ 87%] Built target smartcar_msgs__rosidl_typesupport_fastrtps_c__pyext
[0.971s] [100%] Built target smartcar_msgs__rosidl_typesupport_c__pyext
[0.971s] [100%] Built target smartcar_msgs__rosidl_typesupport_introspection_c__pyext
[1.102s] running egg_info
[1.104s] writing smartcar_msgs.egg-info/PKG-INFO
[1.105s] writing dependency_links to smartcar_msgs.egg-info/dependency_links.txt
[1.106s] writing top-level names to smartcar_msgs.egg-info/top_level.txt
[1.111s] reading manifest file 'smartcar_msgs.egg-info/SOURCES.txt'
[1.113s] writing manifest file 'smartcar_msgs.egg-info/SOURCES.txt'
[1.200s] [100%] Built target ament_cmake_python_build_smartcar_msgs_egg
[1.233s] Invoked command in '/home/ros2/ros2_rc/build/smartcar_msgs' returned '0': CMAKE_PREFIX_PATH=${CMAKE_PREFIX_PATH}:/home/ros2/ros2_rc/install/nav2_simple_commander:/home/ros2/ros2_rc/src/install/nav2_simple_commander:/opt/ros/humble /usr/bin/cmake --build /home/ros2/ros2_rc/build/smartcar_msgs -- -j10 -l10
[1.542s] Invoking command in '/home/ros2/ros2_rc/build/smartcar_msgs': CMAKE_PREFIX_PATH=${CMAKE_PREFIX_PATH}:/home/ros2/ros2_rc/install/nav2_simple_commander:/home/ros2/ros2_rc/src/install/nav2_simple_commander:/opt/ros/humble /usr/bin/cmake --install /home/ros2/ros2_rc/build/smartcar_msgs
[1.569s] -- Install configuration: ""
[1.569s] -- Up-to-date: /home/ros2/ros2_rc/install/smartcar_msgs/share/ament_index/resource_index/rosidl_interfaces/smartcar_msgs
[1.571s] -- Up-to-date: /home/ros2/ros2_rc/install/smartcar_msgs/include/smartcar_msgs/smartcar_msgs
[1.571s] -- Up-to-date: /home/ros2/ros2_rc/install/smartcar_msgs/include/smartcar_msgs/smartcar_msgs/msg
[1.571s] -- Up-to-date: /home/ros2/ros2_rc/install/smartcar_msgs/include/smartcar_msgs/smartcar_msgs/msg/status.h
[1.571s] -- Up-to-date: /home/ros2/ros2_rc/install/smartcar_msgs/include/smartcar_msgs/smartcar_msgs/msg/rosidl_generator_c__visibility_control.h
[1.571s] -- Up-to-date: /home/ros2/ros2_rc/install/smartcar_msgs/include/smartcar_msgs/smartcar_msgs/msg/detail
[1.572s] -- Up-to-date: /home/ros2/ros2_rc/install/smartcar_msgs/include/smartcar_msgs/smartcar_msgs/msg/detail/status__type_support.h
[1.572s] -- Up-to-date: /home/ros2/ros2_rc/install/smartcar_msgs/include/smartcar_msgs/smartcar_msgs/msg/detail/status__functions.h
[1.572s] -- Up-to-date: /home/ros2/ros2_rc/install/smartcar_msgs/include/smartcar_msgs/smartcar_msgs/msg/detail/status__struct.h
[1.572s] -- Up-to-date: /home/ros2/ros2_rc/install/smartcar_msgs/include/smartcar_msgs/smartcar_msgs/msg/detail/status__functions.c
[1.573s] -- Up-to-date: /home/ros2/ros2_rc/install/smartcar_msgs/share/smartcar_msgs/environment/library_path.sh
[1.573s] -- Up-to-date: /home/ros2/ros2_rc/install/smartcar_msgs/share/smartcar_msgs/environment/library_path.dsv
[1.574s] -- Up-to-date: /home/ros2/ros2_rc/install/smartcar_msgs/lib/libsmartcar_msgs__rosidl_generator_c.so
[1.575s] -- Up-to-date: /home/ros2/ros2_rc/install/smartcar_msgs/include/smartcar_msgs/smartcar_msgs
[1.575s] -- Up-to-date: /home/ros2/ros2_rc/install/smartcar_msgs/include/smartcar_msgs/smartcar_msgs/msg
[1.576s] -- Up-to-date: /home/ros2/ros2_rc/install/smartcar_msgs/include/smartcar_msgs/smartcar_msgs/msg/rosidl_typesupport_fastrtps_c__visibility_control.h
[1.576s] -- Up-to-date: /home/ros2/ros2_rc/install/smartcar_msgs/include/smartcar_msgs/smartcar_msgs/msg/detail
[1.577s] -- Up-to-date: /home/ros2/ros2_rc/install/smartcar_msgs/include/smartcar_msgs/smartcar_msgs/msg/detail/status__rosidl_typesupport_fastrtps_c.h
[1.577s] -- Up-to-date: /home/ros2/ros2_rc/install/smartcar_msgs/lib/libsmartcar_msgs__rosidl_typesupport_fastrtps_c.so
[1.577s] -- Up-to-date: /home/ros2/ros2_rc/install/smartcar_msgs/include/smartcar_msgs/smartcar_msgs
[1.578s] -- Up-to-date: /home/ros2/ros2_rc/install/smartcar_msgs/include/smartcar_msgs/smartcar_msgs/msg
[1.578s] -- Up-to-date: /home/ros2/ros2_rc/install/smartcar_msgs/include/smartcar_msgs/smartcar_msgs/msg/detail
[1.578s] -- Up-to-date: /home/ros2/ros2_rc/install/smartcar_msgs/include/smartcar_msgs/smartcar_msgs/msg/detail/status__type_support.c
[1.578s] -- Up-to-date: /home/ros2/ros2_rc/install/smartcar_msgs/include/smartcar_msgs/smartcar_msgs/msg/detail/status__rosidl_typesupport_introspection_c.h
[1.579s] -- Up-to-date: /home/ros2/ros2_rc/install/smartcar_msgs/include/smartcar_msgs/smartcar_msgs/msg/rosidl_typesupport_introspection_c__visibility_control.h
[1.579s] -- Up-to-date: /home/ros2/ros2_rc/install/smartcar_msgs/lib/libsmartcar_msgs__rosidl_typesupport_introspection_c.so
[1.579s] -- Up-to-date: /home/ros2/ros2_rc/install/smartcar_msgs/lib/libsmartcar_msgs__rosidl_typesupport_c.so
[1.579s] -- Up-to-date: /home/ros2/ros2_rc/install/smartcar_msgs/include/smartcar_msgs/smartcar_msgs
[1.580s] -- Up-to-date: /home/ros2/ros2_rc/install/smartcar_msgs/include/smartcar_msgs/smartcar_msgs/msg
[1.580s] -- Up-to-date: /home/ros2/ros2_rc/install/smartcar_msgs/include/smartcar_msgs/smartcar_msgs/msg/detail
[1.580s] -- Up-to-date: /home/ros2/ros2_rc/install/smartcar_msgs/include/smartcar_msgs/smartcar_msgs/msg/detail/status__traits.hpp
[1.580s] -- Up-to-date: /home/ros2/ros2_rc/install/smartcar_msgs/include/smartcar_msgs/smartcar_msgs/msg/detail/status__struct.hpp
[1.581s] -- Up-to-date: /home/ros2/ros2_rc/install/smartcar_msgs/include/smartcar_msgs/smartcar_msgs/msg/detail/status__builder.hpp
[1.581s] -- Up-to-date: /home/ros2/ros2_rc/install/smartcar_msgs/include/smartcar_msgs/smartcar_msgs/msg/status.hpp
[1.581s] -- Up-to-date: /home/ros2/ros2_rc/install/smartcar_msgs/include/smartcar_msgs/smartcar_msgs
[1.581s] -- Up-to-date: /home/ros2/ros2_rc/install/smartcar_msgs/include/smartcar_msgs/smartcar_msgs/msg
[1.582s] -- Up-to-date: /home/ros2/ros2_rc/install/smartcar_msgs/include/smartcar_msgs/smartcar_msgs/msg/rosidl_typesupport_fastrtps_cpp__visibility_control.h
[1.582s] -- Up-to-date: /home/ros2/ros2_rc/install/smartcar_msgs/include/smartcar_msgs/smartcar_msgs/msg/detail
[1.582s] -- Up-to-date: /home/ros2/ros2_rc/install/smartcar_msgs/include/smartcar_msgs/smartcar_msgs/msg/detail/status__rosidl_typesupport_fastrtps_cpp.hpp
[1.583s] -- Up-to-date: /home/ros2/ros2_rc/install/smartcar_msgs/include/smartcar_msgs/smartcar_msgs/msg/detail/dds_fastrtps
[1.583s] -- Up-to-date: /home/ros2/ros2_rc/install/smartcar_msgs/lib/libsmartcar_msgs__rosidl_typesupport_fastrtps_cpp.so
[1.583s] -- Up-to-date: /home/ros2/ros2_rc/install/smartcar_msgs/include/smartcar_msgs/smartcar_msgs
[1.584s] -- Up-to-date: /home/ros2/ros2_rc/install/smartcar_msgs/include/smartcar_msgs/smartcar_msgs/msg
[1.584s] -- Up-to-date: /home/ros2/ros2_rc/install/smartcar_msgs/include/smartcar_msgs/smartcar_msgs/msg/detail
[1.584s] -- Up-to-date: /home/ros2/ros2_rc/install/smartcar_msgs/include/smartcar_msgs/smartcar_msgs/msg/detail/status__type_support.cpp
[1.585s] -- Up-to-date: /home/ros2/ros2_rc/install/smartcar_msgs/include/smartcar_msgs/smartcar_msgs/msg/detail/status__rosidl_typesupport_introspection_cpp.hpp
[1.585s] -- Up-to-date: /home/ros2/ros2_rc/install/smartcar_msgs/lib/libsmartcar_msgs__rosidl_typesupport_introspection_cpp.so
[1.586s] -- Up-to-date: /home/ros2/ros2_rc/install/smartcar_msgs/lib/libsmartcar_msgs__rosidl_typesupport_cpp.so
[1.586s] -- Up-to-date: /home/ros2/ros2_rc/install/smartcar_msgs/share/smartcar_msgs/environment/pythonpath.sh
[1.587s] -- Up-to-date: /home/ros2/ros2_rc/install/smartcar_msgs/share/smartcar_msgs/environment/pythonpath.dsv
[1.587s] -- Up-to-date: /home/ros2/ros2_rc/install/smartcar_msgs/local/lib/python3.10/dist-packages/smartcar_msgs-0.0.0-py3.10.egg-info
[1.587s] -- Installing: /home/ros2/ros2_rc/install/smartcar_msgs/local/lib/python3.10/dist-packages/smartcar_msgs-0.0.0-py3.10.egg-info/SOURCES.txt
[1.587s] -- Installing: /home/ros2/ros2_rc/install/smartcar_msgs/local/lib/python3.10/dist-packages/smartcar_msgs-0.0.0-py3.10.egg-info/PKG-INFO
[1.588s] -- Installing: /home/ros2/ros2_rc/install/smartcar_msgs/local/lib/python3.10/dist-packages/smartcar_msgs-0.0.0-py3.10.egg-info/top_level.txt
[1.588s] -- Installing: /home/ros2/ros2_rc/install/smartcar_msgs/local/lib/python3.10/dist-packages/smartcar_msgs-0.0.0-py3.10.egg-info/dependency_links.txt
[1.588s] -- Up-to-date: /home/ros2/ros2_rc/install/smartcar_msgs/local/lib/python3.10/dist-packages/smartcar_msgs
[1.588s] -- Up-to-date: /home/ros2/ros2_rc/install/smartcar_msgs/local/lib/python3.10/dist-packages/smartcar_msgs/__init__.py
[1.588s] -- Up-to-date: /home/ros2/ros2_rc/install/smartcar_msgs/local/lib/python3.10/dist-packages/smartcar_msgs/libsmartcar_msgs__rosidl_generator_py.so
[1.588s] -- Up-to-date: /home/ros2/ros2_rc/install/smartcar_msgs/local/lib/python3.10/dist-packages/smartcar_msgs/smartcar_msgs_s__rosidl_typesupport_introspection_c.cpython-310-x86_64-linux-gnu.so
[1.589s] -- Up-to-date: /home/ros2/ros2_rc/install/smartcar_msgs/local/lib/python3.10/dist-packages/smartcar_msgs/_smartcar_msgs_s.ep.rosidl_typesupport_c.c
[1.589s] -- Up-to-date: /home/ros2/ros2_rc/install/smartcar_msgs/local/lib/python3.10/dist-packages/smartcar_msgs/_smartcar_msgs_s.ep.rosidl_typesupport_fastrtps_c.c
[1.589s] -- Up-to-date: /home/ros2/ros2_rc/install/smartcar_msgs/local/lib/python3.10/dist-packages/smartcar_msgs/smartcar_msgs_s__rosidl_typesupport_fastrtps_c.cpython-310-x86_64-linux-gnu.so
[1.589s] -- Up-to-date: /home/ros2/ros2_rc/install/smartcar_msgs/local/lib/python3.10/dist-packages/smartcar_msgs/smartcar_msgs_s__rosidl_typesupport_c.cpython-310-x86_64-linux-gnu.so
[1.589s] -- Up-to-date: /home/ros2/ros2_rc/install/smartcar_msgs/local/lib/python3.10/dist-packages/smartcar_msgs/_smartcar_msgs_s.ep.rosidl_typesupport_introspection_c.c
[1.590s] -- Up-to-date: /home/ros2/ros2_rc/install/smartcar_msgs/local/lib/python3.10/dist-packages/smartcar_msgs/msg
[1.590s] -- Up-to-date: /home/ros2/ros2_rc/install/smartcar_msgs/local/lib/python3.10/dist-packages/smartcar_msgs/msg/__init__.py
[1.606s] -- Up-to-date: /home/ros2/ros2_rc/install/smartcar_msgs/local/lib/python3.10/dist-packages/smartcar_msgs/msg/_status_s.c
[1.607s] -- Up-to-date: /home/ros2/ros2_rc/install/smartcar_msgs/local/lib/python3.10/dist-packages/smartcar_msgs/msg/_status.py
[1.661s] Listing '/home/ros2/ros2_rc/install/smartcar_msgs/local/lib/python3.10/dist-packages/smartcar_msgs'...
[1.661s] Listing '/home/ros2/ros2_rc/install/smartcar_msgs/local/lib/python3.10/dist-packages/smartcar_msgs/msg'...
[1.669s] -- Up-to-date: /home/ros2/ros2_rc/install/smartcar_msgs/local/lib/python3.10/dist-packages/smartcar_msgs/smartcar_msgs_s__rosidl_typesupport_fastrtps_c.cpython-310-x86_64-linux-gnu.so
[1.669s] -- Up-to-date: /home/ros2/ros2_rc/install/smartcar_msgs/local/lib/python3.10/dist-packages/smartcar_msgs/smartcar_msgs_s__rosidl_typesupport_introspection_c.cpython-310-x86_64-linux-gnu.so
[1.670s] -- Up-to-date: /home/ros2/ros2_rc/install/smartcar_msgs/local/lib/python3.10/dist-packages/smartcar_msgs/smartcar_msgs_s__rosidl_typesupport_c.cpython-310-x86_64-linux-gnu.so
[1.671s] -- Up-to-date: /home/ros2/ros2_rc/install/smartcar_msgs/lib/libsmartcar_msgs__rosidl_generator_py.so
[1.671s] -- Up-to-date: /home/ros2/ros2_rc/install/smartcar_msgs/share/smartcar_msgs/msg/Status.idl
[1.671s] -- Up-to-date: /home/ros2/ros2_rc/install/smartcar_msgs/share/smartcar_msgs/msg/Status.msg
[1.671s] -- Up-to-date: /home/ros2/ros2_rc/install/smartcar_msgs/share/ament_index/resource_index/package_run_dependencies/smartcar_msgs
[1.671s] -- Up-to-date: /home/ros2/ros2_rc/install/smartcar_msgs/share/ament_index/resource_index/parent_prefix_path/smartcar_msgs
[1.682s] -- Up-to-date: /home/ros2/ros2_rc/install/smartcar_msgs/share/smartcar_msgs/environment/ament_prefix_path.sh
[1.683s] -- Up-to-date: /home/ros2/ros2_rc/install/smartcar_msgs/share/smartcar_msgs/environment/ament_prefix_path.dsv
[1.683s] -- Up-to-date: /home/ros2/ros2_rc/install/smartcar_msgs/share/smartcar_msgs/environment/path.sh
[1.683s] -- Up-to-date: /home/ros2/ros2_rc/install/smartcar_msgs/share/smartcar_msgs/environment/path.dsv
[1.684s] -- Up-to-date: /home/ros2/ros2_rc/install/smartcar_msgs/share/smartcar_msgs/local_setup.bash
[1.684s] -- Up-to-date: /home/ros2/ros2_rc/install/smartcar_msgs/share/smartcar_msgs/local_setup.sh
[1.685s] -- Up-to-date: /home/ros2/ros2_rc/install/smartcar_msgs/share/smartcar_msgs/local_setup.zsh
[1.685s] -- Up-to-date: /home/ros2/ros2_rc/install/smartcar_msgs/share/smartcar_msgs/local_setup.dsv
[1.685s] -- Installing: /home/ros2/ros2_rc/install/smartcar_msgs/share/smartcar_msgs/package.dsv
[1.685s] -- Up-to-date: /home/ros2/ros2_rc/install/smartcar_msgs/share/ament_index/resource_index/packages/smartcar_msgs
[1.687s] -- Up-to-date: /home/ros2/ros2_rc/install/smartcar_msgs/share/smartcar_msgs/cmake/export_smartcar_msgs__rosidl_generator_cExport.cmake
[1.687s] -- Up-to-date: /home/ros2/ros2_rc/install/smartcar_msgs/share/smartcar_msgs/cmake/export_smartcar_msgs__rosidl_generator_cExport-noconfig.cmake
[1.687s] -- Up-to-date: /home/ros2/ros2_rc/install/smartcar_msgs/share/smartcar_msgs/cmake/export_smartcar_msgs__rosidl_typesupport_fastrtps_cExport.cmake
[1.688s] -- Up-to-date: /home/ros2/ros2_rc/install/smartcar_msgs/share/smartcar_msgs/cmake/export_smartcar_msgs__rosidl_typesupport_fastrtps_cExport-noconfig.cmake
[1.688s] -- Up-to-date: /home/ros2/ros2_rc/install/smartcar_msgs/share/smartcar_msgs/cmake/smartcar_msgs__rosidl_typesupport_introspection_cExport.cmake
[1.689s] -- Up-to-date: /home/ros2/ros2_rc/install/smartcar_msgs/share/smartcar_msgs/cmake/smartcar_msgs__rosidl_typesupport_introspection_cExport-noconfig.cmake
[1.689s] -- Up-to-date: /home/ros2/ros2_rc/install/smartcar_msgs/share/smartcar_msgs/cmake/smartcar_msgs__rosidl_typesupport_cExport.cmake
[1.689s] -- Up-to-date: /home/ros2/ros2_rc/install/smartcar_msgs/share/smartcar_msgs/cmake/smartcar_msgs__rosidl_typesupport_cExport-noconfig.cmake
[1.690s] -- Up-to-date: /home/ros2/ros2_rc/install/smartcar_msgs/share/smartcar_msgs/cmake/export_smartcar_msgs__rosidl_generator_cppExport.cmake
[1.691s] -- Up-to-date: /home/ros2/ros2_rc/install/smartcar_msgs/share/smartcar_msgs/cmake/export_smartcar_msgs__rosidl_typesupport_fastrtps_cppExport.cmake
[1.691s] -- Up-to-date: /home/ros2/ros2_rc/install/smartcar_msgs/share/smartcar_msgs/cmake/export_smartcar_msgs__rosidl_typesupport_fastrtps_cppExport-noconfig.cmake
[1.692s] -- Up-to-date: /home/ros2/ros2_rc/install/smartcar_msgs/share/smartcar_msgs/cmake/smartcar_msgs__rosidl_typesupport_introspection_cppExport.cmake
[1.692s] -- Up-to-date: /home/ros2/ros2_rc/install/smartcar_msgs/share/smartcar_msgs/cmake/smartcar_msgs__rosidl_typesupport_introspection_cppExport-noconfig.cmake
[1.693s] -- Up-to-date: /home/ros2/ros2_rc/install/smartcar_msgs/share/smartcar_msgs/cmake/smartcar_msgs__rosidl_typesupport_cppExport.cmake
[1.694s] -- Up-to-date: /home/ros2/ros2_rc/install/smartcar_msgs/share/smartcar_msgs/cmake/smartcar_msgs__rosidl_typesupport_cppExport-noconfig.cmake
[1.695s] -- Up-to-date: /home/ros2/ros2_rc/install/smartcar_msgs/share/smartcar_msgs/cmake/export_smartcar_msgs__rosidl_generator_pyExport.cmake
[1.695s] -- Up-to-date: /home/ros2/ros2_rc/install/smartcar_msgs/share/smartcar_msgs/cmake/export_smartcar_msgs__rosidl_generator_pyExport-noconfig.cmake
[1.695s] -- Up-to-date: /home/ros2/ros2_rc/install/smartcar_msgs/share/smartcar_msgs/cmake/rosidl_cmake-extras.cmake
[1.696s] -- Up-to-date: /home/ros2/ros2_rc/install/smartcar_msgs/share/smartcar_msgs/cmake/ament_cmake_export_include_directories-extras.cmake
[1.697s] -- Up-to-date: /home/ros2/ros2_rc/install/smartcar_msgs/share/smartcar_msgs/cmake/ament_cmake_export_libraries-extras.cmake
[1.697s] -- Up-to-date: /home/ros2/ros2_rc/install/smartcar_msgs/share/smartcar_msgs/cmake/ament_cmake_export_targets-extras.cmake
[1.697s] -- Up-to-date: /home/ros2/ros2_rc/install/smartcar_msgs/share/smartcar_msgs/cmake/rosidl_cmake_export_typesupport_targets-extras.cmake
[1.697s] -- Up-to-date: /home/ros2/ros2_rc/install/smartcar_msgs/share/smartcar_msgs/cmake/ament_cmake_export_dependencies-extras.cmake
[1.699s] -- Up-to-date: /home/ros2/ros2_rc/install/smartcar_msgs/share/smartcar_msgs/cmake/rosidl_cmake_export_typesupport_libraries-extras.cmake
[1.700s] -- Up-to-date: /home/ros2/ros2_rc/install/smartcar_msgs/share/smartcar_msgs/cmake/smartcar_msgsConfig.cmake
[1.700s] -- Up-to-date: /home/ros2/ros2_rc/install/smartcar_msgs/share/smartcar_msgs/cmake/smartcar_msgsConfig-version.cmake
[1.701s] -- Up-to-date: /home/ros2/ros2_rc/install/smartcar_msgs/share/smartcar_msgs/package.xml
[1.702s] Invoked command in '/home/ros2/ros2_rc/build/smartcar_msgs' returned '0': CMAKE_PREFIX_PATH=${CMAKE_PREFIX_PATH}:/home/ros2/ros2_rc/install/nav2_simple_commander:/home/ros2/ros2_rc/src/install/nav2_simple_commander:/opt/ros/humble /usr/bin/cmake --install /home/ros2/ros2_rc/build/smartcar_msgs
