[0.074s] Invoking command in '/home/ros2/ros2_rc/src/build/nav2_common': CMAKE_PREFIX_PATH=${CMAKE_PREFIX_PATH}:/home/ros2/ros2_rc/src/install/nav2_simple_commander:/opt/ros/humble /usr/bin/cmake --build /home/ros2/ros2_rc/src/build/nav2_common -- -j9 -l9
[0.294s] Built target ament_cmake_python_copy_nav2_common
[0.841s] running egg_info
[0.842s] writing nav2_common.egg-info/PKG-INFO
[0.843s] writing dependency_links to nav2_common.egg-info/dependency_links.txt
[0.843s] writing top-level names to nav2_common.egg-info/top_level.txt
[0.849s] reading manifest file 'nav2_common.egg-info/SOURCES.txt'
[0.851s] writing manifest file 'nav2_common.egg-info/SOURCES.txt'
[0.916s] Built target ament_cmake_python_build_nav2_common_egg
[0.936s] Invoked command in '/home/ros2/ros2_rc/src/build/nav2_common' returned '0': CMAKE_PREFIX_PATH=${CMAKE_PREFIX_PATH}:/home/ros2/ros2_rc/src/install/nav2_simple_commander:/opt/ros/humble /usr/bin/cmake --build /home/ros2/ros2_rc/src/build/nav2_common -- -j9 -l9
[0.991s] Invoking command in '/home/ros2/ros2_rc/src/build/nav2_common': CMAKE_PREFIX_PATH=${CMAKE_PREFIX_PATH}:/home/ros2/ros2_rc/src/install/nav2_simple_commander:/opt/ros/humble /usr/bin/cmake --install /home/ros2/ros2_rc/src/build/nav2_common
[1.006s] -- Install configuration: ""
[1.006s] -- Up-to-date: /home/ros2/ros2_rc/src/install/nav2_common/share/nav2_common/environment/pythonpath.sh
[1.006s] -- Up-to-date: /home/ros2/ros2_rc/src/install/nav2_common/share/nav2_common/environment/pythonpath.dsv
[1.006s] -- Up-to-date: /home/ros2/ros2_rc/src/install/nav2_common/local/lib/python3.10/dist-packages/nav2_common-1.1.16-py3.10.egg-info
[1.006s] -- Installing: /home/ros2/ros2_rc/src/install/nav2_common/local/lib/python3.10/dist-packages/nav2_common-1.1.16-py3.10.egg-info/SOURCES.txt
[1.007s] -- Installing: /home/ros2/ros2_rc/src/install/nav2_common/local/lib/python3.10/dist-packages/nav2_common-1.1.16-py3.10.egg-info/PKG-INFO
[1.007s] -- Installing: /home/ros2/ros2_rc/src/install/nav2_common/local/lib/python3.10/dist-packages/nav2_common-1.1.16-py3.10.egg-info/top_level.txt
[1.008s] -- Installing: /home/ros2/ros2_rc/src/install/nav2_common/local/lib/python3.10/dist-packages/nav2_common-1.1.16-py3.10.egg-info/dependency_links.txt
[1.008s] -- Up-to-date: /home/ros2/ros2_rc/src/install/nav2_common/local/lib/python3.10/dist-packages/nav2_common
[1.008s] -- Up-to-date: /home/ros2/ros2_rc/src/install/nav2_common/local/lib/python3.10/dist-packages/nav2_common/__init__.py
[1.008s] -- Up-to-date: /home/ros2/ros2_rc/src/install/nav2_common/local/lib/python3.10/dist-packages/nav2_common/launch
[1.009s] -- Up-to-date: /home/ros2/ros2_rc/src/install/nav2_common/local/lib/python3.10/dist-packages/nav2_common/launch/__init__.py
[1.009s] -- Up-to-date: /home/ros2/ros2_rc/src/install/nav2_common/local/lib/python3.10/dist-packages/nav2_common/launch/rewritten_yaml.py
[1.009s] -- Up-to-date: /home/ros2/ros2_rc/src/install/nav2_common/local/lib/python3.10/dist-packages/nav2_common/launch/has_node_params.py
[1.009s] -- Up-to-date: /home/ros2/ros2_rc/src/install/nav2_common/local/lib/python3.10/dist-packages/nav2_common/launch/parse_multirobot_pose.py
[1.009s] -- Up-to-date: /home/ros2/ros2_rc/src/install/nav2_common/local/lib/python3.10/dist-packages/nav2_common/launch/replace_string.py
[1.060s] Listing '/home/ros2/ros2_rc/src/install/nav2_common/local/lib/python3.10/dist-packages/nav2_common'...
[1.060s] Listing '/home/ros2/ros2_rc/src/install/nav2_common/local/lib/python3.10/dist-packages/nav2_common/launch'...
[1.071s] -- Up-to-date: /home/ros2/ros2_rc/src/install/nav2_common/share/ament_index/resource_index/package_run_dependencies/nav2_common
[1.071s] -- Up-to-date: /home/ros2/ros2_rc/src/install/nav2_common/share/ament_index/resource_index/parent_prefix_path/nav2_common
[1.071s] -- Up-to-date: /home/ros2/ros2_rc/src/install/nav2_common/share/nav2_common/environment/ament_prefix_path.sh
[1.072s] -- Up-to-date: /home/ros2/ros2_rc/src/install/nav2_common/share/nav2_common/environment/ament_prefix_path.dsv
[1.072s] -- Up-to-date: /home/ros2/ros2_rc/src/install/nav2_common/share/nav2_common/environment/path.sh
[1.072s] -- Up-to-date: /home/ros2/ros2_rc/src/install/nav2_common/share/nav2_common/environment/path.dsv
[1.072s] -- Up-to-date: /home/ros2/ros2_rc/src/install/nav2_common/share/nav2_common/local_setup.bash
[1.072s] -- Up-to-date: /home/ros2/ros2_rc/src/install/nav2_common/share/nav2_common/local_setup.sh
[1.072s] -- Up-to-date: /home/ros2/ros2_rc/src/install/nav2_common/share/nav2_common/local_setup.zsh
[1.072s] -- Up-to-date: /home/ros2/ros2_rc/src/install/nav2_common/share/nav2_common/local_setup.dsv
[1.072s] -- Installing: /home/ros2/ros2_rc/src/install/nav2_common/share/nav2_common/package.dsv
[1.072s] -- Up-to-date: /home/ros2/ros2_rc/src/install/nav2_common/share/ament_index/resource_index/packages/nav2_common
[1.073s] -- Up-to-date: /home/ros2/ros2_rc/src/install/nav2_common/share/nav2_common/cmake/nav2_common-extras.cmake
[1.073s] -- Up-to-date: /home/ros2/ros2_rc/src/install/nav2_common/share/nav2_common/cmake/nav2_commonConfig.cmake
[1.074s] -- Up-to-date: /home/ros2/ros2_rc/src/install/nav2_common/share/nav2_common/cmake/nav2_commonConfig-version.cmake
[1.074s] -- Up-to-date: /home/ros2/ros2_rc/src/install/nav2_common/share/nav2_common/package.xml
[1.074s] -- Up-to-date: /home/ros2/ros2_rc/src/install/nav2_common/share/nav2_common/cmake
[1.074s] -- Up-to-date: /home/ros2/ros2_rc/src/install/nav2_common/share/nav2_common/cmake/nav2_package.cmake
[1.078s] Invoked command in '/home/ros2/ros2_rc/src/build/nav2_common' returned '0': CMAKE_PREFIX_PATH=${CMAKE_PREFIX_PATH}:/home/ros2/ros2_rc/src/install/nav2_simple_commander:/opt/ros/humble /usr/bin/cmake --install /home/ros2/ros2_rc/src/build/nav2_common
