[0.100s] Invoking command in '/home/ros2/ros2_rc/build/nav_2d_msgs': CMAKE_PREFIX_PATH=${CMAKE_PREFIX_PATH}:/home/ros2/ros2_rc/install/nav2_simple_commander:/home/ros2/ros2_rc/src/install/nav2_simple_commander:/opt/ros/humble /usr/bin/cmake --build /home/ros2/ros2_rc/build/nav_2d_msgs -- -j10 -l10
[0.269s] [ 11%] Built target nav_2d_msgs__rosidl_generator_c
[0.269s] [ 12%] Built target nav_2d_msgs__cpp
[0.317s] [ 12%] Built target ament_cmake_python_copy_nav_2d_msgs
[0.411s] [ 23%] Built target nav_2d_msgs__rosidl_typesupport_fastrtps_c
[0.426s] [ 35%] Built target nav_2d_msgs__rosidl_typesupport_introspection_c
[0.452s] [ 57%] Built target nav_2d_msgs__rosidl_typesupport_introspection_cpp
[0.452s] [ 57%] Built target nav_2d_msgs__rosidl_typesupport_c
[0.467s] [ 69%] Built target nav_2d_msgs__rosidl_typesupport_cpp
[0.509s] [ 80%] Built target nav_2d_msgs__rosidl_typesupport_fastrtps_cpp
[0.586s] [ 80%] Built target nav_2d_msgs
[0.669s] [ 81%] Built target nav_2d_msgs__py
[0.755s] [ 91%] Built target nav_2d_msgs__rosidl_generator_py
[0.854s] [ 94%] Built target nav_2d_msgs__rosidl_typesupport_c__pyext
[0.856s] [ 97%] Built target nav_2d_msgs__rosidl_typesupport_fastrtps_c__pyext
[0.879s] [100%] Built target nav_2d_msgs__rosidl_typesupport_introspection_c__pyext
[0.957s] running egg_info
[0.960s] writing nav_2d_msgs.egg-info/PKG-INFO
[0.960s] writing dependency_links to nav_2d_msgs.egg-info/dependency_links.txt
[0.960s] writing top-level names to nav_2d_msgs.egg-info/top_level.txt
[0.964s] reading manifest file 'nav_2d_msgs.egg-info/SOURCES.txt'
[0.965s] writing manifest file 'nav_2d_msgs.egg-info/SOURCES.txt'
[1.072s] [100%] Built target ament_cmake_python_build_nav_2d_msgs_egg
[1.106s] Invoked command in '/home/ros2/ros2_rc/build/nav_2d_msgs' returned '0': CMAKE_PREFIX_PATH=${CMAKE_PREFIX_PATH}:/home/ros2/ros2_rc/install/nav2_simple_commander:/home/ros2/ros2_rc/src/install/nav2_simple_commander:/opt/ros/humble /usr/bin/cmake --build /home/ros2/ros2_rc/build/nav_2d_msgs -- -j10 -l10
[1.989s] Invoking command in '/home/ros2/ros2_rc/build/nav_2d_msgs': CMAKE_PREFIX_PATH=${CMAKE_PREFIX_PATH}:/home/ros2/ros2_rc/install/nav2_simple_commander:/home/ros2/ros2_rc/src/install/nav2_simple_commander:/opt/ros/humble /usr/bin/cmake --install /home/ros2/ros2_rc/build/nav_2d_msgs
[2.013s] -- Install configuration: ""
[2.014s] -- Up-to-date: /home/ros2/ros2_rc/install/nav_2d_msgs/share/ament_index/resource_index/rosidl_interfaces/nav_2d_msgs
[2.015s] -- Up-to-date: /home/ros2/ros2_rc/install/nav_2d_msgs/include/nav_2d_msgs/nav_2d_msgs
[2.015s] -- Up-to-date: /home/ros2/ros2_rc/install/nav_2d_msgs/include/nav_2d_msgs/nav_2d_msgs/msg
[2.016s] -- Up-to-date: /home/ros2/ros2_rc/install/nav_2d_msgs/include/nav_2d_msgs/nav_2d_msgs/msg/rosidl_generator_c__visibility_control.h
[2.016s] -- Up-to-date: /home/ros2/ros2_rc/install/nav_2d_msgs/include/nav_2d_msgs/nav_2d_msgs/msg/pose2_d_stamped.h
[2.016s] -- Up-to-date: /home/ros2/ros2_rc/install/nav_2d_msgs/include/nav_2d_msgs/nav_2d_msgs/msg/detail
[2.016s] -- Up-to-date: /home/ros2/ros2_rc/install/nav_2d_msgs/include/nav_2d_msgs/nav_2d_msgs/msg/detail/twist2_d32__struct.h
[2.016s] -- Up-to-date: /home/ros2/ros2_rc/install/nav_2d_msgs/include/nav_2d_msgs/nav_2d_msgs/msg/detail/path2_d__struct.h
[2.016s] -- Up-to-date: /home/ros2/ros2_rc/install/nav_2d_msgs/include/nav_2d_msgs/nav_2d_msgs/msg/detail/twist2_d_stamped__functions.h
[2.017s] -- Up-to-date: /home/ros2/ros2_rc/install/nav_2d_msgs/include/nav_2d_msgs/nav_2d_msgs/msg/detail/path2_d__functions.c
[2.017s] -- Up-to-date: /home/ros2/ros2_rc/install/nav_2d_msgs/include/nav_2d_msgs/nav_2d_msgs/msg/detail/pose2_d_stamped__functions.c
[2.017s] -- Up-to-date: /home/ros2/ros2_rc/install/nav_2d_msgs/include/nav_2d_msgs/nav_2d_msgs/msg/detail/pose2_d_stamped__struct.h
[2.018s] -- Up-to-date: /home/ros2/ros2_rc/install/nav_2d_msgs/include/nav_2d_msgs/nav_2d_msgs/msg/detail/twist2_d__functions.c
[2.018s] -- Up-to-date: /home/ros2/ros2_rc/install/nav_2d_msgs/include/nav_2d_msgs/nav_2d_msgs/msg/detail/pose2_d_stamped__type_support.h
[2.018s] -- Up-to-date: /home/ros2/ros2_rc/install/nav_2d_msgs/include/nav_2d_msgs/nav_2d_msgs/msg/detail/twist2_d32__functions.c
[2.018s] -- Up-to-date: /home/ros2/ros2_rc/install/nav_2d_msgs/include/nav_2d_msgs/nav_2d_msgs/msg/detail/twist2_d32__type_support.h
[2.018s] -- Up-to-date: /home/ros2/ros2_rc/install/nav_2d_msgs/include/nav_2d_msgs/nav_2d_msgs/msg/detail/twist2_d_stamped__struct.h
[2.019s] -- Up-to-date: /home/ros2/ros2_rc/install/nav_2d_msgs/include/nav_2d_msgs/nav_2d_msgs/msg/detail/twist2_d_stamped__type_support.h
[2.019s] -- Up-to-date: /home/ros2/ros2_rc/install/nav_2d_msgs/include/nav_2d_msgs/nav_2d_msgs/msg/detail/pose2_d32__functions.c
[2.019s] -- Up-to-date: /home/ros2/ros2_rc/install/nav_2d_msgs/include/nav_2d_msgs/nav_2d_msgs/msg/detail/path2_d__functions.h
[2.020s] -- Up-to-date: /home/ros2/ros2_rc/install/nav_2d_msgs/include/nav_2d_msgs/nav_2d_msgs/msg/detail/twist2_d_stamped__functions.c
[2.020s] -- Up-to-date: /home/ros2/ros2_rc/install/nav_2d_msgs/include/nav_2d_msgs/nav_2d_msgs/msg/detail/path2_d__type_support.h
[2.020s] -- Up-to-date: /home/ros2/ros2_rc/install/nav_2d_msgs/include/nav_2d_msgs/nav_2d_msgs/msg/detail/twist2_d__type_support.h
[2.020s] -- Up-to-date: /home/ros2/ros2_rc/install/nav_2d_msgs/include/nav_2d_msgs/nav_2d_msgs/msg/detail/pose2_d32__struct.h
[2.020s] -- Up-to-date: /home/ros2/ros2_rc/install/nav_2d_msgs/include/nav_2d_msgs/nav_2d_msgs/msg/detail/twist2_d32__functions.h
[2.021s] -- Up-to-date: /home/ros2/ros2_rc/install/nav_2d_msgs/include/nav_2d_msgs/nav_2d_msgs/msg/detail/twist2_d__functions.h
[2.021s] -- Up-to-date: /home/ros2/ros2_rc/install/nav_2d_msgs/include/nav_2d_msgs/nav_2d_msgs/msg/detail/pose2_d32__functions.h
[2.021s] -- Up-to-date: /home/ros2/ros2_rc/install/nav_2d_msgs/include/nav_2d_msgs/nav_2d_msgs/msg/detail/twist2_d__struct.h
[2.021s] -- Up-to-date: /home/ros2/ros2_rc/install/nav_2d_msgs/include/nav_2d_msgs/nav_2d_msgs/msg/detail/pose2_d_stamped__functions.h
[2.021s] -- Up-to-date: /home/ros2/ros2_rc/install/nav_2d_msgs/include/nav_2d_msgs/nav_2d_msgs/msg/detail/pose2_d32__type_support.h
[2.022s] -- Up-to-date: /home/ros2/ros2_rc/install/nav_2d_msgs/include/nav_2d_msgs/nav_2d_msgs/msg/path2_d.h
[2.022s] -- Up-to-date: /home/ros2/ros2_rc/install/nav_2d_msgs/include/nav_2d_msgs/nav_2d_msgs/msg/twist2_d_stamped.h
[2.022s] -- Up-to-date: /home/ros2/ros2_rc/install/nav_2d_msgs/include/nav_2d_msgs/nav_2d_msgs/msg/twist2_d32.h
[2.023s] -- Up-to-date: /home/ros2/ros2_rc/install/nav_2d_msgs/include/nav_2d_msgs/nav_2d_msgs/msg/twist2_d.h
[2.023s] -- Up-to-date: /home/ros2/ros2_rc/install/nav_2d_msgs/include/nav_2d_msgs/nav_2d_msgs/msg/pose2_d32.h
[2.023s] -- Up-to-date: /home/ros2/ros2_rc/install/nav_2d_msgs/share/nav_2d_msgs/environment/library_path.sh
[2.023s] -- Up-to-date: /home/ros2/ros2_rc/install/nav_2d_msgs/share/nav_2d_msgs/environment/library_path.dsv
[2.024s] -- Up-to-date: /home/ros2/ros2_rc/install/nav_2d_msgs/lib/libnav_2d_msgs__rosidl_generator_c.so
[2.024s] -- Up-to-date: /home/ros2/ros2_rc/install/nav_2d_msgs/include/nav_2d_msgs/nav_2d_msgs
[2.024s] -- Up-to-date: /home/ros2/ros2_rc/install/nav_2d_msgs/include/nav_2d_msgs/nav_2d_msgs/msg
[2.025s] -- Up-to-date: /home/ros2/ros2_rc/install/nav_2d_msgs/include/nav_2d_msgs/nav_2d_msgs/msg/rosidl_typesupport_fastrtps_c__visibility_control.h
[2.025s] -- Up-to-date: /home/ros2/ros2_rc/install/nav_2d_msgs/include/nav_2d_msgs/nav_2d_msgs/msg/detail
[2.026s] -- Up-to-date: /home/ros2/ros2_rc/install/nav_2d_msgs/include/nav_2d_msgs/nav_2d_msgs/msg/detail/pose2_d32__rosidl_typesupport_fastrtps_c.h
[2.026s] -- Up-to-date: /home/ros2/ros2_rc/install/nav_2d_msgs/include/nav_2d_msgs/nav_2d_msgs/msg/detail/twist2_d32__rosidl_typesupport_fastrtps_c.h
[2.027s] -- Up-to-date: /home/ros2/ros2_rc/install/nav_2d_msgs/include/nav_2d_msgs/nav_2d_msgs/msg/detail/twist2_d__rosidl_typesupport_fastrtps_c.h
[2.027s] -- Up-to-date: /home/ros2/ros2_rc/install/nav_2d_msgs/include/nav_2d_msgs/nav_2d_msgs/msg/detail/path2_d__rosidl_typesupport_fastrtps_c.h
[2.028s] -- Up-to-date: /home/ros2/ros2_rc/install/nav_2d_msgs/include/nav_2d_msgs/nav_2d_msgs/msg/detail/pose2_d_stamped__rosidl_typesupport_fastrtps_c.h
[2.028s] -- Up-to-date: /home/ros2/ros2_rc/install/nav_2d_msgs/include/nav_2d_msgs/nav_2d_msgs/msg/detail/twist2_d_stamped__rosidl_typesupport_fastrtps_c.h
[2.028s] -- Up-to-date: /home/ros2/ros2_rc/install/nav_2d_msgs/lib/libnav_2d_msgs__rosidl_typesupport_fastrtps_c.so
[2.028s] -- Up-to-date: /home/ros2/ros2_rc/install/nav_2d_msgs/include/nav_2d_msgs/nav_2d_msgs
[2.029s] -- Up-to-date: /home/ros2/ros2_rc/install/nav_2d_msgs/include/nav_2d_msgs/nav_2d_msgs/msg
[2.029s] -- Up-to-date: /home/ros2/ros2_rc/install/nav_2d_msgs/include/nav_2d_msgs/nav_2d_msgs/msg/path2_d.hpp
[2.029s] -- Up-to-date: /home/ros2/ros2_rc/install/nav_2d_msgs/include/nav_2d_msgs/nav_2d_msgs/msg/twist2_d_stamped.hpp
[2.029s] -- Up-to-date: /home/ros2/ros2_rc/install/nav_2d_msgs/include/nav_2d_msgs/nav_2d_msgs/msg/pose2_d32.hpp
[2.029s] -- Up-to-date: /home/ros2/ros2_rc/install/nav_2d_msgs/include/nav_2d_msgs/nav_2d_msgs/msg/twist2_d.hpp
[2.029s] -- Up-to-date: /home/ros2/ros2_rc/install/nav_2d_msgs/include/nav_2d_msgs/nav_2d_msgs/msg/twist2_d32.hpp
[2.029s] -- Up-to-date: /home/ros2/ros2_rc/install/nav_2d_msgs/include/nav_2d_msgs/nav_2d_msgs/msg/detail
[2.029s] -- Up-to-date: /home/ros2/ros2_rc/install/nav_2d_msgs/include/nav_2d_msgs/nav_2d_msgs/msg/detail/pose2_d32__traits.hpp
[2.030s] -- Up-to-date: /home/ros2/ros2_rc/install/nav_2d_msgs/include/nav_2d_msgs/nav_2d_msgs/msg/detail/twist2_d32__struct.hpp
[2.030s] -- Up-to-date: /home/ros2/ros2_rc/install/nav_2d_msgs/include/nav_2d_msgs/nav_2d_msgs/msg/detail/path2_d__struct.hpp
[2.030s] -- Up-to-date: /home/ros2/ros2_rc/install/nav_2d_msgs/include/nav_2d_msgs/nav_2d_msgs/msg/detail/twist2_d_stamped__builder.hpp
[2.030s] -- Up-to-date: /home/ros2/ros2_rc/install/nav_2d_msgs/include/nav_2d_msgs/nav_2d_msgs/msg/detail/twist2_d__struct.hpp
[2.031s] -- Up-to-date: /home/ros2/ros2_rc/install/nav_2d_msgs/include/nav_2d_msgs/nav_2d_msgs/msg/detail/pose2_d32__builder.hpp
[2.031s] -- Up-to-date: /home/ros2/ros2_rc/install/nav_2d_msgs/include/nav_2d_msgs/nav_2d_msgs/msg/detail/twist2_d32__builder.hpp
[2.031s] -- Up-to-date: /home/ros2/ros2_rc/install/nav_2d_msgs/include/nav_2d_msgs/nav_2d_msgs/msg/detail/twist2_d32__traits.hpp
[2.031s] -- Up-to-date: /home/ros2/ros2_rc/install/nav_2d_msgs/include/nav_2d_msgs/nav_2d_msgs/msg/detail/twist2_d_stamped__traits.hpp
[2.031s] -- Up-to-date: /home/ros2/ros2_rc/install/nav_2d_msgs/include/nav_2d_msgs/nav_2d_msgs/msg/detail/path2_d__builder.hpp
[2.032s] -- Up-to-date: /home/ros2/ros2_rc/install/nav_2d_msgs/include/nav_2d_msgs/nav_2d_msgs/msg/detail/pose2_d_stamped__traits.hpp
[2.032s] -- Up-to-date: /home/ros2/ros2_rc/install/nav_2d_msgs/include/nav_2d_msgs/nav_2d_msgs/msg/detail/pose2_d_stamped__builder.hpp
[2.032s] -- Up-to-date: /home/ros2/ros2_rc/install/nav_2d_msgs/include/nav_2d_msgs/nav_2d_msgs/msg/detail/pose2_d32__struct.hpp
[2.032s] -- Up-to-date: /home/ros2/ros2_rc/install/nav_2d_msgs/include/nav_2d_msgs/nav_2d_msgs/msg/detail/twist2_d_stamped__struct.hpp
[2.032s] -- Up-to-date: /home/ros2/ros2_rc/install/nav_2d_msgs/include/nav_2d_msgs/nav_2d_msgs/msg/detail/twist2_d__traits.hpp
[2.032s] -- Up-to-date: /home/ros2/ros2_rc/install/nav_2d_msgs/include/nav_2d_msgs/nav_2d_msgs/msg/detail/path2_d__traits.hpp
[2.032s] -- Up-to-date: /home/ros2/ros2_rc/install/nav_2d_msgs/include/nav_2d_msgs/nav_2d_msgs/msg/detail/pose2_d_stamped__struct.hpp
[2.032s] -- Up-to-date: /home/ros2/ros2_rc/install/nav_2d_msgs/include/nav_2d_msgs/nav_2d_msgs/msg/detail/twist2_d__builder.hpp
[2.033s] -- Up-to-date: /home/ros2/ros2_rc/install/nav_2d_msgs/include/nav_2d_msgs/nav_2d_msgs/msg/pose2_d_stamped.hpp
[2.033s] -- Up-to-date: /home/ros2/ros2_rc/install/nav_2d_msgs/include/nav_2d_msgs/nav_2d_msgs
[2.033s] -- Up-to-date: /home/ros2/ros2_rc/install/nav_2d_msgs/include/nav_2d_msgs/nav_2d_msgs/msg
[2.033s] -- Up-to-date: /home/ros2/ros2_rc/install/nav_2d_msgs/include/nav_2d_msgs/nav_2d_msgs/msg/rosidl_typesupport_fastrtps_cpp__visibility_control.h
[2.033s] -- Up-to-date: /home/ros2/ros2_rc/install/nav_2d_msgs/include/nav_2d_msgs/nav_2d_msgs/msg/detail
[2.033s] -- Up-to-date: /home/ros2/ros2_rc/install/nav_2d_msgs/include/nav_2d_msgs/nav_2d_msgs/msg/detail/twist2_d32__rosidl_typesupport_fastrtps_cpp.hpp
[2.033s] -- Up-to-date: /home/ros2/ros2_rc/install/nav_2d_msgs/include/nav_2d_msgs/nav_2d_msgs/msg/detail/pose2_d32__rosidl_typesupport_fastrtps_cpp.hpp
[2.033s] -- Up-to-date: /home/ros2/ros2_rc/install/nav_2d_msgs/include/nav_2d_msgs/nav_2d_msgs/msg/detail/pose2_d_stamped__rosidl_typesupport_fastrtps_cpp.hpp
[2.033s] -- Up-to-date: /home/ros2/ros2_rc/install/nav_2d_msgs/include/nav_2d_msgs/nav_2d_msgs/msg/detail/twist2_d_stamped__rosidl_typesupport_fastrtps_cpp.hpp
[2.033s] -- Up-to-date: /home/ros2/ros2_rc/install/nav_2d_msgs/include/nav_2d_msgs/nav_2d_msgs/msg/detail/path2_d__rosidl_typesupport_fastrtps_cpp.hpp
[2.034s] -- Up-to-date: /home/ros2/ros2_rc/install/nav_2d_msgs/include/nav_2d_msgs/nav_2d_msgs/msg/detail/dds_fastrtps
[2.034s] -- Up-to-date: /home/ros2/ros2_rc/install/nav_2d_msgs/include/nav_2d_msgs/nav_2d_msgs/msg/detail/twist2_d__rosidl_typesupport_fastrtps_cpp.hpp
[2.034s] -- Up-to-date: /home/ros2/ros2_rc/install/nav_2d_msgs/lib/libnav_2d_msgs__rosidl_typesupport_fastrtps_cpp.so
[2.034s] -- Up-to-date: /home/ros2/ros2_rc/install/nav_2d_msgs/include/nav_2d_msgs/nav_2d_msgs
[2.034s] -- Up-to-date: /home/ros2/ros2_rc/install/nav_2d_msgs/include/nav_2d_msgs/nav_2d_msgs/msg
[2.034s] -- Up-to-date: /home/ros2/ros2_rc/install/nav_2d_msgs/include/nav_2d_msgs/nav_2d_msgs/msg/detail
[2.035s] -- Up-to-date: /home/ros2/ros2_rc/install/nav_2d_msgs/include/nav_2d_msgs/nav_2d_msgs/msg/detail/pose2_d32__type_support.c
[2.035s] -- Up-to-date: /home/ros2/ros2_rc/install/nav_2d_msgs/include/nav_2d_msgs/nav_2d_msgs/msg/detail/twist2_d_stamped__type_support.c
[2.035s] -- Up-to-date: /home/ros2/ros2_rc/install/nav_2d_msgs/include/nav_2d_msgs/nav_2d_msgs/msg/detail/twist2_d__rosidl_typesupport_introspection_c.h
[2.035s] -- Up-to-date: /home/ros2/ros2_rc/install/nav_2d_msgs/include/nav_2d_msgs/nav_2d_msgs/msg/detail/pose2_d_stamped__rosidl_typesupport_introspection_c.h
[2.035s] -- Up-to-date: /home/ros2/ros2_rc/install/nav_2d_msgs/include/nav_2d_msgs/nav_2d_msgs/msg/detail/twist2_d32__rosidl_typesupport_introspection_c.h
[2.035s] -- Up-to-date: /home/ros2/ros2_rc/install/nav_2d_msgs/include/nav_2d_msgs/nav_2d_msgs/msg/detail/twist2_d__type_support.c
[2.035s] -- Up-to-date: /home/ros2/ros2_rc/install/nav_2d_msgs/include/nav_2d_msgs/nav_2d_msgs/msg/detail/path2_d__type_support.c
[2.035s] -- Up-to-date: /home/ros2/ros2_rc/install/nav_2d_msgs/include/nav_2d_msgs/nav_2d_msgs/msg/detail/path2_d__rosidl_typesupport_introspection_c.h
[2.035s] -- Up-to-date: /home/ros2/ros2_rc/install/nav_2d_msgs/include/nav_2d_msgs/nav_2d_msgs/msg/detail/pose2_d_stamped__type_support.c
[2.035s] -- Up-to-date: /home/ros2/ros2_rc/install/nav_2d_msgs/include/nav_2d_msgs/nav_2d_msgs/msg/detail/pose2_d32__rosidl_typesupport_introspection_c.h
[2.035s] -- Up-to-date: /home/ros2/ros2_rc/install/nav_2d_msgs/include/nav_2d_msgs/nav_2d_msgs/msg/detail/twist2_d32__type_support.c
[2.035s] -- Up-to-date: /home/ros2/ros2_rc/install/nav_2d_msgs/include/nav_2d_msgs/nav_2d_msgs/msg/detail/twist2_d_stamped__rosidl_typesupport_introspection_c.h
[2.036s] -- Up-to-date: /home/ros2/ros2_rc/install/nav_2d_msgs/include/nav_2d_msgs/nav_2d_msgs/msg/rosidl_typesupport_introspection_c__visibility_control.h
[2.036s] -- Up-to-date: /home/ros2/ros2_rc/install/nav_2d_msgs/lib/libnav_2d_msgs__rosidl_typesupport_introspection_c.so
[2.036s] -- Up-to-date: /home/ros2/ros2_rc/install/nav_2d_msgs/lib/libnav_2d_msgs__rosidl_typesupport_c.so
[2.036s] -- Up-to-date: /home/ros2/ros2_rc/install/nav_2d_msgs/include/nav_2d_msgs/nav_2d_msgs
[2.036s] -- Up-to-date: /home/ros2/ros2_rc/install/nav_2d_msgs/include/nav_2d_msgs/nav_2d_msgs/msg
[2.037s] -- Up-to-date: /home/ros2/ros2_rc/install/nav_2d_msgs/include/nav_2d_msgs/nav_2d_msgs/msg/detail
[2.037s] -- Up-to-date: /home/ros2/ros2_rc/install/nav_2d_msgs/include/nav_2d_msgs/nav_2d_msgs/msg/detail/path2_d__rosidl_typesupport_introspection_cpp.hpp
[2.037s] -- Up-to-date: /home/ros2/ros2_rc/install/nav_2d_msgs/include/nav_2d_msgs/nav_2d_msgs/msg/detail/pose2_d_stamped__type_support.cpp
[2.037s] -- Up-to-date: /home/ros2/ros2_rc/install/nav_2d_msgs/include/nav_2d_msgs/nav_2d_msgs/msg/detail/pose2_d32__rosidl_typesupport_introspection_cpp.hpp
[2.038s] -- Up-to-date: /home/ros2/ros2_rc/install/nav_2d_msgs/include/nav_2d_msgs/nav_2d_msgs/msg/detail/twist2_d32__rosidl_typesupport_introspection_cpp.hpp
[2.038s] -- Up-to-date: /home/ros2/ros2_rc/install/nav_2d_msgs/include/nav_2d_msgs/nav_2d_msgs/msg/detail/path2_d__type_support.cpp
[2.038s] -- Up-to-date: /home/ros2/ros2_rc/install/nav_2d_msgs/include/nav_2d_msgs/nav_2d_msgs/msg/detail/twist2_d__rosidl_typesupport_introspection_cpp.hpp
[2.038s] -- Up-to-date: /home/ros2/ros2_rc/install/nav_2d_msgs/include/nav_2d_msgs/nav_2d_msgs/msg/detail/pose2_d32__type_support.cpp
[2.038s] -- Up-to-date: /home/ros2/ros2_rc/install/nav_2d_msgs/include/nav_2d_msgs/nav_2d_msgs/msg/detail/twist2_d32__type_support.cpp
[2.038s] -- Up-to-date: /home/ros2/ros2_rc/install/nav_2d_msgs/include/nav_2d_msgs/nav_2d_msgs/msg/detail/twist2_d_stamped__type_support.cpp
[2.039s] -- Up-to-date: /home/ros2/ros2_rc/install/nav_2d_msgs/include/nav_2d_msgs/nav_2d_msgs/msg/detail/twist2_d__type_support.cpp
[2.039s] -- Up-to-date: /home/ros2/ros2_rc/install/nav_2d_msgs/include/nav_2d_msgs/nav_2d_msgs/msg/detail/twist2_d_stamped__rosidl_typesupport_introspection_cpp.hpp
[2.039s] -- Up-to-date: /home/ros2/ros2_rc/install/nav_2d_msgs/include/nav_2d_msgs/nav_2d_msgs/msg/detail/pose2_d_stamped__rosidl_typesupport_introspection_cpp.hpp
[2.039s] -- Up-to-date: /home/ros2/ros2_rc/install/nav_2d_msgs/lib/libnav_2d_msgs__rosidl_typesupport_introspection_cpp.so
[2.039s] -- Up-to-date: /home/ros2/ros2_rc/install/nav_2d_msgs/lib/libnav_2d_msgs__rosidl_typesupport_cpp.so
[2.039s] -- Up-to-date: /home/ros2/ros2_rc/install/nav_2d_msgs/share/nav_2d_msgs/environment/pythonpath.sh
[2.039s] -- Up-to-date: /home/ros2/ros2_rc/install/nav_2d_msgs/share/nav_2d_msgs/environment/pythonpath.dsv
[2.039s] -- Up-to-date: /home/ros2/ros2_rc/install/nav_2d_msgs/local/lib/python3.10/dist-packages/nav_2d_msgs-1.1.16-py3.10.egg-info
[2.040s] -- Installing: /home/ros2/ros2_rc/install/nav_2d_msgs/local/lib/python3.10/dist-packages/nav_2d_msgs-1.1.16-py3.10.egg-info/SOURCES.txt
[2.040s] -- Installing: /home/ros2/ros2_rc/install/nav_2d_msgs/local/lib/python3.10/dist-packages/nav_2d_msgs-1.1.16-py3.10.egg-info/PKG-INFO
[2.040s] -- Installing: /home/ros2/ros2_rc/install/nav_2d_msgs/local/lib/python3.10/dist-packages/nav_2d_msgs-1.1.16-py3.10.egg-info/top_level.txt
[2.040s] -- Installing: /home/ros2/ros2_rc/install/nav_2d_msgs/local/lib/python3.10/dist-packages/nav_2d_msgs-1.1.16-py3.10.egg-info/dependency_links.txt
[2.040s] -- Up-to-date: /home/ros2/ros2_rc/install/nav_2d_msgs/local/lib/python3.10/dist-packages/nav_2d_msgs
[2.040s] -- Up-to-date: /home/ros2/ros2_rc/install/nav_2d_msgs/local/lib/python3.10/dist-packages/nav_2d_msgs/__init__.py
[2.040s] -- Up-to-date: /home/ros2/ros2_rc/install/nav_2d_msgs/local/lib/python3.10/dist-packages/nav_2d_msgs/nav_2d_msgs_s__rosidl_typesupport_introspection_c.cpython-310-x86_64-linux-gnu.so
[2.040s] -- Up-to-date: /home/ros2/ros2_rc/install/nav_2d_msgs/local/lib/python3.10/dist-packages/nav_2d_msgs/_nav_2d_msgs_s.ep.rosidl_typesupport_fastrtps_c.c
[2.041s] -- Up-to-date: /home/ros2/ros2_rc/install/nav_2d_msgs/local/lib/python3.10/dist-packages/nav_2d_msgs/_nav_2d_msgs_s.ep.rosidl_typesupport_introspection_c.c
[2.041s] -- Up-to-date: /home/ros2/ros2_rc/install/nav_2d_msgs/local/lib/python3.10/dist-packages/nav_2d_msgs/nav_2d_msgs_s__rosidl_typesupport_fastrtps_c.cpython-310-x86_64-linux-gnu.so
[2.042s] -- Up-to-date: /home/ros2/ros2_rc/install/nav_2d_msgs/local/lib/python3.10/dist-packages/nav_2d_msgs/libnav_2d_msgs__rosidl_generator_py.so
[2.042s] -- Up-to-date: /home/ros2/ros2_rc/install/nav_2d_msgs/local/lib/python3.10/dist-packages/nav_2d_msgs/msg
[2.042s] -- Up-to-date: /home/ros2/ros2_rc/install/nav_2d_msgs/local/lib/python3.10/dist-packages/nav_2d_msgs/msg/__init__.py
[2.042s] -- Up-to-date: /home/ros2/ros2_rc/install/nav_2d_msgs/local/lib/python3.10/dist-packages/nav_2d_msgs/msg/_twist2_d.py
[2.043s] -- Up-to-date: /home/ros2/ros2_rc/install/nav_2d_msgs/local/lib/python3.10/dist-packages/nav_2d_msgs/msg/_pose2_d32_s.c
[2.043s] -- Up-to-date: /home/ros2/ros2_rc/install/nav_2d_msgs/local/lib/python3.10/dist-packages/nav_2d_msgs/msg/_pose2_d_stamped_s.c
[2.043s] -- Up-to-date: /home/ros2/ros2_rc/install/nav_2d_msgs/local/lib/python3.10/dist-packages/nav_2d_msgs/msg/_pose2_d32.py
[2.043s] -- Up-to-date: /home/ros2/ros2_rc/install/nav_2d_msgs/local/lib/python3.10/dist-packages/nav_2d_msgs/msg/_twist2_d32.py
[2.043s] -- Up-to-date: /home/ros2/ros2_rc/install/nav_2d_msgs/local/lib/python3.10/dist-packages/nav_2d_msgs/msg/_twist2_d_stamped.py
[2.044s] -- Up-to-date: /home/ros2/ros2_rc/install/nav_2d_msgs/local/lib/python3.10/dist-packages/nav_2d_msgs/msg/_twist2_d32_s.c
[2.044s] -- Up-to-date: /home/ros2/ros2_rc/install/nav_2d_msgs/local/lib/python3.10/dist-packages/nav_2d_msgs/msg/_path2_d.py
[2.044s] -- Up-to-date: /home/ros2/ros2_rc/install/nav_2d_msgs/local/lib/python3.10/dist-packages/nav_2d_msgs/msg/_twist2_d_stamped_s.c
[2.044s] -- Up-to-date: /home/ros2/ros2_rc/install/nav_2d_msgs/local/lib/python3.10/dist-packages/nav_2d_msgs/msg/_pose2_d_stamped.py
[2.044s] -- Up-to-date: /home/ros2/ros2_rc/install/nav_2d_msgs/local/lib/python3.10/dist-packages/nav_2d_msgs/msg/_path2_d_s.c
[2.045s] -- Up-to-date: /home/ros2/ros2_rc/install/nav_2d_msgs/local/lib/python3.10/dist-packages/nav_2d_msgs/msg/_twist2_d_s.c
[2.045s] -- Up-to-date: /home/ros2/ros2_rc/install/nav_2d_msgs/local/lib/python3.10/dist-packages/nav_2d_msgs/nav_2d_msgs_s__rosidl_typesupport_c.cpython-310-x86_64-linux-gnu.so
[2.045s] -- Up-to-date: /home/ros2/ros2_rc/install/nav_2d_msgs/local/lib/python3.10/dist-packages/nav_2d_msgs/_nav_2d_msgs_s.ep.rosidl_typesupport_c.c
[2.132s] Listing '/home/ros2/ros2_rc/install/nav_2d_msgs/local/lib/python3.10/dist-packages/nav_2d_msgs'...
[2.133s] Listing '/home/ros2/ros2_rc/install/nav_2d_msgs/local/lib/python3.10/dist-packages/nav_2d_msgs/msg'...
[2.133s] -- Up-to-date: /home/ros2/ros2_rc/install/nav_2d_msgs/local/lib/python3.10/dist-packages/nav_2d_msgs/nav_2d_msgs_s__rosidl_typesupport_fastrtps_c.cpython-310-x86_64-linux-gnu.so
[2.133s] -- Up-to-date: /home/ros2/ros2_rc/install/nav_2d_msgs/local/lib/python3.10/dist-packages/nav_2d_msgs/nav_2d_msgs_s__rosidl_typesupport_introspection_c.cpython-310-x86_64-linux-gnu.so
[2.134s] -- Up-to-date: /home/ros2/ros2_rc/install/nav_2d_msgs/local/lib/python3.10/dist-packages/nav_2d_msgs/nav_2d_msgs_s__rosidl_typesupport_c.cpython-310-x86_64-linux-gnu.so
[2.135s] -- Up-to-date: /home/ros2/ros2_rc/install/nav_2d_msgs/lib/libnav_2d_msgs__rosidl_generator_py.so
[2.135s] -- Up-to-date: /home/ros2/ros2_rc/install/nav_2d_msgs/share/nav_2d_msgs/msg/Path2D.idl
[2.135s] -- Up-to-date: /home/ros2/ros2_rc/install/nav_2d_msgs/share/nav_2d_msgs/msg/Pose2D32.idl
[2.135s] -- Up-to-date: /home/ros2/ros2_rc/install/nav_2d_msgs/share/nav_2d_msgs/msg/Pose2DStamped.idl
[2.136s] -- Up-to-date: /home/ros2/ros2_rc/install/nav_2d_msgs/share/nav_2d_msgs/msg/Twist2D.idl
[2.136s] -- Up-to-date: /home/ros2/ros2_rc/install/nav_2d_msgs/share/nav_2d_msgs/msg/Twist2D32.idl
[2.137s] -- Up-to-date: /home/ros2/ros2_rc/install/nav_2d_msgs/share/nav_2d_msgs/msg/Twist2DStamped.idl
[2.137s] -- Up-to-date: /home/ros2/ros2_rc/install/nav_2d_msgs/share/nav_2d_msgs/msg/Path2D.msg
[2.137s] -- Up-to-date: /home/ros2/ros2_rc/install/nav_2d_msgs/share/nav_2d_msgs/msg/Pose2D32.msg
[2.138s] -- Up-to-date: /home/ros2/ros2_rc/install/nav_2d_msgs/share/nav_2d_msgs/msg/Pose2DStamped.msg
[2.138s] -- Up-to-date: /home/ros2/ros2_rc/install/nav_2d_msgs/share/nav_2d_msgs/msg/Twist2D.msg
[2.139s] -- Up-to-date: /home/ros2/ros2_rc/install/nav_2d_msgs/share/nav_2d_msgs/msg/Twist2D32.msg
[2.139s] -- Up-to-date: /home/ros2/ros2_rc/install/nav_2d_msgs/share/nav_2d_msgs/msg/Twist2DStamped.msg
[2.140s] -- Up-to-date: /home/ros2/ros2_rc/install/nav_2d_msgs/share/ament_index/resource_index/package_run_dependencies/nav_2d_msgs
[2.140s] -- Up-to-date: /home/ros2/ros2_rc/install/nav_2d_msgs/share/ament_index/resource_index/parent_prefix_path/nav_2d_msgs
[2.140s] -- Up-to-date: /home/ros2/ros2_rc/install/nav_2d_msgs/share/nav_2d_msgs/environment/ament_prefix_path.sh
[2.140s] -- Up-to-date: /home/ros2/ros2_rc/install/nav_2d_msgs/share/nav_2d_msgs/environment/ament_prefix_path.dsv
[2.140s] -- Up-to-date: /home/ros2/ros2_rc/install/nav_2d_msgs/share/nav_2d_msgs/environment/path.sh
[2.141s] -- Up-to-date: /home/ros2/ros2_rc/install/nav_2d_msgs/share/nav_2d_msgs/environment/path.dsv
[2.141s] -- Up-to-date: /home/ros2/ros2_rc/install/nav_2d_msgs/share/nav_2d_msgs/local_setup.bash
[2.141s] -- Up-to-date: /home/ros2/ros2_rc/install/nav_2d_msgs/share/nav_2d_msgs/local_setup.sh
[2.141s] -- Up-to-date: /home/ros2/ros2_rc/install/nav_2d_msgs/share/nav_2d_msgs/local_setup.zsh
[2.141s] -- Up-to-date: /home/ros2/ros2_rc/install/nav_2d_msgs/share/nav_2d_msgs/local_setup.dsv
[2.142s] -- Installing: /home/ros2/ros2_rc/install/nav_2d_msgs/share/nav_2d_msgs/package.dsv
[2.142s] -- Up-to-date: /home/ros2/ros2_rc/install/nav_2d_msgs/share/ament_index/resource_index/packages/nav_2d_msgs
[2.142s] -- Up-to-date: /home/ros2/ros2_rc/install/nav_2d_msgs/share/nav_2d_msgs/cmake/export_nav_2d_msgs__rosidl_generator_cExport.cmake
[2.142s] -- Up-to-date: /home/ros2/ros2_rc/install/nav_2d_msgs/share/nav_2d_msgs/cmake/export_nav_2d_msgs__rosidl_generator_cExport-noconfig.cmake
[2.142s] -- Up-to-date: /home/ros2/ros2_rc/install/nav_2d_msgs/share/nav_2d_msgs/cmake/export_nav_2d_msgs__rosidl_typesupport_fastrtps_cExport.cmake
[2.142s] -- Up-to-date: /home/ros2/ros2_rc/install/nav_2d_msgs/share/nav_2d_msgs/cmake/export_nav_2d_msgs__rosidl_typesupport_fastrtps_cExport-noconfig.cmake
[2.143s] -- Up-to-date: /home/ros2/ros2_rc/install/nav_2d_msgs/share/nav_2d_msgs/cmake/export_nav_2d_msgs__rosidl_generator_cppExport.cmake
[2.143s] -- Up-to-date: /home/ros2/ros2_rc/install/nav_2d_msgs/share/nav_2d_msgs/cmake/export_nav_2d_msgs__rosidl_typesupport_fastrtps_cppExport.cmake
[2.143s] -- Up-to-date: /home/ros2/ros2_rc/install/nav_2d_msgs/share/nav_2d_msgs/cmake/export_nav_2d_msgs__rosidl_typesupport_fastrtps_cppExport-noconfig.cmake
[2.143s] -- Up-to-date: /home/ros2/ros2_rc/install/nav_2d_msgs/share/nav_2d_msgs/cmake/nav_2d_msgs__rosidl_typesupport_introspection_cExport.cmake
[2.143s] -- Up-to-date: /home/ros2/ros2_rc/install/nav_2d_msgs/share/nav_2d_msgs/cmake/nav_2d_msgs__rosidl_typesupport_introspection_cExport-noconfig.cmake
[2.143s] -- Up-to-date: /home/ros2/ros2_rc/install/nav_2d_msgs/share/nav_2d_msgs/cmake/nav_2d_msgs__rosidl_typesupport_cExport.cmake
[2.143s] -- Up-to-date: /home/ros2/ros2_rc/install/nav_2d_msgs/share/nav_2d_msgs/cmake/nav_2d_msgs__rosidl_typesupport_cExport-noconfig.cmake
[2.143s] -- Up-to-date: /home/ros2/ros2_rc/install/nav_2d_msgs/share/nav_2d_msgs/cmake/nav_2d_msgs__rosidl_typesupport_introspection_cppExport.cmake
[2.144s] -- Up-to-date: /home/ros2/ros2_rc/install/nav_2d_msgs/share/nav_2d_msgs/cmake/nav_2d_msgs__rosidl_typesupport_introspection_cppExport-noconfig.cmake
[2.144s] -- Up-to-date: /home/ros2/ros2_rc/install/nav_2d_msgs/share/nav_2d_msgs/cmake/nav_2d_msgs__rosidl_typesupport_cppExport.cmake
[2.144s] -- Up-to-date: /home/ros2/ros2_rc/install/nav_2d_msgs/share/nav_2d_msgs/cmake/nav_2d_msgs__rosidl_typesupport_cppExport-noconfig.cmake
[2.144s] -- Up-to-date: /home/ros2/ros2_rc/install/nav_2d_msgs/share/nav_2d_msgs/cmake/export_nav_2d_msgs__rosidl_generator_pyExport.cmake
[2.144s] -- Up-to-date: /home/ros2/ros2_rc/install/nav_2d_msgs/share/nav_2d_msgs/cmake/export_nav_2d_msgs__rosidl_generator_pyExport-noconfig.cmake
[2.144s] -- Up-to-date: /home/ros2/ros2_rc/install/nav_2d_msgs/share/nav_2d_msgs/cmake/rosidl_cmake-extras.cmake
[2.144s] -- Up-to-date: /home/ros2/ros2_rc/install/nav_2d_msgs/share/nav_2d_msgs/cmake/ament_cmake_export_dependencies-extras.cmake
[2.144s] -- Up-to-date: /home/ros2/ros2_rc/install/nav_2d_msgs/share/nav_2d_msgs/cmake/ament_cmake_export_include_directories-extras.cmake
[2.145s] -- Up-to-date: /home/ros2/ros2_rc/install/nav_2d_msgs/share/nav_2d_msgs/cmake/ament_cmake_export_libraries-extras.cmake
[2.146s] -- Up-to-date: /home/ros2/ros2_rc/install/nav_2d_msgs/share/nav_2d_msgs/cmake/ament_cmake_export_targets-extras.cmake
[2.146s] -- Up-to-date: /home/ros2/ros2_rc/install/nav_2d_msgs/share/nav_2d_msgs/cmake/rosidl_cmake_export_typesupport_targets-extras.cmake
[2.146s] -- Up-to-date: /home/ros2/ros2_rc/install/nav_2d_msgs/share/nav_2d_msgs/cmake/rosidl_cmake_export_typesupport_libraries-extras.cmake
[2.147s] -- Up-to-date: /home/ros2/ros2_rc/install/nav_2d_msgs/share/nav_2d_msgs/cmake/nav_2d_msgsConfig.cmake
[2.148s] -- Up-to-date: /home/ros2/ros2_rc/install/nav_2d_msgs/share/nav_2d_msgs/cmake/nav_2d_msgsConfig-version.cmake
[2.148s] -- Up-to-date: /home/ros2/ros2_rc/install/nav_2d_msgs/share/nav_2d_msgs/package.xml
[2.149s] Invoked command in '/home/ros2/ros2_rc/build/nav_2d_msgs' returned '0': CMAKE_PREFIX_PATH=${CMAKE_PREFIX_PATH}:/home/ros2/ros2_rc/install/nav2_simple_commander:/home/ros2/ros2_rc/src/install/nav2_simple_commander:/opt/ros/humble /usr/bin/cmake --install /home/ros2/ros2_rc/build/nav_2d_msgs
