[0.127s] Invoking command in '/home/ros2/ros2_rc/src/build/nav2_common': CMAKE_PREFIX_PATH=${CMAKE_PREFIX_PATH}:/home/ros2/ros2_rc/src/install/nav2_simple_commander:/home/ros2/ros2_rc/install/nav2_simple_commander:/opt/ros/humble /usr/bin/cmake --build /home/ros2/ros2_rc/src/build/nav2_common -- -j10 -l10
[0.354s] Built target ament_cmake_python_copy_nav2_common
[1.136s] running egg_info
[1.136s] writing nav2_common.egg-info/PKG-INFO
[1.136s] writing dependency_links to nav2_common.egg-info/dependency_links.txt
[1.136s] writing top-level names to nav2_common.egg-info/top_level.txt
[1.141s] reading manifest file 'nav2_common.egg-info/SOURCES.txt'
[1.144s] writing manifest file 'nav2_common.egg-info/SOURCES.txt'
[1.263s] Built target ament_cmake_python_build_nav2_common_egg
[1.300s] Invoked command in '/home/ros2/ros2_rc/src/build/nav2_common' returned '0': CMAKE_PREFIX_PATH=${CMAKE_PREFIX_PATH}:/home/ros2/ros2_rc/src/install/nav2_simple_commander:/home/ros2/ros2_rc/install/nav2_simple_commander:/opt/ros/humble /usr/bin/cmake --build /home/ros2/ros2_rc/src/build/nav2_common -- -j10 -l10
[1.397s] Invoking command in '/home/ros2/ros2_rc/src/build/nav2_common': CMAKE_PREFIX_PATH=${CMAKE_PREFIX_PATH}:/home/ros2/ros2_rc/src/install/nav2_simple_commander:/home/ros2/ros2_rc/install/nav2_simple_commander:/opt/ros/humble /usr/bin/cmake --install /home/ros2/ros2_rc/src/build/nav2_common
[1.422s] -- Install configuration: ""
[1.423s] -- Up-to-date: /home/ros2/ros2_rc/src/install/nav2_common/share/nav2_common/environment/pythonpath.sh
[1.423s] -- Up-to-date: /home/ros2/ros2_rc/src/install/nav2_common/share/nav2_common/environment/pythonpath.dsv
[1.423s] -- Up-to-date: /home/ros2/ros2_rc/src/install/nav2_common/local/lib/python3.10/dist-packages/nav2_common-1.1.16-py3.10.egg-info
[1.424s] -- Installing: /home/ros2/ros2_rc/src/install/nav2_common/local/lib/python3.10/dist-packages/nav2_common-1.1.16-py3.10.egg-info/SOURCES.txt
[1.424s] -- Installing: /home/ros2/ros2_rc/src/install/nav2_common/local/lib/python3.10/dist-packages/nav2_common-1.1.16-py3.10.egg-info/PKG-INFO
[1.425s] -- Installing: /home/ros2/ros2_rc/src/install/nav2_common/local/lib/python3.10/dist-packages/nav2_common-1.1.16-py3.10.egg-info/top_level.txt
[1.426s] -- Installing: /home/ros2/ros2_rc/src/install/nav2_common/local/lib/python3.10/dist-packages/nav2_common-1.1.16-py3.10.egg-info/dependency_links.txt
[1.427s] -- Up-to-date: /home/ros2/ros2_rc/src/install/nav2_common/local/lib/python3.10/dist-packages/nav2_common
[1.427s] -- Up-to-date: /home/ros2/ros2_rc/src/install/nav2_common/local/lib/python3.10/dist-packages/nav2_common/__init__.py
[1.427s] -- Up-to-date: /home/ros2/ros2_rc/src/install/nav2_common/local/lib/python3.10/dist-packages/nav2_common/launch
[1.428s] -- Up-to-date: /home/ros2/ros2_rc/src/install/nav2_common/local/lib/python3.10/dist-packages/nav2_common/launch/__init__.py
[1.428s] -- Up-to-date: /home/ros2/ros2_rc/src/install/nav2_common/local/lib/python3.10/dist-packages/nav2_common/launch/rewritten_yaml.py
[1.428s] -- Up-to-date: /home/ros2/ros2_rc/src/install/nav2_common/local/lib/python3.10/dist-packages/nav2_common/launch/has_node_params.py
[1.428s] -- Up-to-date: /home/ros2/ros2_rc/src/install/nav2_common/local/lib/python3.10/dist-packages/nav2_common/launch/parse_multirobot_pose.py
[1.428s] -- Up-to-date: /home/ros2/ros2_rc/src/install/nav2_common/local/lib/python3.10/dist-packages/nav2_common/launch/replace_string.py
[1.503s] Listing '/home/ros2/ros2_rc/src/install/nav2_common/local/lib/python3.10/dist-packages/nav2_common'...
[1.503s] Listing '/home/ros2/ros2_rc/src/install/nav2_common/local/lib/python3.10/dist-packages/nav2_common/launch'...
[1.510s] -- Up-to-date: /home/ros2/ros2_rc/src/install/nav2_common/share/ament_index/resource_index/package_run_dependencies/nav2_common
[1.512s] -- Up-to-date: /home/ros2/ros2_rc/src/install/nav2_common/share/ament_index/resource_index/parent_prefix_path/nav2_common
[1.513s] -- Up-to-date: /home/ros2/ros2_rc/src/install/nav2_common/share/nav2_common/environment/ament_prefix_path.sh
[1.513s] -- Up-to-date: /home/ros2/ros2_rc/src/install/nav2_common/share/nav2_common/environment/ament_prefix_path.dsv
[1.513s] -- Up-to-date: /home/ros2/ros2_rc/src/install/nav2_common/share/nav2_common/environment/path.sh
[1.513s] -- Up-to-date: /home/ros2/ros2_rc/src/install/nav2_common/share/nav2_common/environment/path.dsv
[1.513s] -- Up-to-date: /home/ros2/ros2_rc/src/install/nav2_common/share/nav2_common/local_setup.bash
[1.513s] -- Up-to-date: /home/ros2/ros2_rc/src/install/nav2_common/share/nav2_common/local_setup.sh
[1.514s] -- Up-to-date: /home/ros2/ros2_rc/src/install/nav2_common/share/nav2_common/local_setup.zsh
[1.514s] -- Up-to-date: /home/ros2/ros2_rc/src/install/nav2_common/share/nav2_common/local_setup.dsv
[1.514s] -- Installing: /home/ros2/ros2_rc/src/install/nav2_common/share/nav2_common/package.dsv
[1.514s] -- Up-to-date: /home/ros2/ros2_rc/src/install/nav2_common/share/ament_index/resource_index/packages/nav2_common
[1.515s] -- Up-to-date: /home/ros2/ros2_rc/src/install/nav2_common/share/nav2_common/cmake/nav2_common-extras.cmake
[1.515s] -- Up-to-date: /home/ros2/ros2_rc/src/install/nav2_common/share/nav2_common/cmake/nav2_commonConfig.cmake
[1.515s] -- Up-to-date: /home/ros2/ros2_rc/src/install/nav2_common/share/nav2_common/cmake/nav2_commonConfig-version.cmake
[1.515s] -- Up-to-date: /home/ros2/ros2_rc/src/install/nav2_common/share/nav2_common/package.xml
[1.515s] -- Up-to-date: /home/ros2/ros2_rc/src/install/nav2_common/share/nav2_common/cmake
[1.515s] -- Up-to-date: /home/ros2/ros2_rc/src/install/nav2_common/share/nav2_common/cmake/nav2_package.cmake
[1.519s] Invoked command in '/home/ros2/ros2_rc/src/build/nav2_common' returned '0': CMAKE_PREFIX_PATH=${CMAKE_PREFIX_PATH}:/home/ros2/ros2_rc/src/install/nav2_simple_commander:/home/ros2/ros2_rc/install/nav2_simple_commander:/opt/ros/humble /usr/bin/cmake --install /home/ros2/ros2_rc/src/build/nav2_common
