[0.220s] Invoking command in '/home/ros2/ros2_rc/src/build/car_gazebo_plugin': CMAKE_PREFIX_PATH=${CMAKE_PREFIX_PATH}:/home/ros2/ros2_rc/src/install/nav2_simple_commander:/home/ros2/ros2_rc/install/nav2_simple_commander:/opt/ros/humble /usr/bin/cmake --build /home/ros2/ros2_rc/src/build/car_gazebo_plugin -- -j10 -l10
[0.445s] [100%] Built target car_gazebo_plugin
[0.499s] Invoked command in '/home/ros2/ros2_rc/src/build/car_gazebo_plugin' returned '0': CMAKE_PREFIX_PATH=${CMAKE_PREFIX_PATH}:/home/ros2/ros2_rc/src/install/nav2_simple_commander:/home/ros2/ros2_rc/install/nav2_simple_commander:/opt/ros/humble /usr/bin/cmake --build /home/ros2/ros2_rc/src/build/car_gazebo_plugin -- -j10 -l10
[0.709s] Invoking command in '/home/ros2/ros2_rc/src/build/car_gazebo_plugin': CMAKE_PREFIX_PATH=${CMAKE_PREFIX_PATH}:/home/ros2/ros2_rc/src/install/nav2_simple_commander:/home/ros2/ros2_rc/install/nav2_simple_commander:/opt/ros/humble /usr/bin/cmake --install /home/ros2/ros2_rc/src/build/car_gazebo_plugin
[0.733s] -- Install configuration: ""
[0.734s] -- Up-to-date: /home/ros2/ros2_rc/src/install/car_gazebo_plugin/share/car_gazebo_plugin/environment/library_path.sh
[0.737s] -- Up-to-date: /home/ros2/ros2_rc/src/install/car_gazebo_plugin/share/car_gazebo_plugin/environment/library_path.dsv
[0.737s] -- Up-to-date: /home/ros2/ros2_rc/src/install/car_gazebo_plugin/share/ament_index/resource_index/package_run_dependencies/car_gazebo_plugin
[0.737s] -- Up-to-date: /home/ros2/ros2_rc/src/install/car_gazebo_plugin/share/ament_index/resource_index/parent_prefix_path/car_gazebo_plugin
[0.741s] -- Up-to-date: /home/ros2/ros2_rc/src/install/car_gazebo_plugin/share/car_gazebo_plugin/environment/ament_prefix_path.sh
[0.742s] -- Up-to-date: /home/ros2/ros2_rc/src/install/car_gazebo_plugin/share/car_gazebo_plugin/environment/ament_prefix_path.dsv
[0.742s] -- Up-to-date: /home/ros2/ros2_rc/src/install/car_gazebo_plugin/share/car_gazebo_plugin/environment/path.sh
[0.742s] -- Up-to-date: /home/ros2/ros2_rc/src/install/car_gazebo_plugin/share/car_gazebo_plugin/environment/path.dsv
[0.742s] -- Up-to-date: /home/ros2/ros2_rc/src/install/car_gazebo_plugin/share/car_gazebo_plugin/local_setup.bash
[0.743s] -- Up-to-date: /home/ros2/ros2_rc/src/install/car_gazebo_plugin/share/car_gazebo_plugin/local_setup.sh
[0.743s] -- Up-to-date: /home/ros2/ros2_rc/src/install/car_gazebo_plugin/share/car_gazebo_plugin/local_setup.zsh
[0.743s] -- Up-to-date: /home/ros2/ros2_rc/src/install/car_gazebo_plugin/share/car_gazebo_plugin/local_setup.dsv
[0.743s] -- Installing: /home/ros2/ros2_rc/src/install/car_gazebo_plugin/share/car_gazebo_plugin/package.dsv
[0.743s] -- Up-to-date: /home/ros2/ros2_rc/src/install/car_gazebo_plugin/share/ament_index/resource_index/packages/car_gazebo_plugin
[0.743s] -- Up-to-date: /home/ros2/ros2_rc/src/install/car_gazebo_plugin/share/car_gazebo_plugin/cmake/ament_cmake_export_libraries-extras.cmake
[0.743s] -- Up-to-date: /home/ros2/ros2_rc/src/install/car_gazebo_plugin/share/car_gazebo_plugin/cmake/ament_cmake_export_include_directories-extras.cmake
[0.743s] -- Up-to-date: /home/ros2/ros2_rc/src/install/car_gazebo_plugin/share/car_gazebo_plugin/cmake/ament_cmake_export_dependencies-extras.cmake
[0.743s] -- Up-to-date: /home/ros2/ros2_rc/src/install/car_gazebo_plugin/share/car_gazebo_plugin/cmake/car_gazebo_pluginConfig.cmake
[0.743s] -- Up-to-date: /home/ros2/ros2_rc/src/install/car_gazebo_plugin/share/car_gazebo_plugin/cmake/car_gazebo_pluginConfig-version.cmake
[0.744s] -- Up-to-date: /home/ros2/ros2_rc/src/install/car_gazebo_plugin/share/car_gazebo_plugin/package.xml
[0.744s] -- Up-to-date: /home/ros2/ros2_rc/src/install/car_gazebo_plugin/lib/libcar_gazebo_plugin.so
[0.777s] Invoked command in '/home/ros2/ros2_rc/src/build/car_gazebo_plugin' returned '0': CMAKE_PREFIX_PATH=${CMAKE_PREFIX_PATH}:/home/ros2/ros2_rc/src/install/nav2_simple_commander:/home/ros2/ros2_rc/install/nav2_simple_commander:/opt/ros/humble /usr/bin/cmake --install /home/ros2/ros2_rc/src/build/car_gazebo_plugin
