-- Found ament_cmake: 1.3.10 (/opt/ros/humble/share/ament_cmake/cmake)
-- Found nav2_core: 1.1.16 (/home/ros2/ros2_rc/src/install/nav2_core/share/nav2_core/cmake)
-- Found rosidl_generator_c: 3.1.5 (/opt/ros/humble/share/rosidl_generator_c/cmake)
-- Found rosidl_adapter: 3.1.5 (/opt/ros/humble/share/rosidl_adapter/cmake)
-- Found rosidl_generator_cpp: 3.1.5 (/opt/ros/humble/share/rosidl_generator_cpp/cmake)
-- Using all available rosidl_typesupport_c: rosidl_typesupport_fastrtps_c;rosidl_typesupport_introspection_c
-- Using all available rosidl_typesupport_cpp: rosidl_typesupport_fastrtps_cpp;rosidl_typesupport_introspection_cpp
-- Found rmw_implementation_cmake: 6.1.2 (/opt/ros/humble/share/rmw_implementation_cmake/cmake)
-- Found rmw_cyclonedds_cpp: 1.3.4 (/opt/ros/humble/share/rmw_cyclonedds_cpp/cmake)
-- Using RMW implementation 'rmw_cyclonedds_cpp' as default
-- Ensuring Eigen3 include directory is part of orocos-kdl CMake target
-- Found nav2_common: 1.1.16 (/home/ros2/ros2_rc/src/install/nav2_common/share/nav2_common/cmake)
-- Found nav_2d_utils: 1.1.16 (/home/ros2/ros2_rc/src/install/nav_2d_utils/share/nav_2d_utils/cmake)
-- Found ament_lint_auto: 0.12.11 (/opt/ros/humble/share/ament_lint_auto/cmake)
-- Found gtest sources under '/opt/ros/humble/src/gtest_vendor': C++ tests using 'Google Test' will be built
-- Found gtest sources under '/opt/ros/humble/src/gtest_vendor': C++ tests using 'Google Test' will be built
-- Added test 'cppcheck' to perform static code analysis on C / C++ code
-- Configured cppcheck include dirs: /home/ros2/ros2_rc/src/navigation2/nav2_controller/include
-- Configured cppcheck exclude dirs and/or files: 
-- Added test 'cpplint' to check C / C++ code against the Google style
-- Configured cpplint exclude dirs and/or files: 
-- Added test 'lint_cmake' to check CMake code style
-- Added test 'uncrustify' to check C / C++ code style
-- Configured uncrustify additional arguments: 
-- Added test 'xmllint' to check XML markup files
-- Configuring done
-- Generating done
-- Build files have been written to: /home/ros2/ros2_rc/src/build/nav2_controller
[35m[1mConsolidate compiler generated dependencies of target simple_progress_checker[0m
[35m[1mConsolidate compiler generated dependencies of target simple_goal_checker[0m
[35m[1mConsolidate compiler generated dependencies of target controller_server_core[0m
[35m[1mConsolidate compiler generated dependencies of target gtest[0m
[35m[1mConsolidate compiler generated dependencies of target gtest_main[0m
[  4%] [32mBuilding CXX object CMakeFiles/controller_server_core.dir/src/controller_server.cpp.o[0m
[  9%] [32mBuilding CXX object CMakeFiles/simple_goal_checker.dir/plugins/simple_goal_checker.cpp.o[0m
[ 13%] [32mBuilding CXX object CMakeFiles/simple_progress_checker.dir/plugins/simple_progress_checker.cpp.o[0m
[ 22%] Built target gtest_main
[ 31%] Built target gtest
[ 36%] [32m[1mLinking CXX shared library libsimple_progress_checker.so[0m
[ 40%] [32m[1mLinking CXX shared library libsimple_goal_checker.so[0m
[ 45%] [32m[1mLinking CXX shared library libcontroller_server_core.so[0m
[ 45%] Built target simple_progress_checker
[35m[1mConsolidate compiler generated dependencies of target pose_progress_checker[0m
[ 50%] [32mBuilding CXX object CMakeFiles/pose_progress_checker.dir/plugins/pose_progress_checker.cpp.o[0m
[ 50%] Built target simple_goal_checker
[35m[1mConsolidate compiler generated dependencies of target stopped_goal_checker[0m
[ 54%] [32mBuilding CXX object CMakeFiles/stopped_goal_checker.dir/plugins/stopped_goal_checker.cpp.o[0m
[ 59%] [32m[1mLinking CXX shared library libpose_progress_checker.so[0m
[ 59%] Built target controller_server_core
[ 63%] [32m[1mLinking CXX shared library libstopped_goal_checker.so[0m
[35m[1mConsolidate compiler generated dependencies of target controller_server[0m
[35m[1mConsolidate compiler generated dependencies of target test_dynamic_parameters[0m
[ 68%] [32mBuilding CXX object CMakeFiles/controller_server.dir/src/main.cpp.o[0m
[ 72%] [32mBuilding CXX object test/CMakeFiles/test_dynamic_parameters.dir/test_dynamic_parameters.cpp.o[0m
[ 72%] Built target pose_progress_checker
[35m[1mConsolidate compiler generated dependencies of target pctest[0m
[ 77%] [32mBuilding CXX object plugins/test/CMakeFiles/pctest.dir/progress_checker.cpp.o[0m
[ 77%] Built target stopped_goal_checker
[35m[1mConsolidate compiler generated dependencies of target gctest[0m
[ 81%] [32mBuilding CXX object plugins/test/CMakeFiles/gctest.dir/goal_checker.cpp.o[0m
[ 86%] [32m[1mLinking CXX executable test_dynamic_parameters[0m
[ 90%] [32m[1mLinking CXX executable pctest[0m
[ 95%] [32m[1mLinking CXX executable controller_server[0m
[100%] [32m[1mLinking CXX executable gctest[0m
[100%] Built target pctest
[100%] Built target test_dynamic_parameters
[100%] Built target controller_server
[100%] Built target gctest
-- Install configuration: "Release"
-- Installing: /home/ros2/ros2_rc/src/install/nav2_controller/lib/libsimple_progress_checker.so
-- Set runtime path of "/home/ros2/ros2_rc/src/install/nav2_controller/lib/libsimple_progress_checker.so" to ""
-- Installing: /home/ros2/ros2_rc/src/install/nav2_controller/lib/libpose_progress_checker.so
-- Set runtime path of "/home/ros2/ros2_rc/src/install/nav2_controller/lib/libpose_progress_checker.so" to ""
-- Installing: /home/ros2/ros2_rc/src/install/nav2_controller/lib/libsimple_goal_checker.so
-- Set runtime path of "/home/ros2/ros2_rc/src/install/nav2_controller/lib/libsimple_goal_checker.so" to ""
-- Installing: /home/ros2/ros2_rc/src/install/nav2_controller/lib/libstopped_goal_checker.so
-- Set runtime path of "/home/ros2/ros2_rc/src/install/nav2_controller/lib/libstopped_goal_checker.so" to ""
-- Installing: /home/ros2/ros2_rc/src/install/nav2_controller/lib/libcontroller_server_core.so
-- Set runtime path of "/home/ros2/ros2_rc/src/install/nav2_controller/lib/libcontroller_server_core.so" to ""
-- Installing: /home/ros2/ros2_rc/src/install/nav2_controller/lib/nav2_controller/controller_server
-- Set runtime path of "/home/ros2/ros2_rc/src/install/nav2_controller/lib/nav2_controller/controller_server" to ""
-- Up-to-date: /home/ros2/ros2_rc/src/install/nav2_controller/include/
-- Up-to-date: /home/ros2/ros2_rc/src/install/nav2_controller/include//nav2_controller
-- Installing: /home/ros2/ros2_rc/src/install/nav2_controller/include//nav2_controller/controller_server.hpp
-- Up-to-date: /home/ros2/ros2_rc/src/install/nav2_controller/include//nav2_controller/plugins
-- Installing: /home/ros2/ros2_rc/src/install/nav2_controller/include//nav2_controller/plugins/stopped_goal_checker.hpp
-- Installing: /home/ros2/ros2_rc/src/install/nav2_controller/include//nav2_controller/plugins/pose_progress_checker.hpp
-- Installing: /home/ros2/ros2_rc/src/install/nav2_controller/include//nav2_controller/plugins/simple_progress_checker.hpp
-- Installing: /home/ros2/ros2_rc/src/install/nav2_controller/include//nav2_controller/plugins/simple_goal_checker.hpp
-- Up-to-date: /home/ros2/ros2_rc/src/install/nav2_controller/share/nav2_controller/environment/library_path.sh
-- Installing: /home/ros2/ros2_rc/src/install/nav2_controller/share/nav2_controller/environment/library_path.dsv
-- Installing: /home/ros2/ros2_rc/src/install/nav2_controller/share/nav2_controller/plugins.xml
-- Up-to-date: /home/ros2/ros2_rc/src/install/nav2_controller/share/ament_index/resource_index/package_run_dependencies/nav2_controller
-- Installing: /home/ros2/ros2_rc/src/install/nav2_controller/share/ament_index/resource_index/parent_prefix_path/nav2_controller
-- Up-to-date: /home/ros2/ros2_rc/src/install/nav2_controller/share/nav2_controller/environment/ament_prefix_path.sh
-- Installing: /home/ros2/ros2_rc/src/install/nav2_controller/share/nav2_controller/environment/ament_prefix_path.dsv
-- Up-to-date: /home/ros2/ros2_rc/src/install/nav2_controller/share/nav2_controller/environment/path.sh
-- Installing: /home/ros2/ros2_rc/src/install/nav2_controller/share/nav2_controller/environment/path.dsv
-- Up-to-date: /home/ros2/ros2_rc/src/install/nav2_controller/share/nav2_controller/local_setup.bash
-- Up-to-date: /home/ros2/ros2_rc/src/install/nav2_controller/share/nav2_controller/local_setup.sh
-- Up-to-date: /home/ros2/ros2_rc/src/install/nav2_controller/share/nav2_controller/local_setup.zsh
-- Installing: /home/ros2/ros2_rc/src/install/nav2_controller/share/nav2_controller/local_setup.dsv
-- Installing: /home/ros2/ros2_rc/src/install/nav2_controller/share/nav2_controller/package.dsv
-- Up-to-date: /home/ros2/ros2_rc/src/install/nav2_controller/share/ament_index/resource_index/packages/nav2_controller
-- Up-to-date: /home/ros2/ros2_rc/src/install/nav2_controller/share/ament_index/resource_index/nav2_core__pluginlib__plugin/nav2_controller
-- Up-to-date: /home/ros2/ros2_rc/src/install/nav2_controller/share/ament_index/resource_index/rclcpp_components/nav2_controller
-- Up-to-date: /home/ros2/ros2_rc/src/install/nav2_controller/share/nav2_controller/cmake/ament_cmake_export_include_directories-extras.cmake
-- Up-to-date: /home/ros2/ros2_rc/src/install/nav2_controller/share/nav2_controller/cmake/ament_cmake_export_libraries-extras.cmake
-- Up-to-date: /home/ros2/ros2_rc/src/install/nav2_controller/share/nav2_controller/cmake/ament_cmake_export_dependencies-extras.cmake
-- Up-to-date: /home/ros2/ros2_rc/src/install/nav2_controller/share/nav2_controller/cmake/nav2_controllerConfig.cmake
-- Up-to-date: /home/ros2/ros2_rc/src/install/nav2_controller/share/nav2_controller/cmake/nav2_controllerConfig-version.cmake
-- Installing: /home/ros2/ros2_rc/src/install/nav2_controller/share/nav2_controller/package.xml
