[0.118s] Invoking command in '/home/ros2/ros2_rc/src/build/nav2_costmap_2d': CMAKE_PREFIX_PATH=/home/ros2/ros2_rc/src/install/nav2_map_server:/home/ros2/ros2_rc/src/install/nav2_lifecycle_manager:/home/ros2/ros2_rc/src/install/nav2_util:/home/ros2/ros2_rc/src/install/nav2_voxel_grid:/home/ros2/ros2_rc/src/install/nav2_msgs:/home/ros2/ros2_rc/src/install/nav2_common:/home/ros2/ros2_rc/src/install/smartcar_msgs:/home/ros2/ros2_rc/src/install/smart_car:/home/ros2/ros2_rc/src/install/ros2_rc:/home/ros2/ros2_rc/src/install/nav2_controller:/home/ros2/ros2_rc/src/install/dwb_plugins:/home/ros2/ros2_rc/src/install/dwb_core:/home/ros2/ros2_rc/src/install/nav_2d_utils:/home/ros2/ros2_rc/src/install/dwb_msgs:/home/ros2/ros2_rc/src/install/nav_2d_msgs:/home/ros2/ros2_rc/src/install/nav2_theta_star_planner:/home/ros2/ros2_rc/src/install/nav2_regulated_pure_pursuit_controller:/home/ros2/ros2_rc/src/install/nav2_planner:/home/ros2/ros2_rc/src/install/nav2_navfn_planner:/home/ros2/ros2_rc/src/install/nav2_constrained_smoother:/home/ros2/ros2_rc/src/install/nav2_bt_navigator:/home/ros2/ros2_rc/src/install/nav2_behaviors:/home/ros2/ros2_rc/src/install/nav2_core:/home/ros2/ros2_rc/src/install/nav2_collision_monitor:/home/ros2/ros2_rc/src/install/costmap_queue:/home/ros2/ros2_rc/src/install/nav2_costmap_2d:/home/ros2/ros2_rc/src/install/nav2_velocity_smoother:/home/ros2/ros2_rc/src/install/nav2_rviz_plugins:/home/ros2/ros2_rc/src/install/nav2_behavior_tree:/home/ros2/ros2_rc/src/install/nav2_amcl:/home/ros2/ros2_rc/src/install/car_gazebo_plugin:/home/ros2/ros2_rc/src/install/nav2_simple_commander:/opt/ros/humble LD_LIBRARY_PATH=/home/ros2/ros2_rc/src/install/nav2_map_server/lib:/home/ros2/ros2_rc/src/install/nav2_lifecycle_manager/lib:/home/ros2/ros2_rc/src/install/nav2_util/lib:/home/ros2/ros2_rc/src/install/nav2_voxel_grid/lib:/home/ros2/ros2_rc/src/install/nav2_msgs/lib:/home/ros2/ros2_rc/src/install/smartcar_msgs/lib:/home/ros2/ros2_rc/src/install/nav2_controller/lib:/home/ros2/ros2_rc/src/install/dwb_plugins/lib:/home/ros2/ros2_rc/src/install/dwb_core/lib:/home/ros2/ros2_rc/src/install/nav_2d_utils/lib:/home/ros2/ros2_rc/src/install/dwb_msgs/lib:/home/ros2/ros2_rc/src/install/nav_2d_msgs/lib:/home/ros2/ros2_rc/src/install/nav2_theta_star_planner/lib:/home/ros2/ros2_rc/src/install/nav2_regulated_pure_pursuit_controller/lib:/home/ros2/ros2_rc/src/install/nav2_planner/lib:/home/ros2/ros2_rc/src/install/nav2_navfn_planner/lib:/home/ros2/ros2_rc/src/install/nav2_constrained_smoother/lib:/home/ros2/ros2_rc/src/install/nav2_bt_navigator/lib:/home/ros2/ros2_rc/src/install/nav2_behaviors/lib:/home/ros2/ros2_rc/src/install/nav2_collision_monitor/lib:/home/ros2/ros2_rc/src/install/costmap_queue/lib:/home/ros2/ros2_rc/src/install/nav2_costmap_2d/lib:/home/ros2/ros2_rc/src/install/nav2_velocity_smoother/lib:/home/ros2/ros2_rc/src/install/nav2_rviz_plugins/lib:/home/ros2/ros2_rc/src/install/nav2_behavior_tree/lib:/home/ros2/ros2_rc/src/install/nav2_amcl/lib:/home/ros2/ros2_rc/src/install/car_gazebo_plugin/lib:/usr/lib/x86_64-linux-gnu/gazebo-11/plugins:/opt/ros/humble/opt/rviz_ogre_vendor/lib:/opt/ros/humble/lib/x86_64-linux-gnu:/opt/ros/humble/lib:/usr/lib/x86_64-linux-gnu/gazebo-11/plugins /usr/bin/cmake --build /home/ros2/ros2_rc/src/build/nav2_costmap_2d -- -j9 -l9
[0.249s] [  2%] Built target gtest_main
[0.257s] [  4%] Built target gtest
[0.299s] [ 21%] Built target nav2_costmap_2d_core
[0.339s] [35m[1mConsolidate compiler generated dependencies of target array_parser_test[0m
[0.344s] [35m[1mConsolidate compiler generated dependencies of target costmap_convesion_test[0m
[0.344s] [35m[1mConsolidate compiler generated dependencies of target collision_footprint_test[0m
[0.361s] [35m[1mConsolidate compiler generated dependencies of target filters[0m
[0.371s] [35m[1mConsolidate compiler generated dependencies of target layers[0m
[0.372s] [35m[1mConsolidate compiler generated dependencies of target declare_parameter_test[0m
[0.377s] [ 24%] Built target nav2_costmap_2d_markers
[0.394s] [ 26%] Built target collision_footprint_test
[0.394s] [ 29%] Built target array_parser_test
[0.395s] [ 31%] Built target costmap_convesion_test
[0.398s] [ 34%] Built target nav2_costmap_2d_cloud
[0.413s] [ 39%] Built target filters
[0.448s] [ 43%] Built target nav2_costmap_2d_client
[0.461s] [35m[1mConsolidate compiler generated dependencies of target costmap_filter_test[0m
[0.467s] [ 46%] Built target declare_parameter_test
[0.477s] [35m[1mConsolidate compiler generated dependencies of target copy_window_test[0m
[0.477s] [ 56%] Built target layers
[0.485s] [35m[1mConsolidate compiler generated dependencies of target costmap_filter_service_test[0m
[0.492s] [35m[1mConsolidate compiler generated dependencies of target dyn_params_tests[0m
[0.492s] [35m[1mConsolidate compiler generated dependencies of target costmap_bresenham_2d[0m
[0.499s] [ 58%] Built target costmap_filter_test
[0.500s] [35m[1mConsolidate compiler generated dependencies of target plugin_api_order[0m
[0.512s] [35m[1mConsolidate compiler generated dependencies of target keepout_filter_test[0m
[0.517s] [35m[1mConsolidate compiler generated dependencies of target speed_filter_test[0m
[0.523s] [ 60%] Built target copy_window_test
[0.537s] [ 63%] Built target costmap_bresenham_2d
[0.537s] [ 65%] Built target costmap_filter_service_test
[0.541s] [ 68%] Built target dyn_params_tests
[0.541s] [ 70%] Built target order_layer
[0.546s] [35m[1mConsolidate compiler generated dependencies of target binary_filter_test[0m
[0.547s] [ 73%] Built target plugin_api_order
[0.560s] [ 78%] Built target speed_filter_test
[0.560s] [ 78%] Built target keepout_filter_test
[0.563s] [35m[1mConsolidate compiler generated dependencies of target footprint_tests_exec[0m
[0.569s] [35m[1mConsolidate compiler generated dependencies of target denoise_layer_test[0m
[0.573s] [35m[1mConsolidate compiler generated dependencies of target test_collision_checker_exec[0m
[0.574s] [35m[1mConsolidate compiler generated dependencies of target obstacle_tests_exec[0m
[0.577s] [35m[1mConsolidate compiler generated dependencies of target inflation_tests_exec[0m
[0.589s] [35m[1mConsolidate compiler generated dependencies of target range_tests_exec[0m
[0.595s] [35m[1mConsolidate compiler generated dependencies of target nav2_costmap_2d[0m
[0.606s] [ 80%] Built target binary_filter_test
[0.619s] [ 87%] Built target denoise_layer_test
[0.619s] [ 87%] Built target test_collision_checker_exec
[0.619s] [ 90%] Built target obstacle_tests_exec
[0.625s] [ 92%] Built target inflation_tests_exec
[0.625s] [ 95%] Built target footprint_tests_exec
[0.648s] [ 97%] Built target range_tests_exec
[0.648s] [100%] Built target nav2_costmap_2d
[0.680s] Invoked command in '/home/ros2/ros2_rc/src/build/nav2_costmap_2d' returned '0': CMAKE_PREFIX_PATH=/home/ros2/ros2_rc/src/install/nav2_map_server:/home/ros2/ros2_rc/src/install/nav2_lifecycle_manager:/home/ros2/ros2_rc/src/install/nav2_util:/home/ros2/ros2_rc/src/install/nav2_voxel_grid:/home/ros2/ros2_rc/src/install/nav2_msgs:/home/ros2/ros2_rc/src/install/nav2_common:/home/ros2/ros2_rc/src/install/smartcar_msgs:/home/ros2/ros2_rc/src/install/smart_car:/home/ros2/ros2_rc/src/install/ros2_rc:/home/ros2/ros2_rc/src/install/nav2_controller:/home/ros2/ros2_rc/src/install/dwb_plugins:/home/ros2/ros2_rc/src/install/dwb_core:/home/ros2/ros2_rc/src/install/nav_2d_utils:/home/ros2/ros2_rc/src/install/dwb_msgs:/home/ros2/ros2_rc/src/install/nav_2d_msgs:/home/ros2/ros2_rc/src/install/nav2_theta_star_planner:/home/ros2/ros2_rc/src/install/nav2_regulated_pure_pursuit_controller:/home/ros2/ros2_rc/src/install/nav2_planner:/home/ros2/ros2_rc/src/install/nav2_navfn_planner:/home/ros2/ros2_rc/src/install/nav2_constrained_smoother:/home/ros2/ros2_rc/src/install/nav2_bt_navigator:/home/ros2/ros2_rc/src/install/nav2_behaviors:/home/ros2/ros2_rc/src/install/nav2_core:/home/ros2/ros2_rc/src/install/nav2_collision_monitor:/home/ros2/ros2_rc/src/install/costmap_queue:/home/ros2/ros2_rc/src/install/nav2_costmap_2d:/home/ros2/ros2_rc/src/install/nav2_velocity_smoother:/home/ros2/ros2_rc/src/install/nav2_rviz_plugins:/home/ros2/ros2_rc/src/install/nav2_behavior_tree:/home/ros2/ros2_rc/src/install/nav2_amcl:/home/ros2/ros2_rc/src/install/car_gazebo_plugin:/home/ros2/ros2_rc/src/install/nav2_simple_commander:/opt/ros/humble LD_LIBRARY_PATH=/home/ros2/ros2_rc/src/install/nav2_map_server/lib:/home/ros2/ros2_rc/src/install/nav2_lifecycle_manager/lib:/home/ros2/ros2_rc/src/install/nav2_util/lib:/home/ros2/ros2_rc/src/install/nav2_voxel_grid/lib:/home/ros2/ros2_rc/src/install/nav2_msgs/lib:/home/ros2/ros2_rc/src/install/smartcar_msgs/lib:/home/ros2/ros2_rc/src/install/nav2_controller/lib:/home/ros2/ros2_rc/src/install/dwb_plugins/lib:/home/ros2/ros2_rc/src/install/dwb_core/lib:/home/ros2/ros2_rc/src/install/nav_2d_utils/lib:/home/ros2/ros2_rc/src/install/dwb_msgs/lib:/home/ros2/ros2_rc/src/install/nav_2d_msgs/lib:/home/ros2/ros2_rc/src/install/nav2_theta_star_planner/lib:/home/ros2/ros2_rc/src/install/nav2_regulated_pure_pursuit_controller/lib:/home/ros2/ros2_rc/src/install/nav2_planner/lib:/home/ros2/ros2_rc/src/install/nav2_navfn_planner/lib:/home/ros2/ros2_rc/src/install/nav2_constrained_smoother/lib:/home/ros2/ros2_rc/src/install/nav2_bt_navigator/lib:/home/ros2/ros2_rc/src/install/nav2_behaviors/lib:/home/ros2/ros2_rc/src/install/nav2_collision_monitor/lib:/home/ros2/ros2_rc/src/install/costmap_queue/lib:/home/ros2/ros2_rc/src/install/nav2_costmap_2d/lib:/home/ros2/ros2_rc/src/install/nav2_velocity_smoother/lib:/home/ros2/ros2_rc/src/install/nav2_rviz_plugins/lib:/home/ros2/ros2_rc/src/install/nav2_behavior_tree/lib:/home/ros2/ros2_rc/src/install/nav2_amcl/lib:/home/ros2/ros2_rc/src/install/car_gazebo_plugin/lib:/usr/lib/x86_64-linux-gnu/gazebo-11/plugins:/opt/ros/humble/opt/rviz_ogre_vendor/lib:/opt/ros/humble/lib/x86_64-linux-gnu:/opt/ros/humble/lib:/usr/lib/x86_64-linux-gnu/gazebo-11/plugins /usr/bin/cmake --build /home/ros2/ros2_rc/src/build/nav2_costmap_2d -- -j9 -l9
[0.975s] Invoking command in '/home/ros2/ros2_rc/src/build/nav2_costmap_2d': CMAKE_PREFIX_PATH=/home/ros2/ros2_rc/src/install/nav2_map_server:/home/ros2/ros2_rc/src/install/nav2_lifecycle_manager:/home/ros2/ros2_rc/src/install/nav2_util:/home/ros2/ros2_rc/src/install/nav2_voxel_grid:/home/ros2/ros2_rc/src/install/nav2_msgs:/home/ros2/ros2_rc/src/install/nav2_common:/home/ros2/ros2_rc/src/install/smartcar_msgs:/home/ros2/ros2_rc/src/install/smart_car:/home/ros2/ros2_rc/src/install/ros2_rc:/home/ros2/ros2_rc/src/install/nav2_controller:/home/ros2/ros2_rc/src/install/dwb_plugins:/home/ros2/ros2_rc/src/install/dwb_core:/home/ros2/ros2_rc/src/install/nav_2d_utils:/home/ros2/ros2_rc/src/install/dwb_msgs:/home/ros2/ros2_rc/src/install/nav_2d_msgs:/home/ros2/ros2_rc/src/install/nav2_theta_star_planner:/home/ros2/ros2_rc/src/install/nav2_regulated_pure_pursuit_controller:/home/ros2/ros2_rc/src/install/nav2_planner:/home/ros2/ros2_rc/src/install/nav2_navfn_planner:/home/ros2/ros2_rc/src/install/nav2_constrained_smoother:/home/ros2/ros2_rc/src/install/nav2_bt_navigator:/home/ros2/ros2_rc/src/install/nav2_behaviors:/home/ros2/ros2_rc/src/install/nav2_core:/home/ros2/ros2_rc/src/install/nav2_collision_monitor:/home/ros2/ros2_rc/src/install/costmap_queue:/home/ros2/ros2_rc/src/install/nav2_costmap_2d:/home/ros2/ros2_rc/src/install/nav2_velocity_smoother:/home/ros2/ros2_rc/src/install/nav2_rviz_plugins:/home/ros2/ros2_rc/src/install/nav2_behavior_tree:/home/ros2/ros2_rc/src/install/nav2_amcl:/home/ros2/ros2_rc/src/install/car_gazebo_plugin:/home/ros2/ros2_rc/src/install/nav2_simple_commander:/opt/ros/humble LD_LIBRARY_PATH=/home/ros2/ros2_rc/src/install/nav2_map_server/lib:/home/ros2/ros2_rc/src/install/nav2_lifecycle_manager/lib:/home/ros2/ros2_rc/src/install/nav2_util/lib:/home/ros2/ros2_rc/src/install/nav2_voxel_grid/lib:/home/ros2/ros2_rc/src/install/nav2_msgs/lib:/home/ros2/ros2_rc/src/install/smartcar_msgs/lib:/home/ros2/ros2_rc/src/install/nav2_controller/lib:/home/ros2/ros2_rc/src/install/dwb_plugins/lib:/home/ros2/ros2_rc/src/install/dwb_core/lib:/home/ros2/ros2_rc/src/install/nav_2d_utils/lib:/home/ros2/ros2_rc/src/install/dwb_msgs/lib:/home/ros2/ros2_rc/src/install/nav_2d_msgs/lib:/home/ros2/ros2_rc/src/install/nav2_theta_star_planner/lib:/home/ros2/ros2_rc/src/install/nav2_regulated_pure_pursuit_controller/lib:/home/ros2/ros2_rc/src/install/nav2_planner/lib:/home/ros2/ros2_rc/src/install/nav2_navfn_planner/lib:/home/ros2/ros2_rc/src/install/nav2_constrained_smoother/lib:/home/ros2/ros2_rc/src/install/nav2_bt_navigator/lib:/home/ros2/ros2_rc/src/install/nav2_behaviors/lib:/home/ros2/ros2_rc/src/install/nav2_collision_monitor/lib:/home/ros2/ros2_rc/src/install/costmap_queue/lib:/home/ros2/ros2_rc/src/install/nav2_costmap_2d/lib:/home/ros2/ros2_rc/src/install/nav2_velocity_smoother/lib:/home/ros2/ros2_rc/src/install/nav2_rviz_plugins/lib:/home/ros2/ros2_rc/src/install/nav2_behavior_tree/lib:/home/ros2/ros2_rc/src/install/nav2_amcl/lib:/home/ros2/ros2_rc/src/install/car_gazebo_plugin/lib:/usr/lib/x86_64-linux-gnu/gazebo-11/plugins:/opt/ros/humble/opt/rviz_ogre_vendor/lib:/opt/ros/humble/lib/x86_64-linux-gnu:/opt/ros/humble/lib:/usr/lib/x86_64-linux-gnu/gazebo-11/plugins /usr/bin/cmake --install /home/ros2/ros2_rc/src/build/nav2_costmap_2d
[0.988s] -- Install configuration: "Release"
[0.989s] -- Up-to-date: /home/ros2/ros2_rc/src/install/nav2_costmap_2d/lib/liblayers.so
[0.992s] -- Up-to-date: /home/ros2/ros2_rc/src/install/nav2_costmap_2d/lib/libfilters.so
[0.993s] -- Up-to-date: /home/ros2/ros2_rc/src/install/nav2_costmap_2d/lib/libnav2_costmap_2d_core.so
[0.994s] -- Up-to-date: /home/ros2/ros2_rc/src/install/nav2_costmap_2d/lib/libnav2_costmap_2d_client.so
[0.996s] -- Up-to-date: /home/ros2/ros2_rc/src/install/nav2_costmap_2d/lib/nav2_costmap_2d/nav2_costmap_2d_markers
[0.998s] -- Up-to-date: /home/ros2/ros2_rc/src/install/nav2_costmap_2d/lib/nav2_costmap_2d/nav2_costmap_2d_cloud
[0.999s] -- Up-to-date: /home/ros2/ros2_rc/src/install/nav2_costmap_2d/lib/nav2_costmap_2d/nav2_costmap_2d
[0.999s] -- Up-to-date: /home/ros2/ros2_rc/src/install/nav2_costmap_2d/share/nav2_costmap_2d/costmap_plugins.xml
[0.999s] -- Up-to-date: /home/ros2/ros2_rc/src/install/nav2_costmap_2d/include/nav2_costmap_2d
[1.000s] -- Up-to-date: /home/ros2/ros2_rc/src/install/nav2_costmap_2d/include/nav2_costmap_2d/nav2_costmap_2d
[1.000s] -- Up-to-date: /home/ros2/ros2_rc/src/install/nav2_costmap_2d/include/nav2_costmap_2d/nav2_costmap_2d/footprint.hpp
[1.000s] -- Up-to-date: /home/ros2/ros2_rc/src/install/nav2_costmap_2d/include/nav2_costmap_2d/nav2_costmap_2d/costmap_2d.hpp
[1.001s] -- Up-to-date: /home/ros2/ros2_rc/src/install/nav2_costmap_2d/include/nav2_costmap_2d/nav2_costmap_2d/array_parser.hpp
[1.001s] -- Up-to-date: /home/ros2/ros2_rc/src/install/nav2_costmap_2d/include/nav2_costmap_2d/nav2_costmap_2d/layered_costmap.hpp
[1.001s] -- Up-to-date: /home/ros2/ros2_rc/src/install/nav2_costmap_2d/include/nav2_costmap_2d/nav2_costmap_2d/inflation_layer.hpp
[1.001s] -- Up-to-date: /home/ros2/ros2_rc/src/install/nav2_costmap_2d/include/nav2_costmap_2d/nav2_costmap_2d/voxel_layer.hpp
[1.001s] -- Up-to-date: /home/ros2/ros2_rc/src/install/nav2_costmap_2d/include/nav2_costmap_2d/nav2_costmap_2d/layer.hpp
[1.001s] -- Up-to-date: /home/ros2/ros2_rc/src/install/nav2_costmap_2d/include/nav2_costmap_2d/nav2_costmap_2d/footprint_collision_checker.hpp
[1.002s] -- Up-to-date: /home/ros2/ros2_rc/src/install/nav2_costmap_2d/include/nav2_costmap_2d/nav2_costmap_2d/costmap_subscriber.hpp
[1.002s] -- Up-to-date: /home/ros2/ros2_rc/src/install/nav2_costmap_2d/include/nav2_costmap_2d/nav2_costmap_2d/observation.hpp
[1.002s] -- Up-to-date: /home/ros2/ros2_rc/src/install/nav2_costmap_2d/include/nav2_costmap_2d/nav2_costmap_2d/costmap_2d_ros.hpp
[1.002s] -- Up-to-date: /home/ros2/ros2_rc/src/install/nav2_costmap_2d/include/nav2_costmap_2d/nav2_costmap_2d/static_layer.hpp
[1.002s] -- Up-to-date: /home/ros2/ros2_rc/src/install/nav2_costmap_2d/include/nav2_costmap_2d/nav2_costmap_2d/observation_buffer.hpp
[1.002s] -- Up-to-date: /home/ros2/ros2_rc/src/install/nav2_costmap_2d/include/nav2_costmap_2d/nav2_costmap_2d/costmap_filters
[1.002s] -- Up-to-date: /home/ros2/ros2_rc/src/install/nav2_costmap_2d/include/nav2_costmap_2d/nav2_costmap_2d/costmap_filters/costmap_filter.hpp
[1.003s] -- Up-to-date: /home/ros2/ros2_rc/src/install/nav2_costmap_2d/include/nav2_costmap_2d/nav2_costmap_2d/costmap_filters/filter_values.hpp
[1.003s] -- Up-to-date: /home/ros2/ros2_rc/src/install/nav2_costmap_2d/include/nav2_costmap_2d/nav2_costmap_2d/costmap_filters/binary_filter.hpp
[1.003s] -- Up-to-date: /home/ros2/ros2_rc/src/install/nav2_costmap_2d/include/nav2_costmap_2d/nav2_costmap_2d/costmap_filters/speed_filter.hpp
[1.003s] -- Up-to-date: /home/ros2/ros2_rc/src/install/nav2_costmap_2d/include/nav2_costmap_2d/nav2_costmap_2d/costmap_filters/keepout_filter.hpp
[1.003s] -- Up-to-date: /home/ros2/ros2_rc/src/install/nav2_costmap_2d/include/nav2_costmap_2d/nav2_costmap_2d/cost_values.hpp
[1.003s] -- Up-to-date: /home/ros2/ros2_rc/src/install/nav2_costmap_2d/include/nav2_costmap_2d/nav2_costmap_2d/costmap_layer.hpp
[1.003s] -- Up-to-date: /home/ros2/ros2_rc/src/install/nav2_costmap_2d/include/nav2_costmap_2d/nav2_costmap_2d/costmap_topic_collision_checker.hpp
[1.003s] -- Up-to-date: /home/ros2/ros2_rc/src/install/nav2_costmap_2d/include/nav2_costmap_2d/nav2_costmap_2d/obstacle_layer.hpp
[1.004s] -- Up-to-date: /home/ros2/ros2_rc/src/install/nav2_costmap_2d/include/nav2_costmap_2d/nav2_costmap_2d/footprint_subscriber.hpp
[1.004s] -- Up-to-date: /home/ros2/ros2_rc/src/install/nav2_costmap_2d/include/nav2_costmap_2d/nav2_costmap_2d/costmap_math.hpp
[1.004s] -- Up-to-date: /home/ros2/ros2_rc/src/install/nav2_costmap_2d/include/nav2_costmap_2d/nav2_costmap_2d/costmap_2d_publisher.hpp
[1.004s] -- Up-to-date: /home/ros2/ros2_rc/src/install/nav2_costmap_2d/include/nav2_costmap_2d/nav2_costmap_2d/range_sensor_layer.hpp
[1.004s] -- Up-to-date: /home/ros2/ros2_rc/src/install/nav2_costmap_2d/include/nav2_costmap_2d/nav2_costmap_2d/clear_costmap_service.hpp
[1.004s] -- Up-to-date: /home/ros2/ros2_rc/src/install/nav2_costmap_2d/include/nav2_costmap_2d/nav2_costmap_2d/denoise_layer.hpp
[1.004s] -- Up-to-date: /home/ros2/ros2_rc/src/install/nav2_costmap_2d/include/nav2_costmap_2d/nav2_costmap_2d/exceptions.hpp
[1.004s] -- Up-to-date: /home/ros2/ros2_rc/src/install/nav2_costmap_2d/include/nav2_costmap_2d/nav2_costmap_2d/denoise
[1.005s] -- Up-to-date: /home/ros2/ros2_rc/src/install/nav2_costmap_2d/include/nav2_costmap_2d/nav2_costmap_2d/denoise/image_processing.hpp
[1.005s] -- Up-to-date: /home/ros2/ros2_rc/src/install/nav2_costmap_2d/include/nav2_costmap_2d/nav2_costmap_2d/denoise/image.hpp
[1.005s] -- Up-to-date: /home/ros2/ros2_rc/src/install/nav2_costmap_2d/share/nav2_costmap_2d/test/regression/order_layer.xml
[1.005s] -- Up-to-date: /home/ros2/ros2_rc/src/install/nav2_costmap_2d/share/nav2_costmap_2d/environment/library_path.sh
[1.005s] -- Up-to-date: /home/ros2/ros2_rc/src/install/nav2_costmap_2d/share/nav2_costmap_2d/environment/library_path.dsv
[1.005s] -- Up-to-date: /home/ros2/ros2_rc/src/install/nav2_costmap_2d/share/nav2_costmap_2d/costmap_plugins.xml
[1.005s] -- Up-to-date: /home/ros2/ros2_rc/src/install/nav2_costmap_2d/share/ament_index/resource_index/package_run_dependencies/nav2_costmap_2d
[1.005s] -- Up-to-date: /home/ros2/ros2_rc/src/install/nav2_costmap_2d/share/ament_index/resource_index/parent_prefix_path/nav2_costmap_2d
[1.006s] -- Up-to-date: /home/ros2/ros2_rc/src/install/nav2_costmap_2d/share/nav2_costmap_2d/environment/ament_prefix_path.sh
[1.006s] -- Up-to-date: /home/ros2/ros2_rc/src/install/nav2_costmap_2d/share/nav2_costmap_2d/environment/ament_prefix_path.dsv
[1.006s] -- Up-to-date: /home/ros2/ros2_rc/src/install/nav2_costmap_2d/share/nav2_costmap_2d/environment/path.sh
[1.006s] -- Up-to-date: /home/ros2/ros2_rc/src/install/nav2_costmap_2d/share/nav2_costmap_2d/environment/path.dsv
[1.006s] -- Up-to-date: /home/ros2/ros2_rc/src/install/nav2_costmap_2d/share/nav2_costmap_2d/local_setup.bash
[1.006s] -- Up-to-date: /home/ros2/ros2_rc/src/install/nav2_costmap_2d/share/nav2_costmap_2d/local_setup.sh
[1.006s] -- Up-to-date: /home/ros2/ros2_rc/src/install/nav2_costmap_2d/share/nav2_costmap_2d/local_setup.zsh
[1.006s] -- Up-to-date: /home/ros2/ros2_rc/src/install/nav2_costmap_2d/share/nav2_costmap_2d/local_setup.dsv
[1.006s] -- Installing: /home/ros2/ros2_rc/src/install/nav2_costmap_2d/share/nav2_costmap_2d/package.dsv
[1.007s] -- Up-to-date: /home/ros2/ros2_rc/src/install/nav2_costmap_2d/share/ament_index/resource_index/packages/nav2_costmap_2d
[1.007s] -- Up-to-date: /home/ros2/ros2_rc/src/install/nav2_costmap_2d/share/ament_index/resource_index/nav2_costmap_2d__pluginlib__plugin/nav2_costmap_2d
[1.008s] -- Up-to-date: /home/ros2/ros2_rc/src/install/nav2_costmap_2d/share/nav2_costmap_2d/cmake/export_nav2_costmap_2dExport.cmake
[1.008s] -- Up-to-date: /home/ros2/ros2_rc/src/install/nav2_costmap_2d/share/nav2_costmap_2d/cmake/export_nav2_costmap_2dExport-release.cmake
[1.008s] -- Up-to-date: /home/ros2/ros2_rc/src/install/nav2_costmap_2d/share/nav2_costmap_2d/cmake/ament_cmake_export_targets-extras.cmake
[1.008s] -- Up-to-date: /home/ros2/ros2_rc/src/install/nav2_costmap_2d/share/nav2_costmap_2d/cmake/ament_cmake_export_dependencies-extras.cmake
[1.008s] -- Up-to-date: /home/ros2/ros2_rc/src/install/nav2_costmap_2d/share/nav2_costmap_2d/cmake/nav2_costmap_2dConfig.cmake
[1.008s] -- Up-to-date: /home/ros2/ros2_rc/src/install/nav2_costmap_2d/share/nav2_costmap_2d/cmake/nav2_costmap_2dConfig-version.cmake
[1.008s] -- Up-to-date: /home/ros2/ros2_rc/src/install/nav2_costmap_2d/share/nav2_costmap_2d/package.xml
[1.012s] -- Up-to-date: /home/ros2/ros2_rc/src/install/nav2_costmap_2d/lib/liborder_layer.so
[1.016s] Invoked command in '/home/ros2/ros2_rc/src/build/nav2_costmap_2d' returned '0': CMAKE_PREFIX_PATH=/home/ros2/ros2_rc/src/install/nav2_map_server:/home/ros2/ros2_rc/src/install/nav2_lifecycle_manager:/home/ros2/ros2_rc/src/install/nav2_util:/home/ros2/ros2_rc/src/install/nav2_voxel_grid:/home/ros2/ros2_rc/src/install/nav2_msgs:/home/ros2/ros2_rc/src/install/nav2_common:/home/ros2/ros2_rc/src/install/smartcar_msgs:/home/ros2/ros2_rc/src/install/smart_car:/home/ros2/ros2_rc/src/install/ros2_rc:/home/ros2/ros2_rc/src/install/nav2_controller:/home/ros2/ros2_rc/src/install/dwb_plugins:/home/ros2/ros2_rc/src/install/dwb_core:/home/ros2/ros2_rc/src/install/nav_2d_utils:/home/ros2/ros2_rc/src/install/dwb_msgs:/home/ros2/ros2_rc/src/install/nav_2d_msgs:/home/ros2/ros2_rc/src/install/nav2_theta_star_planner:/home/ros2/ros2_rc/src/install/nav2_regulated_pure_pursuit_controller:/home/ros2/ros2_rc/src/install/nav2_planner:/home/ros2/ros2_rc/src/install/nav2_navfn_planner:/home/ros2/ros2_rc/src/install/nav2_constrained_smoother:/home/ros2/ros2_rc/src/install/nav2_bt_navigator:/home/ros2/ros2_rc/src/install/nav2_behaviors:/home/ros2/ros2_rc/src/install/nav2_core:/home/ros2/ros2_rc/src/install/nav2_collision_monitor:/home/ros2/ros2_rc/src/install/costmap_queue:/home/ros2/ros2_rc/src/install/nav2_costmap_2d:/home/ros2/ros2_rc/src/install/nav2_velocity_smoother:/home/ros2/ros2_rc/src/install/nav2_rviz_plugins:/home/ros2/ros2_rc/src/install/nav2_behavior_tree:/home/ros2/ros2_rc/src/install/nav2_amcl:/home/ros2/ros2_rc/src/install/car_gazebo_plugin:/home/ros2/ros2_rc/src/install/nav2_simple_commander:/opt/ros/humble LD_LIBRARY_PATH=/home/ros2/ros2_rc/src/install/nav2_map_server/lib:/home/ros2/ros2_rc/src/install/nav2_lifecycle_manager/lib:/home/ros2/ros2_rc/src/install/nav2_util/lib:/home/ros2/ros2_rc/src/install/nav2_voxel_grid/lib:/home/ros2/ros2_rc/src/install/nav2_msgs/lib:/home/ros2/ros2_rc/src/install/smartcar_msgs/lib:/home/ros2/ros2_rc/src/install/nav2_controller/lib:/home/ros2/ros2_rc/src/install/dwb_plugins/lib:/home/ros2/ros2_rc/src/install/dwb_core/lib:/home/ros2/ros2_rc/src/install/nav_2d_utils/lib:/home/ros2/ros2_rc/src/install/dwb_msgs/lib:/home/ros2/ros2_rc/src/install/nav_2d_msgs/lib:/home/ros2/ros2_rc/src/install/nav2_theta_star_planner/lib:/home/ros2/ros2_rc/src/install/nav2_regulated_pure_pursuit_controller/lib:/home/ros2/ros2_rc/src/install/nav2_planner/lib:/home/ros2/ros2_rc/src/install/nav2_navfn_planner/lib:/home/ros2/ros2_rc/src/install/nav2_constrained_smoother/lib:/home/ros2/ros2_rc/src/install/nav2_bt_navigator/lib:/home/ros2/ros2_rc/src/install/nav2_behaviors/lib:/home/ros2/ros2_rc/src/install/nav2_collision_monitor/lib:/home/ros2/ros2_rc/src/install/costmap_queue/lib:/home/ros2/ros2_rc/src/install/nav2_costmap_2d/lib:/home/ros2/ros2_rc/src/install/nav2_velocity_smoother/lib:/home/ros2/ros2_rc/src/install/nav2_rviz_plugins/lib:/home/ros2/ros2_rc/src/install/nav2_behavior_tree/lib:/home/ros2/ros2_rc/src/install/nav2_amcl/lib:/home/ros2/ros2_rc/src/install/car_gazebo_plugin/lib:/usr/lib/x86_64-linux-gnu/gazebo-11/plugins:/opt/ros/humble/opt/rviz_ogre_vendor/lib:/opt/ros/humble/lib/x86_64-linux-gnu:/opt/ros/humble/lib:/usr/lib/x86_64-linux-gnu/gazebo-11/plugins /usr/bin/cmake --install /home/ros2/ros2_rc/src/build/nav2_costmap_2d
