[0.078s] Invoking command in '/home/ros2/ros2_rc/src/build/nav2_behavior_tree': AMENT_PREFIX_PATH=/home/ros2/ros2_rc/src/install/nav2_util:/home/ros2/ros2_rc/src/install/nav2_msgs:/home/ros2/ros2_rc/src/install/nav2_common:${AMENT_PREFIX_PATH} CMAKE_PREFIX_PATH=/home/ros2/ros2_rc/src/install/nav2_util:/home/ros2/ros2_rc/src/install/nav2_msgs:/home/ros2/ros2_rc/src/install/nav2_common:/home/ros2/ros2_rc/install/dwb_msgs:/home/ros2/ros2_rc/install/nav_2d_msgs:/home/ros2/ros2_rc/install/nav2_voxel_grid:/home/ros2/ros2_rc/install/nav2_msgs:/home/ros2/ros2_rc/install/nav2_common:/home/ros2/ros2_rc/install/smartcar_msgs:/home/ros2/ros2_rc/install/smart_car:/home/ros2/ros2_rc/install/ros2_rc:/home/ros2/ros2_rc/install/car_gazebo_plugin:/home/ros2/ros2_rc/src/install/smartcar_msgs:/home/ros2/ros2_rc/src/install/smart_car:/home/ros2/ros2_rc/src/install/ros2_rc:/home/ros2/ros2_rc/src/install/car_gazebo_plugin:/home/ros2/ros2_rc/install/nav2_simple_commander:/opt/ros/humble LD_LIBRARY_PATH=/home/ros2/ros2_rc/src/install/nav2_util/lib:/home/ros2/ros2_rc/src/install/nav2_msgs/lib:/home/ros2/ros2_rc/install/dwb_msgs/lib:/home/ros2/ros2_rc/install/nav_2d_msgs/lib:/home/ros2/ros2_rc/install/nav2_voxel_grid/lib:/home/ros2/ros2_rc/install/nav2_msgs/lib:/home/ros2/ros2_rc/install/smartcar_msgs/lib:/home/ros2/ros2_rc/install/car_gazebo_plugin/lib:/home/ros2/ros2_rc/src/install/smartcar_msgs/lib:/home/ros2/ros2_rc/src/install/car_gazebo_plugin/lib:/usr/lib/x86_64-linux-gnu/gazebo-11/plugins:/opt/ros/humble/opt/rviz_ogre_vendor/lib:/opt/ros/humble/lib/x86_64-linux-gnu:/opt/ros/humble/lib:/usr/lib/x86_64-linux-gnu/gazebo-11/plugins PYTHONPATH=/home/ros2/ros2_rc/src/install/nav2_msgs/local/lib/python3.10/dist-packages:/home/ros2/ros2_rc/src/install/nav2_common/local/lib/python3.10/dist-packages:${PYTHONPATH} /usr/bin/cmake /home/ros2/ros2_rc/src/navigation2/nav2_behavior_tree -DCMAKE_INSTALL_PREFIX=/home/ros2/ros2_rc/src/install/nav2_behavior_tree
[0.228s] -- The CXX compiler identification is GNU 11.4.0
[0.248s] -- Detecting CXX compiler ABI info
[0.446s] -- Detecting CXX compiler ABI info - done
[0.459s] -- Check for working CXX compiler: /usr/lib/ccache/g++ - skipped
[0.460s] -- Detecting CXX compile features
[0.461s] -- Detecting CXX compile features - done
[0.468s] -- Found ament_cmake: 1.3.10 (/opt/ros/humble/share/ament_cmake/cmake)
[0.860s] -- Found Python3: /usr/bin/python3 (found version "3.10.12") found components: Interpreter 
[1.145s] -- Found nav2_common: 1.1.16 (/home/ros2/ros2_rc/src/install/nav2_common/share/nav2_common/cmake)
[1.149s] -- Found rclcpp: 16.0.10 (/opt/ros/humble/share/rclcpp/cmake)
[1.269s] -- Found rosidl_generator_c: 3.1.5 (/opt/ros/humble/share/rosidl_generator_c/cmake)
[1.282s] -- Found rosidl_adapter: 3.1.5 (/opt/ros/humble/share/rosidl_adapter/cmake)
[1.302s] -- Found rosidl_generator_cpp: 3.1.5 (/opt/ros/humble/share/rosidl_generator_cpp/cmake)
[1.331s] -- Using all available rosidl_typesupport_c: rosidl_typesupport_fastrtps_c;rosidl_typesupport_introspection_c
[1.375s] -- Using all available rosidl_typesupport_cpp: rosidl_typesupport_fastrtps_cpp;rosidl_typesupport_introspection_cpp
[1.481s] -- Found rmw_implementation_cmake: 6.1.2 (/opt/ros/humble/share/rmw_implementation_cmake/cmake)
[1.504s] -- Found rmw_cyclonedds_cpp: 1.3.4 (/opt/ros/humble/share/rmw_cyclonedds_cpp/cmake)
[1.551s] -- Using RMW implementation 'rmw_cyclonedds_cpp' as default
[1.569s] -- Looking for C++ include pthread.h
[1.798s] -- Looking for C++ include pthread.h - found
[1.798s] -- Performing Test CMAKE_HAVE_LIBC_PTHREAD
[2.020s] -- Performing Test CMAKE_HAVE_LIBC_PTHREAD - Success
[2.021s] -- Found Threads: TRUE  
[2.133s] -- Found rclcpp_action: 16.0.10 (/opt/ros/humble/share/rclcpp_action/cmake)
[2.213s] -- Found rclcpp_lifecycle: 16.0.10 (/opt/ros/humble/share/rclcpp_lifecycle/cmake)
[2.255s] -- Found geometry_msgs: 4.2.4 (/opt/ros/humble/share/geometry_msgs/cmake)
[2.299s] -- Found sensor_msgs: 4.2.4 (/opt/ros/humble/share/sensor_msgs/cmake)
[2.361s] -- Found nav2_msgs: 1.1.16 (/home/ros2/ros2_rc/src/install/nav2_msgs/share/nav2_msgs/cmake)
[2.473s] -- Found tf2_ros: 0.25.8 (/opt/ros/humble/share/tf2_ros/cmake)
[2.637s] -- Found tf2_geometry_msgs: 0.25.8 (/opt/ros/humble/share/tf2_geometry_msgs/cmake)
[2.672s] -- Found eigen3_cmake_module: 0.1.1 (/opt/ros/humble/share/eigen3_cmake_module/cmake)
[2.674s] -- Found Eigen3: TRUE (found version "3.4.0") 
[2.675s] -- Ensuring Eigen3 include directory is part of orocos-kdl CMake target
[2.690s] -- Found std_srvs: 4.2.4 (/opt/ros/humble/share/std_srvs/cmake)
[2.708s] -- Found nav2_util: 1.1.16 (/home/ros2/ros2_rc/src/install/nav2_util/share/nav2_util/cmake)
[2.787s] -- Setting build type to Release as none was specified.
[6.283s] -- Found ament_lint_auto: 0.12.11 (/opt/ros/humble/share/ament_lint_auto/cmake)
[6.927s] -- Found gtest sources under '/opt/ros/humble/src/gtest_vendor': C++ tests using 'Google Test' will be built
[7.239s] -- The C compiler identification is GNU 11.4.0
[7.280s] -- Detecting C compiler ABI info
[7.845s] -- Detecting C compiler ABI info - done
[7.860s] -- Check for working C compiler: /usr/lib/ccache/gcc - skipped
[7.862s] -- Detecting C compile features
[7.863s] -- Detecting C compile features - done
[12.096s] -- Added test 'copyright' to check source files copyright and LICENSE
[12.110s] -- Added test 'cppcheck' to perform static code analysis on C / C++ code
[12.207s] -- Configured cppcheck include dirs: /home/ros2/ros2_rc/src/navigation2/nav2_behavior_tree/include
[12.208s] -- Configured cppcheck exclude dirs and/or files: 
[12.225s] -- Added test 'cpplint' to check C / C++ code against the Google style
[12.226s] -- Configured cpplint exclude dirs and/or files: 
[12.237s] -- Added test 'lint_cmake' to check CMake code style
[12.255s] -- Added test 'uncrustify' to check C / C++ code style
[12.256s] -- Configured uncrustify additional arguments: 
[12.260s] -- Added test 'xmllint' to check XML markup files
[12.281s] -- Configuring done
[19.534s] -- Generating done
[19.576s] -- Build files have been written to: /home/ros2/ros2_rc/src/build/nav2_behavior_tree
[19.654s] Invoked command in '/home/ros2/ros2_rc/src/build/nav2_behavior_tree' returned '0': AMENT_PREFIX_PATH=/home/ros2/ros2_rc/src/install/nav2_util:/home/ros2/ros2_rc/src/install/nav2_msgs:/home/ros2/ros2_rc/src/install/nav2_common:${AMENT_PREFIX_PATH} CMAKE_PREFIX_PATH=/home/ros2/ros2_rc/src/install/nav2_util:/home/ros2/ros2_rc/src/install/nav2_msgs:/home/ros2/ros2_rc/src/install/nav2_common:/home/ros2/ros2_rc/install/dwb_msgs:/home/ros2/ros2_rc/install/nav_2d_msgs:/home/ros2/ros2_rc/install/nav2_voxel_grid:/home/ros2/ros2_rc/install/nav2_msgs:/home/ros2/ros2_rc/install/nav2_common:/home/ros2/ros2_rc/install/smartcar_msgs:/home/ros2/ros2_rc/install/smart_car:/home/ros2/ros2_rc/install/ros2_rc:/home/ros2/ros2_rc/install/car_gazebo_plugin:/home/ros2/ros2_rc/src/install/smartcar_msgs:/home/ros2/ros2_rc/src/install/smart_car:/home/ros2/ros2_rc/src/install/ros2_rc:/home/ros2/ros2_rc/src/install/car_gazebo_plugin:/home/ros2/ros2_rc/install/nav2_simple_commander:/opt/ros/humble LD_LIBRARY_PATH=/home/ros2/ros2_rc/src/install/nav2_util/lib:/home/ros2/ros2_rc/src/install/nav2_msgs/lib:/home/ros2/ros2_rc/install/dwb_msgs/lib:/home/ros2/ros2_rc/install/nav_2d_msgs/lib:/home/ros2/ros2_rc/install/nav2_voxel_grid/lib:/home/ros2/ros2_rc/install/nav2_msgs/lib:/home/ros2/ros2_rc/install/smartcar_msgs/lib:/home/ros2/ros2_rc/install/car_gazebo_plugin/lib:/home/ros2/ros2_rc/src/install/smartcar_msgs/lib:/home/ros2/ros2_rc/src/install/car_gazebo_plugin/lib:/usr/lib/x86_64-linux-gnu/gazebo-11/plugins:/opt/ros/humble/opt/rviz_ogre_vendor/lib:/opt/ros/humble/lib/x86_64-linux-gnu:/opt/ros/humble/lib:/usr/lib/x86_64-linux-gnu/gazebo-11/plugins PYTHONPATH=/home/ros2/ros2_rc/src/install/nav2_msgs/local/lib/python3.10/dist-packages:/home/ros2/ros2_rc/src/install/nav2_common/local/lib/python3.10/dist-packages:${PYTHONPATH} /usr/bin/cmake /home/ros2/ros2_rc/src/navigation2/nav2_behavior_tree -DCMAKE_INSTALL_PREFIX=/home/ros2/ros2_rc/src/install/nav2_behavior_tree
[19.657s] Invoking command in '/home/ros2/ros2_rc/src/build/nav2_behavior_tree': AMENT_PREFIX_PATH=/home/ros2/ros2_rc/src/install/nav2_util:/home/ros2/ros2_rc/src/install/nav2_msgs:/home/ros2/ros2_rc/src/install/nav2_common:${AMENT_PREFIX_PATH} CMAKE_PREFIX_PATH=/home/ros2/ros2_rc/src/install/nav2_util:/home/ros2/ros2_rc/src/install/nav2_msgs:/home/ros2/ros2_rc/src/install/nav2_common:/home/ros2/ros2_rc/install/dwb_msgs:/home/ros2/ros2_rc/install/nav_2d_msgs:/home/ros2/ros2_rc/install/nav2_voxel_grid:/home/ros2/ros2_rc/install/nav2_msgs:/home/ros2/ros2_rc/install/nav2_common:/home/ros2/ros2_rc/install/smartcar_msgs:/home/ros2/ros2_rc/install/smart_car:/home/ros2/ros2_rc/install/ros2_rc:/home/ros2/ros2_rc/install/car_gazebo_plugin:/home/ros2/ros2_rc/src/install/smartcar_msgs:/home/ros2/ros2_rc/src/install/smart_car:/home/ros2/ros2_rc/src/install/ros2_rc:/home/ros2/ros2_rc/src/install/car_gazebo_plugin:/home/ros2/ros2_rc/install/nav2_simple_commander:/opt/ros/humble LD_LIBRARY_PATH=/home/ros2/ros2_rc/src/install/nav2_util/lib:/home/ros2/ros2_rc/src/install/nav2_msgs/lib:/home/ros2/ros2_rc/install/dwb_msgs/lib:/home/ros2/ros2_rc/install/nav_2d_msgs/lib:/home/ros2/ros2_rc/install/nav2_voxel_grid/lib:/home/ros2/ros2_rc/install/nav2_msgs/lib:/home/ros2/ros2_rc/install/smartcar_msgs/lib:/home/ros2/ros2_rc/install/car_gazebo_plugin/lib:/home/ros2/ros2_rc/src/install/smartcar_msgs/lib:/home/ros2/ros2_rc/src/install/car_gazebo_plugin/lib:/usr/lib/x86_64-linux-gnu/gazebo-11/plugins:/opt/ros/humble/opt/rviz_ogre_vendor/lib:/opt/ros/humble/lib/x86_64-linux-gnu:/opt/ros/humble/lib:/usr/lib/x86_64-linux-gnu/gazebo-11/plugins PYTHONPATH=/home/ros2/ros2_rc/src/install/nav2_msgs/local/lib/python3.10/dist-packages:/home/ros2/ros2_rc/src/install/nav2_common/local/lib/python3.10/dist-packages:${PYTHONPATH} /usr/bin/cmake --build /home/ros2/ros2_rc/src/build/nav2_behavior_tree -- -j9 -l9
[20.232s] [  1%] [32mBuilding CXX object CMakeFiles/nav2_behavior_tree.dir/src/behavior_tree_engine.cpp.o[0m
[20.303s] [  2%] [32mBuilding CXX object CMakeFiles/nav2_compute_path_to_pose_action_bt_node.dir/plugins/action/compute_path_to_pose_action.cpp.o[0m
[20.305s] [  3%] [32mBuilding CXX object CMakeFiles/nav2_controller_cancel_bt_node.dir/plugins/action/controller_cancel_node.cpp.o[0m
[20.318s] [  4%] [32mBuilding CXX object CMakeFiles/nav2_compute_path_through_poses_action_bt_node.dir/plugins/action/compute_path_through_poses_action.cpp.o[0m
[20.531s] [  5%] [32mBuilding CXX object CMakeFiles/nav2_drive_on_heading_cancel_bt_node.dir/plugins/action/drive_on_heading_cancel_node.cpp.o[0m
[20.533s] [  5%] [32mBuilding CXX object CMakeFiles/nav2_assisted_teleop_cancel_bt_node.dir/plugins/action/assisted_teleop_cancel_node.cpp.o[0m
[21.708s] [  6%] [32mBuilding CXX object CMakeFiles/nav2_spin_cancel_bt_node.dir/plugins/action/spin_cancel_node.cpp.o[0m
[21.714s] [  7%] [32mBuilding CXX object CMakeFiles/nav2_back_up_cancel_bt_node.dir/plugins/action/back_up_cancel_node.cpp.o[0m
[23.090s] [  8%] [32mBuilding CXX object CMakeFiles/nav2_wait_cancel_bt_node.dir/plugins/action/wait_cancel_node.cpp.o[0m
[50.809s] [  8%] [32m[1mLinking CXX shared library libnav2_behavior_tree.so[0m
[54.342s] [  8%] [32m[1mLinking CXX shared library libnav2_spin_cancel_bt_node.so[0m
[54.423s] [  8%] [32m[1mLinking CXX shared library libnav2_back_up_cancel_bt_node.so[0m
[55.342s] [  8%] [32m[1mLinking CXX shared library libnav2_controller_cancel_bt_node.so[0m
[55.417s] [  8%] Built target nav2_behavior_tree
[56.226s] [  8%] Built target nav2_back_up_cancel_bt_node
[56.286s] [  8%] Built target nav2_spin_cancel_bt_node
[56.771s] [  8%] Built target nav2_controller_cancel_bt_node
[57.407s] [  8%] [32m[1mLinking CXX shared library libnav2_assisted_teleop_cancel_bt_node.so[0m
[58.589s] [  8%] Built target nav2_assisted_teleop_cancel_bt_node
[59.181s] [  9%] [32m[1mLinking CXX shared library libnav2_drive_on_heading_cancel_bt_node.so[0m
[60.249s] [  9%] Built target nav2_drive_on_heading_cancel_bt_node
[60.465s] [  9%] [32m[1mLinking CXX shared library libnav2_wait_cancel_bt_node.so[0m
[61.169s] [  9%] Built target nav2_wait_cancel_bt_node
[64.425s] [  9%] [32m[1mLinking CXX shared library libnav2_compute_path_to_pose_action_bt_node.so[0m
[64.728s] [  9%] [32m[1mLinking CXX shared library libnav2_compute_path_through_poses_action_bt_node.so[0m
[65.550s] [  9%] Built target nav2_compute_path_to_pose_action_bt_node
[65.868s] [  9%] Built target nav2_compute_path_through_poses_action_bt_node
[65.934s] [ 10%] [32mBuilding CXX object CMakeFiles/nav2_clear_costmap_service_bt_node.dir/plugins/action/clear_costmap_service.cpp.o[0m
[82.824s] [ 10%] [32m[1mLinking CXX shared library libnav2_clear_costmap_service_bt_node.so[0m
[83.320s] [ 10%] Built target nav2_clear_costmap_service_bt_node
[83.366s] [ 11%] [32mBuilding CXX object CMakeFiles/nav2_is_stuck_condition_bt_node.dir/plugins/condition/is_stuck_condition.cpp.o[0m
[104.632s] [ 11%] [32m[1mLinking CXX shared library libnav2_is_stuck_condition_bt_node.so[0m
[105.300s] [ 11%] Built target nav2_is_stuck_condition_bt_node
[105.353s] [ 12%] [32mBuilding CXX object CMakeFiles/nav2_transform_available_condition_bt_node.dir/plugins/condition/transform_available_condition.cpp.o[0m
[115.375s] [ 12%] [32m[1mLinking CXX shared library libnav2_transform_available_condition_bt_node.so[0m
[115.943s] [ 12%] Built target nav2_transform_available_condition_bt_node
[115.988s] [ 12%] [32mBuilding CXX object CMakeFiles/nav2_goal_reached_condition_bt_node.dir/plugins/condition/goal_reached_condition.cpp.o[0m
[127.145s] [ 13%] [32m[1mLinking CXX shared library libnav2_goal_reached_condition_bt_node.so[0m
[127.769s] [ 13%] Built target nav2_goal_reached_condition_bt_node
[127.824s] [ 13%] [32mBuilding CXX object CMakeFiles/nav2_globally_updated_goal_condition_bt_node.dir/plugins/condition/globally_updated_goal_condition.cpp.o[0m
[134.477s] [ 14%] [32m[1mLinking CXX shared library libnav2_globally_updated_goal_condition_bt_node.so[0m
[134.890s] [ 14%] Built target nav2_globally_updated_goal_condition_bt_node
[134.948s] [ 14%] [32mBuilding CXX object CMakeFiles/nav2_goal_updated_condition_bt_node.dir/plugins/condition/goal_updated_condition.cpp.o[0m
[139.088s] [ 14%] [32m[1mLinking CXX shared library libnav2_goal_updated_condition_bt_node.so[0m
[139.438s] [ 14%] Built target nav2_goal_updated_condition_bt_node
[139.478s] [ 15%] [32mBuilding CXX object CMakeFiles/nav2_is_path_valid_condition_bt_node.dir/plugins/condition/is_path_valid_condition.cpp.o[0m
[149.235s] [ 15%] [32m[1mLinking CXX shared library libnav2_is_path_valid_condition_bt_node.so[0m
[149.654s] [ 15%] Built target nav2_is_path_valid_condition_bt_node
[149.695s] [ 16%] [32mBuilding CXX object CMakeFiles/nav2_time_expired_condition_bt_node.dir/plugins/condition/time_expired_condition.cpp.o[0m
[157.186s] [ 16%] [32m[1mLinking CXX shared library libnav2_time_expired_condition_bt_node.so[0m
[157.762s] [ 16%] Built target nav2_time_expired_condition_bt_node
[157.812s] [ 17%] [32mBuilding CXX object CMakeFiles/nav2_path_expiring_timer_condition.dir/plugins/condition/path_expiring_timer_condition.cpp.o[0m
[160.845s] [ 17%] [32mBuilding CXX object CMakeFiles/nav2_distance_traveled_condition_bt_node.dir/plugins/condition/distance_traveled_condition.cpp.o[0m
[161.888s] [ 18%] [32mBuilding CXX object CMakeFiles/nav2_assisted_teleop_action_bt_node.dir/plugins/action/assisted_teleop_action.cpp.o[0m
[162.978s] [ 19%] [32mBuilding CXX object CMakeFiles/nav2_wait_action_bt_node.dir/plugins/action/wait_action.cpp.o[0m
[164.079s] [ 20%] [32mBuilding CXX object CMakeFiles/nav2_spin_action_bt_node.dir/plugins/action/spin_action.cpp.o[0m
[165.205s] [ 20%] [32mBuilding CXX object CMakeFiles/nav2_drive_on_heading_bt_node.dir/plugins/action/drive_on_heading_action.cpp.o[0m
[167.521s] [ 20%] [32m[1mLinking CXX shared library libnav2_path_expiring_timer_condition.so[0m
[168.237s] [ 20%] Built target nav2_path_expiring_timer_condition
[172.085s] [ 21%] [32m[1mLinking CXX shared library libnav2_distance_traveled_condition_bt_node.so[0m
[172.978s] [ 21%] Built target nav2_distance_traveled_condition_bt_node
[177.425s] [ 21%] [32m[1mLinking CXX shared library libnav2_assisted_teleop_action_bt_node.so[0m
[178.110s] [ 21%] Built target nav2_assisted_teleop_action_bt_node
[178.146s] [ 21%] [32m[1mLinking CXX shared library libnav2_wait_action_bt_node.so[0m
[178.638s] [ 21%] Built target nav2_wait_action_bt_node
[179.033s] [ 21%] [32m[1mLinking CXX shared library libnav2_spin_action_bt_node.so[0m
[179.696s] [ 21%] Built target nav2_spin_action_bt_node
[180.174s] [ 22%] [32m[1mLinking CXX shared library libnav2_drive_on_heading_bt_node.so[0m
[180.522s] [ 22%] Built target nav2_drive_on_heading_bt_node
[180.550s] [ 22%] [32mBuilding CXX object CMakeFiles/nav2_rate_controller_bt_node.dir/plugins/decorator/rate_controller.cpp.o[0m
[180.565s] [ 22%] [32mBuilding CXX object CMakeFiles/nav2_reinitialize_global_localization_service_bt_node.dir/plugins/action/reinitialize_global_localization_service.cpp.o[0m
[181.658s] [ 22%] [32mBuilding CXX object CMakeFiles/nav2_distance_controller_bt_node.dir/plugins/decorator/distance_controller.cpp.o[0m
[182.931s] [ 23%] [32mBuilding CXX object CMakeFiles/nav2_is_battery_low_condition_bt_node.dir/plugins/condition/is_battery_low_condition.cpp.o[0m
[184.191s] [ 24%] [32mBuilding CXX object CMakeFiles/nav2_is_battery_charging_condition_bt_node.dir/plugins/condition/is_battery_charging_condition.cpp.o[0m
[185.425s] [ 25%] [32mBuilding CXX object CMakeFiles/nav2_initial_pose_received_condition_bt_node.dir/plugins/condition/initial_pose_received_condition.cpp.o[0m
[185.504s] [ 26%] [32m[1mLinking CXX shared library libnav2_rate_controller_bt_node.so[0m
[185.538s] [ 26%] [32mBuilding CXX object CMakeFiles/nav2_follow_path_action_bt_node.dir/plugins/action/follow_path_action.cpp.o[0m
[185.543s] [ 27%] [32mBuilding CXX object CMakeFiles/nav2_back_up_action_bt_node.dir/plugins/action/back_up_action.cpp.o[0m
[186.998s] [ 27%] [32mBuilding CXX object CMakeFiles/nav2_smooth_path_action_bt_node.dir/plugins/action/smooth_path_action.cpp.o[0m
[187.230s] [ 27%] Built target nav2_rate_controller_bt_node
[187.408s] [ 28%] [32mBuilding CXX object CMakeFiles/nav2_speed_controller_bt_node.dir/plugins/decorator/speed_controller.cpp.o[0m
[193.113s] [ 28%] [32m[1mLinking CXX shared library libnav2_initial_pose_received_condition_bt_node.so[0m
[194.529s] [ 28%] Built target nav2_initial_pose_received_condition_bt_node
[199.638s] [ 29%] [32m[1mLinking CXX shared library libnav2_distance_controller_bt_node.so[0m
[200.948s] [ 30%] [32m[1mLinking CXX shared library libnav2_reinitialize_global_localization_service_bt_node.so[0m
[201.499s] [ 30%] Built target nav2_distance_controller_bt_node
[202.259s] [ 30%] Built target nav2_reinitialize_global_localization_service_bt_node
[208.664s] [ 30%] [32m[1mLinking CXX shared library libnav2_speed_controller_bt_node.so[0m
[209.846s] [ 30%] Built target nav2_speed_controller_bt_node
[210.192s] [ 30%] [32m[1mLinking CXX shared library libnav2_back_up_action_bt_node.so[0m
[211.002s] [ 30%] Built target nav2_back_up_action_bt_node
[211.570s] [ 30%] [32m[1mLinking CXX shared library libnav2_smooth_path_action_bt_node.so[0m
[211.717s] [ 31%] [32m[1mLinking CXX shared library libnav2_follow_path_action_bt_node.so[0m
[212.264s] [ 31%] Built target nav2_smooth_path_action_bt_node
[212.375s] [ 31%] Built target nav2_follow_path_action_bt_node
[216.908s] [ 31%] [32m[1mLinking CXX shared library libnav2_is_battery_low_condition_bt_node.so[0m
[217.396s] [ 31%] [32m[1mLinking CXX shared library libnav2_is_battery_charging_condition_bt_node.so[0m
[217.587s] [ 31%] Built target nav2_is_battery_low_condition_bt_node
[217.853s] [ 31%] Built target nav2_is_battery_charging_condition_bt_node
[217.897s] [ 31%] [32mBuilding CXX object CMakeFiles/nav2_remove_passed_goals_action_bt_node.dir/plugins/action/remove_passed_goals_action.cpp.o[0m
[226.487s] [ 32%] [32m[1mLinking CXX shared library libnav2_remove_passed_goals_action_bt_node.so[0m
[226.917s] [ 32%] Built target nav2_remove_passed_goals_action_bt_node
[226.966s] [ 32%] [32mBuilding CXX object CMakeFiles/nav2_get_pose_from_path_action_bt_node.dir/plugins/action/get_pose_from_path_action.cpp.o[0m
[236.796s] [ 33%] [32m[1mLinking CXX shared library libnav2_get_pose_from_path_action_bt_node.so[0m
[237.245s] [ 33%] Built target nav2_get_pose_from_path_action_bt_node
[237.298s] [ 33%] [32mBuilding CXX object CMakeFiles/nav2_pipeline_sequence_bt_node.dir/plugins/control/pipeline_sequence.cpp.o[0m
[239.790s] [ 34%] [32m[1mLinking CXX shared library libnav2_pipeline_sequence_bt_node.so[0m
[240.077s] [ 34%] Built target nav2_pipeline_sequence_bt_node
[240.125s] [ 34%] [32mBuilding CXX object CMakeFiles/nav2_round_robin_node_bt_node.dir/plugins/control/round_robin_node.cpp.o[0m
[241.158s] [ 34%] [32mBuilding CXX object CMakeFiles/nav2_single_trigger_bt_node.dir/plugins/decorator/single_trigger_node.cpp.o[0m
[242.197s] [ 35%] [32mBuilding CXX object CMakeFiles/nav2_navigate_through_poses_action_bt_node.dir/plugins/action/navigate_through_poses_action.cpp.o[0m
[242.466s] [ 36%] [32m[1mLinking CXX shared library libnav2_round_robin_node_bt_node.so[0m
[242.920s] [ 36%] Built target nav2_round_robin_node_bt_node
[242.961s] [ 37%] [32mBuilding CXX object CMakeFiles/nav2_navigate_to_pose_action_bt_node.dir/plugins/action/navigate_to_pose_action.cpp.o[0m
[242.977s] [ 37%] [32mBuilding CXX object CMakeFiles/nav2_recovery_node_bt_node.dir/plugins/control/recovery_node.cpp.o[0m
[243.685s] [ 38%] [32m[1mLinking CXX shared library libnav2_single_trigger_bt_node.so[0m
[244.040s] [ 38%] [32mBuilding CXX object CMakeFiles/nav2_planner_selector_bt_node.dir/plugins/action/planner_selector_node.cpp.o[0m
[244.050s] [ 38%] Built target nav2_single_trigger_bt_node
[244.113s] [ 38%] [32mBuilding CXX object CMakeFiles/nav2_path_longer_on_approach_bt_node.dir/plugins/decorator/path_longer_on_approach.cpp.o[0m
[245.165s] [ 38%] [32mBuilding CXX object CMakeFiles/nav2_controller_selector_bt_node.dir/plugins/action/controller_selector_node.cpp.o[0m
[246.408s] [ 39%] [32mBuilding CXX object CMakeFiles/nav2_truncate_path_local_action_bt_node.dir/plugins/action/truncate_path_local_action.cpp.o[0m
[246.417s] [ 40%] [32mBuilding CXX object CMakeFiles/nav2_goal_updater_node_bt_node.dir/plugins/decorator/goal_updater_node.cpp.o[0m
[246.443s] [ 41%] [32mBuilding CXX object CMakeFiles/nav2_truncate_path_action_bt_node.dir/plugins/action/truncate_path_action.cpp.o[0m
[246.943s] [ 42%] [32m[1mLinking CXX shared library libnav2_recovery_node_bt_node.so[0m
[247.477s] [ 42%] Built target nav2_recovery_node_bt_node
[247.695s] [ 43%] [32mBuilding CXX object CMakeFiles/nav2_smoother_selector_bt_node.dir/plugins/action/smoother_selector_node.cpp.o[0m
[256.772s] [ 44%] [32m[1mLinking CXX shared library libnav2_path_longer_on_approach_bt_node.so[0m
[257.344s] [ 44%] Built target nav2_path_longer_on_approach_bt_node
[257.547s] [ 44%] [32mBuilding CXX object CMakeFiles/nav2_goal_checker_selector_bt_node.dir/plugins/action/goal_checker_selector_node.cpp.o[0m
[258.773s] [ 44%] [32m[1mLinking CXX shared library libnav2_truncate_path_action_bt_node.so[0m
[259.542s] [ 44%] Built target nav2_truncate_path_action_bt_node
[259.720s] [ 44%] [32mBuilding CXX object CMakeFiles/nav2_progress_checker_selector_bt_node.dir/plugins/action/progress_checker_selector_node.cpp.o[0m
[260.605s] [ 44%] [32m[1mLinking CXX shared library libnav2_navigate_through_poses_action_bt_node.so[0m
[261.896s] [ 44%] Built target nav2_navigate_through_poses_action_bt_node
[262.099s] [ 44%] [32m[1mLinking CXX shared library libnav2_truncate_path_local_action_bt_node.so[0m
[263.056s] [ 44%] [32m[1mLinking CXX shared library libnav2_navigate_to_pose_action_bt_node.so[0m
[263.410s] [ 44%] Built target nav2_truncate_path_local_action_bt_node
[264.007s] [ 44%] Built target nav2_navigate_to_pose_action_bt_node
[272.623s] [ 45%] [32m[1mLinking CXX shared library libnav2_planner_selector_bt_node.so[0m
[273.583s] [ 45%] Built target nav2_planner_selector_bt_node
[273.938s] [ 46%] [32m[1mLinking CXX shared library libnav2_controller_selector_bt_node.so[0m
[274.002s] [ 46%] [32m[1mLinking CXX shared library libnav2_goal_updater_node_bt_node.so[0m
[274.652s] [ 46%] Built target nav2_controller_selector_bt_node
[274.720s] [ 46%] Built target nav2_goal_updater_node_bt_node
[277.004s] [ 46%] [32m[1mLinking CXX shared library libnav2_smoother_selector_bt_node.so[0m
[277.712s] [ 46%] Built target nav2_smoother_selector_bt_node
[282.340s] [ 47%] [32m[1mLinking CXX shared library libnav2_goal_checker_selector_bt_node.so[0m
[282.925s] [ 47%] Built target nav2_goal_checker_selector_bt_node
[282.986s] [ 47%] [32mBuilding CXX object gtest/CMakeFiles/gtest.dir/src/gtest-all.cc.o[0m
[283.294s] [ 47%] [32m[1mLinking CXX static library libgtest.a[0m
[283.387s] [ 47%] Built target gtest
[283.439s] [ 48%] [32mBuilding CXX object gtest/CMakeFiles/gtest_main.dir/src/gtest_main.cc.o[0m
[283.666s] [ 48%] [32m[1mLinking CXX static library libgtest_main.a[0m
[283.740s] [ 48%] Built target gtest_main
[283.809s] [ 49%] [32mBuilding CXX object CMakeFiles/nav2_goal_updated_controller_bt_node.dir/plugins/decorator/goal_updated_controller.cpp.o[0m
[284.225s] [ 50%] [32m[1mLinking CXX shared library libnav2_progress_checker_selector_bt_node.so[0m
[284.769s] [ 50%] Built target nav2_progress_checker_selector_bt_node
[285.816s] [ 50%] [32mBuilding CXX object test/plugins/condition/CMakeFiles/test_condition_initial_pose_received.dir/test_initial_pose_received.cpp.o[0m
[285.818s] [ 50%] [32mBuilding CXX object test/plugins/condition/CMakeFiles/test_condition_goal_updated.dir/test_goal_updated.cpp.o[0m
[285.818s] [ 50%] [32mBuilding CXX object test/plugins/condition/CMakeFiles/test_condition_globally_updated_goal.dir/test_globally_updated_goal.cpp.o[0m
[286.847s] [ 50%] [32mBuilding CXX object test/plugins/condition/CMakeFiles/test_condition_goal_reached.dir/test_goal_reached.cpp.o[0m
[286.851s] [ 50%] [32mBuilding CXX object test/plugins/condition/CMakeFiles/test_condition_path_expiring_timer.dir/test_path_expiring_timer.cpp.o[0m
[287.923s] [ 50%] [32mBuilding CXX object test/plugins/condition/CMakeFiles/test_condition_distance_traveled.dir/test_distance_traveled.cpp.o[0m
[287.943s] [ 50%] [32mBuilding CXX object test/plugins/condition/CMakeFiles/test_condition_time_expired.dir/test_time_expired.cpp.o[0m
[289.096s] [ 51%] [32mBuilding CXX object test/CMakeFiles/test_bt_conversions.dir/test_bt_conversions.cpp.o[0m
[294.026s] [ 51%] [32m[1mLinking CXX shared library libnav2_goal_updated_controller_bt_node.so[0m
[294.810s] [ 51%] Built target nav2_goal_updated_controller_bt_node
[295.011s] [ 52%] [32mBuilding CXX object test/plugins/condition/CMakeFiles/test_condition_transform_available.dir/test_transform_available.cpp.o[0m
[299.578s] [ 52%] [32m[1mLinking CXX executable test_bt_conversions[0m
[300.880s] [ 52%] Built target test_bt_conversions
[301.055s] [ 52%] [32mBuilding CXX object test/plugins/condition/CMakeFiles/test_condition_is_stuck.dir/test_is_stuck.cpp.o[0m
[305.979s] [ 53%] [32m[1mLinking CXX executable test_condition_globally_updated_goal[0m
[306.667s] [ 54%] [32m[1mLinking CXX executable test_condition_goal_updated[0m
[306.922s] [ 55%] [32m[1mLinking CXX executable test_condition_initial_pose_received[0m
[307.548s] [ 55%] Built target test_condition_globally_updated_goal
[308.080s] [ 55%] Built target test_condition_goal_updated
[308.309s] [ 55%] Built target test_condition_initial_pose_received
[308.495s] [ 56%] [32m[1mLinking CXX executable test_condition_path_expiring_timer[0m
[309.377s] [ 57%] [32m[1mLinking CXX executable test_condition_goal_reached[0m
[309.525s] [ 57%] Built target test_condition_path_expiring_timer
[309.770s] [ 58%] [32m[1mLinking CXX executable test_condition_distance_traveled[0m
[309.910s] [ 58%] [32m[1mLinking CXX executable test_condition_time_expired[0m
[310.425s] [ 58%] Built target test_condition_goal_reached
[310.800s] [ 58%] Built target test_condition_distance_traveled
[311.126s] [ 58%] Built target test_condition_time_expired
[313.624s] [ 58%] [32m[1mLinking CXX executable test_condition_transform_available[0m
[314.423s] [ 58%] Built target test_condition_transform_available
[315.567s] [ 58%] [32mBuilding CXX object test/plugins/decorator/CMakeFiles/test_goal_updater_node.dir/test_goal_updater_node.cpp.o[0m
[315.567s] [ 58%] [32mBuilding CXX object test/plugins/decorator/CMakeFiles/test_single_trigger_node.dir/test_single_trigger_node.cpp.o[0m
[316.600s] [ 59%] [32mBuilding CXX object test/plugins/decorator/CMakeFiles/test_decorator_rate_controller.dir/test_rate_controller.cpp.o[0m
[317.629s] [ 60%] [32mBuilding CXX object test/plugins/decorator/CMakeFiles/test_decorator_speed_controller.dir/test_speed_controller.cpp.o[0m
[317.632s] [ 61%] [32mBuilding CXX object test/plugins/decorator/CMakeFiles/test_decorator_distance_controller.dir/test_distance_controller.cpp.o[0m
[318.686s] [ 61%] [32mBuilding CXX object test/plugins/condition/CMakeFiles/test_condition_is_path_valid.dir/test_is_path_valid.cpp.o[0m
[319.841s] [ 61%] [32mBuilding CXX object test/plugins/condition/CMakeFiles/test_condition_is_battery_charging.dir/test_is_battery_charging.cpp.o[0m
[319.854s] [ 61%] [32mBuilding CXX object test/plugins/condition/CMakeFiles/test_condition_is_battery_low.dir/test_is_battery_low.cpp.o[0m
[320.969s] [ 62%] [32m[1mLinking CXX executable test_condition_is_stuck[0m
[322.786s] [ 62%] Built target test_condition_is_stuck
[322.988s] [ 62%] [32mBuilding CXX object test/plugins/decorator/CMakeFiles/test_goal_updated_controller.dir/test_goal_updated_controller.cpp.o[0m
[333.597s] [ 63%] [32m[1mLinking CXX executable test_single_trigger_node[0m
[334.783s] [ 63%] Built target test_single_trigger_node
[336.703s] [ 64%] [32m[1mLinking CXX executable test_goal_updater_node[0m
[338.423s] [ 64%] [32m[1mLinking CXX executable test_decorator_rate_controller[0m
[338.481s] [ 64%] Built target test_goal_updater_node
[339.007s] [ 64%] [32m[1mLinking CXX executable test_decorator_distance_controller[0m
[339.741s] [ 64%] Built target test_decorator_rate_controller
[340.125s] [ 64%] Built target test_decorator_distance_controller
[341.519s] [ 65%] [32m[1mLinking CXX executable test_condition_is_battery_low[0m
[341.857s] [ 65%] [32m[1mLinking CXX executable test_decorator_speed_controller[0m
[342.443s] [ 65%] Built target test_condition_is_battery_low
[342.444s] [ 66%] [32m[1mLinking CXX executable test_condition_is_battery_charging[0m
[342.585s] [ 67%] [32m[1mLinking CXX executable test_condition_is_path_valid[0m
[342.723s] [ 68%] [32m[1mLinking CXX executable test_goal_updated_controller[0m
[342.827s] [ 68%] Built target test_decorator_speed_controller
[343.187s] [ 68%] Built target test_condition_is_battery_charging
[343.314s] [ 68%] Built target test_condition_is_path_valid
[343.520s] [ 68%] Built target test_goal_updated_controller
[343.566s] [ 68%] [32mBuilding CXX object test/plugins/action/CMakeFiles/test_action_drive_on_heading.dir/test_drive_on_heading_action.cpp.o[0m
[350.872s] [ 69%] [32mBuilding CXX object test/plugins/action/CMakeFiles/test_action_wait_action.dir/test_wait_action.cpp.o[0m
[351.904s] [ 69%] [32mBuilding CXX object test/plugins/action/CMakeFiles/test_action_back_up_action.dir/test_back_up_action.cpp.o[0m
[352.947s] [ 70%] [32mBuilding CXX object test/plugins/action/CMakeFiles/test_action_spin_action.dir/test_spin_action.cpp.o[0m
[354.001s] [ 71%] [32mBuilding CXX object test/plugins/action/CMakeFiles/test_bt_action_node.dir/test_bt_action_node.cpp.o[0m
[355.062s] [ 72%] [32mBuilding CXX object test/plugins/control/CMakeFiles/test_control_round_robin_node.dir/test_round_robin_node.cpp.o[0m
[356.202s] [ 73%] [32mBuilding CXX object test/plugins/control/CMakeFiles/test_control_pipeline_sequence.dir/test_pipeline_sequence.cpp.o[0m
[356.385s] [ 74%] [32m[1mLinking CXX executable test_action_drive_on_heading[0m
[357.450s] [ 75%] [32mBuilding CXX object test/plugins/control/CMakeFiles/test_control_recovery_node.dir/test_recovery_node.cpp.o[0m
[357.478s] [ 76%] [32mBuilding CXX object test/plugins/decorator/CMakeFiles/test_decorator_path_longer_on_approach.dir/test_path_longer_on_approach.cpp.o[0m
[357.480s] [ 76%] Built target test_action_drive_on_heading
[357.871s] [ 76%] [32mBuilding CXX object test/plugins/action/CMakeFiles/test_action_assisted_teleop_action.dir/test_assisted_teleop_action.cpp.o[0m
[371.740s] [ 77%] [32m[1mLinking CXX executable test_action_back_up_action[0m
[372.605s] [ 77%] [32m[1mLinking CXX executable test_action_wait_action[0m
[372.856s] [ 77%] Built target test_action_back_up_action
[374.009s] [ 77%] Built target test_action_wait_action
[374.369s] [ 77%] [32m[1mLinking CXX executable test_action_spin_action[0m
[374.406s] [ 77%] [32m[1mLinking CXX executable test_decorator_path_longer_on_approach[0m
[375.326s] [ 77%] Built target test_decorator_path_longer_on_approach
[375.375s] [ 77%] Built target test_action_spin_action
[375.386s] [ 77%] [32mBuilding CXX object test/plugins/action/CMakeFiles/test_action_controller_cancel_action.dir/test_controller_cancel_node.cpp.o[0m
[375.410s] [ 78%] [32mBuilding CXX object test/plugins/action/CMakeFiles/test_action_wait_cancel_action.dir/test_wait_cancel_node.cpp.o[0m
[375.480s] [ 79%] [32mBuilding CXX object test/plugins/action/CMakeFiles/test_action_spin_cancel_action.dir/test_spin_cancel_node.cpp.o[0m
[376.502s] [ 79%] [32m[1mLinking CXX executable test_control_round_robin_node[0m
[376.756s] [ 79%] [32mBuilding CXX object test/plugins/action/CMakeFiles/test_action_back_up_cancel_action.dir/test_back_up_cancel_node.cpp.o[0m
[378.253s] [ 79%] Built target test_control_round_robin_node
[378.411s] [ 79%] [32mBuilding CXX object test/plugins/action/CMakeFiles/test_action_assisted_teleop_cancel_action.dir/test_assisted_teleop_cancel_node.cpp.o[0m
[378.455s] [ 79%] [32m[1mLinking CXX executable test_control_recovery_node[0m
[379.116s] [ 79%] [32m[1mLinking CXX executable test_control_pipeline_sequence[0m
[379.950s] [ 79%] Built target test_control_recovery_node
[379.973s] [ 79%] [32m[1mLinking CXX executable test_bt_action_node[0m
[380.039s] [ 79%] [32mBuilding CXX object test/plugins/action/CMakeFiles/test_action_drive_on_heading_cancel_action.dir/test_drive_on_heading_cancel_node.cpp.o[0m
[381.275s] [ 79%] Built target test_control_pipeline_sequence
[381.418s] [ 80%] [32m[1mLinking CXX executable test_action_assisted_teleop_action[0m
[381.488s] [ 80%] [32mBuilding CXX object test/plugins/action/CMakeFiles/test_action_clear_costmap_service.dir/test_clear_costmap_service.cpp.o[0m
[382.621s] [ 80%] Built target test_bt_action_node
[382.827s] [ 81%] [32mBuilding CXX object test/plugins/action/CMakeFiles/test_action_reinitialize_global_localization_service.dir/test_reinitialize_global_localization_service.cpp.o[0m
[383.560s] [ 81%] Built target test_action_assisted_teleop_action
[383.756s] [ 81%] [32mBuilding CXX object test/plugins/action/CMakeFiles/test_action_compute_path_to_pose_action.dir/test_compute_path_to_pose_action.cpp.o[0m
