[0.160s] Invoking command in '/home/ros2/ros2_rc/src/build/nav_2d_msgs': CMAKE_PREFIX_PATH=${CMAKE_PREFIX_PATH}:/home/ros2/ros2_rc/src/install/nav2_simple_commander:/home/ros2/ros2_rc/install/nav2_simple_commander:/opt/ros/humble /usr/bin/cmake --build /home/ros2/ros2_rc/src/build/nav_2d_msgs -- -j10 -l10
[0.443s] [  1%] Built target nav_2d_msgs__cpp
[0.467s] [ 12%] Built target nav_2d_msgs__rosidl_generator_c
[0.514s] [ 12%] Built target ament_cmake_python_copy_nav_2d_msgs
[0.631s] [ 23%] Built target nav_2d_msgs__rosidl_typesupport_cpp
[0.689s] [ 36%] Built target nav_2d_msgs__rosidl_typesupport_fastrtps_cpp
[0.694s] [ 46%] Built target nav_2d_msgs__rosidl_typesupport_introspection_cpp
[0.746s] [ 57%] Built target nav_2d_msgs__rosidl_typesupport_fastrtps_c
[0.747s] [ 69%] Built target nav_2d_msgs__rosidl_typesupport_introspection_c
[0.791s] [ 80%] Built target nav_2d_msgs__rosidl_typesupport_c
[0.966s] [ 80%] Built target nav_2d_msgs
[1.084s] [ 81%] Built target nav_2d_msgs__py
[1.232s] [ 91%] Built target nav_2d_msgs__rosidl_generator_py
[1.345s] [ 94%] Built target nav_2d_msgs__rosidl_typesupport_introspection_c__pyext
[1.347s] [ 97%] Built target nav_2d_msgs__rosidl_typesupport_fastrtps_c__pyext
[1.385s] [100%] Built target nav_2d_msgs__rosidl_typesupport_c__pyext
[1.711s] running egg_info
[1.712s] writing nav_2d_msgs.egg-info/PKG-INFO
[1.712s] writing dependency_links to nav_2d_msgs.egg-info/dependency_links.txt
[1.718s] writing top-level names to nav_2d_msgs.egg-info/top_level.txt
[1.721s] reading manifest file 'nav_2d_msgs.egg-info/SOURCES.txt'
[1.723s] writing manifest file 'nav_2d_msgs.egg-info/SOURCES.txt'
[1.858s] [100%] Built target ament_cmake_python_build_nav_2d_msgs_egg
[1.911s] Invoked command in '/home/ros2/ros2_rc/src/build/nav_2d_msgs' returned '0': CMAKE_PREFIX_PATH=${CMAKE_PREFIX_PATH}:/home/ros2/ros2_rc/src/install/nav2_simple_commander:/home/ros2/ros2_rc/install/nav2_simple_commander:/opt/ros/humble /usr/bin/cmake --build /home/ros2/ros2_rc/src/build/nav_2d_msgs -- -j10 -l10
[3.060s] Invoking command in '/home/ros2/ros2_rc/src/build/nav_2d_msgs': CMAKE_PREFIX_PATH=${CMAKE_PREFIX_PATH}:/home/ros2/ros2_rc/src/install/nav2_simple_commander:/home/ros2/ros2_rc/install/nav2_simple_commander:/opt/ros/humble /usr/bin/cmake --install /home/ros2/ros2_rc/src/build/nav_2d_msgs
[3.092s] -- Install configuration: ""
[3.092s] -- Up-to-date: /home/ros2/ros2_rc/src/install/nav_2d_msgs/share/ament_index/resource_index/rosidl_interfaces/nav_2d_msgs
[3.094s] -- Up-to-date: /home/ros2/ros2_rc/src/install/nav_2d_msgs/include/nav_2d_msgs/nav_2d_msgs
[3.094s] -- Up-to-date: /home/ros2/ros2_rc/src/install/nav_2d_msgs/include/nav_2d_msgs/nav_2d_msgs/msg
[3.095s] -- Up-to-date: /home/ros2/ros2_rc/src/install/nav_2d_msgs/include/nav_2d_msgs/nav_2d_msgs/msg/rosidl_generator_c__visibility_control.h
[3.095s] -- Up-to-date: /home/ros2/ros2_rc/src/install/nav_2d_msgs/include/nav_2d_msgs/nav_2d_msgs/msg/pose2_d_stamped.h
[3.095s] -- Up-to-date: /home/ros2/ros2_rc/src/install/nav_2d_msgs/include/nav_2d_msgs/nav_2d_msgs/msg/detail
[3.095s] -- Up-to-date: /home/ros2/ros2_rc/src/install/nav_2d_msgs/include/nav_2d_msgs/nav_2d_msgs/msg/detail/twist2_d32__struct.h
[3.095s] -- Up-to-date: /home/ros2/ros2_rc/src/install/nav_2d_msgs/include/nav_2d_msgs/nav_2d_msgs/msg/detail/path2_d__struct.h
[3.095s] -- Up-to-date: /home/ros2/ros2_rc/src/install/nav_2d_msgs/include/nav_2d_msgs/nav_2d_msgs/msg/detail/twist2_d_stamped__functions.h
[3.095s] -- Up-to-date: /home/ros2/ros2_rc/src/install/nav_2d_msgs/include/nav_2d_msgs/nav_2d_msgs/msg/detail/path2_d__functions.c
[3.096s] -- Up-to-date: /home/ros2/ros2_rc/src/install/nav_2d_msgs/include/nav_2d_msgs/nav_2d_msgs/msg/detail/pose2_d_stamped__functions.c
[3.096s] -- Up-to-date: /home/ros2/ros2_rc/src/install/nav_2d_msgs/include/nav_2d_msgs/nav_2d_msgs/msg/detail/pose2_d_stamped__struct.h
[3.096s] -- Up-to-date: /home/ros2/ros2_rc/src/install/nav_2d_msgs/include/nav_2d_msgs/nav_2d_msgs/msg/detail/twist2_d__functions.c
[3.096s] -- Up-to-date: /home/ros2/ros2_rc/src/install/nav_2d_msgs/include/nav_2d_msgs/nav_2d_msgs/msg/detail/pose2_d_stamped__type_support.h
[3.096s] -- Up-to-date: /home/ros2/ros2_rc/src/install/nav_2d_msgs/include/nav_2d_msgs/nav_2d_msgs/msg/detail/twist2_d32__functions.c
[3.096s] -- Up-to-date: /home/ros2/ros2_rc/src/install/nav_2d_msgs/include/nav_2d_msgs/nav_2d_msgs/msg/detail/twist2_d32__type_support.h
[3.096s] -- Up-to-date: /home/ros2/ros2_rc/src/install/nav_2d_msgs/include/nav_2d_msgs/nav_2d_msgs/msg/detail/twist2_d_stamped__struct.h
[3.097s] -- Up-to-date: /home/ros2/ros2_rc/src/install/nav_2d_msgs/include/nav_2d_msgs/nav_2d_msgs/msg/detail/twist2_d_stamped__type_support.h
[3.098s] -- Up-to-date: /home/ros2/ros2_rc/src/install/nav_2d_msgs/include/nav_2d_msgs/nav_2d_msgs/msg/detail/pose2_d32__functions.c
[3.098s] -- Up-to-date: /home/ros2/ros2_rc/src/install/nav_2d_msgs/include/nav_2d_msgs/nav_2d_msgs/msg/detail/path2_d__functions.h
[3.099s] -- Up-to-date: /home/ros2/ros2_rc/src/install/nav_2d_msgs/include/nav_2d_msgs/nav_2d_msgs/msg/detail/twist2_d_stamped__functions.c
[3.099s] -- Up-to-date: /home/ros2/ros2_rc/src/install/nav_2d_msgs/include/nav_2d_msgs/nav_2d_msgs/msg/detail/path2_d__type_support.h
[3.100s] -- Up-to-date: /home/ros2/ros2_rc/src/install/nav_2d_msgs/include/nav_2d_msgs/nav_2d_msgs/msg/detail/twist2_d__type_support.h
[3.100s] -- Up-to-date: /home/ros2/ros2_rc/src/install/nav_2d_msgs/include/nav_2d_msgs/nav_2d_msgs/msg/detail/pose2_d32__struct.h
[3.100s] -- Up-to-date: /home/ros2/ros2_rc/src/install/nav_2d_msgs/include/nav_2d_msgs/nav_2d_msgs/msg/detail/twist2_d32__functions.h
[3.100s] -- Up-to-date: /home/ros2/ros2_rc/src/install/nav_2d_msgs/include/nav_2d_msgs/nav_2d_msgs/msg/detail/twist2_d__functions.h
[3.101s] -- Up-to-date: /home/ros2/ros2_rc/src/install/nav_2d_msgs/include/nav_2d_msgs/nav_2d_msgs/msg/detail/pose2_d32__functions.h
[3.101s] -- Up-to-date: /home/ros2/ros2_rc/src/install/nav_2d_msgs/include/nav_2d_msgs/nav_2d_msgs/msg/detail/twist2_d__struct.h
[3.102s] -- Up-to-date: /home/ros2/ros2_rc/src/install/nav_2d_msgs/include/nav_2d_msgs/nav_2d_msgs/msg/detail/pose2_d_stamped__functions.h
[3.103s] -- Up-to-date: /home/ros2/ros2_rc/src/install/nav_2d_msgs/include/nav_2d_msgs/nav_2d_msgs/msg/detail/pose2_d32__type_support.h
[3.104s] -- Up-to-date: /home/ros2/ros2_rc/src/install/nav_2d_msgs/include/nav_2d_msgs/nav_2d_msgs/msg/path2_d.h
[3.104s] -- Up-to-date: /home/ros2/ros2_rc/src/install/nav_2d_msgs/include/nav_2d_msgs/nav_2d_msgs/msg/twist2_d_stamped.h
[3.104s] -- Up-to-date: /home/ros2/ros2_rc/src/install/nav_2d_msgs/include/nav_2d_msgs/nav_2d_msgs/msg/twist2_d32.h
[3.104s] -- Up-to-date: /home/ros2/ros2_rc/src/install/nav_2d_msgs/include/nav_2d_msgs/nav_2d_msgs/msg/twist2_d.h
[3.104s] -- Up-to-date: /home/ros2/ros2_rc/src/install/nav_2d_msgs/include/nav_2d_msgs/nav_2d_msgs/msg/pose2_d32.h
[3.105s] -- Up-to-date: /home/ros2/ros2_rc/src/install/nav_2d_msgs/share/nav_2d_msgs/environment/library_path.sh
[3.105s] -- Up-to-date: /home/ros2/ros2_rc/src/install/nav_2d_msgs/share/nav_2d_msgs/environment/library_path.dsv
[3.110s] -- Up-to-date: /home/ros2/ros2_rc/src/install/nav_2d_msgs/lib/libnav_2d_msgs__rosidl_generator_c.so
[3.110s] -- Up-to-date: /home/ros2/ros2_rc/src/install/nav_2d_msgs/include/nav_2d_msgs/nav_2d_msgs
[3.110s] -- Up-to-date: /home/ros2/ros2_rc/src/install/nav_2d_msgs/include/nav_2d_msgs/nav_2d_msgs/msg
[3.110s] -- Up-to-date: /home/ros2/ros2_rc/src/install/nav_2d_msgs/include/nav_2d_msgs/nav_2d_msgs/msg/rosidl_typesupport_fastrtps_c__visibility_control.h
[3.110s] -- Up-to-date: /home/ros2/ros2_rc/src/install/nav_2d_msgs/include/nav_2d_msgs/nav_2d_msgs/msg/detail
[3.110s] -- Up-to-date: /home/ros2/ros2_rc/src/install/nav_2d_msgs/include/nav_2d_msgs/nav_2d_msgs/msg/detail/pose2_d32__rosidl_typesupport_fastrtps_c.h
[3.111s] -- Up-to-date: /home/ros2/ros2_rc/src/install/nav_2d_msgs/include/nav_2d_msgs/nav_2d_msgs/msg/detail/twist2_d32__rosidl_typesupport_fastrtps_c.h
[3.111s] -- Up-to-date: /home/ros2/ros2_rc/src/install/nav_2d_msgs/include/nav_2d_msgs/nav_2d_msgs/msg/detail/twist2_d__rosidl_typesupport_fastrtps_c.h
[3.111s] -- Up-to-date: /home/ros2/ros2_rc/src/install/nav_2d_msgs/include/nav_2d_msgs/nav_2d_msgs/msg/detail/path2_d__rosidl_typesupport_fastrtps_c.h
[3.111s] -- Up-to-date: /home/ros2/ros2_rc/src/install/nav_2d_msgs/include/nav_2d_msgs/nav_2d_msgs/msg/detail/pose2_d_stamped__rosidl_typesupport_fastrtps_c.h
[3.111s] -- Up-to-date: /home/ros2/ros2_rc/src/install/nav_2d_msgs/include/nav_2d_msgs/nav_2d_msgs/msg/detail/twist2_d_stamped__rosidl_typesupport_fastrtps_c.h
[3.111s] -- Up-to-date: /home/ros2/ros2_rc/src/install/nav_2d_msgs/lib/libnav_2d_msgs__rosidl_typesupport_fastrtps_c.so
[3.112s] -- Up-to-date: /home/ros2/ros2_rc/src/install/nav_2d_msgs/include/nav_2d_msgs/nav_2d_msgs
[3.112s] -- Up-to-date: /home/ros2/ros2_rc/src/install/nav_2d_msgs/include/nav_2d_msgs/nav_2d_msgs/msg
[3.112s] -- Up-to-date: /home/ros2/ros2_rc/src/install/nav_2d_msgs/include/nav_2d_msgs/nav_2d_msgs/msg/path2_d.hpp
[3.112s] -- Up-to-date: /home/ros2/ros2_rc/src/install/nav_2d_msgs/include/nav_2d_msgs/nav_2d_msgs/msg/twist2_d_stamped.hpp
[3.112s] -- Up-to-date: /home/ros2/ros2_rc/src/install/nav_2d_msgs/include/nav_2d_msgs/nav_2d_msgs/msg/pose2_d32.hpp
[3.113s] -- Up-to-date: /home/ros2/ros2_rc/src/install/nav_2d_msgs/include/nav_2d_msgs/nav_2d_msgs/msg/twist2_d.hpp
[3.113s] -- Up-to-date: /home/ros2/ros2_rc/src/install/nav_2d_msgs/include/nav_2d_msgs/nav_2d_msgs/msg/twist2_d32.hpp
[3.113s] -- Up-to-date: /home/ros2/ros2_rc/src/install/nav_2d_msgs/include/nav_2d_msgs/nav_2d_msgs/msg/detail
[3.114s] -- Up-to-date: /home/ros2/ros2_rc/src/install/nav_2d_msgs/include/nav_2d_msgs/nav_2d_msgs/msg/detail/pose2_d32__traits.hpp
[3.114s] -- Up-to-date: /home/ros2/ros2_rc/src/install/nav_2d_msgs/include/nav_2d_msgs/nav_2d_msgs/msg/detail/twist2_d32__struct.hpp
[3.115s] -- Up-to-date: /home/ros2/ros2_rc/src/install/nav_2d_msgs/include/nav_2d_msgs/nav_2d_msgs/msg/detail/path2_d__struct.hpp
[3.115s] -- Up-to-date: /home/ros2/ros2_rc/src/install/nav_2d_msgs/include/nav_2d_msgs/nav_2d_msgs/msg/detail/twist2_d_stamped__builder.hpp
[3.116s] -- Up-to-date: /home/ros2/ros2_rc/src/install/nav_2d_msgs/include/nav_2d_msgs/nav_2d_msgs/msg/detail/twist2_d__struct.hpp
[3.116s] -- Up-to-date: /home/ros2/ros2_rc/src/install/nav_2d_msgs/include/nav_2d_msgs/nav_2d_msgs/msg/detail/pose2_d32__builder.hpp
[3.116s] -- Up-to-date: /home/ros2/ros2_rc/src/install/nav_2d_msgs/include/nav_2d_msgs/nav_2d_msgs/msg/detail/twist2_d32__builder.hpp
[3.116s] -- Up-to-date: /home/ros2/ros2_rc/src/install/nav_2d_msgs/include/nav_2d_msgs/nav_2d_msgs/msg/detail/twist2_d32__traits.hpp
[3.116s] -- Up-to-date: /home/ros2/ros2_rc/src/install/nav_2d_msgs/include/nav_2d_msgs/nav_2d_msgs/msg/detail/twist2_d_stamped__traits.hpp
[3.117s] -- Up-to-date: /home/ros2/ros2_rc/src/install/nav_2d_msgs/include/nav_2d_msgs/nav_2d_msgs/msg/detail/path2_d__builder.hpp
[3.117s] -- Up-to-date: /home/ros2/ros2_rc/src/install/nav_2d_msgs/include/nav_2d_msgs/nav_2d_msgs/msg/detail/pose2_d_stamped__traits.hpp
[3.117s] -- Up-to-date: /home/ros2/ros2_rc/src/install/nav_2d_msgs/include/nav_2d_msgs/nav_2d_msgs/msg/detail/pose2_d_stamped__builder.hpp
[3.118s] -- Up-to-date: /home/ros2/ros2_rc/src/install/nav_2d_msgs/include/nav_2d_msgs/nav_2d_msgs/msg/detail/pose2_d32__struct.hpp
[3.118s] -- Up-to-date: /home/ros2/ros2_rc/src/install/nav_2d_msgs/include/nav_2d_msgs/nav_2d_msgs/msg/detail/twist2_d_stamped__struct.hpp
[3.118s] -- Up-to-date: /home/ros2/ros2_rc/src/install/nav_2d_msgs/include/nav_2d_msgs/nav_2d_msgs/msg/detail/twist2_d__traits.hpp
[3.118s] -- Up-to-date: /home/ros2/ros2_rc/src/install/nav_2d_msgs/include/nav_2d_msgs/nav_2d_msgs/msg/detail/path2_d__traits.hpp
[3.118s] -- Up-to-date: /home/ros2/ros2_rc/src/install/nav_2d_msgs/include/nav_2d_msgs/nav_2d_msgs/msg/detail/pose2_d_stamped__struct.hpp
[3.118s] -- Up-to-date: /home/ros2/ros2_rc/src/install/nav_2d_msgs/include/nav_2d_msgs/nav_2d_msgs/msg/detail/twist2_d__builder.hpp
[3.118s] -- Up-to-date: /home/ros2/ros2_rc/src/install/nav_2d_msgs/include/nav_2d_msgs/nav_2d_msgs/msg/pose2_d_stamped.hpp
[3.119s] -- Up-to-date: /home/ros2/ros2_rc/src/install/nav_2d_msgs/include/nav_2d_msgs/nav_2d_msgs
[3.120s] -- Up-to-date: /home/ros2/ros2_rc/src/install/nav_2d_msgs/include/nav_2d_msgs/nav_2d_msgs/msg
[3.120s] -- Up-to-date: /home/ros2/ros2_rc/src/install/nav_2d_msgs/include/nav_2d_msgs/nav_2d_msgs/msg/rosidl_typesupport_fastrtps_cpp__visibility_control.h
[3.120s] -- Up-to-date: /home/ros2/ros2_rc/src/install/nav_2d_msgs/include/nav_2d_msgs/nav_2d_msgs/msg/detail
[3.120s] -- Up-to-date: /home/ros2/ros2_rc/src/install/nav_2d_msgs/include/nav_2d_msgs/nav_2d_msgs/msg/detail/twist2_d32__rosidl_typesupport_fastrtps_cpp.hpp
[3.120s] -- Up-to-date: /home/ros2/ros2_rc/src/install/nav_2d_msgs/include/nav_2d_msgs/nav_2d_msgs/msg/detail/pose2_d32__rosidl_typesupport_fastrtps_cpp.hpp
[3.120s] -- Up-to-date: /home/ros2/ros2_rc/src/install/nav_2d_msgs/include/nav_2d_msgs/nav_2d_msgs/msg/detail/pose2_d_stamped__rosidl_typesupport_fastrtps_cpp.hpp
[3.121s] -- Up-to-date: /home/ros2/ros2_rc/src/install/nav_2d_msgs/include/nav_2d_msgs/nav_2d_msgs/msg/detail/twist2_d_stamped__rosidl_typesupport_fastrtps_cpp.hpp
[3.121s] -- Up-to-date: /home/ros2/ros2_rc/src/install/nav_2d_msgs/include/nav_2d_msgs/nav_2d_msgs/msg/detail/path2_d__rosidl_typesupport_fastrtps_cpp.hpp
[3.121s] -- Up-to-date: /home/ros2/ros2_rc/src/install/nav_2d_msgs/include/nav_2d_msgs/nav_2d_msgs/msg/detail/dds_fastrtps
[3.121s] -- Up-to-date: /home/ros2/ros2_rc/src/install/nav_2d_msgs/include/nav_2d_msgs/nav_2d_msgs/msg/detail/twist2_d__rosidl_typesupport_fastrtps_cpp.hpp
[3.121s] -- Up-to-date: /home/ros2/ros2_rc/src/install/nav_2d_msgs/lib/libnav_2d_msgs__rosidl_typesupport_fastrtps_cpp.so
[3.121s] -- Up-to-date: /home/ros2/ros2_rc/src/install/nav_2d_msgs/include/nav_2d_msgs/nav_2d_msgs
[3.121s] -- Up-to-date: /home/ros2/ros2_rc/src/install/nav_2d_msgs/include/nav_2d_msgs/nav_2d_msgs/msg
[3.121s] -- Up-to-date: /home/ros2/ros2_rc/src/install/nav_2d_msgs/include/nav_2d_msgs/nav_2d_msgs/msg/detail
[3.121s] -- Up-to-date: /home/ros2/ros2_rc/src/install/nav_2d_msgs/include/nav_2d_msgs/nav_2d_msgs/msg/detail/pose2_d32__type_support.c
[3.121s] -- Up-to-date: /home/ros2/ros2_rc/src/install/nav_2d_msgs/include/nav_2d_msgs/nav_2d_msgs/msg/detail/twist2_d_stamped__type_support.c
[3.121s] -- Up-to-date: /home/ros2/ros2_rc/src/install/nav_2d_msgs/include/nav_2d_msgs/nav_2d_msgs/msg/detail/twist2_d__rosidl_typesupport_introspection_c.h
[3.121s] -- Up-to-date: /home/ros2/ros2_rc/src/install/nav_2d_msgs/include/nav_2d_msgs/nav_2d_msgs/msg/detail/pose2_d_stamped__rosidl_typesupport_introspection_c.h
[3.121s] -- Up-to-date: /home/ros2/ros2_rc/src/install/nav_2d_msgs/include/nav_2d_msgs/nav_2d_msgs/msg/detail/twist2_d32__rosidl_typesupport_introspection_c.h
[3.121s] -- Up-to-date: /home/ros2/ros2_rc/src/install/nav_2d_msgs/include/nav_2d_msgs/nav_2d_msgs/msg/detail/twist2_d__type_support.c
[3.121s] -- Up-to-date: /home/ros2/ros2_rc/src/install/nav_2d_msgs/include/nav_2d_msgs/nav_2d_msgs/msg/detail/path2_d__type_support.c
[3.122s] -- Up-to-date: /home/ros2/ros2_rc/src/install/nav_2d_msgs/include/nav_2d_msgs/nav_2d_msgs/msg/detail/path2_d__rosidl_typesupport_introspection_c.h
[3.122s] -- Up-to-date: /home/ros2/ros2_rc/src/install/nav_2d_msgs/include/nav_2d_msgs/nav_2d_msgs/msg/detail/pose2_d_stamped__type_support.c
[3.122s] -- Up-to-date: /home/ros2/ros2_rc/src/install/nav_2d_msgs/include/nav_2d_msgs/nav_2d_msgs/msg/detail/pose2_d32__rosidl_typesupport_introspection_c.h
[3.122s] -- Up-to-date: /home/ros2/ros2_rc/src/install/nav_2d_msgs/include/nav_2d_msgs/nav_2d_msgs/msg/detail/twist2_d32__type_support.c
[3.122s] -- Up-to-date: /home/ros2/ros2_rc/src/install/nav_2d_msgs/include/nav_2d_msgs/nav_2d_msgs/msg/detail/twist2_d_stamped__rosidl_typesupport_introspection_c.h
[3.122s] -- Up-to-date: /home/ros2/ros2_rc/src/install/nav_2d_msgs/include/nav_2d_msgs/nav_2d_msgs/msg/rosidl_typesupport_introspection_c__visibility_control.h
[3.122s] -- Up-to-date: /home/ros2/ros2_rc/src/install/nav_2d_msgs/lib/libnav_2d_msgs__rosidl_typesupport_introspection_c.so
[3.122s] -- Up-to-date: /home/ros2/ros2_rc/src/install/nav_2d_msgs/lib/libnav_2d_msgs__rosidl_typesupport_c.so
[3.123s] -- Up-to-date: /home/ros2/ros2_rc/src/install/nav_2d_msgs/include/nav_2d_msgs/nav_2d_msgs
[3.124s] -- Up-to-date: /home/ros2/ros2_rc/src/install/nav_2d_msgs/include/nav_2d_msgs/nav_2d_msgs/msg
[3.126s] -- Up-to-date: /home/ros2/ros2_rc/src/install/nav_2d_msgs/include/nav_2d_msgs/nav_2d_msgs/msg/detail
[3.126s] -- Up-to-date: /home/ros2/ros2_rc/src/install/nav_2d_msgs/include/nav_2d_msgs/nav_2d_msgs/msg/detail/path2_d__rosidl_typesupport_introspection_cpp.hpp
[3.126s] -- Up-to-date: /home/ros2/ros2_rc/src/install/nav_2d_msgs/include/nav_2d_msgs/nav_2d_msgs/msg/detail/pose2_d_stamped__type_support.cpp
[3.126s] -- Up-to-date: /home/ros2/ros2_rc/src/install/nav_2d_msgs/include/nav_2d_msgs/nav_2d_msgs/msg/detail/pose2_d32__rosidl_typesupport_introspection_cpp.hpp
[3.126s] -- Up-to-date: /home/ros2/ros2_rc/src/install/nav_2d_msgs/include/nav_2d_msgs/nav_2d_msgs/msg/detail/twist2_d32__rosidl_typesupport_introspection_cpp.hpp
[3.126s] -- Up-to-date: /home/ros2/ros2_rc/src/install/nav_2d_msgs/include/nav_2d_msgs/nav_2d_msgs/msg/detail/path2_d__type_support.cpp
[3.126s] -- Up-to-date: /home/ros2/ros2_rc/src/install/nav_2d_msgs/include/nav_2d_msgs/nav_2d_msgs/msg/detail/twist2_d__rosidl_typesupport_introspection_cpp.hpp
[3.127s] -- Up-to-date: /home/ros2/ros2_rc/src/install/nav_2d_msgs/include/nav_2d_msgs/nav_2d_msgs/msg/detail/pose2_d32__type_support.cpp
[3.127s] -- Up-to-date: /home/ros2/ros2_rc/src/install/nav_2d_msgs/include/nav_2d_msgs/nav_2d_msgs/msg/detail/twist2_d32__type_support.cpp
[3.127s] -- Up-to-date: /home/ros2/ros2_rc/src/install/nav_2d_msgs/include/nav_2d_msgs/nav_2d_msgs/msg/detail/twist2_d_stamped__type_support.cpp
[3.127s] -- Up-to-date: /home/ros2/ros2_rc/src/install/nav_2d_msgs/include/nav_2d_msgs/nav_2d_msgs/msg/detail/twist2_d__type_support.cpp
[3.127s] -- Up-to-date: /home/ros2/ros2_rc/src/install/nav_2d_msgs/include/nav_2d_msgs/nav_2d_msgs/msg/detail/twist2_d_stamped__rosidl_typesupport_introspection_cpp.hpp
[3.127s] -- Up-to-date: /home/ros2/ros2_rc/src/install/nav_2d_msgs/include/nav_2d_msgs/nav_2d_msgs/msg/detail/pose2_d_stamped__rosidl_typesupport_introspection_cpp.hpp
[3.127s] -- Up-to-date: /home/ros2/ros2_rc/src/install/nav_2d_msgs/lib/libnav_2d_msgs__rosidl_typesupport_introspection_cpp.so
[3.127s] -- Up-to-date: /home/ros2/ros2_rc/src/install/nav_2d_msgs/lib/libnav_2d_msgs__rosidl_typesupport_cpp.so
[3.128s] -- Up-to-date: /home/ros2/ros2_rc/src/install/nav_2d_msgs/share/nav_2d_msgs/environment/pythonpath.sh
[3.131s] -- Up-to-date: /home/ros2/ros2_rc/src/install/nav_2d_msgs/share/nav_2d_msgs/environment/pythonpath.dsv
[3.131s] -- Up-to-date: /home/ros2/ros2_rc/src/install/nav_2d_msgs/local/lib/python3.10/dist-packages/nav_2d_msgs-1.1.16-py3.10.egg-info
[3.132s] -- Installing: /home/ros2/ros2_rc/src/install/nav_2d_msgs/local/lib/python3.10/dist-packages/nav_2d_msgs-1.1.16-py3.10.egg-info/SOURCES.txt
[3.132s] -- Installing: /home/ros2/ros2_rc/src/install/nav_2d_msgs/local/lib/python3.10/dist-packages/nav_2d_msgs-1.1.16-py3.10.egg-info/PKG-INFO
[3.132s] -- Installing: /home/ros2/ros2_rc/src/install/nav_2d_msgs/local/lib/python3.10/dist-packages/nav_2d_msgs-1.1.16-py3.10.egg-info/top_level.txt
[3.132s] -- Installing: /home/ros2/ros2_rc/src/install/nav_2d_msgs/local/lib/python3.10/dist-packages/nav_2d_msgs-1.1.16-py3.10.egg-info/dependency_links.txt
[3.132s] -- Up-to-date: /home/ros2/ros2_rc/src/install/nav_2d_msgs/local/lib/python3.10/dist-packages/nav_2d_msgs
[3.132s] -- Up-to-date: /home/ros2/ros2_rc/src/install/nav_2d_msgs/local/lib/python3.10/dist-packages/nav_2d_msgs/__init__.py
[3.132s] -- Up-to-date: /home/ros2/ros2_rc/src/install/nav_2d_msgs/local/lib/python3.10/dist-packages/nav_2d_msgs/nav_2d_msgs_s__rosidl_typesupport_introspection_c.cpython-310-x86_64-linux-gnu.so
[3.132s] -- Up-to-date: /home/ros2/ros2_rc/src/install/nav_2d_msgs/local/lib/python3.10/dist-packages/nav_2d_msgs/_nav_2d_msgs_s.ep.rosidl_typesupport_fastrtps_c.c
[3.132s] -- Up-to-date: /home/ros2/ros2_rc/src/install/nav_2d_msgs/local/lib/python3.10/dist-packages/nav_2d_msgs/_nav_2d_msgs_s.ep.rosidl_typesupport_introspection_c.c
[3.132s] -- Up-to-date: /home/ros2/ros2_rc/src/install/nav_2d_msgs/local/lib/python3.10/dist-packages/nav_2d_msgs/nav_2d_msgs_s__rosidl_typesupport_fastrtps_c.cpython-310-x86_64-linux-gnu.so
[3.132s] -- Up-to-date: /home/ros2/ros2_rc/src/install/nav_2d_msgs/local/lib/python3.10/dist-packages/nav_2d_msgs/libnav_2d_msgs__rosidl_generator_py.so
[3.133s] -- Up-to-date: /home/ros2/ros2_rc/src/install/nav_2d_msgs/local/lib/python3.10/dist-packages/nav_2d_msgs/msg
[3.133s] -- Up-to-date: /home/ros2/ros2_rc/src/install/nav_2d_msgs/local/lib/python3.10/dist-packages/nav_2d_msgs/msg/__init__.py
[3.133s] -- Up-to-date: /home/ros2/ros2_rc/src/install/nav_2d_msgs/local/lib/python3.10/dist-packages/nav_2d_msgs/msg/_twist2_d.py
[3.133s] -- Up-to-date: /home/ros2/ros2_rc/src/install/nav_2d_msgs/local/lib/python3.10/dist-packages/nav_2d_msgs/msg/_pose2_d32_s.c
[3.133s] -- Up-to-date: /home/ros2/ros2_rc/src/install/nav_2d_msgs/local/lib/python3.10/dist-packages/nav_2d_msgs/msg/_pose2_d_stamped_s.c
[3.133s] -- Up-to-date: /home/ros2/ros2_rc/src/install/nav_2d_msgs/local/lib/python3.10/dist-packages/nav_2d_msgs/msg/_pose2_d32.py
[3.133s] -- Up-to-date: /home/ros2/ros2_rc/src/install/nav_2d_msgs/local/lib/python3.10/dist-packages/nav_2d_msgs/msg/_twist2_d32.py
[3.133s] -- Up-to-date: /home/ros2/ros2_rc/src/install/nav_2d_msgs/local/lib/python3.10/dist-packages/nav_2d_msgs/msg/_twist2_d_stamped.py
[3.133s] -- Up-to-date: /home/ros2/ros2_rc/src/install/nav_2d_msgs/local/lib/python3.10/dist-packages/nav_2d_msgs/msg/_twist2_d32_s.c
[3.133s] -- Up-to-date: /home/ros2/ros2_rc/src/install/nav_2d_msgs/local/lib/python3.10/dist-packages/nav_2d_msgs/msg/_path2_d.py
[3.133s] -- Up-to-date: /home/ros2/ros2_rc/src/install/nav_2d_msgs/local/lib/python3.10/dist-packages/nav_2d_msgs/msg/_twist2_d_stamped_s.c
[3.133s] -- Up-to-date: /home/ros2/ros2_rc/src/install/nav_2d_msgs/local/lib/python3.10/dist-packages/nav_2d_msgs/msg/_pose2_d_stamped.py
[3.134s] -- Up-to-date: /home/ros2/ros2_rc/src/install/nav_2d_msgs/local/lib/python3.10/dist-packages/nav_2d_msgs/msg/_path2_d_s.c
[3.134s] -- Up-to-date: /home/ros2/ros2_rc/src/install/nav_2d_msgs/local/lib/python3.10/dist-packages/nav_2d_msgs/msg/_twist2_d_s.c
[3.134s] -- Up-to-date: /home/ros2/ros2_rc/src/install/nav_2d_msgs/local/lib/python3.10/dist-packages/nav_2d_msgs/nav_2d_msgs_s__rosidl_typesupport_c.cpython-310-x86_64-linux-gnu.so
[3.134s] -- Up-to-date: /home/ros2/ros2_rc/src/install/nav_2d_msgs/local/lib/python3.10/dist-packages/nav_2d_msgs/_nav_2d_msgs_s.ep.rosidl_typesupport_c.c
[3.193s] Listing '/home/ros2/ros2_rc/src/install/nav_2d_msgs/local/lib/python3.10/dist-packages/nav_2d_msgs'...
[3.193s] Listing '/home/ros2/ros2_rc/src/install/nav_2d_msgs/local/lib/python3.10/dist-packages/nav_2d_msgs/msg'...
[3.211s] -- Up-to-date: /home/ros2/ros2_rc/src/install/nav_2d_msgs/local/lib/python3.10/dist-packages/nav_2d_msgs/nav_2d_msgs_s__rosidl_typesupport_fastrtps_c.cpython-310-x86_64-linux-gnu.so
[3.211s] -- Up-to-date: /home/ros2/ros2_rc/src/install/nav_2d_msgs/local/lib/python3.10/dist-packages/nav_2d_msgs/nav_2d_msgs_s__rosidl_typesupport_introspection_c.cpython-310-x86_64-linux-gnu.so
[3.214s] -- Up-to-date: /home/ros2/ros2_rc/src/install/nav_2d_msgs/local/lib/python3.10/dist-packages/nav_2d_msgs/nav_2d_msgs_s__rosidl_typesupport_c.cpython-310-x86_64-linux-gnu.so
[3.215s] -- Up-to-date: /home/ros2/ros2_rc/src/install/nav_2d_msgs/lib/libnav_2d_msgs__rosidl_generator_py.so
[3.217s] -- Up-to-date: /home/ros2/ros2_rc/src/install/nav_2d_msgs/share/nav_2d_msgs/msg/Path2D.idl
[3.219s] -- Up-to-date: /home/ros2/ros2_rc/src/install/nav_2d_msgs/share/nav_2d_msgs/msg/Pose2D32.idl
[3.221s] -- Up-to-date: /home/ros2/ros2_rc/src/install/nav_2d_msgs/share/nav_2d_msgs/msg/Pose2DStamped.idl
[3.221s] -- Up-to-date: /home/ros2/ros2_rc/src/install/nav_2d_msgs/share/nav_2d_msgs/msg/Twist2D.idl
[3.222s] -- Up-to-date: /home/ros2/ros2_rc/src/install/nav_2d_msgs/share/nav_2d_msgs/msg/Twist2D32.idl
[3.222s] -- Up-to-date: /home/ros2/ros2_rc/src/install/nav_2d_msgs/share/nav_2d_msgs/msg/Twist2DStamped.idl
[3.222s] -- Up-to-date: /home/ros2/ros2_rc/src/install/nav_2d_msgs/share/nav_2d_msgs/msg/Path2D.msg
[3.222s] -- Up-to-date: /home/ros2/ros2_rc/src/install/nav_2d_msgs/share/nav_2d_msgs/msg/Pose2D32.msg
[3.222s] -- Up-to-date: /home/ros2/ros2_rc/src/install/nav_2d_msgs/share/nav_2d_msgs/msg/Pose2DStamped.msg
[3.224s] -- Up-to-date: /home/ros2/ros2_rc/src/install/nav_2d_msgs/share/nav_2d_msgs/msg/Twist2D.msg
[3.225s] -- Up-to-date: /home/ros2/ros2_rc/src/install/nav_2d_msgs/share/nav_2d_msgs/msg/Twist2D32.msg
[3.225s] -- Up-to-date: /home/ros2/ros2_rc/src/install/nav_2d_msgs/share/nav_2d_msgs/msg/Twist2DStamped.msg
[3.225s] -- Up-to-date: /home/ros2/ros2_rc/src/install/nav_2d_msgs/share/ament_index/resource_index/package_run_dependencies/nav_2d_msgs
[3.225s] -- Up-to-date: /home/ros2/ros2_rc/src/install/nav_2d_msgs/share/ament_index/resource_index/parent_prefix_path/nav_2d_msgs
[3.226s] -- Up-to-date: /home/ros2/ros2_rc/src/install/nav_2d_msgs/share/nav_2d_msgs/environment/ament_prefix_path.sh
[3.226s] -- Up-to-date: /home/ros2/ros2_rc/src/install/nav_2d_msgs/share/nav_2d_msgs/environment/ament_prefix_path.dsv
[3.226s] -- Up-to-date: /home/ros2/ros2_rc/src/install/nav_2d_msgs/share/nav_2d_msgs/environment/path.sh
[3.226s] -- Up-to-date: /home/ros2/ros2_rc/src/install/nav_2d_msgs/share/nav_2d_msgs/environment/path.dsv
[3.226s] -- Up-to-date: /home/ros2/ros2_rc/src/install/nav_2d_msgs/share/nav_2d_msgs/local_setup.bash
[3.226s] -- Up-to-date: /home/ros2/ros2_rc/src/install/nav_2d_msgs/share/nav_2d_msgs/local_setup.sh
[3.226s] -- Up-to-date: /home/ros2/ros2_rc/src/install/nav_2d_msgs/share/nav_2d_msgs/local_setup.zsh
[3.226s] -- Up-to-date: /home/ros2/ros2_rc/src/install/nav_2d_msgs/share/nav_2d_msgs/local_setup.dsv
[3.227s] -- Installing: /home/ros2/ros2_rc/src/install/nav_2d_msgs/share/nav_2d_msgs/package.dsv
[3.227s] -- Up-to-date: /home/ros2/ros2_rc/src/install/nav_2d_msgs/share/ament_index/resource_index/packages/nav_2d_msgs
[3.227s] -- Up-to-date: /home/ros2/ros2_rc/src/install/nav_2d_msgs/share/nav_2d_msgs/cmake/export_nav_2d_msgs__rosidl_generator_cExport.cmake
[3.227s] -- Up-to-date: /home/ros2/ros2_rc/src/install/nav_2d_msgs/share/nav_2d_msgs/cmake/export_nav_2d_msgs__rosidl_generator_cExport-noconfig.cmake
[3.228s] -- Up-to-date: /home/ros2/ros2_rc/src/install/nav_2d_msgs/share/nav_2d_msgs/cmake/export_nav_2d_msgs__rosidl_typesupport_fastrtps_cExport.cmake
[3.228s] -- Up-to-date: /home/ros2/ros2_rc/src/install/nav_2d_msgs/share/nav_2d_msgs/cmake/export_nav_2d_msgs__rosidl_typesupport_fastrtps_cExport-noconfig.cmake
[3.228s] -- Up-to-date: /home/ros2/ros2_rc/src/install/nav_2d_msgs/share/nav_2d_msgs/cmake/export_nav_2d_msgs__rosidl_generator_cppExport.cmake
[3.228s] -- Up-to-date: /home/ros2/ros2_rc/src/install/nav_2d_msgs/share/nav_2d_msgs/cmake/export_nav_2d_msgs__rosidl_typesupport_fastrtps_cppExport.cmake
[3.228s] -- Up-to-date: /home/ros2/ros2_rc/src/install/nav_2d_msgs/share/nav_2d_msgs/cmake/export_nav_2d_msgs__rosidl_typesupport_fastrtps_cppExport-noconfig.cmake
[3.229s] -- Up-to-date: /home/ros2/ros2_rc/src/install/nav_2d_msgs/share/nav_2d_msgs/cmake/nav_2d_msgs__rosidl_typesupport_introspection_cExport.cmake
[3.229s] -- Up-to-date: /home/ros2/ros2_rc/src/install/nav_2d_msgs/share/nav_2d_msgs/cmake/nav_2d_msgs__rosidl_typesupport_introspection_cExport-noconfig.cmake
[3.230s] -- Up-to-date: /home/ros2/ros2_rc/src/install/nav_2d_msgs/share/nav_2d_msgs/cmake/nav_2d_msgs__rosidl_typesupport_cExport.cmake
[3.230s] -- Up-to-date: /home/ros2/ros2_rc/src/install/nav_2d_msgs/share/nav_2d_msgs/cmake/nav_2d_msgs__rosidl_typesupport_cExport-noconfig.cmake
[3.230s] -- Up-to-date: /home/ros2/ros2_rc/src/install/nav_2d_msgs/share/nav_2d_msgs/cmake/nav_2d_msgs__rosidl_typesupport_introspection_cppExport.cmake
[3.230s] -- Up-to-date: /home/ros2/ros2_rc/src/install/nav_2d_msgs/share/nav_2d_msgs/cmake/nav_2d_msgs__rosidl_typesupport_introspection_cppExport-noconfig.cmake
[3.230s] -- Up-to-date: /home/ros2/ros2_rc/src/install/nav_2d_msgs/share/nav_2d_msgs/cmake/nav_2d_msgs__rosidl_typesupport_cppExport.cmake
[3.230s] -- Up-to-date: /home/ros2/ros2_rc/src/install/nav_2d_msgs/share/nav_2d_msgs/cmake/nav_2d_msgs__rosidl_typesupport_cppExport-noconfig.cmake
[3.230s] -- Up-to-date: /home/ros2/ros2_rc/src/install/nav_2d_msgs/share/nav_2d_msgs/cmake/export_nav_2d_msgs__rosidl_generator_pyExport.cmake
[3.230s] -- Up-to-date: /home/ros2/ros2_rc/src/install/nav_2d_msgs/share/nav_2d_msgs/cmake/export_nav_2d_msgs__rosidl_generator_pyExport-noconfig.cmake
[3.231s] -- Up-to-date: /home/ros2/ros2_rc/src/install/nav_2d_msgs/share/nav_2d_msgs/cmake/rosidl_cmake-extras.cmake
[3.231s] -- Up-to-date: /home/ros2/ros2_rc/src/install/nav_2d_msgs/share/nav_2d_msgs/cmake/ament_cmake_export_dependencies-extras.cmake
[3.231s] -- Up-to-date: /home/ros2/ros2_rc/src/install/nav_2d_msgs/share/nav_2d_msgs/cmake/ament_cmake_export_include_directories-extras.cmake
[3.231s] -- Up-to-date: /home/ros2/ros2_rc/src/install/nav_2d_msgs/share/nav_2d_msgs/cmake/ament_cmake_export_libraries-extras.cmake
[3.231s] -- Up-to-date: /home/ros2/ros2_rc/src/install/nav_2d_msgs/share/nav_2d_msgs/cmake/ament_cmake_export_targets-extras.cmake
[3.231s] -- Up-to-date: /home/ros2/ros2_rc/src/install/nav_2d_msgs/share/nav_2d_msgs/cmake/rosidl_cmake_export_typesupport_targets-extras.cmake
[3.231s] -- Up-to-date: /home/ros2/ros2_rc/src/install/nav_2d_msgs/share/nav_2d_msgs/cmake/rosidl_cmake_export_typesupport_libraries-extras.cmake
[3.232s] -- Up-to-date: /home/ros2/ros2_rc/src/install/nav_2d_msgs/share/nav_2d_msgs/cmake/nav_2d_msgsConfig.cmake
[3.232s] -- Up-to-date: /home/ros2/ros2_rc/src/install/nav_2d_msgs/share/nav_2d_msgs/cmake/nav_2d_msgsConfig-version.cmake
[3.232s] -- Up-to-date: /home/ros2/ros2_rc/src/install/nav_2d_msgs/share/nav_2d_msgs/package.xml
[3.235s] Invoked command in '/home/ros2/ros2_rc/src/build/nav_2d_msgs' returned '0': CMAKE_PREFIX_PATH=${CMAKE_PREFIX_PATH}:/home/ros2/ros2_rc/src/install/nav2_simple_commander:/home/ros2/ros2_rc/install/nav2_simple_commander:/opt/ros/humble /usr/bin/cmake --install /home/ros2/ros2_rc/src/build/nav_2d_msgs
